<?xml version="1.0" encoding="UTF-8" ?>
<testsuite tests="42" failures="0" name="org.bukkit.configuration.MemorySectionTest" time="0.002" errors="0" skipped="0">
  <properties>
    <property name="java.runtime.name" value="Java(TM) SE Runtime Environment"/>
    <property name="sun.boot.library.path" value="/usr/lib/jvm/jdk-8-oracle-arm32-vfp-hflt/jre/lib/arm"/>
    <property name="java.vm.version" value="25.65-b01"/>
    <property name="java.vm.vendor" value="Oracle Corporation"/>
    <property name="maven.multiModuleProjectDirectory" value="/home/pi/minecraft/Bukkit"/>
    <property name="java.vendor.url" value="http://java.oracle.com/"/>
    <property name="path.separator" value=":"/>
    <property name="guice.disable.misplaced.annotation.check" value="true"/>
    <property name="java.vm.name" value="Java HotSpot(TM) Client VM"/>
    <property name="file.encoding.pkg" value="sun.io"/>
    <property name="user.country" value="GB"/>
    <property name="sun.java.launcher" value="SUN_STANDARD"/>
    <property name="sun.os.patch.level" value="unknown"/>
    <property name="java.vm.specification.name" value="Java Virtual Machine Specification"/>
    <property name="user.dir" value="/home/pi/minecraft/Bukkit"/>
    <property name="java.runtime.version" value="1.8.0_65-b17"/>
    <property name="java.awt.graphicsenv" value="sun.awt.X11GraphicsEnvironment"/>
    <property name="java.endorsed.dirs" value="/usr/lib/jvm/jdk-8-oracle-arm32-vfp-hflt/jre/lib/endorsed"/>
    <property name="os.arch" value="arm"/>
    <property name="java.io.tmpdir" value="/tmp"/>
    <property name="line.separator" value="
"/>
    <property name="java.vm.specification.vendor" value="Oracle Corporation"/>
    <property name="os.name" value="Linux"/>
    <property name="classworlds.conf" value="/home/pi/minecraft/apache-maven-3.5.0/bin/m2.conf"/>
    <property name="sun.jnu.encoding" value="ISO-8859-1"/>
    <property name="java.library.path" value="/usr/java/packages/lib/arm:/lib:/usr/lib"/>
    <property name="maven.conf" value="/home/pi/minecraft/apache-maven-3.5.0/conf"/>
    <property name="java.specification.name" value="Java Platform API Specification"/>
    <property name="java.class.version" value="52.0"/>
    <property name="sun.management.compiler" value="HotSpot Client Compiler"/>
    <property name="os.version" value="4.14.79-v7+"/>
    <property name="library.jansi.path" value="/home/pi/minecraft/apache-maven-3.5.0/lib/jansi-native/linux32"/>
    <property name="user.home" value="/home/pi"/>
    <property name="sun.arch.abi" value="gnueabihf"/>
    <property name="user.timezone" value="Europe/Riga"/>
    <property name="java.awt.printerjob" value="sun.print.PSPrinterJob"/>
    <property name="java.specification.version" value="1.8"/>
    <property name="file.encoding" value="ISO-8859-1"/>
    <property name="user.name" value="pi"/>
    <property name="java.class.path" value="/home/pi/minecraft/apache-maven-3.5.0/boot/plexus-classworlds-2.5.2.jar"/>
    <property name="jdk.net.URLClassPath.disableClassPathURLCheck" value="true"/>
    <property name="java.vm.specification.version" value="1.8"/>
    <property name="sun.arch.data.model" value="32"/>
    <property name="java.home" value="/usr/lib/jvm/jdk-8-oracle-arm32-vfp-hflt/jre"/>
    <property name="sun.java.command" value="org.codehaus.plexus.classworlds.launcher.Launcher clean install"/>
    <property name="java.specification.vendor" value="Oracle Corporation"/>
    <property name="user.language" value="en"/>
    <property name="awt.toolkit" value="sun.awt.X11.XToolkit"/>
    <property name="java.vm.info" value="mixed mode"/>
    <property name="java.version" value="1.8.0_65"/>
    <property name="java.ext.dirs" value="/usr/lib/jvm/jdk-8-oracle-arm32-vfp-hflt/jre/lib/ext:/usr/java/packages/lib/ext"/>
    <property name="securerandom.source" value="file:/dev/./urandom"/>
    <property name="sun.boot.class.path" value="/usr/lib/jvm/jdk-8-oracle-arm32-vfp-hflt/jre/lib/resources.jar:/usr/lib/jvm/jdk-8-oracle-arm32-vfp-hflt/jre/lib/rt.jar:/usr/lib/jvm/jdk-8-oracle-arm32-vfp-hflt/jre/lib/sunrsasign.jar:/usr/lib/jvm/jdk-8-oracle-arm32-vfp-hflt/jre/lib/jsse.jar:/usr/lib/jvm/jdk-8-oracle-arm32-vfp-hflt/jre/lib/jce.jar:/usr/lib/jvm/jdk-8-oracle-arm32-vfp-hflt/jre/lib/charsets.jar:/usr/lib/jvm/jdk-8-oracle-arm32-vfp-hflt/jre/lib/jfr.jar:/usr/lib/jvm/jdk-8-oracle-arm32-vfp-hflt/jre/classes"/>
    <property name="java.vendor" value="Oracle Corporation"/>
    <property name="maven.home" value="/home/pi/minecraft/apache-maven-3.5.0"/>
    <property name="file.separator" value="/"/>
    <property name="java.vendor.url.bug" value="http://bugreport.sun.com/bugreport/"/>
    <property name="sun.cpu.endian" value="little"/>
    <property name="sun.io.unicode.encoding" value="UnicodeLittle"/>
    <property name="sun.cpu.isalist" value=""/>
  </properties>
  <testcase classname="org.bukkit.configuration.MemorySectionTest" name="testGetVector_String" time="0"/>
  <testcase classname="org.bukkit.configuration.MemorySectionTest" name="testGetValuesWithDefaults" time="0"/>
  <testcase classname="org.bukkit.configuration.MemorySectionTest" name="testGetInt_String" time="0"/>
  <testcase classname="org.bukkit.configuration.MemorySectionTest" name="testIsItemStack" time="0"/>
  <testcase classname="org.bukkit.configuration.MemorySectionTest" name="testGetItemStack_String" time="0.001"/>
  <testcase classname="org.bukkit.configuration.MemorySectionTest" name="testGetKeysWithDefaults" time="0"/>
  <testcase classname="org.bukkit.configuration.MemorySectionTest" name="testSet" time="0"/>
  <testcase classname="org.bukkit.configuration.MemorySectionTest" name="testIsConfigurationSection" time="0"/>
  <testcase classname="org.bukkit.configuration.MemorySectionTest" name="testGetCurrentPath" time="0"/>
  <testcase classname="org.bukkit.configuration.MemorySectionTest" name="testGetList_String_List" time="0"/>
  <testcase classname="org.bukkit.configuration.MemorySectionTest" name="testIsInt" time="0"/>
  <testcase classname="org.bukkit.configuration.MemorySectionTest" name="testIsSet" time="0"/>
  <testcase classname="org.bukkit.configuration.MemorySectionTest" name="testGetBoolean_String" time="0"/>
  <testcase classname="org.bukkit.configuration.MemorySectionTest" name="testGetVector_String_Vector" time="0"/>
  <testcase classname="org.bukkit.configuration.MemorySectionTest" name="testGetKeys" time="0"/>
  <testcase classname="org.bukkit.configuration.MemorySectionTest" name="testGetName" time="0"/>
  <testcase classname="org.bukkit.configuration.MemorySectionTest" name="testGetRoot" time="0"/>
  <testcase classname="org.bukkit.configuration.MemorySectionTest" name="testGet_String" time="0"/>
  <testcase classname="org.bukkit.configuration.MemorySectionTest" name="testSectionMap" time="0"/>
  <testcase classname="org.bukkit.configuration.MemorySectionTest" name="testGetLong_String" time="0"/>
  <testcase classname="org.bukkit.configuration.MemorySectionTest" name="testIsDouble" time="0"/>
  <testcase classname="org.bukkit.configuration.MemorySectionTest" name="testContains" time="0.001"/>
  <testcase classname="org.bukkit.configuration.MemorySectionTest" name="testIsBoolean" time="0"/>
  <testcase classname="org.bukkit.configuration.MemorySectionTest" name="testIsString" time="0"/>
  <testcase classname="org.bukkit.configuration.MemorySectionTest" name="testGetBoolean_String_Boolean" time="0"/>
  <testcase classname="org.bukkit.configuration.MemorySectionTest" name="testIsVector" time="0"/>
  <testcase classname="org.bukkit.configuration.MemorySectionTest" name="testGetItemStack_String_ItemStack" time="0"/>
  <testcase classname="org.bukkit.configuration.MemorySectionTest" name="testGetLong_String_Long" time="0"/>
  <testcase classname="org.bukkit.configuration.MemorySectionTest" name="testGetDouble_String" time="0"/>
  <testcase classname="org.bukkit.configuration.MemorySectionTest" name="testGetParent" time="0"/>
  <testcase classname="org.bukkit.configuration.MemorySectionTest" name="testIsList" time="0"/>
  <testcase classname="org.bukkit.configuration.MemorySectionTest" name="testIsLong" time="0"/>
  <testcase classname="org.bukkit.configuration.MemorySectionTest" name="testGetString_String" time="0"/>
  <testcase classname="org.bukkit.configuration.MemorySectionTest" name="testGetDoubleFromInt" time="0"/>
  <testcase classname="org.bukkit.configuration.MemorySectionTest" name="testGetValues" time="0"/>
  <testcase classname="org.bukkit.configuration.MemorySectionTest" name="testGetInt_String_Int" time="0"/>
  <testcase classname="org.bukkit.configuration.MemorySectionTest" name="testGetDouble_String_Double" time="0"/>
  <testcase classname="org.bukkit.configuration.MemorySectionTest" name="testCreateSection" time="0"/>
  <testcase classname="org.bukkit.configuration.MemorySectionTest" name="testGet_String_Object" time="0"/>
  <testcase classname="org.bukkit.configuration.MemorySectionTest" name="testGetList_String" time="0"/>
  <testcase classname="org.bukkit.configuration.MemorySectionTest" name="testGetString_String_String" time="0"/>
  <testcase classname="org.bukkit.configuration.MemorySectionTest" name="testGetConfigurationSection" time="0"/>
</testsuite>