<?xml version="1.0" encoding="UTF-8" ?>
<testsuite tests="52" failures="0" name="org.bukkit.ColorTest" time="0.042" errors="0" skipped="0">
  <properties>
    <property name="java.runtime.name" value="Java(TM) SE Runtime Environment"/>
    <property name="sun.boot.library.path" value="/usr/lib/jvm/jdk-8-oracle-arm32-vfp-hflt/jre/lib/arm"/>
    <property name="java.vm.version" value="25.65-b01"/>
    <property name="java.vm.vendor" value="Oracle Corporation"/>
    <property name="maven.multiModuleProjectDirectory" value="/home/pi/minecraft/Bukkit"/>
    <property name="java.vendor.url" value="http://java.oracle.com/"/>
    <property name="path.separator" value=":"/>
    <property name="guice.disable.misplaced.annotation.check" value="true"/>
    <property name="java.vm.name" value="Java HotSpot(TM) Client VM"/>
    <property name="file.encoding.pkg" value="sun.io"/>
    <property name="user.country" value="GB"/>
    <property name="sun.java.launcher" value="SUN_STANDARD"/>
    <property name="sun.os.patch.level" value="unknown"/>
    <property name="java.vm.specification.name" value="Java Virtual Machine Specification"/>
    <property name="user.dir" value="/home/pi/minecraft/Bukkit"/>
    <property name="java.runtime.version" value="1.8.0_65-b17"/>
    <property name="java.awt.graphicsenv" value="sun.awt.X11GraphicsEnvironment"/>
    <property name="java.endorsed.dirs" value="/usr/lib/jvm/jdk-8-oracle-arm32-vfp-hflt/jre/lib/endorsed"/>
    <property name="os.arch" value="arm"/>
    <property name="java.io.tmpdir" value="/tmp"/>
    <property name="line.separator" value="
"/>
    <property name="java.vm.specification.vendor" value="Oracle Corporation"/>
    <property name="os.name" value="Linux"/>
    <property name="classworlds.conf" value="/home/pi/minecraft/apache-maven-3.5.0/bin/m2.conf"/>
    <property name="sun.jnu.encoding" value="ISO-8859-1"/>
    <property name="java.library.path" value="/usr/java/packages/lib/arm:/lib:/usr/lib"/>
    <property name="maven.conf" value="/home/pi/minecraft/apache-maven-3.5.0/conf"/>
    <property name="java.specification.name" value="Java Platform API Specification"/>
    <property name="java.class.version" value="52.0"/>
    <property name="sun.management.compiler" value="HotSpot Client Compiler"/>
    <property name="os.version" value="4.14.79-v7+"/>
    <property name="library.jansi.path" value="/home/pi/minecraft/apache-maven-3.5.0/lib/jansi-native/linux32"/>
    <property name="user.home" value="/home/pi"/>
    <property name="sun.arch.abi" value="gnueabihf"/>
    <property name="user.timezone" value="Europe/Riga"/>
    <property name="java.awt.printerjob" value="sun.print.PSPrinterJob"/>
    <property name="java.specification.version" value="1.8"/>
    <property name="file.encoding" value="ISO-8859-1"/>
    <property name="user.name" value="pi"/>
    <property name="java.class.path" value="/home/pi/minecraft/apache-maven-3.5.0/boot/plexus-classworlds-2.5.2.jar"/>
    <property name="jdk.net.URLClassPath.disableClassPathURLCheck" value="true"/>
    <property name="java.vm.specification.version" value="1.8"/>
    <property name="sun.arch.data.model" value="32"/>
    <property name="java.home" value="/usr/lib/jvm/jdk-8-oracle-arm32-vfp-hflt/jre"/>
    <property name="sun.java.command" value="org.codehaus.plexus.classworlds.launcher.Launcher clean install"/>
    <property name="java.specification.vendor" value="Oracle Corporation"/>
    <property name="user.language" value="en"/>
    <property name="awt.toolkit" value="sun.awt.X11.XToolkit"/>
    <property name="java.vm.info" value="mixed mode"/>
    <property name="java.version" value="1.8.0_65"/>
    <property name="java.ext.dirs" value="/usr/lib/jvm/jdk-8-oracle-arm32-vfp-hflt/jre/lib/ext:/usr/java/packages/lib/ext"/>
    <property name="securerandom.source" value="file:/dev/./urandom"/>
    <property name="sun.boot.class.path" value="/usr/lib/jvm/jdk-8-oracle-arm32-vfp-hflt/jre/lib/resources.jar:/usr/lib/jvm/jdk-8-oracle-arm32-vfp-hflt/jre/lib/rt.jar:/usr/lib/jvm/jdk-8-oracle-arm32-vfp-hflt/jre/lib/sunrsasign.jar:/usr/lib/jvm/jdk-8-oracle-arm32-vfp-hflt/jre/lib/jsse.jar:/usr/lib/jvm/jdk-8-oracle-arm32-vfp-hflt/jre/lib/jce.jar:/usr/lib/jvm/jdk-8-oracle-arm32-vfp-hflt/jre/lib/charsets.jar:/usr/lib/jvm/jdk-8-oracle-arm32-vfp-hflt/jre/lib/jfr.jar:/usr/lib/jvm/jdk-8-oracle-arm32-vfp-hflt/jre/classes"/>
    <property name="java.vendor" value="Oracle Corporation"/>
    <property name="maven.home" value="/home/pi/minecraft/apache-maven-3.5.0"/>
    <property name="file.separator" value="/"/>
    <property name="java.vendor.url.bug" value="http://bugreport.sun.com/bugreport/"/>
    <property name="sun.cpu.endian" value="little"/>
    <property name="sun.io.unicode.encoding" value="UnicodeLittle"/>
    <property name="sun.cpu.isalist" value=""/>
  </properties>
  <testcase classname="org.bukkit.ColorTest" name="testInvalidBGR1" time="0.001"/>
  <testcase classname="org.bukkit.ColorTest" name="testInvalidBGR2" time="0.001"/>
  <testcase classname="org.bukkit.ColorTest" name="testInvalidBGR3" time="0"/>
  <testcase classname="org.bukkit.ColorTest" name="testInvalidBGR4" time="0"/>
  <testcase classname="org.bukkit.ColorTest" name="testInvalidRGB1" time="0"/>
  <testcase classname="org.bukkit.ColorTest" name="testInvalidRGB2" time="0"/>
  <testcase classname="org.bukkit.ColorTest" name="testInvalidRGB3" time="0"/>
  <testcase classname="org.bukkit.ColorTest" name="testInvalidRGB4" time="0"/>
  <testcase classname="org.bukkit.ColorTest" name="testSerialization" time="0.021"/>
  <testcase classname="org.bukkit.ColorTest" name="testBGR" time="0"/>
  <testcase classname="org.bukkit.ColorTest" name="testRGB" time="0"/>
  <testcase classname="org.bukkit.ColorTest" name="testRed" time="0.001"/>
  <testcase classname="org.bukkit.ColorTest" name="testGreen" time="0.001"/>
  <testcase classname="org.bukkit.ColorTest" name="testBlue" time="0.001"/>
  <testcase classname="org.bukkit.ColorTest" name="testEqualities" time="0"/>
  <testcase classname="org.bukkit.ColorTest" name="testInvalidB01" time="0"/>
  <testcase classname="org.bukkit.ColorTest" name="testInvalidB02" time="0.001"/>
  <testcase classname="org.bukkit.ColorTest" name="testInvalidB03" time="0.001"/>
  <testcase classname="org.bukkit.ColorTest" name="testInvalidB04" time="0"/>
  <testcase classname="org.bukkit.ColorTest" name="testInvalidB05" time="0.001"/>
  <testcase classname="org.bukkit.ColorTest" name="testInvalidB06" time="0"/>
  <testcase classname="org.bukkit.ColorTest" name="testInvalidB07" time="0"/>
  <testcase classname="org.bukkit.ColorTest" name="testInvalidB08" time="0.001"/>
  <testcase classname="org.bukkit.ColorTest" name="testInvalidB09" time="0"/>
  <testcase classname="org.bukkit.ColorTest" name="testInvalidB10" time="0"/>
  <testcase classname="org.bukkit.ColorTest" name="testInvalidB11" time="0.001"/>
  <testcase classname="org.bukkit.ColorTest" name="testInvalidB12" time="0"/>
  <testcase classname="org.bukkit.ColorTest" name="testInvalidG01" time="0"/>
  <testcase classname="org.bukkit.ColorTest" name="testInvalidG02" time="0"/>
  <testcase classname="org.bukkit.ColorTest" name="testInvalidG03" time="0"/>
  <testcase classname="org.bukkit.ColorTest" name="testInvalidG04" time="0.001"/>
  <testcase classname="org.bukkit.ColorTest" name="testInvalidG05" time="0.001"/>
  <testcase classname="org.bukkit.ColorTest" name="testInvalidG06" time="0"/>
  <testcase classname="org.bukkit.ColorTest" name="testInvalidG07" time="0"/>
  <testcase classname="org.bukkit.ColorTest" name="testInvalidG08" time="0.001"/>
  <testcase classname="org.bukkit.ColorTest" name="testInvalidG09" time="0"/>
  <testcase classname="org.bukkit.ColorTest" name="testInvalidG10" time="0.001"/>
  <testcase classname="org.bukkit.ColorTest" name="testInvalidG11" time="0"/>
  <testcase classname="org.bukkit.ColorTest" name="testInvalidG12" time="0"/>
  <testcase classname="org.bukkit.ColorTest" name="testInvalidR01" time="0.001"/>
  <testcase classname="org.bukkit.ColorTest" name="testInvalidR02" time="0"/>
  <testcase classname="org.bukkit.ColorTest" name="testInvalidR03" time="0"/>
  <testcase classname="org.bukkit.ColorTest" name="testInvalidR04" time="0.001"/>
  <testcase classname="org.bukkit.ColorTest" name="testInvalidR05" time="0"/>
  <testcase classname="org.bukkit.ColorTest" name="testInvalidR06" time="0"/>
  <testcase classname="org.bukkit.ColorTest" name="testInvalidR07" time="0.001"/>
  <testcase classname="org.bukkit.ColorTest" name="testInvalidR08" time="0.001"/>
  <testcase classname="org.bukkit.ColorTest" name="testInvalidR09" time="0"/>
  <testcase classname="org.bukkit.ColorTest" name="testInvalidR10" time="0.001"/>
  <testcase classname="org.bukkit.ColorTest" name="testInvalidR11" time="0"/>
  <testcase classname="org.bukkit.ColorTest" name="testInvalidR12" time="0"/>
  <testcase classname="org.bukkit.ColorTest" name="testInequalities" time="0.002"/>
</testsuite>