<?xml version="1.0" encoding="UTF-8" ?>
<testsuite tests="80" failures="0" name="org.bukkit.DyeColorTest" time="0.011" errors="0" skipped="0">
  <properties>
    <property name="java.runtime.name" value="Java(TM) SE Runtime Environment"/>
    <property name="sun.boot.library.path" value="/usr/lib/jvm/jdk-8-oracle-arm32-vfp-hflt/jre/lib/arm"/>
    <property name="java.vm.version" value="25.65-b01"/>
    <property name="java.vm.vendor" value="Oracle Corporation"/>
    <property name="maven.multiModuleProjectDirectory" value="/home/pi/minecraft/Bukkit"/>
    <property name="java.vendor.url" value="http://java.oracle.com/"/>
    <property name="path.separator" value=":"/>
    <property name="guice.disable.misplaced.annotation.check" value="true"/>
    <property name="java.vm.name" value="Java HotSpot(TM) Client VM"/>
    <property name="file.encoding.pkg" value="sun.io"/>
    <property name="user.country" value="GB"/>
    <property name="sun.java.launcher" value="SUN_STANDARD"/>
    <property name="sun.os.patch.level" value="unknown"/>
    <property name="java.vm.specification.name" value="Java Virtual Machine Specification"/>
    <property name="user.dir" value="/home/pi/minecraft/Bukkit"/>
    <property name="java.runtime.version" value="1.8.0_65-b17"/>
    <property name="java.awt.graphicsenv" value="sun.awt.X11GraphicsEnvironment"/>
    <property name="java.endorsed.dirs" value="/usr/lib/jvm/jdk-8-oracle-arm32-vfp-hflt/jre/lib/endorsed"/>
    <property name="os.arch" value="arm"/>
    <property name="java.io.tmpdir" value="/tmp"/>
    <property name="line.separator" value="
"/>
    <property name="java.vm.specification.vendor" value="Oracle Corporation"/>
    <property name="os.name" value="Linux"/>
    <property name="classworlds.conf" value="/home/pi/minecraft/apache-maven-3.5.0/bin/m2.conf"/>
    <property name="sun.jnu.encoding" value="ISO-8859-1"/>
    <property name="java.library.path" value="/usr/java/packages/lib/arm:/lib:/usr/lib"/>
    <property name="maven.conf" value="/home/pi/minecraft/apache-maven-3.5.0/conf"/>
    <property name="java.specification.name" value="Java Platform API Specification"/>
    <property name="java.class.version" value="52.0"/>
    <property name="sun.management.compiler" value="HotSpot Client Compiler"/>
    <property name="os.version" value="4.14.79-v7+"/>
    <property name="library.jansi.path" value="/home/pi/minecraft/apache-maven-3.5.0/lib/jansi-native/linux32"/>
    <property name="user.home" value="/home/pi"/>
    <property name="sun.arch.abi" value="gnueabihf"/>
    <property name="user.timezone" value="Europe/Riga"/>
    <property name="java.awt.printerjob" value="sun.print.PSPrinterJob"/>
    <property name="java.specification.version" value="1.8"/>
    <property name="file.encoding" value="ISO-8859-1"/>
    <property name="user.name" value="pi"/>
    <property name="java.class.path" value="/home/pi/minecraft/apache-maven-3.5.0/boot/plexus-classworlds-2.5.2.jar"/>
    <property name="jdk.net.URLClassPath.disableClassPathURLCheck" value="true"/>
    <property name="java.vm.specification.version" value="1.8"/>
    <property name="sun.arch.data.model" value="32"/>
    <property name="java.home" value="/usr/lib/jvm/jdk-8-oracle-arm32-vfp-hflt/jre"/>
    <property name="sun.java.command" value="org.codehaus.plexus.classworlds.launcher.Launcher clean install"/>
    <property name="java.specification.vendor" value="Oracle Corporation"/>
    <property name="user.language" value="en"/>
    <property name="awt.toolkit" value="sun.awt.X11.XToolkit"/>
    <property name="java.vm.info" value="mixed mode"/>
    <property name="java.version" value="1.8.0_65"/>
    <property name="java.ext.dirs" value="/usr/lib/jvm/jdk-8-oracle-arm32-vfp-hflt/jre/lib/ext:/usr/java/packages/lib/ext"/>
    <property name="securerandom.source" value="file:/dev/./urandom"/>
    <property name="sun.boot.class.path" value="/usr/lib/jvm/jdk-8-oracle-arm32-vfp-hflt/jre/lib/resources.jar:/usr/lib/jvm/jdk-8-oracle-arm32-vfp-hflt/jre/lib/rt.jar:/usr/lib/jvm/jdk-8-oracle-arm32-vfp-hflt/jre/lib/sunrsasign.jar:/usr/lib/jvm/jdk-8-oracle-arm32-vfp-hflt/jre/lib/jsse.jar:/usr/lib/jvm/jdk-8-oracle-arm32-vfp-hflt/jre/lib/jce.jar:/usr/lib/jvm/jdk-8-oracle-arm32-vfp-hflt/jre/lib/charsets.jar:/usr/lib/jvm/jdk-8-oracle-arm32-vfp-hflt/jre/lib/jfr.jar:/usr/lib/jvm/jdk-8-oracle-arm32-vfp-hflt/jre/classes"/>
    <property name="java.vendor" value="Oracle Corporation"/>
    <property name="maven.home" value="/home/pi/minecraft/apache-maven-3.5.0"/>
    <property name="file.separator" value="/"/>
    <property name="java.vendor.url.bug" value="http://bugreport.sun.com/bugreport/"/>
    <property name="sun.cpu.endian" value="little"/>
    <property name="sun.io.unicode.encoding" value="UnicodeLittle"/>
    <property name="sun.cpu.isalist" value=""/>
  </properties>
  <testcase classname="org.bukkit.DyeColorTest" name="getByWoolData[0: WHITE]" time="0"/>
  <testcase classname="org.bukkit.DyeColorTest" name="getByDyeData[0: WHITE]" time="0"/>
  <testcase classname="org.bukkit.DyeColorTest" name="getByData[0: WHITE]" time="0"/>
  <testcase classname="org.bukkit.DyeColorTest" name="getDyeDyeColor[0: WHITE]" time="0"/>
  <testcase classname="org.bukkit.DyeColorTest" name="getWoolDyeColor[0: WHITE]" time="0"/>
  <testcase classname="org.bukkit.DyeColorTest" name="getByWoolData[1: ORANGE]" time="0"/>
  <testcase classname="org.bukkit.DyeColorTest" name="getByDyeData[1: ORANGE]" time="0"/>
  <testcase classname="org.bukkit.DyeColorTest" name="getByData[1: ORANGE]" time="0"/>
  <testcase classname="org.bukkit.DyeColorTest" name="getDyeDyeColor[1: ORANGE]" time="0"/>
  <testcase classname="org.bukkit.DyeColorTest" name="getWoolDyeColor[1: ORANGE]" time="0"/>
  <testcase classname="org.bukkit.DyeColorTest" name="getByWoolData[2: MAGENTA]" time="0"/>
  <testcase classname="org.bukkit.DyeColorTest" name="getByDyeData[2: MAGENTA]" time="0"/>
  <testcase classname="org.bukkit.DyeColorTest" name="getByData[2: MAGENTA]" time="0"/>
  <testcase classname="org.bukkit.DyeColorTest" name="getDyeDyeColor[2: MAGENTA]" time="0"/>
  <testcase classname="org.bukkit.DyeColorTest" name="getWoolDyeColor[2: MAGENTA]" time="0"/>
  <testcase classname="org.bukkit.DyeColorTest" name="getByWoolData[3: LIGHT_BLUE]" time="0"/>
  <testcase classname="org.bukkit.DyeColorTest" name="getByDyeData[3: LIGHT_BLUE]" time="0"/>
  <testcase classname="org.bukkit.DyeColorTest" name="getByData[3: LIGHT_BLUE]" time="0"/>
  <testcase classname="org.bukkit.DyeColorTest" name="getDyeDyeColor[3: LIGHT_BLUE]" time="0"/>
  <testcase classname="org.bukkit.DyeColorTest" name="getWoolDyeColor[3: LIGHT_BLUE]" time="0"/>
  <testcase classname="org.bukkit.DyeColorTest" name="getByWoolData[4: YELLOW]" time="0"/>
  <testcase classname="org.bukkit.DyeColorTest" name="getByDyeData[4: YELLOW]" time="0"/>
  <testcase classname="org.bukkit.DyeColorTest" name="getByData[4: YELLOW]" time="0"/>
  <testcase classname="org.bukkit.DyeColorTest" name="getDyeDyeColor[4: YELLOW]" time="0.001"/>
  <testcase classname="org.bukkit.DyeColorTest" name="getWoolDyeColor[4: YELLOW]" time="0"/>
  <testcase classname="org.bukkit.DyeColorTest" name="getByWoolData[5: LIME]" time="0"/>
  <testcase classname="org.bukkit.DyeColorTest" name="getByDyeData[5: LIME]" time="0"/>
  <testcase classname="org.bukkit.DyeColorTest" name="getByData[5: LIME]" time="0"/>
  <testcase classname="org.bukkit.DyeColorTest" name="getDyeDyeColor[5: LIME]" time="0.001"/>
  <testcase classname="org.bukkit.DyeColorTest" name="getWoolDyeColor[5: LIME]" time="0"/>
  <testcase classname="org.bukkit.DyeColorTest" name="getByWoolData[6: PINK]" time="0"/>
  <testcase classname="org.bukkit.DyeColorTest" name="getByDyeData[6: PINK]" time="0"/>
  <testcase classname="org.bukkit.DyeColorTest" name="getByData[6: PINK]" time="0"/>
  <testcase classname="org.bukkit.DyeColorTest" name="getDyeDyeColor[6: PINK]" time="0"/>
  <testcase classname="org.bukkit.DyeColorTest" name="getWoolDyeColor[6: PINK]" time="0"/>
  <testcase classname="org.bukkit.DyeColorTest" name="getByWoolData[7: GRAY]" time="0"/>
  <testcase classname="org.bukkit.DyeColorTest" name="getByDyeData[7: GRAY]" time="0"/>
  <testcase classname="org.bukkit.DyeColorTest" name="getByData[7: GRAY]" time="0"/>
  <testcase classname="org.bukkit.DyeColorTest" name="getDyeDyeColor[7: GRAY]" time="0"/>
  <testcase classname="org.bukkit.DyeColorTest" name="getWoolDyeColor[7: GRAY]" time="0.001"/>
  <testcase classname="org.bukkit.DyeColorTest" name="getByWoolData[8: LIGHT_GRAY]" time="0"/>
  <testcase classname="org.bukkit.DyeColorTest" name="getByDyeData[8: LIGHT_GRAY]" time="0"/>
  <testcase classname="org.bukkit.DyeColorTest" name="getByData[8: LIGHT_GRAY]" time="0"/>
  <testcase classname="org.bukkit.DyeColorTest" name="getDyeDyeColor[8: LIGHT_GRAY]" time="0"/>
  <testcase classname="org.bukkit.DyeColorTest" name="getWoolDyeColor[8: LIGHT_GRAY]" time="0"/>
  <testcase classname="org.bukkit.DyeColorTest" name="getByWoolData[9: CYAN]" time="0"/>
  <testcase classname="org.bukkit.DyeColorTest" name="getByDyeData[9: CYAN]" time="0"/>
  <testcase classname="org.bukkit.DyeColorTest" name="getByData[9: CYAN]" time="0"/>
  <testcase classname="org.bukkit.DyeColorTest" name="getDyeDyeColor[9: CYAN]" time="0"/>
  <testcase classname="org.bukkit.DyeColorTest" name="getWoolDyeColor[9: CYAN]" time="0.001"/>
  <testcase classname="org.bukkit.DyeColorTest" name="getByWoolData[10: PURPLE]" time="0"/>
  <testcase classname="org.bukkit.DyeColorTest" name="getByDyeData[10: PURPLE]" time="0"/>
  <testcase classname="org.bukkit.DyeColorTest" name="getByData[10: PURPLE]" time="0"/>
  <testcase classname="org.bukkit.DyeColorTest" name="getDyeDyeColor[10: PURPLE]" time="0"/>
  <testcase classname="org.bukkit.DyeColorTest" name="getWoolDyeColor[10: PURPLE]" time="0"/>
  <testcase classname="org.bukkit.DyeColorTest" name="getByWoolData[11: BLUE]" time="0"/>
  <testcase classname="org.bukkit.DyeColorTest" name="getByDyeData[11: BLUE]" time="0"/>
  <testcase classname="org.bukkit.DyeColorTest" name="getByData[11: BLUE]" time="0"/>
  <testcase classname="org.bukkit.DyeColorTest" name="getDyeDyeColor[11: BLUE]" time="0.001"/>
  <testcase classname="org.bukkit.DyeColorTest" name="getWoolDyeColor[11: BLUE]" time="0"/>
  <testcase classname="org.bukkit.DyeColorTest" name="getByWoolData[12: BROWN]" time="0"/>
  <testcase classname="org.bukkit.DyeColorTest" name="getByDyeData[12: BROWN]" time="0"/>
  <testcase classname="org.bukkit.DyeColorTest" name="getByData[12: BROWN]" time="0"/>
  <testcase classname="org.bukkit.DyeColorTest" name="getDyeDyeColor[12: BROWN]" time="0"/>
  <testcase classname="org.bukkit.DyeColorTest" name="getWoolDyeColor[12: BROWN]" time="0"/>
  <testcase classname="org.bukkit.DyeColorTest" name="getByWoolData[13: GREEN]" time="0"/>
  <testcase classname="org.bukkit.DyeColorTest" name="getByDyeData[13: GREEN]" time="0"/>
  <testcase classname="org.bukkit.DyeColorTest" name="getByData[13: GREEN]" time="0"/>
  <testcase classname="org.bukkit.DyeColorTest" name="getDyeDyeColor[13: GREEN]" time="0.001"/>
  <testcase classname="org.bukkit.DyeColorTest" name="getWoolDyeColor[13: GREEN]" time="0"/>
  <testcase classname="org.bukkit.DyeColorTest" name="getByWoolData[14: RED]" time="0"/>
  <testcase classname="org.bukkit.DyeColorTest" name="getByDyeData[14: RED]" time="0"/>
  <testcase classname="org.bukkit.DyeColorTest" name="getByData[14: RED]" time="0"/>
  <testcase classname="org.bukkit.DyeColorTest" name="getDyeDyeColor[14: RED]" time="0"/>
  <testcase classname="org.bukkit.DyeColorTest" name="getWoolDyeColor[14: RED]" time="0"/>
  <testcase classname="org.bukkit.DyeColorTest" name="getByWoolData[15: BLACK]" time="0.001"/>
  <testcase classname="org.bukkit.DyeColorTest" name="getByDyeData[15: BLACK]" time="0.001"/>
  <testcase classname="org.bukkit.DyeColorTest" name="getByData[15: BLACK]" time="0.001"/>
  <testcase classname="org.bukkit.DyeColorTest" name="getDyeDyeColor[15: BLACK]" time="0.001"/>
  <testcase classname="org.bukkit.DyeColorTest" name="getWoolDyeColor[15: BLACK]" time="0.001"/>
</testsuite>