<?xml version="1.0" encoding="UTF-8" ?>
<testsuite tests="3160" failures="0" name="org.bukkit.craftbukkit.inventory.FactoryItemMaterialTest" time="27.767" errors="0" skipped="0">
  <properties>
    <property name="java.runtime.name" value="Java(TM) SE Runtime Environment"/>
    <property name="sun.boot.library.path" value="/usr/lib/jvm/jdk-8-oracle-arm32-vfp-hflt/jre/lib/arm"/>
    <property name="java.vm.version" value="25.65-b01"/>
    <property name="java.vm.vendor" value="Oracle Corporation"/>
    <property name="maven.multiModuleProjectDirectory" value="/home/pi/minecraft/Spigot"/>
    <property name="java.vendor.url" value="http://java.oracle.com/"/>
    <property name="path.separator" value=":"/>
    <property name="guice.disable.misplaced.annotation.check" value="true"/>
    <property name="java.vm.name" value="Java HotSpot(TM) Client VM"/>
    <property name="file.encoding.pkg" value="sun.io"/>
    <property name="user.country" value="GB"/>
    <property name="sun.java.launcher" value="SUN_STANDARD"/>
    <property name="sun.os.patch.level" value="unknown"/>
    <property name="java.vm.specification.name" value="Java Virtual Machine Specification"/>
    <property name="user.dir" value="/home/pi/minecraft/Spigot"/>
    <property name="java.runtime.version" value="1.8.0_65-b17"/>
    <property name="java.awt.graphicsenv" value="sun.awt.X11GraphicsEnvironment"/>
    <property name="java.endorsed.dirs" value="/usr/lib/jvm/jdk-8-oracle-arm32-vfp-hflt/jre/lib/endorsed"/>
    <property name="os.arch" value="arm"/>
    <property name="java.io.tmpdir" value="/tmp"/>
    <property name="line.separator" value="
"/>
    <property name="java.vm.specification.vendor" value="Oracle Corporation"/>
    <property name="os.name" value="Linux"/>
    <property name="classworlds.conf" value="/home/pi/minecraft/apache-maven-3.5.0/bin/m2.conf"/>
    <property name="sun.jnu.encoding" value="ISO-8859-1"/>
    <property name="java.library.path" value="/usr/java/packages/lib/arm:/lib:/usr/lib"/>
    <property name="maven.conf" value="/home/pi/minecraft/apache-maven-3.5.0/conf"/>
    <property name="java.specification.name" value="Java Platform API Specification"/>
    <property name="java.class.version" value="52.0"/>
    <property name="sun.management.compiler" value="HotSpot Client Compiler"/>
    <property name="os.version" value="4.14.79-v7+"/>
    <property name="library.jansi.path" value="/home/pi/minecraft/apache-maven-3.5.0/lib/jansi-native/linux32"/>
    <property name="user.home" value="/home/pi"/>
    <property name="sun.arch.abi" value="gnueabihf"/>
    <property name="user.timezone" value="Europe/Riga"/>
    <property name="java.awt.printerjob" value="sun.print.PSPrinterJob"/>
    <property name="java.specification.version" value="1.8"/>
    <property name="file.encoding" value="ISO-8859-1"/>
    <property name="user.name" value="pi"/>
    <property name="java.class.path" value="/home/pi/minecraft/apache-maven-3.5.0/boot/plexus-classworlds-2.5.2.jar"/>
    <property name="jdk.net.URLClassPath.disableClassPathURLCheck" value="true"/>
    <property name="java.vm.specification.version" value="1.8"/>
    <property name="sun.arch.data.model" value="32"/>
    <property name="java.home" value="/usr/lib/jvm/jdk-8-oracle-arm32-vfp-hflt/jre"/>
    <property name="sun.java.command" value="org.codehaus.plexus.classworlds.launcher.Launcher clean install"/>
    <property name="java.specification.vendor" value="Oracle Corporation"/>
    <property name="user.language" value="en"/>
    <property name="awt.toolkit" value="sun.awt.X11.XToolkit"/>
    <property name="java.vm.info" value="mixed mode"/>
    <property name="java.version" value="1.8.0_65"/>
    <property name="java.ext.dirs" value="/usr/lib/jvm/jdk-8-oracle-arm32-vfp-hflt/jre/lib/ext:/usr/java/packages/lib/ext"/>
    <property name="securerandom.source" value="file:/dev/./urandom"/>
    <property name="sun.boot.class.path" value="/usr/lib/jvm/jdk-8-oracle-arm32-vfp-hflt/jre/lib/resources.jar:/usr/lib/jvm/jdk-8-oracle-arm32-vfp-hflt/jre/lib/rt.jar:/usr/lib/jvm/jdk-8-oracle-arm32-vfp-hflt/jre/lib/sunrsasign.jar:/usr/lib/jvm/jdk-8-oracle-arm32-vfp-hflt/jre/lib/jsse.jar:/usr/lib/jvm/jdk-8-oracle-arm32-vfp-hflt/jre/lib/jce.jar:/usr/lib/jvm/jdk-8-oracle-arm32-vfp-hflt/jre/lib/charsets.jar:/usr/lib/jvm/jdk-8-oracle-arm32-vfp-hflt/jre/lib/jfr.jar:/usr/lib/jvm/jdk-8-oracle-arm32-vfp-hflt/jre/classes"/>
    <property name="java.vendor" value="Oracle Corporation"/>
    <property name="maven.home" value="/home/pi/minecraft/apache-maven-3.5.0"/>
    <property name="file.separator" value="/"/>
    <property name="java.vendor.url.bug" value="http://bugreport.sun.com/bugreport/"/>
    <property name="sun.cpu.endian" value="little"/>
    <property name="sun.io.unicode.encoding" value="UnicodeLittle"/>
    <property name="sun.cpu.isalist" value=""/>
  </properties>
  <testcase classname="org.bukkit.craftbukkit.inventory.FactoryItemMaterialTest" name="blankEqualities[Material[0]:ACACIA_BOAT]" time="12.077"/>
  <testcase classname="org.bukkit.craftbukkit.inventory.FactoryItemMaterialTest" name="generalCase[Material[0]:ACACIA_BOAT]" time="0"/>
  <testcase classname="org.bukkit.craftbukkit.inventory.FactoryItemMaterialTest" name="asMetaFor[Material[0]:ACACIA_BOAT]" time="2.257"/>
  <testcase classname="org.bukkit.craftbukkit.inventory.FactoryItemMaterialTest" name="itemStack[Material[0]:ACACIA_BOAT]" time="0"/>
  <testcase classname="org.bukkit.craftbukkit.inventory.FactoryItemMaterialTest" name="blankEqualities[Material[1]:ACACIA_BUTTON]" time="0.015"/>
  <testcase classname="org.bukkit.craftbukkit.inventory.FactoryItemMaterialTest" name="generalCase[Material[1]:ACACIA_BUTTON]" time="0"/>
  <testcase classname="org.bukkit.craftbukkit.inventory.FactoryItemMaterialTest" name="asMetaFor[Material[1]:ACACIA_BUTTON]" time="0.026"/>
  <testcase classname="org.bukkit.craftbukkit.inventory.FactoryItemMaterialTest" name="itemStack[Material[1]:ACACIA_BUTTON]" time="0.001"/>
  <testcase classname="org.bukkit.craftbukkit.inventory.FactoryItemMaterialTest" name="blankEqualities[Material[2]:ACACIA_DOOR]" time="0.012"/>
  <testcase classname="org.bukkit.craftbukkit.inventory.FactoryItemMaterialTest" name="generalCase[Material[2]:ACACIA_DOOR]" time="0.001"/>
  <testcase classname="org.bukkit.craftbukkit.inventory.FactoryItemMaterialTest" name="asMetaFor[Material[2]:ACACIA_DOOR]" time="0.033"/>
  <testcase classname="org.bukkit.craftbukkit.inventory.FactoryItemMaterialTest" name="itemStack[Material[2]:ACACIA_DOOR]" time="0.001"/>
  <testcase classname="org.bukkit.craftbukkit.inventory.FactoryItemMaterialTest" name="blankEqualities[Material[3]:ACACIA_FENCE]" time="0.011"/>
  <testcase classname="org.bukkit.craftbukkit.inventory.FactoryItemMaterialTest" name="generalCase[Material[3]:ACACIA_FENCE]" time="0.001"/>
  <testcase classname="org.bukkit.craftbukkit.inventory.FactoryItemMaterialTest" name="asMetaFor[Material[3]:ACACIA_FENCE]" time="0.013"/>
  <testcase classname="org.bukkit.craftbukkit.inventory.FactoryItemMaterialTest" name="itemStack[Material[3]:ACACIA_FENCE]" time="0"/>
  <testcase classname="org.bukkit.craftbukkit.inventory.FactoryItemMaterialTest" name="blankEqualities[Material[4]:ACACIA_FENCE_GATE]" time="0.009"/>
  <testcase classname="org.bukkit.craftbukkit.inventory.FactoryItemMaterialTest" name="generalCase[Material[4]:ACACIA_FENCE_GATE]" time="0.001"/>
  <testcase classname="org.bukkit.craftbukkit.inventory.FactoryItemMaterialTest" name="asMetaFor[Material[4]:ACACIA_FENCE_GATE]" time="0.01"/>
  <testcase classname="org.bukkit.craftbukkit.inventory.FactoryItemMaterialTest" name="itemStack[Material[4]:ACACIA_FENCE_GATE]" time="0"/>
  <testcase classname="org.bukkit.craftbukkit.inventory.FactoryItemMaterialTest" name="blankEqualities[Material[5]:ACACIA_LEAVES]" time="0.008"/>
  <testcase classname="org.bukkit.craftbukkit.inventory.FactoryItemMaterialTest" name="generalCase[Material[5]:ACACIA_LEAVES]" time="0"/>
  <testcase classname="org.bukkit.craftbukkit.inventory.FactoryItemMaterialTest" name="asMetaFor[Material[5]:ACACIA_LEAVES]" time="0.001"/>
  <testcase classname="org.bukkit.craftbukkit.inventory.FactoryItemMaterialTest" name="itemStack[Material[5]:ACACIA_LEAVES]" time="0"/>
  <testcase classname="org.bukkit.craftbukkit.inventory.FactoryItemMaterialTest" name="blankEqualities[Material[6]:ACACIA_LOG]" time="0.008"/>
  <testcase classname="org.bukkit.craftbukkit.inventory.FactoryItemMaterialTest" name="generalCase[Material[6]:ACACIA_LOG]" time="0.001"/>
  <testcase classname="org.bukkit.craftbukkit.inventory.FactoryItemMaterialTest" name="asMetaFor[Material[6]:ACACIA_LOG]" time="0.009"/>
  <testcase classname="org.bukkit.craftbukkit.inventory.FactoryItemMaterialTest" name="itemStack[Material[6]:ACACIA_LOG]" time="0"/>
  <testcase classname="org.bukkit.craftbukkit.inventory.FactoryItemMaterialTest" name="blankEqualities[Material[7]:ACACIA_PLANKS]" time="0.008"/>
  <testcase classname="org.bukkit.craftbukkit.inventory.FactoryItemMaterialTest" name="generalCase[Material[7]:ACACIA_PLANKS]" time="0.001"/>
  <testcase classname="org.bukkit.craftbukkit.inventory.FactoryItemMaterialTest" name="asMetaFor[Material[7]:ACACIA_PLANKS]" time="0.01"/>
  <testcase classname="org.bukkit.craftbukkit.inventory.FactoryItemMaterialTest" name="itemStack[Material[7]:ACACIA_PLANKS]" time="0.001"/>
  <testcase classname="org.bukkit.craftbukkit.inventory.FactoryItemMaterialTest" name="blankEqualities[Material[8]:ACACIA_PRESSURE_PLATE]" time="0.008"/>
  <testcase classname="org.bukkit.craftbukkit.inventory.FactoryItemMaterialTest" name="generalCase[Material[8]:ACACIA_PRESSURE_PLATE]" time="0.001"/>
  <testcase classname="org.bukkit.craftbukkit.inventory.FactoryItemMaterialTest" name="asMetaFor[Material[8]:ACACIA_PRESSURE_PLATE]" time="0.009"/>
  <testcase classname="org.bukkit.craftbukkit.inventory.FactoryItemMaterialTest" name="itemStack[Material[8]:ACACIA_PRESSURE_PLATE]" time="0"/>
  <testcase classname="org.bukkit.craftbukkit.inventory.FactoryItemMaterialTest" name="blankEqualities[Material[9]:ACACIA_SAPLING]" time="0.007"/>
  <testcase classname="org.bukkit.craftbukkit.inventory.FactoryItemMaterialTest" name="generalCase[Material[9]:ACACIA_SAPLING]" time="0"/>
  <testcase classname="org.bukkit.craftbukkit.inventory.FactoryItemMaterialTest" name="asMetaFor[Material[9]:ACACIA_SAPLING]" time="0.01"/>
  <testcase classname="org.bukkit.craftbukkit.inventory.FactoryItemMaterialTest" name="itemStack[Material[9]:ACACIA_SAPLING]" time="0.001"/>
  <testcase classname="org.bukkit.craftbukkit.inventory.FactoryItemMaterialTest" name="blankEqualities[Material[10]:ACACIA_SLAB]" time="0.007"/>
  <testcase classname="org.bukkit.craftbukkit.inventory.FactoryItemMaterialTest" name="generalCase[Material[10]:ACACIA_SLAB]" time="0"/>
  <testcase classname="org.bukkit.craftbukkit.inventory.FactoryItemMaterialTest" name="asMetaFor[Material[10]:ACACIA_SLAB]" time="0.009"/>
  <testcase classname="org.bukkit.craftbukkit.inventory.FactoryItemMaterialTest" name="itemStack[Material[10]:ACACIA_SLAB]" time="0.001"/>
  <testcase classname="org.bukkit.craftbukkit.inventory.FactoryItemMaterialTest" name="blankEqualities[Material[11]:ACACIA_STAIRS]" time="0.008"/>
  <testcase classname="org.bukkit.craftbukkit.inventory.FactoryItemMaterialTest" name="generalCase[Material[11]:ACACIA_STAIRS]" time="0"/>
  <testcase classname="org.bukkit.craftbukkit.inventory.FactoryItemMaterialTest" name="asMetaFor[Material[11]:ACACIA_STAIRS]" time="0.01"/>
  <testcase classname="org.bukkit.craftbukkit.inventory.FactoryItemMaterialTest" name="itemStack[Material[11]:ACACIA_STAIRS]" time="0"/>
  <testcase classname="org.bukkit.craftbukkit.inventory.FactoryItemMaterialTest" name="blankEqualities[Material[12]:ACACIA_TRAPDOOR]" time="0.007"/>
  <testcase classname="org.bukkit.craftbukkit.inventory.FactoryItemMaterialTest" name="generalCase[Material[12]:ACACIA_TRAPDOOR]" time="0.001"/>
  <testcase classname="org.bukkit.craftbukkit.inventory.FactoryItemMaterialTest" name="asMetaFor[Material[12]:ACACIA_TRAPDOOR]" time="0.008"/>
  <testcase classname="org.bukkit.craftbukkit.inventory.FactoryItemMaterialTest" name="itemStack[Material[12]:ACACIA_TRAPDOOR]" time="0"/>
  <testcase classname="org.bukkit.craftbukkit.inventory.FactoryItemMaterialTest" name="blankEqualities[Material[13]:ACACIA_WOOD]" time="0.007"/>
  <testcase classname="org.bukkit.craftbukkit.inventory.FactoryItemMaterialTest" name="generalCase[Material[13]:ACACIA_WOOD]" time="0"/>
  <testcase classname="org.bukkit.craftbukkit.inventory.FactoryItemMaterialTest" name="asMetaFor[Material[13]:ACACIA_WOOD]" time="0.009"/>
  <testcase classname="org.bukkit.craftbukkit.inventory.FactoryItemMaterialTest" name="itemStack[Material[13]:ACACIA_WOOD]" time="0.001"/>
  <testcase classname="org.bukkit.craftbukkit.inventory.FactoryItemMaterialTest" name="blankEqualities[Material[14]:ACTIVATOR_RAIL]" time="0.008"/>
  <testcase classname="org.bukkit.craftbukkit.inventory.FactoryItemMaterialTest" name="generalCase[Material[14]:ACTIVATOR_RAIL]" time="0"/>
  <testcase classname="org.bukkit.craftbukkit.inventory.FactoryItemMaterialTest" name="asMetaFor[Material[14]:ACTIVATOR_RAIL]" time="0.009"/>
  <testcase classname="org.bukkit.craftbukkit.inventory.FactoryItemMaterialTest" name="itemStack[Material[14]:ACTIVATOR_RAIL]" time="0.001"/>
  <testcase classname="org.bukkit.craftbukkit.inventory.FactoryItemMaterialTest" name="blankEqualities[Material[15]:AIR]" time="0.002"/>
  <testcase classname="org.bukkit.craftbukkit.inventory.FactoryItemMaterialTest" name="generalCase[Material[15]:AIR]" time="0.002"/>
  <testcase classname="org.bukkit.craftbukkit.inventory.FactoryItemMaterialTest" name="asMetaFor[Material[15]:AIR]" time="0.003"/>
  <testcase classname="org.bukkit.craftbukkit.inventory.FactoryItemMaterialTest" name="itemStack[Material[15]:AIR]" time="0.001"/>
  <testcase classname="org.bukkit.craftbukkit.inventory.FactoryItemMaterialTest" name="blankEqualities[Material[16]:ALLIUM]" time="0.007"/>
  <testcase classname="org.bukkit.craftbukkit.inventory.FactoryItemMaterialTest" name="generalCase[Material[16]:ALLIUM]" time="0.001"/>
  <testcase classname="org.bukkit.craftbukkit.inventory.FactoryItemMaterialTest" name="asMetaFor[Material[16]:ALLIUM]" time="0.009"/>
  <testcase classname="org.bukkit.craftbukkit.inventory.FactoryItemMaterialTest" name="itemStack[Material[16]:ALLIUM]" time="0"/>
  <testcase classname="org.bukkit.craftbukkit.inventory.FactoryItemMaterialTest" name="blankEqualities[Material[17]:ANDESITE]" time="0.007"/>
  <testcase classname="org.bukkit.craftbukkit.inventory.FactoryItemMaterialTest" name="generalCase[Material[17]:ANDESITE]" time="0.001"/>
  <testcase classname="org.bukkit.craftbukkit.inventory.FactoryItemMaterialTest" name="asMetaFor[Material[17]:ANDESITE]" time="0.009"/>
  <testcase classname="org.bukkit.craftbukkit.inventory.FactoryItemMaterialTest" name="itemStack[Material[17]:ANDESITE]" time="0.001"/>
  <testcase classname="org.bukkit.craftbukkit.inventory.FactoryItemMaterialTest" name="blankEqualities[Material[18]:ANVIL]" time="0.007"/>
  <testcase classname="org.bukkit.craftbukkit.inventory.FactoryItemMaterialTest" name="generalCase[Material[18]:ANVIL]" time="0"/>
  <testcase classname="org.bukkit.craftbukkit.inventory.FactoryItemMaterialTest" name="asMetaFor[Material[18]:ANVIL]" time="0.008"/>
  <testcase classname="org.bukkit.craftbukkit.inventory.FactoryItemMaterialTest" name="itemStack[Material[18]:ANVIL]" time="0"/>
  <testcase classname="org.bukkit.craftbukkit.inventory.FactoryItemMaterialTest" name="blankEqualities[Material[19]:APPLE]" time="0.008"/>
  <testcase classname="org.bukkit.craftbukkit.inventory.FactoryItemMaterialTest" name="generalCase[Material[19]:APPLE]" time="0"/>
  <testcase classname="org.bukkit.craftbukkit.inventory.FactoryItemMaterialTest" name="asMetaFor[Material[19]:APPLE]" time="0.009"/>
  <testcase classname="org.bukkit.craftbukkit.inventory.FactoryItemMaterialTest" name="itemStack[Material[19]:APPLE]" time="0.001"/>
  <testcase classname="org.bukkit.craftbukkit.inventory.FactoryItemMaterialTest" name="blankEqualities[Material[20]:ARMOR_STAND]" time="0.009"/>
  <testcase classname="org.bukkit.craftbukkit.inventory.FactoryItemMaterialTest" name="generalCase[Material[20]:ARMOR_STAND]" time="0"/>
  <testcase classname="org.bukkit.craftbukkit.inventory.FactoryItemMaterialTest" name="asMetaFor[Material[20]:ARMOR_STAND]" time="0.009"/>
  <testcase classname="org.bukkit.craftbukkit.inventory.FactoryItemMaterialTest" name="itemStack[Material[20]:ARMOR_STAND]" time="0.001"/>
  <testcase classname="org.bukkit.craftbukkit.inventory.FactoryItemMaterialTest" name="blankEqualities[Material[21]:ARROW]" time="0.007"/>
  <testcase classname="org.bukkit.craftbukkit.inventory.FactoryItemMaterialTest" name="generalCase[Material[21]:ARROW]" time="0"/>
  <testcase classname="org.bukkit.craftbukkit.inventory.FactoryItemMaterialTest" name="asMetaFor[Material[21]:ARROW]" time="0.008"/>
  <testcase classname="org.bukkit.craftbukkit.inventory.FactoryItemMaterialTest" name="itemStack[Material[21]:ARROW]" time="0"/>
  <testcase classname="org.bukkit.craftbukkit.inventory.FactoryItemMaterialTest" name="blankEqualities[Material[22]:AZURE_BLUET]" time="0.007"/>
  <testcase classname="org.bukkit.craftbukkit.inventory.FactoryItemMaterialTest" name="generalCase[Material[22]:AZURE_BLUET]" time="0.001"/>
  <testcase classname="org.bukkit.craftbukkit.inventory.FactoryItemMaterialTest" name="asMetaFor[Material[22]:AZURE_BLUET]" time="0.009"/>
  <testcase classname="org.bukkit.craftbukkit.inventory.FactoryItemMaterialTest" name="itemStack[Material[22]:AZURE_BLUET]" time="0"/>
  <testcase classname="org.bukkit.craftbukkit.inventory.FactoryItemMaterialTest" name="blankEqualities[Material[23]:BAKED_POTATO]" time="0.02"/>
  <testcase classname="org.bukkit.craftbukkit.inventory.FactoryItemMaterialTest" name="generalCase[Material[23]:BAKED_POTATO]" time="0.001"/>
  <testcase classname="org.bukkit.craftbukkit.inventory.FactoryItemMaterialTest" name="asMetaFor[Material[23]:BAKED_POTATO]" time="0.01"/>
  <testcase classname="org.bukkit.craftbukkit.inventory.FactoryItemMaterialTest" name="itemStack[Material[23]:BAKED_POTATO]" time="0.001"/>
  <testcase classname="org.bukkit.craftbukkit.inventory.FactoryItemMaterialTest" name="blankEqualities[Material[24]:BARRIER]" time="0.012"/>
  <testcase classname="org.bukkit.craftbukkit.inventory.FactoryItemMaterialTest" name="generalCase[Material[24]:BARRIER]" time="0.001"/>
  <testcase classname="org.bukkit.craftbukkit.inventory.FactoryItemMaterialTest" name="asMetaFor[Material[24]:BARRIER]" time="0.013"/>
  <testcase classname="org.bukkit.craftbukkit.inventory.FactoryItemMaterialTest" name="itemStack[Material[24]:BARRIER]" time="0"/>
  <testcase classname="org.bukkit.craftbukkit.inventory.FactoryItemMaterialTest" name="blankEqualities[Material[25]:BAT_SPAWN_EGG]" time="0.01"/>
  <testcase classname="org.bukkit.craftbukkit.inventory.FactoryItemMaterialTest" name="generalCase[Material[25]:BAT_SPAWN_EGG]" time="0"/>
  <testcase classname="org.bukkit.craftbukkit.inventory.FactoryItemMaterialTest" name="asMetaFor[Material[25]:BAT_SPAWN_EGG]" time="0.009"/>
  <testcase classname="org.bukkit.craftbukkit.inventory.FactoryItemMaterialTest" name="itemStack[Material[25]:BAT_SPAWN_EGG]" time="0.001"/>
  <testcase classname="org.bukkit.craftbukkit.inventory.FactoryItemMaterialTest" name="blankEqualities[Material[26]:BEACON]" time="0.01"/>
  <testcase classname="org.bukkit.craftbukkit.inventory.FactoryItemMaterialTest" name="generalCase[Material[26]:BEACON]" time="0.001"/>
  <testcase classname="org.bukkit.craftbukkit.inventory.FactoryItemMaterialTest" name="asMetaFor[Material[26]:BEACON]" time="0.01"/>
  <testcase classname="org.bukkit.craftbukkit.inventory.FactoryItemMaterialTest" name="itemStack[Material[26]:BEACON]" time="0"/>
  <testcase classname="org.bukkit.craftbukkit.inventory.FactoryItemMaterialTest" name="blankEqualities[Material[27]:BEDROCK]" time="0.007"/>
  <testcase classname="org.bukkit.craftbukkit.inventory.FactoryItemMaterialTest" name="generalCase[Material[27]:BEDROCK]" time="0"/>
  <testcase classname="org.bukkit.craftbukkit.inventory.FactoryItemMaterialTest" name="asMetaFor[Material[27]:BEDROCK]" time="0.009"/>
  <testcase classname="org.bukkit.craftbukkit.inventory.FactoryItemMaterialTest" name="itemStack[Material[27]:BEDROCK]" time="0.001"/>
  <testcase classname="org.bukkit.craftbukkit.inventory.FactoryItemMaterialTest" name="blankEqualities[Material[28]:BEEF]" time="0.007"/>
  <testcase classname="org.bukkit.craftbukkit.inventory.FactoryItemMaterialTest" name="generalCase[Material[28]:BEEF]" time="0"/>
  <testcase classname="org.bukkit.craftbukkit.inventory.FactoryItemMaterialTest" name="asMetaFor[Material[28]:BEEF]" time="0.009"/>
  <testcase classname="org.bukkit.craftbukkit.inventory.FactoryItemMaterialTest" name="itemStack[Material[28]:BEEF]" time="0"/>
  <testcase classname="org.bukkit.craftbukkit.inventory.FactoryItemMaterialTest" name="blankEqualities[Material[29]:BEETROOT]" time="0.007"/>
  <testcase classname="org.bukkit.craftbukkit.inventory.FactoryItemMaterialTest" name="generalCase[Material[29]:BEETROOT]" time="0"/>
  <testcase classname="org.bukkit.craftbukkit.inventory.FactoryItemMaterialTest" name="asMetaFor[Material[29]:BEETROOT]" time="0.009"/>
  <testcase classname="org.bukkit.craftbukkit.inventory.FactoryItemMaterialTest" name="itemStack[Material[29]:BEETROOT]" time="0"/>
  <testcase classname="org.bukkit.craftbukkit.inventory.FactoryItemMaterialTest" name="blankEqualities[Material[30]:BEETROOT_SEEDS]" time="0.007"/>
  <testcase classname="org.bukkit.craftbukkit.inventory.FactoryItemMaterialTest" name="generalCase[Material[30]:BEETROOT_SEEDS]" time="0"/>
  <testcase classname="org.bukkit.craftbukkit.inventory.FactoryItemMaterialTest" name="asMetaFor[Material[30]:BEETROOT_SEEDS]" time="0.009"/>
  <testcase classname="org.bukkit.craftbukkit.inventory.FactoryItemMaterialTest" name="itemStack[Material[30]:BEETROOT_SEEDS]" time="0.001"/>
  <testcase classname="org.bukkit.craftbukkit.inventory.FactoryItemMaterialTest" name="blankEqualities[Material[31]:BEETROOT_SOUP]" time="0.007"/>
  <testcase classname="org.bukkit.craftbukkit.inventory.FactoryItemMaterialTest" name="generalCase[Material[31]:BEETROOT_SOUP]" time="0"/>
  <testcase classname="org.bukkit.craftbukkit.inventory.FactoryItemMaterialTest" name="asMetaFor[Material[31]:BEETROOT_SOUP]" time="0.009"/>
  <testcase classname="org.bukkit.craftbukkit.inventory.FactoryItemMaterialTest" name="itemStack[Material[31]:BEETROOT_SOUP]" time="0"/>
  <testcase classname="org.bukkit.craftbukkit.inventory.FactoryItemMaterialTest" name="blankEqualities[Material[32]:BIRCH_BOAT]" time="0.007"/>
  <testcase classname="org.bukkit.craftbukkit.inventory.FactoryItemMaterialTest" name="generalCase[Material[32]:BIRCH_BOAT]" time="0"/>
  <testcase classname="org.bukkit.craftbukkit.inventory.FactoryItemMaterialTest" name="asMetaFor[Material[32]:BIRCH_BOAT]" time="0.009"/>
  <testcase classname="org.bukkit.craftbukkit.inventory.FactoryItemMaterialTest" name="itemStack[Material[32]:BIRCH_BOAT]" time="0"/>
  <testcase classname="org.bukkit.craftbukkit.inventory.FactoryItemMaterialTest" name="blankEqualities[Material[33]:BIRCH_BUTTON]" time="0.007"/>
  <testcase classname="org.bukkit.craftbukkit.inventory.FactoryItemMaterialTest" name="generalCase[Material[33]:BIRCH_BUTTON]" time="0.001"/>
  <testcase classname="org.bukkit.craftbukkit.inventory.FactoryItemMaterialTest" name="asMetaFor[Material[33]:BIRCH_BUTTON]" time="0.009"/>
  <testcase classname="org.bukkit.craftbukkit.inventory.FactoryItemMaterialTest" name="itemStack[Material[33]:BIRCH_BUTTON]" time="0.001"/>
  <testcase classname="org.bukkit.craftbukkit.inventory.FactoryItemMaterialTest" name="blankEqualities[Material[34]:BIRCH_DOOR]" time="0.007"/>
  <testcase classname="org.bukkit.craftbukkit.inventory.FactoryItemMaterialTest" name="generalCase[Material[34]:BIRCH_DOOR]" time="0"/>
  <testcase classname="org.bukkit.craftbukkit.inventory.FactoryItemMaterialTest" name="asMetaFor[Material[34]:BIRCH_DOOR]" time="0.009"/>
  <testcase classname="org.bukkit.craftbukkit.inventory.FactoryItemMaterialTest" name="itemStack[Material[34]:BIRCH_DOOR]" time="0"/>
  <testcase classname="org.bukkit.craftbukkit.inventory.FactoryItemMaterialTest" name="blankEqualities[Material[35]:BIRCH_FENCE]" time="0.021"/>
  <testcase classname="org.bukkit.craftbukkit.inventory.FactoryItemMaterialTest" name="generalCase[Material[35]:BIRCH_FENCE]" time="0.001"/>
  <testcase classname="org.bukkit.craftbukkit.inventory.FactoryItemMaterialTest" name="asMetaFor[Material[35]:BIRCH_FENCE]" time="0.009"/>
  <testcase classname="org.bukkit.craftbukkit.inventory.FactoryItemMaterialTest" name="itemStack[Material[35]:BIRCH_FENCE]" time="0"/>
  <testcase classname="org.bukkit.craftbukkit.inventory.FactoryItemMaterialTest" name="blankEqualities[Material[36]:BIRCH_FENCE_GATE]" time="0.007"/>
  <testcase classname="org.bukkit.craftbukkit.inventory.FactoryItemMaterialTest" name="generalCase[Material[36]:BIRCH_FENCE_GATE]" time="0"/>
  <testcase classname="org.bukkit.craftbukkit.inventory.FactoryItemMaterialTest" name="asMetaFor[Material[36]:BIRCH_FENCE_GATE]" time="0.009"/>
  <testcase classname="org.bukkit.craftbukkit.inventory.FactoryItemMaterialTest" name="itemStack[Material[36]:BIRCH_FENCE_GATE]" time="0"/>
  <testcase classname="org.bukkit.craftbukkit.inventory.FactoryItemMaterialTest" name="blankEqualities[Material[37]:BIRCH_LEAVES]" time="0.007"/>
  <testcase classname="org.bukkit.craftbukkit.inventory.FactoryItemMaterialTest" name="generalCase[Material[37]:BIRCH_LEAVES]" time="0"/>
  <testcase classname="org.bukkit.craftbukkit.inventory.FactoryItemMaterialTest" name="asMetaFor[Material[37]:BIRCH_LEAVES]" time="0.009"/>
  <testcase classname="org.bukkit.craftbukkit.inventory.FactoryItemMaterialTest" name="itemStack[Material[37]:BIRCH_LEAVES]" time="0"/>
  <testcase classname="org.bukkit.craftbukkit.inventory.FactoryItemMaterialTest" name="blankEqualities[Material[38]:BIRCH_LOG]" time="0.007"/>
  <testcase classname="org.bukkit.craftbukkit.inventory.FactoryItemMaterialTest" name="generalCase[Material[38]:BIRCH_LOG]" time="0"/>
  <testcase classname="org.bukkit.craftbukkit.inventory.FactoryItemMaterialTest" name="asMetaFor[Material[38]:BIRCH_LOG]" time="0.01"/>
  <testcase classname="org.bukkit.craftbukkit.inventory.FactoryItemMaterialTest" name="itemStack[Material[38]:BIRCH_LOG]" time="0"/>
  <testcase classname="org.bukkit.craftbukkit.inventory.FactoryItemMaterialTest" name="blankEqualities[Material[39]:BIRCH_PLANKS]" time="0.007"/>
  <testcase classname="org.bukkit.craftbukkit.inventory.FactoryItemMaterialTest" name="generalCase[Material[39]:BIRCH_PLANKS]" time="0"/>
  <testcase classname="org.bukkit.craftbukkit.inventory.FactoryItemMaterialTest" name="asMetaFor[Material[39]:BIRCH_PLANKS]" time="0.009"/>
  <testcase classname="org.bukkit.craftbukkit.inventory.FactoryItemMaterialTest" name="itemStack[Material[39]:BIRCH_PLANKS]" time="0"/>
  <testcase classname="org.bukkit.craftbukkit.inventory.FactoryItemMaterialTest" name="blankEqualities[Material[40]:BIRCH_PRESSURE_PLATE]" time="0.007"/>
  <testcase classname="org.bukkit.craftbukkit.inventory.FactoryItemMaterialTest" name="generalCase[Material[40]:BIRCH_PRESSURE_PLATE]" time="0"/>
  <testcase classname="org.bukkit.craftbukkit.inventory.FactoryItemMaterialTest" name="asMetaFor[Material[40]:BIRCH_PRESSURE_PLATE]" time="0.013"/>
  <testcase classname="org.bukkit.craftbukkit.inventory.FactoryItemMaterialTest" name="itemStack[Material[40]:BIRCH_PRESSURE_PLATE]" time="0"/>
  <testcase classname="org.bukkit.craftbukkit.inventory.FactoryItemMaterialTest" name="blankEqualities[Material[41]:BIRCH_SAPLING]" time="0.007"/>
  <testcase classname="org.bukkit.craftbukkit.inventory.FactoryItemMaterialTest" name="generalCase[Material[41]:BIRCH_SAPLING]" time="0"/>
  <testcase classname="org.bukkit.craftbukkit.inventory.FactoryItemMaterialTest" name="asMetaFor[Material[41]:BIRCH_SAPLING]" time="0.009"/>
  <testcase classname="org.bukkit.craftbukkit.inventory.FactoryItemMaterialTest" name="itemStack[Material[41]:BIRCH_SAPLING]" time="0"/>
  <testcase classname="org.bukkit.craftbukkit.inventory.FactoryItemMaterialTest" name="blankEqualities[Material[42]:BIRCH_SLAB]" time="0.007"/>
  <testcase classname="org.bukkit.craftbukkit.inventory.FactoryItemMaterialTest" name="generalCase[Material[42]:BIRCH_SLAB]" time="0"/>
  <testcase classname="org.bukkit.craftbukkit.inventory.FactoryItemMaterialTest" name="asMetaFor[Material[42]:BIRCH_SLAB]" time="0.009"/>
  <testcase classname="org.bukkit.craftbukkit.inventory.FactoryItemMaterialTest" name="itemStack[Material[42]:BIRCH_SLAB]" time="0"/>
  <testcase classname="org.bukkit.craftbukkit.inventory.FactoryItemMaterialTest" name="blankEqualities[Material[43]:BIRCH_STAIRS]" time="0.007"/>
  <testcase classname="org.bukkit.craftbukkit.inventory.FactoryItemMaterialTest" name="generalCase[Material[43]:BIRCH_STAIRS]" time="0"/>
  <testcase classname="org.bukkit.craftbukkit.inventory.FactoryItemMaterialTest" name="asMetaFor[Material[43]:BIRCH_STAIRS]" time="0.009"/>
  <testcase classname="org.bukkit.craftbukkit.inventory.FactoryItemMaterialTest" name="itemStack[Material[43]:BIRCH_STAIRS]" time="0"/>
  <testcase classname="org.bukkit.craftbukkit.inventory.FactoryItemMaterialTest" name="blankEqualities[Material[44]:BIRCH_TRAPDOOR]" time="0.007"/>
  <testcase classname="org.bukkit.craftbukkit.inventory.FactoryItemMaterialTest" name="generalCase[Material[44]:BIRCH_TRAPDOOR]" time="0"/>
  <testcase classname="org.bukkit.craftbukkit.inventory.FactoryItemMaterialTest" name="asMetaFor[Material[44]:BIRCH_TRAPDOOR]" time="0.008"/>
  <testcase classname="org.bukkit.craftbukkit.inventory.FactoryItemMaterialTest" name="itemStack[Material[44]:BIRCH_TRAPDOOR]" time="0.001"/>
  <testcase classname="org.bukkit.craftbukkit.inventory.FactoryItemMaterialTest" name="blankEqualities[Material[45]:BIRCH_WOOD]" time="0.007"/>
  <testcase classname="org.bukkit.craftbukkit.inventory.FactoryItemMaterialTest" name="generalCase[Material[45]:BIRCH_WOOD]" time="0"/>
  <testcase classname="org.bukkit.craftbukkit.inventory.FactoryItemMaterialTest" name="asMetaFor[Material[45]:BIRCH_WOOD]" time="0.009"/>
  <testcase classname="org.bukkit.craftbukkit.inventory.FactoryItemMaterialTest" name="itemStack[Material[45]:BIRCH_WOOD]" time="0.001"/>
  <testcase classname="org.bukkit.craftbukkit.inventory.FactoryItemMaterialTest" name="blankEqualities[Material[46]:BLACK_BANNER]" time="0.016"/>
  <testcase classname="org.bukkit.craftbukkit.inventory.FactoryItemMaterialTest" name="generalCase[Material[46]:BLACK_BANNER]" time="0.001"/>
  <testcase classname="org.bukkit.craftbukkit.inventory.FactoryItemMaterialTest" name="asMetaFor[Material[46]:BLACK_BANNER]" time="0.01"/>
  <testcase classname="org.bukkit.craftbukkit.inventory.FactoryItemMaterialTest" name="itemStack[Material[46]:BLACK_BANNER]" time="0.001"/>
  <testcase classname="org.bukkit.craftbukkit.inventory.FactoryItemMaterialTest" name="blankEqualities[Material[47]:BLACK_BED]" time="0.007"/>
  <testcase classname="org.bukkit.craftbukkit.inventory.FactoryItemMaterialTest" name="generalCase[Material[47]:BLACK_BED]" time="0"/>
  <testcase classname="org.bukkit.craftbukkit.inventory.FactoryItemMaterialTest" name="asMetaFor[Material[47]:BLACK_BED]" time="0.009"/>
  <testcase classname="org.bukkit.craftbukkit.inventory.FactoryItemMaterialTest" name="itemStack[Material[47]:BLACK_BED]" time="0"/>
  <testcase classname="org.bukkit.craftbukkit.inventory.FactoryItemMaterialTest" name="blankEqualities[Material[48]:BLACK_CARPET]" time="0.007"/>
  <testcase classname="org.bukkit.craftbukkit.inventory.FactoryItemMaterialTest" name="generalCase[Material[48]:BLACK_CARPET]" time="0.001"/>
  <testcase classname="org.bukkit.craftbukkit.inventory.FactoryItemMaterialTest" name="asMetaFor[Material[48]:BLACK_CARPET]" time="0.009"/>
  <testcase classname="org.bukkit.craftbukkit.inventory.FactoryItemMaterialTest" name="itemStack[Material[48]:BLACK_CARPET]" time="0.001"/>
  <testcase classname="org.bukkit.craftbukkit.inventory.FactoryItemMaterialTest" name="blankEqualities[Material[49]:BLACK_CONCRETE]" time="0.007"/>
  <testcase classname="org.bukkit.craftbukkit.inventory.FactoryItemMaterialTest" name="generalCase[Material[49]:BLACK_CONCRETE]" time="0"/>
  <testcase classname="org.bukkit.craftbukkit.inventory.FactoryItemMaterialTest" name="asMetaFor[Material[49]:BLACK_CONCRETE]" time="0.009"/>
  <testcase classname="org.bukkit.craftbukkit.inventory.FactoryItemMaterialTest" name="itemStack[Material[49]:BLACK_CONCRETE]" time="0.001"/>
  <testcase classname="org.bukkit.craftbukkit.inventory.FactoryItemMaterialTest" name="blankEqualities[Material[50]:BLACK_CONCRETE_POWDER]" time="0.007"/>
  <testcase classname="org.bukkit.craftbukkit.inventory.FactoryItemMaterialTest" name="generalCase[Material[50]:BLACK_CONCRETE_POWDER]" time="0"/>
  <testcase classname="org.bukkit.craftbukkit.inventory.FactoryItemMaterialTest" name="asMetaFor[Material[50]:BLACK_CONCRETE_POWDER]" time="0.01"/>
  <testcase classname="org.bukkit.craftbukkit.inventory.FactoryItemMaterialTest" name="itemStack[Material[50]:BLACK_CONCRETE_POWDER]" time="0"/>
  <testcase classname="org.bukkit.craftbukkit.inventory.FactoryItemMaterialTest" name="blankEqualities[Material[51]:BLACK_GLAZED_TERRACOTTA]" time="0.007"/>
  <testcase classname="org.bukkit.craftbukkit.inventory.FactoryItemMaterialTest" name="generalCase[Material[51]:BLACK_GLAZED_TERRACOTTA]" time="0"/>
  <testcase classname="org.bukkit.craftbukkit.inventory.FactoryItemMaterialTest" name="asMetaFor[Material[51]:BLACK_GLAZED_TERRACOTTA]" time="0.009"/>
  <testcase classname="org.bukkit.craftbukkit.inventory.FactoryItemMaterialTest" name="itemStack[Material[51]:BLACK_GLAZED_TERRACOTTA]" time="0.001"/>
  <testcase classname="org.bukkit.craftbukkit.inventory.FactoryItemMaterialTest" name="blankEqualities[Material[52]:BLACK_SHULKER_BOX]" time="0.008"/>
  <testcase classname="org.bukkit.craftbukkit.inventory.FactoryItemMaterialTest" name="generalCase[Material[52]:BLACK_SHULKER_BOX]" time="0"/>
  <testcase classname="org.bukkit.craftbukkit.inventory.FactoryItemMaterialTest" name="asMetaFor[Material[52]:BLACK_SHULKER_BOX]" time="0.009"/>
  <testcase classname="org.bukkit.craftbukkit.inventory.FactoryItemMaterialTest" name="itemStack[Material[52]:BLACK_SHULKER_BOX]" time="0.001"/>
  <testcase classname="org.bukkit.craftbukkit.inventory.FactoryItemMaterialTest" name="blankEqualities[Material[53]:BLACK_STAINED_GLASS]" time="0.007"/>
  <testcase classname="org.bukkit.craftbukkit.inventory.FactoryItemMaterialTest" name="generalCase[Material[53]:BLACK_STAINED_GLASS]" time="0.001"/>
  <testcase classname="org.bukkit.craftbukkit.inventory.FactoryItemMaterialTest" name="asMetaFor[Material[53]:BLACK_STAINED_GLASS]" time="0.08"/>
  <testcase classname="org.bukkit.craftbukkit.inventory.FactoryItemMaterialTest" name="itemStack[Material[53]:BLACK_STAINED_GLASS]" time="0"/>
  <testcase classname="org.bukkit.craftbukkit.inventory.FactoryItemMaterialTest" name="blankEqualities[Material[54]:BLACK_STAINED_GLASS_PANE]" time="0.014"/>
  <testcase classname="org.bukkit.craftbukkit.inventory.FactoryItemMaterialTest" name="generalCase[Material[54]:BLACK_STAINED_GLASS_PANE]" time="0"/>
  <testcase classname="org.bukkit.craftbukkit.inventory.FactoryItemMaterialTest" name="asMetaFor[Material[54]:BLACK_STAINED_GLASS_PANE]" time="0.01"/>
  <testcase classname="org.bukkit.craftbukkit.inventory.FactoryItemMaterialTest" name="itemStack[Material[54]:BLACK_STAINED_GLASS_PANE]" time="0"/>
  <testcase classname="org.bukkit.craftbukkit.inventory.FactoryItemMaterialTest" name="blankEqualities[Material[55]:BLACK_TERRACOTTA]" time="0.007"/>
  <testcase classname="org.bukkit.craftbukkit.inventory.FactoryItemMaterialTest" name="generalCase[Material[55]:BLACK_TERRACOTTA]" time="0"/>
  <testcase classname="org.bukkit.craftbukkit.inventory.FactoryItemMaterialTest" name="asMetaFor[Material[55]:BLACK_TERRACOTTA]" time="0.009"/>
  <testcase classname="org.bukkit.craftbukkit.inventory.FactoryItemMaterialTest" name="itemStack[Material[55]:BLACK_TERRACOTTA]" time="0"/>
  <testcase classname="org.bukkit.craftbukkit.inventory.FactoryItemMaterialTest" name="blankEqualities[Material[56]:BLACK_WOOL]" time="0.007"/>
  <testcase classname="org.bukkit.craftbukkit.inventory.FactoryItemMaterialTest" name="generalCase[Material[56]:BLACK_WOOL]" time="0.001"/>
  <testcase classname="org.bukkit.craftbukkit.inventory.FactoryItemMaterialTest" name="asMetaFor[Material[56]:BLACK_WOOL]" time="0.009"/>
  <testcase classname="org.bukkit.craftbukkit.inventory.FactoryItemMaterialTest" name="itemStack[Material[56]:BLACK_WOOL]" time="0"/>
  <testcase classname="org.bukkit.craftbukkit.inventory.FactoryItemMaterialTest" name="blankEqualities[Material[57]:BLAZE_POWDER]" time="0.007"/>
  <testcase classname="org.bukkit.craftbukkit.inventory.FactoryItemMaterialTest" name="generalCase[Material[57]:BLAZE_POWDER]" time="0"/>
  <testcase classname="org.bukkit.craftbukkit.inventory.FactoryItemMaterialTest" name="asMetaFor[Material[57]:BLAZE_POWDER]" time="0.009"/>
  <testcase classname="org.bukkit.craftbukkit.inventory.FactoryItemMaterialTest" name="itemStack[Material[57]:BLAZE_POWDER]" time="0"/>
  <testcase classname="org.bukkit.craftbukkit.inventory.FactoryItemMaterialTest" name="blankEqualities[Material[58]:BLAZE_ROD]" time="0.008"/>
  <testcase classname="org.bukkit.craftbukkit.inventory.FactoryItemMaterialTest" name="generalCase[Material[58]:BLAZE_ROD]" time="0"/>
  <testcase classname="org.bukkit.craftbukkit.inventory.FactoryItemMaterialTest" name="asMetaFor[Material[58]:BLAZE_ROD]" time="0.011"/>
  <testcase classname="org.bukkit.craftbukkit.inventory.FactoryItemMaterialTest" name="itemStack[Material[58]:BLAZE_ROD]" time="0"/>
  <testcase classname="org.bukkit.craftbukkit.inventory.FactoryItemMaterialTest" name="blankEqualities[Material[59]:BLAZE_SPAWN_EGG]" time="0.008"/>
  <testcase classname="org.bukkit.craftbukkit.inventory.FactoryItemMaterialTest" name="generalCase[Material[59]:BLAZE_SPAWN_EGG]" time="0"/>
  <testcase classname="org.bukkit.craftbukkit.inventory.FactoryItemMaterialTest" name="asMetaFor[Material[59]:BLAZE_SPAWN_EGG]" time="0.009"/>
  <testcase classname="org.bukkit.craftbukkit.inventory.FactoryItemMaterialTest" name="itemStack[Material[59]:BLAZE_SPAWN_EGG]" time="0"/>
  <testcase classname="org.bukkit.craftbukkit.inventory.FactoryItemMaterialTest" name="blankEqualities[Material[60]:BLUE_BANNER]" time="0.008"/>
  <testcase classname="org.bukkit.craftbukkit.inventory.FactoryItemMaterialTest" name="generalCase[Material[60]:BLUE_BANNER]" time="0.006"/>
  <testcase classname="org.bukkit.craftbukkit.inventory.FactoryItemMaterialTest" name="asMetaFor[Material[60]:BLUE_BANNER]" time="0.009"/>
  <testcase classname="org.bukkit.craftbukkit.inventory.FactoryItemMaterialTest" name="itemStack[Material[60]:BLUE_BANNER]" time="0"/>
  <testcase classname="org.bukkit.craftbukkit.inventory.FactoryItemMaterialTest" name="blankEqualities[Material[61]:BLUE_BED]" time="0.007"/>
  <testcase classname="org.bukkit.craftbukkit.inventory.FactoryItemMaterialTest" name="generalCase[Material[61]:BLUE_BED]" time="0"/>
  <testcase classname="org.bukkit.craftbukkit.inventory.FactoryItemMaterialTest" name="asMetaFor[Material[61]:BLUE_BED]" time="0.009"/>
  <testcase classname="org.bukkit.craftbukkit.inventory.FactoryItemMaterialTest" name="itemStack[Material[61]:BLUE_BED]" time="0.001"/>
  <testcase classname="org.bukkit.craftbukkit.inventory.FactoryItemMaterialTest" name="blankEqualities[Material[62]:BLUE_CARPET]" time="0.007"/>
  <testcase classname="org.bukkit.craftbukkit.inventory.FactoryItemMaterialTest" name="generalCase[Material[62]:BLUE_CARPET]" time="0"/>
  <testcase classname="org.bukkit.craftbukkit.inventory.FactoryItemMaterialTest" name="asMetaFor[Material[62]:BLUE_CARPET]" time="0.009"/>
  <testcase classname="org.bukkit.craftbukkit.inventory.FactoryItemMaterialTest" name="itemStack[Material[62]:BLUE_CARPET]" time="0.001"/>
  <testcase classname="org.bukkit.craftbukkit.inventory.FactoryItemMaterialTest" name="blankEqualities[Material[63]:BLUE_CONCRETE]" time="0.008"/>
  <testcase classname="org.bukkit.craftbukkit.inventory.FactoryItemMaterialTest" name="generalCase[Material[63]:BLUE_CONCRETE]" time="0.001"/>
  <testcase classname="org.bukkit.craftbukkit.inventory.FactoryItemMaterialTest" name="asMetaFor[Material[63]:BLUE_CONCRETE]" time="0.01"/>
  <testcase classname="org.bukkit.craftbukkit.inventory.FactoryItemMaterialTest" name="itemStack[Material[63]:BLUE_CONCRETE]" time="0"/>
  <testcase classname="org.bukkit.craftbukkit.inventory.FactoryItemMaterialTest" name="blankEqualities[Material[64]:BLUE_CONCRETE_POWDER]" time="0.007"/>
  <testcase classname="org.bukkit.craftbukkit.inventory.FactoryItemMaterialTest" name="generalCase[Material[64]:BLUE_CONCRETE_POWDER]" time="0"/>
  <testcase classname="org.bukkit.craftbukkit.inventory.FactoryItemMaterialTest" name="asMetaFor[Material[64]:BLUE_CONCRETE_POWDER]" time="0.009"/>
  <testcase classname="org.bukkit.craftbukkit.inventory.FactoryItemMaterialTest" name="itemStack[Material[64]:BLUE_CONCRETE_POWDER]" time="0"/>
  <testcase classname="org.bukkit.craftbukkit.inventory.FactoryItemMaterialTest" name="blankEqualities[Material[65]:BLUE_GLAZED_TERRACOTTA]" time="0.007"/>
  <testcase classname="org.bukkit.craftbukkit.inventory.FactoryItemMaterialTest" name="generalCase[Material[65]:BLUE_GLAZED_TERRACOTTA]" time="0"/>
  <testcase classname="org.bukkit.craftbukkit.inventory.FactoryItemMaterialTest" name="asMetaFor[Material[65]:BLUE_GLAZED_TERRACOTTA]" time="0.009"/>
  <testcase classname="org.bukkit.craftbukkit.inventory.FactoryItemMaterialTest" name="itemStack[Material[65]:BLUE_GLAZED_TERRACOTTA]" time="0.001"/>
  <testcase classname="org.bukkit.craftbukkit.inventory.FactoryItemMaterialTest" name="blankEqualities[Material[66]:BLUE_ICE]" time="0.007"/>
  <testcase classname="org.bukkit.craftbukkit.inventory.FactoryItemMaterialTest" name="generalCase[Material[66]:BLUE_ICE]" time="0.001"/>
  <testcase classname="org.bukkit.craftbukkit.inventory.FactoryItemMaterialTest" name="asMetaFor[Material[66]:BLUE_ICE]" time="0.009"/>
  <testcase classname="org.bukkit.craftbukkit.inventory.FactoryItemMaterialTest" name="itemStack[Material[66]:BLUE_ICE]" time="0.001"/>
  <testcase classname="org.bukkit.craftbukkit.inventory.FactoryItemMaterialTest" name="blankEqualities[Material[67]:BLUE_ORCHID]" time="0.007"/>
  <testcase classname="org.bukkit.craftbukkit.inventory.FactoryItemMaterialTest" name="generalCase[Material[67]:BLUE_ORCHID]" time="0"/>
  <testcase classname="org.bukkit.craftbukkit.inventory.FactoryItemMaterialTest" name="asMetaFor[Material[67]:BLUE_ORCHID]" time="0.009"/>
  <testcase classname="org.bukkit.craftbukkit.inventory.FactoryItemMaterialTest" name="itemStack[Material[67]:BLUE_ORCHID]" time="0"/>
  <testcase classname="org.bukkit.craftbukkit.inventory.FactoryItemMaterialTest" name="blankEqualities[Material[68]:BLUE_SHULKER_BOX]" time="0.007"/>
  <testcase classname="org.bukkit.craftbukkit.inventory.FactoryItemMaterialTest" name="generalCase[Material[68]:BLUE_SHULKER_BOX]" time="0"/>
  <testcase classname="org.bukkit.craftbukkit.inventory.FactoryItemMaterialTest" name="asMetaFor[Material[68]:BLUE_SHULKER_BOX]" time="0.009"/>
  <testcase classname="org.bukkit.craftbukkit.inventory.FactoryItemMaterialTest" name="itemStack[Material[68]:BLUE_SHULKER_BOX]" time="0.001"/>
  <testcase classname="org.bukkit.craftbukkit.inventory.FactoryItemMaterialTest" name="blankEqualities[Material[69]:BLUE_STAINED_GLASS]" time="0.007"/>
  <testcase classname="org.bukkit.craftbukkit.inventory.FactoryItemMaterialTest" name="generalCase[Material[69]:BLUE_STAINED_GLASS]" time="0"/>
  <testcase classname="org.bukkit.craftbukkit.inventory.FactoryItemMaterialTest" name="asMetaFor[Material[69]:BLUE_STAINED_GLASS]" time="0.009"/>
  <testcase classname="org.bukkit.craftbukkit.inventory.FactoryItemMaterialTest" name="itemStack[Material[69]:BLUE_STAINED_GLASS]" time="0"/>
  <testcase classname="org.bukkit.craftbukkit.inventory.FactoryItemMaterialTest" name="blankEqualities[Material[70]:BLUE_STAINED_GLASS_PANE]" time="0.019"/>
  <testcase classname="org.bukkit.craftbukkit.inventory.FactoryItemMaterialTest" name="generalCase[Material[70]:BLUE_STAINED_GLASS_PANE]" time="0"/>
  <testcase classname="org.bukkit.craftbukkit.inventory.FactoryItemMaterialTest" name="asMetaFor[Material[70]:BLUE_STAINED_GLASS_PANE]" time="0.009"/>
  <testcase classname="org.bukkit.craftbukkit.inventory.FactoryItemMaterialTest" name="itemStack[Material[70]:BLUE_STAINED_GLASS_PANE]" time="0"/>
  <testcase classname="org.bukkit.craftbukkit.inventory.FactoryItemMaterialTest" name="blankEqualities[Material[71]:BLUE_TERRACOTTA]" time="0.007"/>
  <testcase classname="org.bukkit.craftbukkit.inventory.FactoryItemMaterialTest" name="generalCase[Material[71]:BLUE_TERRACOTTA]" time="0"/>
  <testcase classname="org.bukkit.craftbukkit.inventory.FactoryItemMaterialTest" name="asMetaFor[Material[71]:BLUE_TERRACOTTA]" time="0.009"/>
  <testcase classname="org.bukkit.craftbukkit.inventory.FactoryItemMaterialTest" name="itemStack[Material[71]:BLUE_TERRACOTTA]" time="0"/>
  <testcase classname="org.bukkit.craftbukkit.inventory.FactoryItemMaterialTest" name="blankEqualities[Material[72]:BLUE_WOOL]" time="0.007"/>
  <testcase classname="org.bukkit.craftbukkit.inventory.FactoryItemMaterialTest" name="generalCase[Material[72]:BLUE_WOOL]" time="0"/>
  <testcase classname="org.bukkit.craftbukkit.inventory.FactoryItemMaterialTest" name="asMetaFor[Material[72]:BLUE_WOOL]" time="0.009"/>
  <testcase classname="org.bukkit.craftbukkit.inventory.FactoryItemMaterialTest" name="itemStack[Material[72]:BLUE_WOOL]" time="0.001"/>
  <testcase classname="org.bukkit.craftbukkit.inventory.FactoryItemMaterialTest" name="blankEqualities[Material[73]:BONE]" time="0.007"/>
  <testcase classname="org.bukkit.craftbukkit.inventory.FactoryItemMaterialTest" name="generalCase[Material[73]:BONE]" time="0"/>
  <testcase classname="org.bukkit.craftbukkit.inventory.FactoryItemMaterialTest" name="asMetaFor[Material[73]:BONE]" time="0.009"/>
  <testcase classname="org.bukkit.craftbukkit.inventory.FactoryItemMaterialTest" name="itemStack[Material[73]:BONE]" time="0.001"/>
  <testcase classname="org.bukkit.craftbukkit.inventory.FactoryItemMaterialTest" name="blankEqualities[Material[74]:BONE_BLOCK]" time="0.007"/>
  <testcase classname="org.bukkit.craftbukkit.inventory.FactoryItemMaterialTest" name="generalCase[Material[74]:BONE_BLOCK]" time="0"/>
  <testcase classname="org.bukkit.craftbukkit.inventory.FactoryItemMaterialTest" name="asMetaFor[Material[74]:BONE_BLOCK]" time="0.009"/>
  <testcase classname="org.bukkit.craftbukkit.inventory.FactoryItemMaterialTest" name="itemStack[Material[74]:BONE_BLOCK]" time="0.001"/>
  <testcase classname="org.bukkit.craftbukkit.inventory.FactoryItemMaterialTest" name="blankEqualities[Material[75]:BONE_MEAL]" time="0.008"/>
  <testcase classname="org.bukkit.craftbukkit.inventory.FactoryItemMaterialTest" name="generalCase[Material[75]:BONE_MEAL]" time="0"/>
  <testcase classname="org.bukkit.craftbukkit.inventory.FactoryItemMaterialTest" name="asMetaFor[Material[75]:BONE_MEAL]" time="0.009"/>
  <testcase classname="org.bukkit.craftbukkit.inventory.FactoryItemMaterialTest" name="itemStack[Material[75]:BONE_MEAL]" time="0.001"/>
  <testcase classname="org.bukkit.craftbukkit.inventory.FactoryItemMaterialTest" name="blankEqualities[Material[76]:BOOK]" time="0.007"/>
  <testcase classname="org.bukkit.craftbukkit.inventory.FactoryItemMaterialTest" name="generalCase[Material[76]:BOOK]" time="0"/>
  <testcase classname="org.bukkit.craftbukkit.inventory.FactoryItemMaterialTest" name="asMetaFor[Material[76]:BOOK]" time="0.009"/>
  <testcase classname="org.bukkit.craftbukkit.inventory.FactoryItemMaterialTest" name="itemStack[Material[76]:BOOK]" time="0.001"/>
  <testcase classname="org.bukkit.craftbukkit.inventory.FactoryItemMaterialTest" name="blankEqualities[Material[77]:BOOKSHELF]" time="0.007"/>
  <testcase classname="org.bukkit.craftbukkit.inventory.FactoryItemMaterialTest" name="generalCase[Material[77]:BOOKSHELF]" time="0"/>
  <testcase classname="org.bukkit.craftbukkit.inventory.FactoryItemMaterialTest" name="asMetaFor[Material[77]:BOOKSHELF]" time="0.009"/>
  <testcase classname="org.bukkit.craftbukkit.inventory.FactoryItemMaterialTest" name="itemStack[Material[77]:BOOKSHELF]" time="0.001"/>
  <testcase classname="org.bukkit.craftbukkit.inventory.FactoryItemMaterialTest" name="blankEqualities[Material[78]:BOW]" time="0.006"/>
  <testcase classname="org.bukkit.craftbukkit.inventory.FactoryItemMaterialTest" name="generalCase[Material[78]:BOW]" time="0"/>
  <testcase classname="org.bukkit.craftbukkit.inventory.FactoryItemMaterialTest" name="asMetaFor[Material[78]:BOW]" time="0.009"/>
  <testcase classname="org.bukkit.craftbukkit.inventory.FactoryItemMaterialTest" name="itemStack[Material[78]:BOW]" time="0.001"/>
  <testcase classname="org.bukkit.craftbukkit.inventory.FactoryItemMaterialTest" name="blankEqualities[Material[79]:BOWL]" time="0.007"/>
  <testcase classname="org.bukkit.craftbukkit.inventory.FactoryItemMaterialTest" name="generalCase[Material[79]:BOWL]" time="0"/>
  <testcase classname="org.bukkit.craftbukkit.inventory.FactoryItemMaterialTest" name="asMetaFor[Material[79]:BOWL]" time="0.009"/>
  <testcase classname="org.bukkit.craftbukkit.inventory.FactoryItemMaterialTest" name="itemStack[Material[79]:BOWL]" time="0.001"/>
  <testcase classname="org.bukkit.craftbukkit.inventory.FactoryItemMaterialTest" name="blankEqualities[Material[80]:BRAIN_CORAL]" time="0.007"/>
  <testcase classname="org.bukkit.craftbukkit.inventory.FactoryItemMaterialTest" name="generalCase[Material[80]:BRAIN_CORAL]" time="0"/>
  <testcase classname="org.bukkit.craftbukkit.inventory.FactoryItemMaterialTest" name="asMetaFor[Material[80]:BRAIN_CORAL]" time="0.009"/>
  <testcase classname="org.bukkit.craftbukkit.inventory.FactoryItemMaterialTest" name="itemStack[Material[80]:BRAIN_CORAL]" time="0"/>
  <testcase classname="org.bukkit.craftbukkit.inventory.FactoryItemMaterialTest" name="blankEqualities[Material[81]:BRAIN_CORAL_BLOCK]" time="0.007"/>
  <testcase classname="org.bukkit.craftbukkit.inventory.FactoryItemMaterialTest" name="generalCase[Material[81]:BRAIN_CORAL_BLOCK]" time="0"/>
  <testcase classname="org.bukkit.craftbukkit.inventory.FactoryItemMaterialTest" name="asMetaFor[Material[81]:BRAIN_CORAL_BLOCK]" time="0.009"/>
  <testcase classname="org.bukkit.craftbukkit.inventory.FactoryItemMaterialTest" name="itemStack[Material[81]:BRAIN_CORAL_BLOCK]" time="0"/>
  <testcase classname="org.bukkit.craftbukkit.inventory.FactoryItemMaterialTest" name="blankEqualities[Material[82]:BRAIN_CORAL_FAN]" time="0.007"/>
  <testcase classname="org.bukkit.craftbukkit.inventory.FactoryItemMaterialTest" name="generalCase[Material[82]:BRAIN_CORAL_FAN]" time="0"/>
  <testcase classname="org.bukkit.craftbukkit.inventory.FactoryItemMaterialTest" name="asMetaFor[Material[82]:BRAIN_CORAL_FAN]" time="0.009"/>
  <testcase classname="org.bukkit.craftbukkit.inventory.FactoryItemMaterialTest" name="itemStack[Material[82]:BRAIN_CORAL_FAN]" time="0"/>
  <testcase classname="org.bukkit.craftbukkit.inventory.FactoryItemMaterialTest" name="blankEqualities[Material[83]:BREAD]" time="0.007"/>
  <testcase classname="org.bukkit.craftbukkit.inventory.FactoryItemMaterialTest" name="generalCase[Material[83]:BREAD]" time="0"/>
  <testcase classname="org.bukkit.craftbukkit.inventory.FactoryItemMaterialTest" name="asMetaFor[Material[83]:BREAD]" time="0.009"/>
  <testcase classname="org.bukkit.craftbukkit.inventory.FactoryItemMaterialTest" name="itemStack[Material[83]:BREAD]" time="0.001"/>
  <testcase classname="org.bukkit.craftbukkit.inventory.FactoryItemMaterialTest" name="blankEqualities[Material[84]:BREWING_STAND]" time="0.008"/>
  <testcase classname="org.bukkit.craftbukkit.inventory.FactoryItemMaterialTest" name="generalCase[Material[84]:BREWING_STAND]" time="0.001"/>
  <testcase classname="org.bukkit.craftbukkit.inventory.FactoryItemMaterialTest" name="asMetaFor[Material[84]:BREWING_STAND]" time="0.009"/>
  <testcase classname="org.bukkit.craftbukkit.inventory.FactoryItemMaterialTest" name="itemStack[Material[84]:BREWING_STAND]" time="0"/>
  <testcase classname="org.bukkit.craftbukkit.inventory.FactoryItemMaterialTest" name="blankEqualities[Material[85]:BRICK]" time="0.007"/>
  <testcase classname="org.bukkit.craftbukkit.inventory.FactoryItemMaterialTest" name="generalCase[Material[85]:BRICK]" time="0.001"/>
  <testcase classname="org.bukkit.craftbukkit.inventory.FactoryItemMaterialTest" name="asMetaFor[Material[85]:BRICK]" time="0.009"/>
  <testcase classname="org.bukkit.craftbukkit.inventory.FactoryItemMaterialTest" name="itemStack[Material[85]:BRICK]" time="0"/>
  <testcase classname="org.bukkit.craftbukkit.inventory.FactoryItemMaterialTest" name="blankEqualities[Material[86]:BRICKS]" time="0.019"/>
  <testcase classname="org.bukkit.craftbukkit.inventory.FactoryItemMaterialTest" name="generalCase[Material[86]:BRICKS]" time="0"/>
  <testcase classname="org.bukkit.craftbukkit.inventory.FactoryItemMaterialTest" name="asMetaFor[Material[86]:BRICKS]" time="0.009"/>
  <testcase classname="org.bukkit.craftbukkit.inventory.FactoryItemMaterialTest" name="itemStack[Material[86]:BRICKS]" time="0"/>
  <testcase classname="org.bukkit.craftbukkit.inventory.FactoryItemMaterialTest" name="blankEqualities[Material[87]:BRICK_SLAB]" time="0.008"/>
  <testcase classname="org.bukkit.craftbukkit.inventory.FactoryItemMaterialTest" name="generalCase[Material[87]:BRICK_SLAB]" time="0"/>
  <testcase classname="org.bukkit.craftbukkit.inventory.FactoryItemMaterialTest" name="asMetaFor[Material[87]:BRICK_SLAB]" time="0.009"/>
  <testcase classname="org.bukkit.craftbukkit.inventory.FactoryItemMaterialTest" name="itemStack[Material[87]:BRICK_SLAB]" time="0.001"/>
  <testcase classname="org.bukkit.craftbukkit.inventory.FactoryItemMaterialTest" name="blankEqualities[Material[88]:BRICK_STAIRS]" time="0.007"/>
  <testcase classname="org.bukkit.craftbukkit.inventory.FactoryItemMaterialTest" name="generalCase[Material[88]:BRICK_STAIRS]" time="0.001"/>
  <testcase classname="org.bukkit.craftbukkit.inventory.FactoryItemMaterialTest" name="asMetaFor[Material[88]:BRICK_STAIRS]" time="0.009"/>
  <testcase classname="org.bukkit.craftbukkit.inventory.FactoryItemMaterialTest" name="itemStack[Material[88]:BRICK_STAIRS]" time="0"/>
  <testcase classname="org.bukkit.craftbukkit.inventory.FactoryItemMaterialTest" name="blankEqualities[Material[89]:BROWN_BANNER]" time="0.008"/>
  <testcase classname="org.bukkit.craftbukkit.inventory.FactoryItemMaterialTest" name="generalCase[Material[89]:BROWN_BANNER]" time="0"/>
  <testcase classname="org.bukkit.craftbukkit.inventory.FactoryItemMaterialTest" name="asMetaFor[Material[89]:BROWN_BANNER]" time="0.01"/>
  <testcase classname="org.bukkit.craftbukkit.inventory.FactoryItemMaterialTest" name="itemStack[Material[89]:BROWN_BANNER]" time="0.001"/>
  <testcase classname="org.bukkit.craftbukkit.inventory.FactoryItemMaterialTest" name="blankEqualities[Material[90]:BROWN_BED]" time="0.007"/>
  <testcase classname="org.bukkit.craftbukkit.inventory.FactoryItemMaterialTest" name="generalCase[Material[90]:BROWN_BED]" time="0"/>
  <testcase classname="org.bukkit.craftbukkit.inventory.FactoryItemMaterialTest" name="asMetaFor[Material[90]:BROWN_BED]" time="0.009"/>
  <testcase classname="org.bukkit.craftbukkit.inventory.FactoryItemMaterialTest" name="itemStack[Material[90]:BROWN_BED]" time="0"/>
  <testcase classname="org.bukkit.craftbukkit.inventory.FactoryItemMaterialTest" name="blankEqualities[Material[91]:BROWN_CARPET]" time="0.008"/>
  <testcase classname="org.bukkit.craftbukkit.inventory.FactoryItemMaterialTest" name="generalCase[Material[91]:BROWN_CARPET]" time="0.001"/>
  <testcase classname="org.bukkit.craftbukkit.inventory.FactoryItemMaterialTest" name="asMetaFor[Material[91]:BROWN_CARPET]" time="0.009"/>
  <testcase classname="org.bukkit.craftbukkit.inventory.FactoryItemMaterialTest" name="itemStack[Material[91]:BROWN_CARPET]" time="0"/>
  <testcase classname="org.bukkit.craftbukkit.inventory.FactoryItemMaterialTest" name="blankEqualities[Material[92]:BROWN_CONCRETE]" time="0.007"/>
  <testcase classname="org.bukkit.craftbukkit.inventory.FactoryItemMaterialTest" name="generalCase[Material[92]:BROWN_CONCRETE]" time="0.001"/>
  <testcase classname="org.bukkit.craftbukkit.inventory.FactoryItemMaterialTest" name="asMetaFor[Material[92]:BROWN_CONCRETE]" time="0.009"/>
  <testcase classname="org.bukkit.craftbukkit.inventory.FactoryItemMaterialTest" name="itemStack[Material[92]:BROWN_CONCRETE]" time="0.001"/>
  <testcase classname="org.bukkit.craftbukkit.inventory.FactoryItemMaterialTest" name="blankEqualities[Material[93]:BROWN_CONCRETE_POWDER]" time="0.007"/>
  <testcase classname="org.bukkit.craftbukkit.inventory.FactoryItemMaterialTest" name="generalCase[Material[93]:BROWN_CONCRETE_POWDER]" time="0.001"/>
  <testcase classname="org.bukkit.craftbukkit.inventory.FactoryItemMaterialTest" name="asMetaFor[Material[93]:BROWN_CONCRETE_POWDER]" time="0.009"/>
  <testcase classname="org.bukkit.craftbukkit.inventory.FactoryItemMaterialTest" name="itemStack[Material[93]:BROWN_CONCRETE_POWDER]" time="0.001"/>
  <testcase classname="org.bukkit.craftbukkit.inventory.FactoryItemMaterialTest" name="blankEqualities[Material[94]:BROWN_GLAZED_TERRACOTTA]" time="0.028"/>
  <testcase classname="org.bukkit.craftbukkit.inventory.FactoryItemMaterialTest" name="generalCase[Material[94]:BROWN_GLAZED_TERRACOTTA]" time="0"/>
  <testcase classname="org.bukkit.craftbukkit.inventory.FactoryItemMaterialTest" name="asMetaFor[Material[94]:BROWN_GLAZED_TERRACOTTA]" time="0.011"/>
  <testcase classname="org.bukkit.craftbukkit.inventory.FactoryItemMaterialTest" name="itemStack[Material[94]:BROWN_GLAZED_TERRACOTTA]" time="0"/>
  <testcase classname="org.bukkit.craftbukkit.inventory.FactoryItemMaterialTest" name="blankEqualities[Material[95]:BROWN_MUSHROOM]" time="0.007"/>
  <testcase classname="org.bukkit.craftbukkit.inventory.FactoryItemMaterialTest" name="generalCase[Material[95]:BROWN_MUSHROOM]" time="0"/>
  <testcase classname="org.bukkit.craftbukkit.inventory.FactoryItemMaterialTest" name="asMetaFor[Material[95]:BROWN_MUSHROOM]" time="0.009"/>
  <testcase classname="org.bukkit.craftbukkit.inventory.FactoryItemMaterialTest" name="itemStack[Material[95]:BROWN_MUSHROOM]" time="0"/>
  <testcase classname="org.bukkit.craftbukkit.inventory.FactoryItemMaterialTest" name="blankEqualities[Material[96]:BROWN_MUSHROOM_BLOCK]" time="0.007"/>
  <testcase classname="org.bukkit.craftbukkit.inventory.FactoryItemMaterialTest" name="generalCase[Material[96]:BROWN_MUSHROOM_BLOCK]" time="0"/>
  <testcase classname="org.bukkit.craftbukkit.inventory.FactoryItemMaterialTest" name="asMetaFor[Material[96]:BROWN_MUSHROOM_BLOCK]" time="0.009"/>
  <testcase classname="org.bukkit.craftbukkit.inventory.FactoryItemMaterialTest" name="itemStack[Material[96]:BROWN_MUSHROOM_BLOCK]" time="0"/>
  <testcase classname="org.bukkit.craftbukkit.inventory.FactoryItemMaterialTest" name="blankEqualities[Material[97]:BROWN_SHULKER_BOX]" time="0.008"/>
  <testcase classname="org.bukkit.craftbukkit.inventory.FactoryItemMaterialTest" name="generalCase[Material[97]:BROWN_SHULKER_BOX]" time="0"/>
  <testcase classname="org.bukkit.craftbukkit.inventory.FactoryItemMaterialTest" name="asMetaFor[Material[97]:BROWN_SHULKER_BOX]" time="0.01"/>
  <testcase classname="org.bukkit.craftbukkit.inventory.FactoryItemMaterialTest" name="itemStack[Material[97]:BROWN_SHULKER_BOX]" time="0"/>
  <testcase classname="org.bukkit.craftbukkit.inventory.FactoryItemMaterialTest" name="blankEqualities[Material[98]:BROWN_STAINED_GLASS]" time="0.007"/>
  <testcase classname="org.bukkit.craftbukkit.inventory.FactoryItemMaterialTest" name="generalCase[Material[98]:BROWN_STAINED_GLASS]" time="0"/>
  <testcase classname="org.bukkit.craftbukkit.inventory.FactoryItemMaterialTest" name="asMetaFor[Material[98]:BROWN_STAINED_GLASS]" time="0.009"/>
  <testcase classname="org.bukkit.craftbukkit.inventory.FactoryItemMaterialTest" name="itemStack[Material[98]:BROWN_STAINED_GLASS]" time="0"/>
  <testcase classname="org.bukkit.craftbukkit.inventory.FactoryItemMaterialTest" name="blankEqualities[Material[99]:BROWN_STAINED_GLASS_PANE]" time="0.007"/>
  <testcase classname="org.bukkit.craftbukkit.inventory.FactoryItemMaterialTest" name="generalCase[Material[99]:BROWN_STAINED_GLASS_PANE]" time="0"/>
  <testcase classname="org.bukkit.craftbukkit.inventory.FactoryItemMaterialTest" name="asMetaFor[Material[99]:BROWN_STAINED_GLASS_PANE]" time="0.009"/>
  <testcase classname="org.bukkit.craftbukkit.inventory.FactoryItemMaterialTest" name="itemStack[Material[99]:BROWN_STAINED_GLASS_PANE]" time="0"/>
  <testcase classname="org.bukkit.craftbukkit.inventory.FactoryItemMaterialTest" name="blankEqualities[Material[100]:BROWN_TERRACOTTA]" time="0.007"/>
  <testcase classname="org.bukkit.craftbukkit.inventory.FactoryItemMaterialTest" name="generalCase[Material[100]:BROWN_TERRACOTTA]" time="0"/>
  <testcase classname="org.bukkit.craftbukkit.inventory.FactoryItemMaterialTest" name="asMetaFor[Material[100]:BROWN_TERRACOTTA]" time="0.009"/>
  <testcase classname="org.bukkit.craftbukkit.inventory.FactoryItemMaterialTest" name="itemStack[Material[100]:BROWN_TERRACOTTA]" time="0.001"/>
  <testcase classname="org.bukkit.craftbukkit.inventory.FactoryItemMaterialTest" name="blankEqualities[Material[101]:BROWN_WOOL]" time="0.007"/>
  <testcase classname="org.bukkit.craftbukkit.inventory.FactoryItemMaterialTest" name="generalCase[Material[101]:BROWN_WOOL]" time="0.001"/>
  <testcase classname="org.bukkit.craftbukkit.inventory.FactoryItemMaterialTest" name="asMetaFor[Material[101]:BROWN_WOOL]" time="0.009"/>
  <testcase classname="org.bukkit.craftbukkit.inventory.FactoryItemMaterialTest" name="itemStack[Material[101]:BROWN_WOOL]" time="0.001"/>
  <testcase classname="org.bukkit.craftbukkit.inventory.FactoryItemMaterialTest" name="blankEqualities[Material[102]:BUBBLE_CORAL]" time="0.007"/>
  <testcase classname="org.bukkit.craftbukkit.inventory.FactoryItemMaterialTest" name="generalCase[Material[102]:BUBBLE_CORAL]" time="0.001"/>
  <testcase classname="org.bukkit.craftbukkit.inventory.FactoryItemMaterialTest" name="asMetaFor[Material[102]:BUBBLE_CORAL]" time="0.009"/>
  <testcase classname="org.bukkit.craftbukkit.inventory.FactoryItemMaterialTest" name="itemStack[Material[102]:BUBBLE_CORAL]" time="0"/>
  <testcase classname="org.bukkit.craftbukkit.inventory.FactoryItemMaterialTest" name="blankEqualities[Material[103]:BUBBLE_CORAL_BLOCK]" time="0.007"/>
  <testcase classname="org.bukkit.craftbukkit.inventory.FactoryItemMaterialTest" name="generalCase[Material[103]:BUBBLE_CORAL_BLOCK]" time="0"/>
  <testcase classname="org.bukkit.craftbukkit.inventory.FactoryItemMaterialTest" name="asMetaFor[Material[103]:BUBBLE_CORAL_BLOCK]" time="0.009"/>
  <testcase classname="org.bukkit.craftbukkit.inventory.FactoryItemMaterialTest" name="itemStack[Material[103]:BUBBLE_CORAL_BLOCK]" time="0"/>
  <testcase classname="org.bukkit.craftbukkit.inventory.FactoryItemMaterialTest" name="blankEqualities[Material[104]:BUBBLE_CORAL_FAN]" time="0.007"/>
  <testcase classname="org.bukkit.craftbukkit.inventory.FactoryItemMaterialTest" name="generalCase[Material[104]:BUBBLE_CORAL_FAN]" time="0.001"/>
  <testcase classname="org.bukkit.craftbukkit.inventory.FactoryItemMaterialTest" name="asMetaFor[Material[104]:BUBBLE_CORAL_FAN]" time="0.009"/>
  <testcase classname="org.bukkit.craftbukkit.inventory.FactoryItemMaterialTest" name="itemStack[Material[104]:BUBBLE_CORAL_FAN]" time="0"/>
  <testcase classname="org.bukkit.craftbukkit.inventory.FactoryItemMaterialTest" name="blankEqualities[Material[105]:BUCKET]" time="0.006"/>
  <testcase classname="org.bukkit.craftbukkit.inventory.FactoryItemMaterialTest" name="generalCase[Material[105]:BUCKET]" time="0"/>
  <testcase classname="org.bukkit.craftbukkit.inventory.FactoryItemMaterialTest" name="asMetaFor[Material[105]:BUCKET]" time="0.009"/>
  <testcase classname="org.bukkit.craftbukkit.inventory.FactoryItemMaterialTest" name="itemStack[Material[105]:BUCKET]" time="0.001"/>
  <testcase classname="org.bukkit.craftbukkit.inventory.FactoryItemMaterialTest" name="blankEqualities[Material[106]:CACTUS]" time="0.007"/>
  <testcase classname="org.bukkit.craftbukkit.inventory.FactoryItemMaterialTest" name="generalCase[Material[106]:CACTUS]" time="0"/>
  <testcase classname="org.bukkit.craftbukkit.inventory.FactoryItemMaterialTest" name="asMetaFor[Material[106]:CACTUS]" time="0.009"/>
  <testcase classname="org.bukkit.craftbukkit.inventory.FactoryItemMaterialTest" name="itemStack[Material[106]:CACTUS]" time="0"/>
  <testcase classname="org.bukkit.craftbukkit.inventory.FactoryItemMaterialTest" name="blankEqualities[Material[107]:CACTUS_GREEN]" time="0.006"/>
  <testcase classname="org.bukkit.craftbukkit.inventory.FactoryItemMaterialTest" name="generalCase[Material[107]:CACTUS_GREEN]" time="0"/>
  <testcase classname="org.bukkit.craftbukkit.inventory.FactoryItemMaterialTest" name="asMetaFor[Material[107]:CACTUS_GREEN]" time="0.009"/>
  <testcase classname="org.bukkit.craftbukkit.inventory.FactoryItemMaterialTest" name="itemStack[Material[107]:CACTUS_GREEN]" time="0.001"/>
  <testcase classname="org.bukkit.craftbukkit.inventory.FactoryItemMaterialTest" name="blankEqualities[Material[108]:CAKE]" time="0.027"/>
  <testcase classname="org.bukkit.craftbukkit.inventory.FactoryItemMaterialTest" name="generalCase[Material[108]:CAKE]" time="0"/>
  <testcase classname="org.bukkit.craftbukkit.inventory.FactoryItemMaterialTest" name="asMetaFor[Material[108]:CAKE]" time="0.009"/>
  <testcase classname="org.bukkit.craftbukkit.inventory.FactoryItemMaterialTest" name="itemStack[Material[108]:CAKE]" time="0"/>
  <testcase classname="org.bukkit.craftbukkit.inventory.FactoryItemMaterialTest" name="blankEqualities[Material[109]:CARROT]" time="0.007"/>
  <testcase classname="org.bukkit.craftbukkit.inventory.FactoryItemMaterialTest" name="generalCase[Material[109]:CARROT]" time="0.001"/>
  <testcase classname="org.bukkit.craftbukkit.inventory.FactoryItemMaterialTest" name="asMetaFor[Material[109]:CARROT]" time="0.009"/>
  <testcase classname="org.bukkit.craftbukkit.inventory.FactoryItemMaterialTest" name="itemStack[Material[109]:CARROT]" time="0"/>
  <testcase classname="org.bukkit.craftbukkit.inventory.FactoryItemMaterialTest" name="blankEqualities[Material[110]:CARROT_ON_A_STICK]" time="0.007"/>
  <testcase classname="org.bukkit.craftbukkit.inventory.FactoryItemMaterialTest" name="generalCase[Material[110]:CARROT_ON_A_STICK]" time="0.001"/>
  <testcase classname="org.bukkit.craftbukkit.inventory.FactoryItemMaterialTest" name="asMetaFor[Material[110]:CARROT_ON_A_STICK]" time="0.009"/>
  <testcase classname="org.bukkit.craftbukkit.inventory.FactoryItemMaterialTest" name="itemStack[Material[110]:CARROT_ON_A_STICK]" time="0"/>
  <testcase classname="org.bukkit.craftbukkit.inventory.FactoryItemMaterialTest" name="blankEqualities[Material[111]:CARVED_PUMPKIN]" time="0.007"/>
  <testcase classname="org.bukkit.craftbukkit.inventory.FactoryItemMaterialTest" name="generalCase[Material[111]:CARVED_PUMPKIN]" time="0"/>
  <testcase classname="org.bukkit.craftbukkit.inventory.FactoryItemMaterialTest" name="asMetaFor[Material[111]:CARVED_PUMPKIN]" time="0.009"/>
  <testcase classname="org.bukkit.craftbukkit.inventory.FactoryItemMaterialTest" name="itemStack[Material[111]:CARVED_PUMPKIN]" time="0.001"/>
  <testcase classname="org.bukkit.craftbukkit.inventory.FactoryItemMaterialTest" name="blankEqualities[Material[112]:CAULDRON]" time="0.007"/>
  <testcase classname="org.bukkit.craftbukkit.inventory.FactoryItemMaterialTest" name="generalCase[Material[112]:CAULDRON]" time="0"/>
  <testcase classname="org.bukkit.craftbukkit.inventory.FactoryItemMaterialTest" name="asMetaFor[Material[112]:CAULDRON]" time="0.009"/>
  <testcase classname="org.bukkit.craftbukkit.inventory.FactoryItemMaterialTest" name="itemStack[Material[112]:CAULDRON]" time="0.001"/>
  <testcase classname="org.bukkit.craftbukkit.inventory.FactoryItemMaterialTest" name="blankEqualities[Material[113]:CAVE_SPIDER_SPAWN_EGG]" time="0.009"/>
  <testcase classname="org.bukkit.craftbukkit.inventory.FactoryItemMaterialTest" name="generalCase[Material[113]:CAVE_SPIDER_SPAWN_EGG]" time="0.001"/>
  <testcase classname="org.bukkit.craftbukkit.inventory.FactoryItemMaterialTest" name="asMetaFor[Material[113]:CAVE_SPIDER_SPAWN_EGG]" time="0.01"/>
  <testcase classname="org.bukkit.craftbukkit.inventory.FactoryItemMaterialTest" name="itemStack[Material[113]:CAVE_SPIDER_SPAWN_EGG]" time="0.001"/>
  <testcase classname="org.bukkit.craftbukkit.inventory.FactoryItemMaterialTest" name="blankEqualities[Material[114]:CHAINMAIL_BOOTS]" time="0.007"/>
  <testcase classname="org.bukkit.craftbukkit.inventory.FactoryItemMaterialTest" name="generalCase[Material[114]:CHAINMAIL_BOOTS]" time="0"/>
  <testcase classname="org.bukkit.craftbukkit.inventory.FactoryItemMaterialTest" name="asMetaFor[Material[114]:CHAINMAIL_BOOTS]" time="0.01"/>
  <testcase classname="org.bukkit.craftbukkit.inventory.FactoryItemMaterialTest" name="itemStack[Material[114]:CHAINMAIL_BOOTS]" time="0"/>
  <testcase classname="org.bukkit.craftbukkit.inventory.FactoryItemMaterialTest" name="blankEqualities[Material[115]:CHAINMAIL_CHESTPLATE]" time="0.007"/>
  <testcase classname="org.bukkit.craftbukkit.inventory.FactoryItemMaterialTest" name="generalCase[Material[115]:CHAINMAIL_CHESTPLATE]" time="0.001"/>
  <testcase classname="org.bukkit.craftbukkit.inventory.FactoryItemMaterialTest" name="asMetaFor[Material[115]:CHAINMAIL_CHESTPLATE]" time="0.009"/>
  <testcase classname="org.bukkit.craftbukkit.inventory.FactoryItemMaterialTest" name="itemStack[Material[115]:CHAINMAIL_CHESTPLATE]" time="0"/>
  <testcase classname="org.bukkit.craftbukkit.inventory.FactoryItemMaterialTest" name="blankEqualities[Material[116]:CHAINMAIL_HELMET]" time="0.007"/>
  <testcase classname="org.bukkit.craftbukkit.inventory.FactoryItemMaterialTest" name="generalCase[Material[116]:CHAINMAIL_HELMET]" time="0"/>
  <testcase classname="org.bukkit.craftbukkit.inventory.FactoryItemMaterialTest" name="asMetaFor[Material[116]:CHAINMAIL_HELMET]" time="0.009"/>
  <testcase classname="org.bukkit.craftbukkit.inventory.FactoryItemMaterialTest" name="itemStack[Material[116]:CHAINMAIL_HELMET]" time="0.001"/>
  <testcase classname="org.bukkit.craftbukkit.inventory.FactoryItemMaterialTest" name="blankEqualities[Material[117]:CHAINMAIL_LEGGINGS]" time="0.007"/>
  <testcase classname="org.bukkit.craftbukkit.inventory.FactoryItemMaterialTest" name="generalCase[Material[117]:CHAINMAIL_LEGGINGS]" time="0"/>
  <testcase classname="org.bukkit.craftbukkit.inventory.FactoryItemMaterialTest" name="asMetaFor[Material[117]:CHAINMAIL_LEGGINGS]" time="0.009"/>
  <testcase classname="org.bukkit.craftbukkit.inventory.FactoryItemMaterialTest" name="itemStack[Material[117]:CHAINMAIL_LEGGINGS]" time="0"/>
  <testcase classname="org.bukkit.craftbukkit.inventory.FactoryItemMaterialTest" name="blankEqualities[Material[118]:CHAIN_COMMAND_BLOCK]" time="0.007"/>
  <testcase classname="org.bukkit.craftbukkit.inventory.FactoryItemMaterialTest" name="generalCase[Material[118]:CHAIN_COMMAND_BLOCK]" time="0"/>
  <testcase classname="org.bukkit.craftbukkit.inventory.FactoryItemMaterialTest" name="asMetaFor[Material[118]:CHAIN_COMMAND_BLOCK]" time="0.024"/>
  <testcase classname="org.bukkit.craftbukkit.inventory.FactoryItemMaterialTest" name="itemStack[Material[118]:CHAIN_COMMAND_BLOCK]" time="0.001"/>
  <testcase classname="org.bukkit.craftbukkit.inventory.FactoryItemMaterialTest" name="blankEqualities[Material[119]:CHARCOAL]" time="0.007"/>
  <testcase classname="org.bukkit.craftbukkit.inventory.FactoryItemMaterialTest" name="generalCase[Material[119]:CHARCOAL]" time="0"/>
  <testcase classname="org.bukkit.craftbukkit.inventory.FactoryItemMaterialTest" name="asMetaFor[Material[119]:CHARCOAL]" time="0.009"/>
  <testcase classname="org.bukkit.craftbukkit.inventory.FactoryItemMaterialTest" name="itemStack[Material[119]:CHARCOAL]" time="0"/>
  <testcase classname="org.bukkit.craftbukkit.inventory.FactoryItemMaterialTest" name="blankEqualities[Material[120]:CHEST]" time="0.007"/>
  <testcase classname="org.bukkit.craftbukkit.inventory.FactoryItemMaterialTest" name="generalCase[Material[120]:CHEST]" time="0"/>
  <testcase classname="org.bukkit.craftbukkit.inventory.FactoryItemMaterialTest" name="asMetaFor[Material[120]:CHEST]" time="0.01"/>
  <testcase classname="org.bukkit.craftbukkit.inventory.FactoryItemMaterialTest" name="itemStack[Material[120]:CHEST]" time="0.001"/>
  <testcase classname="org.bukkit.craftbukkit.inventory.FactoryItemMaterialTest" name="blankEqualities[Material[121]:CHEST_MINECART]" time="0.007"/>
  <testcase classname="org.bukkit.craftbukkit.inventory.FactoryItemMaterialTest" name="generalCase[Material[121]:CHEST_MINECART]" time="0"/>
  <testcase classname="org.bukkit.craftbukkit.inventory.FactoryItemMaterialTest" name="asMetaFor[Material[121]:CHEST_MINECART]" time="0.009"/>
  <testcase classname="org.bukkit.craftbukkit.inventory.FactoryItemMaterialTest" name="itemStack[Material[121]:CHEST_MINECART]" time="0.001"/>
  <testcase classname="org.bukkit.craftbukkit.inventory.FactoryItemMaterialTest" name="blankEqualities[Material[122]:CHICKEN]" time="0.007"/>
  <testcase classname="org.bukkit.craftbukkit.inventory.FactoryItemMaterialTest" name="generalCase[Material[122]:CHICKEN]" time="0.004"/>
  <testcase classname="org.bukkit.craftbukkit.inventory.FactoryItemMaterialTest" name="asMetaFor[Material[122]:CHICKEN]" time="0.009"/>
  <testcase classname="org.bukkit.craftbukkit.inventory.FactoryItemMaterialTest" name="itemStack[Material[122]:CHICKEN]" time="0"/>
  <testcase classname="org.bukkit.craftbukkit.inventory.FactoryItemMaterialTest" name="blankEqualities[Material[123]:CHICKEN_SPAWN_EGG]" time="0.007"/>
  <testcase classname="org.bukkit.craftbukkit.inventory.FactoryItemMaterialTest" name="generalCase[Material[123]:CHICKEN_SPAWN_EGG]" time="0"/>
  <testcase classname="org.bukkit.craftbukkit.inventory.FactoryItemMaterialTest" name="asMetaFor[Material[123]:CHICKEN_SPAWN_EGG]" time="0.009"/>
  <testcase classname="org.bukkit.craftbukkit.inventory.FactoryItemMaterialTest" name="itemStack[Material[123]:CHICKEN_SPAWN_EGG]" time="0"/>
  <testcase classname="org.bukkit.craftbukkit.inventory.FactoryItemMaterialTest" name="blankEqualities[Material[124]:CHIPPED_ANVIL]" time="0.007"/>
  <testcase classname="org.bukkit.craftbukkit.inventory.FactoryItemMaterialTest" name="generalCase[Material[124]:CHIPPED_ANVIL]" time="0"/>
  <testcase classname="org.bukkit.craftbukkit.inventory.FactoryItemMaterialTest" name="asMetaFor[Material[124]:CHIPPED_ANVIL]" time="0.009"/>
  <testcase classname="org.bukkit.craftbukkit.inventory.FactoryItemMaterialTest" name="itemStack[Material[124]:CHIPPED_ANVIL]" time="0.001"/>
  <testcase classname="org.bukkit.craftbukkit.inventory.FactoryItemMaterialTest" name="blankEqualities[Material[125]:CHISELED_QUARTZ_BLOCK]" time="0.007"/>
  <testcase classname="org.bukkit.craftbukkit.inventory.FactoryItemMaterialTest" name="generalCase[Material[125]:CHISELED_QUARTZ_BLOCK]" time="0"/>
  <testcase classname="org.bukkit.craftbukkit.inventory.FactoryItemMaterialTest" name="asMetaFor[Material[125]:CHISELED_QUARTZ_BLOCK]" time="0.009"/>
  <testcase classname="org.bukkit.craftbukkit.inventory.FactoryItemMaterialTest" name="itemStack[Material[125]:CHISELED_QUARTZ_BLOCK]" time="0.001"/>
  <testcase classname="org.bukkit.craftbukkit.inventory.FactoryItemMaterialTest" name="blankEqualities[Material[126]:CHISELED_RED_SANDSTONE]" time="0.007"/>
  <testcase classname="org.bukkit.craftbukkit.inventory.FactoryItemMaterialTest" name="generalCase[Material[126]:CHISELED_RED_SANDSTONE]" time="0.001"/>
  <testcase classname="org.bukkit.craftbukkit.inventory.FactoryItemMaterialTest" name="asMetaFor[Material[126]:CHISELED_RED_SANDSTONE]" time="0.009"/>
  <testcase classname="org.bukkit.craftbukkit.inventory.FactoryItemMaterialTest" name="itemStack[Material[126]:CHISELED_RED_SANDSTONE]" time="0"/>
  <testcase classname="org.bukkit.craftbukkit.inventory.FactoryItemMaterialTest" name="blankEqualities[Material[127]:CHISELED_SANDSTONE]" time="0.006"/>
  <testcase classname="org.bukkit.craftbukkit.inventory.FactoryItemMaterialTest" name="generalCase[Material[127]:CHISELED_SANDSTONE]" time="0"/>
  <testcase classname="org.bukkit.craftbukkit.inventory.FactoryItemMaterialTest" name="asMetaFor[Material[127]:CHISELED_SANDSTONE]" time="0.009"/>
  <testcase classname="org.bukkit.craftbukkit.inventory.FactoryItemMaterialTest" name="itemStack[Material[127]:CHISELED_SANDSTONE]" time="0"/>
  <testcase classname="org.bukkit.craftbukkit.inventory.FactoryItemMaterialTest" name="blankEqualities[Material[128]:CHISELED_STONE_BRICKS]" time="0.007"/>
  <testcase classname="org.bukkit.craftbukkit.inventory.FactoryItemMaterialTest" name="generalCase[Material[128]:CHISELED_STONE_BRICKS]" time="0"/>
  <testcase classname="org.bukkit.craftbukkit.inventory.FactoryItemMaterialTest" name="asMetaFor[Material[128]:CHISELED_STONE_BRICKS]" time="0.009"/>
  <testcase classname="org.bukkit.craftbukkit.inventory.FactoryItemMaterialTest" name="itemStack[Material[128]:CHISELED_STONE_BRICKS]" time="0"/>
  <testcase classname="org.bukkit.craftbukkit.inventory.FactoryItemMaterialTest" name="blankEqualities[Material[129]:CHORUS_FLOWER]" time="0.007"/>
  <testcase classname="org.bukkit.craftbukkit.inventory.FactoryItemMaterialTest" name="generalCase[Material[129]:CHORUS_FLOWER]" time="0"/>
  <testcase classname="org.bukkit.craftbukkit.inventory.FactoryItemMaterialTest" name="asMetaFor[Material[129]:CHORUS_FLOWER]" time="0.009"/>
  <testcase classname="org.bukkit.craftbukkit.inventory.FactoryItemMaterialTest" name="itemStack[Material[129]:CHORUS_FLOWER]" time="0"/>
  <testcase classname="org.bukkit.craftbukkit.inventory.FactoryItemMaterialTest" name="blankEqualities[Material[130]:CHORUS_FRUIT]" time="0.007"/>
  <testcase classname="org.bukkit.craftbukkit.inventory.FactoryItemMaterialTest" name="generalCase[Material[130]:CHORUS_FRUIT]" time="0.001"/>
  <testcase classname="org.bukkit.craftbukkit.inventory.FactoryItemMaterialTest" name="asMetaFor[Material[130]:CHORUS_FRUIT]" time="0.009"/>
  <testcase classname="org.bukkit.craftbukkit.inventory.FactoryItemMaterialTest" name="itemStack[Material[130]:CHORUS_FRUIT]" time="0"/>
  <testcase classname="org.bukkit.craftbukkit.inventory.FactoryItemMaterialTest" name="blankEqualities[Material[131]:CHORUS_PLANT]" time="0.006"/>
  <testcase classname="org.bukkit.craftbukkit.inventory.FactoryItemMaterialTest" name="generalCase[Material[131]:CHORUS_PLANT]" time="0"/>
  <testcase classname="org.bukkit.craftbukkit.inventory.FactoryItemMaterialTest" name="asMetaFor[Material[131]:CHORUS_PLANT]" time="0.009"/>
  <testcase classname="org.bukkit.craftbukkit.inventory.FactoryItemMaterialTest" name="itemStack[Material[131]:CHORUS_PLANT]" time="0.001"/>
  <testcase classname="org.bukkit.craftbukkit.inventory.FactoryItemMaterialTest" name="blankEqualities[Material[132]:CLAY]" time="0.007"/>
  <testcase classname="org.bukkit.craftbukkit.inventory.FactoryItemMaterialTest" name="generalCase[Material[132]:CLAY]" time="0"/>
  <testcase classname="org.bukkit.craftbukkit.inventory.FactoryItemMaterialTest" name="asMetaFor[Material[132]:CLAY]" time="0.009"/>
  <testcase classname="org.bukkit.craftbukkit.inventory.FactoryItemMaterialTest" name="itemStack[Material[132]:CLAY]" time="0"/>
  <testcase classname="org.bukkit.craftbukkit.inventory.FactoryItemMaterialTest" name="blankEqualities[Material[133]:CLAY_BALL]" time="0.007"/>
  <testcase classname="org.bukkit.craftbukkit.inventory.FactoryItemMaterialTest" name="generalCase[Material[133]:CLAY_BALL]" time="0.001"/>
  <testcase classname="org.bukkit.craftbukkit.inventory.FactoryItemMaterialTest" name="asMetaFor[Material[133]:CLAY_BALL]" time="0.009"/>
  <testcase classname="org.bukkit.craftbukkit.inventory.FactoryItemMaterialTest" name="itemStack[Material[133]:CLAY_BALL]" time="0"/>
  <testcase classname="org.bukkit.craftbukkit.inventory.FactoryItemMaterialTest" name="blankEqualities[Material[134]:CLOCK]" time="0.006"/>
  <testcase classname="org.bukkit.craftbukkit.inventory.FactoryItemMaterialTest" name="generalCase[Material[134]:CLOCK]" time="0"/>
  <testcase classname="org.bukkit.craftbukkit.inventory.FactoryItemMaterialTest" name="asMetaFor[Material[134]:CLOCK]" time="0.009"/>
  <testcase classname="org.bukkit.craftbukkit.inventory.FactoryItemMaterialTest" name="itemStack[Material[134]:CLOCK]" time="0"/>
  <testcase classname="org.bukkit.craftbukkit.inventory.FactoryItemMaterialTest" name="blankEqualities[Material[135]:COAL]" time="0.007"/>
  <testcase classname="org.bukkit.craftbukkit.inventory.FactoryItemMaterialTest" name="generalCase[Material[135]:COAL]" time="0"/>
  <testcase classname="org.bukkit.craftbukkit.inventory.FactoryItemMaterialTest" name="asMetaFor[Material[135]:COAL]" time="0.009"/>
  <testcase classname="org.bukkit.craftbukkit.inventory.FactoryItemMaterialTest" name="itemStack[Material[135]:COAL]" time="0.001"/>
  <testcase classname="org.bukkit.craftbukkit.inventory.FactoryItemMaterialTest" name="blankEqualities[Material[136]:COAL_BLOCK]" time="0.007"/>
  <testcase classname="org.bukkit.craftbukkit.inventory.FactoryItemMaterialTest" name="generalCase[Material[136]:COAL_BLOCK]" time="0"/>
  <testcase classname="org.bukkit.craftbukkit.inventory.FactoryItemMaterialTest" name="asMetaFor[Material[136]:COAL_BLOCK]" time="0.008"/>
  <testcase classname="org.bukkit.craftbukkit.inventory.FactoryItemMaterialTest" name="itemStack[Material[136]:COAL_BLOCK]" time="0"/>
  <testcase classname="org.bukkit.craftbukkit.inventory.FactoryItemMaterialTest" name="blankEqualities[Material[137]:COAL_ORE]" time="0.007"/>
  <testcase classname="org.bukkit.craftbukkit.inventory.FactoryItemMaterialTest" name="generalCase[Material[137]:COAL_ORE]" time="0.001"/>
  <testcase classname="org.bukkit.craftbukkit.inventory.FactoryItemMaterialTest" name="asMetaFor[Material[137]:COAL_ORE]" time="0.009"/>
  <testcase classname="org.bukkit.craftbukkit.inventory.FactoryItemMaterialTest" name="itemStack[Material[137]:COAL_ORE]" time="0"/>
  <testcase classname="org.bukkit.craftbukkit.inventory.FactoryItemMaterialTest" name="blankEqualities[Material[138]:COARSE_DIRT]" time="0.006"/>
  <testcase classname="org.bukkit.craftbukkit.inventory.FactoryItemMaterialTest" name="generalCase[Material[138]:COARSE_DIRT]" time="0"/>
  <testcase classname="org.bukkit.craftbukkit.inventory.FactoryItemMaterialTest" name="asMetaFor[Material[138]:COARSE_DIRT]" time="0.02"/>
  <testcase classname="org.bukkit.craftbukkit.inventory.FactoryItemMaterialTest" name="itemStack[Material[138]:COARSE_DIRT]" time="0"/>
  <testcase classname="org.bukkit.craftbukkit.inventory.FactoryItemMaterialTest" name="blankEqualities[Material[139]:COBBLESTONE]" time="0.007"/>
  <testcase classname="org.bukkit.craftbukkit.inventory.FactoryItemMaterialTest" name="generalCase[Material[139]:COBBLESTONE]" time="0.001"/>
  <testcase classname="org.bukkit.craftbukkit.inventory.FactoryItemMaterialTest" name="asMetaFor[Material[139]:COBBLESTONE]" time="0.009"/>
  <testcase classname="org.bukkit.craftbukkit.inventory.FactoryItemMaterialTest" name="itemStack[Material[139]:COBBLESTONE]" time="0.001"/>
  <testcase classname="org.bukkit.craftbukkit.inventory.FactoryItemMaterialTest" name="blankEqualities[Material[140]:COBBLESTONE_SLAB]" time="0.006"/>
  <testcase classname="org.bukkit.craftbukkit.inventory.FactoryItemMaterialTest" name="generalCase[Material[140]:COBBLESTONE_SLAB]" time="0"/>
  <testcase classname="org.bukkit.craftbukkit.inventory.FactoryItemMaterialTest" name="asMetaFor[Material[140]:COBBLESTONE_SLAB]" time="0.009"/>
  <testcase classname="org.bukkit.craftbukkit.inventory.FactoryItemMaterialTest" name="itemStack[Material[140]:COBBLESTONE_SLAB]" time="0.001"/>
  <testcase classname="org.bukkit.craftbukkit.inventory.FactoryItemMaterialTest" name="blankEqualities[Material[141]:COBBLESTONE_STAIRS]" time="0.007"/>
  <testcase classname="org.bukkit.craftbukkit.inventory.FactoryItemMaterialTest" name="generalCase[Material[141]:COBBLESTONE_STAIRS]" time="0"/>
  <testcase classname="org.bukkit.craftbukkit.inventory.FactoryItemMaterialTest" name="asMetaFor[Material[141]:COBBLESTONE_STAIRS]" time="0.01"/>
  <testcase classname="org.bukkit.craftbukkit.inventory.FactoryItemMaterialTest" name="itemStack[Material[141]:COBBLESTONE_STAIRS]" time="0.001"/>
  <testcase classname="org.bukkit.craftbukkit.inventory.FactoryItemMaterialTest" name="blankEqualities[Material[142]:COBBLESTONE_WALL]" time="0.007"/>
  <testcase classname="org.bukkit.craftbukkit.inventory.FactoryItemMaterialTest" name="generalCase[Material[142]:COBBLESTONE_WALL]" time="0"/>
  <testcase classname="org.bukkit.craftbukkit.inventory.FactoryItemMaterialTest" name="asMetaFor[Material[142]:COBBLESTONE_WALL]" time="0.009"/>
  <testcase classname="org.bukkit.craftbukkit.inventory.FactoryItemMaterialTest" name="itemStack[Material[142]:COBBLESTONE_WALL]" time="0.001"/>
  <testcase classname="org.bukkit.craftbukkit.inventory.FactoryItemMaterialTest" name="blankEqualities[Material[143]:COBWEB]" time="0.007"/>
  <testcase classname="org.bukkit.craftbukkit.inventory.FactoryItemMaterialTest" name="generalCase[Material[143]:COBWEB]" time="0"/>
  <testcase classname="org.bukkit.craftbukkit.inventory.FactoryItemMaterialTest" name="asMetaFor[Material[143]:COBWEB]" time="0.009"/>
  <testcase classname="org.bukkit.craftbukkit.inventory.FactoryItemMaterialTest" name="itemStack[Material[143]:COBWEB]" time="0"/>
  <testcase classname="org.bukkit.craftbukkit.inventory.FactoryItemMaterialTest" name="blankEqualities[Material[144]:COCOA_BEANS]" time="0.007"/>
  <testcase classname="org.bukkit.craftbukkit.inventory.FactoryItemMaterialTest" name="generalCase[Material[144]:COCOA_BEANS]" time="0"/>
  <testcase classname="org.bukkit.craftbukkit.inventory.FactoryItemMaterialTest" name="asMetaFor[Material[144]:COCOA_BEANS]" time="0.009"/>
  <testcase classname="org.bukkit.craftbukkit.inventory.FactoryItemMaterialTest" name="itemStack[Material[144]:COCOA_BEANS]" time="0"/>
  <testcase classname="org.bukkit.craftbukkit.inventory.FactoryItemMaterialTest" name="blankEqualities[Material[145]:COD]" time="0.007"/>
  <testcase classname="org.bukkit.craftbukkit.inventory.FactoryItemMaterialTest" name="generalCase[Material[145]:COD]" time="0"/>
  <testcase classname="org.bukkit.craftbukkit.inventory.FactoryItemMaterialTest" name="asMetaFor[Material[145]:COD]" time="0.009"/>
  <testcase classname="org.bukkit.craftbukkit.inventory.FactoryItemMaterialTest" name="itemStack[Material[145]:COD]" time="0.001"/>
  <testcase classname="org.bukkit.craftbukkit.inventory.FactoryItemMaterialTest" name="blankEqualities[Material[146]:COD_BUCKET]" time="0.007"/>
  <testcase classname="org.bukkit.craftbukkit.inventory.FactoryItemMaterialTest" name="generalCase[Material[146]:COD_BUCKET]" time="0.001"/>
  <testcase classname="org.bukkit.craftbukkit.inventory.FactoryItemMaterialTest" name="asMetaFor[Material[146]:COD_BUCKET]" time="0.009"/>
  <testcase classname="org.bukkit.craftbukkit.inventory.FactoryItemMaterialTest" name="itemStack[Material[146]:COD_BUCKET]" time="0"/>
  <testcase classname="org.bukkit.craftbukkit.inventory.FactoryItemMaterialTest" name="blankEqualities[Material[147]:COD_SPAWN_EGG]" time="0.007"/>
  <testcase classname="org.bukkit.craftbukkit.inventory.FactoryItemMaterialTest" name="generalCase[Material[147]:COD_SPAWN_EGG]" time="0"/>
  <testcase classname="org.bukkit.craftbukkit.inventory.FactoryItemMaterialTest" name="asMetaFor[Material[147]:COD_SPAWN_EGG]" time="0.009"/>
  <testcase classname="org.bukkit.craftbukkit.inventory.FactoryItemMaterialTest" name="itemStack[Material[147]:COD_SPAWN_EGG]" time="0"/>
  <testcase classname="org.bukkit.craftbukkit.inventory.FactoryItemMaterialTest" name="blankEqualities[Material[148]:COMMAND_BLOCK]" time="0.007"/>
  <testcase classname="org.bukkit.craftbukkit.inventory.FactoryItemMaterialTest" name="generalCase[Material[148]:COMMAND_BLOCK]" time="0.001"/>
  <testcase classname="org.bukkit.craftbukkit.inventory.FactoryItemMaterialTest" name="asMetaFor[Material[148]:COMMAND_BLOCK]" time="0.009"/>
  <testcase classname="org.bukkit.craftbukkit.inventory.FactoryItemMaterialTest" name="itemStack[Material[148]:COMMAND_BLOCK]" time="0.007"/>
  <testcase classname="org.bukkit.craftbukkit.inventory.FactoryItemMaterialTest" name="blankEqualities[Material[149]:COMMAND_BLOCK_MINECART]" time="0.007"/>
  <testcase classname="org.bukkit.craftbukkit.inventory.FactoryItemMaterialTest" name="generalCase[Material[149]:COMMAND_BLOCK_MINECART]" time="0"/>
  <testcase classname="org.bukkit.craftbukkit.inventory.FactoryItemMaterialTest" name="asMetaFor[Material[149]:COMMAND_BLOCK_MINECART]" time="0.009"/>
  <testcase classname="org.bukkit.craftbukkit.inventory.FactoryItemMaterialTest" name="itemStack[Material[149]:COMMAND_BLOCK_MINECART]" time="0"/>
  <testcase classname="org.bukkit.craftbukkit.inventory.FactoryItemMaterialTest" name="blankEqualities[Material[150]:COMPARATOR]" time="0.008"/>
  <testcase classname="org.bukkit.craftbukkit.inventory.FactoryItemMaterialTest" name="generalCase[Material[150]:COMPARATOR]" time="0"/>
  <testcase classname="org.bukkit.craftbukkit.inventory.FactoryItemMaterialTest" name="asMetaFor[Material[150]:COMPARATOR]" time="0.009"/>
  <testcase classname="org.bukkit.craftbukkit.inventory.FactoryItemMaterialTest" name="itemStack[Material[150]:COMPARATOR]" time="0"/>
  <testcase classname="org.bukkit.craftbukkit.inventory.FactoryItemMaterialTest" name="blankEqualities[Material[151]:COMPASS]" time="0.018"/>
  <testcase classname="org.bukkit.craftbukkit.inventory.FactoryItemMaterialTest" name="generalCase[Material[151]:COMPASS]" time="0"/>
  <testcase classname="org.bukkit.craftbukkit.inventory.FactoryItemMaterialTest" name="asMetaFor[Material[151]:COMPASS]" time="0.009"/>
  <testcase classname="org.bukkit.craftbukkit.inventory.FactoryItemMaterialTest" name="itemStack[Material[151]:COMPASS]" time="0"/>
  <testcase classname="org.bukkit.craftbukkit.inventory.FactoryItemMaterialTest" name="blankEqualities[Material[152]:CONDUIT]" time="0.007"/>
  <testcase classname="org.bukkit.craftbukkit.inventory.FactoryItemMaterialTest" name="generalCase[Material[152]:CONDUIT]" time="0.001"/>
  <testcase classname="org.bukkit.craftbukkit.inventory.FactoryItemMaterialTest" name="asMetaFor[Material[152]:CONDUIT]" time="0.009"/>
  <testcase classname="org.bukkit.craftbukkit.inventory.FactoryItemMaterialTest" name="itemStack[Material[152]:CONDUIT]" time="0"/>
  <testcase classname="org.bukkit.craftbukkit.inventory.FactoryItemMaterialTest" name="blankEqualities[Material[153]:COOKED_BEEF]" time="0.006"/>
  <testcase classname="org.bukkit.craftbukkit.inventory.FactoryItemMaterialTest" name="generalCase[Material[153]:COOKED_BEEF]" time="0"/>
  <testcase classname="org.bukkit.craftbukkit.inventory.FactoryItemMaterialTest" name="asMetaFor[Material[153]:COOKED_BEEF]" time="0.009"/>
  <testcase classname="org.bukkit.craftbukkit.inventory.FactoryItemMaterialTest" name="itemStack[Material[153]:COOKED_BEEF]" time="0"/>
  <testcase classname="org.bukkit.craftbukkit.inventory.FactoryItemMaterialTest" name="blankEqualities[Material[154]:COOKED_CHICKEN]" time="0.007"/>
  <testcase classname="org.bukkit.craftbukkit.inventory.FactoryItemMaterialTest" name="generalCase[Material[154]:COOKED_CHICKEN]" time="0"/>
  <testcase classname="org.bukkit.craftbukkit.inventory.FactoryItemMaterialTest" name="asMetaFor[Material[154]:COOKED_CHICKEN]" time="0.009"/>
  <testcase classname="org.bukkit.craftbukkit.inventory.FactoryItemMaterialTest" name="itemStack[Material[154]:COOKED_CHICKEN]" time="0"/>
  <testcase classname="org.bukkit.craftbukkit.inventory.FactoryItemMaterialTest" name="blankEqualities[Material[155]:COOKED_COD]" time="0.007"/>
  <testcase classname="org.bukkit.craftbukkit.inventory.FactoryItemMaterialTest" name="generalCase[Material[155]:COOKED_COD]" time="0"/>
  <testcase classname="org.bukkit.craftbukkit.inventory.FactoryItemMaterialTest" name="asMetaFor[Material[155]:COOKED_COD]" time="0.009"/>
  <testcase classname="org.bukkit.craftbukkit.inventory.FactoryItemMaterialTest" name="itemStack[Material[155]:COOKED_COD]" time="0"/>
  <testcase classname="org.bukkit.craftbukkit.inventory.FactoryItemMaterialTest" name="blankEqualities[Material[156]:COOKED_MUTTON]" time="0.006"/>
  <testcase classname="org.bukkit.craftbukkit.inventory.FactoryItemMaterialTest" name="generalCase[Material[156]:COOKED_MUTTON]" time="0"/>
  <testcase classname="org.bukkit.craftbukkit.inventory.FactoryItemMaterialTest" name="asMetaFor[Material[156]:COOKED_MUTTON]" time="0.009"/>
  <testcase classname="org.bukkit.craftbukkit.inventory.FactoryItemMaterialTest" name="itemStack[Material[156]:COOKED_MUTTON]" time="0"/>
  <testcase classname="org.bukkit.craftbukkit.inventory.FactoryItemMaterialTest" name="blankEqualities[Material[157]:COOKED_PORKCHOP]" time="0.007"/>
  <testcase classname="org.bukkit.craftbukkit.inventory.FactoryItemMaterialTest" name="generalCase[Material[157]:COOKED_PORKCHOP]" time="0"/>
  <testcase classname="org.bukkit.craftbukkit.inventory.FactoryItemMaterialTest" name="asMetaFor[Material[157]:COOKED_PORKCHOP]" time="0.008"/>
  <testcase classname="org.bukkit.craftbukkit.inventory.FactoryItemMaterialTest" name="itemStack[Material[157]:COOKED_PORKCHOP]" time="0"/>
  <testcase classname="org.bukkit.craftbukkit.inventory.FactoryItemMaterialTest" name="blankEqualities[Material[158]:COOKED_RABBIT]" time="0.007"/>
  <testcase classname="org.bukkit.craftbukkit.inventory.FactoryItemMaterialTest" name="generalCase[Material[158]:COOKED_RABBIT]" time="0"/>
  <testcase classname="org.bukkit.craftbukkit.inventory.FactoryItemMaterialTest" name="asMetaFor[Material[158]:COOKED_RABBIT]" time="0.009"/>
  <testcase classname="org.bukkit.craftbukkit.inventory.FactoryItemMaterialTest" name="itemStack[Material[158]:COOKED_RABBIT]" time="0"/>
  <testcase classname="org.bukkit.craftbukkit.inventory.FactoryItemMaterialTest" name="blankEqualities[Material[159]:COOKED_SALMON]" time="0.006"/>
  <testcase classname="org.bukkit.craftbukkit.inventory.FactoryItemMaterialTest" name="generalCase[Material[159]:COOKED_SALMON]" time="0"/>
  <testcase classname="org.bukkit.craftbukkit.inventory.FactoryItemMaterialTest" name="asMetaFor[Material[159]:COOKED_SALMON]" time="0.009"/>
  <testcase classname="org.bukkit.craftbukkit.inventory.FactoryItemMaterialTest" name="itemStack[Material[159]:COOKED_SALMON]" time="0"/>
  <testcase classname="org.bukkit.craftbukkit.inventory.FactoryItemMaterialTest" name="blankEqualities[Material[160]:COOKIE]" time="0.007"/>
  <testcase classname="org.bukkit.craftbukkit.inventory.FactoryItemMaterialTest" name="generalCase[Material[160]:COOKIE]" time="0"/>
  <testcase classname="org.bukkit.craftbukkit.inventory.FactoryItemMaterialTest" name="asMetaFor[Material[160]:COOKIE]" time="0.008"/>
  <testcase classname="org.bukkit.craftbukkit.inventory.FactoryItemMaterialTest" name="itemStack[Material[160]:COOKIE]" time="0"/>
  <testcase classname="org.bukkit.craftbukkit.inventory.FactoryItemMaterialTest" name="blankEqualities[Material[161]:COW_SPAWN_EGG]" time="0.008"/>
  <testcase classname="org.bukkit.craftbukkit.inventory.FactoryItemMaterialTest" name="generalCase[Material[161]:COW_SPAWN_EGG]" time="0"/>
  <testcase classname="org.bukkit.craftbukkit.inventory.FactoryItemMaterialTest" name="asMetaFor[Material[161]:COW_SPAWN_EGG]" time="0.009"/>
  <testcase classname="org.bukkit.craftbukkit.inventory.FactoryItemMaterialTest" name="itemStack[Material[161]:COW_SPAWN_EGG]" time="0"/>
  <testcase classname="org.bukkit.craftbukkit.inventory.FactoryItemMaterialTest" name="blankEqualities[Material[162]:CRACKED_STONE_BRICKS]" time="0.007"/>
  <testcase classname="org.bukkit.craftbukkit.inventory.FactoryItemMaterialTest" name="generalCase[Material[162]:CRACKED_STONE_BRICKS]" time="0"/>
  <testcase classname="org.bukkit.craftbukkit.inventory.FactoryItemMaterialTest" name="asMetaFor[Material[162]:CRACKED_STONE_BRICKS]" time="0.009"/>
  <testcase classname="org.bukkit.craftbukkit.inventory.FactoryItemMaterialTest" name="itemStack[Material[162]:CRACKED_STONE_BRICKS]" time="0.003"/>
  <testcase classname="org.bukkit.craftbukkit.inventory.FactoryItemMaterialTest" name="blankEqualities[Material[163]:CRAFTING_TABLE]" time="0.005"/>
  <testcase classname="org.bukkit.craftbukkit.inventory.FactoryItemMaterialTest" name="generalCase[Material[163]:CRAFTING_TABLE]" time="0"/>
  <testcase classname="org.bukkit.craftbukkit.inventory.FactoryItemMaterialTest" name="asMetaFor[Material[163]:CRAFTING_TABLE]" time="0.009"/>
  <testcase classname="org.bukkit.craftbukkit.inventory.FactoryItemMaterialTest" name="itemStack[Material[163]:CRAFTING_TABLE]" time="0"/>
  <testcase classname="org.bukkit.craftbukkit.inventory.FactoryItemMaterialTest" name="blankEqualities[Material[164]:CREEPER_HEAD]" time="0.006"/>
  <testcase classname="org.bukkit.craftbukkit.inventory.FactoryItemMaterialTest" name="generalCase[Material[164]:CREEPER_HEAD]" time="0"/>
  <testcase classname="org.bukkit.craftbukkit.inventory.FactoryItemMaterialTest" name="asMetaFor[Material[164]:CREEPER_HEAD]" time="0.008"/>
  <testcase classname="org.bukkit.craftbukkit.inventory.FactoryItemMaterialTest" name="itemStack[Material[164]:CREEPER_HEAD]" time="0"/>
  <testcase classname="org.bukkit.craftbukkit.inventory.FactoryItemMaterialTest" name="blankEqualities[Material[165]:CREEPER_SPAWN_EGG]" time="0.007"/>
  <testcase classname="org.bukkit.craftbukkit.inventory.FactoryItemMaterialTest" name="generalCase[Material[165]:CREEPER_SPAWN_EGG]" time="0.001"/>
  <testcase classname="org.bukkit.craftbukkit.inventory.FactoryItemMaterialTest" name="asMetaFor[Material[165]:CREEPER_SPAWN_EGG]" time="0.009"/>
  <testcase classname="org.bukkit.craftbukkit.inventory.FactoryItemMaterialTest" name="itemStack[Material[165]:CREEPER_SPAWN_EGG]" time="0.001"/>
  <testcase classname="org.bukkit.craftbukkit.inventory.FactoryItemMaterialTest" name="blankEqualities[Material[166]:CUT_RED_SANDSTONE]" time="0.007"/>
  <testcase classname="org.bukkit.craftbukkit.inventory.FactoryItemMaterialTest" name="generalCase[Material[166]:CUT_RED_SANDSTONE]" time="0"/>
  <testcase classname="org.bukkit.craftbukkit.inventory.FactoryItemMaterialTest" name="asMetaFor[Material[166]:CUT_RED_SANDSTONE]" time="0.009"/>
  <testcase classname="org.bukkit.craftbukkit.inventory.FactoryItemMaterialTest" name="itemStack[Material[166]:CUT_RED_SANDSTONE]" time="0"/>
  <testcase classname="org.bukkit.craftbukkit.inventory.FactoryItemMaterialTest" name="blankEqualities[Material[167]:CUT_SANDSTONE]" time="0.007"/>
  <testcase classname="org.bukkit.craftbukkit.inventory.FactoryItemMaterialTest" name="generalCase[Material[167]:CUT_SANDSTONE]" time="0"/>
  <testcase classname="org.bukkit.craftbukkit.inventory.FactoryItemMaterialTest" name="asMetaFor[Material[167]:CUT_SANDSTONE]" time="0.009"/>
  <testcase classname="org.bukkit.craftbukkit.inventory.FactoryItemMaterialTest" name="itemStack[Material[167]:CUT_SANDSTONE]" time="0"/>
  <testcase classname="org.bukkit.craftbukkit.inventory.FactoryItemMaterialTest" name="blankEqualities[Material[168]:CYAN_BANNER]" time="0.019"/>
  <testcase classname="org.bukkit.craftbukkit.inventory.FactoryItemMaterialTest" name="generalCase[Material[168]:CYAN_BANNER]" time="0.001"/>
  <testcase classname="org.bukkit.craftbukkit.inventory.FactoryItemMaterialTest" name="asMetaFor[Material[168]:CYAN_BANNER]" time="0.009"/>
  <testcase classname="org.bukkit.craftbukkit.inventory.FactoryItemMaterialTest" name="itemStack[Material[168]:CYAN_BANNER]" time="0.001"/>
  <testcase classname="org.bukkit.craftbukkit.inventory.FactoryItemMaterialTest" name="blankEqualities[Material[169]:CYAN_BED]" time="0.007"/>
  <testcase classname="org.bukkit.craftbukkit.inventory.FactoryItemMaterialTest" name="generalCase[Material[169]:CYAN_BED]" time="0"/>
  <testcase classname="org.bukkit.craftbukkit.inventory.FactoryItemMaterialTest" name="asMetaFor[Material[169]:CYAN_BED]" time="0.006"/>
  <testcase classname="org.bukkit.craftbukkit.inventory.FactoryItemMaterialTest" name="itemStack[Material[169]:CYAN_BED]" time="0"/>
  <testcase classname="org.bukkit.craftbukkit.inventory.FactoryItemMaterialTest" name="blankEqualities[Material[170]:CYAN_CARPET]" time="0.004"/>
  <testcase classname="org.bukkit.craftbukkit.inventory.FactoryItemMaterialTest" name="generalCase[Material[170]:CYAN_CARPET]" time="0"/>
  <testcase classname="org.bukkit.craftbukkit.inventory.FactoryItemMaterialTest" name="asMetaFor[Material[170]:CYAN_CARPET]" time="0.009"/>
  <testcase classname="org.bukkit.craftbukkit.inventory.FactoryItemMaterialTest" name="itemStack[Material[170]:CYAN_CARPET]" time="0"/>
  <testcase classname="org.bukkit.craftbukkit.inventory.FactoryItemMaterialTest" name="blankEqualities[Material[171]:CYAN_CONCRETE]" time="0.007"/>
  <testcase classname="org.bukkit.craftbukkit.inventory.FactoryItemMaterialTest" name="generalCase[Material[171]:CYAN_CONCRETE]" time="0"/>
  <testcase classname="org.bukkit.craftbukkit.inventory.FactoryItemMaterialTest" name="asMetaFor[Material[171]:CYAN_CONCRETE]" time="0.01"/>
  <testcase classname="org.bukkit.craftbukkit.inventory.FactoryItemMaterialTest" name="itemStack[Material[171]:CYAN_CONCRETE]" time="0"/>
  <testcase classname="org.bukkit.craftbukkit.inventory.FactoryItemMaterialTest" name="blankEqualities[Material[172]:CYAN_CONCRETE_POWDER]" time="0.007"/>
  <testcase classname="org.bukkit.craftbukkit.inventory.FactoryItemMaterialTest" name="generalCase[Material[172]:CYAN_CONCRETE_POWDER]" time="0"/>
  <testcase classname="org.bukkit.craftbukkit.inventory.FactoryItemMaterialTest" name="asMetaFor[Material[172]:CYAN_CONCRETE_POWDER]" time="0.009"/>
  <testcase classname="org.bukkit.craftbukkit.inventory.FactoryItemMaterialTest" name="itemStack[Material[172]:CYAN_CONCRETE_POWDER]" time="0.001"/>
  <testcase classname="org.bukkit.craftbukkit.inventory.FactoryItemMaterialTest" name="blankEqualities[Material[173]:CYAN_DYE]" time="0.007"/>
  <testcase classname="org.bukkit.craftbukkit.inventory.FactoryItemMaterialTest" name="generalCase[Material[173]:CYAN_DYE]" time="0"/>
  <testcase classname="org.bukkit.craftbukkit.inventory.FactoryItemMaterialTest" name="asMetaFor[Material[173]:CYAN_DYE]" time="0.008"/>
  <testcase classname="org.bukkit.craftbukkit.inventory.FactoryItemMaterialTest" name="itemStack[Material[173]:CYAN_DYE]" time="0"/>
  <testcase classname="org.bukkit.craftbukkit.inventory.FactoryItemMaterialTest" name="blankEqualities[Material[174]:CYAN_GLAZED_TERRACOTTA]" time="0.007"/>
  <testcase classname="org.bukkit.craftbukkit.inventory.FactoryItemMaterialTest" name="generalCase[Material[174]:CYAN_GLAZED_TERRACOTTA]" time="0"/>
  <testcase classname="org.bukkit.craftbukkit.inventory.FactoryItemMaterialTest" name="asMetaFor[Material[174]:CYAN_GLAZED_TERRACOTTA]" time="0.009"/>
  <testcase classname="org.bukkit.craftbukkit.inventory.FactoryItemMaterialTest" name="itemStack[Material[174]:CYAN_GLAZED_TERRACOTTA]" time="0"/>
  <testcase classname="org.bukkit.craftbukkit.inventory.FactoryItemMaterialTest" name="blankEqualities[Material[175]:CYAN_SHULKER_BOX]" time="0.007"/>
  <testcase classname="org.bukkit.craftbukkit.inventory.FactoryItemMaterialTest" name="generalCase[Material[175]:CYAN_SHULKER_BOX]" time="0"/>
  <testcase classname="org.bukkit.craftbukkit.inventory.FactoryItemMaterialTest" name="asMetaFor[Material[175]:CYAN_SHULKER_BOX]" time="0.009"/>
  <testcase classname="org.bukkit.craftbukkit.inventory.FactoryItemMaterialTest" name="itemStack[Material[175]:CYAN_SHULKER_BOX]" time="0"/>
  <testcase classname="org.bukkit.craftbukkit.inventory.FactoryItemMaterialTest" name="blankEqualities[Material[176]:CYAN_STAINED_GLASS]" time="0.007"/>
  <testcase classname="org.bukkit.craftbukkit.inventory.FactoryItemMaterialTest" name="generalCase[Material[176]:CYAN_STAINED_GLASS]" time="0"/>
  <testcase classname="org.bukkit.craftbukkit.inventory.FactoryItemMaterialTest" name="asMetaFor[Material[176]:CYAN_STAINED_GLASS]" time="0.009"/>
  <testcase classname="org.bukkit.craftbukkit.inventory.FactoryItemMaterialTest" name="itemStack[Material[176]:CYAN_STAINED_GLASS]" time="0"/>
  <testcase classname="org.bukkit.craftbukkit.inventory.FactoryItemMaterialTest" name="blankEqualities[Material[177]:CYAN_STAINED_GLASS_PANE]" time="0.005"/>
  <testcase classname="org.bukkit.craftbukkit.inventory.FactoryItemMaterialTest" name="generalCase[Material[177]:CYAN_STAINED_GLASS_PANE]" time="0"/>
  <testcase classname="org.bukkit.craftbukkit.inventory.FactoryItemMaterialTest" name="asMetaFor[Material[177]:CYAN_STAINED_GLASS_PANE]" time="0.008"/>
  <testcase classname="org.bukkit.craftbukkit.inventory.FactoryItemMaterialTest" name="itemStack[Material[177]:CYAN_STAINED_GLASS_PANE]" time="0"/>
  <testcase classname="org.bukkit.craftbukkit.inventory.FactoryItemMaterialTest" name="blankEqualities[Material[178]:CYAN_TERRACOTTA]" time="0.007"/>
  <testcase classname="org.bukkit.craftbukkit.inventory.FactoryItemMaterialTest" name="generalCase[Material[178]:CYAN_TERRACOTTA]" time="0"/>
  <testcase classname="org.bukkit.craftbukkit.inventory.FactoryItemMaterialTest" name="asMetaFor[Material[178]:CYAN_TERRACOTTA]" time="0.009"/>
  <testcase classname="org.bukkit.craftbukkit.inventory.FactoryItemMaterialTest" name="itemStack[Material[178]:CYAN_TERRACOTTA]" time="0"/>
  <testcase classname="org.bukkit.craftbukkit.inventory.FactoryItemMaterialTest" name="blankEqualities[Material[179]:CYAN_WOOL]" time="0.007"/>
  <testcase classname="org.bukkit.craftbukkit.inventory.FactoryItemMaterialTest" name="generalCase[Material[179]:CYAN_WOOL]" time="0.001"/>
  <testcase classname="org.bukkit.craftbukkit.inventory.FactoryItemMaterialTest" name="asMetaFor[Material[179]:CYAN_WOOL]" time="0.009"/>
  <testcase classname="org.bukkit.craftbukkit.inventory.FactoryItemMaterialTest" name="itemStack[Material[179]:CYAN_WOOL]" time="0.001"/>
  <testcase classname="org.bukkit.craftbukkit.inventory.FactoryItemMaterialTest" name="blankEqualities[Material[180]:DAMAGED_ANVIL]" time="0.007"/>
  <testcase classname="org.bukkit.craftbukkit.inventory.FactoryItemMaterialTest" name="generalCase[Material[180]:DAMAGED_ANVIL]" time="0"/>
  <testcase classname="org.bukkit.craftbukkit.inventory.FactoryItemMaterialTest" name="asMetaFor[Material[180]:DAMAGED_ANVIL]" time="0.008"/>
  <testcase classname="org.bukkit.craftbukkit.inventory.FactoryItemMaterialTest" name="itemStack[Material[180]:DAMAGED_ANVIL]" time="0"/>
  <testcase classname="org.bukkit.craftbukkit.inventory.FactoryItemMaterialTest" name="blankEqualities[Material[181]:DANDELION]" time="0.007"/>
  <testcase classname="org.bukkit.craftbukkit.inventory.FactoryItemMaterialTest" name="generalCase[Material[181]:DANDELION]" time="0.001"/>
  <testcase classname="org.bukkit.craftbukkit.inventory.FactoryItemMaterialTest" name="asMetaFor[Material[181]:DANDELION]" time="0.009"/>
  <testcase classname="org.bukkit.craftbukkit.inventory.FactoryItemMaterialTest" name="itemStack[Material[181]:DANDELION]" time="0"/>
  <testcase classname="org.bukkit.craftbukkit.inventory.FactoryItemMaterialTest" name="blankEqualities[Material[182]:DANDELION_YELLOW]" time="0.008"/>
  <testcase classname="org.bukkit.craftbukkit.inventory.FactoryItemMaterialTest" name="generalCase[Material[182]:DANDELION_YELLOW]" time="0"/>
  <testcase classname="org.bukkit.craftbukkit.inventory.FactoryItemMaterialTest" name="asMetaFor[Material[182]:DANDELION_YELLOW]" time="0.009"/>
  <testcase classname="org.bukkit.craftbukkit.inventory.FactoryItemMaterialTest" name="itemStack[Material[182]:DANDELION_YELLOW]" time="0"/>
  <testcase classname="org.bukkit.craftbukkit.inventory.FactoryItemMaterialTest" name="blankEqualities[Material[183]:DARK_OAK_BOAT]" time="0.007"/>
  <testcase classname="org.bukkit.craftbukkit.inventory.FactoryItemMaterialTest" name="generalCase[Material[183]:DARK_OAK_BOAT]" time="0.001"/>
  <testcase classname="org.bukkit.craftbukkit.inventory.FactoryItemMaterialTest" name="asMetaFor[Material[183]:DARK_OAK_BOAT]" time="0.016"/>
  <testcase classname="org.bukkit.craftbukkit.inventory.FactoryItemMaterialTest" name="itemStack[Material[183]:DARK_OAK_BOAT]" time="0"/>
  <testcase classname="org.bukkit.craftbukkit.inventory.FactoryItemMaterialTest" name="blankEqualities[Material[184]:DARK_OAK_BUTTON]" time="0.004"/>
  <testcase classname="org.bukkit.craftbukkit.inventory.FactoryItemMaterialTest" name="generalCase[Material[184]:DARK_OAK_BUTTON]" time="0"/>
  <testcase classname="org.bukkit.craftbukkit.inventory.FactoryItemMaterialTest" name="asMetaFor[Material[184]:DARK_OAK_BUTTON]" time="0.009"/>
  <testcase classname="org.bukkit.craftbukkit.inventory.FactoryItemMaterialTest" name="itemStack[Material[184]:DARK_OAK_BUTTON]" time="0.001"/>
  <testcase classname="org.bukkit.craftbukkit.inventory.FactoryItemMaterialTest" name="blankEqualities[Material[185]:DARK_OAK_DOOR]" time="0.007"/>
  <testcase classname="org.bukkit.craftbukkit.inventory.FactoryItemMaterialTest" name="generalCase[Material[185]:DARK_OAK_DOOR]" time="0.001"/>
  <testcase classname="org.bukkit.craftbukkit.inventory.FactoryItemMaterialTest" name="asMetaFor[Material[185]:DARK_OAK_DOOR]" time="0.009"/>
  <testcase classname="org.bukkit.craftbukkit.inventory.FactoryItemMaterialTest" name="itemStack[Material[185]:DARK_OAK_DOOR]" time="0"/>
  <testcase classname="org.bukkit.craftbukkit.inventory.FactoryItemMaterialTest" name="blankEqualities[Material[186]:DARK_OAK_FENCE]" time="0.008"/>
  <testcase classname="org.bukkit.craftbukkit.inventory.FactoryItemMaterialTest" name="generalCase[Material[186]:DARK_OAK_FENCE]" time="0"/>
  <testcase classname="org.bukkit.craftbukkit.inventory.FactoryItemMaterialTest" name="asMetaFor[Material[186]:DARK_OAK_FENCE]" time="0.01"/>
  <testcase classname="org.bukkit.craftbukkit.inventory.FactoryItemMaterialTest" name="itemStack[Material[186]:DARK_OAK_FENCE]" time="0.001"/>
  <testcase classname="org.bukkit.craftbukkit.inventory.FactoryItemMaterialTest" name="blankEqualities[Material[187]:DARK_OAK_FENCE_GATE]" time="0.007"/>
  <testcase classname="org.bukkit.craftbukkit.inventory.FactoryItemMaterialTest" name="generalCase[Material[187]:DARK_OAK_FENCE_GATE]" time="0"/>
  <testcase classname="org.bukkit.craftbukkit.inventory.FactoryItemMaterialTest" name="asMetaFor[Material[187]:DARK_OAK_FENCE_GATE]" time="0.01"/>
  <testcase classname="org.bukkit.craftbukkit.inventory.FactoryItemMaterialTest" name="itemStack[Material[187]:DARK_OAK_FENCE_GATE]" time="0.001"/>
  <testcase classname="org.bukkit.craftbukkit.inventory.FactoryItemMaterialTest" name="blankEqualities[Material[188]:DARK_OAK_LEAVES]" time="0.007"/>
  <testcase classname="org.bukkit.craftbukkit.inventory.FactoryItemMaterialTest" name="generalCase[Material[188]:DARK_OAK_LEAVES]" time="0"/>
  <testcase classname="org.bukkit.craftbukkit.inventory.FactoryItemMaterialTest" name="asMetaFor[Material[188]:DARK_OAK_LEAVES]" time="0.009"/>
  <testcase classname="org.bukkit.craftbukkit.inventory.FactoryItemMaterialTest" name="itemStack[Material[188]:DARK_OAK_LEAVES]" time="0"/>
  <testcase classname="org.bukkit.craftbukkit.inventory.FactoryItemMaterialTest" name="blankEqualities[Material[189]:DARK_OAK_LOG]" time="0.007"/>
  <testcase classname="org.bukkit.craftbukkit.inventory.FactoryItemMaterialTest" name="generalCase[Material[189]:DARK_OAK_LOG]" time="0"/>
  <testcase classname="org.bukkit.craftbukkit.inventory.FactoryItemMaterialTest" name="asMetaFor[Material[189]:DARK_OAK_LOG]" time="0.009"/>
  <testcase classname="org.bukkit.craftbukkit.inventory.FactoryItemMaterialTest" name="itemStack[Material[189]:DARK_OAK_LOG]" time="0"/>
  <testcase classname="org.bukkit.craftbukkit.inventory.FactoryItemMaterialTest" name="blankEqualities[Material[190]:DARK_OAK_PLANKS]" time="0.019"/>
  <testcase classname="org.bukkit.craftbukkit.inventory.FactoryItemMaterialTest" name="generalCase[Material[190]:DARK_OAK_PLANKS]" time="0"/>
  <testcase classname="org.bukkit.craftbukkit.inventory.FactoryItemMaterialTest" name="asMetaFor[Material[190]:DARK_OAK_PLANKS]" time="0.009"/>
  <testcase classname="org.bukkit.craftbukkit.inventory.FactoryItemMaterialTest" name="itemStack[Material[190]:DARK_OAK_PLANKS]" time="0.001"/>
  <testcase classname="org.bukkit.craftbukkit.inventory.FactoryItemMaterialTest" name="blankEqualities[Material[191]:DARK_OAK_PRESSURE_PLATE]" time="0.007"/>
  <testcase classname="org.bukkit.craftbukkit.inventory.FactoryItemMaterialTest" name="generalCase[Material[191]:DARK_OAK_PRESSURE_PLATE]" time="0"/>
  <testcase classname="org.bukkit.craftbukkit.inventory.FactoryItemMaterialTest" name="asMetaFor[Material[191]:DARK_OAK_PRESSURE_PLATE]" time="0.009"/>
  <testcase classname="org.bukkit.craftbukkit.inventory.FactoryItemMaterialTest" name="itemStack[Material[191]:DARK_OAK_PRESSURE_PLATE]" time="0"/>
  <testcase classname="org.bukkit.craftbukkit.inventory.FactoryItemMaterialTest" name="blankEqualities[Material[192]:DARK_OAK_SAPLING]" time="0.007"/>
  <testcase classname="org.bukkit.craftbukkit.inventory.FactoryItemMaterialTest" name="generalCase[Material[192]:DARK_OAK_SAPLING]" time="0"/>
  <testcase classname="org.bukkit.craftbukkit.inventory.FactoryItemMaterialTest" name="asMetaFor[Material[192]:DARK_OAK_SAPLING]" time="0.009"/>
  <testcase classname="org.bukkit.craftbukkit.inventory.FactoryItemMaterialTest" name="itemStack[Material[192]:DARK_OAK_SAPLING]" time="0.001"/>
  <testcase classname="org.bukkit.craftbukkit.inventory.FactoryItemMaterialTest" name="blankEqualities[Material[193]:DARK_OAK_SLAB]" time="0.014"/>
  <testcase classname="org.bukkit.craftbukkit.inventory.FactoryItemMaterialTest" name="generalCase[Material[193]:DARK_OAK_SLAB]" time="0"/>
  <testcase classname="org.bukkit.craftbukkit.inventory.FactoryItemMaterialTest" name="asMetaFor[Material[193]:DARK_OAK_SLAB]" time="0.009"/>
  <testcase classname="org.bukkit.craftbukkit.inventory.FactoryItemMaterialTest" name="itemStack[Material[193]:DARK_OAK_SLAB]" time="0"/>
  <testcase classname="org.bukkit.craftbukkit.inventory.FactoryItemMaterialTest" name="blankEqualities[Material[194]:DARK_OAK_STAIRS]" time="0.007"/>
  <testcase classname="org.bukkit.craftbukkit.inventory.FactoryItemMaterialTest" name="generalCase[Material[194]:DARK_OAK_STAIRS]" time="0"/>
  <testcase classname="org.bukkit.craftbukkit.inventory.FactoryItemMaterialTest" name="asMetaFor[Material[194]:DARK_OAK_STAIRS]" time="0.008"/>
  <testcase classname="org.bukkit.craftbukkit.inventory.FactoryItemMaterialTest" name="itemStack[Material[194]:DARK_OAK_STAIRS]" time="0"/>
  <testcase classname="org.bukkit.craftbukkit.inventory.FactoryItemMaterialTest" name="blankEqualities[Material[195]:DARK_OAK_TRAPDOOR]" time="0.007"/>
  <testcase classname="org.bukkit.craftbukkit.inventory.FactoryItemMaterialTest" name="generalCase[Material[195]:DARK_OAK_TRAPDOOR]" time="0"/>
  <testcase classname="org.bukkit.craftbukkit.inventory.FactoryItemMaterialTest" name="asMetaFor[Material[195]:DARK_OAK_TRAPDOOR]" time="0.009"/>
  <testcase classname="org.bukkit.craftbukkit.inventory.FactoryItemMaterialTest" name="itemStack[Material[195]:DARK_OAK_TRAPDOOR]" time="0"/>
  <testcase classname="org.bukkit.craftbukkit.inventory.FactoryItemMaterialTest" name="blankEqualities[Material[196]:DARK_OAK_WOOD]" time="0.007"/>
  <testcase classname="org.bukkit.craftbukkit.inventory.FactoryItemMaterialTest" name="generalCase[Material[196]:DARK_OAK_WOOD]" time="0"/>
  <testcase classname="org.bukkit.craftbukkit.inventory.FactoryItemMaterialTest" name="asMetaFor[Material[196]:DARK_OAK_WOOD]" time="0.009"/>
  <testcase classname="org.bukkit.craftbukkit.inventory.FactoryItemMaterialTest" name="itemStack[Material[196]:DARK_OAK_WOOD]" time="0"/>
  <testcase classname="org.bukkit.craftbukkit.inventory.FactoryItemMaterialTest" name="blankEqualities[Material[197]:DARK_PRISMARINE]" time="0.008"/>
  <testcase classname="org.bukkit.craftbukkit.inventory.FactoryItemMaterialTest" name="generalCase[Material[197]:DARK_PRISMARINE]" time="0"/>
  <testcase classname="org.bukkit.craftbukkit.inventory.FactoryItemMaterialTest" name="asMetaFor[Material[197]:DARK_PRISMARINE]" time="0.01"/>
  <testcase classname="org.bukkit.craftbukkit.inventory.FactoryItemMaterialTest" name="itemStack[Material[197]:DARK_PRISMARINE]" time="0"/>
  <testcase classname="org.bukkit.craftbukkit.inventory.FactoryItemMaterialTest" name="blankEqualities[Material[198]:DARK_PRISMARINE_SLAB]" time="0.007"/>
  <testcase classname="org.bukkit.craftbukkit.inventory.FactoryItemMaterialTest" name="generalCase[Material[198]:DARK_PRISMARINE_SLAB]" time="0"/>
  <testcase classname="org.bukkit.craftbukkit.inventory.FactoryItemMaterialTest" name="asMetaFor[Material[198]:DARK_PRISMARINE_SLAB]" time="0.009"/>
  <testcase classname="org.bukkit.craftbukkit.inventory.FactoryItemMaterialTest" name="itemStack[Material[198]:DARK_PRISMARINE_SLAB]" time="0"/>
  <testcase classname="org.bukkit.craftbukkit.inventory.FactoryItemMaterialTest" name="blankEqualities[Material[199]:DARK_PRISMARINE_STAIRS]" time="0.006"/>
  <testcase classname="org.bukkit.craftbukkit.inventory.FactoryItemMaterialTest" name="generalCase[Material[199]:DARK_PRISMARINE_STAIRS]" time="0"/>
  <testcase classname="org.bukkit.craftbukkit.inventory.FactoryItemMaterialTest" name="asMetaFor[Material[199]:DARK_PRISMARINE_STAIRS]" time="0.009"/>
  <testcase classname="org.bukkit.craftbukkit.inventory.FactoryItemMaterialTest" name="itemStack[Material[199]:DARK_PRISMARINE_STAIRS]" time="0"/>
  <testcase classname="org.bukkit.craftbukkit.inventory.FactoryItemMaterialTest" name="blankEqualities[Material[200]:DAYLIGHT_DETECTOR]" time="0.007"/>
  <testcase classname="org.bukkit.craftbukkit.inventory.FactoryItemMaterialTest" name="generalCase[Material[200]:DAYLIGHT_DETECTOR]" time="0"/>
  <testcase classname="org.bukkit.craftbukkit.inventory.FactoryItemMaterialTest" name="asMetaFor[Material[200]:DAYLIGHT_DETECTOR]" time="0.009"/>
  <testcase classname="org.bukkit.craftbukkit.inventory.FactoryItemMaterialTest" name="itemStack[Material[200]:DAYLIGHT_DETECTOR]" time="0"/>
  <testcase classname="org.bukkit.craftbukkit.inventory.FactoryItemMaterialTest" name="blankEqualities[Material[201]:DEAD_BRAIN_CORAL]" time="0.007"/>
  <testcase classname="org.bukkit.craftbukkit.inventory.FactoryItemMaterialTest" name="generalCase[Material[201]:DEAD_BRAIN_CORAL]" time="0"/>
  <testcase classname="org.bukkit.craftbukkit.inventory.FactoryItemMaterialTest" name="asMetaFor[Material[201]:DEAD_BRAIN_CORAL]" time="0.009"/>
  <testcase classname="org.bukkit.craftbukkit.inventory.FactoryItemMaterialTest" name="itemStack[Material[201]:DEAD_BRAIN_CORAL]" time="0"/>
  <testcase classname="org.bukkit.craftbukkit.inventory.FactoryItemMaterialTest" name="blankEqualities[Material[202]:DEAD_BRAIN_CORAL_BLOCK]" time="0.007"/>
  <testcase classname="org.bukkit.craftbukkit.inventory.FactoryItemMaterialTest" name="generalCase[Material[202]:DEAD_BRAIN_CORAL_BLOCK]" time="0.001"/>
  <testcase classname="org.bukkit.craftbukkit.inventory.FactoryItemMaterialTest" name="asMetaFor[Material[202]:DEAD_BRAIN_CORAL_BLOCK]" time="0.009"/>
  <testcase classname="org.bukkit.craftbukkit.inventory.FactoryItemMaterialTest" name="itemStack[Material[202]:DEAD_BRAIN_CORAL_BLOCK]" time="0"/>
  <testcase classname="org.bukkit.craftbukkit.inventory.FactoryItemMaterialTest" name="blankEqualities[Material[203]:DEAD_BRAIN_CORAL_FAN]" time="0.018"/>
  <testcase classname="org.bukkit.craftbukkit.inventory.FactoryItemMaterialTest" name="generalCase[Material[203]:DEAD_BRAIN_CORAL_FAN]" time="0"/>
  <testcase classname="org.bukkit.craftbukkit.inventory.FactoryItemMaterialTest" name="asMetaFor[Material[203]:DEAD_BRAIN_CORAL_FAN]" time="0.009"/>
  <testcase classname="org.bukkit.craftbukkit.inventory.FactoryItemMaterialTest" name="itemStack[Material[203]:DEAD_BRAIN_CORAL_FAN]" time="0"/>
  <testcase classname="org.bukkit.craftbukkit.inventory.FactoryItemMaterialTest" name="blankEqualities[Material[204]:DEAD_BUBBLE_CORAL]" time="0.007"/>
  <testcase classname="org.bukkit.craftbukkit.inventory.FactoryItemMaterialTest" name="generalCase[Material[204]:DEAD_BUBBLE_CORAL]" time="0"/>
  <testcase classname="org.bukkit.craftbukkit.inventory.FactoryItemMaterialTest" name="asMetaFor[Material[204]:DEAD_BUBBLE_CORAL]" time="0.009"/>
  <testcase classname="org.bukkit.craftbukkit.inventory.FactoryItemMaterialTest" name="itemStack[Material[204]:DEAD_BUBBLE_CORAL]" time="0.001"/>
  <testcase classname="org.bukkit.craftbukkit.inventory.FactoryItemMaterialTest" name="blankEqualities[Material[205]:DEAD_BUBBLE_CORAL_BLOCK]" time="0.007"/>
  <testcase classname="org.bukkit.craftbukkit.inventory.FactoryItemMaterialTest" name="generalCase[Material[205]:DEAD_BUBBLE_CORAL_BLOCK]" time="0"/>
  <testcase classname="org.bukkit.craftbukkit.inventory.FactoryItemMaterialTest" name="asMetaFor[Material[205]:DEAD_BUBBLE_CORAL_BLOCK]" time="0.009"/>
  <testcase classname="org.bukkit.craftbukkit.inventory.FactoryItemMaterialTest" name="itemStack[Material[205]:DEAD_BUBBLE_CORAL_BLOCK]" time="0"/>
  <testcase classname="org.bukkit.craftbukkit.inventory.FactoryItemMaterialTest" name="blankEqualities[Material[206]:DEAD_BUBBLE_CORAL_FAN]" time="0.007"/>
  <testcase classname="org.bukkit.craftbukkit.inventory.FactoryItemMaterialTest" name="generalCase[Material[206]:DEAD_BUBBLE_CORAL_FAN]" time="0"/>
  <testcase classname="org.bukkit.craftbukkit.inventory.FactoryItemMaterialTest" name="asMetaFor[Material[206]:DEAD_BUBBLE_CORAL_FAN]" time="0.009"/>
  <testcase classname="org.bukkit.craftbukkit.inventory.FactoryItemMaterialTest" name="itemStack[Material[206]:DEAD_BUBBLE_CORAL_FAN]" time="0"/>
  <testcase classname="org.bukkit.craftbukkit.inventory.FactoryItemMaterialTest" name="blankEqualities[Material[207]:DEAD_BUSH]" time="0.007"/>
  <testcase classname="org.bukkit.craftbukkit.inventory.FactoryItemMaterialTest" name="generalCase[Material[207]:DEAD_BUSH]" time="0"/>
  <testcase classname="org.bukkit.craftbukkit.inventory.FactoryItemMaterialTest" name="asMetaFor[Material[207]:DEAD_BUSH]" time="0.008"/>
  <testcase classname="org.bukkit.craftbukkit.inventory.FactoryItemMaterialTest" name="itemStack[Material[207]:DEAD_BUSH]" time="0"/>
  <testcase classname="org.bukkit.craftbukkit.inventory.FactoryItemMaterialTest" name="blankEqualities[Material[208]:DEAD_FIRE_CORAL]" time="0.007"/>
  <testcase classname="org.bukkit.craftbukkit.inventory.FactoryItemMaterialTest" name="generalCase[Material[208]:DEAD_FIRE_CORAL]" time="0"/>
  <testcase classname="org.bukkit.craftbukkit.inventory.FactoryItemMaterialTest" name="asMetaFor[Material[208]:DEAD_FIRE_CORAL]" time="0.009"/>
  <testcase classname="org.bukkit.craftbukkit.inventory.FactoryItemMaterialTest" name="itemStack[Material[208]:DEAD_FIRE_CORAL]" time="0"/>
  <testcase classname="org.bukkit.craftbukkit.inventory.FactoryItemMaterialTest" name="blankEqualities[Material[209]:DEAD_FIRE_CORAL_BLOCK]" time="0.008"/>
  <testcase classname="org.bukkit.craftbukkit.inventory.FactoryItemMaterialTest" name="generalCase[Material[209]:DEAD_FIRE_CORAL_BLOCK]" time="0"/>
  <testcase classname="org.bukkit.craftbukkit.inventory.FactoryItemMaterialTest" name="asMetaFor[Material[209]:DEAD_FIRE_CORAL_BLOCK]" time="0"/>
  <testcase classname="org.bukkit.craftbukkit.inventory.FactoryItemMaterialTest" name="itemStack[Material[209]:DEAD_FIRE_CORAL_BLOCK]" time="0"/>
  <testcase classname="org.bukkit.craftbukkit.inventory.FactoryItemMaterialTest" name="blankEqualities[Material[210]:DEAD_FIRE_CORAL_FAN]" time="0.007"/>
  <testcase classname="org.bukkit.craftbukkit.inventory.FactoryItemMaterialTest" name="generalCase[Material[210]:DEAD_FIRE_CORAL_FAN]" time="0"/>
  <testcase classname="org.bukkit.craftbukkit.inventory.FactoryItemMaterialTest" name="asMetaFor[Material[210]:DEAD_FIRE_CORAL_FAN]" time="0.009"/>
  <testcase classname="org.bukkit.craftbukkit.inventory.FactoryItemMaterialTest" name="itemStack[Material[210]:DEAD_FIRE_CORAL_FAN]" time="0"/>
  <testcase classname="org.bukkit.craftbukkit.inventory.FactoryItemMaterialTest" name="blankEqualities[Material[211]:DEAD_HORN_CORAL]" time="0.007"/>
  <testcase classname="org.bukkit.craftbukkit.inventory.FactoryItemMaterialTest" name="generalCase[Material[211]:DEAD_HORN_CORAL]" time="0.001"/>
  <testcase classname="org.bukkit.craftbukkit.inventory.FactoryItemMaterialTest" name="asMetaFor[Material[211]:DEAD_HORN_CORAL]" time="0.009"/>
  <testcase classname="org.bukkit.craftbukkit.inventory.FactoryItemMaterialTest" name="itemStack[Material[211]:DEAD_HORN_CORAL]" time="0"/>
  <testcase classname="org.bukkit.craftbukkit.inventory.FactoryItemMaterialTest" name="blankEqualities[Material[212]:DEAD_HORN_CORAL_BLOCK]" time="0.007"/>
  <testcase classname="org.bukkit.craftbukkit.inventory.FactoryItemMaterialTest" name="generalCase[Material[212]:DEAD_HORN_CORAL_BLOCK]" time="0"/>
  <testcase classname="org.bukkit.craftbukkit.inventory.FactoryItemMaterialTest" name="asMetaFor[Material[212]:DEAD_HORN_CORAL_BLOCK]" time="0.009"/>
  <testcase classname="org.bukkit.craftbukkit.inventory.FactoryItemMaterialTest" name="itemStack[Material[212]:DEAD_HORN_CORAL_BLOCK]" time="0"/>
  <testcase classname="org.bukkit.craftbukkit.inventory.FactoryItemMaterialTest" name="blankEqualities[Material[213]:DEAD_HORN_CORAL_FAN]" time="0.007"/>
  <testcase classname="org.bukkit.craftbukkit.inventory.FactoryItemMaterialTest" name="generalCase[Material[213]:DEAD_HORN_CORAL_FAN]" time="0"/>
  <testcase classname="org.bukkit.craftbukkit.inventory.FactoryItemMaterialTest" name="asMetaFor[Material[213]:DEAD_HORN_CORAL_FAN]" time="0.008"/>
  <testcase classname="org.bukkit.craftbukkit.inventory.FactoryItemMaterialTest" name="itemStack[Material[213]:DEAD_HORN_CORAL_FAN]" time="0"/>
  <testcase classname="org.bukkit.craftbukkit.inventory.FactoryItemMaterialTest" name="blankEqualities[Material[214]:DEAD_TUBE_CORAL]" time="0.007"/>
  <testcase classname="org.bukkit.craftbukkit.inventory.FactoryItemMaterialTest" name="generalCase[Material[214]:DEAD_TUBE_CORAL]" time="0"/>
  <testcase classname="org.bukkit.craftbukkit.inventory.FactoryItemMaterialTest" name="asMetaFor[Material[214]:DEAD_TUBE_CORAL]" time="0.009"/>
  <testcase classname="org.bukkit.craftbukkit.inventory.FactoryItemMaterialTest" name="itemStack[Material[214]:DEAD_TUBE_CORAL]" time="0"/>
  <testcase classname="org.bukkit.craftbukkit.inventory.FactoryItemMaterialTest" name="blankEqualities[Material[215]:DEAD_TUBE_CORAL_BLOCK]" time="0.007"/>
  <testcase classname="org.bukkit.craftbukkit.inventory.FactoryItemMaterialTest" name="generalCase[Material[215]:DEAD_TUBE_CORAL_BLOCK]" time="0"/>
  <testcase classname="org.bukkit.craftbukkit.inventory.FactoryItemMaterialTest" name="asMetaFor[Material[215]:DEAD_TUBE_CORAL_BLOCK]" time="0.01"/>
  <testcase classname="org.bukkit.craftbukkit.inventory.FactoryItemMaterialTest" name="itemStack[Material[215]:DEAD_TUBE_CORAL_BLOCK]" time="0"/>
  <testcase classname="org.bukkit.craftbukkit.inventory.FactoryItemMaterialTest" name="blankEqualities[Material[216]:DEAD_TUBE_CORAL_FAN]" time="0.007"/>
  <testcase classname="org.bukkit.craftbukkit.inventory.FactoryItemMaterialTest" name="generalCase[Material[216]:DEAD_TUBE_CORAL_FAN]" time="0"/>
  <testcase classname="org.bukkit.craftbukkit.inventory.FactoryItemMaterialTest" name="asMetaFor[Material[216]:DEAD_TUBE_CORAL_FAN]" time="0.009"/>
  <testcase classname="org.bukkit.craftbukkit.inventory.FactoryItemMaterialTest" name="itemStack[Material[216]:DEAD_TUBE_CORAL_FAN]" time="0"/>
  <testcase classname="org.bukkit.craftbukkit.inventory.FactoryItemMaterialTest" name="blankEqualities[Material[217]:DEBUG_STICK]" time="0.018"/>
  <testcase classname="org.bukkit.craftbukkit.inventory.FactoryItemMaterialTest" name="generalCase[Material[217]:DEBUG_STICK]" time="0"/>
  <testcase classname="org.bukkit.craftbukkit.inventory.FactoryItemMaterialTest" name="asMetaFor[Material[217]:DEBUG_STICK]" time="0.009"/>
  <testcase classname="org.bukkit.craftbukkit.inventory.FactoryItemMaterialTest" name="itemStack[Material[217]:DEBUG_STICK]" time="0"/>
  <testcase classname="org.bukkit.craftbukkit.inventory.FactoryItemMaterialTest" name="blankEqualities[Material[218]:DETECTOR_RAIL]" time="0.007"/>
  <testcase classname="org.bukkit.craftbukkit.inventory.FactoryItemMaterialTest" name="generalCase[Material[218]:DETECTOR_RAIL]" time="0"/>
  <testcase classname="org.bukkit.craftbukkit.inventory.FactoryItemMaterialTest" name="asMetaFor[Material[218]:DETECTOR_RAIL]" time="0.009"/>
  <testcase classname="org.bukkit.craftbukkit.inventory.FactoryItemMaterialTest" name="itemStack[Material[218]:DETECTOR_RAIL]" time="0"/>
  <testcase classname="org.bukkit.craftbukkit.inventory.FactoryItemMaterialTest" name="blankEqualities[Material[219]:DIAMOND]" time="0.007"/>
  <testcase classname="org.bukkit.craftbukkit.inventory.FactoryItemMaterialTest" name="generalCase[Material[219]:DIAMOND]" time="0"/>
  <testcase classname="org.bukkit.craftbukkit.inventory.FactoryItemMaterialTest" name="asMetaFor[Material[219]:DIAMOND]" time="0.009"/>
  <testcase classname="org.bukkit.craftbukkit.inventory.FactoryItemMaterialTest" name="itemStack[Material[219]:DIAMOND]" time="0"/>
  <testcase classname="org.bukkit.craftbukkit.inventory.FactoryItemMaterialTest" name="blankEqualities[Material[220]:DIAMOND_AXE]" time="0.007"/>
  <testcase classname="org.bukkit.craftbukkit.inventory.FactoryItemMaterialTest" name="generalCase[Material[220]:DIAMOND_AXE]" time="0"/>
  <testcase classname="org.bukkit.craftbukkit.inventory.FactoryItemMaterialTest" name="asMetaFor[Material[220]:DIAMOND_AXE]" time="0.009"/>
  <testcase classname="org.bukkit.craftbukkit.inventory.FactoryItemMaterialTest" name="itemStack[Material[220]:DIAMOND_AXE]" time="0"/>
  <testcase classname="org.bukkit.craftbukkit.inventory.FactoryItemMaterialTest" name="blankEqualities[Material[221]:DIAMOND_BLOCK]" time="0.007"/>
  <testcase classname="org.bukkit.craftbukkit.inventory.FactoryItemMaterialTest" name="generalCase[Material[221]:DIAMOND_BLOCK]" time="0"/>
  <testcase classname="org.bukkit.craftbukkit.inventory.FactoryItemMaterialTest" name="asMetaFor[Material[221]:DIAMOND_BLOCK]" time="0.009"/>
  <testcase classname="org.bukkit.craftbukkit.inventory.FactoryItemMaterialTest" name="itemStack[Material[221]:DIAMOND_BLOCK]" time="0.001"/>
  <testcase classname="org.bukkit.craftbukkit.inventory.FactoryItemMaterialTest" name="blankEqualities[Material[222]:DIAMOND_BOOTS]" time="0.007"/>
  <testcase classname="org.bukkit.craftbukkit.inventory.FactoryItemMaterialTest" name="generalCase[Material[222]:DIAMOND_BOOTS]" time="0"/>
  <testcase classname="org.bukkit.craftbukkit.inventory.FactoryItemMaterialTest" name="asMetaFor[Material[222]:DIAMOND_BOOTS]" time="0.01"/>
  <testcase classname="org.bukkit.craftbukkit.inventory.FactoryItemMaterialTest" name="itemStack[Material[222]:DIAMOND_BOOTS]" time="0"/>
  <testcase classname="org.bukkit.craftbukkit.inventory.FactoryItemMaterialTest" name="blankEqualities[Material[223]:DIAMOND_CHESTPLATE]" time="0.007"/>
  <testcase classname="org.bukkit.craftbukkit.inventory.FactoryItemMaterialTest" name="generalCase[Material[223]:DIAMOND_CHESTPLATE]" time="0.001"/>
  <testcase classname="org.bukkit.craftbukkit.inventory.FactoryItemMaterialTest" name="asMetaFor[Material[223]:DIAMOND_CHESTPLATE]" time="0.01"/>
  <testcase classname="org.bukkit.craftbukkit.inventory.FactoryItemMaterialTest" name="itemStack[Material[223]:DIAMOND_CHESTPLATE]" time="0.001"/>
  <testcase classname="org.bukkit.craftbukkit.inventory.FactoryItemMaterialTest" name="blankEqualities[Material[224]:DIAMOND_HELMET]" time="0.016"/>
  <testcase classname="org.bukkit.craftbukkit.inventory.FactoryItemMaterialTest" name="generalCase[Material[224]:DIAMOND_HELMET]" time="0"/>
  <testcase classname="org.bukkit.craftbukkit.inventory.FactoryItemMaterialTest" name="asMetaFor[Material[224]:DIAMOND_HELMET]" time="0.009"/>
  <testcase classname="org.bukkit.craftbukkit.inventory.FactoryItemMaterialTest" name="itemStack[Material[224]:DIAMOND_HELMET]" time="0"/>
  <testcase classname="org.bukkit.craftbukkit.inventory.FactoryItemMaterialTest" name="blankEqualities[Material[225]:DIAMOND_HOE]" time="0.007"/>
  <testcase classname="org.bukkit.craftbukkit.inventory.FactoryItemMaterialTest" name="generalCase[Material[225]:DIAMOND_HOE]" time="0"/>
  <testcase classname="org.bukkit.craftbukkit.inventory.FactoryItemMaterialTest" name="asMetaFor[Material[225]:DIAMOND_HOE]" time="0.009"/>
  <testcase classname="org.bukkit.craftbukkit.inventory.FactoryItemMaterialTest" name="itemStack[Material[225]:DIAMOND_HOE]" time="0"/>
  <testcase classname="org.bukkit.craftbukkit.inventory.FactoryItemMaterialTest" name="blankEqualities[Material[226]:DIAMOND_HORSE_ARMOR]" time="0.007"/>
  <testcase classname="org.bukkit.craftbukkit.inventory.FactoryItemMaterialTest" name="generalCase[Material[226]:DIAMOND_HORSE_ARMOR]" time="0"/>
  <testcase classname="org.bukkit.craftbukkit.inventory.FactoryItemMaterialTest" name="asMetaFor[Material[226]:DIAMOND_HORSE_ARMOR]" time="0.009"/>
  <testcase classname="org.bukkit.craftbukkit.inventory.FactoryItemMaterialTest" name="itemStack[Material[226]:DIAMOND_HORSE_ARMOR]" time="0"/>
  <testcase classname="org.bukkit.craftbukkit.inventory.FactoryItemMaterialTest" name="blankEqualities[Material[227]:DIAMOND_LEGGINGS]" time="0.007"/>
  <testcase classname="org.bukkit.craftbukkit.inventory.FactoryItemMaterialTest" name="generalCase[Material[227]:DIAMOND_LEGGINGS]" time="0"/>
  <testcase classname="org.bukkit.craftbukkit.inventory.FactoryItemMaterialTest" name="asMetaFor[Material[227]:DIAMOND_LEGGINGS]" time="0.01"/>
  <testcase classname="org.bukkit.craftbukkit.inventory.FactoryItemMaterialTest" name="itemStack[Material[227]:DIAMOND_LEGGINGS]" time="0"/>
  <testcase classname="org.bukkit.craftbukkit.inventory.FactoryItemMaterialTest" name="blankEqualities[Material[228]:DIAMOND_ORE]" time="0.019"/>
  <testcase classname="org.bukkit.craftbukkit.inventory.FactoryItemMaterialTest" name="generalCase[Material[228]:DIAMOND_ORE]" time="0"/>
  <testcase classname="org.bukkit.craftbukkit.inventory.FactoryItemMaterialTest" name="asMetaFor[Material[228]:DIAMOND_ORE]" time="0.01"/>
  <testcase classname="org.bukkit.craftbukkit.inventory.FactoryItemMaterialTest" name="itemStack[Material[228]:DIAMOND_ORE]" time="0"/>
  <testcase classname="org.bukkit.craftbukkit.inventory.FactoryItemMaterialTest" name="blankEqualities[Material[229]:DIAMOND_PICKAXE]" time="0.007"/>
  <testcase classname="org.bukkit.craftbukkit.inventory.FactoryItemMaterialTest" name="generalCase[Material[229]:DIAMOND_PICKAXE]" time="0"/>
  <testcase classname="org.bukkit.craftbukkit.inventory.FactoryItemMaterialTest" name="asMetaFor[Material[229]:DIAMOND_PICKAXE]" time="0.009"/>
  <testcase classname="org.bukkit.craftbukkit.inventory.FactoryItemMaterialTest" name="itemStack[Material[229]:DIAMOND_PICKAXE]" time="0.001"/>
  <testcase classname="org.bukkit.craftbukkit.inventory.FactoryItemMaterialTest" name="blankEqualities[Material[230]:DIAMOND_SHOVEL]" time="0.007"/>
  <testcase classname="org.bukkit.craftbukkit.inventory.FactoryItemMaterialTest" name="generalCase[Material[230]:DIAMOND_SHOVEL]" time="0"/>
  <testcase classname="org.bukkit.craftbukkit.inventory.FactoryItemMaterialTest" name="asMetaFor[Material[230]:DIAMOND_SHOVEL]" time="0.009"/>
  <testcase classname="org.bukkit.craftbukkit.inventory.FactoryItemMaterialTest" name="itemStack[Material[230]:DIAMOND_SHOVEL]" time="0"/>
  <testcase classname="org.bukkit.craftbukkit.inventory.FactoryItemMaterialTest" name="blankEqualities[Material[231]:DIAMOND_SWORD]" time="0.007"/>
  <testcase classname="org.bukkit.craftbukkit.inventory.FactoryItemMaterialTest" name="generalCase[Material[231]:DIAMOND_SWORD]" time="0"/>
  <testcase classname="org.bukkit.craftbukkit.inventory.FactoryItemMaterialTest" name="asMetaFor[Material[231]:DIAMOND_SWORD]" time="0.009"/>
  <testcase classname="org.bukkit.craftbukkit.inventory.FactoryItemMaterialTest" name="itemStack[Material[231]:DIAMOND_SWORD]" time="0"/>
  <testcase classname="org.bukkit.craftbukkit.inventory.FactoryItemMaterialTest" name="blankEqualities[Material[232]:DIORITE]" time="0.007"/>
  <testcase classname="org.bukkit.craftbukkit.inventory.FactoryItemMaterialTest" name="generalCase[Material[232]:DIORITE]" time="0"/>
  <testcase classname="org.bukkit.craftbukkit.inventory.FactoryItemMaterialTest" name="asMetaFor[Material[232]:DIORITE]" time="0.009"/>
  <testcase classname="org.bukkit.craftbukkit.inventory.FactoryItemMaterialTest" name="itemStack[Material[232]:DIORITE]" time="0"/>
  <testcase classname="org.bukkit.craftbukkit.inventory.FactoryItemMaterialTest" name="blankEqualities[Material[233]:DIRT]" time="0.006"/>
  <testcase classname="org.bukkit.craftbukkit.inventory.FactoryItemMaterialTest" name="generalCase[Material[233]:DIRT]" time="0.001"/>
  <testcase classname="org.bukkit.craftbukkit.inventory.FactoryItemMaterialTest" name="asMetaFor[Material[233]:DIRT]" time="0.009"/>
  <testcase classname="org.bukkit.craftbukkit.inventory.FactoryItemMaterialTest" name="itemStack[Material[233]:DIRT]" time="0"/>
  <testcase classname="org.bukkit.craftbukkit.inventory.FactoryItemMaterialTest" name="blankEqualities[Material[234]:DISPENSER]" time="0.008"/>
  <testcase classname="org.bukkit.craftbukkit.inventory.FactoryItemMaterialTest" name="generalCase[Material[234]:DISPENSER]" time="0"/>
  <testcase classname="org.bukkit.craftbukkit.inventory.FactoryItemMaterialTest" name="asMetaFor[Material[234]:DISPENSER]" time="0.009"/>
  <testcase classname="org.bukkit.craftbukkit.inventory.FactoryItemMaterialTest" name="itemStack[Material[234]:DISPENSER]" time="0"/>
  <testcase classname="org.bukkit.craftbukkit.inventory.FactoryItemMaterialTest" name="blankEqualities[Material[235]:DOLPHIN_SPAWN_EGG]" time="0.007"/>
  <testcase classname="org.bukkit.craftbukkit.inventory.FactoryItemMaterialTest" name="generalCase[Material[235]:DOLPHIN_SPAWN_EGG]" time="0"/>
  <testcase classname="org.bukkit.craftbukkit.inventory.FactoryItemMaterialTest" name="asMetaFor[Material[235]:DOLPHIN_SPAWN_EGG]" time="0.009"/>
  <testcase classname="org.bukkit.craftbukkit.inventory.FactoryItemMaterialTest" name="itemStack[Material[235]:DOLPHIN_SPAWN_EGG]" time="0"/>
  <testcase classname="org.bukkit.craftbukkit.inventory.FactoryItemMaterialTest" name="blankEqualities[Material[236]:DONKEY_SPAWN_EGG]" time="0.007"/>
  <testcase classname="org.bukkit.craftbukkit.inventory.FactoryItemMaterialTest" name="generalCase[Material[236]:DONKEY_SPAWN_EGG]" time="0.001"/>
  <testcase classname="org.bukkit.craftbukkit.inventory.FactoryItemMaterialTest" name="asMetaFor[Material[236]:DONKEY_SPAWN_EGG]" time="0.009"/>
  <testcase classname="org.bukkit.craftbukkit.inventory.FactoryItemMaterialTest" name="itemStack[Material[236]:DONKEY_SPAWN_EGG]" time="0"/>
  <testcase classname="org.bukkit.craftbukkit.inventory.FactoryItemMaterialTest" name="blankEqualities[Material[237]:DRAGON_BREATH]" time="0.006"/>
  <testcase classname="org.bukkit.craftbukkit.inventory.FactoryItemMaterialTest" name="generalCase[Material[237]:DRAGON_BREATH]" time="0"/>
  <testcase classname="org.bukkit.craftbukkit.inventory.FactoryItemMaterialTest" name="asMetaFor[Material[237]:DRAGON_BREATH]" time="0.009"/>
  <testcase classname="org.bukkit.craftbukkit.inventory.FactoryItemMaterialTest" name="itemStack[Material[237]:DRAGON_BREATH]" time="0"/>
  <testcase classname="org.bukkit.craftbukkit.inventory.FactoryItemMaterialTest" name="blankEqualities[Material[238]:DRAGON_EGG]" time="0.007"/>
  <testcase classname="org.bukkit.craftbukkit.inventory.FactoryItemMaterialTest" name="generalCase[Material[238]:DRAGON_EGG]" time="0"/>
  <testcase classname="org.bukkit.craftbukkit.inventory.FactoryItemMaterialTest" name="asMetaFor[Material[238]:DRAGON_EGG]" time="0.008"/>
  <testcase classname="org.bukkit.craftbukkit.inventory.FactoryItemMaterialTest" name="itemStack[Material[238]:DRAGON_EGG]" time="0"/>
  <testcase classname="org.bukkit.craftbukkit.inventory.FactoryItemMaterialTest" name="blankEqualities[Material[239]:DRAGON_HEAD]" time="0.018"/>
  <testcase classname="org.bukkit.craftbukkit.inventory.FactoryItemMaterialTest" name="generalCase[Material[239]:DRAGON_HEAD]" time="0"/>
  <testcase classname="org.bukkit.craftbukkit.inventory.FactoryItemMaterialTest" name="asMetaFor[Material[239]:DRAGON_HEAD]" time="0.009"/>
  <testcase classname="org.bukkit.craftbukkit.inventory.FactoryItemMaterialTest" name="itemStack[Material[239]:DRAGON_HEAD]" time="0.001"/>
  <testcase classname="org.bukkit.craftbukkit.inventory.FactoryItemMaterialTest" name="blankEqualities[Material[240]:DRIED_KELP]" time="0.003"/>
  <testcase classname="org.bukkit.craftbukkit.inventory.FactoryItemMaterialTest" name="generalCase[Material[240]:DRIED_KELP]" time="0"/>
  <testcase classname="org.bukkit.craftbukkit.inventory.FactoryItemMaterialTest" name="asMetaFor[Material[240]:DRIED_KELP]" time="0.008"/>
  <testcase classname="org.bukkit.craftbukkit.inventory.FactoryItemMaterialTest" name="itemStack[Material[240]:DRIED_KELP]" time="0"/>
  <testcase classname="org.bukkit.craftbukkit.inventory.FactoryItemMaterialTest" name="blankEqualities[Material[241]:DRIED_KELP_BLOCK]" time="0.007"/>
  <testcase classname="org.bukkit.craftbukkit.inventory.FactoryItemMaterialTest" name="generalCase[Material[241]:DRIED_KELP_BLOCK]" time="0"/>
  <testcase classname="org.bukkit.craftbukkit.inventory.FactoryItemMaterialTest" name="asMetaFor[Material[241]:DRIED_KELP_BLOCK]" time="0.009"/>
  <testcase classname="org.bukkit.craftbukkit.inventory.FactoryItemMaterialTest" name="itemStack[Material[241]:DRIED_KELP_BLOCK]" time="0.001"/>
  <testcase classname="org.bukkit.craftbukkit.inventory.FactoryItemMaterialTest" name="blankEqualities[Material[242]:DROPPER]" time="0.007"/>
  <testcase classname="org.bukkit.craftbukkit.inventory.FactoryItemMaterialTest" name="generalCase[Material[242]:DROPPER]" time="0"/>
  <testcase classname="org.bukkit.craftbukkit.inventory.FactoryItemMaterialTest" name="asMetaFor[Material[242]:DROPPER]" time="0.009"/>
  <testcase classname="org.bukkit.craftbukkit.inventory.FactoryItemMaterialTest" name="itemStack[Material[242]:DROPPER]" time="0"/>
  <testcase classname="org.bukkit.craftbukkit.inventory.FactoryItemMaterialTest" name="blankEqualities[Material[243]:DROWNED_SPAWN_EGG]" time="0.016"/>
  <testcase classname="org.bukkit.craftbukkit.inventory.FactoryItemMaterialTest" name="generalCase[Material[243]:DROWNED_SPAWN_EGG]" time="0"/>
  <testcase classname="org.bukkit.craftbukkit.inventory.FactoryItemMaterialTest" name="asMetaFor[Material[243]:DROWNED_SPAWN_EGG]" time="0.002"/>
  <testcase classname="org.bukkit.craftbukkit.inventory.FactoryItemMaterialTest" name="itemStack[Material[243]:DROWNED_SPAWN_EGG]" time="0"/>
  <testcase classname="org.bukkit.craftbukkit.inventory.FactoryItemMaterialTest" name="blankEqualities[Material[244]:EGG]" time="0.007"/>
  <testcase classname="org.bukkit.craftbukkit.inventory.FactoryItemMaterialTest" name="generalCase[Material[244]:EGG]" time="0.001"/>
  <testcase classname="org.bukkit.craftbukkit.inventory.FactoryItemMaterialTest" name="asMetaFor[Material[244]:EGG]" time="0.009"/>
  <testcase classname="org.bukkit.craftbukkit.inventory.FactoryItemMaterialTest" name="itemStack[Material[244]:EGG]" time="0"/>
  <testcase classname="org.bukkit.craftbukkit.inventory.FactoryItemMaterialTest" name="blankEqualities[Material[245]:ELDER_GUARDIAN_SPAWN_EGG]" time="0.008"/>
  <testcase classname="org.bukkit.craftbukkit.inventory.FactoryItemMaterialTest" name="generalCase[Material[245]:ELDER_GUARDIAN_SPAWN_EGG]" time="0"/>
  <testcase classname="org.bukkit.craftbukkit.inventory.FactoryItemMaterialTest" name="asMetaFor[Material[245]:ELDER_GUARDIAN_SPAWN_EGG]" time="0.009"/>
  <testcase classname="org.bukkit.craftbukkit.inventory.FactoryItemMaterialTest" name="itemStack[Material[245]:ELDER_GUARDIAN_SPAWN_EGG]" time="0"/>
  <testcase classname="org.bukkit.craftbukkit.inventory.FactoryItemMaterialTest" name="blankEqualities[Material[246]:ELYTRA]" time="0.006"/>
  <testcase classname="org.bukkit.craftbukkit.inventory.FactoryItemMaterialTest" name="generalCase[Material[246]:ELYTRA]" time="0"/>
  <testcase classname="org.bukkit.craftbukkit.inventory.FactoryItemMaterialTest" name="asMetaFor[Material[246]:ELYTRA]" time="0.009"/>
  <testcase classname="org.bukkit.craftbukkit.inventory.FactoryItemMaterialTest" name="itemStack[Material[246]:ELYTRA]" time="0"/>
  <testcase classname="org.bukkit.craftbukkit.inventory.FactoryItemMaterialTest" name="blankEqualities[Material[247]:EMERALD]" time="0.006"/>
  <testcase classname="org.bukkit.craftbukkit.inventory.FactoryItemMaterialTest" name="generalCase[Material[247]:EMERALD]" time="0"/>
  <testcase classname="org.bukkit.craftbukkit.inventory.FactoryItemMaterialTest" name="asMetaFor[Material[247]:EMERALD]" time="0.009"/>
  <testcase classname="org.bukkit.craftbukkit.inventory.FactoryItemMaterialTest" name="itemStack[Material[247]:EMERALD]" time="0"/>
  <testcase classname="org.bukkit.craftbukkit.inventory.FactoryItemMaterialTest" name="blankEqualities[Material[248]:EMERALD_BLOCK]" time="0.005"/>
  <testcase classname="org.bukkit.craftbukkit.inventory.FactoryItemMaterialTest" name="generalCase[Material[248]:EMERALD_BLOCK]" time="0"/>
  <testcase classname="org.bukkit.craftbukkit.inventory.FactoryItemMaterialTest" name="asMetaFor[Material[248]:EMERALD_BLOCK]" time="0.009"/>
  <testcase classname="org.bukkit.craftbukkit.inventory.FactoryItemMaterialTest" name="itemStack[Material[248]:EMERALD_BLOCK]" time="0.001"/>
  <testcase classname="org.bukkit.craftbukkit.inventory.FactoryItemMaterialTest" name="blankEqualities[Material[249]:EMERALD_ORE]" time="0.007"/>
  <testcase classname="org.bukkit.craftbukkit.inventory.FactoryItemMaterialTest" name="generalCase[Material[249]:EMERALD_ORE]" time="0"/>
  <testcase classname="org.bukkit.craftbukkit.inventory.FactoryItemMaterialTest" name="asMetaFor[Material[249]:EMERALD_ORE]" time="0.009"/>
  <testcase classname="org.bukkit.craftbukkit.inventory.FactoryItemMaterialTest" name="itemStack[Material[249]:EMERALD_ORE]" time="0.001"/>
  <testcase classname="org.bukkit.craftbukkit.inventory.FactoryItemMaterialTest" name="blankEqualities[Material[250]:ENCHANTED_BOOK]" time="0.009"/>
  <testcase classname="org.bukkit.craftbukkit.inventory.FactoryItemMaterialTest" name="generalCase[Material[250]:ENCHANTED_BOOK]" time="0"/>
  <testcase classname="org.bukkit.craftbukkit.inventory.FactoryItemMaterialTest" name="asMetaFor[Material[250]:ENCHANTED_BOOK]" time="0.009"/>
  <testcase classname="org.bukkit.craftbukkit.inventory.FactoryItemMaterialTest" name="itemStack[Material[250]:ENCHANTED_BOOK]" time="0"/>
  <testcase classname="org.bukkit.craftbukkit.inventory.FactoryItemMaterialTest" name="blankEqualities[Material[251]:ENCHANTED_GOLDEN_APPLE]" time="0.007"/>
  <testcase classname="org.bukkit.craftbukkit.inventory.FactoryItemMaterialTest" name="generalCase[Material[251]:ENCHANTED_GOLDEN_APPLE]" time="0"/>
  <testcase classname="org.bukkit.craftbukkit.inventory.FactoryItemMaterialTest" name="asMetaFor[Material[251]:ENCHANTED_GOLDEN_APPLE]" time="0.009"/>
  <testcase classname="org.bukkit.craftbukkit.inventory.FactoryItemMaterialTest" name="itemStack[Material[251]:ENCHANTED_GOLDEN_APPLE]" time="0"/>
  <testcase classname="org.bukkit.craftbukkit.inventory.FactoryItemMaterialTest" name="blankEqualities[Material[252]:ENCHANTING_TABLE]" time="0.007"/>
  <testcase classname="org.bukkit.craftbukkit.inventory.FactoryItemMaterialTest" name="generalCase[Material[252]:ENCHANTING_TABLE]" time="0.001"/>
  <testcase classname="org.bukkit.craftbukkit.inventory.FactoryItemMaterialTest" name="asMetaFor[Material[252]:ENCHANTING_TABLE]" time="0.009"/>
  <testcase classname="org.bukkit.craftbukkit.inventory.FactoryItemMaterialTest" name="itemStack[Material[252]:ENCHANTING_TABLE]" time="0"/>
  <testcase classname="org.bukkit.craftbukkit.inventory.FactoryItemMaterialTest" name="blankEqualities[Material[253]:ENDERMAN_SPAWN_EGG]" time="0.008"/>
  <testcase classname="org.bukkit.craftbukkit.inventory.FactoryItemMaterialTest" name="generalCase[Material[253]:ENDERMAN_SPAWN_EGG]" time="0"/>
  <testcase classname="org.bukkit.craftbukkit.inventory.FactoryItemMaterialTest" name="asMetaFor[Material[253]:ENDERMAN_SPAWN_EGG]" time="0.009"/>
  <testcase classname="org.bukkit.craftbukkit.inventory.FactoryItemMaterialTest" name="itemStack[Material[253]:ENDERMAN_SPAWN_EGG]" time="0"/>
  <testcase classname="org.bukkit.craftbukkit.inventory.FactoryItemMaterialTest" name="blankEqualities[Material[254]:ENDERMITE_SPAWN_EGG]" time="0.007"/>
  <testcase classname="org.bukkit.craftbukkit.inventory.FactoryItemMaterialTest" name="generalCase[Material[254]:ENDERMITE_SPAWN_EGG]" time="0"/>
  <testcase classname="org.bukkit.craftbukkit.inventory.FactoryItemMaterialTest" name="asMetaFor[Material[254]:ENDERMITE_SPAWN_EGG]" time="0.01"/>
  <testcase classname="org.bukkit.craftbukkit.inventory.FactoryItemMaterialTest" name="itemStack[Material[254]:ENDERMITE_SPAWN_EGG]" time="0"/>
  <testcase classname="org.bukkit.craftbukkit.inventory.FactoryItemMaterialTest" name="blankEqualities[Material[255]:ENDER_CHEST]" time="0.007"/>
  <testcase classname="org.bukkit.craftbukkit.inventory.FactoryItemMaterialTest" name="generalCase[Material[255]:ENDER_CHEST]" time="0.001"/>
  <testcase classname="org.bukkit.craftbukkit.inventory.FactoryItemMaterialTest" name="asMetaFor[Material[255]:ENDER_CHEST]" time="0.009"/>
  <testcase classname="org.bukkit.craftbukkit.inventory.FactoryItemMaterialTest" name="itemStack[Material[255]:ENDER_CHEST]" time="0"/>
  <testcase classname="org.bukkit.craftbukkit.inventory.FactoryItemMaterialTest" name="blankEqualities[Material[256]:ENDER_EYE]" time="0.007"/>
  <testcase classname="org.bukkit.craftbukkit.inventory.FactoryItemMaterialTest" name="generalCase[Material[256]:ENDER_EYE]" time="0"/>
  <testcase classname="org.bukkit.craftbukkit.inventory.FactoryItemMaterialTest" name="asMetaFor[Material[256]:ENDER_EYE]" time="0.009"/>
  <testcase classname="org.bukkit.craftbukkit.inventory.FactoryItemMaterialTest" name="itemStack[Material[256]:ENDER_EYE]" time="0.001"/>
  <testcase classname="org.bukkit.craftbukkit.inventory.FactoryItemMaterialTest" name="blankEqualities[Material[257]:ENDER_PEARL]" time="0.006"/>
  <testcase classname="org.bukkit.craftbukkit.inventory.FactoryItemMaterialTest" name="generalCase[Material[257]:ENDER_PEARL]" time="0"/>
  <testcase classname="org.bukkit.craftbukkit.inventory.FactoryItemMaterialTest" name="asMetaFor[Material[257]:ENDER_PEARL]" time="0.009"/>
  <testcase classname="org.bukkit.craftbukkit.inventory.FactoryItemMaterialTest" name="itemStack[Material[257]:ENDER_PEARL]" time="0"/>
  <testcase classname="org.bukkit.craftbukkit.inventory.FactoryItemMaterialTest" name="blankEqualities[Material[258]:END_CRYSTAL]" time="0.007"/>
  <testcase classname="org.bukkit.craftbukkit.inventory.FactoryItemMaterialTest" name="generalCase[Material[258]:END_CRYSTAL]" time="0"/>
  <testcase classname="org.bukkit.craftbukkit.inventory.FactoryItemMaterialTest" name="asMetaFor[Material[258]:END_CRYSTAL]" time="0.009"/>
  <testcase classname="org.bukkit.craftbukkit.inventory.FactoryItemMaterialTest" name="itemStack[Material[258]:END_CRYSTAL]" time="0"/>
  <testcase classname="org.bukkit.craftbukkit.inventory.FactoryItemMaterialTest" name="blankEqualities[Material[259]:END_PORTAL_FRAME]" time="0.007"/>
  <testcase classname="org.bukkit.craftbukkit.inventory.FactoryItemMaterialTest" name="generalCase[Material[259]:END_PORTAL_FRAME]" time="0"/>
  <testcase classname="org.bukkit.craftbukkit.inventory.FactoryItemMaterialTest" name="asMetaFor[Material[259]:END_PORTAL_FRAME]" time="0.009"/>
  <testcase classname="org.bukkit.craftbukkit.inventory.FactoryItemMaterialTest" name="itemStack[Material[259]:END_PORTAL_FRAME]" time="0"/>
  <testcase classname="org.bukkit.craftbukkit.inventory.FactoryItemMaterialTest" name="blankEqualities[Material[260]:END_ROD]" time="0.007"/>
  <testcase classname="org.bukkit.craftbukkit.inventory.FactoryItemMaterialTest" name="generalCase[Material[260]:END_ROD]" time="0"/>
  <testcase classname="org.bukkit.craftbukkit.inventory.FactoryItemMaterialTest" name="asMetaFor[Material[260]:END_ROD]" time="0.009"/>
  <testcase classname="org.bukkit.craftbukkit.inventory.FactoryItemMaterialTest" name="itemStack[Material[260]:END_ROD]" time="0"/>
  <testcase classname="org.bukkit.craftbukkit.inventory.FactoryItemMaterialTest" name="blankEqualities[Material[261]:END_STONE]" time="0.018"/>
  <testcase classname="org.bukkit.craftbukkit.inventory.FactoryItemMaterialTest" name="generalCase[Material[261]:END_STONE]" time="0"/>
  <testcase classname="org.bukkit.craftbukkit.inventory.FactoryItemMaterialTest" name="asMetaFor[Material[261]:END_STONE]" time="0.009"/>
  <testcase classname="org.bukkit.craftbukkit.inventory.FactoryItemMaterialTest" name="itemStack[Material[261]:END_STONE]" time="0"/>
  <testcase classname="org.bukkit.craftbukkit.inventory.FactoryItemMaterialTest" name="blankEqualities[Material[262]:END_STONE_BRICKS]" time="0.007"/>
  <testcase classname="org.bukkit.craftbukkit.inventory.FactoryItemMaterialTest" name="generalCase[Material[262]:END_STONE_BRICKS]" time="0"/>
  <testcase classname="org.bukkit.craftbukkit.inventory.FactoryItemMaterialTest" name="asMetaFor[Material[262]:END_STONE_BRICKS]" time="0.009"/>
  <testcase classname="org.bukkit.craftbukkit.inventory.FactoryItemMaterialTest" name="itemStack[Material[262]:END_STONE_BRICKS]" time="0"/>
  <testcase classname="org.bukkit.craftbukkit.inventory.FactoryItemMaterialTest" name="blankEqualities[Material[263]:EVOKER_SPAWN_EGG]" time="0.008"/>
  <testcase classname="org.bukkit.craftbukkit.inventory.FactoryItemMaterialTest" name="generalCase[Material[263]:EVOKER_SPAWN_EGG]" time="0"/>
  <testcase classname="org.bukkit.craftbukkit.inventory.FactoryItemMaterialTest" name="asMetaFor[Material[263]:EVOKER_SPAWN_EGG]" time="0.009"/>
  <testcase classname="org.bukkit.craftbukkit.inventory.FactoryItemMaterialTest" name="itemStack[Material[263]:EVOKER_SPAWN_EGG]" time="0"/>
  <testcase classname="org.bukkit.craftbukkit.inventory.FactoryItemMaterialTest" name="blankEqualities[Material[264]:EXPERIENCE_BOTTLE]" time="0.007"/>
  <testcase classname="org.bukkit.craftbukkit.inventory.FactoryItemMaterialTest" name="generalCase[Material[264]:EXPERIENCE_BOTTLE]" time="0"/>
  <testcase classname="org.bukkit.craftbukkit.inventory.FactoryItemMaterialTest" name="asMetaFor[Material[264]:EXPERIENCE_BOTTLE]" time="0.009"/>
  <testcase classname="org.bukkit.craftbukkit.inventory.FactoryItemMaterialTest" name="itemStack[Material[264]:EXPERIENCE_BOTTLE]" time="0"/>
  <testcase classname="org.bukkit.craftbukkit.inventory.FactoryItemMaterialTest" name="blankEqualities[Material[265]:FARMLAND]" time="0.007"/>
  <testcase classname="org.bukkit.craftbukkit.inventory.FactoryItemMaterialTest" name="generalCase[Material[265]:FARMLAND]" time="0"/>
  <testcase classname="org.bukkit.craftbukkit.inventory.FactoryItemMaterialTest" name="asMetaFor[Material[265]:FARMLAND]" time="0.009"/>
  <testcase classname="org.bukkit.craftbukkit.inventory.FactoryItemMaterialTest" name="itemStack[Material[265]:FARMLAND]" time="0"/>
  <testcase classname="org.bukkit.craftbukkit.inventory.FactoryItemMaterialTest" name="blankEqualities[Material[266]:FEATHER]" time="0.007"/>
  <testcase classname="org.bukkit.craftbukkit.inventory.FactoryItemMaterialTest" name="generalCase[Material[266]:FEATHER]" time="0"/>
  <testcase classname="org.bukkit.craftbukkit.inventory.FactoryItemMaterialTest" name="asMetaFor[Material[266]:FEATHER]" time="0.009"/>
  <testcase classname="org.bukkit.craftbukkit.inventory.FactoryItemMaterialTest" name="itemStack[Material[266]:FEATHER]" time="0"/>
  <testcase classname="org.bukkit.craftbukkit.inventory.FactoryItemMaterialTest" name="blankEqualities[Material[267]:FERMENTED_SPIDER_EYE]" time="0.007"/>
  <testcase classname="org.bukkit.craftbukkit.inventory.FactoryItemMaterialTest" name="generalCase[Material[267]:FERMENTED_SPIDER_EYE]" time="0"/>
  <testcase classname="org.bukkit.craftbukkit.inventory.FactoryItemMaterialTest" name="asMetaFor[Material[267]:FERMENTED_SPIDER_EYE]" time="0.01"/>
  <testcase classname="org.bukkit.craftbukkit.inventory.FactoryItemMaterialTest" name="itemStack[Material[267]:FERMENTED_SPIDER_EYE]" time="0"/>
  <testcase classname="org.bukkit.craftbukkit.inventory.FactoryItemMaterialTest" name="blankEqualities[Material[268]:FERN]" time="0.007"/>
  <testcase classname="org.bukkit.craftbukkit.inventory.FactoryItemMaterialTest" name="generalCase[Material[268]:FERN]" time="0"/>
  <testcase classname="org.bukkit.craftbukkit.inventory.FactoryItemMaterialTest" name="asMetaFor[Material[268]:FERN]" time="0.009"/>
  <testcase classname="org.bukkit.craftbukkit.inventory.FactoryItemMaterialTest" name="itemStack[Material[268]:FERN]" time="0"/>
  <testcase classname="org.bukkit.craftbukkit.inventory.FactoryItemMaterialTest" name="blankEqualities[Material[269]:FILLED_MAP]" time="0.013"/>
  <testcase classname="org.bukkit.craftbukkit.inventory.FactoryItemMaterialTest" name="generalCase[Material[269]:FILLED_MAP]" time="0"/>
  <testcase classname="org.bukkit.craftbukkit.inventory.FactoryItemMaterialTest" name="asMetaFor[Material[269]:FILLED_MAP]" time="0.009"/>
  <testcase classname="org.bukkit.craftbukkit.inventory.FactoryItemMaterialTest" name="itemStack[Material[269]:FILLED_MAP]" time="0"/>
  <testcase classname="org.bukkit.craftbukkit.inventory.FactoryItemMaterialTest" name="blankEqualities[Material[270]:FIREWORK_ROCKET]" time="0.01"/>
  <testcase classname="org.bukkit.craftbukkit.inventory.FactoryItemMaterialTest" name="generalCase[Material[270]:FIREWORK_ROCKET]" time="0.001"/>
  <testcase classname="org.bukkit.craftbukkit.inventory.FactoryItemMaterialTest" name="asMetaFor[Material[270]:FIREWORK_ROCKET]" time="0.009"/>
  <testcase classname="org.bukkit.craftbukkit.inventory.FactoryItemMaterialTest" name="itemStack[Material[270]:FIREWORK_ROCKET]" time="0"/>
  <testcase classname="org.bukkit.craftbukkit.inventory.FactoryItemMaterialTest" name="blankEqualities[Material[271]:FIREWORK_STAR]" time="0.009"/>
  <testcase classname="org.bukkit.craftbukkit.inventory.FactoryItemMaterialTest" name="generalCase[Material[271]:FIREWORK_STAR]" time="0"/>
  <testcase classname="org.bukkit.craftbukkit.inventory.FactoryItemMaterialTest" name="asMetaFor[Material[271]:FIREWORK_STAR]" time="0.009"/>
  <testcase classname="org.bukkit.craftbukkit.inventory.FactoryItemMaterialTest" name="itemStack[Material[271]:FIREWORK_STAR]" time="0"/>
  <testcase classname="org.bukkit.craftbukkit.inventory.FactoryItemMaterialTest" name="blankEqualities[Material[272]:FIRE_CHARGE]" time="0.007"/>
  <testcase classname="org.bukkit.craftbukkit.inventory.FactoryItemMaterialTest" name="generalCase[Material[272]:FIRE_CHARGE]" time="0"/>
  <testcase classname="org.bukkit.craftbukkit.inventory.FactoryItemMaterialTest" name="asMetaFor[Material[272]:FIRE_CHARGE]" time="0.01"/>
  <testcase classname="org.bukkit.craftbukkit.inventory.FactoryItemMaterialTest" name="itemStack[Material[272]:FIRE_CHARGE]" time="0"/>
  <testcase classname="org.bukkit.craftbukkit.inventory.FactoryItemMaterialTest" name="blankEqualities[Material[273]:FIRE_CORAL]" time="0.007"/>
  <testcase classname="org.bukkit.craftbukkit.inventory.FactoryItemMaterialTest" name="generalCase[Material[273]:FIRE_CORAL]" time="0"/>
  <testcase classname="org.bukkit.craftbukkit.inventory.FactoryItemMaterialTest" name="asMetaFor[Material[273]:FIRE_CORAL]" time="0.009"/>
  <testcase classname="org.bukkit.craftbukkit.inventory.FactoryItemMaterialTest" name="itemStack[Material[273]:FIRE_CORAL]" time="0"/>
  <testcase classname="org.bukkit.craftbukkit.inventory.FactoryItemMaterialTest" name="blankEqualities[Material[274]:FIRE_CORAL_BLOCK]" time="0.007"/>
  <testcase classname="org.bukkit.craftbukkit.inventory.FactoryItemMaterialTest" name="generalCase[Material[274]:FIRE_CORAL_BLOCK]" time="0"/>
  <testcase classname="org.bukkit.craftbukkit.inventory.FactoryItemMaterialTest" name="asMetaFor[Material[274]:FIRE_CORAL_BLOCK]" time="0.009"/>
  <testcase classname="org.bukkit.craftbukkit.inventory.FactoryItemMaterialTest" name="itemStack[Material[274]:FIRE_CORAL_BLOCK]" time="0"/>
  <testcase classname="org.bukkit.craftbukkit.inventory.FactoryItemMaterialTest" name="blankEqualities[Material[275]:FIRE_CORAL_FAN]" time="0.007"/>
  <testcase classname="org.bukkit.craftbukkit.inventory.FactoryItemMaterialTest" name="generalCase[Material[275]:FIRE_CORAL_FAN]" time="0"/>
  <testcase classname="org.bukkit.craftbukkit.inventory.FactoryItemMaterialTest" name="asMetaFor[Material[275]:FIRE_CORAL_FAN]" time="0.02"/>
  <testcase classname="org.bukkit.craftbukkit.inventory.FactoryItemMaterialTest" name="itemStack[Material[275]:FIRE_CORAL_FAN]" time="0"/>
  <testcase classname="org.bukkit.craftbukkit.inventory.FactoryItemMaterialTest" name="blankEqualities[Material[276]:FISHING_ROD]" time="0.006"/>
  <testcase classname="org.bukkit.craftbukkit.inventory.FactoryItemMaterialTest" name="generalCase[Material[276]:FISHING_ROD]" time="0"/>
  <testcase classname="org.bukkit.craftbukkit.inventory.FactoryItemMaterialTest" name="asMetaFor[Material[276]:FISHING_ROD]" time="0.008"/>
  <testcase classname="org.bukkit.craftbukkit.inventory.FactoryItemMaterialTest" name="itemStack[Material[276]:FISHING_ROD]" time="0"/>
  <testcase classname="org.bukkit.craftbukkit.inventory.FactoryItemMaterialTest" name="blankEqualities[Material[277]:FLINT]" time="0.007"/>
  <testcase classname="org.bukkit.craftbukkit.inventory.FactoryItemMaterialTest" name="generalCase[Material[277]:FLINT]" time="0.001"/>
  <testcase classname="org.bukkit.craftbukkit.inventory.FactoryItemMaterialTest" name="asMetaFor[Material[277]:FLINT]" time="0.009"/>
  <testcase classname="org.bukkit.craftbukkit.inventory.FactoryItemMaterialTest" name="itemStack[Material[277]:FLINT]" time="0"/>
  <testcase classname="org.bukkit.craftbukkit.inventory.FactoryItemMaterialTest" name="blankEqualities[Material[278]:FLINT_AND_STEEL]" time="0.006"/>
  <testcase classname="org.bukkit.craftbukkit.inventory.FactoryItemMaterialTest" name="generalCase[Material[278]:FLINT_AND_STEEL]" time="0"/>
  <testcase classname="org.bukkit.craftbukkit.inventory.FactoryItemMaterialTest" name="asMetaFor[Material[278]:FLINT_AND_STEEL]" time="0.008"/>
  <testcase classname="org.bukkit.craftbukkit.inventory.FactoryItemMaterialTest" name="itemStack[Material[278]:FLINT_AND_STEEL]" time="0"/>
  <testcase classname="org.bukkit.craftbukkit.inventory.FactoryItemMaterialTest" name="blankEqualities[Material[279]:FLOWER_POT]" time="0.006"/>
  <testcase classname="org.bukkit.craftbukkit.inventory.FactoryItemMaterialTest" name="generalCase[Material[279]:FLOWER_POT]" time="0"/>
  <testcase classname="org.bukkit.craftbukkit.inventory.FactoryItemMaterialTest" name="asMetaFor[Material[279]:FLOWER_POT]" time="0.009"/>
  <testcase classname="org.bukkit.craftbukkit.inventory.FactoryItemMaterialTest" name="itemStack[Material[279]:FLOWER_POT]" time="0"/>
  <testcase classname="org.bukkit.craftbukkit.inventory.FactoryItemMaterialTest" name="blankEqualities[Material[280]:FURNACE]" time="0.007"/>
  <testcase classname="org.bukkit.craftbukkit.inventory.FactoryItemMaterialTest" name="generalCase[Material[280]:FURNACE]" time="0"/>
  <testcase classname="org.bukkit.craftbukkit.inventory.FactoryItemMaterialTest" name="asMetaFor[Material[280]:FURNACE]" time="0.009"/>
  <testcase classname="org.bukkit.craftbukkit.inventory.FactoryItemMaterialTest" name="itemStack[Material[280]:FURNACE]" time="0"/>
  <testcase classname="org.bukkit.craftbukkit.inventory.FactoryItemMaterialTest" name="blankEqualities[Material[281]:FURNACE_MINECART]" time="0.007"/>
  <testcase classname="org.bukkit.craftbukkit.inventory.FactoryItemMaterialTest" name="generalCase[Material[281]:FURNACE_MINECART]" time="0.001"/>
  <testcase classname="org.bukkit.craftbukkit.inventory.FactoryItemMaterialTest" name="asMetaFor[Material[281]:FURNACE_MINECART]" time="0.009"/>
  <testcase classname="org.bukkit.craftbukkit.inventory.FactoryItemMaterialTest" name="itemStack[Material[281]:FURNACE_MINECART]" time="0.001"/>
  <testcase classname="org.bukkit.craftbukkit.inventory.FactoryItemMaterialTest" name="blankEqualities[Material[282]:GHAST_SPAWN_EGG]" time="0.007"/>
  <testcase classname="org.bukkit.craftbukkit.inventory.FactoryItemMaterialTest" name="generalCase[Material[282]:GHAST_SPAWN_EGG]" time="0"/>
  <testcase classname="org.bukkit.craftbukkit.inventory.FactoryItemMaterialTest" name="asMetaFor[Material[282]:GHAST_SPAWN_EGG]" time="0.013"/>
  <testcase classname="org.bukkit.craftbukkit.inventory.FactoryItemMaterialTest" name="itemStack[Material[282]:GHAST_SPAWN_EGG]" time="0"/>
  <testcase classname="org.bukkit.craftbukkit.inventory.FactoryItemMaterialTest" name="blankEqualities[Material[283]:GHAST_TEAR]" time="0.007"/>
  <testcase classname="org.bukkit.craftbukkit.inventory.FactoryItemMaterialTest" name="generalCase[Material[283]:GHAST_TEAR]" time="0"/>
  <testcase classname="org.bukkit.craftbukkit.inventory.FactoryItemMaterialTest" name="asMetaFor[Material[283]:GHAST_TEAR]" time="0.009"/>
  <testcase classname="org.bukkit.craftbukkit.inventory.FactoryItemMaterialTest" name="itemStack[Material[283]:GHAST_TEAR]" time="0"/>
  <testcase classname="org.bukkit.craftbukkit.inventory.FactoryItemMaterialTest" name="blankEqualities[Material[284]:GLASS]" time="0.007"/>
  <testcase classname="org.bukkit.craftbukkit.inventory.FactoryItemMaterialTest" name="generalCase[Material[284]:GLASS]" time="0"/>
  <testcase classname="org.bukkit.craftbukkit.inventory.FactoryItemMaterialTest" name="asMetaFor[Material[284]:GLASS]" time="0.009"/>
  <testcase classname="org.bukkit.craftbukkit.inventory.FactoryItemMaterialTest" name="itemStack[Material[284]:GLASS]" time="0"/>
  <testcase classname="org.bukkit.craftbukkit.inventory.FactoryItemMaterialTest" name="blankEqualities[Material[285]:GLASS_BOTTLE]" time="0.006"/>
  <testcase classname="org.bukkit.craftbukkit.inventory.FactoryItemMaterialTest" name="generalCase[Material[285]:GLASS_BOTTLE]" time="0"/>
  <testcase classname="org.bukkit.craftbukkit.inventory.FactoryItemMaterialTest" name="asMetaFor[Material[285]:GLASS_BOTTLE]" time="0.009"/>
  <testcase classname="org.bukkit.craftbukkit.inventory.FactoryItemMaterialTest" name="itemStack[Material[285]:GLASS_BOTTLE]" time="0"/>
  <testcase classname="org.bukkit.craftbukkit.inventory.FactoryItemMaterialTest" name="blankEqualities[Material[286]:GLASS_PANE]" time="0.007"/>
  <testcase classname="org.bukkit.craftbukkit.inventory.FactoryItemMaterialTest" name="generalCase[Material[286]:GLASS_PANE]" time="0"/>
  <testcase classname="org.bukkit.craftbukkit.inventory.FactoryItemMaterialTest" name="asMetaFor[Material[286]:GLASS_PANE]" time="0.008"/>
  <testcase classname="org.bukkit.craftbukkit.inventory.FactoryItemMaterialTest" name="itemStack[Material[286]:GLASS_PANE]" time="0"/>
  <testcase classname="org.bukkit.craftbukkit.inventory.FactoryItemMaterialTest" name="blankEqualities[Material[287]:GLISTERING_MELON_SLICE]" time="0.007"/>
  <testcase classname="org.bukkit.craftbukkit.inventory.FactoryItemMaterialTest" name="generalCase[Material[287]:GLISTERING_MELON_SLICE]" time="0"/>
  <testcase classname="org.bukkit.craftbukkit.inventory.FactoryItemMaterialTest" name="asMetaFor[Material[287]:GLISTERING_MELON_SLICE]" time="0.009"/>
  <testcase classname="org.bukkit.craftbukkit.inventory.FactoryItemMaterialTest" name="itemStack[Material[287]:GLISTERING_MELON_SLICE]" time="0"/>
  <testcase classname="org.bukkit.craftbukkit.inventory.FactoryItemMaterialTest" name="blankEqualities[Material[288]:GLOWSTONE]" time="0.006"/>
  <testcase classname="org.bukkit.craftbukkit.inventory.FactoryItemMaterialTest" name="generalCase[Material[288]:GLOWSTONE]" time="0"/>
  <testcase classname="org.bukkit.craftbukkit.inventory.FactoryItemMaterialTest" name="asMetaFor[Material[288]:GLOWSTONE]" time="0.009"/>
  <testcase classname="org.bukkit.craftbukkit.inventory.FactoryItemMaterialTest" name="itemStack[Material[288]:GLOWSTONE]" time="0"/>
  <testcase classname="org.bukkit.craftbukkit.inventory.FactoryItemMaterialTest" name="blankEqualities[Material[289]:GLOWSTONE_DUST]" time="0.007"/>
  <testcase classname="org.bukkit.craftbukkit.inventory.FactoryItemMaterialTest" name="generalCase[Material[289]:GLOWSTONE_DUST]" time="0"/>
  <testcase classname="org.bukkit.craftbukkit.inventory.FactoryItemMaterialTest" name="asMetaFor[Material[289]:GLOWSTONE_DUST]" time="0.012"/>
  <testcase classname="org.bukkit.craftbukkit.inventory.FactoryItemMaterialTest" name="itemStack[Material[289]:GLOWSTONE_DUST]" time="0"/>
  <testcase classname="org.bukkit.craftbukkit.inventory.FactoryItemMaterialTest" name="blankEqualities[Material[290]:GOLDEN_APPLE]" time="0.005"/>
  <testcase classname="org.bukkit.craftbukkit.inventory.FactoryItemMaterialTest" name="generalCase[Material[290]:GOLDEN_APPLE]" time="0"/>
  <testcase classname="org.bukkit.craftbukkit.inventory.FactoryItemMaterialTest" name="asMetaFor[Material[290]:GOLDEN_APPLE]" time="0.009"/>
  <testcase classname="org.bukkit.craftbukkit.inventory.FactoryItemMaterialTest" name="itemStack[Material[290]:GOLDEN_APPLE]" time="0"/>
  <testcase classname="org.bukkit.craftbukkit.inventory.FactoryItemMaterialTest" name="blankEqualities[Material[291]:GOLDEN_AXE]" time="0.006"/>
  <testcase classname="org.bukkit.craftbukkit.inventory.FactoryItemMaterialTest" name="generalCase[Material[291]:GOLDEN_AXE]" time="0.001"/>
  <testcase classname="org.bukkit.craftbukkit.inventory.FactoryItemMaterialTest" name="asMetaFor[Material[291]:GOLDEN_AXE]" time="0.009"/>
  <testcase classname="org.bukkit.craftbukkit.inventory.FactoryItemMaterialTest" name="itemStack[Material[291]:GOLDEN_AXE]" time="0"/>
  <testcase classname="org.bukkit.craftbukkit.inventory.FactoryItemMaterialTest" name="blankEqualities[Material[292]:GOLDEN_BOOTS]" time="0.007"/>
  <testcase classname="org.bukkit.craftbukkit.inventory.FactoryItemMaterialTest" name="generalCase[Material[292]:GOLDEN_BOOTS]" time="0"/>
  <testcase classname="org.bukkit.craftbukkit.inventory.FactoryItemMaterialTest" name="asMetaFor[Material[292]:GOLDEN_BOOTS]" time="0.009"/>
  <testcase classname="org.bukkit.craftbukkit.inventory.FactoryItemMaterialTest" name="itemStack[Material[292]:GOLDEN_BOOTS]" time="0"/>
  <testcase classname="org.bukkit.craftbukkit.inventory.FactoryItemMaterialTest" name="blankEqualities[Material[293]:GOLDEN_CARROT]" time="0.007"/>
  <testcase classname="org.bukkit.craftbukkit.inventory.FactoryItemMaterialTest" name="generalCase[Material[293]:GOLDEN_CARROT]" time="0"/>
  <testcase classname="org.bukkit.craftbukkit.inventory.FactoryItemMaterialTest" name="asMetaFor[Material[293]:GOLDEN_CARROT]" time="0.009"/>
  <testcase classname="org.bukkit.craftbukkit.inventory.FactoryItemMaterialTest" name="itemStack[Material[293]:GOLDEN_CARROT]" time="0"/>
  <testcase classname="org.bukkit.craftbukkit.inventory.FactoryItemMaterialTest" name="blankEqualities[Material[294]:GOLDEN_CHESTPLATE]" time="0.007"/>
  <testcase classname="org.bukkit.craftbukkit.inventory.FactoryItemMaterialTest" name="generalCase[Material[294]:GOLDEN_CHESTPLATE]" time="0"/>
  <testcase classname="org.bukkit.craftbukkit.inventory.FactoryItemMaterialTest" name="asMetaFor[Material[294]:GOLDEN_CHESTPLATE]" time="0.009"/>
  <testcase classname="org.bukkit.craftbukkit.inventory.FactoryItemMaterialTest" name="itemStack[Material[294]:GOLDEN_CHESTPLATE]" time="0"/>
  <testcase classname="org.bukkit.craftbukkit.inventory.FactoryItemMaterialTest" name="blankEqualities[Material[295]:GOLDEN_HELMET]" time="0.007"/>
  <testcase classname="org.bukkit.craftbukkit.inventory.FactoryItemMaterialTest" name="generalCase[Material[295]:GOLDEN_HELMET]" time="0"/>
  <testcase classname="org.bukkit.craftbukkit.inventory.FactoryItemMaterialTest" name="asMetaFor[Material[295]:GOLDEN_HELMET]" time="0.08"/>
  <testcase classname="org.bukkit.craftbukkit.inventory.FactoryItemMaterialTest" name="itemStack[Material[295]:GOLDEN_HELMET]" time="0"/>
  <testcase classname="org.bukkit.craftbukkit.inventory.FactoryItemMaterialTest" name="blankEqualities[Material[296]:GOLDEN_HOE]" time="0.007"/>
  <testcase classname="org.bukkit.craftbukkit.inventory.FactoryItemMaterialTest" name="generalCase[Material[296]:GOLDEN_HOE]" time="0"/>
  <testcase classname="org.bukkit.craftbukkit.inventory.FactoryItemMaterialTest" name="asMetaFor[Material[296]:GOLDEN_HOE]" time="0.008"/>
  <testcase classname="org.bukkit.craftbukkit.inventory.FactoryItemMaterialTest" name="itemStack[Material[296]:GOLDEN_HOE]" time="0"/>
  <testcase classname="org.bukkit.craftbukkit.inventory.FactoryItemMaterialTest" name="blankEqualities[Material[297]:GOLDEN_HORSE_ARMOR]" time="0.007"/>
  <testcase classname="org.bukkit.craftbukkit.inventory.FactoryItemMaterialTest" name="generalCase[Material[297]:GOLDEN_HORSE_ARMOR]" time="0"/>
  <testcase classname="org.bukkit.craftbukkit.inventory.FactoryItemMaterialTest" name="asMetaFor[Material[297]:GOLDEN_HORSE_ARMOR]" time="0.001"/>
  <testcase classname="org.bukkit.craftbukkit.inventory.FactoryItemMaterialTest" name="itemStack[Material[297]:GOLDEN_HORSE_ARMOR]" time="0"/>
  <testcase classname="org.bukkit.craftbukkit.inventory.FactoryItemMaterialTest" name="blankEqualities[Material[298]:GOLDEN_LEGGINGS]" time="0.007"/>
  <testcase classname="org.bukkit.craftbukkit.inventory.FactoryItemMaterialTest" name="generalCase[Material[298]:GOLDEN_LEGGINGS]" time="0"/>
  <testcase classname="org.bukkit.craftbukkit.inventory.FactoryItemMaterialTest" name="asMetaFor[Material[298]:GOLDEN_LEGGINGS]" time="0.01"/>
  <testcase classname="org.bukkit.craftbukkit.inventory.FactoryItemMaterialTest" name="itemStack[Material[298]:GOLDEN_LEGGINGS]" time="0"/>
  <testcase classname="org.bukkit.craftbukkit.inventory.FactoryItemMaterialTest" name="blankEqualities[Material[299]:GOLDEN_PICKAXE]" time="0.004"/>
  <testcase classname="org.bukkit.craftbukkit.inventory.FactoryItemMaterialTest" name="generalCase[Material[299]:GOLDEN_PICKAXE]" time="0"/>
  <testcase classname="org.bukkit.craftbukkit.inventory.FactoryItemMaterialTest" name="asMetaFor[Material[299]:GOLDEN_PICKAXE]" time="0.009"/>
  <testcase classname="org.bukkit.craftbukkit.inventory.FactoryItemMaterialTest" name="itemStack[Material[299]:GOLDEN_PICKAXE]" time="0"/>
  <testcase classname="org.bukkit.craftbukkit.inventory.FactoryItemMaterialTest" name="blankEqualities[Material[300]:GOLDEN_SHOVEL]" time="0.007"/>
  <testcase classname="org.bukkit.craftbukkit.inventory.FactoryItemMaterialTest" name="generalCase[Material[300]:GOLDEN_SHOVEL]" time="0"/>
  <testcase classname="org.bukkit.craftbukkit.inventory.FactoryItemMaterialTest" name="asMetaFor[Material[300]:GOLDEN_SHOVEL]" time="0.009"/>
  <testcase classname="org.bukkit.craftbukkit.inventory.FactoryItemMaterialTest" name="itemStack[Material[300]:GOLDEN_SHOVEL]" time="0"/>
  <testcase classname="org.bukkit.craftbukkit.inventory.FactoryItemMaterialTest" name="blankEqualities[Material[301]:GOLDEN_SWORD]" time="0.007"/>
  <testcase classname="org.bukkit.craftbukkit.inventory.FactoryItemMaterialTest" name="generalCase[Material[301]:GOLDEN_SWORD]" time="0"/>
  <testcase classname="org.bukkit.craftbukkit.inventory.FactoryItemMaterialTest" name="asMetaFor[Material[301]:GOLDEN_SWORD]" time="0.009"/>
  <testcase classname="org.bukkit.craftbukkit.inventory.FactoryItemMaterialTest" name="itemStack[Material[301]:GOLDEN_SWORD]" time="0"/>
  <testcase classname="org.bukkit.craftbukkit.inventory.FactoryItemMaterialTest" name="blankEqualities[Material[302]:GOLD_BLOCK]" time="0.007"/>
  <testcase classname="org.bukkit.craftbukkit.inventory.FactoryItemMaterialTest" name="generalCase[Material[302]:GOLD_BLOCK]" time="0"/>
  <testcase classname="org.bukkit.craftbukkit.inventory.FactoryItemMaterialTest" name="asMetaFor[Material[302]:GOLD_BLOCK]" time="0.009"/>
  <testcase classname="org.bukkit.craftbukkit.inventory.FactoryItemMaterialTest" name="itemStack[Material[302]:GOLD_BLOCK]" time="0"/>
  <testcase classname="org.bukkit.craftbukkit.inventory.FactoryItemMaterialTest" name="blankEqualities[Material[303]:GOLD_INGOT]" time="0.007"/>
  <testcase classname="org.bukkit.craftbukkit.inventory.FactoryItemMaterialTest" name="generalCase[Material[303]:GOLD_INGOT]" time="0"/>
  <testcase classname="org.bukkit.craftbukkit.inventory.FactoryItemMaterialTest" name="asMetaFor[Material[303]:GOLD_INGOT]" time="0.009"/>
  <testcase classname="org.bukkit.craftbukkit.inventory.FactoryItemMaterialTest" name="itemStack[Material[303]:GOLD_INGOT]" time="0"/>
  <testcase classname="org.bukkit.craftbukkit.inventory.FactoryItemMaterialTest" name="blankEqualities[Material[304]:GOLD_NUGGET]" time="0.007"/>
  <testcase classname="org.bukkit.craftbukkit.inventory.FactoryItemMaterialTest" name="generalCase[Material[304]:GOLD_NUGGET]" time="0"/>
  <testcase classname="org.bukkit.craftbukkit.inventory.FactoryItemMaterialTest" name="asMetaFor[Material[304]:GOLD_NUGGET]" time="0.009"/>
  <testcase classname="org.bukkit.craftbukkit.inventory.FactoryItemMaterialTest" name="itemStack[Material[304]:GOLD_NUGGET]" time="0.001"/>
  <testcase classname="org.bukkit.craftbukkit.inventory.FactoryItemMaterialTest" name="blankEqualities[Material[305]:GOLD_ORE]" time="0.006"/>
  <testcase classname="org.bukkit.craftbukkit.inventory.FactoryItemMaterialTest" name="generalCase[Material[305]:GOLD_ORE]" time="0"/>
  <testcase classname="org.bukkit.craftbukkit.inventory.FactoryItemMaterialTest" name="asMetaFor[Material[305]:GOLD_ORE]" time="0.009"/>
  <testcase classname="org.bukkit.craftbukkit.inventory.FactoryItemMaterialTest" name="itemStack[Material[305]:GOLD_ORE]" time="0"/>
  <testcase classname="org.bukkit.craftbukkit.inventory.FactoryItemMaterialTest" name="blankEqualities[Material[306]:GRANITE]" time="0.007"/>
  <testcase classname="org.bukkit.craftbukkit.inventory.FactoryItemMaterialTest" name="generalCase[Material[306]:GRANITE]" time="0"/>
  <testcase classname="org.bukkit.craftbukkit.inventory.FactoryItemMaterialTest" name="asMetaFor[Material[306]:GRANITE]" time="0.009"/>
  <testcase classname="org.bukkit.craftbukkit.inventory.FactoryItemMaterialTest" name="itemStack[Material[306]:GRANITE]" time="0"/>
  <testcase classname="org.bukkit.craftbukkit.inventory.FactoryItemMaterialTest" name="blankEqualities[Material[307]:GRASS]" time="0.006"/>
  <testcase classname="org.bukkit.craftbukkit.inventory.FactoryItemMaterialTest" name="generalCase[Material[307]:GRASS]" time="0"/>
  <testcase classname="org.bukkit.craftbukkit.inventory.FactoryItemMaterialTest" name="asMetaFor[Material[307]:GRASS]" time="0.009"/>
  <testcase classname="org.bukkit.craftbukkit.inventory.FactoryItemMaterialTest" name="itemStack[Material[307]:GRASS]" time="0"/>
  <testcase classname="org.bukkit.craftbukkit.inventory.FactoryItemMaterialTest" name="blankEqualities[Material[308]:GRASS_BLOCK]" time="0.007"/>
  <testcase classname="org.bukkit.craftbukkit.inventory.FactoryItemMaterialTest" name="generalCase[Material[308]:GRASS_BLOCK]" time="0"/>
  <testcase classname="org.bukkit.craftbukkit.inventory.FactoryItemMaterialTest" name="asMetaFor[Material[308]:GRASS_BLOCK]" time="0.009"/>
  <testcase classname="org.bukkit.craftbukkit.inventory.FactoryItemMaterialTest" name="itemStack[Material[308]:GRASS_BLOCK]" time="0"/>
  <testcase classname="org.bukkit.craftbukkit.inventory.FactoryItemMaterialTest" name="blankEqualities[Material[309]:GRASS_PATH]" time="0.007"/>
  <testcase classname="org.bukkit.craftbukkit.inventory.FactoryItemMaterialTest" name="generalCase[Material[309]:GRASS_PATH]" time="0"/>
  <testcase classname="org.bukkit.craftbukkit.inventory.FactoryItemMaterialTest" name="asMetaFor[Material[309]:GRASS_PATH]" time="0.01"/>
  <testcase classname="org.bukkit.craftbukkit.inventory.FactoryItemMaterialTest" name="itemStack[Material[309]:GRASS_PATH]" time="0"/>
  <testcase classname="org.bukkit.craftbukkit.inventory.FactoryItemMaterialTest" name="blankEqualities[Material[310]:GRAVEL]" time="0.006"/>
  <testcase classname="org.bukkit.craftbukkit.inventory.FactoryItemMaterialTest" name="generalCase[Material[310]:GRAVEL]" time="0"/>
  <testcase classname="org.bukkit.craftbukkit.inventory.FactoryItemMaterialTest" name="asMetaFor[Material[310]:GRAVEL]" time="0.009"/>
  <testcase classname="org.bukkit.craftbukkit.inventory.FactoryItemMaterialTest" name="itemStack[Material[310]:GRAVEL]" time="0.001"/>
  <testcase classname="org.bukkit.craftbukkit.inventory.FactoryItemMaterialTest" name="blankEqualities[Material[311]:GRAY_BANNER]" time="0.007"/>
  <testcase classname="org.bukkit.craftbukkit.inventory.FactoryItemMaterialTest" name="generalCase[Material[311]:GRAY_BANNER]" time="0"/>
  <testcase classname="org.bukkit.craftbukkit.inventory.FactoryItemMaterialTest" name="asMetaFor[Material[311]:GRAY_BANNER]" time="0.009"/>
  <testcase classname="org.bukkit.craftbukkit.inventory.FactoryItemMaterialTest" name="itemStack[Material[311]:GRAY_BANNER]" time="0"/>
  <testcase classname="org.bukkit.craftbukkit.inventory.FactoryItemMaterialTest" name="blankEqualities[Material[312]:GRAY_BED]" time="0.007"/>
  <testcase classname="org.bukkit.craftbukkit.inventory.FactoryItemMaterialTest" name="generalCase[Material[312]:GRAY_BED]" time="0"/>
  <testcase classname="org.bukkit.craftbukkit.inventory.FactoryItemMaterialTest" name="asMetaFor[Material[312]:GRAY_BED]" time="0.009"/>
  <testcase classname="org.bukkit.craftbukkit.inventory.FactoryItemMaterialTest" name="itemStack[Material[312]:GRAY_BED]" time="0"/>
  <testcase classname="org.bukkit.craftbukkit.inventory.FactoryItemMaterialTest" name="blankEqualities[Material[313]:GRAY_CARPET]" time="0.007"/>
  <testcase classname="org.bukkit.craftbukkit.inventory.FactoryItemMaterialTest" name="generalCase[Material[313]:GRAY_CARPET]" time="0"/>
  <testcase classname="org.bukkit.craftbukkit.inventory.FactoryItemMaterialTest" name="asMetaFor[Material[313]:GRAY_CARPET]" time="0.02"/>
  <testcase classname="org.bukkit.craftbukkit.inventory.FactoryItemMaterialTest" name="itemStack[Material[313]:GRAY_CARPET]" time="0"/>
  <testcase classname="org.bukkit.craftbukkit.inventory.FactoryItemMaterialTest" name="blankEqualities[Material[314]:GRAY_CONCRETE]" time="0.007"/>
  <testcase classname="org.bukkit.craftbukkit.inventory.FactoryItemMaterialTest" name="generalCase[Material[314]:GRAY_CONCRETE]" time="0"/>
  <testcase classname="org.bukkit.craftbukkit.inventory.FactoryItemMaterialTest" name="asMetaFor[Material[314]:GRAY_CONCRETE]" time="0.009"/>
  <testcase classname="org.bukkit.craftbukkit.inventory.FactoryItemMaterialTest" name="itemStack[Material[314]:GRAY_CONCRETE]" time="0"/>
  <testcase classname="org.bukkit.craftbukkit.inventory.FactoryItemMaterialTest" name="blankEqualities[Material[315]:GRAY_CONCRETE_POWDER]" time="0.007"/>
  <testcase classname="org.bukkit.craftbukkit.inventory.FactoryItemMaterialTest" name="generalCase[Material[315]:GRAY_CONCRETE_POWDER]" time="0"/>
  <testcase classname="org.bukkit.craftbukkit.inventory.FactoryItemMaterialTest" name="asMetaFor[Material[315]:GRAY_CONCRETE_POWDER]" time="0.009"/>
  <testcase classname="org.bukkit.craftbukkit.inventory.FactoryItemMaterialTest" name="itemStack[Material[315]:GRAY_CONCRETE_POWDER]" time="0"/>
  <testcase classname="org.bukkit.craftbukkit.inventory.FactoryItemMaterialTest" name="blankEqualities[Material[316]:GRAY_DYE]" time="0.007"/>
  <testcase classname="org.bukkit.craftbukkit.inventory.FactoryItemMaterialTest" name="generalCase[Material[316]:GRAY_DYE]" time="0"/>
  <testcase classname="org.bukkit.craftbukkit.inventory.FactoryItemMaterialTest" name="asMetaFor[Material[316]:GRAY_DYE]" time="0.008"/>
  <testcase classname="org.bukkit.craftbukkit.inventory.FactoryItemMaterialTest" name="itemStack[Material[316]:GRAY_DYE]" time="0"/>
  <testcase classname="org.bukkit.craftbukkit.inventory.FactoryItemMaterialTest" name="blankEqualities[Material[317]:GRAY_GLAZED_TERRACOTTA]" time="0.007"/>
  <testcase classname="org.bukkit.craftbukkit.inventory.FactoryItemMaterialTest" name="generalCase[Material[317]:GRAY_GLAZED_TERRACOTTA]" time="0"/>
  <testcase classname="org.bukkit.craftbukkit.inventory.FactoryItemMaterialTest" name="asMetaFor[Material[317]:GRAY_GLAZED_TERRACOTTA]" time="0.009"/>
  <testcase classname="org.bukkit.craftbukkit.inventory.FactoryItemMaterialTest" name="itemStack[Material[317]:GRAY_GLAZED_TERRACOTTA]" time="0"/>
  <testcase classname="org.bukkit.craftbukkit.inventory.FactoryItemMaterialTest" name="blankEqualities[Material[318]:GRAY_SHULKER_BOX]" time="0.007"/>
  <testcase classname="org.bukkit.craftbukkit.inventory.FactoryItemMaterialTest" name="generalCase[Material[318]:GRAY_SHULKER_BOX]" time="0"/>
  <testcase classname="org.bukkit.craftbukkit.inventory.FactoryItemMaterialTest" name="asMetaFor[Material[318]:GRAY_SHULKER_BOX]" time="0.009"/>
  <testcase classname="org.bukkit.craftbukkit.inventory.FactoryItemMaterialTest" name="itemStack[Material[318]:GRAY_SHULKER_BOX]" time="0"/>
  <testcase classname="org.bukkit.craftbukkit.inventory.FactoryItemMaterialTest" name="blankEqualities[Material[319]:GRAY_STAINED_GLASS]" time="0.006"/>
  <testcase classname="org.bukkit.craftbukkit.inventory.FactoryItemMaterialTest" name="generalCase[Material[319]:GRAY_STAINED_GLASS]" time="0.001"/>
  <testcase classname="org.bukkit.craftbukkit.inventory.FactoryItemMaterialTest" name="asMetaFor[Material[319]:GRAY_STAINED_GLASS]" time="0.009"/>
  <testcase classname="org.bukkit.craftbukkit.inventory.FactoryItemMaterialTest" name="itemStack[Material[319]:GRAY_STAINED_GLASS]" time="0"/>
  <testcase classname="org.bukkit.craftbukkit.inventory.FactoryItemMaterialTest" name="blankEqualities[Material[320]:GRAY_STAINED_GLASS_PANE]" time="0.007"/>
  <testcase classname="org.bukkit.craftbukkit.inventory.FactoryItemMaterialTest" name="generalCase[Material[320]:GRAY_STAINED_GLASS_PANE]" time="0"/>
  <testcase classname="org.bukkit.craftbukkit.inventory.FactoryItemMaterialTest" name="asMetaFor[Material[320]:GRAY_STAINED_GLASS_PANE]" time="0.009"/>
  <testcase classname="org.bukkit.craftbukkit.inventory.FactoryItemMaterialTest" name="itemStack[Material[320]:GRAY_STAINED_GLASS_PANE]" time="0.001"/>
  <testcase classname="org.bukkit.craftbukkit.inventory.FactoryItemMaterialTest" name="blankEqualities[Material[321]:GRAY_TERRACOTTA]" time="0.006"/>
  <testcase classname="org.bukkit.craftbukkit.inventory.FactoryItemMaterialTest" name="generalCase[Material[321]:GRAY_TERRACOTTA]" time="0"/>
  <testcase classname="org.bukkit.craftbukkit.inventory.FactoryItemMaterialTest" name="asMetaFor[Material[321]:GRAY_TERRACOTTA]" time="0.009"/>
  <testcase classname="org.bukkit.craftbukkit.inventory.FactoryItemMaterialTest" name="itemStack[Material[321]:GRAY_TERRACOTTA]" time="0"/>
  <testcase classname="org.bukkit.craftbukkit.inventory.FactoryItemMaterialTest" name="blankEqualities[Material[322]:GRAY_WOOL]" time="0.007"/>
  <testcase classname="org.bukkit.craftbukkit.inventory.FactoryItemMaterialTest" name="generalCase[Material[322]:GRAY_WOOL]" time="0"/>
  <testcase classname="org.bukkit.craftbukkit.inventory.FactoryItemMaterialTest" name="asMetaFor[Material[322]:GRAY_WOOL]" time="0.008"/>
  <testcase classname="org.bukkit.craftbukkit.inventory.FactoryItemMaterialTest" name="itemStack[Material[322]:GRAY_WOOL]" time="0.001"/>
  <testcase classname="org.bukkit.craftbukkit.inventory.FactoryItemMaterialTest" name="blankEqualities[Material[323]:GREEN_BANNER]" time="0.008"/>
  <testcase classname="org.bukkit.craftbukkit.inventory.FactoryItemMaterialTest" name="generalCase[Material[323]:GREEN_BANNER]" time="0"/>
  <testcase classname="org.bukkit.craftbukkit.inventory.FactoryItemMaterialTest" name="asMetaFor[Material[323]:GREEN_BANNER]" time="0.009"/>
  <testcase classname="org.bukkit.craftbukkit.inventory.FactoryItemMaterialTest" name="itemStack[Material[323]:GREEN_BANNER]" time="0"/>
  <testcase classname="org.bukkit.craftbukkit.inventory.FactoryItemMaterialTest" name="blankEqualities[Material[324]:GREEN_BED]" time="0.006"/>
  <testcase classname="org.bukkit.craftbukkit.inventory.FactoryItemMaterialTest" name="generalCase[Material[324]:GREEN_BED]" time="0"/>
  <testcase classname="org.bukkit.craftbukkit.inventory.FactoryItemMaterialTest" name="asMetaFor[Material[324]:GREEN_BED]" time="0.009"/>
  <testcase classname="org.bukkit.craftbukkit.inventory.FactoryItemMaterialTest" name="itemStack[Material[324]:GREEN_BED]" time="0"/>
  <testcase classname="org.bukkit.craftbukkit.inventory.FactoryItemMaterialTest" name="blankEqualities[Material[325]:GREEN_CARPET]" time="0.007"/>
  <testcase classname="org.bukkit.craftbukkit.inventory.FactoryItemMaterialTest" name="generalCase[Material[325]:GREEN_CARPET]" time="0"/>
  <testcase classname="org.bukkit.craftbukkit.inventory.FactoryItemMaterialTest" name="asMetaFor[Material[325]:GREEN_CARPET]" time="0.009"/>
  <testcase classname="org.bukkit.craftbukkit.inventory.FactoryItemMaterialTest" name="itemStack[Material[325]:GREEN_CARPET]" time="0.001"/>
  <testcase classname="org.bukkit.craftbukkit.inventory.FactoryItemMaterialTest" name="blankEqualities[Material[326]:GREEN_CONCRETE]" time="0.007"/>
  <testcase classname="org.bukkit.craftbukkit.inventory.FactoryItemMaterialTest" name="generalCase[Material[326]:GREEN_CONCRETE]" time="0"/>
  <testcase classname="org.bukkit.craftbukkit.inventory.FactoryItemMaterialTest" name="asMetaFor[Material[326]:GREEN_CONCRETE]" time="0.009"/>
  <testcase classname="org.bukkit.craftbukkit.inventory.FactoryItemMaterialTest" name="itemStack[Material[326]:GREEN_CONCRETE]" time="0"/>
  <testcase classname="org.bukkit.craftbukkit.inventory.FactoryItemMaterialTest" name="blankEqualities[Material[327]:GREEN_CONCRETE_POWDER]" time="0.006"/>
  <testcase classname="org.bukkit.craftbukkit.inventory.FactoryItemMaterialTest" name="generalCase[Material[327]:GREEN_CONCRETE_POWDER]" time="0"/>
  <testcase classname="org.bukkit.craftbukkit.inventory.FactoryItemMaterialTest" name="asMetaFor[Material[327]:GREEN_CONCRETE_POWDER]" time="0.009"/>
  <testcase classname="org.bukkit.craftbukkit.inventory.FactoryItemMaterialTest" name="itemStack[Material[327]:GREEN_CONCRETE_POWDER]" time="0"/>
  <testcase classname="org.bukkit.craftbukkit.inventory.FactoryItemMaterialTest" name="blankEqualities[Material[328]:GREEN_GLAZED_TERRACOTTA]" time="0.006"/>
  <testcase classname="org.bukkit.craftbukkit.inventory.FactoryItemMaterialTest" name="generalCase[Material[328]:GREEN_GLAZED_TERRACOTTA]" time="0"/>
  <testcase classname="org.bukkit.craftbukkit.inventory.FactoryItemMaterialTest" name="asMetaFor[Material[328]:GREEN_GLAZED_TERRACOTTA]" time="0.009"/>
  <testcase classname="org.bukkit.craftbukkit.inventory.FactoryItemMaterialTest" name="itemStack[Material[328]:GREEN_GLAZED_TERRACOTTA]" time="0"/>
  <testcase classname="org.bukkit.craftbukkit.inventory.FactoryItemMaterialTest" name="blankEqualities[Material[329]:GREEN_SHULKER_BOX]" time="0.007"/>
  <testcase classname="org.bukkit.craftbukkit.inventory.FactoryItemMaterialTest" name="generalCase[Material[329]:GREEN_SHULKER_BOX]" time="0"/>
  <testcase classname="org.bukkit.craftbukkit.inventory.FactoryItemMaterialTest" name="asMetaFor[Material[329]:GREEN_SHULKER_BOX]" time="0.01"/>
  <testcase classname="org.bukkit.craftbukkit.inventory.FactoryItemMaterialTest" name="itemStack[Material[329]:GREEN_SHULKER_BOX]" time="0"/>
  <testcase classname="org.bukkit.craftbukkit.inventory.FactoryItemMaterialTest" name="blankEqualities[Material[330]:GREEN_STAINED_GLASS]" time="0.007"/>
  <testcase classname="org.bukkit.craftbukkit.inventory.FactoryItemMaterialTest" name="generalCase[Material[330]:GREEN_STAINED_GLASS]" time="0"/>
  <testcase classname="org.bukkit.craftbukkit.inventory.FactoryItemMaterialTest" name="asMetaFor[Material[330]:GREEN_STAINED_GLASS]" time="0.009"/>
  <testcase classname="org.bukkit.craftbukkit.inventory.FactoryItemMaterialTest" name="itemStack[Material[330]:GREEN_STAINED_GLASS]" time="0"/>
  <testcase classname="org.bukkit.craftbukkit.inventory.FactoryItemMaterialTest" name="blankEqualities[Material[331]:GREEN_STAINED_GLASS_PANE]" time="0.018"/>
  <testcase classname="org.bukkit.craftbukkit.inventory.FactoryItemMaterialTest" name="generalCase[Material[331]:GREEN_STAINED_GLASS_PANE]" time="0"/>
  <testcase classname="org.bukkit.craftbukkit.inventory.FactoryItemMaterialTest" name="asMetaFor[Material[331]:GREEN_STAINED_GLASS_PANE]" time="0.009"/>
  <testcase classname="org.bukkit.craftbukkit.inventory.FactoryItemMaterialTest" name="itemStack[Material[331]:GREEN_STAINED_GLASS_PANE]" time="0"/>
  <testcase classname="org.bukkit.craftbukkit.inventory.FactoryItemMaterialTest" name="blankEqualities[Material[332]:GREEN_TERRACOTTA]" time="0.006"/>
  <testcase classname="org.bukkit.craftbukkit.inventory.FactoryItemMaterialTest" name="generalCase[Material[332]:GREEN_TERRACOTTA]" time="0"/>
  <testcase classname="org.bukkit.craftbukkit.inventory.FactoryItemMaterialTest" name="asMetaFor[Material[332]:GREEN_TERRACOTTA]" time="0.009"/>
  <testcase classname="org.bukkit.craftbukkit.inventory.FactoryItemMaterialTest" name="itemStack[Material[332]:GREEN_TERRACOTTA]" time="0"/>
  <testcase classname="org.bukkit.craftbukkit.inventory.FactoryItemMaterialTest" name="blankEqualities[Material[333]:GREEN_WOOL]" time="0.006"/>
  <testcase classname="org.bukkit.craftbukkit.inventory.FactoryItemMaterialTest" name="generalCase[Material[333]:GREEN_WOOL]" time="0.001"/>
  <testcase classname="org.bukkit.craftbukkit.inventory.FactoryItemMaterialTest" name="asMetaFor[Material[333]:GREEN_WOOL]" time="0.009"/>
  <testcase classname="org.bukkit.craftbukkit.inventory.FactoryItemMaterialTest" name="itemStack[Material[333]:GREEN_WOOL]" time="0"/>
  <testcase classname="org.bukkit.craftbukkit.inventory.FactoryItemMaterialTest" name="blankEqualities[Material[334]:GUARDIAN_SPAWN_EGG]" time="0.008"/>
  <testcase classname="org.bukkit.craftbukkit.inventory.FactoryItemMaterialTest" name="generalCase[Material[334]:GUARDIAN_SPAWN_EGG]" time="0"/>
  <testcase classname="org.bukkit.craftbukkit.inventory.FactoryItemMaterialTest" name="asMetaFor[Material[334]:GUARDIAN_SPAWN_EGG]" time="0.009"/>
  <testcase classname="org.bukkit.craftbukkit.inventory.FactoryItemMaterialTest" name="itemStack[Material[334]:GUARDIAN_SPAWN_EGG]" time="0"/>
  <testcase classname="org.bukkit.craftbukkit.inventory.FactoryItemMaterialTest" name="blankEqualities[Material[335]:GUNPOWDER]" time="0.007"/>
  <testcase classname="org.bukkit.craftbukkit.inventory.FactoryItemMaterialTest" name="generalCase[Material[335]:GUNPOWDER]" time="0"/>
  <testcase classname="org.bukkit.craftbukkit.inventory.FactoryItemMaterialTest" name="asMetaFor[Material[335]:GUNPOWDER]" time="0.01"/>
  <testcase classname="org.bukkit.craftbukkit.inventory.FactoryItemMaterialTest" name="itemStack[Material[335]:GUNPOWDER]" time="0"/>
  <testcase classname="org.bukkit.craftbukkit.inventory.FactoryItemMaterialTest" name="blankEqualities[Material[336]:HAY_BLOCK]" time="0.007"/>
  <testcase classname="org.bukkit.craftbukkit.inventory.FactoryItemMaterialTest" name="generalCase[Material[336]:HAY_BLOCK]" time="0"/>
  <testcase classname="org.bukkit.craftbukkit.inventory.FactoryItemMaterialTest" name="asMetaFor[Material[336]:HAY_BLOCK]" time="0.009"/>
  <testcase classname="org.bukkit.craftbukkit.inventory.FactoryItemMaterialTest" name="itemStack[Material[336]:HAY_BLOCK]" time="0"/>
  <testcase classname="org.bukkit.craftbukkit.inventory.FactoryItemMaterialTest" name="blankEqualities[Material[337]:HEART_OF_THE_SEA]" time="0.007"/>
  <testcase classname="org.bukkit.craftbukkit.inventory.FactoryItemMaterialTest" name="generalCase[Material[337]:HEART_OF_THE_SEA]" time="0.001"/>
  <testcase classname="org.bukkit.craftbukkit.inventory.FactoryItemMaterialTest" name="asMetaFor[Material[337]:HEART_OF_THE_SEA]" time="0.009"/>
  <testcase classname="org.bukkit.craftbukkit.inventory.FactoryItemMaterialTest" name="itemStack[Material[337]:HEART_OF_THE_SEA]" time="0"/>
  <testcase classname="org.bukkit.craftbukkit.inventory.FactoryItemMaterialTest" name="blankEqualities[Material[338]:HEAVY_WEIGHTED_PRESSURE_PLATE]" time="0.007"/>
  <testcase classname="org.bukkit.craftbukkit.inventory.FactoryItemMaterialTest" name="generalCase[Material[338]:HEAVY_WEIGHTED_PRESSURE_PLATE]" time="0"/>
  <testcase classname="org.bukkit.craftbukkit.inventory.FactoryItemMaterialTest" name="asMetaFor[Material[338]:HEAVY_WEIGHTED_PRESSURE_PLATE]" time="0.009"/>
  <testcase classname="org.bukkit.craftbukkit.inventory.FactoryItemMaterialTest" name="itemStack[Material[338]:HEAVY_WEIGHTED_PRESSURE_PLATE]" time="0"/>
  <testcase classname="org.bukkit.craftbukkit.inventory.FactoryItemMaterialTest" name="blankEqualities[Material[339]:HOPPER]" time="0.007"/>
  <testcase classname="org.bukkit.craftbukkit.inventory.FactoryItemMaterialTest" name="generalCase[Material[339]:HOPPER]" time="0.001"/>
  <testcase classname="org.bukkit.craftbukkit.inventory.FactoryItemMaterialTest" name="asMetaFor[Material[339]:HOPPER]" time="0.009"/>
  <testcase classname="org.bukkit.craftbukkit.inventory.FactoryItemMaterialTest" name="itemStack[Material[339]:HOPPER]" time="0"/>
  <testcase classname="org.bukkit.craftbukkit.inventory.FactoryItemMaterialTest" name="blankEqualities[Material[340]:HOPPER_MINECART]" time="0.007"/>
  <testcase classname="org.bukkit.craftbukkit.inventory.FactoryItemMaterialTest" name="generalCase[Material[340]:HOPPER_MINECART]" time="0"/>
  <testcase classname="org.bukkit.craftbukkit.inventory.FactoryItemMaterialTest" name="asMetaFor[Material[340]:HOPPER_MINECART]" time="0.009"/>
  <testcase classname="org.bukkit.craftbukkit.inventory.FactoryItemMaterialTest" name="itemStack[Material[340]:HOPPER_MINECART]" time="0"/>
  <testcase classname="org.bukkit.craftbukkit.inventory.FactoryItemMaterialTest" name="blankEqualities[Material[341]:HORN_CORAL]" time="0.007"/>
  <testcase classname="org.bukkit.craftbukkit.inventory.FactoryItemMaterialTest" name="generalCase[Material[341]:HORN_CORAL]" time="0"/>
  <testcase classname="org.bukkit.craftbukkit.inventory.FactoryItemMaterialTest" name="asMetaFor[Material[341]:HORN_CORAL]" time="0.009"/>
  <testcase classname="org.bukkit.craftbukkit.inventory.FactoryItemMaterialTest" name="itemStack[Material[341]:HORN_CORAL]" time="0"/>
  <testcase classname="org.bukkit.craftbukkit.inventory.FactoryItemMaterialTest" name="blankEqualities[Material[342]:HORN_CORAL_BLOCK]" time="0.007"/>
  <testcase classname="org.bukkit.craftbukkit.inventory.FactoryItemMaterialTest" name="generalCase[Material[342]:HORN_CORAL_BLOCK]" time="0"/>
  <testcase classname="org.bukkit.craftbukkit.inventory.FactoryItemMaterialTest" name="asMetaFor[Material[342]:HORN_CORAL_BLOCK]" time="0.009"/>
  <testcase classname="org.bukkit.craftbukkit.inventory.FactoryItemMaterialTest" name="itemStack[Material[342]:HORN_CORAL_BLOCK]" time="0"/>
  <testcase classname="org.bukkit.craftbukkit.inventory.FactoryItemMaterialTest" name="blankEqualities[Material[343]:HORN_CORAL_FAN]" time="0.007"/>
  <testcase classname="org.bukkit.craftbukkit.inventory.FactoryItemMaterialTest" name="generalCase[Material[343]:HORN_CORAL_FAN]" time="0"/>
  <testcase classname="org.bukkit.craftbukkit.inventory.FactoryItemMaterialTest" name="asMetaFor[Material[343]:HORN_CORAL_FAN]" time="0.009"/>
  <testcase classname="org.bukkit.craftbukkit.inventory.FactoryItemMaterialTest" name="itemStack[Material[343]:HORN_CORAL_FAN]" time="0"/>
  <testcase classname="org.bukkit.craftbukkit.inventory.FactoryItemMaterialTest" name="blankEqualities[Material[344]:HORSE_SPAWN_EGG]" time="0.008"/>
  <testcase classname="org.bukkit.craftbukkit.inventory.FactoryItemMaterialTest" name="generalCase[Material[344]:HORSE_SPAWN_EGG]" time="0"/>
  <testcase classname="org.bukkit.craftbukkit.inventory.FactoryItemMaterialTest" name="asMetaFor[Material[344]:HORSE_SPAWN_EGG]" time="0.009"/>
  <testcase classname="org.bukkit.craftbukkit.inventory.FactoryItemMaterialTest" name="itemStack[Material[344]:HORSE_SPAWN_EGG]" time="0.001"/>
  <testcase classname="org.bukkit.craftbukkit.inventory.FactoryItemMaterialTest" name="blankEqualities[Material[345]:HUSK_SPAWN_EGG]" time="0.007"/>
  <testcase classname="org.bukkit.craftbukkit.inventory.FactoryItemMaterialTest" name="generalCase[Material[345]:HUSK_SPAWN_EGG]" time="0"/>
  <testcase classname="org.bukkit.craftbukkit.inventory.FactoryItemMaterialTest" name="asMetaFor[Material[345]:HUSK_SPAWN_EGG]" time="0.006"/>
  <testcase classname="org.bukkit.craftbukkit.inventory.FactoryItemMaterialTest" name="itemStack[Material[345]:HUSK_SPAWN_EGG]" time="0.007"/>
  <testcase classname="org.bukkit.craftbukkit.inventory.FactoryItemMaterialTest" name="blankEqualities[Material[346]:ICE]" time="0.001"/>
  <testcase classname="org.bukkit.craftbukkit.inventory.FactoryItemMaterialTest" name="generalCase[Material[346]:ICE]" time="0"/>
  <testcase classname="org.bukkit.craftbukkit.inventory.FactoryItemMaterialTest" name="asMetaFor[Material[346]:ICE]" time="0.009"/>
  <testcase classname="org.bukkit.craftbukkit.inventory.FactoryItemMaterialTest" name="itemStack[Material[346]:ICE]" time="0"/>
  <testcase classname="org.bukkit.craftbukkit.inventory.FactoryItemMaterialTest" name="blankEqualities[Material[347]:INFESTED_CHISELED_STONE_BRICKS]" time="0.007"/>
  <testcase classname="org.bukkit.craftbukkit.inventory.FactoryItemMaterialTest" name="generalCase[Material[347]:INFESTED_CHISELED_STONE_BRICKS]" time="0"/>
  <testcase classname="org.bukkit.craftbukkit.inventory.FactoryItemMaterialTest" name="asMetaFor[Material[347]:INFESTED_CHISELED_STONE_BRICKS]" time="0.01"/>
  <testcase classname="org.bukkit.craftbukkit.inventory.FactoryItemMaterialTest" name="itemStack[Material[347]:INFESTED_CHISELED_STONE_BRICKS]" time="0"/>
  <testcase classname="org.bukkit.craftbukkit.inventory.FactoryItemMaterialTest" name="blankEqualities[Material[348]:INFESTED_COBBLESTONE]" time="0.007"/>
  <testcase classname="org.bukkit.craftbukkit.inventory.FactoryItemMaterialTest" name="generalCase[Material[348]:INFESTED_COBBLESTONE]" time="0"/>
  <testcase classname="org.bukkit.craftbukkit.inventory.FactoryItemMaterialTest" name="asMetaFor[Material[348]:INFESTED_COBBLESTONE]" time="0.009"/>
  <testcase classname="org.bukkit.craftbukkit.inventory.FactoryItemMaterialTest" name="itemStack[Material[348]:INFESTED_COBBLESTONE]" time="0"/>
  <testcase classname="org.bukkit.craftbukkit.inventory.FactoryItemMaterialTest" name="blankEqualities[Material[349]:INFESTED_CRACKED_STONE_BRICKS]" time="0.006"/>
  <testcase classname="org.bukkit.craftbukkit.inventory.FactoryItemMaterialTest" name="generalCase[Material[349]:INFESTED_CRACKED_STONE_BRICKS]" time="0"/>
  <testcase classname="org.bukkit.craftbukkit.inventory.FactoryItemMaterialTest" name="asMetaFor[Material[349]:INFESTED_CRACKED_STONE_BRICKS]" time="0.009"/>
  <testcase classname="org.bukkit.craftbukkit.inventory.FactoryItemMaterialTest" name="itemStack[Material[349]:INFESTED_CRACKED_STONE_BRICKS]" time="0.001"/>
  <testcase classname="org.bukkit.craftbukkit.inventory.FactoryItemMaterialTest" name="blankEqualities[Material[350]:INFESTED_MOSSY_STONE_BRICKS]" time="0.007"/>
  <testcase classname="org.bukkit.craftbukkit.inventory.FactoryItemMaterialTest" name="generalCase[Material[350]:INFESTED_MOSSY_STONE_BRICKS]" time="0"/>
  <testcase classname="org.bukkit.craftbukkit.inventory.FactoryItemMaterialTest" name="asMetaFor[Material[350]:INFESTED_MOSSY_STONE_BRICKS]" time="0.009"/>
  <testcase classname="org.bukkit.craftbukkit.inventory.FactoryItemMaterialTest" name="itemStack[Material[350]:INFESTED_MOSSY_STONE_BRICKS]" time="0"/>
  <testcase classname="org.bukkit.craftbukkit.inventory.FactoryItemMaterialTest" name="blankEqualities[Material[351]:INFESTED_STONE]" time="0.007"/>
  <testcase classname="org.bukkit.craftbukkit.inventory.FactoryItemMaterialTest" name="generalCase[Material[351]:INFESTED_STONE]" time="0.001"/>
  <testcase classname="org.bukkit.craftbukkit.inventory.FactoryItemMaterialTest" name="asMetaFor[Material[351]:INFESTED_STONE]" time="0.008"/>
  <testcase classname="org.bukkit.craftbukkit.inventory.FactoryItemMaterialTest" name="itemStack[Material[351]:INFESTED_STONE]" time="0"/>
  <testcase classname="org.bukkit.craftbukkit.inventory.FactoryItemMaterialTest" name="blankEqualities[Material[352]:INFESTED_STONE_BRICKS]" time="0.007"/>
  <testcase classname="org.bukkit.craftbukkit.inventory.FactoryItemMaterialTest" name="generalCase[Material[352]:INFESTED_STONE_BRICKS]" time="0"/>
  <testcase classname="org.bukkit.craftbukkit.inventory.FactoryItemMaterialTest" name="asMetaFor[Material[352]:INFESTED_STONE_BRICKS]" time="0.009"/>
  <testcase classname="org.bukkit.craftbukkit.inventory.FactoryItemMaterialTest" name="itemStack[Material[352]:INFESTED_STONE_BRICKS]" time="0.001"/>
  <testcase classname="org.bukkit.craftbukkit.inventory.FactoryItemMaterialTest" name="blankEqualities[Material[353]:INK_SAC]" time="0.006"/>
  <testcase classname="org.bukkit.craftbukkit.inventory.FactoryItemMaterialTest" name="generalCase[Material[353]:INK_SAC]" time="0"/>
  <testcase classname="org.bukkit.craftbukkit.inventory.FactoryItemMaterialTest" name="asMetaFor[Material[353]:INK_SAC]" time="0.009"/>
  <testcase classname="org.bukkit.craftbukkit.inventory.FactoryItemMaterialTest" name="itemStack[Material[353]:INK_SAC]" time="0"/>
  <testcase classname="org.bukkit.craftbukkit.inventory.FactoryItemMaterialTest" name="blankEqualities[Material[354]:IRON_AXE]" time="0.007"/>
  <testcase classname="org.bukkit.craftbukkit.inventory.FactoryItemMaterialTest" name="generalCase[Material[354]:IRON_AXE]" time="0"/>
  <testcase classname="org.bukkit.craftbukkit.inventory.FactoryItemMaterialTest" name="asMetaFor[Material[354]:IRON_AXE]" time="0.008"/>
  <testcase classname="org.bukkit.craftbukkit.inventory.FactoryItemMaterialTest" name="itemStack[Material[354]:IRON_AXE]" time="0"/>
  <testcase classname="org.bukkit.craftbukkit.inventory.FactoryItemMaterialTest" name="blankEqualities[Material[355]:IRON_BARS]" time="0.007"/>
  <testcase classname="org.bukkit.craftbukkit.inventory.FactoryItemMaterialTest" name="generalCase[Material[355]:IRON_BARS]" time="0"/>
  <testcase classname="org.bukkit.craftbukkit.inventory.FactoryItemMaterialTest" name="asMetaFor[Material[355]:IRON_BARS]" time="0.009"/>
  <testcase classname="org.bukkit.craftbukkit.inventory.FactoryItemMaterialTest" name="itemStack[Material[355]:IRON_BARS]" time="0"/>
  <testcase classname="org.bukkit.craftbukkit.inventory.FactoryItemMaterialTest" name="blankEqualities[Material[356]:IRON_BLOCK]" time="0.018"/>
  <testcase classname="org.bukkit.craftbukkit.inventory.FactoryItemMaterialTest" name="generalCase[Material[356]:IRON_BLOCK]" time="0"/>
  <testcase classname="org.bukkit.craftbukkit.inventory.FactoryItemMaterialTest" name="asMetaFor[Material[356]:IRON_BLOCK]" time="0.01"/>
  <testcase classname="org.bukkit.craftbukkit.inventory.FactoryItemMaterialTest" name="itemStack[Material[356]:IRON_BLOCK]" time="0"/>
  <testcase classname="org.bukkit.craftbukkit.inventory.FactoryItemMaterialTest" name="blankEqualities[Material[357]:IRON_BOOTS]" time="0.007"/>
  <testcase classname="org.bukkit.craftbukkit.inventory.FactoryItemMaterialTest" name="generalCase[Material[357]:IRON_BOOTS]" time="0.003"/>
  <testcase classname="org.bukkit.craftbukkit.inventory.FactoryItemMaterialTest" name="asMetaFor[Material[357]:IRON_BOOTS]" time="0.006"/>
  <testcase classname="org.bukkit.craftbukkit.inventory.FactoryItemMaterialTest" name="itemStack[Material[357]:IRON_BOOTS]" time="0"/>
  <testcase classname="org.bukkit.craftbukkit.inventory.FactoryItemMaterialTest" name="blankEqualities[Material[358]:IRON_CHESTPLATE]" time="0.007"/>
  <testcase classname="org.bukkit.craftbukkit.inventory.FactoryItemMaterialTest" name="generalCase[Material[358]:IRON_CHESTPLATE]" time="0.001"/>
  <testcase classname="org.bukkit.craftbukkit.inventory.FactoryItemMaterialTest" name="asMetaFor[Material[358]:IRON_CHESTPLATE]" time="0.009"/>
  <testcase classname="org.bukkit.craftbukkit.inventory.FactoryItemMaterialTest" name="itemStack[Material[358]:IRON_CHESTPLATE]" time="0"/>
  <testcase classname="org.bukkit.craftbukkit.inventory.FactoryItemMaterialTest" name="blankEqualities[Material[359]:IRON_DOOR]" time="0.007"/>
  <testcase classname="org.bukkit.craftbukkit.inventory.FactoryItemMaterialTest" name="generalCase[Material[359]:IRON_DOOR]" time="0"/>
  <testcase classname="org.bukkit.craftbukkit.inventory.FactoryItemMaterialTest" name="asMetaFor[Material[359]:IRON_DOOR]" time="0.009"/>
  <testcase classname="org.bukkit.craftbukkit.inventory.FactoryItemMaterialTest" name="itemStack[Material[359]:IRON_DOOR]" time="0"/>
  <testcase classname="org.bukkit.craftbukkit.inventory.FactoryItemMaterialTest" name="blankEqualities[Material[360]:IRON_HELMET]" time="0.007"/>
  <testcase classname="org.bukkit.craftbukkit.inventory.FactoryItemMaterialTest" name="generalCase[Material[360]:IRON_HELMET]" time="0"/>
  <testcase classname="org.bukkit.craftbukkit.inventory.FactoryItemMaterialTest" name="asMetaFor[Material[360]:IRON_HELMET]" time="0.009"/>
  <testcase classname="org.bukkit.craftbukkit.inventory.FactoryItemMaterialTest" name="itemStack[Material[360]:IRON_HELMET]" time="0"/>
  <testcase classname="org.bukkit.craftbukkit.inventory.FactoryItemMaterialTest" name="blankEqualities[Material[361]:IRON_HOE]" time="0.007"/>
  <testcase classname="org.bukkit.craftbukkit.inventory.FactoryItemMaterialTest" name="generalCase[Material[361]:IRON_HOE]" time="0"/>
  <testcase classname="org.bukkit.craftbukkit.inventory.FactoryItemMaterialTest" name="asMetaFor[Material[361]:IRON_HOE]" time="0.009"/>
  <testcase classname="org.bukkit.craftbukkit.inventory.FactoryItemMaterialTest" name="itemStack[Material[361]:IRON_HOE]" time="0"/>
  <testcase classname="org.bukkit.craftbukkit.inventory.FactoryItemMaterialTest" name="blankEqualities[Material[362]:IRON_HORSE_ARMOR]" time="0.006"/>
  <testcase classname="org.bukkit.craftbukkit.inventory.FactoryItemMaterialTest" name="generalCase[Material[362]:IRON_HORSE_ARMOR]" time="0"/>
  <testcase classname="org.bukkit.craftbukkit.inventory.FactoryItemMaterialTest" name="asMetaFor[Material[362]:IRON_HORSE_ARMOR]" time="0.009"/>
  <testcase classname="org.bukkit.craftbukkit.inventory.FactoryItemMaterialTest" name="itemStack[Material[362]:IRON_HORSE_ARMOR]" time="0"/>
  <testcase classname="org.bukkit.craftbukkit.inventory.FactoryItemMaterialTest" name="blankEqualities[Material[363]:IRON_INGOT]" time="0.007"/>
  <testcase classname="org.bukkit.craftbukkit.inventory.FactoryItemMaterialTest" name="generalCase[Material[363]:IRON_INGOT]" time="0.001"/>
  <testcase classname="org.bukkit.craftbukkit.inventory.FactoryItemMaterialTest" name="asMetaFor[Material[363]:IRON_INGOT]" time="0.009"/>
  <testcase classname="org.bukkit.craftbukkit.inventory.FactoryItemMaterialTest" name="itemStack[Material[363]:IRON_INGOT]" time="0"/>
  <testcase classname="org.bukkit.craftbukkit.inventory.FactoryItemMaterialTest" name="blankEqualities[Material[364]:IRON_LEGGINGS]" time="0.007"/>
  <testcase classname="org.bukkit.craftbukkit.inventory.FactoryItemMaterialTest" name="generalCase[Material[364]:IRON_LEGGINGS]" time="0"/>
  <testcase classname="org.bukkit.craftbukkit.inventory.FactoryItemMaterialTest" name="asMetaFor[Material[364]:IRON_LEGGINGS]" time="0.009"/>
  <testcase classname="org.bukkit.craftbukkit.inventory.FactoryItemMaterialTest" name="itemStack[Material[364]:IRON_LEGGINGS]" time="0"/>
  <testcase classname="org.bukkit.craftbukkit.inventory.FactoryItemMaterialTest" name="blankEqualities[Material[365]:IRON_NUGGET]" time="0.007"/>
  <testcase classname="org.bukkit.craftbukkit.inventory.FactoryItemMaterialTest" name="generalCase[Material[365]:IRON_NUGGET]" time="0"/>
  <testcase classname="org.bukkit.craftbukkit.inventory.FactoryItemMaterialTest" name="asMetaFor[Material[365]:IRON_NUGGET]" time="0.009"/>
  <testcase classname="org.bukkit.craftbukkit.inventory.FactoryItemMaterialTest" name="itemStack[Material[365]:IRON_NUGGET]" time="0.001"/>
  <testcase classname="org.bukkit.craftbukkit.inventory.FactoryItemMaterialTest" name="blankEqualities[Material[366]:IRON_ORE]" time="0.007"/>
  <testcase classname="org.bukkit.craftbukkit.inventory.FactoryItemMaterialTest" name="generalCase[Material[366]:IRON_ORE]" time="0"/>
  <testcase classname="org.bukkit.craftbukkit.inventory.FactoryItemMaterialTest" name="asMetaFor[Material[366]:IRON_ORE]" time="0.009"/>
  <testcase classname="org.bukkit.craftbukkit.inventory.FactoryItemMaterialTest" name="itemStack[Material[366]:IRON_ORE]" time="0"/>
  <testcase classname="org.bukkit.craftbukkit.inventory.FactoryItemMaterialTest" name="blankEqualities[Material[367]:IRON_PICKAXE]" time="0.006"/>
  <testcase classname="org.bukkit.craftbukkit.inventory.FactoryItemMaterialTest" name="generalCase[Material[367]:IRON_PICKAXE]" time="0"/>
  <testcase classname="org.bukkit.craftbukkit.inventory.FactoryItemMaterialTest" name="asMetaFor[Material[367]:IRON_PICKAXE]" time="0.006"/>
  <testcase classname="org.bukkit.craftbukkit.inventory.FactoryItemMaterialTest" name="itemStack[Material[367]:IRON_PICKAXE]" time="0"/>
  <testcase classname="org.bukkit.craftbukkit.inventory.FactoryItemMaterialTest" name="blankEqualities[Material[368]:IRON_SHOVEL]" time="0.018"/>
  <testcase classname="org.bukkit.craftbukkit.inventory.FactoryItemMaterialTest" name="generalCase[Material[368]:IRON_SHOVEL]" time="0"/>
  <testcase classname="org.bukkit.craftbukkit.inventory.FactoryItemMaterialTest" name="asMetaFor[Material[368]:IRON_SHOVEL]" time="0.008"/>
  <testcase classname="org.bukkit.craftbukkit.inventory.FactoryItemMaterialTest" name="itemStack[Material[368]:IRON_SHOVEL]" time="0"/>
  <testcase classname="org.bukkit.craftbukkit.inventory.FactoryItemMaterialTest" name="blankEqualities[Material[369]:IRON_SWORD]" time="0.007"/>
  <testcase classname="org.bukkit.craftbukkit.inventory.FactoryItemMaterialTest" name="generalCase[Material[369]:IRON_SWORD]" time="0"/>
  <testcase classname="org.bukkit.craftbukkit.inventory.FactoryItemMaterialTest" name="asMetaFor[Material[369]:IRON_SWORD]" time="0.009"/>
  <testcase classname="org.bukkit.craftbukkit.inventory.FactoryItemMaterialTest" name="itemStack[Material[369]:IRON_SWORD]" time="0.001"/>
  <testcase classname="org.bukkit.craftbukkit.inventory.FactoryItemMaterialTest" name="blankEqualities[Material[370]:IRON_TRAPDOOR]" time="0.007"/>
  <testcase classname="org.bukkit.craftbukkit.inventory.FactoryItemMaterialTest" name="generalCase[Material[370]:IRON_TRAPDOOR]" time="0"/>
  <testcase classname="org.bukkit.craftbukkit.inventory.FactoryItemMaterialTest" name="asMetaFor[Material[370]:IRON_TRAPDOOR]" time="0.01"/>
  <testcase classname="org.bukkit.craftbukkit.inventory.FactoryItemMaterialTest" name="itemStack[Material[370]:IRON_TRAPDOOR]" time="0"/>
  <testcase classname="org.bukkit.craftbukkit.inventory.FactoryItemMaterialTest" name="blankEqualities[Material[371]:ITEM_FRAME]" time="0.007"/>
  <testcase classname="org.bukkit.craftbukkit.inventory.FactoryItemMaterialTest" name="generalCase[Material[371]:ITEM_FRAME]" time="0.001"/>
  <testcase classname="org.bukkit.craftbukkit.inventory.FactoryItemMaterialTest" name="asMetaFor[Material[371]:ITEM_FRAME]" time="0.009"/>
  <testcase classname="org.bukkit.craftbukkit.inventory.FactoryItemMaterialTest" name="itemStack[Material[371]:ITEM_FRAME]" time="0"/>
  <testcase classname="org.bukkit.craftbukkit.inventory.FactoryItemMaterialTest" name="blankEqualities[Material[372]:JACK_O_LANTERN]" time="0.006"/>
  <testcase classname="org.bukkit.craftbukkit.inventory.FactoryItemMaterialTest" name="generalCase[Material[372]:JACK_O_LANTERN]" time="0.002"/>
  <testcase classname="org.bukkit.craftbukkit.inventory.FactoryItemMaterialTest" name="asMetaFor[Material[372]:JACK_O_LANTERN]" time="0.007"/>
  <testcase classname="org.bukkit.craftbukkit.inventory.FactoryItemMaterialTest" name="itemStack[Material[372]:JACK_O_LANTERN]" time="0"/>
  <testcase classname="org.bukkit.craftbukkit.inventory.FactoryItemMaterialTest" name="blankEqualities[Material[373]:JUKEBOX]" time="0.007"/>
  <testcase classname="org.bukkit.craftbukkit.inventory.FactoryItemMaterialTest" name="generalCase[Material[373]:JUKEBOX]" time="0.001"/>
  <testcase classname="org.bukkit.craftbukkit.inventory.FactoryItemMaterialTest" name="asMetaFor[Material[373]:JUKEBOX]" time="0.009"/>
  <testcase classname="org.bukkit.craftbukkit.inventory.FactoryItemMaterialTest" name="itemStack[Material[373]:JUKEBOX]" time="0"/>
  <testcase classname="org.bukkit.craftbukkit.inventory.FactoryItemMaterialTest" name="blankEqualities[Material[374]:JUNGLE_BOAT]" time="0.007"/>
  <testcase classname="org.bukkit.craftbukkit.inventory.FactoryItemMaterialTest" name="generalCase[Material[374]:JUNGLE_BOAT]" time="0.001"/>
  <testcase classname="org.bukkit.craftbukkit.inventory.FactoryItemMaterialTest" name="asMetaFor[Material[374]:JUNGLE_BOAT]" time="0.01"/>
  <testcase classname="org.bukkit.craftbukkit.inventory.FactoryItemMaterialTest" name="itemStack[Material[374]:JUNGLE_BOAT]" time="0"/>
  <testcase classname="org.bukkit.craftbukkit.inventory.FactoryItemMaterialTest" name="blankEqualities[Material[375]:JUNGLE_BUTTON]" time="0.007"/>
  <testcase classname="org.bukkit.craftbukkit.inventory.FactoryItemMaterialTest" name="generalCase[Material[375]:JUNGLE_BUTTON]" time="0"/>
  <testcase classname="org.bukkit.craftbukkit.inventory.FactoryItemMaterialTest" name="asMetaFor[Material[375]:JUNGLE_BUTTON]" time="0.01"/>
  <testcase classname="org.bukkit.craftbukkit.inventory.FactoryItemMaterialTest" name="itemStack[Material[375]:JUNGLE_BUTTON]" time="0"/>
  <testcase classname="org.bukkit.craftbukkit.inventory.FactoryItemMaterialTest" name="blankEqualities[Material[376]:JUNGLE_DOOR]" time="0.007"/>
  <testcase classname="org.bukkit.craftbukkit.inventory.FactoryItemMaterialTest" name="generalCase[Material[376]:JUNGLE_DOOR]" time="0"/>
  <testcase classname="org.bukkit.craftbukkit.inventory.FactoryItemMaterialTest" name="asMetaFor[Material[376]:JUNGLE_DOOR]" time="0.008"/>
  <testcase classname="org.bukkit.craftbukkit.inventory.FactoryItemMaterialTest" name="itemStack[Material[376]:JUNGLE_DOOR]" time="0"/>
  <testcase classname="org.bukkit.craftbukkit.inventory.FactoryItemMaterialTest" name="blankEqualities[Material[377]:JUNGLE_FENCE]" time="0.007"/>
  <testcase classname="org.bukkit.craftbukkit.inventory.FactoryItemMaterialTest" name="generalCase[Material[377]:JUNGLE_FENCE]" time="0"/>
  <testcase classname="org.bukkit.craftbukkit.inventory.FactoryItemMaterialTest" name="asMetaFor[Material[377]:JUNGLE_FENCE]" time="0.009"/>
  <testcase classname="org.bukkit.craftbukkit.inventory.FactoryItemMaterialTest" name="itemStack[Material[377]:JUNGLE_FENCE]" time="0"/>
  <testcase classname="org.bukkit.craftbukkit.inventory.FactoryItemMaterialTest" name="blankEqualities[Material[378]:JUNGLE_FENCE_GATE]" time="0.007"/>
  <testcase classname="org.bukkit.craftbukkit.inventory.FactoryItemMaterialTest" name="generalCase[Material[378]:JUNGLE_FENCE_GATE]" time="0"/>
  <testcase classname="org.bukkit.craftbukkit.inventory.FactoryItemMaterialTest" name="asMetaFor[Material[378]:JUNGLE_FENCE_GATE]" time="0.008"/>
  <testcase classname="org.bukkit.craftbukkit.inventory.FactoryItemMaterialTest" name="itemStack[Material[378]:JUNGLE_FENCE_GATE]" time="0"/>
  <testcase classname="org.bukkit.craftbukkit.inventory.FactoryItemMaterialTest" name="blankEqualities[Material[379]:JUNGLE_LEAVES]" time="0.007"/>
  <testcase classname="org.bukkit.craftbukkit.inventory.FactoryItemMaterialTest" name="generalCase[Material[379]:JUNGLE_LEAVES]" time="0"/>
  <testcase classname="org.bukkit.craftbukkit.inventory.FactoryItemMaterialTest" name="asMetaFor[Material[379]:JUNGLE_LEAVES]" time="0.009"/>
  <testcase classname="org.bukkit.craftbukkit.inventory.FactoryItemMaterialTest" name="itemStack[Material[379]:JUNGLE_LEAVES]" time="0"/>
  <testcase classname="org.bukkit.craftbukkit.inventory.FactoryItemMaterialTest" name="blankEqualities[Material[380]:JUNGLE_LOG]" time="0.007"/>
  <testcase classname="org.bukkit.craftbukkit.inventory.FactoryItemMaterialTest" name="generalCase[Material[380]:JUNGLE_LOG]" time="0.001"/>
  <testcase classname="org.bukkit.craftbukkit.inventory.FactoryItemMaterialTest" name="asMetaFor[Material[380]:JUNGLE_LOG]" time="0.009"/>
  <testcase classname="org.bukkit.craftbukkit.inventory.FactoryItemMaterialTest" name="itemStack[Material[380]:JUNGLE_LOG]" time="0"/>
  <testcase classname="org.bukkit.craftbukkit.inventory.FactoryItemMaterialTest" name="blankEqualities[Material[381]:JUNGLE_PLANKS]" time="0.007"/>
  <testcase classname="org.bukkit.craftbukkit.inventory.FactoryItemMaterialTest" name="generalCase[Material[381]:JUNGLE_PLANKS]" time="0.001"/>
  <testcase classname="org.bukkit.craftbukkit.inventory.FactoryItemMaterialTest" name="asMetaFor[Material[381]:JUNGLE_PLANKS]" time="0.008"/>
  <testcase classname="org.bukkit.craftbukkit.inventory.FactoryItemMaterialTest" name="itemStack[Material[381]:JUNGLE_PLANKS]" time="0"/>
  <testcase classname="org.bukkit.craftbukkit.inventory.FactoryItemMaterialTest" name="blankEqualities[Material[382]:JUNGLE_PRESSURE_PLATE]" time="0.007"/>
  <testcase classname="org.bukkit.craftbukkit.inventory.FactoryItemMaterialTest" name="generalCase[Material[382]:JUNGLE_PRESSURE_PLATE]" time="0"/>
  <testcase classname="org.bukkit.craftbukkit.inventory.FactoryItemMaterialTest" name="asMetaFor[Material[382]:JUNGLE_PRESSURE_PLATE]" time="0.008"/>
  <testcase classname="org.bukkit.craftbukkit.inventory.FactoryItemMaterialTest" name="itemStack[Material[382]:JUNGLE_PRESSURE_PLATE]" time="0"/>
  <testcase classname="org.bukkit.craftbukkit.inventory.FactoryItemMaterialTest" name="blankEqualities[Material[383]:JUNGLE_SAPLING]" time="0.007"/>
  <testcase classname="org.bukkit.craftbukkit.inventory.FactoryItemMaterialTest" name="generalCase[Material[383]:JUNGLE_SAPLING]" time="0"/>
  <testcase classname="org.bukkit.craftbukkit.inventory.FactoryItemMaterialTest" name="asMetaFor[Material[383]:JUNGLE_SAPLING]" time="0.009"/>
  <testcase classname="org.bukkit.craftbukkit.inventory.FactoryItemMaterialTest" name="itemStack[Material[383]:JUNGLE_SAPLING]" time="0"/>
  <testcase classname="org.bukkit.craftbukkit.inventory.FactoryItemMaterialTest" name="blankEqualities[Material[384]:JUNGLE_SLAB]" time="0.007"/>
  <testcase classname="org.bukkit.craftbukkit.inventory.FactoryItemMaterialTest" name="generalCase[Material[384]:JUNGLE_SLAB]" time="0"/>
  <testcase classname="org.bukkit.craftbukkit.inventory.FactoryItemMaterialTest" name="asMetaFor[Material[384]:JUNGLE_SLAB]" time="0.009"/>
  <testcase classname="org.bukkit.craftbukkit.inventory.FactoryItemMaterialTest" name="itemStack[Material[384]:JUNGLE_SLAB]" time="0"/>
  <testcase classname="org.bukkit.craftbukkit.inventory.FactoryItemMaterialTest" name="blankEqualities[Material[385]:JUNGLE_STAIRS]" time="0.007"/>
  <testcase classname="org.bukkit.craftbukkit.inventory.FactoryItemMaterialTest" name="generalCase[Material[385]:JUNGLE_STAIRS]" time="0"/>
  <testcase classname="org.bukkit.craftbukkit.inventory.FactoryItemMaterialTest" name="asMetaFor[Material[385]:JUNGLE_STAIRS]" time="0.01"/>
  <testcase classname="org.bukkit.craftbukkit.inventory.FactoryItemMaterialTest" name="itemStack[Material[385]:JUNGLE_STAIRS]" time="0"/>
  <testcase classname="org.bukkit.craftbukkit.inventory.FactoryItemMaterialTest" name="blankEqualities[Material[386]:JUNGLE_TRAPDOOR]" time="0.007"/>
  <testcase classname="org.bukkit.craftbukkit.inventory.FactoryItemMaterialTest" name="generalCase[Material[386]:JUNGLE_TRAPDOOR]" time="0"/>
  <testcase classname="org.bukkit.craftbukkit.inventory.FactoryItemMaterialTest" name="asMetaFor[Material[386]:JUNGLE_TRAPDOOR]" time="0.009"/>
  <testcase classname="org.bukkit.craftbukkit.inventory.FactoryItemMaterialTest" name="itemStack[Material[386]:JUNGLE_TRAPDOOR]" time="0"/>
  <testcase classname="org.bukkit.craftbukkit.inventory.FactoryItemMaterialTest" name="blankEqualities[Material[387]:JUNGLE_WOOD]" time="0.007"/>
  <testcase classname="org.bukkit.craftbukkit.inventory.FactoryItemMaterialTest" name="generalCase[Material[387]:JUNGLE_WOOD]" time="0"/>
  <testcase classname="org.bukkit.craftbukkit.inventory.FactoryItemMaterialTest" name="asMetaFor[Material[387]:JUNGLE_WOOD]" time="0.008"/>
  <testcase classname="org.bukkit.craftbukkit.inventory.FactoryItemMaterialTest" name="itemStack[Material[387]:JUNGLE_WOOD]" time="0"/>
  <testcase classname="org.bukkit.craftbukkit.inventory.FactoryItemMaterialTest" name="blankEqualities[Material[388]:KELP]" time="0.006"/>
  <testcase classname="org.bukkit.craftbukkit.inventory.FactoryItemMaterialTest" name="generalCase[Material[388]:KELP]" time="0"/>
  <testcase classname="org.bukkit.craftbukkit.inventory.FactoryItemMaterialTest" name="asMetaFor[Material[388]:KELP]" time="0.009"/>
  <testcase classname="org.bukkit.craftbukkit.inventory.FactoryItemMaterialTest" name="itemStack[Material[388]:KELP]" time="0"/>
  <testcase classname="org.bukkit.craftbukkit.inventory.FactoryItemMaterialTest" name="blankEqualities[Material[389]:KNOWLEDGE_BOOK]" time="0.009"/>
  <testcase classname="org.bukkit.craftbukkit.inventory.FactoryItemMaterialTest" name="generalCase[Material[389]:KNOWLEDGE_BOOK]" time="0.001"/>
  <testcase classname="org.bukkit.craftbukkit.inventory.FactoryItemMaterialTest" name="asMetaFor[Material[389]:KNOWLEDGE_BOOK]" time="0.026"/>
  <testcase classname="org.bukkit.craftbukkit.inventory.FactoryItemMaterialTest" name="itemStack[Material[389]:KNOWLEDGE_BOOK]" time="0"/>
  <testcase classname="org.bukkit.craftbukkit.inventory.FactoryItemMaterialTest" name="blankEqualities[Material[390]:LADDER]" time="0.007"/>
  <testcase classname="org.bukkit.craftbukkit.inventory.FactoryItemMaterialTest" name="generalCase[Material[390]:LADDER]" time="0.001"/>
  <testcase classname="org.bukkit.craftbukkit.inventory.FactoryItemMaterialTest" name="asMetaFor[Material[390]:LADDER]" time="0.009"/>
  <testcase classname="org.bukkit.craftbukkit.inventory.FactoryItemMaterialTest" name="itemStack[Material[390]:LADDER]" time="0"/>
  <testcase classname="org.bukkit.craftbukkit.inventory.FactoryItemMaterialTest" name="blankEqualities[Material[391]:LAPIS_BLOCK]" time="0.007"/>
  <testcase classname="org.bukkit.craftbukkit.inventory.FactoryItemMaterialTest" name="generalCase[Material[391]:LAPIS_BLOCK]" time="0.001"/>
  <testcase classname="org.bukkit.craftbukkit.inventory.FactoryItemMaterialTest" name="asMetaFor[Material[391]:LAPIS_BLOCK]" time="0.009"/>
  <testcase classname="org.bukkit.craftbukkit.inventory.FactoryItemMaterialTest" name="itemStack[Material[391]:LAPIS_BLOCK]" time="0.001"/>
  <testcase classname="org.bukkit.craftbukkit.inventory.FactoryItemMaterialTest" name="blankEqualities[Material[392]:LAPIS_LAZULI]" time="0.007"/>
  <testcase classname="org.bukkit.craftbukkit.inventory.FactoryItemMaterialTest" name="generalCase[Material[392]:LAPIS_LAZULI]" time="0"/>
  <testcase classname="org.bukkit.craftbukkit.inventory.FactoryItemMaterialTest" name="asMetaFor[Material[392]:LAPIS_LAZULI]" time="0.009"/>
  <testcase classname="org.bukkit.craftbukkit.inventory.FactoryItemMaterialTest" name="itemStack[Material[392]:LAPIS_LAZULI]" time="0.001"/>
  <testcase classname="org.bukkit.craftbukkit.inventory.FactoryItemMaterialTest" name="blankEqualities[Material[393]:LAPIS_ORE]" time="0.007"/>
  <testcase classname="org.bukkit.craftbukkit.inventory.FactoryItemMaterialTest" name="generalCase[Material[393]:LAPIS_ORE]" time="0.001"/>
  <testcase classname="org.bukkit.craftbukkit.inventory.FactoryItemMaterialTest" name="asMetaFor[Material[393]:LAPIS_ORE]" time="0.009"/>
  <testcase classname="org.bukkit.craftbukkit.inventory.FactoryItemMaterialTest" name="itemStack[Material[393]:LAPIS_ORE]" time="0.001"/>
  <testcase classname="org.bukkit.craftbukkit.inventory.FactoryItemMaterialTest" name="blankEqualities[Material[394]:LARGE_FERN]" time="0.007"/>
  <testcase classname="org.bukkit.craftbukkit.inventory.FactoryItemMaterialTest" name="generalCase[Material[394]:LARGE_FERN]" time="0"/>
  <testcase classname="org.bukkit.craftbukkit.inventory.FactoryItemMaterialTest" name="asMetaFor[Material[394]:LARGE_FERN]" time="0.009"/>
  <testcase classname="org.bukkit.craftbukkit.inventory.FactoryItemMaterialTest" name="itemStack[Material[394]:LARGE_FERN]" time="0"/>
  <testcase classname="org.bukkit.craftbukkit.inventory.FactoryItemMaterialTest" name="blankEqualities[Material[395]:LAVA_BUCKET]" time="0.007"/>
  <testcase classname="org.bukkit.craftbukkit.inventory.FactoryItemMaterialTest" name="generalCase[Material[395]:LAVA_BUCKET]" time="0"/>
  <testcase classname="org.bukkit.craftbukkit.inventory.FactoryItemMaterialTest" name="asMetaFor[Material[395]:LAVA_BUCKET]" time="0.009"/>
  <testcase classname="org.bukkit.craftbukkit.inventory.FactoryItemMaterialTest" name="itemStack[Material[395]:LAVA_BUCKET]" time="0.001"/>
  <testcase classname="org.bukkit.craftbukkit.inventory.FactoryItemMaterialTest" name="blankEqualities[Material[396]:LEAD]" time="0.007"/>
  <testcase classname="org.bukkit.craftbukkit.inventory.FactoryItemMaterialTest" name="generalCase[Material[396]:LEAD]" time="0"/>
  <testcase classname="org.bukkit.craftbukkit.inventory.FactoryItemMaterialTest" name="asMetaFor[Material[396]:LEAD]" time="0.009"/>
  <testcase classname="org.bukkit.craftbukkit.inventory.FactoryItemMaterialTest" name="itemStack[Material[396]:LEAD]" time="0"/>
  <testcase classname="org.bukkit.craftbukkit.inventory.FactoryItemMaterialTest" name="blankEqualities[Material[397]:LEATHER]" time="0.006"/>
  <testcase classname="org.bukkit.craftbukkit.inventory.FactoryItemMaterialTest" name="generalCase[Material[397]:LEATHER]" time="0"/>
  <testcase classname="org.bukkit.craftbukkit.inventory.FactoryItemMaterialTest" name="asMetaFor[Material[397]:LEATHER]" time="0.009"/>
  <testcase classname="org.bukkit.craftbukkit.inventory.FactoryItemMaterialTest" name="itemStack[Material[397]:LEATHER]" time="0"/>
  <testcase classname="org.bukkit.craftbukkit.inventory.FactoryItemMaterialTest" name="blankEqualities[Material[398]:LEATHER_BOOTS]" time="0.007"/>
  <testcase classname="org.bukkit.craftbukkit.inventory.FactoryItemMaterialTest" name="generalCase[Material[398]:LEATHER_BOOTS]" time="0"/>
  <testcase classname="org.bukkit.craftbukkit.inventory.FactoryItemMaterialTest" name="asMetaFor[Material[398]:LEATHER_BOOTS]" time="0.009"/>
  <testcase classname="org.bukkit.craftbukkit.inventory.FactoryItemMaterialTest" name="itemStack[Material[398]:LEATHER_BOOTS]" time="0"/>
  <testcase classname="org.bukkit.craftbukkit.inventory.FactoryItemMaterialTest" name="blankEqualities[Material[399]:LEATHER_CHESTPLATE]" time="0.007"/>
  <testcase classname="org.bukkit.craftbukkit.inventory.FactoryItemMaterialTest" name="generalCase[Material[399]:LEATHER_CHESTPLATE]" time="0"/>
  <testcase classname="org.bukkit.craftbukkit.inventory.FactoryItemMaterialTest" name="asMetaFor[Material[399]:LEATHER_CHESTPLATE]" time="0.008"/>
  <testcase classname="org.bukkit.craftbukkit.inventory.FactoryItemMaterialTest" name="itemStack[Material[399]:LEATHER_CHESTPLATE]" time="0.001"/>
  <testcase classname="org.bukkit.craftbukkit.inventory.FactoryItemMaterialTest" name="blankEqualities[Material[400]:LEATHER_HELMET]" time="0.007"/>
  <testcase classname="org.bukkit.craftbukkit.inventory.FactoryItemMaterialTest" name="generalCase[Material[400]:LEATHER_HELMET]" time="0"/>
  <testcase classname="org.bukkit.craftbukkit.inventory.FactoryItemMaterialTest" name="asMetaFor[Material[400]:LEATHER_HELMET]" time="0.009"/>
  <testcase classname="org.bukkit.craftbukkit.inventory.FactoryItemMaterialTest" name="itemStack[Material[400]:LEATHER_HELMET]" time="0"/>
  <testcase classname="org.bukkit.craftbukkit.inventory.FactoryItemMaterialTest" name="blankEqualities[Material[401]:LEATHER_LEGGINGS]" time="0.007"/>
  <testcase classname="org.bukkit.craftbukkit.inventory.FactoryItemMaterialTest" name="generalCase[Material[401]:LEATHER_LEGGINGS]" time="0"/>
  <testcase classname="org.bukkit.craftbukkit.inventory.FactoryItemMaterialTest" name="asMetaFor[Material[401]:LEATHER_LEGGINGS]" time="0.009"/>
  <testcase classname="org.bukkit.craftbukkit.inventory.FactoryItemMaterialTest" name="itemStack[Material[401]:LEATHER_LEGGINGS]" time="0"/>
  <testcase classname="org.bukkit.craftbukkit.inventory.FactoryItemMaterialTest" name="blankEqualities[Material[402]:LEVER]" time="0.007"/>
  <testcase classname="org.bukkit.craftbukkit.inventory.FactoryItemMaterialTest" name="generalCase[Material[402]:LEVER]" time="0"/>
  <testcase classname="org.bukkit.craftbukkit.inventory.FactoryItemMaterialTest" name="asMetaFor[Material[402]:LEVER]" time="0.009"/>
  <testcase classname="org.bukkit.craftbukkit.inventory.FactoryItemMaterialTest" name="itemStack[Material[402]:LEVER]" time="0"/>
  <testcase classname="org.bukkit.craftbukkit.inventory.FactoryItemMaterialTest" name="blankEqualities[Material[403]:LIGHT_BLUE_BANNER]" time="0.008"/>
  <testcase classname="org.bukkit.craftbukkit.inventory.FactoryItemMaterialTest" name="generalCase[Material[403]:LIGHT_BLUE_BANNER]" time="0"/>
  <testcase classname="org.bukkit.craftbukkit.inventory.FactoryItemMaterialTest" name="asMetaFor[Material[403]:LIGHT_BLUE_BANNER]" time="0.009"/>
  <testcase classname="org.bukkit.craftbukkit.inventory.FactoryItemMaterialTest" name="itemStack[Material[403]:LIGHT_BLUE_BANNER]" time="0"/>
  <testcase classname="org.bukkit.craftbukkit.inventory.FactoryItemMaterialTest" name="blankEqualities[Material[404]:LIGHT_BLUE_BED]" time="0.007"/>
  <testcase classname="org.bukkit.craftbukkit.inventory.FactoryItemMaterialTest" name="generalCase[Material[404]:LIGHT_BLUE_BED]" time="0"/>
  <testcase classname="org.bukkit.craftbukkit.inventory.FactoryItemMaterialTest" name="asMetaFor[Material[404]:LIGHT_BLUE_BED]" time="0.008"/>
  <testcase classname="org.bukkit.craftbukkit.inventory.FactoryItemMaterialTest" name="itemStack[Material[404]:LIGHT_BLUE_BED]" time="0.001"/>
  <testcase classname="org.bukkit.craftbukkit.inventory.FactoryItemMaterialTest" name="blankEqualities[Material[405]:LIGHT_BLUE_CARPET]" time="0.017"/>
  <testcase classname="org.bukkit.craftbukkit.inventory.FactoryItemMaterialTest" name="generalCase[Material[405]:LIGHT_BLUE_CARPET]" time="0"/>
  <testcase classname="org.bukkit.craftbukkit.inventory.FactoryItemMaterialTest" name="asMetaFor[Material[405]:LIGHT_BLUE_CARPET]" time="0.008"/>
  <testcase classname="org.bukkit.craftbukkit.inventory.FactoryItemMaterialTest" name="itemStack[Material[405]:LIGHT_BLUE_CARPET]" time="0"/>
  <testcase classname="org.bukkit.craftbukkit.inventory.FactoryItemMaterialTest" name="blankEqualities[Material[406]:LIGHT_BLUE_CONCRETE]" time="0.007"/>
  <testcase classname="org.bukkit.craftbukkit.inventory.FactoryItemMaterialTest" name="generalCase[Material[406]:LIGHT_BLUE_CONCRETE]" time="0"/>
  <testcase classname="org.bukkit.craftbukkit.inventory.FactoryItemMaterialTest" name="asMetaFor[Material[406]:LIGHT_BLUE_CONCRETE]" time="0.009"/>
  <testcase classname="org.bukkit.craftbukkit.inventory.FactoryItemMaterialTest" name="itemStack[Material[406]:LIGHT_BLUE_CONCRETE]" time="0"/>
  <testcase classname="org.bukkit.craftbukkit.inventory.FactoryItemMaterialTest" name="blankEqualities[Material[407]:LIGHT_BLUE_CONCRETE_POWDER]" time="0.007"/>
  <testcase classname="org.bukkit.craftbukkit.inventory.FactoryItemMaterialTest" name="generalCase[Material[407]:LIGHT_BLUE_CONCRETE_POWDER]" time="0"/>
  <testcase classname="org.bukkit.craftbukkit.inventory.FactoryItemMaterialTest" name="asMetaFor[Material[407]:LIGHT_BLUE_CONCRETE_POWDER]" time="0.008"/>
  <testcase classname="org.bukkit.craftbukkit.inventory.FactoryItemMaterialTest" name="itemStack[Material[407]:LIGHT_BLUE_CONCRETE_POWDER]" time="0.001"/>
  <testcase classname="org.bukkit.craftbukkit.inventory.FactoryItemMaterialTest" name="blankEqualities[Material[408]:LIGHT_BLUE_DYE]" time="0.009"/>
  <testcase classname="org.bukkit.craftbukkit.inventory.FactoryItemMaterialTest" name="generalCase[Material[408]:LIGHT_BLUE_DYE]" time="0"/>
  <testcase classname="org.bukkit.craftbukkit.inventory.FactoryItemMaterialTest" name="asMetaFor[Material[408]:LIGHT_BLUE_DYE]" time="0.008"/>
  <testcase classname="org.bukkit.craftbukkit.inventory.FactoryItemMaterialTest" name="itemStack[Material[408]:LIGHT_BLUE_DYE]" time="0.001"/>
  <testcase classname="org.bukkit.craftbukkit.inventory.FactoryItemMaterialTest" name="blankEqualities[Material[409]:LIGHT_BLUE_GLAZED_TERRACOTTA]" time="0.006"/>
  <testcase classname="org.bukkit.craftbukkit.inventory.FactoryItemMaterialTest" name="generalCase[Material[409]:LIGHT_BLUE_GLAZED_TERRACOTTA]" time="0"/>
  <testcase classname="org.bukkit.craftbukkit.inventory.FactoryItemMaterialTest" name="asMetaFor[Material[409]:LIGHT_BLUE_GLAZED_TERRACOTTA]" time="0.009"/>
  <testcase classname="org.bukkit.craftbukkit.inventory.FactoryItemMaterialTest" name="itemStack[Material[409]:LIGHT_BLUE_GLAZED_TERRACOTTA]" time="0"/>
  <testcase classname="org.bukkit.craftbukkit.inventory.FactoryItemMaterialTest" name="blankEqualities[Material[410]:LIGHT_BLUE_SHULKER_BOX]" time="0.007"/>
  <testcase classname="org.bukkit.craftbukkit.inventory.FactoryItemMaterialTest" name="generalCase[Material[410]:LIGHT_BLUE_SHULKER_BOX]" time="0"/>
  <testcase classname="org.bukkit.craftbukkit.inventory.FactoryItemMaterialTest" name="asMetaFor[Material[410]:LIGHT_BLUE_SHULKER_BOX]" time="0.009"/>
  <testcase classname="org.bukkit.craftbukkit.inventory.FactoryItemMaterialTest" name="itemStack[Material[410]:LIGHT_BLUE_SHULKER_BOX]" time="0"/>
  <testcase classname="org.bukkit.craftbukkit.inventory.FactoryItemMaterialTest" name="blankEqualities[Material[411]:LIGHT_BLUE_STAINED_GLASS]" time="0.007"/>
  <testcase classname="org.bukkit.craftbukkit.inventory.FactoryItemMaterialTest" name="generalCase[Material[411]:LIGHT_BLUE_STAINED_GLASS]" time="0"/>
  <testcase classname="org.bukkit.craftbukkit.inventory.FactoryItemMaterialTest" name="asMetaFor[Material[411]:LIGHT_BLUE_STAINED_GLASS]" time="0.009"/>
  <testcase classname="org.bukkit.craftbukkit.inventory.FactoryItemMaterialTest" name="itemStack[Material[411]:LIGHT_BLUE_STAINED_GLASS]" time="0"/>
  <testcase classname="org.bukkit.craftbukkit.inventory.FactoryItemMaterialTest" name="blankEqualities[Material[412]:LIGHT_BLUE_STAINED_GLASS_PANE]" time="0.006"/>
  <testcase classname="org.bukkit.craftbukkit.inventory.FactoryItemMaterialTest" name="generalCase[Material[412]:LIGHT_BLUE_STAINED_GLASS_PANE]" time="0"/>
  <testcase classname="org.bukkit.craftbukkit.inventory.FactoryItemMaterialTest" name="asMetaFor[Material[412]:LIGHT_BLUE_STAINED_GLASS_PANE]" time="0.009"/>
  <testcase classname="org.bukkit.craftbukkit.inventory.FactoryItemMaterialTest" name="itemStack[Material[412]:LIGHT_BLUE_STAINED_GLASS_PANE]" time="0"/>
  <testcase classname="org.bukkit.craftbukkit.inventory.FactoryItemMaterialTest" name="blankEqualities[Material[413]:LIGHT_BLUE_TERRACOTTA]" time="0.007"/>
  <testcase classname="org.bukkit.craftbukkit.inventory.FactoryItemMaterialTest" name="generalCase[Material[413]:LIGHT_BLUE_TERRACOTTA]" time="0"/>
  <testcase classname="org.bukkit.craftbukkit.inventory.FactoryItemMaterialTest" name="asMetaFor[Material[413]:LIGHT_BLUE_TERRACOTTA]" time="0.008"/>
  <testcase classname="org.bukkit.craftbukkit.inventory.FactoryItemMaterialTest" name="itemStack[Material[413]:LIGHT_BLUE_TERRACOTTA]" time="0.001"/>
  <testcase classname="org.bukkit.craftbukkit.inventory.FactoryItemMaterialTest" name="blankEqualities[Material[414]:LIGHT_BLUE_WOOL]" time="0.006"/>
  <testcase classname="org.bukkit.craftbukkit.inventory.FactoryItemMaterialTest" name="generalCase[Material[414]:LIGHT_BLUE_WOOL]" time="0"/>
  <testcase classname="org.bukkit.craftbukkit.inventory.FactoryItemMaterialTest" name="asMetaFor[Material[414]:LIGHT_BLUE_WOOL]" time="0.009"/>
  <testcase classname="org.bukkit.craftbukkit.inventory.FactoryItemMaterialTest" name="itemStack[Material[414]:LIGHT_BLUE_WOOL]" time="0"/>
  <testcase classname="org.bukkit.craftbukkit.inventory.FactoryItemMaterialTest" name="blankEqualities[Material[415]:LIGHT_GRAY_BANNER]" time="0.008"/>
  <testcase classname="org.bukkit.craftbukkit.inventory.FactoryItemMaterialTest" name="generalCase[Material[415]:LIGHT_GRAY_BANNER]" time="0"/>
  <testcase classname="org.bukkit.craftbukkit.inventory.FactoryItemMaterialTest" name="asMetaFor[Material[415]:LIGHT_GRAY_BANNER]" time="0.009"/>
  <testcase classname="org.bukkit.craftbukkit.inventory.FactoryItemMaterialTest" name="itemStack[Material[415]:LIGHT_GRAY_BANNER]" time="0.001"/>
  <testcase classname="org.bukkit.craftbukkit.inventory.FactoryItemMaterialTest" name="blankEqualities[Material[416]:LIGHT_GRAY_BED]" time="0.004"/>
  <testcase classname="org.bukkit.craftbukkit.inventory.FactoryItemMaterialTest" name="generalCase[Material[416]:LIGHT_GRAY_BED]" time="0"/>
  <testcase classname="org.bukkit.craftbukkit.inventory.FactoryItemMaterialTest" name="asMetaFor[Material[416]:LIGHT_GRAY_BED]" time="0.008"/>
  <testcase classname="org.bukkit.craftbukkit.inventory.FactoryItemMaterialTest" name="itemStack[Material[416]:LIGHT_GRAY_BED]" time="0"/>
  <testcase classname="org.bukkit.craftbukkit.inventory.FactoryItemMaterialTest" name="blankEqualities[Material[417]:LIGHT_GRAY_CARPET]" time="0.006"/>
  <testcase classname="org.bukkit.craftbukkit.inventory.FactoryItemMaterialTest" name="generalCase[Material[417]:LIGHT_GRAY_CARPET]" time="0"/>
  <testcase classname="org.bukkit.craftbukkit.inventory.FactoryItemMaterialTest" name="asMetaFor[Material[417]:LIGHT_GRAY_CARPET]" time="0.008"/>
  <testcase classname="org.bukkit.craftbukkit.inventory.FactoryItemMaterialTest" name="itemStack[Material[417]:LIGHT_GRAY_CARPET]" time="0.001"/>
  <testcase classname="org.bukkit.craftbukkit.inventory.FactoryItemMaterialTest" name="blankEqualities[Material[418]:LIGHT_GRAY_CONCRETE]" time="0.006"/>
  <testcase classname="org.bukkit.craftbukkit.inventory.FactoryItemMaterialTest" name="generalCase[Material[418]:LIGHT_GRAY_CONCRETE]" time="0.001"/>
  <testcase classname="org.bukkit.craftbukkit.inventory.FactoryItemMaterialTest" name="asMetaFor[Material[418]:LIGHT_GRAY_CONCRETE]" time="0.009"/>
  <testcase classname="org.bukkit.craftbukkit.inventory.FactoryItemMaterialTest" name="itemStack[Material[418]:LIGHT_GRAY_CONCRETE]" time="0"/>
  <testcase classname="org.bukkit.craftbukkit.inventory.FactoryItemMaterialTest" name="blankEqualities[Material[419]:LIGHT_GRAY_CONCRETE_POWDER]" time="0.007"/>
  <testcase classname="org.bukkit.craftbukkit.inventory.FactoryItemMaterialTest" name="generalCase[Material[419]:LIGHT_GRAY_CONCRETE_POWDER]" time="0"/>
  <testcase classname="org.bukkit.craftbukkit.inventory.FactoryItemMaterialTest" name="asMetaFor[Material[419]:LIGHT_GRAY_CONCRETE_POWDER]" time="0.009"/>
  <testcase classname="org.bukkit.craftbukkit.inventory.FactoryItemMaterialTest" name="itemStack[Material[419]:LIGHT_GRAY_CONCRETE_POWDER]" time="0"/>
  <testcase classname="org.bukkit.craftbukkit.inventory.FactoryItemMaterialTest" name="blankEqualities[Material[420]:LIGHT_GRAY_DYE]" time="0.007"/>
  <testcase classname="org.bukkit.craftbukkit.inventory.FactoryItemMaterialTest" name="generalCase[Material[420]:LIGHT_GRAY_DYE]" time="0"/>
  <testcase classname="org.bukkit.craftbukkit.inventory.FactoryItemMaterialTest" name="asMetaFor[Material[420]:LIGHT_GRAY_DYE]" time="0.008"/>
  <testcase classname="org.bukkit.craftbukkit.inventory.FactoryItemMaterialTest" name="itemStack[Material[420]:LIGHT_GRAY_DYE]" time="0"/>
  <testcase classname="org.bukkit.craftbukkit.inventory.FactoryItemMaterialTest" name="blankEqualities[Material[421]:LIGHT_GRAY_GLAZED_TERRACOTTA]" time="0.006"/>
  <testcase classname="org.bukkit.craftbukkit.inventory.FactoryItemMaterialTest" name="generalCase[Material[421]:LIGHT_GRAY_GLAZED_TERRACOTTA]" time="0"/>
  <testcase classname="org.bukkit.craftbukkit.inventory.FactoryItemMaterialTest" name="asMetaFor[Material[421]:LIGHT_GRAY_GLAZED_TERRACOTTA]" time="0.008"/>
  <testcase classname="org.bukkit.craftbukkit.inventory.FactoryItemMaterialTest" name="itemStack[Material[421]:LIGHT_GRAY_GLAZED_TERRACOTTA]" time="0.001"/>
  <testcase classname="org.bukkit.craftbukkit.inventory.FactoryItemMaterialTest" name="blankEqualities[Material[422]:LIGHT_GRAY_SHULKER_BOX]" time="0.017"/>
  <testcase classname="org.bukkit.craftbukkit.inventory.FactoryItemMaterialTest" name="generalCase[Material[422]:LIGHT_GRAY_SHULKER_BOX]" time="0"/>
  <testcase classname="org.bukkit.craftbukkit.inventory.FactoryItemMaterialTest" name="asMetaFor[Material[422]:LIGHT_GRAY_SHULKER_BOX]" time="0.008"/>
  <testcase classname="org.bukkit.craftbukkit.inventory.FactoryItemMaterialTest" name="itemStack[Material[422]:LIGHT_GRAY_SHULKER_BOX]" time="0"/>
  <testcase classname="org.bukkit.craftbukkit.inventory.FactoryItemMaterialTest" name="blankEqualities[Material[423]:LIGHT_GRAY_STAINED_GLASS]" time="0.006"/>
  <testcase classname="org.bukkit.craftbukkit.inventory.FactoryItemMaterialTest" name="generalCase[Material[423]:LIGHT_GRAY_STAINED_GLASS]" time="0.001"/>
  <testcase classname="org.bukkit.craftbukkit.inventory.FactoryItemMaterialTest" name="asMetaFor[Material[423]:LIGHT_GRAY_STAINED_GLASS]" time="0.008"/>
  <testcase classname="org.bukkit.craftbukkit.inventory.FactoryItemMaterialTest" name="itemStack[Material[423]:LIGHT_GRAY_STAINED_GLASS]" time="0"/>
  <testcase classname="org.bukkit.craftbukkit.inventory.FactoryItemMaterialTest" name="blankEqualities[Material[424]:LIGHT_GRAY_STAINED_GLASS_PANE]" time="0.006"/>
  <testcase classname="org.bukkit.craftbukkit.inventory.FactoryItemMaterialTest" name="generalCase[Material[424]:LIGHT_GRAY_STAINED_GLASS_PANE]" time="0"/>
  <testcase classname="org.bukkit.craftbukkit.inventory.FactoryItemMaterialTest" name="asMetaFor[Material[424]:LIGHT_GRAY_STAINED_GLASS_PANE]" time="0.008"/>
  <testcase classname="org.bukkit.craftbukkit.inventory.FactoryItemMaterialTest" name="itemStack[Material[424]:LIGHT_GRAY_STAINED_GLASS_PANE]" time="0.001"/>
  <testcase classname="org.bukkit.craftbukkit.inventory.FactoryItemMaterialTest" name="blankEqualities[Material[425]:LIGHT_GRAY_TERRACOTTA]" time="0.006"/>
  <testcase classname="org.bukkit.craftbukkit.inventory.FactoryItemMaterialTest" name="generalCase[Material[425]:LIGHT_GRAY_TERRACOTTA]" time="0"/>
  <testcase classname="org.bukkit.craftbukkit.inventory.FactoryItemMaterialTest" name="asMetaFor[Material[425]:LIGHT_GRAY_TERRACOTTA]" time="0.008"/>
  <testcase classname="org.bukkit.craftbukkit.inventory.FactoryItemMaterialTest" name="itemStack[Material[425]:LIGHT_GRAY_TERRACOTTA]" time="0"/>
  <testcase classname="org.bukkit.craftbukkit.inventory.FactoryItemMaterialTest" name="blankEqualities[Material[426]:LIGHT_GRAY_WOOL]" time="0.006"/>
  <testcase classname="org.bukkit.craftbukkit.inventory.FactoryItemMaterialTest" name="generalCase[Material[426]:LIGHT_GRAY_WOOL]" time="0"/>
  <testcase classname="org.bukkit.craftbukkit.inventory.FactoryItemMaterialTest" name="asMetaFor[Material[426]:LIGHT_GRAY_WOOL]" time="0.009"/>
  <testcase classname="org.bukkit.craftbukkit.inventory.FactoryItemMaterialTest" name="itemStack[Material[426]:LIGHT_GRAY_WOOL]" time="0"/>
  <testcase classname="org.bukkit.craftbukkit.inventory.FactoryItemMaterialTest" name="blankEqualities[Material[427]:LIGHT_WEIGHTED_PRESSURE_PLATE]" time="0.007"/>
  <testcase classname="org.bukkit.craftbukkit.inventory.FactoryItemMaterialTest" name="generalCase[Material[427]:LIGHT_WEIGHTED_PRESSURE_PLATE]" time="0"/>
  <testcase classname="org.bukkit.craftbukkit.inventory.FactoryItemMaterialTest" name="asMetaFor[Material[427]:LIGHT_WEIGHTED_PRESSURE_PLATE]" time="0.009"/>
  <testcase classname="org.bukkit.craftbukkit.inventory.FactoryItemMaterialTest" name="itemStack[Material[427]:LIGHT_WEIGHTED_PRESSURE_PLATE]" time="0"/>
  <testcase classname="org.bukkit.craftbukkit.inventory.FactoryItemMaterialTest" name="blankEqualities[Material[428]:LILAC]" time="0.007"/>
  <testcase classname="org.bukkit.craftbukkit.inventory.FactoryItemMaterialTest" name="generalCase[Material[428]:LILAC]" time="0"/>
  <testcase classname="org.bukkit.craftbukkit.inventory.FactoryItemMaterialTest" name="asMetaFor[Material[428]:LILAC]" time="0.009"/>
  <testcase classname="org.bukkit.craftbukkit.inventory.FactoryItemMaterialTest" name="itemStack[Material[428]:LILAC]" time="0"/>
  <testcase classname="org.bukkit.craftbukkit.inventory.FactoryItemMaterialTest" name="blankEqualities[Material[429]:LILY_PAD]" time="0.006"/>
  <testcase classname="org.bukkit.craftbukkit.inventory.FactoryItemMaterialTest" name="generalCase[Material[429]:LILY_PAD]" time="0.001"/>
  <testcase classname="org.bukkit.craftbukkit.inventory.FactoryItemMaterialTest" name="asMetaFor[Material[429]:LILY_PAD]" time="0.008"/>
  <testcase classname="org.bukkit.craftbukkit.inventory.FactoryItemMaterialTest" name="itemStack[Material[429]:LILY_PAD]" time="0"/>
  <testcase classname="org.bukkit.craftbukkit.inventory.FactoryItemMaterialTest" name="blankEqualities[Material[430]:LIME_BANNER]" time="0.007"/>
  <testcase classname="org.bukkit.craftbukkit.inventory.FactoryItemMaterialTest" name="generalCase[Material[430]:LIME_BANNER]" time="0"/>
  <testcase classname="org.bukkit.craftbukkit.inventory.FactoryItemMaterialTest" name="asMetaFor[Material[430]:LIME_BANNER]" time="0.009"/>
  <testcase classname="org.bukkit.craftbukkit.inventory.FactoryItemMaterialTest" name="itemStack[Material[430]:LIME_BANNER]" time="0"/>
  <testcase classname="org.bukkit.craftbukkit.inventory.FactoryItemMaterialTest" name="blankEqualities[Material[431]:LIME_BED]" time="0.007"/>
  <testcase classname="org.bukkit.craftbukkit.inventory.FactoryItemMaterialTest" name="generalCase[Material[431]:LIME_BED]" time="0"/>
  <testcase classname="org.bukkit.craftbukkit.inventory.FactoryItemMaterialTest" name="asMetaFor[Material[431]:LIME_BED]" time="0.008"/>
  <testcase classname="org.bukkit.craftbukkit.inventory.FactoryItemMaterialTest" name="itemStack[Material[431]:LIME_BED]" time="0"/>
  <testcase classname="org.bukkit.craftbukkit.inventory.FactoryItemMaterialTest" name="blankEqualities[Material[432]:LIME_CARPET]" time="0.006"/>
  <testcase classname="org.bukkit.craftbukkit.inventory.FactoryItemMaterialTest" name="generalCase[Material[432]:LIME_CARPET]" time="0.001"/>
  <testcase classname="org.bukkit.craftbukkit.inventory.FactoryItemMaterialTest" name="asMetaFor[Material[432]:LIME_CARPET]" time="0.008"/>
  <testcase classname="org.bukkit.craftbukkit.inventory.FactoryItemMaterialTest" name="itemStack[Material[432]:LIME_CARPET]" time="0"/>
  <testcase classname="org.bukkit.craftbukkit.inventory.FactoryItemMaterialTest" name="blankEqualities[Material[433]:LIME_CONCRETE]" time="0.006"/>
  <testcase classname="org.bukkit.craftbukkit.inventory.FactoryItemMaterialTest" name="generalCase[Material[433]:LIME_CONCRETE]" time="0"/>
  <testcase classname="org.bukkit.craftbukkit.inventory.FactoryItemMaterialTest" name="asMetaFor[Material[433]:LIME_CONCRETE]" time="0.009"/>
  <testcase classname="org.bukkit.craftbukkit.inventory.FactoryItemMaterialTest" name="itemStack[Material[433]:LIME_CONCRETE]" time="0"/>
  <testcase classname="org.bukkit.craftbukkit.inventory.FactoryItemMaterialTest" name="blankEqualities[Material[434]:LIME_CONCRETE_POWDER]" time="0.016"/>
  <testcase classname="org.bukkit.craftbukkit.inventory.FactoryItemMaterialTest" name="generalCase[Material[434]:LIME_CONCRETE_POWDER]" time="0"/>
  <testcase classname="org.bukkit.craftbukkit.inventory.FactoryItemMaterialTest" name="asMetaFor[Material[434]:LIME_CONCRETE_POWDER]" time="0.001"/>
  <testcase classname="org.bukkit.craftbukkit.inventory.FactoryItemMaterialTest" name="itemStack[Material[434]:LIME_CONCRETE_POWDER]" time="0"/>
  <testcase classname="org.bukkit.craftbukkit.inventory.FactoryItemMaterialTest" name="blankEqualities[Material[435]:LIME_DYE]" time="0.007"/>
  <testcase classname="org.bukkit.craftbukkit.inventory.FactoryItemMaterialTest" name="generalCase[Material[435]:LIME_DYE]" time="0"/>
  <testcase classname="org.bukkit.craftbukkit.inventory.FactoryItemMaterialTest" name="asMetaFor[Material[435]:LIME_DYE]" time="0.009"/>
  <testcase classname="org.bukkit.craftbukkit.inventory.FactoryItemMaterialTest" name="itemStack[Material[435]:LIME_DYE]" time="0"/>
  <testcase classname="org.bukkit.craftbukkit.inventory.FactoryItemMaterialTest" name="blankEqualities[Material[436]:LIME_GLAZED_TERRACOTTA]" time="0.007"/>
  <testcase classname="org.bukkit.craftbukkit.inventory.FactoryItemMaterialTest" name="generalCase[Material[436]:LIME_GLAZED_TERRACOTTA]" time="0"/>
  <testcase classname="org.bukkit.craftbukkit.inventory.FactoryItemMaterialTest" name="asMetaFor[Material[436]:LIME_GLAZED_TERRACOTTA]" time="0.009"/>
  <testcase classname="org.bukkit.craftbukkit.inventory.FactoryItemMaterialTest" name="itemStack[Material[436]:LIME_GLAZED_TERRACOTTA]" time="0"/>
  <testcase classname="org.bukkit.craftbukkit.inventory.FactoryItemMaterialTest" name="blankEqualities[Material[437]:LIME_SHULKER_BOX]" time="0.007"/>
  <testcase classname="org.bukkit.craftbukkit.inventory.FactoryItemMaterialTest" name="generalCase[Material[437]:LIME_SHULKER_BOX]" time="0"/>
  <testcase classname="org.bukkit.craftbukkit.inventory.FactoryItemMaterialTest" name="asMetaFor[Material[437]:LIME_SHULKER_BOX]" time="0.009"/>
  <testcase classname="org.bukkit.craftbukkit.inventory.FactoryItemMaterialTest" name="itemStack[Material[437]:LIME_SHULKER_BOX]" time="0"/>
  <testcase classname="org.bukkit.craftbukkit.inventory.FactoryItemMaterialTest" name="blankEqualities[Material[438]:LIME_STAINED_GLASS]" time="0.007"/>
  <testcase classname="org.bukkit.craftbukkit.inventory.FactoryItemMaterialTest" name="generalCase[Material[438]:LIME_STAINED_GLASS]" time="0"/>
  <testcase classname="org.bukkit.craftbukkit.inventory.FactoryItemMaterialTest" name="asMetaFor[Material[438]:LIME_STAINED_GLASS]" time="0.009"/>
  <testcase classname="org.bukkit.craftbukkit.inventory.FactoryItemMaterialTest" name="itemStack[Material[438]:LIME_STAINED_GLASS]" time="0"/>
  <testcase classname="org.bukkit.craftbukkit.inventory.FactoryItemMaterialTest" name="blankEqualities[Material[439]:LIME_STAINED_GLASS_PANE]" time="0.007"/>
  <testcase classname="org.bukkit.craftbukkit.inventory.FactoryItemMaterialTest" name="generalCase[Material[439]:LIME_STAINED_GLASS_PANE]" time="0"/>
  <testcase classname="org.bukkit.craftbukkit.inventory.FactoryItemMaterialTest" name="asMetaFor[Material[439]:LIME_STAINED_GLASS_PANE]" time="0.009"/>
  <testcase classname="org.bukkit.craftbukkit.inventory.FactoryItemMaterialTest" name="itemStack[Material[439]:LIME_STAINED_GLASS_PANE]" time="0"/>
  <testcase classname="org.bukkit.craftbukkit.inventory.FactoryItemMaterialTest" name="blankEqualities[Material[440]:LIME_TERRACOTTA]" time="0.007"/>
  <testcase classname="org.bukkit.craftbukkit.inventory.FactoryItemMaterialTest" name="generalCase[Material[440]:LIME_TERRACOTTA]" time="0"/>
  <testcase classname="org.bukkit.craftbukkit.inventory.FactoryItemMaterialTest" name="asMetaFor[Material[440]:LIME_TERRACOTTA]" time="0.009"/>
  <testcase classname="org.bukkit.craftbukkit.inventory.FactoryItemMaterialTest" name="itemStack[Material[440]:LIME_TERRACOTTA]" time="0"/>
  <testcase classname="org.bukkit.craftbukkit.inventory.FactoryItemMaterialTest" name="blankEqualities[Material[441]:LIME_WOOL]" time="0.006"/>
  <testcase classname="org.bukkit.craftbukkit.inventory.FactoryItemMaterialTest" name="generalCase[Material[441]:LIME_WOOL]" time="0"/>
  <testcase classname="org.bukkit.craftbukkit.inventory.FactoryItemMaterialTest" name="asMetaFor[Material[441]:LIME_WOOL]" time="0.009"/>
  <testcase classname="org.bukkit.craftbukkit.inventory.FactoryItemMaterialTest" name="itemStack[Material[441]:LIME_WOOL]" time="0"/>
  <testcase classname="org.bukkit.craftbukkit.inventory.FactoryItemMaterialTest" name="blankEqualities[Material[442]:LINGERING_POTION]" time="0.007"/>
  <testcase classname="org.bukkit.craftbukkit.inventory.FactoryItemMaterialTest" name="generalCase[Material[442]:LINGERING_POTION]" time="0"/>
  <testcase classname="org.bukkit.craftbukkit.inventory.FactoryItemMaterialTest" name="asMetaFor[Material[442]:LINGERING_POTION]" time="0.009"/>
  <testcase classname="org.bukkit.craftbukkit.inventory.FactoryItemMaterialTest" name="itemStack[Material[442]:LINGERING_POTION]" time="0"/>
  <testcase classname="org.bukkit.craftbukkit.inventory.FactoryItemMaterialTest" name="blankEqualities[Material[443]:LLAMA_SPAWN_EGG]" time="0.007"/>
  <testcase classname="org.bukkit.craftbukkit.inventory.FactoryItemMaterialTest" name="generalCase[Material[443]:LLAMA_SPAWN_EGG]" time="0"/>
  <testcase classname="org.bukkit.craftbukkit.inventory.FactoryItemMaterialTest" name="asMetaFor[Material[443]:LLAMA_SPAWN_EGG]" time="0.008"/>
  <testcase classname="org.bukkit.craftbukkit.inventory.FactoryItemMaterialTest" name="itemStack[Material[443]:LLAMA_SPAWN_EGG]" time="0"/>
  <testcase classname="org.bukkit.craftbukkit.inventory.FactoryItemMaterialTest" name="blankEqualities[Material[444]:MAGENTA_BANNER]" time="0.007"/>
  <testcase classname="org.bukkit.craftbukkit.inventory.FactoryItemMaterialTest" name="generalCase[Material[444]:MAGENTA_BANNER]" time="0"/>
  <testcase classname="org.bukkit.craftbukkit.inventory.FactoryItemMaterialTest" name="asMetaFor[Material[444]:MAGENTA_BANNER]" time="0.008"/>
  <testcase classname="org.bukkit.craftbukkit.inventory.FactoryItemMaterialTest" name="itemStack[Material[444]:MAGENTA_BANNER]" time="0"/>
  <testcase classname="org.bukkit.craftbukkit.inventory.FactoryItemMaterialTest" name="blankEqualities[Material[445]:MAGENTA_BED]" time="0.006"/>
  <testcase classname="org.bukkit.craftbukkit.inventory.FactoryItemMaterialTest" name="generalCase[Material[445]:MAGENTA_BED]" time="0"/>
  <testcase classname="org.bukkit.craftbukkit.inventory.FactoryItemMaterialTest" name="asMetaFor[Material[445]:MAGENTA_BED]" time="0.02"/>
  <testcase classname="org.bukkit.craftbukkit.inventory.FactoryItemMaterialTest" name="itemStack[Material[445]:MAGENTA_BED]" time="0"/>
  <testcase classname="org.bukkit.craftbukkit.inventory.FactoryItemMaterialTest" name="blankEqualities[Material[446]:MAGENTA_CARPET]" time="0.007"/>
  <testcase classname="org.bukkit.craftbukkit.inventory.FactoryItemMaterialTest" name="generalCase[Material[446]:MAGENTA_CARPET]" time="0"/>
  <testcase classname="org.bukkit.craftbukkit.inventory.FactoryItemMaterialTest" name="asMetaFor[Material[446]:MAGENTA_CARPET]" time="0.008"/>
  <testcase classname="org.bukkit.craftbukkit.inventory.FactoryItemMaterialTest" name="itemStack[Material[446]:MAGENTA_CARPET]" time="0.001"/>
  <testcase classname="org.bukkit.craftbukkit.inventory.FactoryItemMaterialTest" name="blankEqualities[Material[447]:MAGENTA_CONCRETE]" time="0.006"/>
  <testcase classname="org.bukkit.craftbukkit.inventory.FactoryItemMaterialTest" name="generalCase[Material[447]:MAGENTA_CONCRETE]" time="0"/>
  <testcase classname="org.bukkit.craftbukkit.inventory.FactoryItemMaterialTest" name="asMetaFor[Material[447]:MAGENTA_CONCRETE]" time="0.009"/>
  <testcase classname="org.bukkit.craftbukkit.inventory.FactoryItemMaterialTest" name="itemStack[Material[447]:MAGENTA_CONCRETE]" time="0"/>
  <testcase classname="org.bukkit.craftbukkit.inventory.FactoryItemMaterialTest" name="blankEqualities[Material[448]:MAGENTA_CONCRETE_POWDER]" time="0.007"/>
  <testcase classname="org.bukkit.craftbukkit.inventory.FactoryItemMaterialTest" name="generalCase[Material[448]:MAGENTA_CONCRETE_POWDER]" time="0"/>
  <testcase classname="org.bukkit.craftbukkit.inventory.FactoryItemMaterialTest" name="asMetaFor[Material[448]:MAGENTA_CONCRETE_POWDER]" time="0.009"/>
  <testcase classname="org.bukkit.craftbukkit.inventory.FactoryItemMaterialTest" name="itemStack[Material[448]:MAGENTA_CONCRETE_POWDER]" time="0"/>
  <testcase classname="org.bukkit.craftbukkit.inventory.FactoryItemMaterialTest" name="blankEqualities[Material[449]:MAGENTA_DYE]" time="0.007"/>
  <testcase classname="org.bukkit.craftbukkit.inventory.FactoryItemMaterialTest" name="generalCase[Material[449]:MAGENTA_DYE]" time="0"/>
  <testcase classname="org.bukkit.craftbukkit.inventory.FactoryItemMaterialTest" name="asMetaFor[Material[449]:MAGENTA_DYE]" time="0.009"/>
  <testcase classname="org.bukkit.craftbukkit.inventory.FactoryItemMaterialTest" name="itemStack[Material[449]:MAGENTA_DYE]" time="0"/>
  <testcase classname="org.bukkit.craftbukkit.inventory.FactoryItemMaterialTest" name="blankEqualities[Material[450]:MAGENTA_GLAZED_TERRACOTTA]" time="0.007"/>
  <testcase classname="org.bukkit.craftbukkit.inventory.FactoryItemMaterialTest" name="generalCase[Material[450]:MAGENTA_GLAZED_TERRACOTTA]" time="0"/>
  <testcase classname="org.bukkit.craftbukkit.inventory.FactoryItemMaterialTest" name="asMetaFor[Material[450]:MAGENTA_GLAZED_TERRACOTTA]" time="0.008"/>
  <testcase classname="org.bukkit.craftbukkit.inventory.FactoryItemMaterialTest" name="itemStack[Material[450]:MAGENTA_GLAZED_TERRACOTTA]" time="0"/>
  <testcase classname="org.bukkit.craftbukkit.inventory.FactoryItemMaterialTest" name="blankEqualities[Material[451]:MAGENTA_SHULKER_BOX]" time="0.007"/>
  <testcase classname="org.bukkit.craftbukkit.inventory.FactoryItemMaterialTest" name="generalCase[Material[451]:MAGENTA_SHULKER_BOX]" time="0"/>
  <testcase classname="org.bukkit.craftbukkit.inventory.FactoryItemMaterialTest" name="asMetaFor[Material[451]:MAGENTA_SHULKER_BOX]" time="0.008"/>
  <testcase classname="org.bukkit.craftbukkit.inventory.FactoryItemMaterialTest" name="itemStack[Material[451]:MAGENTA_SHULKER_BOX]" time="0"/>
  <testcase classname="org.bukkit.craftbukkit.inventory.FactoryItemMaterialTest" name="blankEqualities[Material[452]:MAGENTA_STAINED_GLASS]" time="0.007"/>
  <testcase classname="org.bukkit.craftbukkit.inventory.FactoryItemMaterialTest" name="generalCase[Material[452]:MAGENTA_STAINED_GLASS]" time="0"/>
  <testcase classname="org.bukkit.craftbukkit.inventory.FactoryItemMaterialTest" name="asMetaFor[Material[452]:MAGENTA_STAINED_GLASS]" time="0.009"/>
  <testcase classname="org.bukkit.craftbukkit.inventory.FactoryItemMaterialTest" name="itemStack[Material[452]:MAGENTA_STAINED_GLASS]" time="0"/>
  <testcase classname="org.bukkit.craftbukkit.inventory.FactoryItemMaterialTest" name="blankEqualities[Material[453]:MAGENTA_STAINED_GLASS_PANE]" time="0.006"/>
  <testcase classname="org.bukkit.craftbukkit.inventory.FactoryItemMaterialTest" name="generalCase[Material[453]:MAGENTA_STAINED_GLASS_PANE]" time="0.001"/>
  <testcase classname="org.bukkit.craftbukkit.inventory.FactoryItemMaterialTest" name="asMetaFor[Material[453]:MAGENTA_STAINED_GLASS_PANE]" time="0.008"/>
  <testcase classname="org.bukkit.craftbukkit.inventory.FactoryItemMaterialTest" name="itemStack[Material[453]:MAGENTA_STAINED_GLASS_PANE]" time="0"/>
  <testcase classname="org.bukkit.craftbukkit.inventory.FactoryItemMaterialTest" name="blankEqualities[Material[454]:MAGENTA_TERRACOTTA]" time="0.007"/>
  <testcase classname="org.bukkit.craftbukkit.inventory.FactoryItemMaterialTest" name="generalCase[Material[454]:MAGENTA_TERRACOTTA]" time="0"/>
  <testcase classname="org.bukkit.craftbukkit.inventory.FactoryItemMaterialTest" name="asMetaFor[Material[454]:MAGENTA_TERRACOTTA]" time="0.009"/>
  <testcase classname="org.bukkit.craftbukkit.inventory.FactoryItemMaterialTest" name="itemStack[Material[454]:MAGENTA_TERRACOTTA]" time="0"/>
  <testcase classname="org.bukkit.craftbukkit.inventory.FactoryItemMaterialTest" name="blankEqualities[Material[455]:MAGENTA_WOOL]" time="0.006"/>
  <testcase classname="org.bukkit.craftbukkit.inventory.FactoryItemMaterialTest" name="generalCase[Material[455]:MAGENTA_WOOL]" time="0"/>
  <testcase classname="org.bukkit.craftbukkit.inventory.FactoryItemMaterialTest" name="asMetaFor[Material[455]:MAGENTA_WOOL]" time="0.008"/>
  <testcase classname="org.bukkit.craftbukkit.inventory.FactoryItemMaterialTest" name="itemStack[Material[455]:MAGENTA_WOOL]" time="0"/>
  <testcase classname="org.bukkit.craftbukkit.inventory.FactoryItemMaterialTest" name="blankEqualities[Material[456]:MAGMA_BLOCK]" time="0.007"/>
  <testcase classname="org.bukkit.craftbukkit.inventory.FactoryItemMaterialTest" name="generalCase[Material[456]:MAGMA_BLOCK]" time="0"/>
  <testcase classname="org.bukkit.craftbukkit.inventory.FactoryItemMaterialTest" name="asMetaFor[Material[456]:MAGMA_BLOCK]" time="0.009"/>
  <testcase classname="org.bukkit.craftbukkit.inventory.FactoryItemMaterialTest" name="itemStack[Material[456]:MAGMA_BLOCK]" time="0"/>
  <testcase classname="org.bukkit.craftbukkit.inventory.FactoryItemMaterialTest" name="blankEqualities[Material[457]:MAGMA_CREAM]" time="0.007"/>
  <testcase classname="org.bukkit.craftbukkit.inventory.FactoryItemMaterialTest" name="generalCase[Material[457]:MAGMA_CREAM]" time="0"/>
  <testcase classname="org.bukkit.craftbukkit.inventory.FactoryItemMaterialTest" name="asMetaFor[Material[457]:MAGMA_CREAM]" time="0.008"/>
  <testcase classname="org.bukkit.craftbukkit.inventory.FactoryItemMaterialTest" name="itemStack[Material[457]:MAGMA_CREAM]" time="0.001"/>
  <testcase classname="org.bukkit.craftbukkit.inventory.FactoryItemMaterialTest" name="blankEqualities[Material[458]:MAGMA_CUBE_SPAWN_EGG]" time="0.018"/>
  <testcase classname="org.bukkit.craftbukkit.inventory.FactoryItemMaterialTest" name="generalCase[Material[458]:MAGMA_CUBE_SPAWN_EGG]" time="0"/>
  <testcase classname="org.bukkit.craftbukkit.inventory.FactoryItemMaterialTest" name="asMetaFor[Material[458]:MAGMA_CUBE_SPAWN_EGG]" time="0.008"/>
  <testcase classname="org.bukkit.craftbukkit.inventory.FactoryItemMaterialTest" name="itemStack[Material[458]:MAGMA_CUBE_SPAWN_EGG]" time="0"/>
  <testcase classname="org.bukkit.craftbukkit.inventory.FactoryItemMaterialTest" name="blankEqualities[Material[459]:MAP]" time="0.006"/>
  <testcase classname="org.bukkit.craftbukkit.inventory.FactoryItemMaterialTest" name="generalCase[Material[459]:MAP]" time="0"/>
  <testcase classname="org.bukkit.craftbukkit.inventory.FactoryItemMaterialTest" name="asMetaFor[Material[459]:MAP]" time="0.008"/>
  <testcase classname="org.bukkit.craftbukkit.inventory.FactoryItemMaterialTest" name="itemStack[Material[459]:MAP]" time="0"/>
  <testcase classname="org.bukkit.craftbukkit.inventory.FactoryItemMaterialTest" name="blankEqualities[Material[460]:MELON]" time="0.007"/>
  <testcase classname="org.bukkit.craftbukkit.inventory.FactoryItemMaterialTest" name="generalCase[Material[460]:MELON]" time="0"/>
  <testcase classname="org.bukkit.craftbukkit.inventory.FactoryItemMaterialTest" name="asMetaFor[Material[460]:MELON]" time="0.009"/>
  <testcase classname="org.bukkit.craftbukkit.inventory.FactoryItemMaterialTest" name="itemStack[Material[460]:MELON]" time="0"/>
  <testcase classname="org.bukkit.craftbukkit.inventory.FactoryItemMaterialTest" name="blankEqualities[Material[461]:MELON_SEEDS]" time="0.007"/>
  <testcase classname="org.bukkit.craftbukkit.inventory.FactoryItemMaterialTest" name="generalCase[Material[461]:MELON_SEEDS]" time="0"/>
  <testcase classname="org.bukkit.craftbukkit.inventory.FactoryItemMaterialTest" name="asMetaFor[Material[461]:MELON_SEEDS]" time="0.009"/>
  <testcase classname="org.bukkit.craftbukkit.inventory.FactoryItemMaterialTest" name="itemStack[Material[461]:MELON_SEEDS]" time="0"/>
  <testcase classname="org.bukkit.craftbukkit.inventory.FactoryItemMaterialTest" name="blankEqualities[Material[462]:MELON_SLICE]" time="0.007"/>
  <testcase classname="org.bukkit.craftbukkit.inventory.FactoryItemMaterialTest" name="generalCase[Material[462]:MELON_SLICE]" time="0"/>
  <testcase classname="org.bukkit.craftbukkit.inventory.FactoryItemMaterialTest" name="asMetaFor[Material[462]:MELON_SLICE]" time="0.009"/>
  <testcase classname="org.bukkit.craftbukkit.inventory.FactoryItemMaterialTest" name="itemStack[Material[462]:MELON_SLICE]" time="0"/>
  <testcase classname="org.bukkit.craftbukkit.inventory.FactoryItemMaterialTest" name="blankEqualities[Material[463]:MILK_BUCKET]" time="0.007"/>
  <testcase classname="org.bukkit.craftbukkit.inventory.FactoryItemMaterialTest" name="generalCase[Material[463]:MILK_BUCKET]" time="0"/>
  <testcase classname="org.bukkit.craftbukkit.inventory.FactoryItemMaterialTest" name="asMetaFor[Material[463]:MILK_BUCKET]" time="0.009"/>
  <testcase classname="org.bukkit.craftbukkit.inventory.FactoryItemMaterialTest" name="itemStack[Material[463]:MILK_BUCKET]" time="0"/>
  <testcase classname="org.bukkit.craftbukkit.inventory.FactoryItemMaterialTest" name="blankEqualities[Material[464]:MINECART]" time="0.007"/>
  <testcase classname="org.bukkit.craftbukkit.inventory.FactoryItemMaterialTest" name="generalCase[Material[464]:MINECART]" time="0"/>
  <testcase classname="org.bukkit.craftbukkit.inventory.FactoryItemMaterialTest" name="asMetaFor[Material[464]:MINECART]" time="0.009"/>
  <testcase classname="org.bukkit.craftbukkit.inventory.FactoryItemMaterialTest" name="itemStack[Material[464]:MINECART]" time="0"/>
  <testcase classname="org.bukkit.craftbukkit.inventory.FactoryItemMaterialTest" name="blankEqualities[Material[465]:MOOSHROOM_SPAWN_EGG]" time="0.007"/>
  <testcase classname="org.bukkit.craftbukkit.inventory.FactoryItemMaterialTest" name="generalCase[Material[465]:MOOSHROOM_SPAWN_EGG]" time="0.001"/>
  <testcase classname="org.bukkit.craftbukkit.inventory.FactoryItemMaterialTest" name="asMetaFor[Material[465]:MOOSHROOM_SPAWN_EGG]" time="0.009"/>
  <testcase classname="org.bukkit.craftbukkit.inventory.FactoryItemMaterialTest" name="itemStack[Material[465]:MOOSHROOM_SPAWN_EGG]" time="0"/>
  <testcase classname="org.bukkit.craftbukkit.inventory.FactoryItemMaterialTest" name="blankEqualities[Material[466]:MOSSY_COBBLESTONE]" time="0.007"/>
  <testcase classname="org.bukkit.craftbukkit.inventory.FactoryItemMaterialTest" name="generalCase[Material[466]:MOSSY_COBBLESTONE]" time="0"/>
  <testcase classname="org.bukkit.craftbukkit.inventory.FactoryItemMaterialTest" name="asMetaFor[Material[466]:MOSSY_COBBLESTONE]" time="0.009"/>
  <testcase classname="org.bukkit.craftbukkit.inventory.FactoryItemMaterialTest" name="itemStack[Material[466]:MOSSY_COBBLESTONE]" time="0"/>
  <testcase classname="org.bukkit.craftbukkit.inventory.FactoryItemMaterialTest" name="blankEqualities[Material[467]:MOSSY_COBBLESTONE_WALL]" time="0.007"/>
  <testcase classname="org.bukkit.craftbukkit.inventory.FactoryItemMaterialTest" name="generalCase[Material[467]:MOSSY_COBBLESTONE_WALL]" time="0"/>
  <testcase classname="org.bukkit.craftbukkit.inventory.FactoryItemMaterialTest" name="asMetaFor[Material[467]:MOSSY_COBBLESTONE_WALL]" time="0.009"/>
  <testcase classname="org.bukkit.craftbukkit.inventory.FactoryItemMaterialTest" name="itemStack[Material[467]:MOSSY_COBBLESTONE_WALL]" time="0"/>
  <testcase classname="org.bukkit.craftbukkit.inventory.FactoryItemMaterialTest" name="blankEqualities[Material[468]:MOSSY_STONE_BRICKS]" time="0.006"/>
  <testcase classname="org.bukkit.craftbukkit.inventory.FactoryItemMaterialTest" name="generalCase[Material[468]:MOSSY_STONE_BRICKS]" time="0"/>
  <testcase classname="org.bukkit.craftbukkit.inventory.FactoryItemMaterialTest" name="asMetaFor[Material[468]:MOSSY_STONE_BRICKS]" time="0.006"/>
  <testcase classname="org.bukkit.craftbukkit.inventory.FactoryItemMaterialTest" name="itemStack[Material[468]:MOSSY_STONE_BRICKS]" time="0"/>
  <testcase classname="org.bukkit.craftbukkit.inventory.FactoryItemMaterialTest" name="blankEqualities[Material[469]:MULE_SPAWN_EGG]" time="0.007"/>
  <testcase classname="org.bukkit.craftbukkit.inventory.FactoryItemMaterialTest" name="generalCase[Material[469]:MULE_SPAWN_EGG]" time="0.001"/>
  <testcase classname="org.bukkit.craftbukkit.inventory.FactoryItemMaterialTest" name="asMetaFor[Material[469]:MULE_SPAWN_EGG]" time="0.009"/>
  <testcase classname="org.bukkit.craftbukkit.inventory.FactoryItemMaterialTest" name="itemStack[Material[469]:MULE_SPAWN_EGG]" time="0.001"/>
  <testcase classname="org.bukkit.craftbukkit.inventory.FactoryItemMaterialTest" name="blankEqualities[Material[470]:MUSHROOM_STEM]" time="0.007"/>
  <testcase classname="org.bukkit.craftbukkit.inventory.FactoryItemMaterialTest" name="generalCase[Material[470]:MUSHROOM_STEM]" time="0"/>
  <testcase classname="org.bukkit.craftbukkit.inventory.FactoryItemMaterialTest" name="asMetaFor[Material[470]:MUSHROOM_STEM]" time="0.009"/>
  <testcase classname="org.bukkit.craftbukkit.inventory.FactoryItemMaterialTest" name="itemStack[Material[470]:MUSHROOM_STEM]" time="0"/>
  <testcase classname="org.bukkit.craftbukkit.inventory.FactoryItemMaterialTest" name="blankEqualities[Material[471]:MUSHROOM_STEW]" time="0.007"/>
  <testcase classname="org.bukkit.craftbukkit.inventory.FactoryItemMaterialTest" name="generalCase[Material[471]:MUSHROOM_STEW]" time="0"/>
  <testcase classname="org.bukkit.craftbukkit.inventory.FactoryItemMaterialTest" name="asMetaFor[Material[471]:MUSHROOM_STEW]" time="0.011"/>
  <testcase classname="org.bukkit.craftbukkit.inventory.FactoryItemMaterialTest" name="itemStack[Material[471]:MUSHROOM_STEW]" time="0"/>
  <testcase classname="org.bukkit.craftbukkit.inventory.FactoryItemMaterialTest" name="blankEqualities[Material[472]:MUSIC_DISC_11]" time="0.015"/>
  <testcase classname="org.bukkit.craftbukkit.inventory.FactoryItemMaterialTest" name="generalCase[Material[472]:MUSIC_DISC_11]" time="0"/>
  <testcase classname="org.bukkit.craftbukkit.inventory.FactoryItemMaterialTest" name="asMetaFor[Material[472]:MUSIC_DISC_11]" time="0.009"/>
  <testcase classname="org.bukkit.craftbukkit.inventory.FactoryItemMaterialTest" name="itemStack[Material[472]:MUSIC_DISC_11]" time="0"/>
  <testcase classname="org.bukkit.craftbukkit.inventory.FactoryItemMaterialTest" name="blankEqualities[Material[473]:MUSIC_DISC_13]" time="0.007"/>
  <testcase classname="org.bukkit.craftbukkit.inventory.FactoryItemMaterialTest" name="generalCase[Material[473]:MUSIC_DISC_13]" time="0"/>
  <testcase classname="org.bukkit.craftbukkit.inventory.FactoryItemMaterialTest" name="asMetaFor[Material[473]:MUSIC_DISC_13]" time="0.009"/>
  <testcase classname="org.bukkit.craftbukkit.inventory.FactoryItemMaterialTest" name="itemStack[Material[473]:MUSIC_DISC_13]" time="0.001"/>
  <testcase classname="org.bukkit.craftbukkit.inventory.FactoryItemMaterialTest" name="blankEqualities[Material[474]:MUSIC_DISC_BLOCKS]" time="0.006"/>
  <testcase classname="org.bukkit.craftbukkit.inventory.FactoryItemMaterialTest" name="generalCase[Material[474]:MUSIC_DISC_BLOCKS]" time="0"/>
  <testcase classname="org.bukkit.craftbukkit.inventory.FactoryItemMaterialTest" name="asMetaFor[Material[474]:MUSIC_DISC_BLOCKS]" time="0.008"/>
  <testcase classname="org.bukkit.craftbukkit.inventory.FactoryItemMaterialTest" name="itemStack[Material[474]:MUSIC_DISC_BLOCKS]" time="0"/>
  <testcase classname="org.bukkit.craftbukkit.inventory.FactoryItemMaterialTest" name="blankEqualities[Material[475]:MUSIC_DISC_CAT]" time="0.007"/>
  <testcase classname="org.bukkit.craftbukkit.inventory.FactoryItemMaterialTest" name="generalCase[Material[475]:MUSIC_DISC_CAT]" time="0"/>
  <testcase classname="org.bukkit.craftbukkit.inventory.FactoryItemMaterialTest" name="asMetaFor[Material[475]:MUSIC_DISC_CAT]" time="0.016"/>
  <testcase classname="org.bukkit.craftbukkit.inventory.FactoryItemMaterialTest" name="itemStack[Material[475]:MUSIC_DISC_CAT]" time="0"/>
  <testcase classname="org.bukkit.craftbukkit.inventory.FactoryItemMaterialTest" name="blankEqualities[Material[476]:MUSIC_DISC_CHIRP]" time="0.006"/>
  <testcase classname="org.bukkit.craftbukkit.inventory.FactoryItemMaterialTest" name="generalCase[Material[476]:MUSIC_DISC_CHIRP]" time="0"/>
  <testcase classname="org.bukkit.craftbukkit.inventory.FactoryItemMaterialTest" name="asMetaFor[Material[476]:MUSIC_DISC_CHIRP]" time="0.008"/>
  <testcase classname="org.bukkit.craftbukkit.inventory.FactoryItemMaterialTest" name="itemStack[Material[476]:MUSIC_DISC_CHIRP]" time="0"/>
  <testcase classname="org.bukkit.craftbukkit.inventory.FactoryItemMaterialTest" name="blankEqualities[Material[477]:MUSIC_DISC_FAR]" time="0.007"/>
  <testcase classname="org.bukkit.craftbukkit.inventory.FactoryItemMaterialTest" name="generalCase[Material[477]:MUSIC_DISC_FAR]" time="0"/>
  <testcase classname="org.bukkit.craftbukkit.inventory.FactoryItemMaterialTest" name="asMetaFor[Material[477]:MUSIC_DISC_FAR]" time="0.009"/>
  <testcase classname="org.bukkit.craftbukkit.inventory.FactoryItemMaterialTest" name="itemStack[Material[477]:MUSIC_DISC_FAR]" time="0"/>
  <testcase classname="org.bukkit.craftbukkit.inventory.FactoryItemMaterialTest" name="blankEqualities[Material[478]:MUSIC_DISC_MALL]" time="0.007"/>
  <testcase classname="org.bukkit.craftbukkit.inventory.FactoryItemMaterialTest" name="generalCase[Material[478]:MUSIC_DISC_MALL]" time="0.001"/>
  <testcase classname="org.bukkit.craftbukkit.inventory.FactoryItemMaterialTest" name="asMetaFor[Material[478]:MUSIC_DISC_MALL]" time="0.008"/>
  <testcase classname="org.bukkit.craftbukkit.inventory.FactoryItemMaterialTest" name="itemStack[Material[478]:MUSIC_DISC_MALL]" time="0"/>
  <testcase classname="org.bukkit.craftbukkit.inventory.FactoryItemMaterialTest" name="blankEqualities[Material[479]:MUSIC_DISC_MELLOHI]" time="0.007"/>
  <testcase classname="org.bukkit.craftbukkit.inventory.FactoryItemMaterialTest" name="generalCase[Material[479]:MUSIC_DISC_MELLOHI]" time="0"/>
  <testcase classname="org.bukkit.craftbukkit.inventory.FactoryItemMaterialTest" name="asMetaFor[Material[479]:MUSIC_DISC_MELLOHI]" time="0.009"/>
  <testcase classname="org.bukkit.craftbukkit.inventory.FactoryItemMaterialTest" name="itemStack[Material[479]:MUSIC_DISC_MELLOHI]" time="0"/>
  <testcase classname="org.bukkit.craftbukkit.inventory.FactoryItemMaterialTest" name="blankEqualities[Material[480]:MUSIC_DISC_STAL]" time="0.006"/>
  <testcase classname="org.bukkit.craftbukkit.inventory.FactoryItemMaterialTest" name="generalCase[Material[480]:MUSIC_DISC_STAL]" time="0"/>
  <testcase classname="org.bukkit.craftbukkit.inventory.FactoryItemMaterialTest" name="asMetaFor[Material[480]:MUSIC_DISC_STAL]" time="0.009"/>
  <testcase classname="org.bukkit.craftbukkit.inventory.FactoryItemMaterialTest" name="itemStack[Material[480]:MUSIC_DISC_STAL]" time="0"/>
  <testcase classname="org.bukkit.craftbukkit.inventory.FactoryItemMaterialTest" name="blankEqualities[Material[481]:MUSIC_DISC_STRAD]" time="0.007"/>
  <testcase classname="org.bukkit.craftbukkit.inventory.FactoryItemMaterialTest" name="generalCase[Material[481]:MUSIC_DISC_STRAD]" time="0"/>
  <testcase classname="org.bukkit.craftbukkit.inventory.FactoryItemMaterialTest" name="asMetaFor[Material[481]:MUSIC_DISC_STRAD]" time="0.009"/>
  <testcase classname="org.bukkit.craftbukkit.inventory.FactoryItemMaterialTest" name="itemStack[Material[481]:MUSIC_DISC_STRAD]" time="0.001"/>
  <testcase classname="org.bukkit.craftbukkit.inventory.FactoryItemMaterialTest" name="blankEqualities[Material[482]:MUSIC_DISC_WAIT]" time="0.006"/>
  <testcase classname="org.bukkit.craftbukkit.inventory.FactoryItemMaterialTest" name="generalCase[Material[482]:MUSIC_DISC_WAIT]" time="0"/>
  <testcase classname="org.bukkit.craftbukkit.inventory.FactoryItemMaterialTest" name="asMetaFor[Material[482]:MUSIC_DISC_WAIT]" time="0.009"/>
  <testcase classname="org.bukkit.craftbukkit.inventory.FactoryItemMaterialTest" name="itemStack[Material[482]:MUSIC_DISC_WAIT]" time="0"/>
  <testcase classname="org.bukkit.craftbukkit.inventory.FactoryItemMaterialTest" name="blankEqualities[Material[483]:MUSIC_DISC_WARD]" time="0.007"/>
  <testcase classname="org.bukkit.craftbukkit.inventory.FactoryItemMaterialTest" name="generalCase[Material[483]:MUSIC_DISC_WARD]" time="0"/>
  <testcase classname="org.bukkit.craftbukkit.inventory.FactoryItemMaterialTest" name="asMetaFor[Material[483]:MUSIC_DISC_WARD]" time="0.008"/>
  <testcase classname="org.bukkit.craftbukkit.inventory.FactoryItemMaterialTest" name="itemStack[Material[483]:MUSIC_DISC_WARD]" time="0"/>
  <testcase classname="org.bukkit.craftbukkit.inventory.FactoryItemMaterialTest" name="blankEqualities[Material[484]:MUTTON]" time="0.007"/>
  <testcase classname="org.bukkit.craftbukkit.inventory.FactoryItemMaterialTest" name="generalCase[Material[484]:MUTTON]" time="0"/>
  <testcase classname="org.bukkit.craftbukkit.inventory.FactoryItemMaterialTest" name="asMetaFor[Material[484]:MUTTON]" time="0.009"/>
  <testcase classname="org.bukkit.craftbukkit.inventory.FactoryItemMaterialTest" name="itemStack[Material[484]:MUTTON]" time="0"/>
  <testcase classname="org.bukkit.craftbukkit.inventory.FactoryItemMaterialTest" name="blankEqualities[Material[485]:MYCELIUM]" time="0.006"/>
  <testcase classname="org.bukkit.craftbukkit.inventory.FactoryItemMaterialTest" name="generalCase[Material[485]:MYCELIUM]" time="0"/>
  <testcase classname="org.bukkit.craftbukkit.inventory.FactoryItemMaterialTest" name="asMetaFor[Material[485]:MYCELIUM]" time="0.024"/>
  <testcase classname="org.bukkit.craftbukkit.inventory.FactoryItemMaterialTest" name="itemStack[Material[485]:MYCELIUM]" time="0"/>
  <testcase classname="org.bukkit.craftbukkit.inventory.FactoryItemMaterialTest" name="blankEqualities[Material[486]:NAME_TAG]" time="0.007"/>
  <testcase classname="org.bukkit.craftbukkit.inventory.FactoryItemMaterialTest" name="generalCase[Material[486]:NAME_TAG]" time="0.001"/>
  <testcase classname="org.bukkit.craftbukkit.inventory.FactoryItemMaterialTest" name="asMetaFor[Material[486]:NAME_TAG]" time="0.009"/>
  <testcase classname="org.bukkit.craftbukkit.inventory.FactoryItemMaterialTest" name="itemStack[Material[486]:NAME_TAG]" time="0"/>
  <testcase classname="org.bukkit.craftbukkit.inventory.FactoryItemMaterialTest" name="blankEqualities[Material[487]:NAUTILUS_SHELL]" time="0.006"/>
  <testcase classname="org.bukkit.craftbukkit.inventory.FactoryItemMaterialTest" name="generalCase[Material[487]:NAUTILUS_SHELL]" time="0"/>
  <testcase classname="org.bukkit.craftbukkit.inventory.FactoryItemMaterialTest" name="asMetaFor[Material[487]:NAUTILUS_SHELL]" time="0.009"/>
  <testcase classname="org.bukkit.craftbukkit.inventory.FactoryItemMaterialTest" name="itemStack[Material[487]:NAUTILUS_SHELL]" time="0"/>
  <testcase classname="org.bukkit.craftbukkit.inventory.FactoryItemMaterialTest" name="blankEqualities[Material[488]:NETHERRACK]" time="0.007"/>
  <testcase classname="org.bukkit.craftbukkit.inventory.FactoryItemMaterialTest" name="generalCase[Material[488]:NETHERRACK]" time="0"/>
  <testcase classname="org.bukkit.craftbukkit.inventory.FactoryItemMaterialTest" name="asMetaFor[Material[488]:NETHERRACK]" time="0.009"/>
  <testcase classname="org.bukkit.craftbukkit.inventory.FactoryItemMaterialTest" name="itemStack[Material[488]:NETHERRACK]" time="0"/>
  <testcase classname="org.bukkit.craftbukkit.inventory.FactoryItemMaterialTest" name="blankEqualities[Material[489]:NETHER_BRICK]" time="0.006"/>
  <testcase classname="org.bukkit.craftbukkit.inventory.FactoryItemMaterialTest" name="generalCase[Material[489]:NETHER_BRICK]" time="0"/>
  <testcase classname="org.bukkit.craftbukkit.inventory.FactoryItemMaterialTest" name="asMetaFor[Material[489]:NETHER_BRICK]" time="0.009"/>
  <testcase classname="org.bukkit.craftbukkit.inventory.FactoryItemMaterialTest" name="itemStack[Material[489]:NETHER_BRICK]" time="0"/>
  <testcase classname="org.bukkit.craftbukkit.inventory.FactoryItemMaterialTest" name="blankEqualities[Material[490]:NETHER_BRICKS]" time="0.006"/>
  <testcase classname="org.bukkit.craftbukkit.inventory.FactoryItemMaterialTest" name="generalCase[Material[490]:NETHER_BRICKS]" time="0"/>
  <testcase classname="org.bukkit.craftbukkit.inventory.FactoryItemMaterialTest" name="asMetaFor[Material[490]:NETHER_BRICKS]" time="0.009"/>
  <testcase classname="org.bukkit.craftbukkit.inventory.FactoryItemMaterialTest" name="itemStack[Material[490]:NETHER_BRICKS]" time="0"/>
  <testcase classname="org.bukkit.craftbukkit.inventory.FactoryItemMaterialTest" name="blankEqualities[Material[491]:NETHER_BRICK_FENCE]" time="0.006"/>
  <testcase classname="org.bukkit.craftbukkit.inventory.FactoryItemMaterialTest" name="generalCase[Material[491]:NETHER_BRICK_FENCE]" time="0"/>
  <testcase classname="org.bukkit.craftbukkit.inventory.FactoryItemMaterialTest" name="asMetaFor[Material[491]:NETHER_BRICK_FENCE]" time="0.009"/>
  <testcase classname="org.bukkit.craftbukkit.inventory.FactoryItemMaterialTest" name="itemStack[Material[491]:NETHER_BRICK_FENCE]" time="0"/>
  <testcase classname="org.bukkit.craftbukkit.inventory.FactoryItemMaterialTest" name="blankEqualities[Material[492]:NETHER_BRICK_SLAB]" time="0.006"/>
  <testcase classname="org.bukkit.craftbukkit.inventory.FactoryItemMaterialTest" name="generalCase[Material[492]:NETHER_BRICK_SLAB]" time="0"/>
  <testcase classname="org.bukkit.craftbukkit.inventory.FactoryItemMaterialTest" name="asMetaFor[Material[492]:NETHER_BRICK_SLAB]" time="0.009"/>
  <testcase classname="org.bukkit.craftbukkit.inventory.FactoryItemMaterialTest" name="itemStack[Material[492]:NETHER_BRICK_SLAB]" time="0.001"/>
  <testcase classname="org.bukkit.craftbukkit.inventory.FactoryItemMaterialTest" name="blankEqualities[Material[493]:NETHER_BRICK_STAIRS]" time="0.006"/>
  <testcase classname="org.bukkit.craftbukkit.inventory.FactoryItemMaterialTest" name="generalCase[Material[493]:NETHER_BRICK_STAIRS]" time="0"/>
  <testcase classname="org.bukkit.craftbukkit.inventory.FactoryItemMaterialTest" name="asMetaFor[Material[493]:NETHER_BRICK_STAIRS]" time="0.009"/>
  <testcase classname="org.bukkit.craftbukkit.inventory.FactoryItemMaterialTest" name="itemStack[Material[493]:NETHER_BRICK_STAIRS]" time="0.001"/>
  <testcase classname="org.bukkit.craftbukkit.inventory.FactoryItemMaterialTest" name="blankEqualities[Material[494]:NETHER_QUARTZ_ORE]" time="0.006"/>
  <testcase classname="org.bukkit.craftbukkit.inventory.FactoryItemMaterialTest" name="generalCase[Material[494]:NETHER_QUARTZ_ORE]" time="0"/>
  <testcase classname="org.bukkit.craftbukkit.inventory.FactoryItemMaterialTest" name="asMetaFor[Material[494]:NETHER_QUARTZ_ORE]" time="0.009"/>
  <testcase classname="org.bukkit.craftbukkit.inventory.FactoryItemMaterialTest" name="itemStack[Material[494]:NETHER_QUARTZ_ORE]" time="0.001"/>
  <testcase classname="org.bukkit.craftbukkit.inventory.FactoryItemMaterialTest" name="blankEqualities[Material[495]:NETHER_STAR]" time="0.007"/>
  <testcase classname="org.bukkit.craftbukkit.inventory.FactoryItemMaterialTest" name="generalCase[Material[495]:NETHER_STAR]" time="0"/>
  <testcase classname="org.bukkit.craftbukkit.inventory.FactoryItemMaterialTest" name="asMetaFor[Material[495]:NETHER_STAR]" time="0.009"/>
  <testcase classname="org.bukkit.craftbukkit.inventory.FactoryItemMaterialTest" name="itemStack[Material[495]:NETHER_STAR]" time="0.001"/>
  <testcase classname="org.bukkit.craftbukkit.inventory.FactoryItemMaterialTest" name="blankEqualities[Material[496]:NETHER_WART]" time="0.007"/>
  <testcase classname="org.bukkit.craftbukkit.inventory.FactoryItemMaterialTest" name="generalCase[Material[496]:NETHER_WART]" time="0"/>
  <testcase classname="org.bukkit.craftbukkit.inventory.FactoryItemMaterialTest" name="asMetaFor[Material[496]:NETHER_WART]" time="0.009"/>
  <testcase classname="org.bukkit.craftbukkit.inventory.FactoryItemMaterialTest" name="itemStack[Material[496]:NETHER_WART]" time="0.001"/>
  <testcase classname="org.bukkit.craftbukkit.inventory.FactoryItemMaterialTest" name="blankEqualities[Material[497]:NETHER_WART_BLOCK]" time="0.006"/>
  <testcase classname="org.bukkit.craftbukkit.inventory.FactoryItemMaterialTest" name="generalCase[Material[497]:NETHER_WART_BLOCK]" time="0"/>
  <testcase classname="org.bukkit.craftbukkit.inventory.FactoryItemMaterialTest" name="asMetaFor[Material[497]:NETHER_WART_BLOCK]" time="0.009"/>
  <testcase classname="org.bukkit.craftbukkit.inventory.FactoryItemMaterialTest" name="itemStack[Material[497]:NETHER_WART_BLOCK]" time="0.001"/>
  <testcase classname="org.bukkit.craftbukkit.inventory.FactoryItemMaterialTest" name="blankEqualities[Material[498]:NOTE_BLOCK]" time="0.007"/>
  <testcase classname="org.bukkit.craftbukkit.inventory.FactoryItemMaterialTest" name="generalCase[Material[498]:NOTE_BLOCK]" time="0"/>
  <testcase classname="org.bukkit.craftbukkit.inventory.FactoryItemMaterialTest" name="asMetaFor[Material[498]:NOTE_BLOCK]" time="0.008"/>
  <testcase classname="org.bukkit.craftbukkit.inventory.FactoryItemMaterialTest" name="itemStack[Material[498]:NOTE_BLOCK]" time="0"/>
  <testcase classname="org.bukkit.craftbukkit.inventory.FactoryItemMaterialTest" name="blankEqualities[Material[499]:OAK_BOAT]" time="0.007"/>
  <testcase classname="org.bukkit.craftbukkit.inventory.FactoryItemMaterialTest" name="generalCase[Material[499]:OAK_BOAT]" time="0"/>
  <testcase classname="org.bukkit.craftbukkit.inventory.FactoryItemMaterialTest" name="asMetaFor[Material[499]:OAK_BOAT]" time="0.009"/>
  <testcase classname="org.bukkit.craftbukkit.inventory.FactoryItemMaterialTest" name="itemStack[Material[499]:OAK_BOAT]" time="0"/>
  <testcase classname="org.bukkit.craftbukkit.inventory.FactoryItemMaterialTest" name="blankEqualities[Material[500]:OAK_BUTTON]" time="0.006"/>
  <testcase classname="org.bukkit.craftbukkit.inventory.FactoryItemMaterialTest" name="generalCase[Material[500]:OAK_BUTTON]" time="0.001"/>
  <testcase classname="org.bukkit.craftbukkit.inventory.FactoryItemMaterialTest" name="asMetaFor[Material[500]:OAK_BUTTON]" time="0.009"/>
  <testcase classname="org.bukkit.craftbukkit.inventory.FactoryItemMaterialTest" name="itemStack[Material[500]:OAK_BUTTON]" time="0"/>
  <testcase classname="org.bukkit.craftbukkit.inventory.FactoryItemMaterialTest" name="blankEqualities[Material[501]:OAK_DOOR]" time="0.006"/>
  <testcase classname="org.bukkit.craftbukkit.inventory.FactoryItemMaterialTest" name="generalCase[Material[501]:OAK_DOOR]" time="0.001"/>
  <testcase classname="org.bukkit.craftbukkit.inventory.FactoryItemMaterialTest" name="asMetaFor[Material[501]:OAK_DOOR]" time="0.009"/>
  <testcase classname="org.bukkit.craftbukkit.inventory.FactoryItemMaterialTest" name="itemStack[Material[501]:OAK_DOOR]" time="0"/>
  <testcase classname="org.bukkit.craftbukkit.inventory.FactoryItemMaterialTest" name="blankEqualities[Material[502]:OAK_FENCE]" time="0.007"/>
  <testcase classname="org.bukkit.craftbukkit.inventory.FactoryItemMaterialTest" name="generalCase[Material[502]:OAK_FENCE]" time="0.001"/>
  <testcase classname="org.bukkit.craftbukkit.inventory.FactoryItemMaterialTest" name="asMetaFor[Material[502]:OAK_FENCE]" time="0.008"/>
  <testcase classname="org.bukkit.craftbukkit.inventory.FactoryItemMaterialTest" name="itemStack[Material[502]:OAK_FENCE]" time="0"/>
  <testcase classname="org.bukkit.craftbukkit.inventory.FactoryItemMaterialTest" name="blankEqualities[Material[503]:OAK_FENCE_GATE]" time="0.007"/>
  <testcase classname="org.bukkit.craftbukkit.inventory.FactoryItemMaterialTest" name="generalCase[Material[503]:OAK_FENCE_GATE]" time="0"/>
  <testcase classname="org.bukkit.craftbukkit.inventory.FactoryItemMaterialTest" name="asMetaFor[Material[503]:OAK_FENCE_GATE]" time="0.009"/>
  <testcase classname="org.bukkit.craftbukkit.inventory.FactoryItemMaterialTest" name="itemStack[Material[503]:OAK_FENCE_GATE]" time="0"/>
  <testcase classname="org.bukkit.craftbukkit.inventory.FactoryItemMaterialTest" name="blankEqualities[Material[504]:OAK_LEAVES]" time="0.007"/>
  <testcase classname="org.bukkit.craftbukkit.inventory.FactoryItemMaterialTest" name="generalCase[Material[504]:OAK_LEAVES]" time="0"/>
  <testcase classname="org.bukkit.craftbukkit.inventory.FactoryItemMaterialTest" name="asMetaFor[Material[504]:OAK_LEAVES]" time="0.009"/>
  <testcase classname="org.bukkit.craftbukkit.inventory.FactoryItemMaterialTest" name="itemStack[Material[504]:OAK_LEAVES]" time="0.001"/>
  <testcase classname="org.bukkit.craftbukkit.inventory.FactoryItemMaterialTest" name="blankEqualities[Material[505]:OAK_LOG]" time="0.006"/>
  <testcase classname="org.bukkit.craftbukkit.inventory.FactoryItemMaterialTest" name="generalCase[Material[505]:OAK_LOG]" time="0"/>
  <testcase classname="org.bukkit.craftbukkit.inventory.FactoryItemMaterialTest" name="asMetaFor[Material[505]:OAK_LOG]" time="0.009"/>
  <testcase classname="org.bukkit.craftbukkit.inventory.FactoryItemMaterialTest" name="itemStack[Material[505]:OAK_LOG]" time="0"/>
  <testcase classname="org.bukkit.craftbukkit.inventory.FactoryItemMaterialTest" name="blankEqualities[Material[506]:OAK_PLANKS]" time="0.017"/>
  <testcase classname="org.bukkit.craftbukkit.inventory.FactoryItemMaterialTest" name="generalCase[Material[506]:OAK_PLANKS]" time="0.001"/>
  <testcase classname="org.bukkit.craftbukkit.inventory.FactoryItemMaterialTest" name="asMetaFor[Material[506]:OAK_PLANKS]" time="0.008"/>
  <testcase classname="org.bukkit.craftbukkit.inventory.FactoryItemMaterialTest" name="itemStack[Material[506]:OAK_PLANKS]" time="0.001"/>
  <testcase classname="org.bukkit.craftbukkit.inventory.FactoryItemMaterialTest" name="blankEqualities[Material[507]:OAK_PRESSURE_PLATE]" time="0.006"/>
  <testcase classname="org.bukkit.craftbukkit.inventory.FactoryItemMaterialTest" name="generalCase[Material[507]:OAK_PRESSURE_PLATE]" time="0.001"/>
  <testcase classname="org.bukkit.craftbukkit.inventory.FactoryItemMaterialTest" name="asMetaFor[Material[507]:OAK_PRESSURE_PLATE]" time="0.008"/>
  <testcase classname="org.bukkit.craftbukkit.inventory.FactoryItemMaterialTest" name="itemStack[Material[507]:OAK_PRESSURE_PLATE]" time="0"/>
  <testcase classname="org.bukkit.craftbukkit.inventory.FactoryItemMaterialTest" name="blankEqualities[Material[508]:OAK_SAPLING]" time="0.006"/>
  <testcase classname="org.bukkit.craftbukkit.inventory.FactoryItemMaterialTest" name="generalCase[Material[508]:OAK_SAPLING]" time="0"/>
  <testcase classname="org.bukkit.craftbukkit.inventory.FactoryItemMaterialTest" name="asMetaFor[Material[508]:OAK_SAPLING]" time="0.009"/>
  <testcase classname="org.bukkit.craftbukkit.inventory.FactoryItemMaterialTest" name="itemStack[Material[508]:OAK_SAPLING]" time="0"/>
  <testcase classname="org.bukkit.craftbukkit.inventory.FactoryItemMaterialTest" name="blankEqualities[Material[509]:OAK_SLAB]" time="0.007"/>
  <testcase classname="org.bukkit.craftbukkit.inventory.FactoryItemMaterialTest" name="generalCase[Material[509]:OAK_SLAB]" time="0"/>
  <testcase classname="org.bukkit.craftbukkit.inventory.FactoryItemMaterialTest" name="asMetaFor[Material[509]:OAK_SLAB]" time="0.008"/>
  <testcase classname="org.bukkit.craftbukkit.inventory.FactoryItemMaterialTest" name="itemStack[Material[509]:OAK_SLAB]" time="0"/>
  <testcase classname="org.bukkit.craftbukkit.inventory.FactoryItemMaterialTest" name="blankEqualities[Material[510]:OAK_STAIRS]" time="0.006"/>
  <testcase classname="org.bukkit.craftbukkit.inventory.FactoryItemMaterialTest" name="generalCase[Material[510]:OAK_STAIRS]" time="0"/>
  <testcase classname="org.bukkit.craftbukkit.inventory.FactoryItemMaterialTest" name="asMetaFor[Material[510]:OAK_STAIRS]" time="0.009"/>
  <testcase classname="org.bukkit.craftbukkit.inventory.FactoryItemMaterialTest" name="itemStack[Material[510]:OAK_STAIRS]" time="0"/>
  <testcase classname="org.bukkit.craftbukkit.inventory.FactoryItemMaterialTest" name="blankEqualities[Material[511]:OAK_TRAPDOOR]" time="0.007"/>
  <testcase classname="org.bukkit.craftbukkit.inventory.FactoryItemMaterialTest" name="generalCase[Material[511]:OAK_TRAPDOOR]" time="0"/>
  <testcase classname="org.bukkit.craftbukkit.inventory.FactoryItemMaterialTest" name="asMetaFor[Material[511]:OAK_TRAPDOOR]" time="0.009"/>
  <testcase classname="org.bukkit.craftbukkit.inventory.FactoryItemMaterialTest" name="itemStack[Material[511]:OAK_TRAPDOOR]" time="0"/>
  <testcase classname="org.bukkit.craftbukkit.inventory.FactoryItemMaterialTest" name="blankEqualities[Material[512]:OAK_WOOD]" time="0.006"/>
  <testcase classname="org.bukkit.craftbukkit.inventory.FactoryItemMaterialTest" name="generalCase[Material[512]:OAK_WOOD]" time="0"/>
  <testcase classname="org.bukkit.craftbukkit.inventory.FactoryItemMaterialTest" name="asMetaFor[Material[512]:OAK_WOOD]" time="0.008"/>
  <testcase classname="org.bukkit.craftbukkit.inventory.FactoryItemMaterialTest" name="itemStack[Material[512]:OAK_WOOD]" time="0"/>
  <testcase classname="org.bukkit.craftbukkit.inventory.FactoryItemMaterialTest" name="blankEqualities[Material[513]:OBSERVER]" time="0.006"/>
  <testcase classname="org.bukkit.craftbukkit.inventory.FactoryItemMaterialTest" name="generalCase[Material[513]:OBSERVER]" time="0"/>
  <testcase classname="org.bukkit.craftbukkit.inventory.FactoryItemMaterialTest" name="asMetaFor[Material[513]:OBSERVER]" time="0.009"/>
  <testcase classname="org.bukkit.craftbukkit.inventory.FactoryItemMaterialTest" name="itemStack[Material[513]:OBSERVER]" time="0"/>
  <testcase classname="org.bukkit.craftbukkit.inventory.FactoryItemMaterialTest" name="blankEqualities[Material[514]:OBSIDIAN]" time="0.007"/>
  <testcase classname="org.bukkit.craftbukkit.inventory.FactoryItemMaterialTest" name="generalCase[Material[514]:OBSIDIAN]" time="0"/>
  <testcase classname="org.bukkit.craftbukkit.inventory.FactoryItemMaterialTest" name="asMetaFor[Material[514]:OBSIDIAN]" time="0.009"/>
  <testcase classname="org.bukkit.craftbukkit.inventory.FactoryItemMaterialTest" name="itemStack[Material[514]:OBSIDIAN]" time="0"/>
  <testcase classname="org.bukkit.craftbukkit.inventory.FactoryItemMaterialTest" name="blankEqualities[Material[515]:OCELOT_SPAWN_EGG]" time="0.007"/>
  <testcase classname="org.bukkit.craftbukkit.inventory.FactoryItemMaterialTest" name="generalCase[Material[515]:OCELOT_SPAWN_EGG]" time="0"/>
  <testcase classname="org.bukkit.craftbukkit.inventory.FactoryItemMaterialTest" name="asMetaFor[Material[515]:OCELOT_SPAWN_EGG]" time="0.009"/>
  <testcase classname="org.bukkit.craftbukkit.inventory.FactoryItemMaterialTest" name="itemStack[Material[515]:OCELOT_SPAWN_EGG]" time="0"/>
  <testcase classname="org.bukkit.craftbukkit.inventory.FactoryItemMaterialTest" name="blankEqualities[Material[516]:ORANGE_BANNER]" time="0.008"/>
  <testcase classname="org.bukkit.craftbukkit.inventory.FactoryItemMaterialTest" name="generalCase[Material[516]:ORANGE_BANNER]" time="0"/>
  <testcase classname="org.bukkit.craftbukkit.inventory.FactoryItemMaterialTest" name="asMetaFor[Material[516]:ORANGE_BANNER]" time="0.008"/>
  <testcase classname="org.bukkit.craftbukkit.inventory.FactoryItemMaterialTest" name="itemStack[Material[516]:ORANGE_BANNER]" time="0.001"/>
  <testcase classname="org.bukkit.craftbukkit.inventory.FactoryItemMaterialTest" name="blankEqualities[Material[517]:ORANGE_BED]" time="0.006"/>
  <testcase classname="org.bukkit.craftbukkit.inventory.FactoryItemMaterialTest" name="generalCase[Material[517]:ORANGE_BED]" time="0.001"/>
  <testcase classname="org.bukkit.craftbukkit.inventory.FactoryItemMaterialTest" name="asMetaFor[Material[517]:ORANGE_BED]" time="0.009"/>
  <testcase classname="org.bukkit.craftbukkit.inventory.FactoryItemMaterialTest" name="itemStack[Material[517]:ORANGE_BED]" time="0"/>
  <testcase classname="org.bukkit.craftbukkit.inventory.FactoryItemMaterialTest" name="blankEqualities[Material[518]:ORANGE_CARPET]" time="0.007"/>
  <testcase classname="org.bukkit.craftbukkit.inventory.FactoryItemMaterialTest" name="generalCase[Material[518]:ORANGE_CARPET]" time="0"/>
  <testcase classname="org.bukkit.craftbukkit.inventory.FactoryItemMaterialTest" name="asMetaFor[Material[518]:ORANGE_CARPET]" time="0.009"/>
  <testcase classname="org.bukkit.craftbukkit.inventory.FactoryItemMaterialTest" name="itemStack[Material[518]:ORANGE_CARPET]" time="0"/>
  <testcase classname="org.bukkit.craftbukkit.inventory.FactoryItemMaterialTest" name="blankEqualities[Material[519]:ORANGE_CONCRETE]" time="0.006"/>
  <testcase classname="org.bukkit.craftbukkit.inventory.FactoryItemMaterialTest" name="generalCase[Material[519]:ORANGE_CONCRETE]" time="0.001"/>
  <testcase classname="org.bukkit.craftbukkit.inventory.FactoryItemMaterialTest" name="asMetaFor[Material[519]:ORANGE_CONCRETE]" time="0.008"/>
  <testcase classname="org.bukkit.craftbukkit.inventory.FactoryItemMaterialTest" name="itemStack[Material[519]:ORANGE_CONCRETE]" time="0"/>
  <testcase classname="org.bukkit.craftbukkit.inventory.FactoryItemMaterialTest" name="blankEqualities[Material[520]:ORANGE_CONCRETE_POWDER]" time="0.007"/>
  <testcase classname="org.bukkit.craftbukkit.inventory.FactoryItemMaterialTest" name="generalCase[Material[520]:ORANGE_CONCRETE_POWDER]" time="0"/>
  <testcase classname="org.bukkit.craftbukkit.inventory.FactoryItemMaterialTest" name="asMetaFor[Material[520]:ORANGE_CONCRETE_POWDER]" time="0.02"/>
  <testcase classname="org.bukkit.craftbukkit.inventory.FactoryItemMaterialTest" name="itemStack[Material[520]:ORANGE_CONCRETE_POWDER]" time="0"/>
  <testcase classname="org.bukkit.craftbukkit.inventory.FactoryItemMaterialTest" name="blankEqualities[Material[521]:ORANGE_DYE]" time="0.006"/>
  <testcase classname="org.bukkit.craftbukkit.inventory.FactoryItemMaterialTest" name="generalCase[Material[521]:ORANGE_DYE]" time="0"/>
  <testcase classname="org.bukkit.craftbukkit.inventory.FactoryItemMaterialTest" name="asMetaFor[Material[521]:ORANGE_DYE]" time="0.008"/>
  <testcase classname="org.bukkit.craftbukkit.inventory.FactoryItemMaterialTest" name="itemStack[Material[521]:ORANGE_DYE]" time="0"/>
  <testcase classname="org.bukkit.craftbukkit.inventory.FactoryItemMaterialTest" name="blankEqualities[Material[522]:ORANGE_GLAZED_TERRACOTTA]" time="0.006"/>
  <testcase classname="org.bukkit.craftbukkit.inventory.FactoryItemMaterialTest" name="generalCase[Material[522]:ORANGE_GLAZED_TERRACOTTA]" time="0"/>
  <testcase classname="org.bukkit.craftbukkit.inventory.FactoryItemMaterialTest" name="asMetaFor[Material[522]:ORANGE_GLAZED_TERRACOTTA]" time="0.01"/>
  <testcase classname="org.bukkit.craftbukkit.inventory.FactoryItemMaterialTest" name="itemStack[Material[522]:ORANGE_GLAZED_TERRACOTTA]" time="0"/>
  <testcase classname="org.bukkit.craftbukkit.inventory.FactoryItemMaterialTest" name="blankEqualities[Material[523]:ORANGE_SHULKER_BOX]" time="0.007"/>
  <testcase classname="org.bukkit.craftbukkit.inventory.FactoryItemMaterialTest" name="generalCase[Material[523]:ORANGE_SHULKER_BOX]" time="0"/>
  <testcase classname="org.bukkit.craftbukkit.inventory.FactoryItemMaterialTest" name="asMetaFor[Material[523]:ORANGE_SHULKER_BOX]" time="0.009"/>
  <testcase classname="org.bukkit.craftbukkit.inventory.FactoryItemMaterialTest" name="itemStack[Material[523]:ORANGE_SHULKER_BOX]" time="0"/>
  <testcase classname="org.bukkit.craftbukkit.inventory.FactoryItemMaterialTest" name="blankEqualities[Material[524]:ORANGE_STAINED_GLASS]" time="0.006"/>
  <testcase classname="org.bukkit.craftbukkit.inventory.FactoryItemMaterialTest" name="generalCase[Material[524]:ORANGE_STAINED_GLASS]" time="0.001"/>
  <testcase classname="org.bukkit.craftbukkit.inventory.FactoryItemMaterialTest" name="asMetaFor[Material[524]:ORANGE_STAINED_GLASS]" time="0.008"/>
  <testcase classname="org.bukkit.craftbukkit.inventory.FactoryItemMaterialTest" name="itemStack[Material[524]:ORANGE_STAINED_GLASS]" time="0"/>
  <testcase classname="org.bukkit.craftbukkit.inventory.FactoryItemMaterialTest" name="blankEqualities[Material[525]:ORANGE_STAINED_GLASS_PANE]" time="0.007"/>
  <testcase classname="org.bukkit.craftbukkit.inventory.FactoryItemMaterialTest" name="generalCase[Material[525]:ORANGE_STAINED_GLASS_PANE]" time="0"/>
  <testcase classname="org.bukkit.craftbukkit.inventory.FactoryItemMaterialTest" name="asMetaFor[Material[525]:ORANGE_STAINED_GLASS_PANE]" time="0.008"/>
  <testcase classname="org.bukkit.craftbukkit.inventory.FactoryItemMaterialTest" name="itemStack[Material[525]:ORANGE_STAINED_GLASS_PANE]" time="0"/>
  <testcase classname="org.bukkit.craftbukkit.inventory.FactoryItemMaterialTest" name="blankEqualities[Material[526]:ORANGE_TERRACOTTA]" time="0.007"/>
  <testcase classname="org.bukkit.craftbukkit.inventory.FactoryItemMaterialTest" name="generalCase[Material[526]:ORANGE_TERRACOTTA]" time="0.001"/>
  <testcase classname="org.bukkit.craftbukkit.inventory.FactoryItemMaterialTest" name="asMetaFor[Material[526]:ORANGE_TERRACOTTA]" time="0.008"/>
  <testcase classname="org.bukkit.craftbukkit.inventory.FactoryItemMaterialTest" name="itemStack[Material[526]:ORANGE_TERRACOTTA]" time="0"/>
  <testcase classname="org.bukkit.craftbukkit.inventory.FactoryItemMaterialTest" name="blankEqualities[Material[527]:ORANGE_TULIP]" time="0.007"/>
  <testcase classname="org.bukkit.craftbukkit.inventory.FactoryItemMaterialTest" name="generalCase[Material[527]:ORANGE_TULIP]" time="0"/>
  <testcase classname="org.bukkit.craftbukkit.inventory.FactoryItemMaterialTest" name="asMetaFor[Material[527]:ORANGE_TULIP]" time="0.008"/>
  <testcase classname="org.bukkit.craftbukkit.inventory.FactoryItemMaterialTest" name="itemStack[Material[527]:ORANGE_TULIP]" time="0"/>
  <testcase classname="org.bukkit.craftbukkit.inventory.FactoryItemMaterialTest" name="blankEqualities[Material[528]:ORANGE_WOOL]" time="0.007"/>
  <testcase classname="org.bukkit.craftbukkit.inventory.FactoryItemMaterialTest" name="generalCase[Material[528]:ORANGE_WOOL]" time="0"/>
  <testcase classname="org.bukkit.craftbukkit.inventory.FactoryItemMaterialTest" name="asMetaFor[Material[528]:ORANGE_WOOL]" time="0.009"/>
  <testcase classname="org.bukkit.craftbukkit.inventory.FactoryItemMaterialTest" name="itemStack[Material[528]:ORANGE_WOOL]" time="0.001"/>
  <testcase classname="org.bukkit.craftbukkit.inventory.FactoryItemMaterialTest" name="blankEqualities[Material[529]:OXEYE_DAISY]" time="0.007"/>
  <testcase classname="org.bukkit.craftbukkit.inventory.FactoryItemMaterialTest" name="generalCase[Material[529]:OXEYE_DAISY]" time="0"/>
  <testcase classname="org.bukkit.craftbukkit.inventory.FactoryItemMaterialTest" name="asMetaFor[Material[529]:OXEYE_DAISY]" time="0.009"/>
  <testcase classname="org.bukkit.craftbukkit.inventory.FactoryItemMaterialTest" name="itemStack[Material[529]:OXEYE_DAISY]" time="0.001"/>
  <testcase classname="org.bukkit.craftbukkit.inventory.FactoryItemMaterialTest" name="blankEqualities[Material[530]:PACKED_ICE]" time="0.006"/>
  <testcase classname="org.bukkit.craftbukkit.inventory.FactoryItemMaterialTest" name="generalCase[Material[530]:PACKED_ICE]" time="0"/>
  <testcase classname="org.bukkit.craftbukkit.inventory.FactoryItemMaterialTest" name="asMetaFor[Material[530]:PACKED_ICE]" time="0.009"/>
  <testcase classname="org.bukkit.craftbukkit.inventory.FactoryItemMaterialTest" name="itemStack[Material[530]:PACKED_ICE]" time="0"/>
  <testcase classname="org.bukkit.craftbukkit.inventory.FactoryItemMaterialTest" name="blankEqualities[Material[531]:PAINTING]" time="0.006"/>
  <testcase classname="org.bukkit.craftbukkit.inventory.FactoryItemMaterialTest" name="generalCase[Material[531]:PAINTING]" time="0"/>
  <testcase classname="org.bukkit.craftbukkit.inventory.FactoryItemMaterialTest" name="asMetaFor[Material[531]:PAINTING]" time="0.009"/>
  <testcase classname="org.bukkit.craftbukkit.inventory.FactoryItemMaterialTest" name="itemStack[Material[531]:PAINTING]" time="0"/>
  <testcase classname="org.bukkit.craftbukkit.inventory.FactoryItemMaterialTest" name="blankEqualities[Material[532]:PAPER]" time="0.006"/>
  <testcase classname="org.bukkit.craftbukkit.inventory.FactoryItemMaterialTest" name="generalCase[Material[532]:PAPER]" time="0"/>
  <testcase classname="org.bukkit.craftbukkit.inventory.FactoryItemMaterialTest" name="asMetaFor[Material[532]:PAPER]" time="0.009"/>
  <testcase classname="org.bukkit.craftbukkit.inventory.FactoryItemMaterialTest" name="itemStack[Material[532]:PAPER]" time="0"/>
  <testcase classname="org.bukkit.craftbukkit.inventory.FactoryItemMaterialTest" name="blankEqualities[Material[533]:PARROT_SPAWN_EGG]" time="0.007"/>
  <testcase classname="org.bukkit.craftbukkit.inventory.FactoryItemMaterialTest" name="generalCase[Material[533]:PARROT_SPAWN_EGG]" time="0"/>
  <testcase classname="org.bukkit.craftbukkit.inventory.FactoryItemMaterialTest" name="asMetaFor[Material[533]:PARROT_SPAWN_EGG]" time="0.008"/>
  <testcase classname="org.bukkit.craftbukkit.inventory.FactoryItemMaterialTest" name="itemStack[Material[533]:PARROT_SPAWN_EGG]" time="0"/>
  <testcase classname="org.bukkit.craftbukkit.inventory.FactoryItemMaterialTest" name="blankEqualities[Material[534]:PEONY]" time="0.007"/>
  <testcase classname="org.bukkit.craftbukkit.inventory.FactoryItemMaterialTest" name="generalCase[Material[534]:PEONY]" time="0"/>
  <testcase classname="org.bukkit.craftbukkit.inventory.FactoryItemMaterialTest" name="asMetaFor[Material[534]:PEONY]" time="0.008"/>
  <testcase classname="org.bukkit.craftbukkit.inventory.FactoryItemMaterialTest" name="itemStack[Material[534]:PEONY]" time="0"/>
  <testcase classname="org.bukkit.craftbukkit.inventory.FactoryItemMaterialTest" name="blankEqualities[Material[535]:PETRIFIED_OAK_SLAB]" time="0.007"/>
  <testcase classname="org.bukkit.craftbukkit.inventory.FactoryItemMaterialTest" name="generalCase[Material[535]:PETRIFIED_OAK_SLAB]" time="0.001"/>
  <testcase classname="org.bukkit.craftbukkit.inventory.FactoryItemMaterialTest" name="asMetaFor[Material[535]:PETRIFIED_OAK_SLAB]" time="0.009"/>
  <testcase classname="org.bukkit.craftbukkit.inventory.FactoryItemMaterialTest" name="itemStack[Material[535]:PETRIFIED_OAK_SLAB]" time="0"/>
  <testcase classname="org.bukkit.craftbukkit.inventory.FactoryItemMaterialTest" name="blankEqualities[Material[536]:PHANTOM_MEMBRANE]" time="0.006"/>
  <testcase classname="org.bukkit.craftbukkit.inventory.FactoryItemMaterialTest" name="generalCase[Material[536]:PHANTOM_MEMBRANE]" time="0"/>
  <testcase classname="org.bukkit.craftbukkit.inventory.FactoryItemMaterialTest" name="asMetaFor[Material[536]:PHANTOM_MEMBRANE]" time="0.009"/>
  <testcase classname="org.bukkit.craftbukkit.inventory.FactoryItemMaterialTest" name="itemStack[Material[536]:PHANTOM_MEMBRANE]" time="0"/>
  <testcase classname="org.bukkit.craftbukkit.inventory.FactoryItemMaterialTest" name="blankEqualities[Material[537]:PHANTOM_SPAWN_EGG]" time="0.007"/>
  <testcase classname="org.bukkit.craftbukkit.inventory.FactoryItemMaterialTest" name="generalCase[Material[537]:PHANTOM_SPAWN_EGG]" time="0.001"/>
  <testcase classname="org.bukkit.craftbukkit.inventory.FactoryItemMaterialTest" name="asMetaFor[Material[537]:PHANTOM_SPAWN_EGG]" time="0.02"/>
  <testcase classname="org.bukkit.craftbukkit.inventory.FactoryItemMaterialTest" name="itemStack[Material[537]:PHANTOM_SPAWN_EGG]" time="0"/>
  <testcase classname="org.bukkit.craftbukkit.inventory.FactoryItemMaterialTest" name="blankEqualities[Material[538]:PIG_SPAWN_EGG]" time="0.007"/>
  <testcase classname="org.bukkit.craftbukkit.inventory.FactoryItemMaterialTest" name="generalCase[Material[538]:PIG_SPAWN_EGG]" time="0"/>
  <testcase classname="org.bukkit.craftbukkit.inventory.FactoryItemMaterialTest" name="asMetaFor[Material[538]:PIG_SPAWN_EGG]" time="0.009"/>
  <testcase classname="org.bukkit.craftbukkit.inventory.FactoryItemMaterialTest" name="itemStack[Material[538]:PIG_SPAWN_EGG]" time="0"/>
  <testcase classname="org.bukkit.craftbukkit.inventory.FactoryItemMaterialTest" name="blankEqualities[Material[539]:PINK_BANNER]" time="0.008"/>
  <testcase classname="org.bukkit.craftbukkit.inventory.FactoryItemMaterialTest" name="generalCase[Material[539]:PINK_BANNER]" time="0"/>
  <testcase classname="org.bukkit.craftbukkit.inventory.FactoryItemMaterialTest" name="asMetaFor[Material[539]:PINK_BANNER]" time="0.009"/>
  <testcase classname="org.bukkit.craftbukkit.inventory.FactoryItemMaterialTest" name="itemStack[Material[539]:PINK_BANNER]" time="0"/>
  <testcase classname="org.bukkit.craftbukkit.inventory.FactoryItemMaterialTest" name="blankEqualities[Material[540]:PINK_BED]" time="0.007"/>
  <testcase classname="org.bukkit.craftbukkit.inventory.FactoryItemMaterialTest" name="generalCase[Material[540]:PINK_BED]" time="0"/>
  <testcase classname="org.bukkit.craftbukkit.inventory.FactoryItemMaterialTest" name="asMetaFor[Material[540]:PINK_BED]" time="0.009"/>
  <testcase classname="org.bukkit.craftbukkit.inventory.FactoryItemMaterialTest" name="itemStack[Material[540]:PINK_BED]" time="0"/>
  <testcase classname="org.bukkit.craftbukkit.inventory.FactoryItemMaterialTest" name="blankEqualities[Material[541]:PINK_CARPET]" time="0.007"/>
  <testcase classname="org.bukkit.craftbukkit.inventory.FactoryItemMaterialTest" name="generalCase[Material[541]:PINK_CARPET]" time="0"/>
  <testcase classname="org.bukkit.craftbukkit.inventory.FactoryItemMaterialTest" name="asMetaFor[Material[541]:PINK_CARPET]" time="0.009"/>
  <testcase classname="org.bukkit.craftbukkit.inventory.FactoryItemMaterialTest" name="itemStack[Material[541]:PINK_CARPET]" time="0"/>
  <testcase classname="org.bukkit.craftbukkit.inventory.FactoryItemMaterialTest" name="blankEqualities[Material[542]:PINK_CONCRETE]" time="0.007"/>
  <testcase classname="org.bukkit.craftbukkit.inventory.FactoryItemMaterialTest" name="generalCase[Material[542]:PINK_CONCRETE]" time="0"/>
  <testcase classname="org.bukkit.craftbukkit.inventory.FactoryItemMaterialTest" name="asMetaFor[Material[542]:PINK_CONCRETE]" time="0.009"/>
  <testcase classname="org.bukkit.craftbukkit.inventory.FactoryItemMaterialTest" name="itemStack[Material[542]:PINK_CONCRETE]" time="0"/>
  <testcase classname="org.bukkit.craftbukkit.inventory.FactoryItemMaterialTest" name="blankEqualities[Material[543]:PINK_CONCRETE_POWDER]" time="0.007"/>
  <testcase classname="org.bukkit.craftbukkit.inventory.FactoryItemMaterialTest" name="generalCase[Material[543]:PINK_CONCRETE_POWDER]" time="0"/>
  <testcase classname="org.bukkit.craftbukkit.inventory.FactoryItemMaterialTest" name="asMetaFor[Material[543]:PINK_CONCRETE_POWDER]" time="0.009"/>
  <testcase classname="org.bukkit.craftbukkit.inventory.FactoryItemMaterialTest" name="itemStack[Material[543]:PINK_CONCRETE_POWDER]" time="0"/>
  <testcase classname="org.bukkit.craftbukkit.inventory.FactoryItemMaterialTest" name="blankEqualities[Material[544]:PINK_DYE]" time="0.006"/>
  <testcase classname="org.bukkit.craftbukkit.inventory.FactoryItemMaterialTest" name="generalCase[Material[544]:PINK_DYE]" time="0"/>
  <testcase classname="org.bukkit.craftbukkit.inventory.FactoryItemMaterialTest" name="asMetaFor[Material[544]:PINK_DYE]" time="0.009"/>
  <testcase classname="org.bukkit.craftbukkit.inventory.FactoryItemMaterialTest" name="itemStack[Material[544]:PINK_DYE]" time="0"/>
  <testcase classname="org.bukkit.craftbukkit.inventory.FactoryItemMaterialTest" name="blankEqualities[Material[545]:PINK_GLAZED_TERRACOTTA]" time="0.007"/>
  <testcase classname="org.bukkit.craftbukkit.inventory.FactoryItemMaterialTest" name="generalCase[Material[545]:PINK_GLAZED_TERRACOTTA]" time="0"/>
  <testcase classname="org.bukkit.craftbukkit.inventory.FactoryItemMaterialTest" name="asMetaFor[Material[545]:PINK_GLAZED_TERRACOTTA]" time="0.009"/>
  <testcase classname="org.bukkit.craftbukkit.inventory.FactoryItemMaterialTest" name="itemStack[Material[545]:PINK_GLAZED_TERRACOTTA]" time="0"/>
  <testcase classname="org.bukkit.craftbukkit.inventory.FactoryItemMaterialTest" name="blankEqualities[Material[546]:PINK_SHULKER_BOX]" time="0.006"/>
  <testcase classname="org.bukkit.craftbukkit.inventory.FactoryItemMaterialTest" name="generalCase[Material[546]:PINK_SHULKER_BOX]" time="0"/>
  <testcase classname="org.bukkit.craftbukkit.inventory.FactoryItemMaterialTest" name="asMetaFor[Material[546]:PINK_SHULKER_BOX]" time="0.008"/>
  <testcase classname="org.bukkit.craftbukkit.inventory.FactoryItemMaterialTest" name="itemStack[Material[546]:PINK_SHULKER_BOX]" time="0"/>
  <testcase classname="org.bukkit.craftbukkit.inventory.FactoryItemMaterialTest" name="blankEqualities[Material[547]:PINK_STAINED_GLASS]" time="0.006"/>
  <testcase classname="org.bukkit.craftbukkit.inventory.FactoryItemMaterialTest" name="generalCase[Material[547]:PINK_STAINED_GLASS]" time="0"/>
  <testcase classname="org.bukkit.craftbukkit.inventory.FactoryItemMaterialTest" name="asMetaFor[Material[547]:PINK_STAINED_GLASS]" time="0.008"/>
  <testcase classname="org.bukkit.craftbukkit.inventory.FactoryItemMaterialTest" name="itemStack[Material[547]:PINK_STAINED_GLASS]" time="0"/>
  <testcase classname="org.bukkit.craftbukkit.inventory.FactoryItemMaterialTest" name="blankEqualities[Material[548]:PINK_STAINED_GLASS_PANE]" time="0.007"/>
  <testcase classname="org.bukkit.craftbukkit.inventory.FactoryItemMaterialTest" name="generalCase[Material[548]:PINK_STAINED_GLASS_PANE]" time="0"/>
  <testcase classname="org.bukkit.craftbukkit.inventory.FactoryItemMaterialTest" name="asMetaFor[Material[548]:PINK_STAINED_GLASS_PANE]" time="0.009"/>
  <testcase classname="org.bukkit.craftbukkit.inventory.FactoryItemMaterialTest" name="itemStack[Material[548]:PINK_STAINED_GLASS_PANE]" time="0"/>
  <testcase classname="org.bukkit.craftbukkit.inventory.FactoryItemMaterialTest" name="blankEqualities[Material[549]:PINK_TERRACOTTA]" time="0.006"/>
  <testcase classname="org.bukkit.craftbukkit.inventory.FactoryItemMaterialTest" name="generalCase[Material[549]:PINK_TERRACOTTA]" time="0"/>
  <testcase classname="org.bukkit.craftbukkit.inventory.FactoryItemMaterialTest" name="asMetaFor[Material[549]:PINK_TERRACOTTA]" time="0.009"/>
  <testcase classname="org.bukkit.craftbukkit.inventory.FactoryItemMaterialTest" name="itemStack[Material[549]:PINK_TERRACOTTA]" time="0"/>
  <testcase classname="org.bukkit.craftbukkit.inventory.FactoryItemMaterialTest" name="blankEqualities[Material[550]:PINK_TULIP]" time="0.006"/>
  <testcase classname="org.bukkit.craftbukkit.inventory.FactoryItemMaterialTest" name="generalCase[Material[550]:PINK_TULIP]" time="0"/>
  <testcase classname="org.bukkit.craftbukkit.inventory.FactoryItemMaterialTest" name="asMetaFor[Material[550]:PINK_TULIP]" time="0.009"/>
  <testcase classname="org.bukkit.craftbukkit.inventory.FactoryItemMaterialTest" name="itemStack[Material[550]:PINK_TULIP]" time="0"/>
  <testcase classname="org.bukkit.craftbukkit.inventory.FactoryItemMaterialTest" name="blankEqualities[Material[551]:PINK_WOOL]" time="0.006"/>
  <testcase classname="org.bukkit.craftbukkit.inventory.FactoryItemMaterialTest" name="generalCase[Material[551]:PINK_WOOL]" time="0"/>
  <testcase classname="org.bukkit.craftbukkit.inventory.FactoryItemMaterialTest" name="asMetaFor[Material[551]:PINK_WOOL]" time="0.009"/>
  <testcase classname="org.bukkit.craftbukkit.inventory.FactoryItemMaterialTest" name="itemStack[Material[551]:PINK_WOOL]" time="0"/>
  <testcase classname="org.bukkit.craftbukkit.inventory.FactoryItemMaterialTest" name="blankEqualities[Material[552]:PISTON]" time="0.006"/>
  <testcase classname="org.bukkit.craftbukkit.inventory.FactoryItemMaterialTest" name="generalCase[Material[552]:PISTON]" time="0.001"/>
  <testcase classname="org.bukkit.craftbukkit.inventory.FactoryItemMaterialTest" name="asMetaFor[Material[552]:PISTON]" time="0.008"/>
  <testcase classname="org.bukkit.craftbukkit.inventory.FactoryItemMaterialTest" name="itemStack[Material[552]:PISTON]" time="0"/>
  <testcase classname="org.bukkit.craftbukkit.inventory.FactoryItemMaterialTest" name="blankEqualities[Material[553]:PLAYER_HEAD]" time="0.007"/>
  <testcase classname="org.bukkit.craftbukkit.inventory.FactoryItemMaterialTest" name="generalCase[Material[553]:PLAYER_HEAD]" time="0.001"/>
  <testcase classname="org.bukkit.craftbukkit.inventory.FactoryItemMaterialTest" name="asMetaFor[Material[553]:PLAYER_HEAD]" time="0.009"/>
  <testcase classname="org.bukkit.craftbukkit.inventory.FactoryItemMaterialTest" name="itemStack[Material[553]:PLAYER_HEAD]" time="0"/>
  <testcase classname="org.bukkit.craftbukkit.inventory.FactoryItemMaterialTest" name="blankEqualities[Material[554]:PODZOL]" time="0.006"/>
  <testcase classname="org.bukkit.craftbukkit.inventory.FactoryItemMaterialTest" name="generalCase[Material[554]:PODZOL]" time="0"/>
  <testcase classname="org.bukkit.craftbukkit.inventory.FactoryItemMaterialTest" name="asMetaFor[Material[554]:PODZOL]" time="0.008"/>
  <testcase classname="org.bukkit.craftbukkit.inventory.FactoryItemMaterialTest" name="itemStack[Material[554]:PODZOL]" time="0"/>
  <testcase classname="org.bukkit.craftbukkit.inventory.FactoryItemMaterialTest" name="blankEqualities[Material[555]:POISONOUS_POTATO]" time="0.007"/>
  <testcase classname="org.bukkit.craftbukkit.inventory.FactoryItemMaterialTest" name="generalCase[Material[555]:POISONOUS_POTATO]" time="0"/>
  <testcase classname="org.bukkit.craftbukkit.inventory.FactoryItemMaterialTest" name="asMetaFor[Material[555]:POISONOUS_POTATO]" time="0.008"/>
  <testcase classname="org.bukkit.craftbukkit.inventory.FactoryItemMaterialTest" name="itemStack[Material[555]:POISONOUS_POTATO]" time="0"/>
  <testcase classname="org.bukkit.craftbukkit.inventory.FactoryItemMaterialTest" name="blankEqualities[Material[556]:POLAR_BEAR_SPAWN_EGG]" time="0.007"/>
  <testcase classname="org.bukkit.craftbukkit.inventory.FactoryItemMaterialTest" name="generalCase[Material[556]:POLAR_BEAR_SPAWN_EGG]" time="0"/>
  <testcase classname="org.bukkit.craftbukkit.inventory.FactoryItemMaterialTest" name="asMetaFor[Material[556]:POLAR_BEAR_SPAWN_EGG]" time="0.009"/>
  <testcase classname="org.bukkit.craftbukkit.inventory.FactoryItemMaterialTest" name="itemStack[Material[556]:POLAR_BEAR_SPAWN_EGG]" time="0"/>
  <testcase classname="org.bukkit.craftbukkit.inventory.FactoryItemMaterialTest" name="blankEqualities[Material[557]:POLISHED_ANDESITE]" time="0.006"/>
  <testcase classname="org.bukkit.craftbukkit.inventory.FactoryItemMaterialTest" name="generalCase[Material[557]:POLISHED_ANDESITE]" time="0.001"/>
  <testcase classname="org.bukkit.craftbukkit.inventory.FactoryItemMaterialTest" name="asMetaFor[Material[557]:POLISHED_ANDESITE]" time="0.009"/>
  <testcase classname="org.bukkit.craftbukkit.inventory.FactoryItemMaterialTest" name="itemStack[Material[557]:POLISHED_ANDESITE]" time="0"/>
  <testcase classname="org.bukkit.craftbukkit.inventory.FactoryItemMaterialTest" name="blankEqualities[Material[558]:POLISHED_DIORITE]" time="0.006"/>
  <testcase classname="org.bukkit.craftbukkit.inventory.FactoryItemMaterialTest" name="generalCase[Material[558]:POLISHED_DIORITE]" time="0"/>
  <testcase classname="org.bukkit.craftbukkit.inventory.FactoryItemMaterialTest" name="asMetaFor[Material[558]:POLISHED_DIORITE]" time="0.009"/>
  <testcase classname="org.bukkit.craftbukkit.inventory.FactoryItemMaterialTest" name="itemStack[Material[558]:POLISHED_DIORITE]" time="0"/>
  <testcase classname="org.bukkit.craftbukkit.inventory.FactoryItemMaterialTest" name="blankEqualities[Material[559]:POLISHED_GRANITE]" time="0.006"/>
  <testcase classname="org.bukkit.craftbukkit.inventory.FactoryItemMaterialTest" name="generalCase[Material[559]:POLISHED_GRANITE]" time="0"/>
  <testcase classname="org.bukkit.craftbukkit.inventory.FactoryItemMaterialTest" name="asMetaFor[Material[559]:POLISHED_GRANITE]" time="0.009"/>
  <testcase classname="org.bukkit.craftbukkit.inventory.FactoryItemMaterialTest" name="itemStack[Material[559]:POLISHED_GRANITE]" time="0"/>
  <testcase classname="org.bukkit.craftbukkit.inventory.FactoryItemMaterialTest" name="blankEqualities[Material[560]:POPPED_CHORUS_FRUIT]" time="0.006"/>
  <testcase classname="org.bukkit.craftbukkit.inventory.FactoryItemMaterialTest" name="generalCase[Material[560]:POPPED_CHORUS_FRUIT]" time="0"/>
  <testcase classname="org.bukkit.craftbukkit.inventory.FactoryItemMaterialTest" name="asMetaFor[Material[560]:POPPED_CHORUS_FRUIT]" time="0.009"/>
  <testcase classname="org.bukkit.craftbukkit.inventory.FactoryItemMaterialTest" name="itemStack[Material[560]:POPPED_CHORUS_FRUIT]" time="0"/>
  <testcase classname="org.bukkit.craftbukkit.inventory.FactoryItemMaterialTest" name="blankEqualities[Material[561]:POPPY]" time="0.006"/>
  <testcase classname="org.bukkit.craftbukkit.inventory.FactoryItemMaterialTest" name="generalCase[Material[561]:POPPY]" time="0"/>
  <testcase classname="org.bukkit.craftbukkit.inventory.FactoryItemMaterialTest" name="asMetaFor[Material[561]:POPPY]" time="0.025"/>
  <testcase classname="org.bukkit.craftbukkit.inventory.FactoryItemMaterialTest" name="itemStack[Material[561]:POPPY]" time="0"/>
  <testcase classname="org.bukkit.craftbukkit.inventory.FactoryItemMaterialTest" name="blankEqualities[Material[562]:PORKCHOP]" time="0.007"/>
  <testcase classname="org.bukkit.craftbukkit.inventory.FactoryItemMaterialTest" name="generalCase[Material[562]:PORKCHOP]" time="0"/>
  <testcase classname="org.bukkit.craftbukkit.inventory.FactoryItemMaterialTest" name="asMetaFor[Material[562]:PORKCHOP]" time="0.008"/>
  <testcase classname="org.bukkit.craftbukkit.inventory.FactoryItemMaterialTest" name="itemStack[Material[562]:PORKCHOP]" time="0"/>
  <testcase classname="org.bukkit.craftbukkit.inventory.FactoryItemMaterialTest" name="blankEqualities[Material[563]:POTATO]" time="0.006"/>
  <testcase classname="org.bukkit.craftbukkit.inventory.FactoryItemMaterialTest" name="generalCase[Material[563]:POTATO]" time="0"/>
  <testcase classname="org.bukkit.craftbukkit.inventory.FactoryItemMaterialTest" name="asMetaFor[Material[563]:POTATO]" time="0.008"/>
  <testcase classname="org.bukkit.craftbukkit.inventory.FactoryItemMaterialTest" name="itemStack[Material[563]:POTATO]" time="0"/>
  <testcase classname="org.bukkit.craftbukkit.inventory.FactoryItemMaterialTest" name="blankEqualities[Material[564]:POTION]" time="0.006"/>
  <testcase classname="org.bukkit.craftbukkit.inventory.FactoryItemMaterialTest" name="generalCase[Material[564]:POTION]" time="0"/>
  <testcase classname="org.bukkit.craftbukkit.inventory.FactoryItemMaterialTest" name="asMetaFor[Material[564]:POTION]" time="0.009"/>
  <testcase classname="org.bukkit.craftbukkit.inventory.FactoryItemMaterialTest" name="itemStack[Material[564]:POTION]" time="0"/>
  <testcase classname="org.bukkit.craftbukkit.inventory.FactoryItemMaterialTest" name="blankEqualities[Material[565]:POWERED_RAIL]" time="0.007"/>
  <testcase classname="org.bukkit.craftbukkit.inventory.FactoryItemMaterialTest" name="generalCase[Material[565]:POWERED_RAIL]" time="0"/>
  <testcase classname="org.bukkit.craftbukkit.inventory.FactoryItemMaterialTest" name="asMetaFor[Material[565]:POWERED_RAIL]" time="0.008"/>
  <testcase classname="org.bukkit.craftbukkit.inventory.FactoryItemMaterialTest" name="itemStack[Material[565]:POWERED_RAIL]" time="0"/>
  <testcase classname="org.bukkit.craftbukkit.inventory.FactoryItemMaterialTest" name="blankEqualities[Material[566]:PRISMARINE]" time="0.006"/>
  <testcase classname="org.bukkit.craftbukkit.inventory.FactoryItemMaterialTest" name="generalCase[Material[566]:PRISMARINE]" time="0"/>
  <testcase classname="org.bukkit.craftbukkit.inventory.FactoryItemMaterialTest" name="asMetaFor[Material[566]:PRISMARINE]" time="0.008"/>
  <testcase classname="org.bukkit.craftbukkit.inventory.FactoryItemMaterialTest" name="itemStack[Material[566]:PRISMARINE]" time="0"/>
  <testcase classname="org.bukkit.craftbukkit.inventory.FactoryItemMaterialTest" name="blankEqualities[Material[567]:PRISMARINE_BRICKS]" time="0.007"/>
  <testcase classname="org.bukkit.craftbukkit.inventory.FactoryItemMaterialTest" name="generalCase[Material[567]:PRISMARINE_BRICKS]" time="0"/>
  <testcase classname="org.bukkit.craftbukkit.inventory.FactoryItemMaterialTest" name="asMetaFor[Material[567]:PRISMARINE_BRICKS]" time="0.009"/>
  <testcase classname="org.bukkit.craftbukkit.inventory.FactoryItemMaterialTest" name="itemStack[Material[567]:PRISMARINE_BRICKS]" time="0"/>
  <testcase classname="org.bukkit.craftbukkit.inventory.FactoryItemMaterialTest" name="blankEqualities[Material[568]:PRISMARINE_BRICK_SLAB]" time="0.007"/>
  <testcase classname="org.bukkit.craftbukkit.inventory.FactoryItemMaterialTest" name="generalCase[Material[568]:PRISMARINE_BRICK_SLAB]" time="0"/>
  <testcase classname="org.bukkit.craftbukkit.inventory.FactoryItemMaterialTest" name="asMetaFor[Material[568]:PRISMARINE_BRICK_SLAB]" time="0.008"/>
  <testcase classname="org.bukkit.craftbukkit.inventory.FactoryItemMaterialTest" name="itemStack[Material[568]:PRISMARINE_BRICK_SLAB]" time="0"/>
  <testcase classname="org.bukkit.craftbukkit.inventory.FactoryItemMaterialTest" name="blankEqualities[Material[569]:PRISMARINE_BRICK_STAIRS]" time="0.006"/>
  <testcase classname="org.bukkit.craftbukkit.inventory.FactoryItemMaterialTest" name="generalCase[Material[569]:PRISMARINE_BRICK_STAIRS]" time="0"/>
  <testcase classname="org.bukkit.craftbukkit.inventory.FactoryItemMaterialTest" name="asMetaFor[Material[569]:PRISMARINE_BRICK_STAIRS]" time="0.008"/>
  <testcase classname="org.bukkit.craftbukkit.inventory.FactoryItemMaterialTest" name="itemStack[Material[569]:PRISMARINE_BRICK_STAIRS]" time="0"/>
  <testcase classname="org.bukkit.craftbukkit.inventory.FactoryItemMaterialTest" name="blankEqualities[Material[570]:PRISMARINE_CRYSTALS]" time="0.006"/>
  <testcase classname="org.bukkit.craftbukkit.inventory.FactoryItemMaterialTest" name="generalCase[Material[570]:PRISMARINE_CRYSTALS]" time="0"/>
  <testcase classname="org.bukkit.craftbukkit.inventory.FactoryItemMaterialTest" name="asMetaFor[Material[570]:PRISMARINE_CRYSTALS]" time="0.009"/>
  <testcase classname="org.bukkit.craftbukkit.inventory.FactoryItemMaterialTest" name="itemStack[Material[570]:PRISMARINE_CRYSTALS]" time="0"/>
  <testcase classname="org.bukkit.craftbukkit.inventory.FactoryItemMaterialTest" name="blankEqualities[Material[571]:PRISMARINE_SHARD]" time="0.007"/>
  <testcase classname="org.bukkit.craftbukkit.inventory.FactoryItemMaterialTest" name="generalCase[Material[571]:PRISMARINE_SHARD]" time="0"/>
  <testcase classname="org.bukkit.craftbukkit.inventory.FactoryItemMaterialTest" name="asMetaFor[Material[571]:PRISMARINE_SHARD]" time="0.009"/>
  <testcase classname="org.bukkit.craftbukkit.inventory.FactoryItemMaterialTest" name="itemStack[Material[571]:PRISMARINE_SHARD]" time="0"/>
  <testcase classname="org.bukkit.craftbukkit.inventory.FactoryItemMaterialTest" name="blankEqualities[Material[572]:PRISMARINE_SLAB]" time="0.007"/>
  <testcase classname="org.bukkit.craftbukkit.inventory.FactoryItemMaterialTest" name="generalCase[Material[572]:PRISMARINE_SLAB]" time="0"/>
  <testcase classname="org.bukkit.craftbukkit.inventory.FactoryItemMaterialTest" name="asMetaFor[Material[572]:PRISMARINE_SLAB]" time="0.009"/>
  <testcase classname="org.bukkit.craftbukkit.inventory.FactoryItemMaterialTest" name="itemStack[Material[572]:PRISMARINE_SLAB]" time="0"/>
  <testcase classname="org.bukkit.craftbukkit.inventory.FactoryItemMaterialTest" name="blankEqualities[Material[573]:PRISMARINE_STAIRS]" time="0.007"/>
  <testcase classname="org.bukkit.craftbukkit.inventory.FactoryItemMaterialTest" name="generalCase[Material[573]:PRISMARINE_STAIRS]" time="0"/>
  <testcase classname="org.bukkit.craftbukkit.inventory.FactoryItemMaterialTest" name="asMetaFor[Material[573]:PRISMARINE_STAIRS]" time="0.008"/>
  <testcase classname="org.bukkit.craftbukkit.inventory.FactoryItemMaterialTest" name="itemStack[Material[573]:PRISMARINE_STAIRS]" time="0.001"/>
  <testcase classname="org.bukkit.craftbukkit.inventory.FactoryItemMaterialTest" name="blankEqualities[Material[574]:PUFFERFISH]" time="0.017"/>
  <testcase classname="org.bukkit.craftbukkit.inventory.FactoryItemMaterialTest" name="generalCase[Material[574]:PUFFERFISH]" time="0"/>
  <testcase classname="org.bukkit.craftbukkit.inventory.FactoryItemMaterialTest" name="asMetaFor[Material[574]:PUFFERFISH]" time="0.009"/>
  <testcase classname="org.bukkit.craftbukkit.inventory.FactoryItemMaterialTest" name="itemStack[Material[574]:PUFFERFISH]" time="0"/>
  <testcase classname="org.bukkit.craftbukkit.inventory.FactoryItemMaterialTest" name="blankEqualities[Material[575]:PUFFERFISH_BUCKET]" time="0.007"/>
  <testcase classname="org.bukkit.craftbukkit.inventory.FactoryItemMaterialTest" name="generalCase[Material[575]:PUFFERFISH_BUCKET]" time="0"/>
  <testcase classname="org.bukkit.craftbukkit.inventory.FactoryItemMaterialTest" name="asMetaFor[Material[575]:PUFFERFISH_BUCKET]" time="0.009"/>
  <testcase classname="org.bukkit.craftbukkit.inventory.FactoryItemMaterialTest" name="itemStack[Material[575]:PUFFERFISH_BUCKET]" time="0"/>
  <testcase classname="org.bukkit.craftbukkit.inventory.FactoryItemMaterialTest" name="blankEqualities[Material[576]:PUFFERFISH_SPAWN_EGG]" time="0.007"/>
  <testcase classname="org.bukkit.craftbukkit.inventory.FactoryItemMaterialTest" name="generalCase[Material[576]:PUFFERFISH_SPAWN_EGG]" time="0"/>
  <testcase classname="org.bukkit.craftbukkit.inventory.FactoryItemMaterialTest" name="asMetaFor[Material[576]:PUFFERFISH_SPAWN_EGG]" time="0.009"/>
  <testcase classname="org.bukkit.craftbukkit.inventory.FactoryItemMaterialTest" name="itemStack[Material[576]:PUFFERFISH_SPAWN_EGG]" time="0"/>
  <testcase classname="org.bukkit.craftbukkit.inventory.FactoryItemMaterialTest" name="blankEqualities[Material[577]:PUMPKIN]" time="0.006"/>
  <testcase classname="org.bukkit.craftbukkit.inventory.FactoryItemMaterialTest" name="generalCase[Material[577]:PUMPKIN]" time="0"/>
  <testcase classname="org.bukkit.craftbukkit.inventory.FactoryItemMaterialTest" name="asMetaFor[Material[577]:PUMPKIN]" time="0.008"/>
  <testcase classname="org.bukkit.craftbukkit.inventory.FactoryItemMaterialTest" name="itemStack[Material[577]:PUMPKIN]" time="0"/>
  <testcase classname="org.bukkit.craftbukkit.inventory.FactoryItemMaterialTest" name="blankEqualities[Material[578]:PUMPKIN_PIE]" time="0.007"/>
  <testcase classname="org.bukkit.craftbukkit.inventory.FactoryItemMaterialTest" name="generalCase[Material[578]:PUMPKIN_PIE]" time="0"/>
  <testcase classname="org.bukkit.craftbukkit.inventory.FactoryItemMaterialTest" name="asMetaFor[Material[578]:PUMPKIN_PIE]" time="0.009"/>
  <testcase classname="org.bukkit.craftbukkit.inventory.FactoryItemMaterialTest" name="itemStack[Material[578]:PUMPKIN_PIE]" time="0"/>
  <testcase classname="org.bukkit.craftbukkit.inventory.FactoryItemMaterialTest" name="blankEqualities[Material[579]:PUMPKIN_SEEDS]" time="0.006"/>
  <testcase classname="org.bukkit.craftbukkit.inventory.FactoryItemMaterialTest" name="generalCase[Material[579]:PUMPKIN_SEEDS]" time="0"/>
  <testcase classname="org.bukkit.craftbukkit.inventory.FactoryItemMaterialTest" name="asMetaFor[Material[579]:PUMPKIN_SEEDS]" time="0.009"/>
  <testcase classname="org.bukkit.craftbukkit.inventory.FactoryItemMaterialTest" name="itemStack[Material[579]:PUMPKIN_SEEDS]" time="0"/>
  <testcase classname="org.bukkit.craftbukkit.inventory.FactoryItemMaterialTest" name="blankEqualities[Material[580]:PURPLE_BANNER]" time="0.011"/>
  <testcase classname="org.bukkit.craftbukkit.inventory.FactoryItemMaterialTest" name="generalCase[Material[580]:PURPLE_BANNER]" time="0"/>
  <testcase classname="org.bukkit.craftbukkit.inventory.FactoryItemMaterialTest" name="asMetaFor[Material[580]:PURPLE_BANNER]" time="0.009"/>
  <testcase classname="org.bukkit.craftbukkit.inventory.FactoryItemMaterialTest" name="itemStack[Material[580]:PURPLE_BANNER]" time="0"/>
  <testcase classname="org.bukkit.craftbukkit.inventory.FactoryItemMaterialTest" name="blankEqualities[Material[581]:PURPLE_BED]" time="0.006"/>
  <testcase classname="org.bukkit.craftbukkit.inventory.FactoryItemMaterialTest" name="generalCase[Material[581]:PURPLE_BED]" time="0"/>
  <testcase classname="org.bukkit.craftbukkit.inventory.FactoryItemMaterialTest" name="asMetaFor[Material[581]:PURPLE_BED]" time="0.008"/>
  <testcase classname="org.bukkit.craftbukkit.inventory.FactoryItemMaterialTest" name="itemStack[Material[581]:PURPLE_BED]" time="0"/>
  <testcase classname="org.bukkit.craftbukkit.inventory.FactoryItemMaterialTest" name="blankEqualities[Material[582]:PURPLE_CARPET]" time="0.007"/>
  <testcase classname="org.bukkit.craftbukkit.inventory.FactoryItemMaterialTest" name="generalCase[Material[582]:PURPLE_CARPET]" time="0"/>
  <testcase classname="org.bukkit.craftbukkit.inventory.FactoryItemMaterialTest" name="asMetaFor[Material[582]:PURPLE_CARPET]" time="0.009"/>
  <testcase classname="org.bukkit.craftbukkit.inventory.FactoryItemMaterialTest" name="itemStack[Material[582]:PURPLE_CARPET]" time="0"/>
  <testcase classname="org.bukkit.craftbukkit.inventory.FactoryItemMaterialTest" name="blankEqualities[Material[583]:PURPLE_CONCRETE]" time="0.006"/>
  <testcase classname="org.bukkit.craftbukkit.inventory.FactoryItemMaterialTest" name="generalCase[Material[583]:PURPLE_CONCRETE]" time="0"/>
  <testcase classname="org.bukkit.craftbukkit.inventory.FactoryItemMaterialTest" name="asMetaFor[Material[583]:PURPLE_CONCRETE]" time="0.008"/>
  <testcase classname="org.bukkit.craftbukkit.inventory.FactoryItemMaterialTest" name="itemStack[Material[583]:PURPLE_CONCRETE]" time="0"/>
  <testcase classname="org.bukkit.craftbukkit.inventory.FactoryItemMaterialTest" name="blankEqualities[Material[584]:PURPLE_CONCRETE_POWDER]" time="0.007"/>
  <testcase classname="org.bukkit.craftbukkit.inventory.FactoryItemMaterialTest" name="generalCase[Material[584]:PURPLE_CONCRETE_POWDER]" time="0"/>
  <testcase classname="org.bukkit.craftbukkit.inventory.FactoryItemMaterialTest" name="asMetaFor[Material[584]:PURPLE_CONCRETE_POWDER]" time="0.009"/>
  <testcase classname="org.bukkit.craftbukkit.inventory.FactoryItemMaterialTest" name="itemStack[Material[584]:PURPLE_CONCRETE_POWDER]" time="0"/>
  <testcase classname="org.bukkit.craftbukkit.inventory.FactoryItemMaterialTest" name="blankEqualities[Material[585]:PURPLE_DYE]" time="0.007"/>
  <testcase classname="org.bukkit.craftbukkit.inventory.FactoryItemMaterialTest" name="generalCase[Material[585]:PURPLE_DYE]" time="0"/>
  <testcase classname="org.bukkit.craftbukkit.inventory.FactoryItemMaterialTest" name="asMetaFor[Material[585]:PURPLE_DYE]" time="0.008"/>
  <testcase classname="org.bukkit.craftbukkit.inventory.FactoryItemMaterialTest" name="itemStack[Material[585]:PURPLE_DYE]" time="0.001"/>
  <testcase classname="org.bukkit.craftbukkit.inventory.FactoryItemMaterialTest" name="blankEqualities[Material[586]:PURPLE_GLAZED_TERRACOTTA]" time="0.006"/>
  <testcase classname="org.bukkit.craftbukkit.inventory.FactoryItemMaterialTest" name="generalCase[Material[586]:PURPLE_GLAZED_TERRACOTTA]" time="0"/>
  <testcase classname="org.bukkit.craftbukkit.inventory.FactoryItemMaterialTest" name="asMetaFor[Material[586]:PURPLE_GLAZED_TERRACOTTA]" time="0.009"/>
  <testcase classname="org.bukkit.craftbukkit.inventory.FactoryItemMaterialTest" name="itemStack[Material[586]:PURPLE_GLAZED_TERRACOTTA]" time="0"/>
  <testcase classname="org.bukkit.craftbukkit.inventory.FactoryItemMaterialTest" name="blankEqualities[Material[587]:PURPLE_SHULKER_BOX]" time="0.007"/>
  <testcase classname="org.bukkit.craftbukkit.inventory.FactoryItemMaterialTest" name="generalCase[Material[587]:PURPLE_SHULKER_BOX]" time="0"/>
  <testcase classname="org.bukkit.craftbukkit.inventory.FactoryItemMaterialTest" name="asMetaFor[Material[587]:PURPLE_SHULKER_BOX]" time="0.008"/>
  <testcase classname="org.bukkit.craftbukkit.inventory.FactoryItemMaterialTest" name="itemStack[Material[587]:PURPLE_SHULKER_BOX]" time="0"/>
  <testcase classname="org.bukkit.craftbukkit.inventory.FactoryItemMaterialTest" name="blankEqualities[Material[588]:PURPLE_STAINED_GLASS]" time="0.006"/>
  <testcase classname="org.bukkit.craftbukkit.inventory.FactoryItemMaterialTest" name="generalCase[Material[588]:PURPLE_STAINED_GLASS]" time="0"/>
  <testcase classname="org.bukkit.craftbukkit.inventory.FactoryItemMaterialTest" name="asMetaFor[Material[588]:PURPLE_STAINED_GLASS]" time="0.009"/>
  <testcase classname="org.bukkit.craftbukkit.inventory.FactoryItemMaterialTest" name="itemStack[Material[588]:PURPLE_STAINED_GLASS]" time="0"/>
  <testcase classname="org.bukkit.craftbukkit.inventory.FactoryItemMaterialTest" name="blankEqualities[Material[589]:PURPLE_STAINED_GLASS_PANE]" time="0.007"/>
  <testcase classname="org.bukkit.craftbukkit.inventory.FactoryItemMaterialTest" name="generalCase[Material[589]:PURPLE_STAINED_GLASS_PANE]" time="0"/>
  <testcase classname="org.bukkit.craftbukkit.inventory.FactoryItemMaterialTest" name="asMetaFor[Material[589]:PURPLE_STAINED_GLASS_PANE]" time="0.009"/>
  <testcase classname="org.bukkit.craftbukkit.inventory.FactoryItemMaterialTest" name="itemStack[Material[589]:PURPLE_STAINED_GLASS_PANE]" time="0"/>
  <testcase classname="org.bukkit.craftbukkit.inventory.FactoryItemMaterialTest" name="blankEqualities[Material[590]:PURPLE_TERRACOTTA]" time="0.01"/>
  <testcase classname="org.bukkit.craftbukkit.inventory.FactoryItemMaterialTest" name="generalCase[Material[590]:PURPLE_TERRACOTTA]" time="0"/>
  <testcase classname="org.bukkit.craftbukkit.inventory.FactoryItemMaterialTest" name="asMetaFor[Material[590]:PURPLE_TERRACOTTA]" time="0.009"/>
  <testcase classname="org.bukkit.craftbukkit.inventory.FactoryItemMaterialTest" name="itemStack[Material[590]:PURPLE_TERRACOTTA]" time="0"/>
  <testcase classname="org.bukkit.craftbukkit.inventory.FactoryItemMaterialTest" name="blankEqualities[Material[591]:PURPLE_WOOL]" time="0.007"/>
  <testcase classname="org.bukkit.craftbukkit.inventory.FactoryItemMaterialTest" name="generalCase[Material[591]:PURPLE_WOOL]" time="0"/>
  <testcase classname="org.bukkit.craftbukkit.inventory.FactoryItemMaterialTest" name="asMetaFor[Material[591]:PURPLE_WOOL]" time="0.009"/>
  <testcase classname="org.bukkit.craftbukkit.inventory.FactoryItemMaterialTest" name="itemStack[Material[591]:PURPLE_WOOL]" time="0"/>
  <testcase classname="org.bukkit.craftbukkit.inventory.FactoryItemMaterialTest" name="blankEqualities[Material[592]:PURPUR_BLOCK]" time="0.007"/>
  <testcase classname="org.bukkit.craftbukkit.inventory.FactoryItemMaterialTest" name="generalCase[Material[592]:PURPUR_BLOCK]" time="0"/>
  <testcase classname="org.bukkit.craftbukkit.inventory.FactoryItemMaterialTest" name="asMetaFor[Material[592]:PURPUR_BLOCK]" time="0.009"/>
  <testcase classname="org.bukkit.craftbukkit.inventory.FactoryItemMaterialTest" name="itemStack[Material[592]:PURPUR_BLOCK]" time="0"/>
  <testcase classname="org.bukkit.craftbukkit.inventory.FactoryItemMaterialTest" name="blankEqualities[Material[593]:PURPUR_PILLAR]" time="0.007"/>
  <testcase classname="org.bukkit.craftbukkit.inventory.FactoryItemMaterialTest" name="generalCase[Material[593]:PURPUR_PILLAR]" time="0"/>
  <testcase classname="org.bukkit.craftbukkit.inventory.FactoryItemMaterialTest" name="asMetaFor[Material[593]:PURPUR_PILLAR]" time="0.009"/>
  <testcase classname="org.bukkit.craftbukkit.inventory.FactoryItemMaterialTest" name="itemStack[Material[593]:PURPUR_PILLAR]" time="0"/>
  <testcase classname="org.bukkit.craftbukkit.inventory.FactoryItemMaterialTest" name="blankEqualities[Material[594]:PURPUR_SLAB]" time="0.007"/>
  <testcase classname="org.bukkit.craftbukkit.inventory.FactoryItemMaterialTest" name="generalCase[Material[594]:PURPUR_SLAB]" time="0"/>
  <testcase classname="org.bukkit.craftbukkit.inventory.FactoryItemMaterialTest" name="asMetaFor[Material[594]:PURPUR_SLAB]" time="0.009"/>
  <testcase classname="org.bukkit.craftbukkit.inventory.FactoryItemMaterialTest" name="itemStack[Material[594]:PURPUR_SLAB]" time="0"/>
  <testcase classname="org.bukkit.craftbukkit.inventory.FactoryItemMaterialTest" name="blankEqualities[Material[595]:PURPUR_STAIRS]" time="0.007"/>
  <testcase classname="org.bukkit.craftbukkit.inventory.FactoryItemMaterialTest" name="generalCase[Material[595]:PURPUR_STAIRS]" time="0"/>
  <testcase classname="org.bukkit.craftbukkit.inventory.FactoryItemMaterialTest" name="asMetaFor[Material[595]:PURPUR_STAIRS]" time="0.009"/>
  <testcase classname="org.bukkit.craftbukkit.inventory.FactoryItemMaterialTest" name="itemStack[Material[595]:PURPUR_STAIRS]" time="0"/>
  <testcase classname="org.bukkit.craftbukkit.inventory.FactoryItemMaterialTest" name="blankEqualities[Material[596]:QUARTZ]" time="0.007"/>
  <testcase classname="org.bukkit.craftbukkit.inventory.FactoryItemMaterialTest" name="generalCase[Material[596]:QUARTZ]" time="0"/>
  <testcase classname="org.bukkit.craftbukkit.inventory.FactoryItemMaterialTest" name="asMetaFor[Material[596]:QUARTZ]" time="0.009"/>
  <testcase classname="org.bukkit.craftbukkit.inventory.FactoryItemMaterialTest" name="itemStack[Material[596]:QUARTZ]" time="0"/>
  <testcase classname="org.bukkit.craftbukkit.inventory.FactoryItemMaterialTest" name="blankEqualities[Material[597]:QUARTZ_BLOCK]" time="0.006"/>
  <testcase classname="org.bukkit.craftbukkit.inventory.FactoryItemMaterialTest" name="generalCase[Material[597]:QUARTZ_BLOCK]" time="0"/>
  <testcase classname="org.bukkit.craftbukkit.inventory.FactoryItemMaterialTest" name="asMetaFor[Material[597]:QUARTZ_BLOCK]" time="0.008"/>
  <testcase classname="org.bukkit.craftbukkit.inventory.FactoryItemMaterialTest" name="itemStack[Material[597]:QUARTZ_BLOCK]" time="0"/>
  <testcase classname="org.bukkit.craftbukkit.inventory.FactoryItemMaterialTest" name="blankEqualities[Material[598]:QUARTZ_PILLAR]" time="0.006"/>
  <testcase classname="org.bukkit.craftbukkit.inventory.FactoryItemMaterialTest" name="generalCase[Material[598]:QUARTZ_PILLAR]" time="0"/>
  <testcase classname="org.bukkit.craftbukkit.inventory.FactoryItemMaterialTest" name="asMetaFor[Material[598]:QUARTZ_PILLAR]" time="0.008"/>
  <testcase classname="org.bukkit.craftbukkit.inventory.FactoryItemMaterialTest" name="itemStack[Material[598]:QUARTZ_PILLAR]" time="0"/>
  <testcase classname="org.bukkit.craftbukkit.inventory.FactoryItemMaterialTest" name="blankEqualities[Material[599]:QUARTZ_SLAB]" time="0.006"/>
  <testcase classname="org.bukkit.craftbukkit.inventory.FactoryItemMaterialTest" name="generalCase[Material[599]:QUARTZ_SLAB]" time="0"/>
  <testcase classname="org.bukkit.craftbukkit.inventory.FactoryItemMaterialTest" name="asMetaFor[Material[599]:QUARTZ_SLAB]" time="0.008"/>
  <testcase classname="org.bukkit.craftbukkit.inventory.FactoryItemMaterialTest" name="itemStack[Material[599]:QUARTZ_SLAB]" time="0"/>
  <testcase classname="org.bukkit.craftbukkit.inventory.FactoryItemMaterialTest" name="blankEqualities[Material[600]:QUARTZ_STAIRS]" time="0.006"/>
  <testcase classname="org.bukkit.craftbukkit.inventory.FactoryItemMaterialTest" name="generalCase[Material[600]:QUARTZ_STAIRS]" time="0"/>
  <testcase classname="org.bukkit.craftbukkit.inventory.FactoryItemMaterialTest" name="asMetaFor[Material[600]:QUARTZ_STAIRS]" time="0.008"/>
  <testcase classname="org.bukkit.craftbukkit.inventory.FactoryItemMaterialTest" name="itemStack[Material[600]:QUARTZ_STAIRS]" time="0"/>
  <testcase classname="org.bukkit.craftbukkit.inventory.FactoryItemMaterialTest" name="blankEqualities[Material[601]:RABBIT]" time="0.007"/>
  <testcase classname="org.bukkit.craftbukkit.inventory.FactoryItemMaterialTest" name="generalCase[Material[601]:RABBIT]" time="0"/>
  <testcase classname="org.bukkit.craftbukkit.inventory.FactoryItemMaterialTest" name="asMetaFor[Material[601]:RABBIT]" time="0.009"/>
  <testcase classname="org.bukkit.craftbukkit.inventory.FactoryItemMaterialTest" name="itemStack[Material[601]:RABBIT]" time="0"/>
  <testcase classname="org.bukkit.craftbukkit.inventory.FactoryItemMaterialTest" name="blankEqualities[Material[602]:RABBIT_FOOT]" time="0.006"/>
  <testcase classname="org.bukkit.craftbukkit.inventory.FactoryItemMaterialTest" name="generalCase[Material[602]:RABBIT_FOOT]" time="0"/>
  <testcase classname="org.bukkit.craftbukkit.inventory.FactoryItemMaterialTest" name="asMetaFor[Material[602]:RABBIT_FOOT]" time="0.008"/>
  <testcase classname="org.bukkit.craftbukkit.inventory.FactoryItemMaterialTest" name="itemStack[Material[602]:RABBIT_FOOT]" time="0"/>
  <testcase classname="org.bukkit.craftbukkit.inventory.FactoryItemMaterialTest" name="blankEqualities[Material[603]:RABBIT_HIDE]" time="0.006"/>
  <testcase classname="org.bukkit.craftbukkit.inventory.FactoryItemMaterialTest" name="generalCase[Material[603]:RABBIT_HIDE]" time="0"/>
  <testcase classname="org.bukkit.craftbukkit.inventory.FactoryItemMaterialTest" name="asMetaFor[Material[603]:RABBIT_HIDE]" time="0.009"/>
  <testcase classname="org.bukkit.craftbukkit.inventory.FactoryItemMaterialTest" name="itemStack[Material[603]:RABBIT_HIDE]" time="0"/>
  <testcase classname="org.bukkit.craftbukkit.inventory.FactoryItemMaterialTest" name="blankEqualities[Material[604]:RABBIT_SPAWN_EGG]" time="0.007"/>
  <testcase classname="org.bukkit.craftbukkit.inventory.FactoryItemMaterialTest" name="generalCase[Material[604]:RABBIT_SPAWN_EGG]" time="0"/>
  <testcase classname="org.bukkit.craftbukkit.inventory.FactoryItemMaterialTest" name="asMetaFor[Material[604]:RABBIT_SPAWN_EGG]" time="0.009"/>
  <testcase classname="org.bukkit.craftbukkit.inventory.FactoryItemMaterialTest" name="itemStack[Material[604]:RABBIT_SPAWN_EGG]" time="0"/>
  <testcase classname="org.bukkit.craftbukkit.inventory.FactoryItemMaterialTest" name="blankEqualities[Material[605]:RABBIT_STEW]" time="0.007"/>
  <testcase classname="org.bukkit.craftbukkit.inventory.FactoryItemMaterialTest" name="generalCase[Material[605]:RABBIT_STEW]" time="0"/>
  <testcase classname="org.bukkit.craftbukkit.inventory.FactoryItemMaterialTest" name="asMetaFor[Material[605]:RABBIT_STEW]" time="0.009"/>
  <testcase classname="org.bukkit.craftbukkit.inventory.FactoryItemMaterialTest" name="itemStack[Material[605]:RABBIT_STEW]" time="0"/>
  <testcase classname="org.bukkit.craftbukkit.inventory.FactoryItemMaterialTest" name="blankEqualities[Material[606]:RAIL]" time="0.006"/>
  <testcase classname="org.bukkit.craftbukkit.inventory.FactoryItemMaterialTest" name="generalCase[Material[606]:RAIL]" time="0"/>
  <testcase classname="org.bukkit.craftbukkit.inventory.FactoryItemMaterialTest" name="asMetaFor[Material[606]:RAIL]" time="0.008"/>
  <testcase classname="org.bukkit.craftbukkit.inventory.FactoryItemMaterialTest" name="itemStack[Material[606]:RAIL]" time="0"/>
  <testcase classname="org.bukkit.craftbukkit.inventory.FactoryItemMaterialTest" name="blankEqualities[Material[607]:REDSTONE]" time="0.006"/>
  <testcase classname="org.bukkit.craftbukkit.inventory.FactoryItemMaterialTest" name="generalCase[Material[607]:REDSTONE]" time="0"/>
  <testcase classname="org.bukkit.craftbukkit.inventory.FactoryItemMaterialTest" name="asMetaFor[Material[607]:REDSTONE]" time="0.008"/>
  <testcase classname="org.bukkit.craftbukkit.inventory.FactoryItemMaterialTest" name="itemStack[Material[607]:REDSTONE]" time="0"/>
  <testcase classname="org.bukkit.craftbukkit.inventory.FactoryItemMaterialTest" name="blankEqualities[Material[608]:REDSTONE_BLOCK]" time="0.007"/>
  <testcase classname="org.bukkit.craftbukkit.inventory.FactoryItemMaterialTest" name="generalCase[Material[608]:REDSTONE_BLOCK]" time="0"/>
  <testcase classname="org.bukkit.craftbukkit.inventory.FactoryItemMaterialTest" name="asMetaFor[Material[608]:REDSTONE_BLOCK]" time="0.009"/>
  <testcase classname="org.bukkit.craftbukkit.inventory.FactoryItemMaterialTest" name="itemStack[Material[608]:REDSTONE_BLOCK]" time="0"/>
  <testcase classname="org.bukkit.craftbukkit.inventory.FactoryItemMaterialTest" name="blankEqualities[Material[609]:REDSTONE_LAMP]" time="0.006"/>
  <testcase classname="org.bukkit.craftbukkit.inventory.FactoryItemMaterialTest" name="generalCase[Material[609]:REDSTONE_LAMP]" time="0"/>
  <testcase classname="org.bukkit.craftbukkit.inventory.FactoryItemMaterialTest" name="asMetaFor[Material[609]:REDSTONE_LAMP]" time="0.008"/>
  <testcase classname="org.bukkit.craftbukkit.inventory.FactoryItemMaterialTest" name="itemStack[Material[609]:REDSTONE_LAMP]" time="0"/>
  <testcase classname="org.bukkit.craftbukkit.inventory.FactoryItemMaterialTest" name="blankEqualities[Material[610]:REDSTONE_ORE]" time="0.007"/>
  <testcase classname="org.bukkit.craftbukkit.inventory.FactoryItemMaterialTest" name="generalCase[Material[610]:REDSTONE_ORE]" time="0"/>
  <testcase classname="org.bukkit.craftbukkit.inventory.FactoryItemMaterialTest" name="asMetaFor[Material[610]:REDSTONE_ORE]" time="0.008"/>
  <testcase classname="org.bukkit.craftbukkit.inventory.FactoryItemMaterialTest" name="itemStack[Material[610]:REDSTONE_ORE]" time="0"/>
  <testcase classname="org.bukkit.craftbukkit.inventory.FactoryItemMaterialTest" name="blankEqualities[Material[611]:REDSTONE_TORCH]" time="0.006"/>
  <testcase classname="org.bukkit.craftbukkit.inventory.FactoryItemMaterialTest" name="generalCase[Material[611]:REDSTONE_TORCH]" time="0"/>
  <testcase classname="org.bukkit.craftbukkit.inventory.FactoryItemMaterialTest" name="asMetaFor[Material[611]:REDSTONE_TORCH]" time="0.009"/>
  <testcase classname="org.bukkit.craftbukkit.inventory.FactoryItemMaterialTest" name="itemStack[Material[611]:REDSTONE_TORCH]" time="0"/>
  <testcase classname="org.bukkit.craftbukkit.inventory.FactoryItemMaterialTest" name="blankEqualities[Material[612]:RED_BANNER]" time="0.007"/>
  <testcase classname="org.bukkit.craftbukkit.inventory.FactoryItemMaterialTest" name="generalCase[Material[612]:RED_BANNER]" time="0"/>
  <testcase classname="org.bukkit.craftbukkit.inventory.FactoryItemMaterialTest" name="asMetaFor[Material[612]:RED_BANNER]" time="0.008"/>
  <testcase classname="org.bukkit.craftbukkit.inventory.FactoryItemMaterialTest" name="itemStack[Material[612]:RED_BANNER]" time="0"/>
  <testcase classname="org.bukkit.craftbukkit.inventory.FactoryItemMaterialTest" name="blankEqualities[Material[613]:RED_BED]" time="0.007"/>
  <testcase classname="org.bukkit.craftbukkit.inventory.FactoryItemMaterialTest" name="generalCase[Material[613]:RED_BED]" time="0"/>
  <testcase classname="org.bukkit.craftbukkit.inventory.FactoryItemMaterialTest" name="asMetaFor[Material[613]:RED_BED]" time="0.01"/>
  <testcase classname="org.bukkit.craftbukkit.inventory.FactoryItemMaterialTest" name="itemStack[Material[613]:RED_BED]" time="0"/>
  <testcase classname="org.bukkit.craftbukkit.inventory.FactoryItemMaterialTest" name="blankEqualities[Material[614]:RED_CARPET]" time="0.007"/>
  <testcase classname="org.bukkit.craftbukkit.inventory.FactoryItemMaterialTest" name="generalCase[Material[614]:RED_CARPET]" time="0"/>
  <testcase classname="org.bukkit.craftbukkit.inventory.FactoryItemMaterialTest" name="asMetaFor[Material[614]:RED_CARPET]" time="0.008"/>
  <testcase classname="org.bukkit.craftbukkit.inventory.FactoryItemMaterialTest" name="itemStack[Material[614]:RED_CARPET]" time="0"/>
  <testcase classname="org.bukkit.craftbukkit.inventory.FactoryItemMaterialTest" name="blankEqualities[Material[615]:RED_CONCRETE]" time="0.006"/>
  <testcase classname="org.bukkit.craftbukkit.inventory.FactoryItemMaterialTest" name="generalCase[Material[615]:RED_CONCRETE]" time="0"/>
  <testcase classname="org.bukkit.craftbukkit.inventory.FactoryItemMaterialTest" name="asMetaFor[Material[615]:RED_CONCRETE]" time="0.009"/>
  <testcase classname="org.bukkit.craftbukkit.inventory.FactoryItemMaterialTest" name="itemStack[Material[615]:RED_CONCRETE]" time="0"/>
  <testcase classname="org.bukkit.craftbukkit.inventory.FactoryItemMaterialTest" name="blankEqualities[Material[616]:RED_CONCRETE_POWDER]" time="0.006"/>
  <testcase classname="org.bukkit.craftbukkit.inventory.FactoryItemMaterialTest" name="generalCase[Material[616]:RED_CONCRETE_POWDER]" time="0"/>
  <testcase classname="org.bukkit.craftbukkit.inventory.FactoryItemMaterialTest" name="asMetaFor[Material[616]:RED_CONCRETE_POWDER]" time="0.008"/>
  <testcase classname="org.bukkit.craftbukkit.inventory.FactoryItemMaterialTest" name="itemStack[Material[616]:RED_CONCRETE_POWDER]" time="0"/>
  <testcase classname="org.bukkit.craftbukkit.inventory.FactoryItemMaterialTest" name="blankEqualities[Material[617]:RED_GLAZED_TERRACOTTA]" time="0.006"/>
  <testcase classname="org.bukkit.craftbukkit.inventory.FactoryItemMaterialTest" name="generalCase[Material[617]:RED_GLAZED_TERRACOTTA]" time="0"/>
  <testcase classname="org.bukkit.craftbukkit.inventory.FactoryItemMaterialTest" name="asMetaFor[Material[617]:RED_GLAZED_TERRACOTTA]" time="0.009"/>
  <testcase classname="org.bukkit.craftbukkit.inventory.FactoryItemMaterialTest" name="itemStack[Material[617]:RED_GLAZED_TERRACOTTA]" time="0"/>
  <testcase classname="org.bukkit.craftbukkit.inventory.FactoryItemMaterialTest" name="blankEqualities[Material[618]:RED_MUSHROOM]" time="0.007"/>
  <testcase classname="org.bukkit.craftbukkit.inventory.FactoryItemMaterialTest" name="generalCase[Material[618]:RED_MUSHROOM]" time="0"/>
  <testcase classname="org.bukkit.craftbukkit.inventory.FactoryItemMaterialTest" name="asMetaFor[Material[618]:RED_MUSHROOM]" time="0.009"/>
  <testcase classname="org.bukkit.craftbukkit.inventory.FactoryItemMaterialTest" name="itemStack[Material[618]:RED_MUSHROOM]" time="0"/>
  <testcase classname="org.bukkit.craftbukkit.inventory.FactoryItemMaterialTest" name="blankEqualities[Material[619]:RED_MUSHROOM_BLOCK]" time="0.006"/>
  <testcase classname="org.bukkit.craftbukkit.inventory.FactoryItemMaterialTest" name="generalCase[Material[619]:RED_MUSHROOM_BLOCK]" time="0"/>
  <testcase classname="org.bukkit.craftbukkit.inventory.FactoryItemMaterialTest" name="asMetaFor[Material[619]:RED_MUSHROOM_BLOCK]" time="0.009"/>
  <testcase classname="org.bukkit.craftbukkit.inventory.FactoryItemMaterialTest" name="itemStack[Material[619]:RED_MUSHROOM_BLOCK]" time="0"/>
  <testcase classname="org.bukkit.craftbukkit.inventory.FactoryItemMaterialTest" name="blankEqualities[Material[620]:RED_NETHER_BRICKS]" time="0.007"/>
  <testcase classname="org.bukkit.craftbukkit.inventory.FactoryItemMaterialTest" name="generalCase[Material[620]:RED_NETHER_BRICKS]" time="0"/>
  <testcase classname="org.bukkit.craftbukkit.inventory.FactoryItemMaterialTest" name="asMetaFor[Material[620]:RED_NETHER_BRICKS]" time="0.079"/>
  <testcase classname="org.bukkit.craftbukkit.inventory.FactoryItemMaterialTest" name="itemStack[Material[620]:RED_NETHER_BRICKS]" time="0"/>
  <testcase classname="org.bukkit.craftbukkit.inventory.FactoryItemMaterialTest" name="blankEqualities[Material[621]:RED_SAND]" time="0.006"/>
  <testcase classname="org.bukkit.craftbukkit.inventory.FactoryItemMaterialTest" name="generalCase[Material[621]:RED_SAND]" time="0.001"/>
  <testcase classname="org.bukkit.craftbukkit.inventory.FactoryItemMaterialTest" name="asMetaFor[Material[621]:RED_SAND]" time="0.008"/>
  <testcase classname="org.bukkit.craftbukkit.inventory.FactoryItemMaterialTest" name="itemStack[Material[621]:RED_SAND]" time="0"/>
  <testcase classname="org.bukkit.craftbukkit.inventory.FactoryItemMaterialTest" name="blankEqualities[Material[622]:RED_SANDSTONE]" time="0.007"/>
  <testcase classname="org.bukkit.craftbukkit.inventory.FactoryItemMaterialTest" name="generalCase[Material[622]:RED_SANDSTONE]" time="0"/>
  <testcase classname="org.bukkit.craftbukkit.inventory.FactoryItemMaterialTest" name="asMetaFor[Material[622]:RED_SANDSTONE]" time="0.008"/>
  <testcase classname="org.bukkit.craftbukkit.inventory.FactoryItemMaterialTest" name="itemStack[Material[622]:RED_SANDSTONE]" time="0"/>
  <testcase classname="org.bukkit.craftbukkit.inventory.FactoryItemMaterialTest" name="blankEqualities[Material[623]:RED_SANDSTONE_SLAB]" time="0.006"/>
  <testcase classname="org.bukkit.craftbukkit.inventory.FactoryItemMaterialTest" name="generalCase[Material[623]:RED_SANDSTONE_SLAB]" time="0"/>
  <testcase classname="org.bukkit.craftbukkit.inventory.FactoryItemMaterialTest" name="asMetaFor[Material[623]:RED_SANDSTONE_SLAB]" time="0.009"/>
  <testcase classname="org.bukkit.craftbukkit.inventory.FactoryItemMaterialTest" name="itemStack[Material[623]:RED_SANDSTONE_SLAB]" time="0"/>
  <testcase classname="org.bukkit.craftbukkit.inventory.FactoryItemMaterialTest" name="blankEqualities[Material[624]:RED_SANDSTONE_STAIRS]" time="0.007"/>
  <testcase classname="org.bukkit.craftbukkit.inventory.FactoryItemMaterialTest" name="generalCase[Material[624]:RED_SANDSTONE_STAIRS]" time="0"/>
  <testcase classname="org.bukkit.craftbukkit.inventory.FactoryItemMaterialTest" name="asMetaFor[Material[624]:RED_SANDSTONE_STAIRS]" time="0.008"/>
  <testcase classname="org.bukkit.craftbukkit.inventory.FactoryItemMaterialTest" name="itemStack[Material[624]:RED_SANDSTONE_STAIRS]" time="0"/>
  <testcase classname="org.bukkit.craftbukkit.inventory.FactoryItemMaterialTest" name="blankEqualities[Material[625]:RED_SHULKER_BOX]" time="0.006"/>
  <testcase classname="org.bukkit.craftbukkit.inventory.FactoryItemMaterialTest" name="generalCase[Material[625]:RED_SHULKER_BOX]" time="0"/>
  <testcase classname="org.bukkit.craftbukkit.inventory.FactoryItemMaterialTest" name="asMetaFor[Material[625]:RED_SHULKER_BOX]" time="0.008"/>
  <testcase classname="org.bukkit.craftbukkit.inventory.FactoryItemMaterialTest" name="itemStack[Material[625]:RED_SHULKER_BOX]" time="0"/>
  <testcase classname="org.bukkit.craftbukkit.inventory.FactoryItemMaterialTest" name="blankEqualities[Material[626]:RED_STAINED_GLASS]" time="0.006"/>
  <testcase classname="org.bukkit.craftbukkit.inventory.FactoryItemMaterialTest" name="generalCase[Material[626]:RED_STAINED_GLASS]" time="0"/>
  <testcase classname="org.bukkit.craftbukkit.inventory.FactoryItemMaterialTest" name="asMetaFor[Material[626]:RED_STAINED_GLASS]" time="0.009"/>
  <testcase classname="org.bukkit.craftbukkit.inventory.FactoryItemMaterialTest" name="itemStack[Material[626]:RED_STAINED_GLASS]" time="0"/>
  <testcase classname="org.bukkit.craftbukkit.inventory.FactoryItemMaterialTest" name="blankEqualities[Material[627]:RED_STAINED_GLASS_PANE]" time="0.007"/>
  <testcase classname="org.bukkit.craftbukkit.inventory.FactoryItemMaterialTest" name="generalCase[Material[627]:RED_STAINED_GLASS_PANE]" time="0"/>
  <testcase classname="org.bukkit.craftbukkit.inventory.FactoryItemMaterialTest" name="asMetaFor[Material[627]:RED_STAINED_GLASS_PANE]" time="0.009"/>
  <testcase classname="org.bukkit.craftbukkit.inventory.FactoryItemMaterialTest" name="itemStack[Material[627]:RED_STAINED_GLASS_PANE]" time="0"/>
  <testcase classname="org.bukkit.craftbukkit.inventory.FactoryItemMaterialTest" name="blankEqualities[Material[628]:RED_TERRACOTTA]" time="0.007"/>
  <testcase classname="org.bukkit.craftbukkit.inventory.FactoryItemMaterialTest" name="generalCase[Material[628]:RED_TERRACOTTA]" time="0"/>
  <testcase classname="org.bukkit.craftbukkit.inventory.FactoryItemMaterialTest" name="asMetaFor[Material[628]:RED_TERRACOTTA]" time="0.008"/>
  <testcase classname="org.bukkit.craftbukkit.inventory.FactoryItemMaterialTest" name="itemStack[Material[628]:RED_TERRACOTTA]" time="0"/>
  <testcase classname="org.bukkit.craftbukkit.inventory.FactoryItemMaterialTest" name="blankEqualities[Material[629]:RED_TULIP]" time="0.006"/>
  <testcase classname="org.bukkit.craftbukkit.inventory.FactoryItemMaterialTest" name="generalCase[Material[629]:RED_TULIP]" time="0"/>
  <testcase classname="org.bukkit.craftbukkit.inventory.FactoryItemMaterialTest" name="asMetaFor[Material[629]:RED_TULIP]" time="0.008"/>
  <testcase classname="org.bukkit.craftbukkit.inventory.FactoryItemMaterialTest" name="itemStack[Material[629]:RED_TULIP]" time="0"/>
  <testcase classname="org.bukkit.craftbukkit.inventory.FactoryItemMaterialTest" name="blankEqualities[Material[630]:RED_WOOL]" time="0.007"/>
  <testcase classname="org.bukkit.craftbukkit.inventory.FactoryItemMaterialTest" name="generalCase[Material[630]:RED_WOOL]" time="0"/>
  <testcase classname="org.bukkit.craftbukkit.inventory.FactoryItemMaterialTest" name="asMetaFor[Material[630]:RED_WOOL]" time="0.009"/>
  <testcase classname="org.bukkit.craftbukkit.inventory.FactoryItemMaterialTest" name="itemStack[Material[630]:RED_WOOL]" time="0"/>
  <testcase classname="org.bukkit.craftbukkit.inventory.FactoryItemMaterialTest" name="blankEqualities[Material[631]:REPEATER]" time="0.006"/>
  <testcase classname="org.bukkit.craftbukkit.inventory.FactoryItemMaterialTest" name="generalCase[Material[631]:REPEATER]" time="0"/>
  <testcase classname="org.bukkit.craftbukkit.inventory.FactoryItemMaterialTest" name="asMetaFor[Material[631]:REPEATER]" time="0.008"/>
  <testcase classname="org.bukkit.craftbukkit.inventory.FactoryItemMaterialTest" name="itemStack[Material[631]:REPEATER]" time="0"/>
  <testcase classname="org.bukkit.craftbukkit.inventory.FactoryItemMaterialTest" name="blankEqualities[Material[632]:REPEATING_COMMAND_BLOCK]" time="0.007"/>
  <testcase classname="org.bukkit.craftbukkit.inventory.FactoryItemMaterialTest" name="generalCase[Material[632]:REPEATING_COMMAND_BLOCK]" time="0"/>
  <testcase classname="org.bukkit.craftbukkit.inventory.FactoryItemMaterialTest" name="asMetaFor[Material[632]:REPEATING_COMMAND_BLOCK]" time="0.009"/>
  <testcase classname="org.bukkit.craftbukkit.inventory.FactoryItemMaterialTest" name="itemStack[Material[632]:REPEATING_COMMAND_BLOCK]" time="0"/>
  <testcase classname="org.bukkit.craftbukkit.inventory.FactoryItemMaterialTest" name="blankEqualities[Material[633]:ROSE_BUSH]" time="0.006"/>
  <testcase classname="org.bukkit.craftbukkit.inventory.FactoryItemMaterialTest" name="generalCase[Material[633]:ROSE_BUSH]" time="0"/>
  <testcase classname="org.bukkit.craftbukkit.inventory.FactoryItemMaterialTest" name="asMetaFor[Material[633]:ROSE_BUSH]" time="0.008"/>
  <testcase classname="org.bukkit.craftbukkit.inventory.FactoryItemMaterialTest" name="itemStack[Material[633]:ROSE_BUSH]" time="0"/>
  <testcase classname="org.bukkit.craftbukkit.inventory.FactoryItemMaterialTest" name="blankEqualities[Material[634]:ROSE_RED]" time="0.007"/>
  <testcase classname="org.bukkit.craftbukkit.inventory.FactoryItemMaterialTest" name="generalCase[Material[634]:ROSE_RED]" time="0"/>
  <testcase classname="org.bukkit.craftbukkit.inventory.FactoryItemMaterialTest" name="asMetaFor[Material[634]:ROSE_RED]" time="0.009"/>
  <testcase classname="org.bukkit.craftbukkit.inventory.FactoryItemMaterialTest" name="itemStack[Material[634]:ROSE_RED]" time="0"/>
  <testcase classname="org.bukkit.craftbukkit.inventory.FactoryItemMaterialTest" name="blankEqualities[Material[635]:ROTTEN_FLESH]" time="0.006"/>
  <testcase classname="org.bukkit.craftbukkit.inventory.FactoryItemMaterialTest" name="generalCase[Material[635]:ROTTEN_FLESH]" time="0.001"/>
  <testcase classname="org.bukkit.craftbukkit.inventory.FactoryItemMaterialTest" name="asMetaFor[Material[635]:ROTTEN_FLESH]" time="0.008"/>
  <testcase classname="org.bukkit.craftbukkit.inventory.FactoryItemMaterialTest" name="itemStack[Material[635]:ROTTEN_FLESH]" time="0"/>
  <testcase classname="org.bukkit.craftbukkit.inventory.FactoryItemMaterialTest" name="blankEqualities[Material[636]:SADDLE]" time="0.018"/>
  <testcase classname="org.bukkit.craftbukkit.inventory.FactoryItemMaterialTest" name="generalCase[Material[636]:SADDLE]" time="0"/>
  <testcase classname="org.bukkit.craftbukkit.inventory.FactoryItemMaterialTest" name="asMetaFor[Material[636]:SADDLE]" time="0.008"/>
  <testcase classname="org.bukkit.craftbukkit.inventory.FactoryItemMaterialTest" name="itemStack[Material[636]:SADDLE]" time="0"/>
  <testcase classname="org.bukkit.craftbukkit.inventory.FactoryItemMaterialTest" name="blankEqualities[Material[637]:SALMON]" time="0.006"/>
  <testcase classname="org.bukkit.craftbukkit.inventory.FactoryItemMaterialTest" name="generalCase[Material[637]:SALMON]" time="0"/>
  <testcase classname="org.bukkit.craftbukkit.inventory.FactoryItemMaterialTest" name="asMetaFor[Material[637]:SALMON]" time="0.008"/>
  <testcase classname="org.bukkit.craftbukkit.inventory.FactoryItemMaterialTest" name="itemStack[Material[637]:SALMON]" time="0"/>
  <testcase classname="org.bukkit.craftbukkit.inventory.FactoryItemMaterialTest" name="blankEqualities[Material[638]:SALMON_BUCKET]" time="0.006"/>
  <testcase classname="org.bukkit.craftbukkit.inventory.FactoryItemMaterialTest" name="generalCase[Material[638]:SALMON_BUCKET]" time="0"/>
  <testcase classname="org.bukkit.craftbukkit.inventory.FactoryItemMaterialTest" name="asMetaFor[Material[638]:SALMON_BUCKET]" time="0.009"/>
  <testcase classname="org.bukkit.craftbukkit.inventory.FactoryItemMaterialTest" name="itemStack[Material[638]:SALMON_BUCKET]" time="0"/>
  <testcase classname="org.bukkit.craftbukkit.inventory.FactoryItemMaterialTest" name="blankEqualities[Material[639]:SALMON_SPAWN_EGG]" time="0.007"/>
  <testcase classname="org.bukkit.craftbukkit.inventory.FactoryItemMaterialTest" name="generalCase[Material[639]:SALMON_SPAWN_EGG]" time="0"/>
  <testcase classname="org.bukkit.craftbukkit.inventory.FactoryItemMaterialTest" name="asMetaFor[Material[639]:SALMON_SPAWN_EGG]" time="0.009"/>
  <testcase classname="org.bukkit.craftbukkit.inventory.FactoryItemMaterialTest" name="itemStack[Material[639]:SALMON_SPAWN_EGG]" time="0"/>
  <testcase classname="org.bukkit.craftbukkit.inventory.FactoryItemMaterialTest" name="blankEqualities[Material[640]:SAND]" time="0.007"/>
  <testcase classname="org.bukkit.craftbukkit.inventory.FactoryItemMaterialTest" name="generalCase[Material[640]:SAND]" time="0"/>
  <testcase classname="org.bukkit.craftbukkit.inventory.FactoryItemMaterialTest" name="asMetaFor[Material[640]:SAND]" time="0.008"/>
  <testcase classname="org.bukkit.craftbukkit.inventory.FactoryItemMaterialTest" name="itemStack[Material[640]:SAND]" time="0"/>
  <testcase classname="org.bukkit.craftbukkit.inventory.FactoryItemMaterialTest" name="blankEqualities[Material[641]:SANDSTONE]" time="0.006"/>
  <testcase classname="org.bukkit.craftbukkit.inventory.FactoryItemMaterialTest" name="generalCase[Material[641]:SANDSTONE]" time="0"/>
  <testcase classname="org.bukkit.craftbukkit.inventory.FactoryItemMaterialTest" name="asMetaFor[Material[641]:SANDSTONE]" time="0.009"/>
  <testcase classname="org.bukkit.craftbukkit.inventory.FactoryItemMaterialTest" name="itemStack[Material[641]:SANDSTONE]" time="0"/>
  <testcase classname="org.bukkit.craftbukkit.inventory.FactoryItemMaterialTest" name="blankEqualities[Material[642]:SANDSTONE_SLAB]" time="0.006"/>
  <testcase classname="org.bukkit.craftbukkit.inventory.FactoryItemMaterialTest" name="generalCase[Material[642]:SANDSTONE_SLAB]" time="0"/>
  <testcase classname="org.bukkit.craftbukkit.inventory.FactoryItemMaterialTest" name="asMetaFor[Material[642]:SANDSTONE_SLAB]" time="0.008"/>
  <testcase classname="org.bukkit.craftbukkit.inventory.FactoryItemMaterialTest" name="itemStack[Material[642]:SANDSTONE_SLAB]" time="0"/>
  <testcase classname="org.bukkit.craftbukkit.inventory.FactoryItemMaterialTest" name="blankEqualities[Material[643]:SANDSTONE_STAIRS]" time="0.007"/>
  <testcase classname="org.bukkit.craftbukkit.inventory.FactoryItemMaterialTest" name="generalCase[Material[643]:SANDSTONE_STAIRS]" time="0"/>
  <testcase classname="org.bukkit.craftbukkit.inventory.FactoryItemMaterialTest" name="asMetaFor[Material[643]:SANDSTONE_STAIRS]" time="0.011"/>
  <testcase classname="org.bukkit.craftbukkit.inventory.FactoryItemMaterialTest" name="itemStack[Material[643]:SANDSTONE_STAIRS]" time="0"/>
  <testcase classname="org.bukkit.craftbukkit.inventory.FactoryItemMaterialTest" name="blankEqualities[Material[644]:SCUTE]" time="0.007"/>
  <testcase classname="org.bukkit.craftbukkit.inventory.FactoryItemMaterialTest" name="generalCase[Material[644]:SCUTE]" time="0"/>
  <testcase classname="org.bukkit.craftbukkit.inventory.FactoryItemMaterialTest" name="asMetaFor[Material[644]:SCUTE]" time="0.008"/>
  <testcase classname="org.bukkit.craftbukkit.inventory.FactoryItemMaterialTest" name="itemStack[Material[644]:SCUTE]" time="0"/>
  <testcase classname="org.bukkit.craftbukkit.inventory.FactoryItemMaterialTest" name="blankEqualities[Material[645]:SEAGRASS]" time="0.007"/>
  <testcase classname="org.bukkit.craftbukkit.inventory.FactoryItemMaterialTest" name="generalCase[Material[645]:SEAGRASS]" time="0"/>
  <testcase classname="org.bukkit.craftbukkit.inventory.FactoryItemMaterialTest" name="asMetaFor[Material[645]:SEAGRASS]" time="0.008"/>
  <testcase classname="org.bukkit.craftbukkit.inventory.FactoryItemMaterialTest" name="itemStack[Material[645]:SEAGRASS]" time="0"/>
  <testcase classname="org.bukkit.craftbukkit.inventory.FactoryItemMaterialTest" name="blankEqualities[Material[646]:SEA_LANTERN]" time="0.006"/>
  <testcase classname="org.bukkit.craftbukkit.inventory.FactoryItemMaterialTest" name="generalCase[Material[646]:SEA_LANTERN]" time="0"/>
  <testcase classname="org.bukkit.craftbukkit.inventory.FactoryItemMaterialTest" name="asMetaFor[Material[646]:SEA_LANTERN]" time="0.009"/>
  <testcase classname="org.bukkit.craftbukkit.inventory.FactoryItemMaterialTest" name="itemStack[Material[646]:SEA_LANTERN]" time="0"/>
  <testcase classname="org.bukkit.craftbukkit.inventory.FactoryItemMaterialTest" name="blankEqualities[Material[647]:SEA_PICKLE]" time="0.006"/>
  <testcase classname="org.bukkit.craftbukkit.inventory.FactoryItemMaterialTest" name="generalCase[Material[647]:SEA_PICKLE]" time="0"/>
  <testcase classname="org.bukkit.craftbukkit.inventory.FactoryItemMaterialTest" name="asMetaFor[Material[647]:SEA_PICKLE]" time="0.008"/>
  <testcase classname="org.bukkit.craftbukkit.inventory.FactoryItemMaterialTest" name="itemStack[Material[647]:SEA_PICKLE]" time="0"/>
  <testcase classname="org.bukkit.craftbukkit.inventory.FactoryItemMaterialTest" name="blankEqualities[Material[648]:SHEARS]" time="0.006"/>
  <testcase classname="org.bukkit.craftbukkit.inventory.FactoryItemMaterialTest" name="generalCase[Material[648]:SHEARS]" time="0"/>
  <testcase classname="org.bukkit.craftbukkit.inventory.FactoryItemMaterialTest" name="asMetaFor[Material[648]:SHEARS]" time="0.008"/>
  <testcase classname="org.bukkit.craftbukkit.inventory.FactoryItemMaterialTest" name="itemStack[Material[648]:SHEARS]" time="0"/>
  <testcase classname="org.bukkit.craftbukkit.inventory.FactoryItemMaterialTest" name="blankEqualities[Material[649]:SHEEP_SPAWN_EGG]" time="0.007"/>
  <testcase classname="org.bukkit.craftbukkit.inventory.FactoryItemMaterialTest" name="generalCase[Material[649]:SHEEP_SPAWN_EGG]" time="0"/>
  <testcase classname="org.bukkit.craftbukkit.inventory.FactoryItemMaterialTest" name="asMetaFor[Material[649]:SHEEP_SPAWN_EGG]" time="0.008"/>
  <testcase classname="org.bukkit.craftbukkit.inventory.FactoryItemMaterialTest" name="itemStack[Material[649]:SHEEP_SPAWN_EGG]" time="0"/>
  <testcase classname="org.bukkit.craftbukkit.inventory.FactoryItemMaterialTest" name="blankEqualities[Material[650]:SHIELD]" time="0.006"/>
  <testcase classname="org.bukkit.craftbukkit.inventory.FactoryItemMaterialTest" name="generalCase[Material[650]:SHIELD]" time="0.001"/>
  <testcase classname="org.bukkit.craftbukkit.inventory.FactoryItemMaterialTest" name="asMetaFor[Material[650]:SHIELD]" time="0.008"/>
  <testcase classname="org.bukkit.craftbukkit.inventory.FactoryItemMaterialTest" name="itemStack[Material[650]:SHIELD]" time="0"/>
  <testcase classname="org.bukkit.craftbukkit.inventory.FactoryItemMaterialTest" name="blankEqualities[Material[651]:SHULKER_BOX]" time="0.007"/>
  <testcase classname="org.bukkit.craftbukkit.inventory.FactoryItemMaterialTest" name="generalCase[Material[651]:SHULKER_BOX]" time="0"/>
  <testcase classname="org.bukkit.craftbukkit.inventory.FactoryItemMaterialTest" name="asMetaFor[Material[651]:SHULKER_BOX]" time="0.009"/>
  <testcase classname="org.bukkit.craftbukkit.inventory.FactoryItemMaterialTest" name="itemStack[Material[651]:SHULKER_BOX]" time="0"/>
  <testcase classname="org.bukkit.craftbukkit.inventory.FactoryItemMaterialTest" name="blankEqualities[Material[652]:SHULKER_SHELL]" time="0.006"/>
  <testcase classname="org.bukkit.craftbukkit.inventory.FactoryItemMaterialTest" name="generalCase[Material[652]:SHULKER_SHELL]" time="0"/>
  <testcase classname="org.bukkit.craftbukkit.inventory.FactoryItemMaterialTest" name="asMetaFor[Material[652]:SHULKER_SHELL]" time="0.008"/>
  <testcase classname="org.bukkit.craftbukkit.inventory.FactoryItemMaterialTest" name="itemStack[Material[652]:SHULKER_SHELL]" time="0"/>
  <testcase classname="org.bukkit.craftbukkit.inventory.FactoryItemMaterialTest" name="blankEqualities[Material[653]:SHULKER_SPAWN_EGG]" time="0.007"/>
  <testcase classname="org.bukkit.craftbukkit.inventory.FactoryItemMaterialTest" name="generalCase[Material[653]:SHULKER_SPAWN_EGG]" time="0"/>
  <testcase classname="org.bukkit.craftbukkit.inventory.FactoryItemMaterialTest" name="asMetaFor[Material[653]:SHULKER_SPAWN_EGG]" time="0.008"/>
  <testcase classname="org.bukkit.craftbukkit.inventory.FactoryItemMaterialTest" name="itemStack[Material[653]:SHULKER_SPAWN_EGG]" time="0"/>
  <testcase classname="org.bukkit.craftbukkit.inventory.FactoryItemMaterialTest" name="blankEqualities[Material[654]:SIGN]" time="0.007"/>
  <testcase classname="org.bukkit.craftbukkit.inventory.FactoryItemMaterialTest" name="generalCase[Material[654]:SIGN]" time="0"/>
  <testcase classname="org.bukkit.craftbukkit.inventory.FactoryItemMaterialTest" name="asMetaFor[Material[654]:SIGN]" time="0.009"/>
  <testcase classname="org.bukkit.craftbukkit.inventory.FactoryItemMaterialTest" name="itemStack[Material[654]:SIGN]" time="0"/>
  <testcase classname="org.bukkit.craftbukkit.inventory.FactoryItemMaterialTest" name="blankEqualities[Material[655]:SILVERFISH_SPAWN_EGG]" time="0.007"/>
  <testcase classname="org.bukkit.craftbukkit.inventory.FactoryItemMaterialTest" name="generalCase[Material[655]:SILVERFISH_SPAWN_EGG]" time="0"/>
  <testcase classname="org.bukkit.craftbukkit.inventory.FactoryItemMaterialTest" name="asMetaFor[Material[655]:SILVERFISH_SPAWN_EGG]" time="0.009"/>
  <testcase classname="org.bukkit.craftbukkit.inventory.FactoryItemMaterialTest" name="itemStack[Material[655]:SILVERFISH_SPAWN_EGG]" time="0"/>
  <testcase classname="org.bukkit.craftbukkit.inventory.FactoryItemMaterialTest" name="blankEqualities[Material[656]:SKELETON_HORSE_SPAWN_EGG]" time="0.007"/>
  <testcase classname="org.bukkit.craftbukkit.inventory.FactoryItemMaterialTest" name="generalCase[Material[656]:SKELETON_HORSE_SPAWN_EGG]" time="0"/>
  <testcase classname="org.bukkit.craftbukkit.inventory.FactoryItemMaterialTest" name="asMetaFor[Material[656]:SKELETON_HORSE_SPAWN_EGG]" time="0.009"/>
  <testcase classname="org.bukkit.craftbukkit.inventory.FactoryItemMaterialTest" name="itemStack[Material[656]:SKELETON_HORSE_SPAWN_EGG]" time="0"/>
  <testcase classname="org.bukkit.craftbukkit.inventory.FactoryItemMaterialTest" name="blankEqualities[Material[657]:SKELETON_SKULL]" time="0.006"/>
  <testcase classname="org.bukkit.craftbukkit.inventory.FactoryItemMaterialTest" name="generalCase[Material[657]:SKELETON_SKULL]" time="0"/>
  <testcase classname="org.bukkit.craftbukkit.inventory.FactoryItemMaterialTest" name="asMetaFor[Material[657]:SKELETON_SKULL]" time="0.008"/>
  <testcase classname="org.bukkit.craftbukkit.inventory.FactoryItemMaterialTest" name="itemStack[Material[657]:SKELETON_SKULL]" time="0"/>
  <testcase classname="org.bukkit.craftbukkit.inventory.FactoryItemMaterialTest" name="blankEqualities[Material[658]:SKELETON_SPAWN_EGG]" time="0.007"/>
  <testcase classname="org.bukkit.craftbukkit.inventory.FactoryItemMaterialTest" name="generalCase[Material[658]:SKELETON_SPAWN_EGG]" time="0"/>
  <testcase classname="org.bukkit.craftbukkit.inventory.FactoryItemMaterialTest" name="asMetaFor[Material[658]:SKELETON_SPAWN_EGG]" time="0.008"/>
  <testcase classname="org.bukkit.craftbukkit.inventory.FactoryItemMaterialTest" name="itemStack[Material[658]:SKELETON_SPAWN_EGG]" time="0"/>
  <testcase classname="org.bukkit.craftbukkit.inventory.FactoryItemMaterialTest" name="blankEqualities[Material[659]:SLIME_BALL]" time="0.006"/>
  <testcase classname="org.bukkit.craftbukkit.inventory.FactoryItemMaterialTest" name="generalCase[Material[659]:SLIME_BALL]" time="0"/>
  <testcase classname="org.bukkit.craftbukkit.inventory.FactoryItemMaterialTest" name="asMetaFor[Material[659]:SLIME_BALL]" time="0.009"/>
  <testcase classname="org.bukkit.craftbukkit.inventory.FactoryItemMaterialTest" name="itemStack[Material[659]:SLIME_BALL]" time="0"/>
  <testcase classname="org.bukkit.craftbukkit.inventory.FactoryItemMaterialTest" name="blankEqualities[Material[660]:SLIME_BLOCK]" time="0.006"/>
  <testcase classname="org.bukkit.craftbukkit.inventory.FactoryItemMaterialTest" name="generalCase[Material[660]:SLIME_BLOCK]" time="0"/>
  <testcase classname="org.bukkit.craftbukkit.inventory.FactoryItemMaterialTest" name="asMetaFor[Material[660]:SLIME_BLOCK]" time="0.019"/>
  <testcase classname="org.bukkit.craftbukkit.inventory.FactoryItemMaterialTest" name="itemStack[Material[660]:SLIME_BLOCK]" time="0"/>
  <testcase classname="org.bukkit.craftbukkit.inventory.FactoryItemMaterialTest" name="blankEqualities[Material[661]:SLIME_SPAWN_EGG]" time="0.007"/>
  <testcase classname="org.bukkit.craftbukkit.inventory.FactoryItemMaterialTest" name="generalCase[Material[661]:SLIME_SPAWN_EGG]" time="0"/>
  <testcase classname="org.bukkit.craftbukkit.inventory.FactoryItemMaterialTest" name="asMetaFor[Material[661]:SLIME_SPAWN_EGG]" time="0.008"/>
  <testcase classname="org.bukkit.craftbukkit.inventory.FactoryItemMaterialTest" name="itemStack[Material[661]:SLIME_SPAWN_EGG]" time="0"/>
  <testcase classname="org.bukkit.craftbukkit.inventory.FactoryItemMaterialTest" name="blankEqualities[Material[662]:SMOOTH_QUARTZ]" time="0.006"/>
  <testcase classname="org.bukkit.craftbukkit.inventory.FactoryItemMaterialTest" name="generalCase[Material[662]:SMOOTH_QUARTZ]" time="0"/>
  <testcase classname="org.bukkit.craftbukkit.inventory.FactoryItemMaterialTest" name="asMetaFor[Material[662]:SMOOTH_QUARTZ]" time="0.009"/>
  <testcase classname="org.bukkit.craftbukkit.inventory.FactoryItemMaterialTest" name="itemStack[Material[662]:SMOOTH_QUARTZ]" time="0"/>
  <testcase classname="org.bukkit.craftbukkit.inventory.FactoryItemMaterialTest" name="blankEqualities[Material[663]:SMOOTH_RED_SANDSTONE]" time="0.007"/>
  <testcase classname="org.bukkit.craftbukkit.inventory.FactoryItemMaterialTest" name="generalCase[Material[663]:SMOOTH_RED_SANDSTONE]" time="0"/>
  <testcase classname="org.bukkit.craftbukkit.inventory.FactoryItemMaterialTest" name="asMetaFor[Material[663]:SMOOTH_RED_SANDSTONE]" time="0.009"/>
  <testcase classname="org.bukkit.craftbukkit.inventory.FactoryItemMaterialTest" name="itemStack[Material[663]:SMOOTH_RED_SANDSTONE]" time="0"/>
  <testcase classname="org.bukkit.craftbukkit.inventory.FactoryItemMaterialTest" name="blankEqualities[Material[664]:SMOOTH_SANDSTONE]" time="0.007"/>
  <testcase classname="org.bukkit.craftbukkit.inventory.FactoryItemMaterialTest" name="generalCase[Material[664]:SMOOTH_SANDSTONE]" time="0"/>
  <testcase classname="org.bukkit.craftbukkit.inventory.FactoryItemMaterialTest" name="asMetaFor[Material[664]:SMOOTH_SANDSTONE]" time="0.008"/>
  <testcase classname="org.bukkit.craftbukkit.inventory.FactoryItemMaterialTest" name="itemStack[Material[664]:SMOOTH_SANDSTONE]" time="0"/>
  <testcase classname="org.bukkit.craftbukkit.inventory.FactoryItemMaterialTest" name="blankEqualities[Material[665]:SMOOTH_STONE]" time="0.006"/>
  <testcase classname="org.bukkit.craftbukkit.inventory.FactoryItemMaterialTest" name="generalCase[Material[665]:SMOOTH_STONE]" time="0"/>
  <testcase classname="org.bukkit.craftbukkit.inventory.FactoryItemMaterialTest" name="asMetaFor[Material[665]:SMOOTH_STONE]" time="0.009"/>
  <testcase classname="org.bukkit.craftbukkit.inventory.FactoryItemMaterialTest" name="itemStack[Material[665]:SMOOTH_STONE]" time="0"/>
  <testcase classname="org.bukkit.craftbukkit.inventory.FactoryItemMaterialTest" name="blankEqualities[Material[666]:SNOW]" time="0.007"/>
  <testcase classname="org.bukkit.craftbukkit.inventory.FactoryItemMaterialTest" name="generalCase[Material[666]:SNOW]" time="0"/>
  <testcase classname="org.bukkit.craftbukkit.inventory.FactoryItemMaterialTest" name="asMetaFor[Material[666]:SNOW]" time="0.008"/>
  <testcase classname="org.bukkit.craftbukkit.inventory.FactoryItemMaterialTest" name="itemStack[Material[666]:SNOW]" time="0"/>
  <testcase classname="org.bukkit.craftbukkit.inventory.FactoryItemMaterialTest" name="blankEqualities[Material[667]:SNOWBALL]" time="0.006"/>
  <testcase classname="org.bukkit.craftbukkit.inventory.FactoryItemMaterialTest" name="generalCase[Material[667]:SNOWBALL]" time="0"/>
  <testcase classname="org.bukkit.craftbukkit.inventory.FactoryItemMaterialTest" name="asMetaFor[Material[667]:SNOWBALL]" time="0.009"/>
  <testcase classname="org.bukkit.craftbukkit.inventory.FactoryItemMaterialTest" name="itemStack[Material[667]:SNOWBALL]" time="0"/>
  <testcase classname="org.bukkit.craftbukkit.inventory.FactoryItemMaterialTest" name="blankEqualities[Material[668]:SNOW_BLOCK]" time="0.007"/>
  <testcase classname="org.bukkit.craftbukkit.inventory.FactoryItemMaterialTest" name="generalCase[Material[668]:SNOW_BLOCK]" time="0"/>
  <testcase classname="org.bukkit.craftbukkit.inventory.FactoryItemMaterialTest" name="asMetaFor[Material[668]:SNOW_BLOCK]" time="0.009"/>
  <testcase classname="org.bukkit.craftbukkit.inventory.FactoryItemMaterialTest" name="itemStack[Material[668]:SNOW_BLOCK]" time="0"/>
  <testcase classname="org.bukkit.craftbukkit.inventory.FactoryItemMaterialTest" name="blankEqualities[Material[669]:SOUL_SAND]" time="0.006"/>
  <testcase classname="org.bukkit.craftbukkit.inventory.FactoryItemMaterialTest" name="generalCase[Material[669]:SOUL_SAND]" time="0.001"/>
  <testcase classname="org.bukkit.craftbukkit.inventory.FactoryItemMaterialTest" name="asMetaFor[Material[669]:SOUL_SAND]" time="0.008"/>
  <testcase classname="org.bukkit.craftbukkit.inventory.FactoryItemMaterialTest" name="itemStack[Material[669]:SOUL_SAND]" time="0"/>
  <testcase classname="org.bukkit.craftbukkit.inventory.FactoryItemMaterialTest" name="blankEqualities[Material[670]:SPAWNER]" time="0.007"/>
  <testcase classname="org.bukkit.craftbukkit.inventory.FactoryItemMaterialTest" name="generalCase[Material[670]:SPAWNER]" time="0.001"/>
  <testcase classname="org.bukkit.craftbukkit.inventory.FactoryItemMaterialTest" name="asMetaFor[Material[670]:SPAWNER]" time="0.008"/>
  <testcase classname="org.bukkit.craftbukkit.inventory.FactoryItemMaterialTest" name="itemStack[Material[670]:SPAWNER]" time="0"/>
  <testcase classname="org.bukkit.craftbukkit.inventory.FactoryItemMaterialTest" name="blankEqualities[Material[671]:SPECTRAL_ARROW]" time="0.006"/>
  <testcase classname="org.bukkit.craftbukkit.inventory.FactoryItemMaterialTest" name="generalCase[Material[671]:SPECTRAL_ARROW]" time="0"/>
  <testcase classname="org.bukkit.craftbukkit.inventory.FactoryItemMaterialTest" name="asMetaFor[Material[671]:SPECTRAL_ARROW]" time="0.009"/>
  <testcase classname="org.bukkit.craftbukkit.inventory.FactoryItemMaterialTest" name="itemStack[Material[671]:SPECTRAL_ARROW]" time="0"/>
  <testcase classname="org.bukkit.craftbukkit.inventory.FactoryItemMaterialTest" name="blankEqualities[Material[672]:SPIDER_EYE]" time="0.007"/>
  <testcase classname="org.bukkit.craftbukkit.inventory.FactoryItemMaterialTest" name="generalCase[Material[672]:SPIDER_EYE]" time="0"/>
  <testcase classname="org.bukkit.craftbukkit.inventory.FactoryItemMaterialTest" name="asMetaFor[Material[672]:SPIDER_EYE]" time="0.008"/>
  <testcase classname="org.bukkit.craftbukkit.inventory.FactoryItemMaterialTest" name="itemStack[Material[672]:SPIDER_EYE]" time="0"/>
  <testcase classname="org.bukkit.craftbukkit.inventory.FactoryItemMaterialTest" name="blankEqualities[Material[673]:SPIDER_SPAWN_EGG]" time="0.007"/>
  <testcase classname="org.bukkit.craftbukkit.inventory.FactoryItemMaterialTest" name="generalCase[Material[673]:SPIDER_SPAWN_EGG]" time="0"/>
  <testcase classname="org.bukkit.craftbukkit.inventory.FactoryItemMaterialTest" name="asMetaFor[Material[673]:SPIDER_SPAWN_EGG]" time="0.008"/>
  <testcase classname="org.bukkit.craftbukkit.inventory.FactoryItemMaterialTest" name="itemStack[Material[673]:SPIDER_SPAWN_EGG]" time="0"/>
  <testcase classname="org.bukkit.craftbukkit.inventory.FactoryItemMaterialTest" name="blankEqualities[Material[674]:SPLASH_POTION]" time="0.007"/>
  <testcase classname="org.bukkit.craftbukkit.inventory.FactoryItemMaterialTest" name="generalCase[Material[674]:SPLASH_POTION]" time="0"/>
  <testcase classname="org.bukkit.craftbukkit.inventory.FactoryItemMaterialTest" name="asMetaFor[Material[674]:SPLASH_POTION]" time="0.009"/>
  <testcase classname="org.bukkit.craftbukkit.inventory.FactoryItemMaterialTest" name="itemStack[Material[674]:SPLASH_POTION]" time="0"/>
  <testcase classname="org.bukkit.craftbukkit.inventory.FactoryItemMaterialTest" name="blankEqualities[Material[675]:SPONGE]" time="0.006"/>
  <testcase classname="org.bukkit.craftbukkit.inventory.FactoryItemMaterialTest" name="generalCase[Material[675]:SPONGE]" time="0"/>
  <testcase classname="org.bukkit.craftbukkit.inventory.FactoryItemMaterialTest" name="asMetaFor[Material[675]:SPONGE]" time="0.008"/>
  <testcase classname="org.bukkit.craftbukkit.inventory.FactoryItemMaterialTest" name="itemStack[Material[675]:SPONGE]" time="0"/>
  <testcase classname="org.bukkit.craftbukkit.inventory.FactoryItemMaterialTest" name="blankEqualities[Material[676]:SPRUCE_BOAT]" time="0.007"/>
  <testcase classname="org.bukkit.craftbukkit.inventory.FactoryItemMaterialTest" name="generalCase[Material[676]:SPRUCE_BOAT]" time="0"/>
  <testcase classname="org.bukkit.craftbukkit.inventory.FactoryItemMaterialTest" name="asMetaFor[Material[676]:SPRUCE_BOAT]" time="0.008"/>
  <testcase classname="org.bukkit.craftbukkit.inventory.FactoryItemMaterialTest" name="itemStack[Material[676]:SPRUCE_BOAT]" time="0"/>
  <testcase classname="org.bukkit.craftbukkit.inventory.FactoryItemMaterialTest" name="blankEqualities[Material[677]:SPRUCE_BUTTON]" time="0.018"/>
  <testcase classname="org.bukkit.craftbukkit.inventory.FactoryItemMaterialTest" name="generalCase[Material[677]:SPRUCE_BUTTON]" time="0"/>
  <testcase classname="org.bukkit.craftbukkit.inventory.FactoryItemMaterialTest" name="asMetaFor[Material[677]:SPRUCE_BUTTON]" time="0.009"/>
  <testcase classname="org.bukkit.craftbukkit.inventory.FactoryItemMaterialTest" name="itemStack[Material[677]:SPRUCE_BUTTON]" time="0"/>
  <testcase classname="org.bukkit.craftbukkit.inventory.FactoryItemMaterialTest" name="blankEqualities[Material[678]:SPRUCE_DOOR]" time="0.006"/>
  <testcase classname="org.bukkit.craftbukkit.inventory.FactoryItemMaterialTest" name="generalCase[Material[678]:SPRUCE_DOOR]" time="0"/>
  <testcase classname="org.bukkit.craftbukkit.inventory.FactoryItemMaterialTest" name="asMetaFor[Material[678]:SPRUCE_DOOR]" time="0.008"/>
  <testcase classname="org.bukkit.craftbukkit.inventory.FactoryItemMaterialTest" name="itemStack[Material[678]:SPRUCE_DOOR]" time="0"/>
  <testcase classname="org.bukkit.craftbukkit.inventory.FactoryItemMaterialTest" name="blankEqualities[Material[679]:SPRUCE_FENCE]" time="0.007"/>
  <testcase classname="org.bukkit.craftbukkit.inventory.FactoryItemMaterialTest" name="generalCase[Material[679]:SPRUCE_FENCE]" time="0"/>
  <testcase classname="org.bukkit.craftbukkit.inventory.FactoryItemMaterialTest" name="asMetaFor[Material[679]:SPRUCE_FENCE]" time="0.008"/>
  <testcase classname="org.bukkit.craftbukkit.inventory.FactoryItemMaterialTest" name="itemStack[Material[679]:SPRUCE_FENCE]" time="0"/>
  <testcase classname="org.bukkit.craftbukkit.inventory.FactoryItemMaterialTest" name="blankEqualities[Material[680]:SPRUCE_FENCE_GATE]" time="0.006"/>
  <testcase classname="org.bukkit.craftbukkit.inventory.FactoryItemMaterialTest" name="generalCase[Material[680]:SPRUCE_FENCE_GATE]" time="0"/>
  <testcase classname="org.bukkit.craftbukkit.inventory.FactoryItemMaterialTest" name="asMetaFor[Material[680]:SPRUCE_FENCE_GATE]" time="0.009"/>
  <testcase classname="org.bukkit.craftbukkit.inventory.FactoryItemMaterialTest" name="itemStack[Material[680]:SPRUCE_FENCE_GATE]" time="0"/>
  <testcase classname="org.bukkit.craftbukkit.inventory.FactoryItemMaterialTest" name="blankEqualities[Material[681]:SPRUCE_LEAVES]" time="0.007"/>
  <testcase classname="org.bukkit.craftbukkit.inventory.FactoryItemMaterialTest" name="generalCase[Material[681]:SPRUCE_LEAVES]" time="0"/>
  <testcase classname="org.bukkit.craftbukkit.inventory.FactoryItemMaterialTest" name="asMetaFor[Material[681]:SPRUCE_LEAVES]" time="0.008"/>
  <testcase classname="org.bukkit.craftbukkit.inventory.FactoryItemMaterialTest" name="itemStack[Material[681]:SPRUCE_LEAVES]" time="0"/>
  <testcase classname="org.bukkit.craftbukkit.inventory.FactoryItemMaterialTest" name="blankEqualities[Material[682]:SPRUCE_LOG]" time="0.006"/>
  <testcase classname="org.bukkit.craftbukkit.inventory.FactoryItemMaterialTest" name="generalCase[Material[682]:SPRUCE_LOG]" time="0"/>
  <testcase classname="org.bukkit.craftbukkit.inventory.FactoryItemMaterialTest" name="asMetaFor[Material[682]:SPRUCE_LOG]" time="0.009"/>
  <testcase classname="org.bukkit.craftbukkit.inventory.FactoryItemMaterialTest" name="itemStack[Material[682]:SPRUCE_LOG]" time="0"/>
  <testcase classname="org.bukkit.craftbukkit.inventory.FactoryItemMaterialTest" name="blankEqualities[Material[683]:SPRUCE_PLANKS]" time="0.006"/>
  <testcase classname="org.bukkit.craftbukkit.inventory.FactoryItemMaterialTest" name="generalCase[Material[683]:SPRUCE_PLANKS]" time="0"/>
  <testcase classname="org.bukkit.craftbukkit.inventory.FactoryItemMaterialTest" name="asMetaFor[Material[683]:SPRUCE_PLANKS]" time="0.008"/>
  <testcase classname="org.bukkit.craftbukkit.inventory.FactoryItemMaterialTest" name="itemStack[Material[683]:SPRUCE_PLANKS]" time="0"/>
  <testcase classname="org.bukkit.craftbukkit.inventory.FactoryItemMaterialTest" name="blankEqualities[Material[684]:SPRUCE_PRESSURE_PLATE]" time="0.007"/>
  <testcase classname="org.bukkit.craftbukkit.inventory.FactoryItemMaterialTest" name="generalCase[Material[684]:SPRUCE_PRESSURE_PLATE]" time="0"/>
  <testcase classname="org.bukkit.craftbukkit.inventory.FactoryItemMaterialTest" name="asMetaFor[Material[684]:SPRUCE_PRESSURE_PLATE]" time="0.008"/>
  <testcase classname="org.bukkit.craftbukkit.inventory.FactoryItemMaterialTest" name="itemStack[Material[684]:SPRUCE_PRESSURE_PLATE]" time="0.001"/>
  <testcase classname="org.bukkit.craftbukkit.inventory.FactoryItemMaterialTest" name="blankEqualities[Material[685]:SPRUCE_SAPLING]" time="0.006"/>
  <testcase classname="org.bukkit.craftbukkit.inventory.FactoryItemMaterialTest" name="generalCase[Material[685]:SPRUCE_SAPLING]" time="0"/>
  <testcase classname="org.bukkit.craftbukkit.inventory.FactoryItemMaterialTest" name="asMetaFor[Material[685]:SPRUCE_SAPLING]" time="0.009"/>
  <testcase classname="org.bukkit.craftbukkit.inventory.FactoryItemMaterialTest" name="itemStack[Material[685]:SPRUCE_SAPLING]" time="0"/>
  <testcase classname="org.bukkit.craftbukkit.inventory.FactoryItemMaterialTest" name="blankEqualities[Material[686]:SPRUCE_SLAB]" time="0.006"/>
  <testcase classname="org.bukkit.craftbukkit.inventory.FactoryItemMaterialTest" name="generalCase[Material[686]:SPRUCE_SLAB]" time="0"/>
  <testcase classname="org.bukkit.craftbukkit.inventory.FactoryItemMaterialTest" name="asMetaFor[Material[686]:SPRUCE_SLAB]" time="0.008"/>
  <testcase classname="org.bukkit.craftbukkit.inventory.FactoryItemMaterialTest" name="itemStack[Material[686]:SPRUCE_SLAB]" time="0"/>
  <testcase classname="org.bukkit.craftbukkit.inventory.FactoryItemMaterialTest" name="blankEqualities[Material[687]:SPRUCE_STAIRS]" time="0.007"/>
  <testcase classname="org.bukkit.craftbukkit.inventory.FactoryItemMaterialTest" name="generalCase[Material[687]:SPRUCE_STAIRS]" time="0"/>
  <testcase classname="org.bukkit.craftbukkit.inventory.FactoryItemMaterialTest" name="asMetaFor[Material[687]:SPRUCE_STAIRS]" time="0.008"/>
  <testcase classname="org.bukkit.craftbukkit.inventory.FactoryItemMaterialTest" name="itemStack[Material[687]:SPRUCE_STAIRS]" time="0"/>
  <testcase classname="org.bukkit.craftbukkit.inventory.FactoryItemMaterialTest" name="blankEqualities[Material[688]:SPRUCE_TRAPDOOR]" time="0.006"/>
  <testcase classname="org.bukkit.craftbukkit.inventory.FactoryItemMaterialTest" name="generalCase[Material[688]:SPRUCE_TRAPDOOR]" time="0"/>
  <testcase classname="org.bukkit.craftbukkit.inventory.FactoryItemMaterialTest" name="asMetaFor[Material[688]:SPRUCE_TRAPDOOR]" time="0.009"/>
  <testcase classname="org.bukkit.craftbukkit.inventory.FactoryItemMaterialTest" name="itemStack[Material[688]:SPRUCE_TRAPDOOR]" time="0"/>
  <testcase classname="org.bukkit.craftbukkit.inventory.FactoryItemMaterialTest" name="blankEqualities[Material[689]:SPRUCE_WOOD]" time="0.007"/>
  <testcase classname="org.bukkit.craftbukkit.inventory.FactoryItemMaterialTest" name="generalCase[Material[689]:SPRUCE_WOOD]" time="0"/>
  <testcase classname="org.bukkit.craftbukkit.inventory.FactoryItemMaterialTest" name="asMetaFor[Material[689]:SPRUCE_WOOD]" time="0.008"/>
  <testcase classname="org.bukkit.craftbukkit.inventory.FactoryItemMaterialTest" name="itemStack[Material[689]:SPRUCE_WOOD]" time="0"/>
  <testcase classname="org.bukkit.craftbukkit.inventory.FactoryItemMaterialTest" name="blankEqualities[Material[690]:SQUID_SPAWN_EGG]" time="0.007"/>
  <testcase classname="org.bukkit.craftbukkit.inventory.FactoryItemMaterialTest" name="generalCase[Material[690]:SQUID_SPAWN_EGG]" time="0"/>
  <testcase classname="org.bukkit.craftbukkit.inventory.FactoryItemMaterialTest" name="asMetaFor[Material[690]:SQUID_SPAWN_EGG]" time="0.009"/>
  <testcase classname="org.bukkit.craftbukkit.inventory.FactoryItemMaterialTest" name="itemStack[Material[690]:SQUID_SPAWN_EGG]" time="0"/>
  <testcase classname="org.bukkit.craftbukkit.inventory.FactoryItemMaterialTest" name="blankEqualities[Material[691]:STICK]" time="0.006"/>
  <testcase classname="org.bukkit.craftbukkit.inventory.FactoryItemMaterialTest" name="generalCase[Material[691]:STICK]" time="0"/>
  <testcase classname="org.bukkit.craftbukkit.inventory.FactoryItemMaterialTest" name="asMetaFor[Material[691]:STICK]" time="0.008"/>
  <testcase classname="org.bukkit.craftbukkit.inventory.FactoryItemMaterialTest" name="itemStack[Material[691]:STICK]" time="0"/>
  <testcase classname="org.bukkit.craftbukkit.inventory.FactoryItemMaterialTest" name="blankEqualities[Material[692]:STICKY_PISTON]" time="0.007"/>
  <testcase classname="org.bukkit.craftbukkit.inventory.FactoryItemMaterialTest" name="generalCase[Material[692]:STICKY_PISTON]" time="0"/>
  <testcase classname="org.bukkit.craftbukkit.inventory.FactoryItemMaterialTest" name="asMetaFor[Material[692]:STICKY_PISTON]" time="0.009"/>
  <testcase classname="org.bukkit.craftbukkit.inventory.FactoryItemMaterialTest" name="itemStack[Material[692]:STICKY_PISTON]" time="0"/>
  <testcase classname="org.bukkit.craftbukkit.inventory.FactoryItemMaterialTest" name="blankEqualities[Material[693]:STONE]" time="0.006"/>
  <testcase classname="org.bukkit.craftbukkit.inventory.FactoryItemMaterialTest" name="generalCase[Material[693]:STONE]" time="0"/>
  <testcase classname="org.bukkit.craftbukkit.inventory.FactoryItemMaterialTest" name="asMetaFor[Material[693]:STONE]" time="0.008"/>
  <testcase classname="org.bukkit.craftbukkit.inventory.FactoryItemMaterialTest" name="itemStack[Material[693]:STONE]" time="0"/>
  <testcase classname="org.bukkit.craftbukkit.inventory.FactoryItemMaterialTest" name="blankEqualities[Material[694]:STONE_AXE]" time="0.006"/>
  <testcase classname="org.bukkit.craftbukkit.inventory.FactoryItemMaterialTest" name="generalCase[Material[694]:STONE_AXE]" time="0"/>
  <testcase classname="org.bukkit.craftbukkit.inventory.FactoryItemMaterialTest" name="asMetaFor[Material[694]:STONE_AXE]" time="0.009"/>
  <testcase classname="org.bukkit.craftbukkit.inventory.FactoryItemMaterialTest" name="itemStack[Material[694]:STONE_AXE]" time="0"/>
  <testcase classname="org.bukkit.craftbukkit.inventory.FactoryItemMaterialTest" name="blankEqualities[Material[695]:STONE_BRICKS]" time="0.007"/>
  <testcase classname="org.bukkit.craftbukkit.inventory.FactoryItemMaterialTest" name="generalCase[Material[695]:STONE_BRICKS]" time="0"/>
  <testcase classname="org.bukkit.craftbukkit.inventory.FactoryItemMaterialTest" name="asMetaFor[Material[695]:STONE_BRICKS]" time="0.019"/>
  <testcase classname="org.bukkit.craftbukkit.inventory.FactoryItemMaterialTest" name="itemStack[Material[695]:STONE_BRICKS]" time="0"/>
  <testcase classname="org.bukkit.craftbukkit.inventory.FactoryItemMaterialTest" name="blankEqualities[Material[696]:STONE_BRICK_SLAB]" time="0.007"/>
  <testcase classname="org.bukkit.craftbukkit.inventory.FactoryItemMaterialTest" name="generalCase[Material[696]:STONE_BRICK_SLAB]" time="0"/>
  <testcase classname="org.bukkit.craftbukkit.inventory.FactoryItemMaterialTest" name="asMetaFor[Material[696]:STONE_BRICK_SLAB]" time="0.009"/>
  <testcase classname="org.bukkit.craftbukkit.inventory.FactoryItemMaterialTest" name="itemStack[Material[696]:STONE_BRICK_SLAB]" time="0"/>
  <testcase classname="org.bukkit.craftbukkit.inventory.FactoryItemMaterialTest" name="blankEqualities[Material[697]:STONE_BRICK_STAIRS]" time="0.006"/>
  <testcase classname="org.bukkit.craftbukkit.inventory.FactoryItemMaterialTest" name="generalCase[Material[697]:STONE_BRICK_STAIRS]" time="0"/>
  <testcase classname="org.bukkit.craftbukkit.inventory.FactoryItemMaterialTest" name="asMetaFor[Material[697]:STONE_BRICK_STAIRS]" time="0.008"/>
  <testcase classname="org.bukkit.craftbukkit.inventory.FactoryItemMaterialTest" name="itemStack[Material[697]:STONE_BRICK_STAIRS]" time="0"/>
  <testcase classname="org.bukkit.craftbukkit.inventory.FactoryItemMaterialTest" name="blankEqualities[Material[698]:STONE_BUTTON]" time="0.006"/>
  <testcase classname="org.bukkit.craftbukkit.inventory.FactoryItemMaterialTest" name="generalCase[Material[698]:STONE_BUTTON]" time="0"/>
  <testcase classname="org.bukkit.craftbukkit.inventory.FactoryItemMaterialTest" name="asMetaFor[Material[698]:STONE_BUTTON]" time="0.009"/>
  <testcase classname="org.bukkit.craftbukkit.inventory.FactoryItemMaterialTest" name="itemStack[Material[698]:STONE_BUTTON]" time="0"/>
  <testcase classname="org.bukkit.craftbukkit.inventory.FactoryItemMaterialTest" name="blankEqualities[Material[699]:STONE_HOE]" time="0.007"/>
  <testcase classname="org.bukkit.craftbukkit.inventory.FactoryItemMaterialTest" name="generalCase[Material[699]:STONE_HOE]" time="0"/>
  <testcase classname="org.bukkit.craftbukkit.inventory.FactoryItemMaterialTest" name="asMetaFor[Material[699]:STONE_HOE]" time="0.009"/>
  <testcase classname="org.bukkit.craftbukkit.inventory.FactoryItemMaterialTest" name="itemStack[Material[699]:STONE_HOE]" time="0"/>
  <testcase classname="org.bukkit.craftbukkit.inventory.FactoryItemMaterialTest" name="blankEqualities[Material[700]:STONE_PICKAXE]" time="0.006"/>
  <testcase classname="org.bukkit.craftbukkit.inventory.FactoryItemMaterialTest" name="generalCase[Material[700]:STONE_PICKAXE]" time="0.001"/>
  <testcase classname="org.bukkit.craftbukkit.inventory.FactoryItemMaterialTest" name="asMetaFor[Material[700]:STONE_PICKAXE]" time="0.008"/>
  <testcase classname="org.bukkit.craftbukkit.inventory.FactoryItemMaterialTest" name="itemStack[Material[700]:STONE_PICKAXE]" time="0"/>
  <testcase classname="org.bukkit.craftbukkit.inventory.FactoryItemMaterialTest" name="blankEqualities[Material[701]:STONE_PRESSURE_PLATE]" time="0.006"/>
  <testcase classname="org.bukkit.craftbukkit.inventory.FactoryItemMaterialTest" name="generalCase[Material[701]:STONE_PRESSURE_PLATE]" time="0"/>
  <testcase classname="org.bukkit.craftbukkit.inventory.FactoryItemMaterialTest" name="asMetaFor[Material[701]:STONE_PRESSURE_PLATE]" time="0.009"/>
  <testcase classname="org.bukkit.craftbukkit.inventory.FactoryItemMaterialTest" name="itemStack[Material[701]:STONE_PRESSURE_PLATE]" time="0"/>
  <testcase classname="org.bukkit.craftbukkit.inventory.FactoryItemMaterialTest" name="blankEqualities[Material[702]:STONE_SHOVEL]" time="0.007"/>
  <testcase classname="org.bukkit.craftbukkit.inventory.FactoryItemMaterialTest" name="generalCase[Material[702]:STONE_SHOVEL]" time="0"/>
  <testcase classname="org.bukkit.craftbukkit.inventory.FactoryItemMaterialTest" name="asMetaFor[Material[702]:STONE_SHOVEL]" time="0.008"/>
  <testcase classname="org.bukkit.craftbukkit.inventory.FactoryItemMaterialTest" name="itemStack[Material[702]:STONE_SHOVEL]" time="0"/>
  <testcase classname="org.bukkit.craftbukkit.inventory.FactoryItemMaterialTest" name="blankEqualities[Material[703]:STONE_SLAB]" time="0.006"/>
  <testcase classname="org.bukkit.craftbukkit.inventory.FactoryItemMaterialTest" name="generalCase[Material[703]:STONE_SLAB]" time="0"/>
  <testcase classname="org.bukkit.craftbukkit.inventory.FactoryItemMaterialTest" name="asMetaFor[Material[703]:STONE_SLAB]" time="0.008"/>
  <testcase classname="org.bukkit.craftbukkit.inventory.FactoryItemMaterialTest" name="itemStack[Material[703]:STONE_SLAB]" time="0"/>
  <testcase classname="org.bukkit.craftbukkit.inventory.FactoryItemMaterialTest" name="blankEqualities[Material[704]:STONE_SWORD]" time="0.006"/>
  <testcase classname="org.bukkit.craftbukkit.inventory.FactoryItemMaterialTest" name="generalCase[Material[704]:STONE_SWORD]" time="0"/>
  <testcase classname="org.bukkit.craftbukkit.inventory.FactoryItemMaterialTest" name="asMetaFor[Material[704]:STONE_SWORD]" time="0.008"/>
  <testcase classname="org.bukkit.craftbukkit.inventory.FactoryItemMaterialTest" name="itemStack[Material[704]:STONE_SWORD]" time="0"/>
  <testcase classname="org.bukkit.craftbukkit.inventory.FactoryItemMaterialTest" name="blankEqualities[Material[705]:STRAY_SPAWN_EGG]" time="0.007"/>
  <testcase classname="org.bukkit.craftbukkit.inventory.FactoryItemMaterialTest" name="generalCase[Material[705]:STRAY_SPAWN_EGG]" time="0"/>
  <testcase classname="org.bukkit.craftbukkit.inventory.FactoryItemMaterialTest" name="asMetaFor[Material[705]:STRAY_SPAWN_EGG]" time="0.008"/>
  <testcase classname="org.bukkit.craftbukkit.inventory.FactoryItemMaterialTest" name="itemStack[Material[705]:STRAY_SPAWN_EGG]" time="0"/>
  <testcase classname="org.bukkit.craftbukkit.inventory.FactoryItemMaterialTest" name="blankEqualities[Material[706]:STRING]" time="0.007"/>
  <testcase classname="org.bukkit.craftbukkit.inventory.FactoryItemMaterialTest" name="generalCase[Material[706]:STRING]" time="0"/>
  <testcase classname="org.bukkit.craftbukkit.inventory.FactoryItemMaterialTest" name="asMetaFor[Material[706]:STRING]" time="0.009"/>
  <testcase classname="org.bukkit.craftbukkit.inventory.FactoryItemMaterialTest" name="itemStack[Material[706]:STRING]" time="0"/>
  <testcase classname="org.bukkit.craftbukkit.inventory.FactoryItemMaterialTest" name="blankEqualities[Material[707]:STRIPPED_ACACIA_LOG]" time="0.007"/>
  <testcase classname="org.bukkit.craftbukkit.inventory.FactoryItemMaterialTest" name="generalCase[Material[707]:STRIPPED_ACACIA_LOG]" time="0"/>
  <testcase classname="org.bukkit.craftbukkit.inventory.FactoryItemMaterialTest" name="asMetaFor[Material[707]:STRIPPED_ACACIA_LOG]" time="0.009"/>
  <testcase classname="org.bukkit.craftbukkit.inventory.FactoryItemMaterialTest" name="itemStack[Material[707]:STRIPPED_ACACIA_LOG]" time="0"/>
  <testcase classname="org.bukkit.craftbukkit.inventory.FactoryItemMaterialTest" name="blankEqualities[Material[708]:STRIPPED_ACACIA_WOOD]" time="0.017"/>
  <testcase classname="org.bukkit.craftbukkit.inventory.FactoryItemMaterialTest" name="generalCase[Material[708]:STRIPPED_ACACIA_WOOD]" time="0"/>
  <testcase classname="org.bukkit.craftbukkit.inventory.FactoryItemMaterialTest" name="asMetaFor[Material[708]:STRIPPED_ACACIA_WOOD]" time="0.008"/>
  <testcase classname="org.bukkit.craftbukkit.inventory.FactoryItemMaterialTest" name="itemStack[Material[708]:STRIPPED_ACACIA_WOOD]" time="0"/>
  <testcase classname="org.bukkit.craftbukkit.inventory.FactoryItemMaterialTest" name="blankEqualities[Material[709]:STRIPPED_BIRCH_LOG]" time="0.006"/>
  <testcase classname="org.bukkit.craftbukkit.inventory.FactoryItemMaterialTest" name="generalCase[Material[709]:STRIPPED_BIRCH_LOG]" time="0"/>
  <testcase classname="org.bukkit.craftbukkit.inventory.FactoryItemMaterialTest" name="asMetaFor[Material[709]:STRIPPED_BIRCH_LOG]" time="0.008"/>
  <testcase classname="org.bukkit.craftbukkit.inventory.FactoryItemMaterialTest" name="itemStack[Material[709]:STRIPPED_BIRCH_LOG]" time="0"/>
  <testcase classname="org.bukkit.craftbukkit.inventory.FactoryItemMaterialTest" name="blankEqualities[Material[710]:STRIPPED_BIRCH_WOOD]" time="0.006"/>
  <testcase classname="org.bukkit.craftbukkit.inventory.FactoryItemMaterialTest" name="generalCase[Material[710]:STRIPPED_BIRCH_WOOD]" time="0"/>
  <testcase classname="org.bukkit.craftbukkit.inventory.FactoryItemMaterialTest" name="asMetaFor[Material[710]:STRIPPED_BIRCH_WOOD]" time="0.009"/>
  <testcase classname="org.bukkit.craftbukkit.inventory.FactoryItemMaterialTest" name="itemStack[Material[710]:STRIPPED_BIRCH_WOOD]" time="0"/>
  <testcase classname="org.bukkit.craftbukkit.inventory.FactoryItemMaterialTest" name="blankEqualities[Material[711]:STRIPPED_DARK_OAK_LOG]" time="0.01"/>
  <testcase classname="org.bukkit.craftbukkit.inventory.FactoryItemMaterialTest" name="generalCase[Material[711]:STRIPPED_DARK_OAK_LOG]" time="0"/>
  <testcase classname="org.bukkit.craftbukkit.inventory.FactoryItemMaterialTest" name="asMetaFor[Material[711]:STRIPPED_DARK_OAK_LOG]" time="0.009"/>
  <testcase classname="org.bukkit.craftbukkit.inventory.FactoryItemMaterialTest" name="itemStack[Material[711]:STRIPPED_DARK_OAK_LOG]" time="0"/>
  <testcase classname="org.bukkit.craftbukkit.inventory.FactoryItemMaterialTest" name="blankEqualities[Material[712]:STRIPPED_DARK_OAK_WOOD]" time="0.007"/>
  <testcase classname="org.bukkit.craftbukkit.inventory.FactoryItemMaterialTest" name="generalCase[Material[712]:STRIPPED_DARK_OAK_WOOD]" time="0.001"/>
  <testcase classname="org.bukkit.craftbukkit.inventory.FactoryItemMaterialTest" name="asMetaFor[Material[712]:STRIPPED_DARK_OAK_WOOD]" time="0.009"/>
  <testcase classname="org.bukkit.craftbukkit.inventory.FactoryItemMaterialTest" name="itemStack[Material[712]:STRIPPED_DARK_OAK_WOOD]" time="0"/>
  <testcase classname="org.bukkit.craftbukkit.inventory.FactoryItemMaterialTest" name="blankEqualities[Material[713]:STRIPPED_JUNGLE_LOG]" time="0.006"/>
  <testcase classname="org.bukkit.craftbukkit.inventory.FactoryItemMaterialTest" name="generalCase[Material[713]:STRIPPED_JUNGLE_LOG]" time="0"/>
  <testcase classname="org.bukkit.craftbukkit.inventory.FactoryItemMaterialTest" name="asMetaFor[Material[713]:STRIPPED_JUNGLE_LOG]" time="0.009"/>
  <testcase classname="org.bukkit.craftbukkit.inventory.FactoryItemMaterialTest" name="itemStack[Material[713]:STRIPPED_JUNGLE_LOG]" time="0"/>
  <testcase classname="org.bukkit.craftbukkit.inventory.FactoryItemMaterialTest" name="blankEqualities[Material[714]:STRIPPED_JUNGLE_WOOD]" time="0.007"/>
  <testcase classname="org.bukkit.craftbukkit.inventory.FactoryItemMaterialTest" name="generalCase[Material[714]:STRIPPED_JUNGLE_WOOD]" time="0"/>
  <testcase classname="org.bukkit.craftbukkit.inventory.FactoryItemMaterialTest" name="asMetaFor[Material[714]:STRIPPED_JUNGLE_WOOD]" time="0.009"/>
  <testcase classname="org.bukkit.craftbukkit.inventory.FactoryItemMaterialTest" name="itemStack[Material[714]:STRIPPED_JUNGLE_WOOD]" time="0"/>
  <testcase classname="org.bukkit.craftbukkit.inventory.FactoryItemMaterialTest" name="blankEqualities[Material[715]:STRIPPED_OAK_LOG]" time="0.006"/>
  <testcase classname="org.bukkit.craftbukkit.inventory.FactoryItemMaterialTest" name="generalCase[Material[715]:STRIPPED_OAK_LOG]" time="0"/>
  <testcase classname="org.bukkit.craftbukkit.inventory.FactoryItemMaterialTest" name="asMetaFor[Material[715]:STRIPPED_OAK_LOG]" time="0.009"/>
  <testcase classname="org.bukkit.craftbukkit.inventory.FactoryItemMaterialTest" name="itemStack[Material[715]:STRIPPED_OAK_LOG]" time="0"/>
  <testcase classname="org.bukkit.craftbukkit.inventory.FactoryItemMaterialTest" name="blankEqualities[Material[716]:STRIPPED_OAK_WOOD]" time="0.006"/>
  <testcase classname="org.bukkit.craftbukkit.inventory.FactoryItemMaterialTest" name="generalCase[Material[716]:STRIPPED_OAK_WOOD]" time="0"/>
  <testcase classname="org.bukkit.craftbukkit.inventory.FactoryItemMaterialTest" name="asMetaFor[Material[716]:STRIPPED_OAK_WOOD]" time="0.009"/>
  <testcase classname="org.bukkit.craftbukkit.inventory.FactoryItemMaterialTest" name="itemStack[Material[716]:STRIPPED_OAK_WOOD]" time="0"/>
  <testcase classname="org.bukkit.craftbukkit.inventory.FactoryItemMaterialTest" name="blankEqualities[Material[717]:STRIPPED_SPRUCE_LOG]" time="0.007"/>
  <testcase classname="org.bukkit.craftbukkit.inventory.FactoryItemMaterialTest" name="generalCase[Material[717]:STRIPPED_SPRUCE_LOG]" time="0"/>
  <testcase classname="org.bukkit.craftbukkit.inventory.FactoryItemMaterialTest" name="asMetaFor[Material[717]:STRIPPED_SPRUCE_LOG]" time="0.008"/>
  <testcase classname="org.bukkit.craftbukkit.inventory.FactoryItemMaterialTest" name="itemStack[Material[717]:STRIPPED_SPRUCE_LOG]" time="0"/>
  <testcase classname="org.bukkit.craftbukkit.inventory.FactoryItemMaterialTest" name="blankEqualities[Material[718]:STRIPPED_SPRUCE_WOOD]" time="0.007"/>
  <testcase classname="org.bukkit.craftbukkit.inventory.FactoryItemMaterialTest" name="generalCase[Material[718]:STRIPPED_SPRUCE_WOOD]" time="0"/>
  <testcase classname="org.bukkit.craftbukkit.inventory.FactoryItemMaterialTest" name="asMetaFor[Material[718]:STRIPPED_SPRUCE_WOOD]" time="0.009"/>
  <testcase classname="org.bukkit.craftbukkit.inventory.FactoryItemMaterialTest" name="itemStack[Material[718]:STRIPPED_SPRUCE_WOOD]" time="0.001"/>
  <testcase classname="org.bukkit.craftbukkit.inventory.FactoryItemMaterialTest" name="blankEqualities[Material[719]:STRUCTURE_BLOCK]" time="0.007"/>
  <testcase classname="org.bukkit.craftbukkit.inventory.FactoryItemMaterialTest" name="generalCase[Material[719]:STRUCTURE_BLOCK]" time="0"/>
  <testcase classname="org.bukkit.craftbukkit.inventory.FactoryItemMaterialTest" name="asMetaFor[Material[719]:STRUCTURE_BLOCK]" time="0.009"/>
  <testcase classname="org.bukkit.craftbukkit.inventory.FactoryItemMaterialTest" name="itemStack[Material[719]:STRUCTURE_BLOCK]" time="0"/>
  <testcase classname="org.bukkit.craftbukkit.inventory.FactoryItemMaterialTest" name="blankEqualities[Material[720]:STRUCTURE_VOID]" time="0.007"/>
  <testcase classname="org.bukkit.craftbukkit.inventory.FactoryItemMaterialTest" name="generalCase[Material[720]:STRUCTURE_VOID]" time="0"/>
  <testcase classname="org.bukkit.craftbukkit.inventory.FactoryItemMaterialTest" name="asMetaFor[Material[720]:STRUCTURE_VOID]" time="0.009"/>
  <testcase classname="org.bukkit.craftbukkit.inventory.FactoryItemMaterialTest" name="itemStack[Material[720]:STRUCTURE_VOID]" time="0.001"/>
  <testcase classname="org.bukkit.craftbukkit.inventory.FactoryItemMaterialTest" name="blankEqualities[Material[721]:SUGAR]" time="0.006"/>
  <testcase classname="org.bukkit.craftbukkit.inventory.FactoryItemMaterialTest" name="generalCase[Material[721]:SUGAR]" time="0"/>
  <testcase classname="org.bukkit.craftbukkit.inventory.FactoryItemMaterialTest" name="asMetaFor[Material[721]:SUGAR]" time="0.025"/>
  <testcase classname="org.bukkit.craftbukkit.inventory.FactoryItemMaterialTest" name="itemStack[Material[721]:SUGAR]" time="0"/>
  <testcase classname="org.bukkit.craftbukkit.inventory.FactoryItemMaterialTest" name="blankEqualities[Material[722]:SUGAR_CANE]" time="0.006"/>
  <testcase classname="org.bukkit.craftbukkit.inventory.FactoryItemMaterialTest" name="generalCase[Material[722]:SUGAR_CANE]" time="0"/>
  <testcase classname="org.bukkit.craftbukkit.inventory.FactoryItemMaterialTest" name="asMetaFor[Material[722]:SUGAR_CANE]" time="0.009"/>
  <testcase classname="org.bukkit.craftbukkit.inventory.FactoryItemMaterialTest" name="itemStack[Material[722]:SUGAR_CANE]" time="0"/>
  <testcase classname="org.bukkit.craftbukkit.inventory.FactoryItemMaterialTest" name="blankEqualities[Material[723]:SUNFLOWER]" time="0.007"/>
  <testcase classname="org.bukkit.craftbukkit.inventory.FactoryItemMaterialTest" name="generalCase[Material[723]:SUNFLOWER]" time="0"/>
  <testcase classname="org.bukkit.craftbukkit.inventory.FactoryItemMaterialTest" name="asMetaFor[Material[723]:SUNFLOWER]" time="0.009"/>
  <testcase classname="org.bukkit.craftbukkit.inventory.FactoryItemMaterialTest" name="itemStack[Material[723]:SUNFLOWER]" time="0"/>
  <testcase classname="org.bukkit.craftbukkit.inventory.FactoryItemMaterialTest" name="blankEqualities[Material[724]:TALL_GRASS]" time="0.006"/>
  <testcase classname="org.bukkit.craftbukkit.inventory.FactoryItemMaterialTest" name="generalCase[Material[724]:TALL_GRASS]" time="0"/>
  <testcase classname="org.bukkit.craftbukkit.inventory.FactoryItemMaterialTest" name="asMetaFor[Material[724]:TALL_GRASS]" time="0.008"/>
  <testcase classname="org.bukkit.craftbukkit.inventory.FactoryItemMaterialTest" name="itemStack[Material[724]:TALL_GRASS]" time="0.001"/>
  <testcase classname="org.bukkit.craftbukkit.inventory.FactoryItemMaterialTest" name="blankEqualities[Material[725]:TERRACOTTA]" time="0.006"/>
  <testcase classname="org.bukkit.craftbukkit.inventory.FactoryItemMaterialTest" name="generalCase[Material[725]:TERRACOTTA]" time="0.001"/>
  <testcase classname="org.bukkit.craftbukkit.inventory.FactoryItemMaterialTest" name="asMetaFor[Material[725]:TERRACOTTA]" time="0.008"/>
  <testcase classname="org.bukkit.craftbukkit.inventory.FactoryItemMaterialTest" name="itemStack[Material[725]:TERRACOTTA]" time="0"/>
  <testcase classname="org.bukkit.craftbukkit.inventory.FactoryItemMaterialTest" name="blankEqualities[Material[726]:TIPPED_ARROW]" time="0.007"/>
  <testcase classname="org.bukkit.craftbukkit.inventory.FactoryItemMaterialTest" name="generalCase[Material[726]:TIPPED_ARROW]" time="0"/>
  <testcase classname="org.bukkit.craftbukkit.inventory.FactoryItemMaterialTest" name="asMetaFor[Material[726]:TIPPED_ARROW]" time="0.009"/>
  <testcase classname="org.bukkit.craftbukkit.inventory.FactoryItemMaterialTest" name="itemStack[Material[726]:TIPPED_ARROW]" time="0"/>
  <testcase classname="org.bukkit.craftbukkit.inventory.FactoryItemMaterialTest" name="blankEqualities[Material[727]:TNT]" time="0.006"/>
  <testcase classname="org.bukkit.craftbukkit.inventory.FactoryItemMaterialTest" name="generalCase[Material[727]:TNT]" time="0"/>
  <testcase classname="org.bukkit.craftbukkit.inventory.FactoryItemMaterialTest" name="asMetaFor[Material[727]:TNT]" time="0.009"/>
  <testcase classname="org.bukkit.craftbukkit.inventory.FactoryItemMaterialTest" name="itemStack[Material[727]:TNT]" time="0"/>
  <testcase classname="org.bukkit.craftbukkit.inventory.FactoryItemMaterialTest" name="blankEqualities[Material[728]:TNT_MINECART]" time="0.006"/>
  <testcase classname="org.bukkit.craftbukkit.inventory.FactoryItemMaterialTest" name="generalCase[Material[728]:TNT_MINECART]" time="0.001"/>
  <testcase classname="org.bukkit.craftbukkit.inventory.FactoryItemMaterialTest" name="asMetaFor[Material[728]:TNT_MINECART]" time="0.008"/>
  <testcase classname="org.bukkit.craftbukkit.inventory.FactoryItemMaterialTest" name="itemStack[Material[728]:TNT_MINECART]" time="0"/>
  <testcase classname="org.bukkit.craftbukkit.inventory.FactoryItemMaterialTest" name="blankEqualities[Material[729]:TORCH]" time="0.006"/>
  <testcase classname="org.bukkit.craftbukkit.inventory.FactoryItemMaterialTest" name="generalCase[Material[729]:TORCH]" time="0"/>
  <testcase classname="org.bukkit.craftbukkit.inventory.FactoryItemMaterialTest" name="asMetaFor[Material[729]:TORCH]" time="0.009"/>
  <testcase classname="org.bukkit.craftbukkit.inventory.FactoryItemMaterialTest" name="itemStack[Material[729]:TORCH]" time="0"/>
  <testcase classname="org.bukkit.craftbukkit.inventory.FactoryItemMaterialTest" name="blankEqualities[Material[730]:TOTEM_OF_UNDYING]" time="0.007"/>
  <testcase classname="org.bukkit.craftbukkit.inventory.FactoryItemMaterialTest" name="generalCase[Material[730]:TOTEM_OF_UNDYING]" time="0"/>
  <testcase classname="org.bukkit.craftbukkit.inventory.FactoryItemMaterialTest" name="asMetaFor[Material[730]:TOTEM_OF_UNDYING]" time="0.009"/>
  <testcase classname="org.bukkit.craftbukkit.inventory.FactoryItemMaterialTest" name="itemStack[Material[730]:TOTEM_OF_UNDYING]" time="0"/>
  <testcase classname="org.bukkit.craftbukkit.inventory.FactoryItemMaterialTest" name="blankEqualities[Material[731]:TRAPPED_CHEST]" time="0.007"/>
  <testcase classname="org.bukkit.craftbukkit.inventory.FactoryItemMaterialTest" name="generalCase[Material[731]:TRAPPED_CHEST]" time="0"/>
  <testcase classname="org.bukkit.craftbukkit.inventory.FactoryItemMaterialTest" name="asMetaFor[Material[731]:TRAPPED_CHEST]" time="0.008"/>
  <testcase classname="org.bukkit.craftbukkit.inventory.FactoryItemMaterialTest" name="itemStack[Material[731]:TRAPPED_CHEST]" time="0.001"/>
  <testcase classname="org.bukkit.craftbukkit.inventory.FactoryItemMaterialTest" name="blankEqualities[Material[732]:TRIDENT]" time="0.006"/>
  <testcase classname="org.bukkit.craftbukkit.inventory.FactoryItemMaterialTest" name="generalCase[Material[732]:TRIDENT]" time="0"/>
  <testcase classname="org.bukkit.craftbukkit.inventory.FactoryItemMaterialTest" name="asMetaFor[Material[732]:TRIDENT]" time="0.008"/>
  <testcase classname="org.bukkit.craftbukkit.inventory.FactoryItemMaterialTest" name="itemStack[Material[732]:TRIDENT]" time="0.001"/>
  <testcase classname="org.bukkit.craftbukkit.inventory.FactoryItemMaterialTest" name="blankEqualities[Material[733]:TRIPWIRE_HOOK]" time="0.006"/>
  <testcase classname="org.bukkit.craftbukkit.inventory.FactoryItemMaterialTest" name="generalCase[Material[733]:TRIPWIRE_HOOK]" time="0"/>
  <testcase classname="org.bukkit.craftbukkit.inventory.FactoryItemMaterialTest" name="asMetaFor[Material[733]:TRIPWIRE_HOOK]" time="0.008"/>
  <testcase classname="org.bukkit.craftbukkit.inventory.FactoryItemMaterialTest" name="itemStack[Material[733]:TRIPWIRE_HOOK]" time="0.003"/>
  <testcase classname="org.bukkit.craftbukkit.inventory.FactoryItemMaterialTest" name="blankEqualities[Material[734]:TROPICAL_FISH]" time="0.01"/>
  <testcase classname="org.bukkit.craftbukkit.inventory.FactoryItemMaterialTest" name="generalCase[Material[734]:TROPICAL_FISH]" time="0"/>
  <testcase classname="org.bukkit.craftbukkit.inventory.FactoryItemMaterialTest" name="asMetaFor[Material[734]:TROPICAL_FISH]" time="0.008"/>
  <testcase classname="org.bukkit.craftbukkit.inventory.FactoryItemMaterialTest" name="itemStack[Material[734]:TROPICAL_FISH]" time="0.001"/>
  <testcase classname="org.bukkit.craftbukkit.inventory.FactoryItemMaterialTest" name="blankEqualities[Material[735]:TROPICAL_FISH_BUCKET]" time="0.008"/>
  <testcase classname="org.bukkit.craftbukkit.inventory.FactoryItemMaterialTest" name="generalCase[Material[735]:TROPICAL_FISH_BUCKET]" time="0"/>
  <testcase classname="org.bukkit.craftbukkit.inventory.FactoryItemMaterialTest" name="asMetaFor[Material[735]:TROPICAL_FISH_BUCKET]" time="0.008"/>
  <testcase classname="org.bukkit.craftbukkit.inventory.FactoryItemMaterialTest" name="itemStack[Material[735]:TROPICAL_FISH_BUCKET]" time="0"/>
  <testcase classname="org.bukkit.craftbukkit.inventory.FactoryItemMaterialTest" name="blankEqualities[Material[736]:TROPICAL_FISH_SPAWN_EGG]" time="0.007"/>
  <testcase classname="org.bukkit.craftbukkit.inventory.FactoryItemMaterialTest" name="generalCase[Material[736]:TROPICAL_FISH_SPAWN_EGG]" time="0.001"/>
  <testcase classname="org.bukkit.craftbukkit.inventory.FactoryItemMaterialTest" name="asMetaFor[Material[736]:TROPICAL_FISH_SPAWN_EGG]" time="0.008"/>
  <testcase classname="org.bukkit.craftbukkit.inventory.FactoryItemMaterialTest" name="itemStack[Material[736]:TROPICAL_FISH_SPAWN_EGG]" time="0"/>
  <testcase classname="org.bukkit.craftbukkit.inventory.FactoryItemMaterialTest" name="blankEqualities[Material[737]:TUBE_CORAL]" time="0.007"/>
  <testcase classname="org.bukkit.craftbukkit.inventory.FactoryItemMaterialTest" name="generalCase[Material[737]:TUBE_CORAL]" time="0"/>
  <testcase classname="org.bukkit.craftbukkit.inventory.FactoryItemMaterialTest" name="asMetaFor[Material[737]:TUBE_CORAL]" time="0.008"/>
  <testcase classname="org.bukkit.craftbukkit.inventory.FactoryItemMaterialTest" name="itemStack[Material[737]:TUBE_CORAL]" time="0"/>
  <testcase classname="org.bukkit.craftbukkit.inventory.FactoryItemMaterialTest" name="blankEqualities[Material[738]:TUBE_CORAL_BLOCK]" time="0.006"/>
  <testcase classname="org.bukkit.craftbukkit.inventory.FactoryItemMaterialTest" name="generalCase[Material[738]:TUBE_CORAL_BLOCK]" time="0.001"/>
  <testcase classname="org.bukkit.craftbukkit.inventory.FactoryItemMaterialTest" name="asMetaFor[Material[738]:TUBE_CORAL_BLOCK]" time="0.02"/>
  <testcase classname="org.bukkit.craftbukkit.inventory.FactoryItemMaterialTest" name="itemStack[Material[738]:TUBE_CORAL_BLOCK]" time="0"/>
  <testcase classname="org.bukkit.craftbukkit.inventory.FactoryItemMaterialTest" name="blankEqualities[Material[739]:TUBE_CORAL_FAN]" time="0.007"/>
  <testcase classname="org.bukkit.craftbukkit.inventory.FactoryItemMaterialTest" name="generalCase[Material[739]:TUBE_CORAL_FAN]" time="0"/>
  <testcase classname="org.bukkit.craftbukkit.inventory.FactoryItemMaterialTest" name="asMetaFor[Material[739]:TUBE_CORAL_FAN]" time="0.009"/>
  <testcase classname="org.bukkit.craftbukkit.inventory.FactoryItemMaterialTest" name="itemStack[Material[739]:TUBE_CORAL_FAN]" time="0"/>
  <testcase classname="org.bukkit.craftbukkit.inventory.FactoryItemMaterialTest" name="blankEqualities[Material[740]:TURTLE_EGG]" time="0.007"/>
  <testcase classname="org.bukkit.craftbukkit.inventory.FactoryItemMaterialTest" name="generalCase[Material[740]:TURTLE_EGG]" time="0"/>
  <testcase classname="org.bukkit.craftbukkit.inventory.FactoryItemMaterialTest" name="asMetaFor[Material[740]:TURTLE_EGG]" time="0.009"/>
  <testcase classname="org.bukkit.craftbukkit.inventory.FactoryItemMaterialTest" name="itemStack[Material[740]:TURTLE_EGG]" time="0"/>
  <testcase classname="org.bukkit.craftbukkit.inventory.FactoryItemMaterialTest" name="blankEqualities[Material[741]:TURTLE_HELMET]" time="0.007"/>
  <testcase classname="org.bukkit.craftbukkit.inventory.FactoryItemMaterialTest" name="generalCase[Material[741]:TURTLE_HELMET]" time="0"/>
  <testcase classname="org.bukkit.craftbukkit.inventory.FactoryItemMaterialTest" name="asMetaFor[Material[741]:TURTLE_HELMET]" time="0.009"/>
  <testcase classname="org.bukkit.craftbukkit.inventory.FactoryItemMaterialTest" name="itemStack[Material[741]:TURTLE_HELMET]" time="0"/>
  <testcase classname="org.bukkit.craftbukkit.inventory.FactoryItemMaterialTest" name="blankEqualities[Material[742]:TURTLE_SPAWN_EGG]" time="0.007"/>
  <testcase classname="org.bukkit.craftbukkit.inventory.FactoryItemMaterialTest" name="generalCase[Material[742]:TURTLE_SPAWN_EGG]" time="0"/>
  <testcase classname="org.bukkit.craftbukkit.inventory.FactoryItemMaterialTest" name="asMetaFor[Material[742]:TURTLE_SPAWN_EGG]" time="0.008"/>
  <testcase classname="org.bukkit.craftbukkit.inventory.FactoryItemMaterialTest" name="itemStack[Material[742]:TURTLE_SPAWN_EGG]" time="0.001"/>
  <testcase classname="org.bukkit.craftbukkit.inventory.FactoryItemMaterialTest" name="blankEqualities[Material[743]:VEX_SPAWN_EGG]" time="0.007"/>
  <testcase classname="org.bukkit.craftbukkit.inventory.FactoryItemMaterialTest" name="generalCase[Material[743]:VEX_SPAWN_EGG]" time="0"/>
  <testcase classname="org.bukkit.craftbukkit.inventory.FactoryItemMaterialTest" name="asMetaFor[Material[743]:VEX_SPAWN_EGG]" time="0.008"/>
  <testcase classname="org.bukkit.craftbukkit.inventory.FactoryItemMaterialTest" name="itemStack[Material[743]:VEX_SPAWN_EGG]" time="0"/>
  <testcase classname="org.bukkit.craftbukkit.inventory.FactoryItemMaterialTest" name="blankEqualities[Material[744]:VILLAGER_SPAWN_EGG]" time="0.007"/>
  <testcase classname="org.bukkit.craftbukkit.inventory.FactoryItemMaterialTest" name="generalCase[Material[744]:VILLAGER_SPAWN_EGG]" time="0"/>
  <testcase classname="org.bukkit.craftbukkit.inventory.FactoryItemMaterialTest" name="asMetaFor[Material[744]:VILLAGER_SPAWN_EGG]" time="0.009"/>
  <testcase classname="org.bukkit.craftbukkit.inventory.FactoryItemMaterialTest" name="itemStack[Material[744]:VILLAGER_SPAWN_EGG]" time="0"/>
  <testcase classname="org.bukkit.craftbukkit.inventory.FactoryItemMaterialTest" name="blankEqualities[Material[745]:VINDICATOR_SPAWN_EGG]" time="0.007"/>
  <testcase classname="org.bukkit.craftbukkit.inventory.FactoryItemMaterialTest" name="generalCase[Material[745]:VINDICATOR_SPAWN_EGG]" time="0"/>
  <testcase classname="org.bukkit.craftbukkit.inventory.FactoryItemMaterialTest" name="asMetaFor[Material[745]:VINDICATOR_SPAWN_EGG]" time="0.008"/>
  <testcase classname="org.bukkit.craftbukkit.inventory.FactoryItemMaterialTest" name="itemStack[Material[745]:VINDICATOR_SPAWN_EGG]" time="0"/>
  <testcase classname="org.bukkit.craftbukkit.inventory.FactoryItemMaterialTest" name="blankEqualities[Material[746]:VINE]" time="0.006"/>
  <testcase classname="org.bukkit.craftbukkit.inventory.FactoryItemMaterialTest" name="generalCase[Material[746]:VINE]" time="0.001"/>
  <testcase classname="org.bukkit.craftbukkit.inventory.FactoryItemMaterialTest" name="asMetaFor[Material[746]:VINE]" time="0.008"/>
  <testcase classname="org.bukkit.craftbukkit.inventory.FactoryItemMaterialTest" name="itemStack[Material[746]:VINE]" time="0.001"/>
  <testcase classname="org.bukkit.craftbukkit.inventory.FactoryItemMaterialTest" name="blankEqualities[Material[747]:WATER_BUCKET]" time="0.006"/>
  <testcase classname="org.bukkit.craftbukkit.inventory.FactoryItemMaterialTest" name="generalCase[Material[747]:WATER_BUCKET]" time="0.001"/>
  <testcase classname="org.bukkit.craftbukkit.inventory.FactoryItemMaterialTest" name="asMetaFor[Material[747]:WATER_BUCKET]" time="0.008"/>
  <testcase classname="org.bukkit.craftbukkit.inventory.FactoryItemMaterialTest" name="itemStack[Material[747]:WATER_BUCKET]" time="0.001"/>
  <testcase classname="org.bukkit.craftbukkit.inventory.FactoryItemMaterialTest" name="blankEqualities[Material[748]:WET_SPONGE]" time="0.006"/>
  <testcase classname="org.bukkit.craftbukkit.inventory.FactoryItemMaterialTest" name="generalCase[Material[748]:WET_SPONGE]" time="0.001"/>
  <testcase classname="org.bukkit.craftbukkit.inventory.FactoryItemMaterialTest" name="asMetaFor[Material[748]:WET_SPONGE]" time="0.008"/>
  <testcase classname="org.bukkit.craftbukkit.inventory.FactoryItemMaterialTest" name="itemStack[Material[748]:WET_SPONGE]" time="0.001"/>
  <testcase classname="org.bukkit.craftbukkit.inventory.FactoryItemMaterialTest" name="blankEqualities[Material[749]:WHEAT]" time="0.006"/>
  <testcase classname="org.bukkit.craftbukkit.inventory.FactoryItemMaterialTest" name="generalCase[Material[749]:WHEAT]" time="0"/>
  <testcase classname="org.bukkit.craftbukkit.inventory.FactoryItemMaterialTest" name="asMetaFor[Material[749]:WHEAT]" time="0.008"/>
  <testcase classname="org.bukkit.craftbukkit.inventory.FactoryItemMaterialTest" name="itemStack[Material[749]:WHEAT]" time="0.001"/>
  <testcase classname="org.bukkit.craftbukkit.inventory.FactoryItemMaterialTest" name="blankEqualities[Material[750]:WHEAT_SEEDS]" time="0.009"/>
  <testcase classname="org.bukkit.craftbukkit.inventory.FactoryItemMaterialTest" name="generalCase[Material[750]:WHEAT_SEEDS]" time="0"/>
  <testcase classname="org.bukkit.craftbukkit.inventory.FactoryItemMaterialTest" name="asMetaFor[Material[750]:WHEAT_SEEDS]" time="0.008"/>
  <testcase classname="org.bukkit.craftbukkit.inventory.FactoryItemMaterialTest" name="itemStack[Material[750]:WHEAT_SEEDS]" time="0"/>
  <testcase classname="org.bukkit.craftbukkit.inventory.FactoryItemMaterialTest" name="blankEqualities[Material[751]:WHITE_BANNER]" time="0.011"/>
  <testcase classname="org.bukkit.craftbukkit.inventory.FactoryItemMaterialTest" name="generalCase[Material[751]:WHITE_BANNER]" time="0"/>
  <testcase classname="org.bukkit.craftbukkit.inventory.FactoryItemMaterialTest" name="asMetaFor[Material[751]:WHITE_BANNER]" time="0.009"/>
  <testcase classname="org.bukkit.craftbukkit.inventory.FactoryItemMaterialTest" name="itemStack[Material[751]:WHITE_BANNER]" time="0"/>
  <testcase classname="org.bukkit.craftbukkit.inventory.FactoryItemMaterialTest" name="blankEqualities[Material[752]:WHITE_BED]" time="0.007"/>
  <testcase classname="org.bukkit.craftbukkit.inventory.FactoryItemMaterialTest" name="generalCase[Material[752]:WHITE_BED]" time="0"/>
  <testcase classname="org.bukkit.craftbukkit.inventory.FactoryItemMaterialTest" name="asMetaFor[Material[752]:WHITE_BED]" time="0.009"/>
  <testcase classname="org.bukkit.craftbukkit.inventory.FactoryItemMaterialTest" name="itemStack[Material[752]:WHITE_BED]" time="0.001"/>
  <testcase classname="org.bukkit.craftbukkit.inventory.FactoryItemMaterialTest" name="blankEqualities[Material[753]:WHITE_CARPET]" time="0.006"/>
  <testcase classname="org.bukkit.craftbukkit.inventory.FactoryItemMaterialTest" name="generalCase[Material[753]:WHITE_CARPET]" time="0.001"/>
  <testcase classname="org.bukkit.craftbukkit.inventory.FactoryItemMaterialTest" name="asMetaFor[Material[753]:WHITE_CARPET]" time="0.008"/>
  <testcase classname="org.bukkit.craftbukkit.inventory.FactoryItemMaterialTest" name="itemStack[Material[753]:WHITE_CARPET]" time="0"/>
  <testcase classname="org.bukkit.craftbukkit.inventory.FactoryItemMaterialTest" name="blankEqualities[Material[754]:WHITE_CONCRETE]" time="0.006"/>
  <testcase classname="org.bukkit.craftbukkit.inventory.FactoryItemMaterialTest" name="generalCase[Material[754]:WHITE_CONCRETE]" time="0"/>
  <testcase classname="org.bukkit.craftbukkit.inventory.FactoryItemMaterialTest" name="asMetaFor[Material[754]:WHITE_CONCRETE]" time="0.009"/>
  <testcase classname="org.bukkit.craftbukkit.inventory.FactoryItemMaterialTest" name="itemStack[Material[754]:WHITE_CONCRETE]" time="0"/>
  <testcase classname="org.bukkit.craftbukkit.inventory.FactoryItemMaterialTest" name="blankEqualities[Material[755]:WHITE_CONCRETE_POWDER]" time="0.007"/>
  <testcase classname="org.bukkit.craftbukkit.inventory.FactoryItemMaterialTest" name="generalCase[Material[755]:WHITE_CONCRETE_POWDER]" time="0"/>
  <testcase classname="org.bukkit.craftbukkit.inventory.FactoryItemMaterialTest" name="asMetaFor[Material[755]:WHITE_CONCRETE_POWDER]" time="0.02"/>
  <testcase classname="org.bukkit.craftbukkit.inventory.FactoryItemMaterialTest" name="itemStack[Material[755]:WHITE_CONCRETE_POWDER]" time="0"/>
  <testcase classname="org.bukkit.craftbukkit.inventory.FactoryItemMaterialTest" name="blankEqualities[Material[756]:WHITE_GLAZED_TERRACOTTA]" time="0.006"/>
  <testcase classname="org.bukkit.craftbukkit.inventory.FactoryItemMaterialTest" name="generalCase[Material[756]:WHITE_GLAZED_TERRACOTTA]" time="0"/>
  <testcase classname="org.bukkit.craftbukkit.inventory.FactoryItemMaterialTest" name="asMetaFor[Material[756]:WHITE_GLAZED_TERRACOTTA]" time="0.008"/>
  <testcase classname="org.bukkit.craftbukkit.inventory.FactoryItemMaterialTest" name="itemStack[Material[756]:WHITE_GLAZED_TERRACOTTA]" time="0.001"/>
  <testcase classname="org.bukkit.craftbukkit.inventory.FactoryItemMaterialTest" name="blankEqualities[Material[757]:WHITE_SHULKER_BOX]" time="0.007"/>
  <testcase classname="org.bukkit.craftbukkit.inventory.FactoryItemMaterialTest" name="generalCase[Material[757]:WHITE_SHULKER_BOX]" time="0"/>
  <testcase classname="org.bukkit.craftbukkit.inventory.FactoryItemMaterialTest" name="asMetaFor[Material[757]:WHITE_SHULKER_BOX]" time="0.009"/>
  <testcase classname="org.bukkit.craftbukkit.inventory.FactoryItemMaterialTest" name="itemStack[Material[757]:WHITE_SHULKER_BOX]" time="0"/>
  <testcase classname="org.bukkit.craftbukkit.inventory.FactoryItemMaterialTest" name="blankEqualities[Material[758]:WHITE_STAINED_GLASS]" time="0.007"/>
  <testcase classname="org.bukkit.craftbukkit.inventory.FactoryItemMaterialTest" name="generalCase[Material[758]:WHITE_STAINED_GLASS]" time="0"/>
  <testcase classname="org.bukkit.craftbukkit.inventory.FactoryItemMaterialTest" name="asMetaFor[Material[758]:WHITE_STAINED_GLASS]" time="0.009"/>
  <testcase classname="org.bukkit.craftbukkit.inventory.FactoryItemMaterialTest" name="itemStack[Material[758]:WHITE_STAINED_GLASS]" time="0"/>
  <testcase classname="org.bukkit.craftbukkit.inventory.FactoryItemMaterialTest" name="blankEqualities[Material[759]:WHITE_STAINED_GLASS_PANE]" time="0.007"/>
  <testcase classname="org.bukkit.craftbukkit.inventory.FactoryItemMaterialTest" name="generalCase[Material[759]:WHITE_STAINED_GLASS_PANE]" time="0"/>
  <testcase classname="org.bukkit.craftbukkit.inventory.FactoryItemMaterialTest" name="asMetaFor[Material[759]:WHITE_STAINED_GLASS_PANE]" time="0.009"/>
  <testcase classname="org.bukkit.craftbukkit.inventory.FactoryItemMaterialTest" name="itemStack[Material[759]:WHITE_STAINED_GLASS_PANE]" time="0"/>
  <testcase classname="org.bukkit.craftbukkit.inventory.FactoryItemMaterialTest" name="blankEqualities[Material[760]:WHITE_TERRACOTTA]" time="0.007"/>
  <testcase classname="org.bukkit.craftbukkit.inventory.FactoryItemMaterialTest" name="generalCase[Material[760]:WHITE_TERRACOTTA]" time="0"/>
  <testcase classname="org.bukkit.craftbukkit.inventory.FactoryItemMaterialTest" name="asMetaFor[Material[760]:WHITE_TERRACOTTA]" time="0.009"/>
  <testcase classname="org.bukkit.craftbukkit.inventory.FactoryItemMaterialTest" name="itemStack[Material[760]:WHITE_TERRACOTTA]" time="0"/>
  <testcase classname="org.bukkit.craftbukkit.inventory.FactoryItemMaterialTest" name="blankEqualities[Material[761]:WHITE_TULIP]" time="0.007"/>
  <testcase classname="org.bukkit.craftbukkit.inventory.FactoryItemMaterialTest" name="generalCase[Material[761]:WHITE_TULIP]" time="0"/>
  <testcase classname="org.bukkit.craftbukkit.inventory.FactoryItemMaterialTest" name="asMetaFor[Material[761]:WHITE_TULIP]" time="0.009"/>
  <testcase classname="org.bukkit.craftbukkit.inventory.FactoryItemMaterialTest" name="itemStack[Material[761]:WHITE_TULIP]" time="0"/>
  <testcase classname="org.bukkit.craftbukkit.inventory.FactoryItemMaterialTest" name="blankEqualities[Material[762]:WHITE_WOOL]" time="0.007"/>
  <testcase classname="org.bukkit.craftbukkit.inventory.FactoryItemMaterialTest" name="generalCase[Material[762]:WHITE_WOOL]" time="0"/>
  <testcase classname="org.bukkit.craftbukkit.inventory.FactoryItemMaterialTest" name="asMetaFor[Material[762]:WHITE_WOOL]" time="0.009"/>
  <testcase classname="org.bukkit.craftbukkit.inventory.FactoryItemMaterialTest" name="itemStack[Material[762]:WHITE_WOOL]" time="0"/>
  <testcase classname="org.bukkit.craftbukkit.inventory.FactoryItemMaterialTest" name="blankEqualities[Material[763]:WITCH_SPAWN_EGG]" time="0.007"/>
  <testcase classname="org.bukkit.craftbukkit.inventory.FactoryItemMaterialTest" name="generalCase[Material[763]:WITCH_SPAWN_EGG]" time="0"/>
  <testcase classname="org.bukkit.craftbukkit.inventory.FactoryItemMaterialTest" name="asMetaFor[Material[763]:WITCH_SPAWN_EGG]" time="0.008"/>
  <testcase classname="org.bukkit.craftbukkit.inventory.FactoryItemMaterialTest" name="itemStack[Material[763]:WITCH_SPAWN_EGG]" time="0"/>
  <testcase classname="org.bukkit.craftbukkit.inventory.FactoryItemMaterialTest" name="blankEqualities[Material[764]:WITHER_SKELETON_SKULL]" time="0.006"/>
  <testcase classname="org.bukkit.craftbukkit.inventory.FactoryItemMaterialTest" name="generalCase[Material[764]:WITHER_SKELETON_SKULL]" time="0"/>
  <testcase classname="org.bukkit.craftbukkit.inventory.FactoryItemMaterialTest" name="asMetaFor[Material[764]:WITHER_SKELETON_SKULL]" time="0.008"/>
  <testcase classname="org.bukkit.craftbukkit.inventory.FactoryItemMaterialTest" name="itemStack[Material[764]:WITHER_SKELETON_SKULL]" time="0.001"/>
  <testcase classname="org.bukkit.craftbukkit.inventory.FactoryItemMaterialTest" name="blankEqualities[Material[765]:WITHER_SKELETON_SPAWN_EGG]" time="0.007"/>
  <testcase classname="org.bukkit.craftbukkit.inventory.FactoryItemMaterialTest" name="generalCase[Material[765]:WITHER_SKELETON_SPAWN_EGG]" time="0"/>
  <testcase classname="org.bukkit.craftbukkit.inventory.FactoryItemMaterialTest" name="asMetaFor[Material[765]:WITHER_SKELETON_SPAWN_EGG]" time="0.009"/>
  <testcase classname="org.bukkit.craftbukkit.inventory.FactoryItemMaterialTest" name="itemStack[Material[765]:WITHER_SKELETON_SPAWN_EGG]" time="0"/>
  <testcase classname="org.bukkit.craftbukkit.inventory.FactoryItemMaterialTest" name="blankEqualities[Material[766]:WOLF_SPAWN_EGG]" time="0.007"/>
  <testcase classname="org.bukkit.craftbukkit.inventory.FactoryItemMaterialTest" name="generalCase[Material[766]:WOLF_SPAWN_EGG]" time="0.001"/>
  <testcase classname="org.bukkit.craftbukkit.inventory.FactoryItemMaterialTest" name="asMetaFor[Material[766]:WOLF_SPAWN_EGG]" time="0.008"/>
  <testcase classname="org.bukkit.craftbukkit.inventory.FactoryItemMaterialTest" name="itemStack[Material[766]:WOLF_SPAWN_EGG]" time="0.001"/>
  <testcase classname="org.bukkit.craftbukkit.inventory.FactoryItemMaterialTest" name="blankEqualities[Material[767]:WOODEN_AXE]" time="0.006"/>
  <testcase classname="org.bukkit.craftbukkit.inventory.FactoryItemMaterialTest" name="generalCase[Material[767]:WOODEN_AXE]" time="0"/>
  <testcase classname="org.bukkit.craftbukkit.inventory.FactoryItemMaterialTest" name="asMetaFor[Material[767]:WOODEN_AXE]" time="0.008"/>
  <testcase classname="org.bukkit.craftbukkit.inventory.FactoryItemMaterialTest" name="itemStack[Material[767]:WOODEN_AXE]" time="0"/>
  <testcase classname="org.bukkit.craftbukkit.inventory.FactoryItemMaterialTest" name="blankEqualities[Material[768]:WOODEN_HOE]" time="0.006"/>
  <testcase classname="org.bukkit.craftbukkit.inventory.FactoryItemMaterialTest" name="generalCase[Material[768]:WOODEN_HOE]" time="0"/>
  <testcase classname="org.bukkit.craftbukkit.inventory.FactoryItemMaterialTest" name="asMetaFor[Material[768]:WOODEN_HOE]" time="0.008"/>
  <testcase classname="org.bukkit.craftbukkit.inventory.FactoryItemMaterialTest" name="itemStack[Material[768]:WOODEN_HOE]" time="0"/>
  <testcase classname="org.bukkit.craftbukkit.inventory.FactoryItemMaterialTest" name="blankEqualities[Material[769]:WOODEN_PICKAXE]" time="0.006"/>
  <testcase classname="org.bukkit.craftbukkit.inventory.FactoryItemMaterialTest" name="generalCase[Material[769]:WOODEN_PICKAXE]" time="0"/>
  <testcase classname="org.bukkit.craftbukkit.inventory.FactoryItemMaterialTest" name="asMetaFor[Material[769]:WOODEN_PICKAXE]" time="0.009"/>
  <testcase classname="org.bukkit.craftbukkit.inventory.FactoryItemMaterialTest" name="itemStack[Material[769]:WOODEN_PICKAXE]" time="0"/>
  <testcase classname="org.bukkit.craftbukkit.inventory.FactoryItemMaterialTest" name="blankEqualities[Material[770]:WOODEN_SHOVEL]" time="0.007"/>
  <testcase classname="org.bukkit.craftbukkit.inventory.FactoryItemMaterialTest" name="generalCase[Material[770]:WOODEN_SHOVEL]" time="0"/>
  <testcase classname="org.bukkit.craftbukkit.inventory.FactoryItemMaterialTest" name="asMetaFor[Material[770]:WOODEN_SHOVEL]" time="0.009"/>
  <testcase classname="org.bukkit.craftbukkit.inventory.FactoryItemMaterialTest" name="itemStack[Material[770]:WOODEN_SHOVEL]" time="0"/>
  <testcase classname="org.bukkit.craftbukkit.inventory.FactoryItemMaterialTest" name="blankEqualities[Material[771]:WOODEN_SWORD]" time="0.006"/>
  <testcase classname="org.bukkit.craftbukkit.inventory.FactoryItemMaterialTest" name="generalCase[Material[771]:WOODEN_SWORD]" time="0"/>
  <testcase classname="org.bukkit.craftbukkit.inventory.FactoryItemMaterialTest" name="asMetaFor[Material[771]:WOODEN_SWORD]" time="0.009"/>
  <testcase classname="org.bukkit.craftbukkit.inventory.FactoryItemMaterialTest" name="itemStack[Material[771]:WOODEN_SWORD]" time="0"/>
  <testcase classname="org.bukkit.craftbukkit.inventory.FactoryItemMaterialTest" name="blankEqualities[Material[772]:WRITABLE_BOOK]" time="0.009"/>
  <testcase classname="org.bukkit.craftbukkit.inventory.FactoryItemMaterialTest" name="generalCase[Material[772]:WRITABLE_BOOK]" time="0"/>
  <testcase classname="org.bukkit.craftbukkit.inventory.FactoryItemMaterialTest" name="asMetaFor[Material[772]:WRITABLE_BOOK]" time="0.009"/>
  <testcase classname="org.bukkit.craftbukkit.inventory.FactoryItemMaterialTest" name="itemStack[Material[772]:WRITABLE_BOOK]" time="0"/>
  <testcase classname="org.bukkit.craftbukkit.inventory.FactoryItemMaterialTest" name="blankEqualities[Material[773]:WRITTEN_BOOK]" time="0.008"/>
  <testcase classname="org.bukkit.craftbukkit.inventory.FactoryItemMaterialTest" name="generalCase[Material[773]:WRITTEN_BOOK]" time="0"/>
  <testcase classname="org.bukkit.craftbukkit.inventory.FactoryItemMaterialTest" name="asMetaFor[Material[773]:WRITTEN_BOOK]" time="0.009"/>
  <testcase classname="org.bukkit.craftbukkit.inventory.FactoryItemMaterialTest" name="itemStack[Material[773]:WRITTEN_BOOK]" time="0"/>
  <testcase classname="org.bukkit.craftbukkit.inventory.FactoryItemMaterialTest" name="blankEqualities[Material[774]:YELLOW_BANNER]" time="0.008"/>
  <testcase classname="org.bukkit.craftbukkit.inventory.FactoryItemMaterialTest" name="generalCase[Material[774]:YELLOW_BANNER]" time="0"/>
  <testcase classname="org.bukkit.craftbukkit.inventory.FactoryItemMaterialTest" name="asMetaFor[Material[774]:YELLOW_BANNER]" time="0.008"/>
  <testcase classname="org.bukkit.craftbukkit.inventory.FactoryItemMaterialTest" name="itemStack[Material[774]:YELLOW_BANNER]" time="0"/>
  <testcase classname="org.bukkit.craftbukkit.inventory.FactoryItemMaterialTest" name="blankEqualities[Material[775]:YELLOW_BED]" time="0.007"/>
  <testcase classname="org.bukkit.craftbukkit.inventory.FactoryItemMaterialTest" name="generalCase[Material[775]:YELLOW_BED]" time="0"/>
  <testcase classname="org.bukkit.craftbukkit.inventory.FactoryItemMaterialTest" name="asMetaFor[Material[775]:YELLOW_BED]" time="0.023"/>
  <testcase classname="org.bukkit.craftbukkit.inventory.FactoryItemMaterialTest" name="itemStack[Material[775]:YELLOW_BED]" time="0"/>
  <testcase classname="org.bukkit.craftbukkit.inventory.FactoryItemMaterialTest" name="blankEqualities[Material[776]:YELLOW_CARPET]" time="0.007"/>
  <testcase classname="org.bukkit.craftbukkit.inventory.FactoryItemMaterialTest" name="generalCase[Material[776]:YELLOW_CARPET]" time="0"/>
  <testcase classname="org.bukkit.craftbukkit.inventory.FactoryItemMaterialTest" name="asMetaFor[Material[776]:YELLOW_CARPET]" time="0.009"/>
  <testcase classname="org.bukkit.craftbukkit.inventory.FactoryItemMaterialTest" name="itemStack[Material[776]:YELLOW_CARPET]" time="0"/>
  <testcase classname="org.bukkit.craftbukkit.inventory.FactoryItemMaterialTest" name="blankEqualities[Material[777]:YELLOW_CONCRETE]" time="0.007"/>
  <testcase classname="org.bukkit.craftbukkit.inventory.FactoryItemMaterialTest" name="generalCase[Material[777]:YELLOW_CONCRETE]" time="0"/>
  <testcase classname="org.bukkit.craftbukkit.inventory.FactoryItemMaterialTest" name="asMetaFor[Material[777]:YELLOW_CONCRETE]" time="0.009"/>
  <testcase classname="org.bukkit.craftbukkit.inventory.FactoryItemMaterialTest" name="itemStack[Material[777]:YELLOW_CONCRETE]" time="0"/>
  <testcase classname="org.bukkit.craftbukkit.inventory.FactoryItemMaterialTest" name="blankEqualities[Material[778]:YELLOW_CONCRETE_POWDER]" time="0.006"/>
  <testcase classname="org.bukkit.craftbukkit.inventory.FactoryItemMaterialTest" name="generalCase[Material[778]:YELLOW_CONCRETE_POWDER]" time="0"/>
  <testcase classname="org.bukkit.craftbukkit.inventory.FactoryItemMaterialTest" name="asMetaFor[Material[778]:YELLOW_CONCRETE_POWDER]" time="0.008"/>
  <testcase classname="org.bukkit.craftbukkit.inventory.FactoryItemMaterialTest" name="itemStack[Material[778]:YELLOW_CONCRETE_POWDER]" time="0"/>
  <testcase classname="org.bukkit.craftbukkit.inventory.FactoryItemMaterialTest" name="blankEqualities[Material[779]:YELLOW_GLAZED_TERRACOTTA]" time="0.006"/>
  <testcase classname="org.bukkit.craftbukkit.inventory.FactoryItemMaterialTest" name="generalCase[Material[779]:YELLOW_GLAZED_TERRACOTTA]" time="0"/>
  <testcase classname="org.bukkit.craftbukkit.inventory.FactoryItemMaterialTest" name="asMetaFor[Material[779]:YELLOW_GLAZED_TERRACOTTA]" time="0.009"/>
  <testcase classname="org.bukkit.craftbukkit.inventory.FactoryItemMaterialTest" name="itemStack[Material[779]:YELLOW_GLAZED_TERRACOTTA]" time="0"/>
  <testcase classname="org.bukkit.craftbukkit.inventory.FactoryItemMaterialTest" name="blankEqualities[Material[780]:YELLOW_SHULKER_BOX]" time="0.007"/>
  <testcase classname="org.bukkit.craftbukkit.inventory.FactoryItemMaterialTest" name="generalCase[Material[780]:YELLOW_SHULKER_BOX]" time="0"/>
  <testcase classname="org.bukkit.craftbukkit.inventory.FactoryItemMaterialTest" name="asMetaFor[Material[780]:YELLOW_SHULKER_BOX]" time="0.008"/>
  <testcase classname="org.bukkit.craftbukkit.inventory.FactoryItemMaterialTest" name="itemStack[Material[780]:YELLOW_SHULKER_BOX]" time="0"/>
  <testcase classname="org.bukkit.craftbukkit.inventory.FactoryItemMaterialTest" name="blankEqualities[Material[781]:YELLOW_STAINED_GLASS]" time="0.006"/>
  <testcase classname="org.bukkit.craftbukkit.inventory.FactoryItemMaterialTest" name="generalCase[Material[781]:YELLOW_STAINED_GLASS]" time="0"/>
  <testcase classname="org.bukkit.craftbukkit.inventory.FactoryItemMaterialTest" name="asMetaFor[Material[781]:YELLOW_STAINED_GLASS]" time="0.009"/>
  <testcase classname="org.bukkit.craftbukkit.inventory.FactoryItemMaterialTest" name="itemStack[Material[781]:YELLOW_STAINED_GLASS]" time="0"/>
  <testcase classname="org.bukkit.craftbukkit.inventory.FactoryItemMaterialTest" name="blankEqualities[Material[782]:YELLOW_STAINED_GLASS_PANE]" time="0.007"/>
  <testcase classname="org.bukkit.craftbukkit.inventory.FactoryItemMaterialTest" name="generalCase[Material[782]:YELLOW_STAINED_GLASS_PANE]" time="0"/>
  <testcase classname="org.bukkit.craftbukkit.inventory.FactoryItemMaterialTest" name="asMetaFor[Material[782]:YELLOW_STAINED_GLASS_PANE]" time="0.008"/>
  <testcase classname="org.bukkit.craftbukkit.inventory.FactoryItemMaterialTest" name="itemStack[Material[782]:YELLOW_STAINED_GLASS_PANE]" time="0.001"/>
  <testcase classname="org.bukkit.craftbukkit.inventory.FactoryItemMaterialTest" name="blankEqualities[Material[783]:YELLOW_TERRACOTTA]" time="0.006"/>
  <testcase classname="org.bukkit.craftbukkit.inventory.FactoryItemMaterialTest" name="generalCase[Material[783]:YELLOW_TERRACOTTA]" time="0.001"/>
  <testcase classname="org.bukkit.craftbukkit.inventory.FactoryItemMaterialTest" name="asMetaFor[Material[783]:YELLOW_TERRACOTTA]" time="0.008"/>
  <testcase classname="org.bukkit.craftbukkit.inventory.FactoryItemMaterialTest" name="itemStack[Material[783]:YELLOW_TERRACOTTA]" time="0.001"/>
  <testcase classname="org.bukkit.craftbukkit.inventory.FactoryItemMaterialTest" name="blankEqualities[Material[784]:YELLOW_WOOL]" time="0.006"/>
  <testcase classname="org.bukkit.craftbukkit.inventory.FactoryItemMaterialTest" name="generalCase[Material[784]:YELLOW_WOOL]" time="0.001"/>
  <testcase classname="org.bukkit.craftbukkit.inventory.FactoryItemMaterialTest" name="asMetaFor[Material[784]:YELLOW_WOOL]" time="0.008"/>
  <testcase classname="org.bukkit.craftbukkit.inventory.FactoryItemMaterialTest" name="itemStack[Material[784]:YELLOW_WOOL]" time="0.001"/>
  <testcase classname="org.bukkit.craftbukkit.inventory.FactoryItemMaterialTest" name="blankEqualities[Material[785]:ZOMBIE_HEAD]" time="0.006"/>
  <testcase classname="org.bukkit.craftbukkit.inventory.FactoryItemMaterialTest" name="generalCase[Material[785]:ZOMBIE_HEAD]" time="0.001"/>
  <testcase classname="org.bukkit.craftbukkit.inventory.FactoryItemMaterialTest" name="asMetaFor[Material[785]:ZOMBIE_HEAD]" time="0.008"/>
  <testcase classname="org.bukkit.craftbukkit.inventory.FactoryItemMaterialTest" name="itemStack[Material[785]:ZOMBIE_HEAD]" time="0.001"/>
  <testcase classname="org.bukkit.craftbukkit.inventory.FactoryItemMaterialTest" name="blankEqualities[Material[786]:ZOMBIE_HORSE_SPAWN_EGG]" time="0.007"/>
  <testcase classname="org.bukkit.craftbukkit.inventory.FactoryItemMaterialTest" name="generalCase[Material[786]:ZOMBIE_HORSE_SPAWN_EGG]" time="0"/>
  <testcase classname="org.bukkit.craftbukkit.inventory.FactoryItemMaterialTest" name="asMetaFor[Material[786]:ZOMBIE_HORSE_SPAWN_EGG]" time="0.009"/>
  <testcase classname="org.bukkit.craftbukkit.inventory.FactoryItemMaterialTest" name="itemStack[Material[786]:ZOMBIE_HORSE_SPAWN_EGG]" time="0"/>
  <testcase classname="org.bukkit.craftbukkit.inventory.FactoryItemMaterialTest" name="blankEqualities[Material[787]:ZOMBIE_PIGMAN_SPAWN_EGG]" time="0.007"/>
  <testcase classname="org.bukkit.craftbukkit.inventory.FactoryItemMaterialTest" name="generalCase[Material[787]:ZOMBIE_PIGMAN_SPAWN_EGG]" time="0"/>
  <testcase classname="org.bukkit.craftbukkit.inventory.FactoryItemMaterialTest" name="asMetaFor[Material[787]:ZOMBIE_PIGMAN_SPAWN_EGG]" time="0.008"/>
  <testcase classname="org.bukkit.craftbukkit.inventory.FactoryItemMaterialTest" name="itemStack[Material[787]:ZOMBIE_PIGMAN_SPAWN_EGG]" time="0.001"/>
  <testcase classname="org.bukkit.craftbukkit.inventory.FactoryItemMaterialTest" name="blankEqualities[Material[788]:ZOMBIE_SPAWN_EGG]" time="0.007"/>
  <testcase classname="org.bukkit.craftbukkit.inventory.FactoryItemMaterialTest" name="generalCase[Material[788]:ZOMBIE_SPAWN_EGG]" time="0"/>
  <testcase classname="org.bukkit.craftbukkit.inventory.FactoryItemMaterialTest" name="asMetaFor[Material[788]:ZOMBIE_SPAWN_EGG]" time="0.009"/>
  <testcase classname="org.bukkit.craftbukkit.inventory.FactoryItemMaterialTest" name="itemStack[Material[788]:ZOMBIE_SPAWN_EGG]" time="0"/>
  <testcase classname="org.bukkit.craftbukkit.inventory.FactoryItemMaterialTest" name="blankEqualities[Material[789]:ZOMBIE_VILLAGER_SPAWN_EGG]" time="0.007"/>
  <testcase classname="org.bukkit.craftbukkit.inventory.FactoryItemMaterialTest" name="generalCase[Material[789]:ZOMBIE_VILLAGER_SPAWN_EGG]" time="0"/>
  <testcase classname="org.bukkit.craftbukkit.inventory.FactoryItemMaterialTest" name="asMetaFor[Material[789]:ZOMBIE_VILLAGER_SPAWN_EGG]" time="0.008"/>
  <testcase classname="org.bukkit.craftbukkit.inventory.FactoryItemMaterialTest" name="itemStack[Material[789]:ZOMBIE_VILLAGER_SPAWN_EGG]" time="0.001"/>
</testsuite>