<?xml version="1.0" encoding="UTF-8" ?>
<testsuite tests="17400" failures="0" name="org.bukkit.PerMaterialTest" time="7.398" errors="0" skipped="0">
  <properties>
    <property name="java.runtime.name" value="Java(TM) SE Runtime Environment"/>
    <property name="sun.boot.library.path" value="/usr/lib/jvm/jdk-8-oracle-arm32-vfp-hflt/jre/lib/arm"/>
    <property name="java.vm.version" value="25.65-b01"/>
    <property name="java.vm.vendor" value="Oracle Corporation"/>
    <property name="maven.multiModuleProjectDirectory" value="/home/pi/minecraft/Spigot"/>
    <property name="java.vendor.url" value="http://java.oracle.com/"/>
    <property name="path.separator" value=":"/>
    <property name="guice.disable.misplaced.annotation.check" value="true"/>
    <property name="java.vm.name" value="Java HotSpot(TM) Client VM"/>
    <property name="file.encoding.pkg" value="sun.io"/>
    <property name="user.country" value="GB"/>
    <property name="sun.java.launcher" value="SUN_STANDARD"/>
    <property name="sun.os.patch.level" value="unknown"/>
    <property name="java.vm.specification.name" value="Java Virtual Machine Specification"/>
    <property name="user.dir" value="/home/pi/minecraft/Spigot"/>
    <property name="java.runtime.version" value="1.8.0_65-b17"/>
    <property name="java.awt.graphicsenv" value="sun.awt.X11GraphicsEnvironment"/>
    <property name="java.endorsed.dirs" value="/usr/lib/jvm/jdk-8-oracle-arm32-vfp-hflt/jre/lib/endorsed"/>
    <property name="os.arch" value="arm"/>
    <property name="java.io.tmpdir" value="/tmp"/>
    <property name="line.separator" value="
"/>
    <property name="java.vm.specification.vendor" value="Oracle Corporation"/>
    <property name="os.name" value="Linux"/>
    <property name="classworlds.conf" value="/home/pi/minecraft/apache-maven-3.5.0/bin/m2.conf"/>
    <property name="sun.jnu.encoding" value="ISO-8859-1"/>
    <property name="java.library.path" value="/usr/java/packages/lib/arm:/lib:/usr/lib"/>
    <property name="maven.conf" value="/home/pi/minecraft/apache-maven-3.5.0/conf"/>
    <property name="java.specification.name" value="Java Platform API Specification"/>
    <property name="java.class.version" value="52.0"/>
    <property name="sun.management.compiler" value="HotSpot Client Compiler"/>
    <property name="os.version" value="4.14.79-v7+"/>
    <property name="library.jansi.path" value="/home/pi/minecraft/apache-maven-3.5.0/lib/jansi-native/linux32"/>
    <property name="user.home" value="/home/pi"/>
    <property name="sun.arch.abi" value="gnueabihf"/>
    <property name="user.timezone" value="Europe/Riga"/>
    <property name="java.awt.printerjob" value="sun.print.PSPrinterJob"/>
    <property name="java.specification.version" value="1.8"/>
    <property name="file.encoding" value="ISO-8859-1"/>
    <property name="user.name" value="pi"/>
    <property name="java.class.path" value="/home/pi/minecraft/apache-maven-3.5.0/boot/plexus-classworlds-2.5.2.jar"/>
    <property name="jdk.net.URLClassPath.disableClassPathURLCheck" value="true"/>
    <property name="java.vm.specification.version" value="1.8"/>
    <property name="sun.arch.data.model" value="32"/>
    <property name="java.home" value="/usr/lib/jvm/jdk-8-oracle-arm32-vfp-hflt/jre"/>
    <property name="sun.java.command" value="org.codehaus.plexus.classworlds.launcher.Launcher clean install"/>
    <property name="java.specification.vendor" value="Oracle Corporation"/>
    <property name="user.language" value="en"/>
    <property name="awt.toolkit" value="sun.awt.X11.XToolkit"/>
    <property name="java.vm.info" value="mixed mode"/>
    <property name="java.version" value="1.8.0_65"/>
    <property name="java.ext.dirs" value="/usr/lib/jvm/jdk-8-oracle-arm32-vfp-hflt/jre/lib/ext:/usr/java/packages/lib/ext"/>
    <property name="securerandom.source" value="file:/dev/./urandom"/>
    <property name="sun.boot.class.path" value="/usr/lib/jvm/jdk-8-oracle-arm32-vfp-hflt/jre/lib/resources.jar:/usr/lib/jvm/jdk-8-oracle-arm32-vfp-hflt/jre/lib/rt.jar:/usr/lib/jvm/jdk-8-oracle-arm32-vfp-hflt/jre/lib/sunrsasign.jar:/usr/lib/jvm/jdk-8-oracle-arm32-vfp-hflt/jre/lib/jsse.jar:/usr/lib/jvm/jdk-8-oracle-arm32-vfp-hflt/jre/lib/jce.jar:/usr/lib/jvm/jdk-8-oracle-arm32-vfp-hflt/jre/lib/charsets.jar:/usr/lib/jvm/jdk-8-oracle-arm32-vfp-hflt/jre/lib/jfr.jar:/usr/lib/jvm/jdk-8-oracle-arm32-vfp-hflt/jre/classes"/>
    <property name="java.vendor" value="Oracle Corporation"/>
    <property name="maven.home" value="/home/pi/minecraft/apache-maven-3.5.0"/>
    <property name="file.separator" value="/"/>
    <property name="java.vendor.url.bug" value="http://bugreport.sun.com/bugreport/"/>
    <property name="sun.cpu.endian" value="little"/>
    <property name="sun.io.unicode.encoding" value="UnicodeLittle"/>
    <property name="sun.cpu.isalist" value=""/>
  </properties>
  <testcase classname="org.bukkit.PerMaterialTest" name="hasGravity[0: ACACIA_BOAT]" time="0"/>
  <testcase classname="org.bukkit.PerMaterialTest" name="isBurnable[0: ACACIA_BOAT]" time="0"/>
  <testcase classname="org.bukkit.PerMaterialTest" name="testInteractable[0: ACACIA_BOAT]" time="0"/>
  <testcase classname="org.bukkit.PerMaterialTest" name="testBlock[0: ACACIA_BOAT]" time="0"/>
  <testcase classname="org.bukkit.PerMaterialTest" name="isFuel[0: ACACIA_BOAT]" time="0.002"/>
  <testcase classname="org.bukkit.PerMaterialTest" name="testItem[0: ACACIA_BOAT]" time="0"/>
  <testcase classname="org.bukkit.PerMaterialTest" name="testBlastResistance[0: ACACIA_BOAT]" time="0"/>
  <testcase classname="org.bukkit.PerMaterialTest" name="isEdible[0: ACACIA_BOAT]" time="0"/>
  <testcase classname="org.bukkit.PerMaterialTest" name="maxDurability[0: ACACIA_BOAT]" time="0"/>
  <testcase classname="org.bukkit.PerMaterialTest" name="usesDurability[0: ACACIA_BOAT]" time="0.001"/>
  <testcase classname="org.bukkit.PerMaterialTest" name="isOccluding[0: ACACIA_BOAT]" time="0"/>
  <testcase classname="org.bukkit.PerMaterialTest" name="isRecord[0: ACACIA_BOAT]" time="0"/>
  <testcase classname="org.bukkit.PerMaterialTest" name="isFlammable[0: ACACIA_BOAT]" time="0.091"/>
  <testcase classname="org.bukkit.PerMaterialTest" name="testDurability[0: ACACIA_BOAT]" time="0"/>
  <testcase classname="org.bukkit.PerMaterialTest" name="testBlockHardness[0: ACACIA_BOAT]" time="0"/>
  <testcase classname="org.bukkit.PerMaterialTest" name="maxStackSize[0: ACACIA_BOAT]" time="0.001"/>
  <testcase classname="org.bukkit.PerMaterialTest" name="isTransparent[0: ACACIA_BOAT]" time="0"/>
  <testcase classname="org.bukkit.PerMaterialTest" name="testBlockDataCreation[0: ACACIA_BOAT]" time="0"/>
  <testcase classname="org.bukkit.PerMaterialTest" name="isBlock[0: ACACIA_BOAT]" time="0"/>
  <testcase classname="org.bukkit.PerMaterialTest" name="isSolid[0: ACACIA_BOAT]" time="0"/>
  <testcase classname="org.bukkit.PerMaterialTest" name="hasGravity[1: ACACIA_BUTTON]" time="0.001"/>
  <testcase classname="org.bukkit.PerMaterialTest" name="isBurnable[1: ACACIA_BUTTON]" time="0"/>
  <testcase classname="org.bukkit.PerMaterialTest" name="testInteractable[1: ACACIA_BUTTON]" time="0.001"/>
  <testcase classname="org.bukkit.PerMaterialTest" name="testBlock[1: ACACIA_BUTTON]" time="0"/>
  <testcase classname="org.bukkit.PerMaterialTest" name="isFuel[1: ACACIA_BUTTON]" time="0"/>
  <testcase classname="org.bukkit.PerMaterialTest" name="testItem[1: ACACIA_BUTTON]" time="0"/>
  <testcase classname="org.bukkit.PerMaterialTest" name="testBlastResistance[1: ACACIA_BUTTON]" time="0.001"/>
  <testcase classname="org.bukkit.PerMaterialTest" name="isEdible[1: ACACIA_BUTTON]" time="0"/>
  <testcase classname="org.bukkit.PerMaterialTest" name="maxDurability[1: ACACIA_BUTTON]" time="0"/>
  <testcase classname="org.bukkit.PerMaterialTest" name="usesDurability[1: ACACIA_BUTTON]" time="0"/>
  <testcase classname="org.bukkit.PerMaterialTest" name="isOccluding[1: ACACIA_BUTTON]" time="0"/>
  <testcase classname="org.bukkit.PerMaterialTest" name="isRecord[1: ACACIA_BUTTON]" time="0"/>
  <testcase classname="org.bukkit.PerMaterialTest" name="isFlammable[1: ACACIA_BUTTON]" time="0"/>
  <testcase classname="org.bukkit.PerMaterialTest" name="testDurability[1: ACACIA_BUTTON]" time="0"/>
  <testcase classname="org.bukkit.PerMaterialTest" name="testBlockHardness[1: ACACIA_BUTTON]" time="0"/>
  <testcase classname="org.bukkit.PerMaterialTest" name="maxStackSize[1: ACACIA_BUTTON]" time="0"/>
  <testcase classname="org.bukkit.PerMaterialTest" name="isTransparent[1: ACACIA_BUTTON]" time="0"/>
  <testcase classname="org.bukkit.PerMaterialTest" name="testBlockDataCreation[1: ACACIA_BUTTON]" time="0.001"/>
  <testcase classname="org.bukkit.PerMaterialTest" name="isBlock[1: ACACIA_BUTTON]" time="0"/>
  <testcase classname="org.bukkit.PerMaterialTest" name="isSolid[1: ACACIA_BUTTON]" time="0"/>
  <testcase classname="org.bukkit.PerMaterialTest" name="hasGravity[2: ACACIA_DOOR]" time="0"/>
  <testcase classname="org.bukkit.PerMaterialTest" name="isBurnable[2: ACACIA_DOOR]" time="0"/>
  <testcase classname="org.bukkit.PerMaterialTest" name="testInteractable[2: ACACIA_DOOR]" time="0.001"/>
  <testcase classname="org.bukkit.PerMaterialTest" name="testBlock[2: ACACIA_DOOR]" time="0"/>
  <testcase classname="org.bukkit.PerMaterialTest" name="isFuel[2: ACACIA_DOOR]" time="0.001"/>
  <testcase classname="org.bukkit.PerMaterialTest" name="testItem[2: ACACIA_DOOR]" time="0"/>
  <testcase classname="org.bukkit.PerMaterialTest" name="testBlastResistance[2: ACACIA_DOOR]" time="0"/>
  <testcase classname="org.bukkit.PerMaterialTest" name="isEdible[2: ACACIA_DOOR]" time="0"/>
  <testcase classname="org.bukkit.PerMaterialTest" name="maxDurability[2: ACACIA_DOOR]" time="0"/>
  <testcase classname="org.bukkit.PerMaterialTest" name="usesDurability[2: ACACIA_DOOR]" time="0"/>
  <testcase classname="org.bukkit.PerMaterialTest" name="isOccluding[2: ACACIA_DOOR]" time="0.001"/>
  <testcase classname="org.bukkit.PerMaterialTest" name="isRecord[2: ACACIA_DOOR]" time="0"/>
  <testcase classname="org.bukkit.PerMaterialTest" name="isFlammable[2: ACACIA_DOOR]" time="0"/>
  <testcase classname="org.bukkit.PerMaterialTest" name="testDurability[2: ACACIA_DOOR]" time="0"/>
  <testcase classname="org.bukkit.PerMaterialTest" name="testBlockHardness[2: ACACIA_DOOR]" time="0"/>
  <testcase classname="org.bukkit.PerMaterialTest" name="maxStackSize[2: ACACIA_DOOR]" time="0"/>
  <testcase classname="org.bukkit.PerMaterialTest" name="isTransparent[2: ACACIA_DOOR]" time="0.001"/>
  <testcase classname="org.bukkit.PerMaterialTest" name="testBlockDataCreation[2: ACACIA_DOOR]" time="0"/>
  <testcase classname="org.bukkit.PerMaterialTest" name="isBlock[2: ACACIA_DOOR]" time="0"/>
  <testcase classname="org.bukkit.PerMaterialTest" name="isSolid[2: ACACIA_DOOR]" time="0"/>
  <testcase classname="org.bukkit.PerMaterialTest" name="hasGravity[3: ACACIA_FENCE]" time="0"/>
  <testcase classname="org.bukkit.PerMaterialTest" name="isBurnable[3: ACACIA_FENCE]" time="0"/>
  <testcase classname="org.bukkit.PerMaterialTest" name="testInteractable[3: ACACIA_FENCE]" time="0.001"/>
  <testcase classname="org.bukkit.PerMaterialTest" name="testBlock[3: ACACIA_FENCE]" time="0"/>
  <testcase classname="org.bukkit.PerMaterialTest" name="isFuel[3: ACACIA_FENCE]" time="0"/>
  <testcase classname="org.bukkit.PerMaterialTest" name="testItem[3: ACACIA_FENCE]" time="0"/>
  <testcase classname="org.bukkit.PerMaterialTest" name="testBlastResistance[3: ACACIA_FENCE]" time="0"/>
  <testcase classname="org.bukkit.PerMaterialTest" name="isEdible[3: ACACIA_FENCE]" time="0"/>
  <testcase classname="org.bukkit.PerMaterialTest" name="maxDurability[3: ACACIA_FENCE]" time="0"/>
  <testcase classname="org.bukkit.PerMaterialTest" name="usesDurability[3: ACACIA_FENCE]" time="0"/>
  <testcase classname="org.bukkit.PerMaterialTest" name="isOccluding[3: ACACIA_FENCE]" time="0"/>
  <testcase classname="org.bukkit.PerMaterialTest" name="isRecord[3: ACACIA_FENCE]" time="0"/>
  <testcase classname="org.bukkit.PerMaterialTest" name="isFlammable[3: ACACIA_FENCE]" time="0"/>
  <testcase classname="org.bukkit.PerMaterialTest" name="testDurability[3: ACACIA_FENCE]" time="0"/>
  <testcase classname="org.bukkit.PerMaterialTest" name="testBlockHardness[3: ACACIA_FENCE]" time="0"/>
  <testcase classname="org.bukkit.PerMaterialTest" name="maxStackSize[3: ACACIA_FENCE]" time="0"/>
  <testcase classname="org.bukkit.PerMaterialTest" name="isTransparent[3: ACACIA_FENCE]" time="0"/>
  <testcase classname="org.bukkit.PerMaterialTest" name="testBlockDataCreation[3: ACACIA_FENCE]" time="0"/>
  <testcase classname="org.bukkit.PerMaterialTest" name="isBlock[3: ACACIA_FENCE]" time="0.001"/>
  <testcase classname="org.bukkit.PerMaterialTest" name="isSolid[3: ACACIA_FENCE]" time="0"/>
  <testcase classname="org.bukkit.PerMaterialTest" name="hasGravity[4: ACACIA_FENCE_GATE]" time="0"/>
  <testcase classname="org.bukkit.PerMaterialTest" name="isBurnable[4: ACACIA_FENCE_GATE]" time="0"/>
  <testcase classname="org.bukkit.PerMaterialTest" name="testInteractable[4: ACACIA_FENCE_GATE]" time="0"/>
  <testcase classname="org.bukkit.PerMaterialTest" name="testBlock[4: ACACIA_FENCE_GATE]" time="0"/>
  <testcase classname="org.bukkit.PerMaterialTest" name="isFuel[4: ACACIA_FENCE_GATE]" time="0"/>
  <testcase classname="org.bukkit.PerMaterialTest" name="testItem[4: ACACIA_FENCE_GATE]" time="0"/>
  <testcase classname="org.bukkit.PerMaterialTest" name="testBlastResistance[4: ACACIA_FENCE_GATE]" time="0"/>
  <testcase classname="org.bukkit.PerMaterialTest" name="isEdible[4: ACACIA_FENCE_GATE]" time="0"/>
  <testcase classname="org.bukkit.PerMaterialTest" name="maxDurability[4: ACACIA_FENCE_GATE]" time="0"/>
  <testcase classname="org.bukkit.PerMaterialTest" name="usesDurability[4: ACACIA_FENCE_GATE]" time="0"/>
  <testcase classname="org.bukkit.PerMaterialTest" name="isOccluding[4: ACACIA_FENCE_GATE]" time="0"/>
  <testcase classname="org.bukkit.PerMaterialTest" name="isRecord[4: ACACIA_FENCE_GATE]" time="0"/>
  <testcase classname="org.bukkit.PerMaterialTest" name="isFlammable[4: ACACIA_FENCE_GATE]" time="0"/>
  <testcase classname="org.bukkit.PerMaterialTest" name="testDurability[4: ACACIA_FENCE_GATE]" time="0"/>
  <testcase classname="org.bukkit.PerMaterialTest" name="testBlockHardness[4: ACACIA_FENCE_GATE]" time="0"/>
  <testcase classname="org.bukkit.PerMaterialTest" name="maxStackSize[4: ACACIA_FENCE_GATE]" time="0"/>
  <testcase classname="org.bukkit.PerMaterialTest" name="isTransparent[4: ACACIA_FENCE_GATE]" time="0"/>
  <testcase classname="org.bukkit.PerMaterialTest" name="testBlockDataCreation[4: ACACIA_FENCE_GATE]" time="0"/>
  <testcase classname="org.bukkit.PerMaterialTest" name="isBlock[4: ACACIA_FENCE_GATE]" time="0"/>
  <testcase classname="org.bukkit.PerMaterialTest" name="isSolid[4: ACACIA_FENCE_GATE]" time="0"/>
  <testcase classname="org.bukkit.PerMaterialTest" name="hasGravity[5: ACACIA_LEAVES]" time="0"/>
  <testcase classname="org.bukkit.PerMaterialTest" name="isBurnable[5: ACACIA_LEAVES]" time="0"/>
  <testcase classname="org.bukkit.PerMaterialTest" name="testInteractable[5: ACACIA_LEAVES]" time="0.002"/>
  <testcase classname="org.bukkit.PerMaterialTest" name="testBlock[5: ACACIA_LEAVES]" time="0"/>
  <testcase classname="org.bukkit.PerMaterialTest" name="isFuel[5: ACACIA_LEAVES]" time="0"/>
  <testcase classname="org.bukkit.PerMaterialTest" name="testItem[5: ACACIA_LEAVES]" time="0"/>
  <testcase classname="org.bukkit.PerMaterialTest" name="testBlastResistance[5: ACACIA_LEAVES]" time="0.001"/>
  <testcase classname="org.bukkit.PerMaterialTest" name="isEdible[5: ACACIA_LEAVES]" time="0"/>
  <testcase classname="org.bukkit.PerMaterialTest" name="maxDurability[5: ACACIA_LEAVES]" time="0"/>
  <testcase classname="org.bukkit.PerMaterialTest" name="usesDurability[5: ACACIA_LEAVES]" time="0"/>
  <testcase classname="org.bukkit.PerMaterialTest" name="isOccluding[5: ACACIA_LEAVES]" time="0"/>
  <testcase classname="org.bukkit.PerMaterialTest" name="isRecord[5: ACACIA_LEAVES]" time="0"/>
  <testcase classname="org.bukkit.PerMaterialTest" name="isFlammable[5: ACACIA_LEAVES]" time="0"/>
  <testcase classname="org.bukkit.PerMaterialTest" name="testDurability[5: ACACIA_LEAVES]" time="0.001"/>
  <testcase classname="org.bukkit.PerMaterialTest" name="testBlockHardness[5: ACACIA_LEAVES]" time="0"/>
  <testcase classname="org.bukkit.PerMaterialTest" name="maxStackSize[5: ACACIA_LEAVES]" time="0"/>
  <testcase classname="org.bukkit.PerMaterialTest" name="isTransparent[5: ACACIA_LEAVES]" time="0"/>
  <testcase classname="org.bukkit.PerMaterialTest" name="testBlockDataCreation[5: ACACIA_LEAVES]" time="0"/>
  <testcase classname="org.bukkit.PerMaterialTest" name="isBlock[5: ACACIA_LEAVES]" time="0"/>
  <testcase classname="org.bukkit.PerMaterialTest" name="isSolid[5: ACACIA_LEAVES]" time="0"/>
  <testcase classname="org.bukkit.PerMaterialTest" name="hasGravity[6: ACACIA_LOG]" time="0"/>
  <testcase classname="org.bukkit.PerMaterialTest" name="isBurnable[6: ACACIA_LOG]" time="0"/>
  <testcase classname="org.bukkit.PerMaterialTest" name="testInteractable[6: ACACIA_LOG]" time="0"/>
  <testcase classname="org.bukkit.PerMaterialTest" name="testBlock[6: ACACIA_LOG]" time="0"/>
  <testcase classname="org.bukkit.PerMaterialTest" name="isFuel[6: ACACIA_LOG]" time="0.001"/>
  <testcase classname="org.bukkit.PerMaterialTest" name="testItem[6: ACACIA_LOG]" time="0"/>
  <testcase classname="org.bukkit.PerMaterialTest" name="testBlastResistance[6: ACACIA_LOG]" time="0"/>
  <testcase classname="org.bukkit.PerMaterialTest" name="isEdible[6: ACACIA_LOG]" time="0"/>
  <testcase classname="org.bukkit.PerMaterialTest" name="maxDurability[6: ACACIA_LOG]" time="0"/>
  <testcase classname="org.bukkit.PerMaterialTest" name="usesDurability[6: ACACIA_LOG]" time="0.001"/>
  <testcase classname="org.bukkit.PerMaterialTest" name="isOccluding[6: ACACIA_LOG]" time="0"/>
  <testcase classname="org.bukkit.PerMaterialTest" name="isRecord[6: ACACIA_LOG]" time="0"/>
  <testcase classname="org.bukkit.PerMaterialTest" name="isFlammable[6: ACACIA_LOG]" time="0"/>
  <testcase classname="org.bukkit.PerMaterialTest" name="testDurability[6: ACACIA_LOG]" time="0"/>
  <testcase classname="org.bukkit.PerMaterialTest" name="testBlockHardness[6: ACACIA_LOG]" time="0"/>
  <testcase classname="org.bukkit.PerMaterialTest" name="maxStackSize[6: ACACIA_LOG]" time="0.001"/>
  <testcase classname="org.bukkit.PerMaterialTest" name="isTransparent[6: ACACIA_LOG]" time="0"/>
  <testcase classname="org.bukkit.PerMaterialTest" name="testBlockDataCreation[6: ACACIA_LOG]" time="0"/>
  <testcase classname="org.bukkit.PerMaterialTest" name="isBlock[6: ACACIA_LOG]" time="0"/>
  <testcase classname="org.bukkit.PerMaterialTest" name="isSolid[6: ACACIA_LOG]" time="0"/>
  <testcase classname="org.bukkit.PerMaterialTest" name="hasGravity[7: ACACIA_PLANKS]" time="0"/>
  <testcase classname="org.bukkit.PerMaterialTest" name="isBurnable[7: ACACIA_PLANKS]" time="0"/>
  <testcase classname="org.bukkit.PerMaterialTest" name="testInteractable[7: ACACIA_PLANKS]" time="0"/>
  <testcase classname="org.bukkit.PerMaterialTest" name="testBlock[7: ACACIA_PLANKS]" time="0"/>
  <testcase classname="org.bukkit.PerMaterialTest" name="isFuel[7: ACACIA_PLANKS]" time="0"/>
  <testcase classname="org.bukkit.PerMaterialTest" name="testItem[7: ACACIA_PLANKS]" time="0"/>
  <testcase classname="org.bukkit.PerMaterialTest" name="testBlastResistance[7: ACACIA_PLANKS]" time="0"/>
  <testcase classname="org.bukkit.PerMaterialTest" name="isEdible[7: ACACIA_PLANKS]" time="0"/>
  <testcase classname="org.bukkit.PerMaterialTest" name="maxDurability[7: ACACIA_PLANKS]" time="0"/>
  <testcase classname="org.bukkit.PerMaterialTest" name="usesDurability[7: ACACIA_PLANKS]" time="0"/>
  <testcase classname="org.bukkit.PerMaterialTest" name="isOccluding[7: ACACIA_PLANKS]" time="0"/>
  <testcase classname="org.bukkit.PerMaterialTest" name="isRecord[7: ACACIA_PLANKS]" time="0"/>
  <testcase classname="org.bukkit.PerMaterialTest" name="isFlammable[7: ACACIA_PLANKS]" time="0"/>
  <testcase classname="org.bukkit.PerMaterialTest" name="testDurability[7: ACACIA_PLANKS]" time="0"/>
  <testcase classname="org.bukkit.PerMaterialTest" name="testBlockHardness[7: ACACIA_PLANKS]" time="0"/>
  <testcase classname="org.bukkit.PerMaterialTest" name="maxStackSize[7: ACACIA_PLANKS]" time="0"/>
  <testcase classname="org.bukkit.PerMaterialTest" name="isTransparent[7: ACACIA_PLANKS]" time="0"/>
  <testcase classname="org.bukkit.PerMaterialTest" name="testBlockDataCreation[7: ACACIA_PLANKS]" time="0"/>
  <testcase classname="org.bukkit.PerMaterialTest" name="isBlock[7: ACACIA_PLANKS]" time="0"/>
  <testcase classname="org.bukkit.PerMaterialTest" name="isSolid[7: ACACIA_PLANKS]" time="0"/>
  <testcase classname="org.bukkit.PerMaterialTest" name="hasGravity[8: ACACIA_PRESSURE_PLATE]" time="0"/>
  <testcase classname="org.bukkit.PerMaterialTest" name="isBurnable[8: ACACIA_PRESSURE_PLATE]" time="0"/>
  <testcase classname="org.bukkit.PerMaterialTest" name="testInteractable[8: ACACIA_PRESSURE_PLATE]" time="0"/>
  <testcase classname="org.bukkit.PerMaterialTest" name="testBlock[8: ACACIA_PRESSURE_PLATE]" time="0"/>
  <testcase classname="org.bukkit.PerMaterialTest" name="isFuel[8: ACACIA_PRESSURE_PLATE]" time="0"/>
  <testcase classname="org.bukkit.PerMaterialTest" name="testItem[8: ACACIA_PRESSURE_PLATE]" time="0"/>
  <testcase classname="org.bukkit.PerMaterialTest" name="testBlastResistance[8: ACACIA_PRESSURE_PLATE]" time="0"/>
  <testcase classname="org.bukkit.PerMaterialTest" name="isEdible[8: ACACIA_PRESSURE_PLATE]" time="0"/>
  <testcase classname="org.bukkit.PerMaterialTest" name="maxDurability[8: ACACIA_PRESSURE_PLATE]" time="0"/>
  <testcase classname="org.bukkit.PerMaterialTest" name="usesDurability[8: ACACIA_PRESSURE_PLATE]" time="0"/>
  <testcase classname="org.bukkit.PerMaterialTest" name="isOccluding[8: ACACIA_PRESSURE_PLATE]" time="0"/>
  <testcase classname="org.bukkit.PerMaterialTest" name="isRecord[8: ACACIA_PRESSURE_PLATE]" time="0"/>
  <testcase classname="org.bukkit.PerMaterialTest" name="isFlammable[8: ACACIA_PRESSURE_PLATE]" time="0"/>
  <testcase classname="org.bukkit.PerMaterialTest" name="testDurability[8: ACACIA_PRESSURE_PLATE]" time="0.001"/>
  <testcase classname="org.bukkit.PerMaterialTest" name="testBlockHardness[8: ACACIA_PRESSURE_PLATE]" time="0"/>
  <testcase classname="org.bukkit.PerMaterialTest" name="maxStackSize[8: ACACIA_PRESSURE_PLATE]" time="0"/>
  <testcase classname="org.bukkit.PerMaterialTest" name="isTransparent[8: ACACIA_PRESSURE_PLATE]" time="0"/>
  <testcase classname="org.bukkit.PerMaterialTest" name="testBlockDataCreation[8: ACACIA_PRESSURE_PLATE]" time="0"/>
  <testcase classname="org.bukkit.PerMaterialTest" name="isBlock[8: ACACIA_PRESSURE_PLATE]" time="0"/>
  <testcase classname="org.bukkit.PerMaterialTest" name="isSolid[8: ACACIA_PRESSURE_PLATE]" time="0"/>
  <testcase classname="org.bukkit.PerMaterialTest" name="hasGravity[9: ACACIA_SAPLING]" time="0"/>
  <testcase classname="org.bukkit.PerMaterialTest" name="isBurnable[9: ACACIA_SAPLING]" time="0"/>
  <testcase classname="org.bukkit.PerMaterialTest" name="testInteractable[9: ACACIA_SAPLING]" time="0"/>
  <testcase classname="org.bukkit.PerMaterialTest" name="testBlock[9: ACACIA_SAPLING]" time="0.001"/>
  <testcase classname="org.bukkit.PerMaterialTest" name="isFuel[9: ACACIA_SAPLING]" time="0"/>
  <testcase classname="org.bukkit.PerMaterialTest" name="testItem[9: ACACIA_SAPLING]" time="0"/>
  <testcase classname="org.bukkit.PerMaterialTest" name="testBlastResistance[9: ACACIA_SAPLING]" time="0"/>
  <testcase classname="org.bukkit.PerMaterialTest" name="isEdible[9: ACACIA_SAPLING]" time="0"/>
  <testcase classname="org.bukkit.PerMaterialTest" name="maxDurability[9: ACACIA_SAPLING]" time="0"/>
  <testcase classname="org.bukkit.PerMaterialTest" name="usesDurability[9: ACACIA_SAPLING]" time="0"/>
  <testcase classname="org.bukkit.PerMaterialTest" name="isOccluding[9: ACACIA_SAPLING]" time="0"/>
  <testcase classname="org.bukkit.PerMaterialTest" name="isRecord[9: ACACIA_SAPLING]" time="0"/>
  <testcase classname="org.bukkit.PerMaterialTest" name="isFlammable[9: ACACIA_SAPLING]" time="0"/>
  <testcase classname="org.bukkit.PerMaterialTest" name="testDurability[9: ACACIA_SAPLING]" time="0"/>
  <testcase classname="org.bukkit.PerMaterialTest" name="testBlockHardness[9: ACACIA_SAPLING]" time="0"/>
  <testcase classname="org.bukkit.PerMaterialTest" name="maxStackSize[9: ACACIA_SAPLING]" time="0"/>
  <testcase classname="org.bukkit.PerMaterialTest" name="isTransparent[9: ACACIA_SAPLING]" time="0"/>
  <testcase classname="org.bukkit.PerMaterialTest" name="testBlockDataCreation[9: ACACIA_SAPLING]" time="0"/>
  <testcase classname="org.bukkit.PerMaterialTest" name="isBlock[9: ACACIA_SAPLING]" time="0"/>
  <testcase classname="org.bukkit.PerMaterialTest" name="isSolid[9: ACACIA_SAPLING]" time="0"/>
  <testcase classname="org.bukkit.PerMaterialTest" name="hasGravity[10: ACACIA_SLAB]" time="0"/>
  <testcase classname="org.bukkit.PerMaterialTest" name="isBurnable[10: ACACIA_SLAB]" time="0.001"/>
  <testcase classname="org.bukkit.PerMaterialTest" name="testInteractable[10: ACACIA_SLAB]" time="0"/>
  <testcase classname="org.bukkit.PerMaterialTest" name="testBlock[10: ACACIA_SLAB]" time="0"/>
  <testcase classname="org.bukkit.PerMaterialTest" name="isFuel[10: ACACIA_SLAB]" time="0.005"/>
  <testcase classname="org.bukkit.PerMaterialTest" name="testItem[10: ACACIA_SLAB]" time="0"/>
  <testcase classname="org.bukkit.PerMaterialTest" name="testBlastResistance[10: ACACIA_SLAB]" time="0"/>
  <testcase classname="org.bukkit.PerMaterialTest" name="isEdible[10: ACACIA_SLAB]" time="0"/>
  <testcase classname="org.bukkit.PerMaterialTest" name="maxDurability[10: ACACIA_SLAB]" time="0"/>
  <testcase classname="org.bukkit.PerMaterialTest" name="usesDurability[10: ACACIA_SLAB]" time="0"/>
  <testcase classname="org.bukkit.PerMaterialTest" name="isOccluding[10: ACACIA_SLAB]" time="0"/>
  <testcase classname="org.bukkit.PerMaterialTest" name="isRecord[10: ACACIA_SLAB]" time="0"/>
  <testcase classname="org.bukkit.PerMaterialTest" name="isFlammable[10: ACACIA_SLAB]" time="0"/>
  <testcase classname="org.bukkit.PerMaterialTest" name="testDurability[10: ACACIA_SLAB]" time="0"/>
  <testcase classname="org.bukkit.PerMaterialTest" name="testBlockHardness[10: ACACIA_SLAB]" time="0"/>
  <testcase classname="org.bukkit.PerMaterialTest" name="maxStackSize[10: ACACIA_SLAB]" time="0"/>
  <testcase classname="org.bukkit.PerMaterialTest" name="isTransparent[10: ACACIA_SLAB]" time="0"/>
  <testcase classname="org.bukkit.PerMaterialTest" name="testBlockDataCreation[10: ACACIA_SLAB]" time="0"/>
  <testcase classname="org.bukkit.PerMaterialTest" name="isBlock[10: ACACIA_SLAB]" time="0"/>
  <testcase classname="org.bukkit.PerMaterialTest" name="isSolid[10: ACACIA_SLAB]" time="0"/>
  <testcase classname="org.bukkit.PerMaterialTest" name="hasGravity[11: ACACIA_STAIRS]" time="0"/>
  <testcase classname="org.bukkit.PerMaterialTest" name="isBurnable[11: ACACIA_STAIRS]" time="0"/>
  <testcase classname="org.bukkit.PerMaterialTest" name="testInteractable[11: ACACIA_STAIRS]" time="0"/>
  <testcase classname="org.bukkit.PerMaterialTest" name="testBlock[11: ACACIA_STAIRS]" time="0"/>
  <testcase classname="org.bukkit.PerMaterialTest" name="isFuel[11: ACACIA_STAIRS]" time="0"/>
  <testcase classname="org.bukkit.PerMaterialTest" name="testItem[11: ACACIA_STAIRS]" time="0"/>
  <testcase classname="org.bukkit.PerMaterialTest" name="testBlastResistance[11: ACACIA_STAIRS]" time="0"/>
  <testcase classname="org.bukkit.PerMaterialTest" name="isEdible[11: ACACIA_STAIRS]" time="0"/>
  <testcase classname="org.bukkit.PerMaterialTest" name="maxDurability[11: ACACIA_STAIRS]" time="0"/>
  <testcase classname="org.bukkit.PerMaterialTest" name="usesDurability[11: ACACIA_STAIRS]" time="0"/>
  <testcase classname="org.bukkit.PerMaterialTest" name="isOccluding[11: ACACIA_STAIRS]" time="0"/>
  <testcase classname="org.bukkit.PerMaterialTest" name="isRecord[11: ACACIA_STAIRS]" time="0"/>
  <testcase classname="org.bukkit.PerMaterialTest" name="isFlammable[11: ACACIA_STAIRS]" time="0"/>
  <testcase classname="org.bukkit.PerMaterialTest" name="testDurability[11: ACACIA_STAIRS]" time="0"/>
  <testcase classname="org.bukkit.PerMaterialTest" name="testBlockHardness[11: ACACIA_STAIRS]" time="0"/>
  <testcase classname="org.bukkit.PerMaterialTest" name="maxStackSize[11: ACACIA_STAIRS]" time="0"/>
  <testcase classname="org.bukkit.PerMaterialTest" name="isTransparent[11: ACACIA_STAIRS]" time="0"/>
  <testcase classname="org.bukkit.PerMaterialTest" name="testBlockDataCreation[11: ACACIA_STAIRS]" time="0"/>
  <testcase classname="org.bukkit.PerMaterialTest" name="isBlock[11: ACACIA_STAIRS]" time="0"/>
  <testcase classname="org.bukkit.PerMaterialTest" name="isSolid[11: ACACIA_STAIRS]" time="0"/>
  <testcase classname="org.bukkit.PerMaterialTest" name="hasGravity[12: ACACIA_TRAPDOOR]" time="0"/>
  <testcase classname="org.bukkit.PerMaterialTest" name="isBurnable[12: ACACIA_TRAPDOOR]" time="0"/>
  <testcase classname="org.bukkit.PerMaterialTest" name="testInteractable[12: ACACIA_TRAPDOOR]" time="0"/>
  <testcase classname="org.bukkit.PerMaterialTest" name="testBlock[12: ACACIA_TRAPDOOR]" time="0"/>
  <testcase classname="org.bukkit.PerMaterialTest" name="isFuel[12: ACACIA_TRAPDOOR]" time="0"/>
  <testcase classname="org.bukkit.PerMaterialTest" name="testItem[12: ACACIA_TRAPDOOR]" time="0"/>
  <testcase classname="org.bukkit.PerMaterialTest" name="testBlastResistance[12: ACACIA_TRAPDOOR]" time="0"/>
  <testcase classname="org.bukkit.PerMaterialTest" name="isEdible[12: ACACIA_TRAPDOOR]" time="0"/>
  <testcase classname="org.bukkit.PerMaterialTest" name="maxDurability[12: ACACIA_TRAPDOOR]" time="0.001"/>
  <testcase classname="org.bukkit.PerMaterialTest" name="usesDurability[12: ACACIA_TRAPDOOR]" time="0"/>
  <testcase classname="org.bukkit.PerMaterialTest" name="isOccluding[12: ACACIA_TRAPDOOR]" time="0"/>
  <testcase classname="org.bukkit.PerMaterialTest" name="isRecord[12: ACACIA_TRAPDOOR]" time="0"/>
  <testcase classname="org.bukkit.PerMaterialTest" name="isFlammable[12: ACACIA_TRAPDOOR]" time="0"/>
  <testcase classname="org.bukkit.PerMaterialTest" name="testDurability[12: ACACIA_TRAPDOOR]" time="0"/>
  <testcase classname="org.bukkit.PerMaterialTest" name="testBlockHardness[12: ACACIA_TRAPDOOR]" time="0"/>
  <testcase classname="org.bukkit.PerMaterialTest" name="maxStackSize[12: ACACIA_TRAPDOOR]" time="0.001"/>
  <testcase classname="org.bukkit.PerMaterialTest" name="isTransparent[12: ACACIA_TRAPDOOR]" time="0"/>
  <testcase classname="org.bukkit.PerMaterialTest" name="testBlockDataCreation[12: ACACIA_TRAPDOOR]" time="0"/>
  <testcase classname="org.bukkit.PerMaterialTest" name="isBlock[12: ACACIA_TRAPDOOR]" time="0"/>
  <testcase classname="org.bukkit.PerMaterialTest" name="isSolid[12: ACACIA_TRAPDOOR]" time="0"/>
  <testcase classname="org.bukkit.PerMaterialTest" name="hasGravity[13: ACACIA_WOOD]" time="0"/>
  <testcase classname="org.bukkit.PerMaterialTest" name="isBurnable[13: ACACIA_WOOD]" time="0"/>
  <testcase classname="org.bukkit.PerMaterialTest" name="testInteractable[13: ACACIA_WOOD]" time="0"/>
  <testcase classname="org.bukkit.PerMaterialTest" name="testBlock[13: ACACIA_WOOD]" time="0"/>
  <testcase classname="org.bukkit.PerMaterialTest" name="isFuel[13: ACACIA_WOOD]" time="0"/>
  <testcase classname="org.bukkit.PerMaterialTest" name="testItem[13: ACACIA_WOOD]" time="0"/>
  <testcase classname="org.bukkit.PerMaterialTest" name="testBlastResistance[13: ACACIA_WOOD]" time="0"/>
  <testcase classname="org.bukkit.PerMaterialTest" name="isEdible[13: ACACIA_WOOD]" time="0"/>
  <testcase classname="org.bukkit.PerMaterialTest" name="maxDurability[13: ACACIA_WOOD]" time="0"/>
  <testcase classname="org.bukkit.PerMaterialTest" name="usesDurability[13: ACACIA_WOOD]" time="0"/>
  <testcase classname="org.bukkit.PerMaterialTest" name="isOccluding[13: ACACIA_WOOD]" time="0"/>
  <testcase classname="org.bukkit.PerMaterialTest" name="isRecord[13: ACACIA_WOOD]" time="0"/>
  <testcase classname="org.bukkit.PerMaterialTest" name="isFlammable[13: ACACIA_WOOD]" time="0.001"/>
  <testcase classname="org.bukkit.PerMaterialTest" name="testDurability[13: ACACIA_WOOD]" time="0"/>
  <testcase classname="org.bukkit.PerMaterialTest" name="testBlockHardness[13: ACACIA_WOOD]" time="0"/>
  <testcase classname="org.bukkit.PerMaterialTest" name="maxStackSize[13: ACACIA_WOOD]" time="0"/>
  <testcase classname="org.bukkit.PerMaterialTest" name="isTransparent[13: ACACIA_WOOD]" time="0"/>
  <testcase classname="org.bukkit.PerMaterialTest" name="testBlockDataCreation[13: ACACIA_WOOD]" time="0"/>
  <testcase classname="org.bukkit.PerMaterialTest" name="isBlock[13: ACACIA_WOOD]" time="0"/>
  <testcase classname="org.bukkit.PerMaterialTest" name="isSolid[13: ACACIA_WOOD]" time="0"/>
  <testcase classname="org.bukkit.PerMaterialTest" name="hasGravity[14: ACTIVATOR_RAIL]" time="0"/>
  <testcase classname="org.bukkit.PerMaterialTest" name="isBurnable[14: ACTIVATOR_RAIL]" time="0"/>
  <testcase classname="org.bukkit.PerMaterialTest" name="testInteractable[14: ACTIVATOR_RAIL]" time="0"/>
  <testcase classname="org.bukkit.PerMaterialTest" name="testBlock[14: ACTIVATOR_RAIL]" time="0"/>
  <testcase classname="org.bukkit.PerMaterialTest" name="isFuel[14: ACTIVATOR_RAIL]" time="0"/>
  <testcase classname="org.bukkit.PerMaterialTest" name="testItem[14: ACTIVATOR_RAIL]" time="0"/>
  <testcase classname="org.bukkit.PerMaterialTest" name="testBlastResistance[14: ACTIVATOR_RAIL]" time="0"/>
  <testcase classname="org.bukkit.PerMaterialTest" name="isEdible[14: ACTIVATOR_RAIL]" time="0"/>
  <testcase classname="org.bukkit.PerMaterialTest" name="maxDurability[14: ACTIVATOR_RAIL]" time="0"/>
  <testcase classname="org.bukkit.PerMaterialTest" name="usesDurability[14: ACTIVATOR_RAIL]" time="0"/>
  <testcase classname="org.bukkit.PerMaterialTest" name="isOccluding[14: ACTIVATOR_RAIL]" time="0"/>
  <testcase classname="org.bukkit.PerMaterialTest" name="isRecord[14: ACTIVATOR_RAIL]" time="0"/>
  <testcase classname="org.bukkit.PerMaterialTest" name="isFlammable[14: ACTIVATOR_RAIL]" time="0"/>
  <testcase classname="org.bukkit.PerMaterialTest" name="testDurability[14: ACTIVATOR_RAIL]" time="0"/>
  <testcase classname="org.bukkit.PerMaterialTest" name="testBlockHardness[14: ACTIVATOR_RAIL]" time="0"/>
  <testcase classname="org.bukkit.PerMaterialTest" name="maxStackSize[14: ACTIVATOR_RAIL]" time="0"/>
  <testcase classname="org.bukkit.PerMaterialTest" name="isTransparent[14: ACTIVATOR_RAIL]" time="0"/>
  <testcase classname="org.bukkit.PerMaterialTest" name="testBlockDataCreation[14: ACTIVATOR_RAIL]" time="0"/>
  <testcase classname="org.bukkit.PerMaterialTest" name="isBlock[14: ACTIVATOR_RAIL]" time="0"/>
  <testcase classname="org.bukkit.PerMaterialTest" name="isSolid[14: ACTIVATOR_RAIL]" time="0"/>
  <testcase classname="org.bukkit.PerMaterialTest" name="hasGravity[15: AIR]" time="0.002"/>
  <testcase classname="org.bukkit.PerMaterialTest" name="isBurnable[15: AIR]" time="0.001"/>
  <testcase classname="org.bukkit.PerMaterialTest" name="testInteractable[15: AIR]" time="0.001"/>
  <testcase classname="org.bukkit.PerMaterialTest" name="testBlock[15: AIR]" time="0.001"/>
  <testcase classname="org.bukkit.PerMaterialTest" name="isFuel[15: AIR]" time="0.001"/>
  <testcase classname="org.bukkit.PerMaterialTest" name="testItem[15: AIR]" time="0.001"/>
  <testcase classname="org.bukkit.PerMaterialTest" name="testBlastResistance[15: AIR]" time="0.001"/>
  <testcase classname="org.bukkit.PerMaterialTest" name="isEdible[15: AIR]" time="0.001"/>
  <testcase classname="org.bukkit.PerMaterialTest" name="maxDurability[15: AIR]" time="0.001"/>
  <testcase classname="org.bukkit.PerMaterialTest" name="usesDurability[15: AIR]" time="0.002"/>
  <testcase classname="org.bukkit.PerMaterialTest" name="isOccluding[15: AIR]" time="0.001"/>
  <testcase classname="org.bukkit.PerMaterialTest" name="isRecord[15: AIR]" time="0.001"/>
  <testcase classname="org.bukkit.PerMaterialTest" name="isFlammable[15: AIR]" time="0.002"/>
  <testcase classname="org.bukkit.PerMaterialTest" name="testDurability[15: AIR]" time="0.001"/>
  <testcase classname="org.bukkit.PerMaterialTest" name="testBlockHardness[15: AIR]" time="0.001"/>
  <testcase classname="org.bukkit.PerMaterialTest" name="maxStackSize[15: AIR]" time="0.002"/>
  <testcase classname="org.bukkit.PerMaterialTest" name="isTransparent[15: AIR]" time="0.001"/>
  <testcase classname="org.bukkit.PerMaterialTest" name="testBlockDataCreation[15: AIR]" time="0.001"/>
  <testcase classname="org.bukkit.PerMaterialTest" name="isBlock[15: AIR]" time="0.001"/>
  <testcase classname="org.bukkit.PerMaterialTest" name="isSolid[15: AIR]" time="0.001"/>
  <testcase classname="org.bukkit.PerMaterialTest" name="hasGravity[16: ALLIUM]" time="0"/>
  <testcase classname="org.bukkit.PerMaterialTest" name="isBurnable[16: ALLIUM]" time="0"/>
  <testcase classname="org.bukkit.PerMaterialTest" name="testInteractable[16: ALLIUM]" time="0"/>
  <testcase classname="org.bukkit.PerMaterialTest" name="testBlock[16: ALLIUM]" time="0"/>
  <testcase classname="org.bukkit.PerMaterialTest" name="isFuel[16: ALLIUM]" time="0"/>
  <testcase classname="org.bukkit.PerMaterialTest" name="testItem[16: ALLIUM]" time="0"/>
  <testcase classname="org.bukkit.PerMaterialTest" name="testBlastResistance[16: ALLIUM]" time="0"/>
  <testcase classname="org.bukkit.PerMaterialTest" name="isEdible[16: ALLIUM]" time="0"/>
  <testcase classname="org.bukkit.PerMaterialTest" name="maxDurability[16: ALLIUM]" time="0"/>
  <testcase classname="org.bukkit.PerMaterialTest" name="usesDurability[16: ALLIUM]" time="0"/>
  <testcase classname="org.bukkit.PerMaterialTest" name="isOccluding[16: ALLIUM]" time="0"/>
  <testcase classname="org.bukkit.PerMaterialTest" name="isRecord[16: ALLIUM]" time="0"/>
  <testcase classname="org.bukkit.PerMaterialTest" name="isFlammable[16: ALLIUM]" time="0.001"/>
  <testcase classname="org.bukkit.PerMaterialTest" name="testDurability[16: ALLIUM]" time="0"/>
  <testcase classname="org.bukkit.PerMaterialTest" name="testBlockHardness[16: ALLIUM]" time="0"/>
  <testcase classname="org.bukkit.PerMaterialTest" name="maxStackSize[16: ALLIUM]" time="0"/>
  <testcase classname="org.bukkit.PerMaterialTest" name="isTransparent[16: ALLIUM]" time="0"/>
  <testcase classname="org.bukkit.PerMaterialTest" name="testBlockDataCreation[16: ALLIUM]" time="0.001"/>
  <testcase classname="org.bukkit.PerMaterialTest" name="isBlock[16: ALLIUM]" time="0"/>
  <testcase classname="org.bukkit.PerMaterialTest" name="isSolid[16: ALLIUM]" time="0"/>
  <testcase classname="org.bukkit.PerMaterialTest" name="hasGravity[17: ANDESITE]" time="0"/>
  <testcase classname="org.bukkit.PerMaterialTest" name="isBurnable[17: ANDESITE]" time="0"/>
  <testcase classname="org.bukkit.PerMaterialTest" name="testInteractable[17: ANDESITE]" time="0"/>
  <testcase classname="org.bukkit.PerMaterialTest" name="testBlock[17: ANDESITE]" time="0.001"/>
  <testcase classname="org.bukkit.PerMaterialTest" name="isFuel[17: ANDESITE]" time="0"/>
  <testcase classname="org.bukkit.PerMaterialTest" name="testItem[17: ANDESITE]" time="0"/>
  <testcase classname="org.bukkit.PerMaterialTest" name="testBlastResistance[17: ANDESITE]" time="0"/>
  <testcase classname="org.bukkit.PerMaterialTest" name="isEdible[17: ANDESITE]" time="0"/>
  <testcase classname="org.bukkit.PerMaterialTest" name="maxDurability[17: ANDESITE]" time="0"/>
  <testcase classname="org.bukkit.PerMaterialTest" name="usesDurability[17: ANDESITE]" time="0"/>
  <testcase classname="org.bukkit.PerMaterialTest" name="isOccluding[17: ANDESITE]" time="0"/>
  <testcase classname="org.bukkit.PerMaterialTest" name="isRecord[17: ANDESITE]" time="0"/>
  <testcase classname="org.bukkit.PerMaterialTest" name="isFlammable[17: ANDESITE]" time="0"/>
  <testcase classname="org.bukkit.PerMaterialTest" name="testDurability[17: ANDESITE]" time="0"/>
  <testcase classname="org.bukkit.PerMaterialTest" name="testBlockHardness[17: ANDESITE]" time="0"/>
  <testcase classname="org.bukkit.PerMaterialTest" name="maxStackSize[17: ANDESITE]" time="0.001"/>
  <testcase classname="org.bukkit.PerMaterialTest" name="isTransparent[17: ANDESITE]" time="0"/>
  <testcase classname="org.bukkit.PerMaterialTest" name="testBlockDataCreation[17: ANDESITE]" time="0"/>
  <testcase classname="org.bukkit.PerMaterialTest" name="isBlock[17: ANDESITE]" time="0"/>
  <testcase classname="org.bukkit.PerMaterialTest" name="isSolid[17: ANDESITE]" time="0"/>
  <testcase classname="org.bukkit.PerMaterialTest" name="hasGravity[18: ANVIL]" time="0"/>
  <testcase classname="org.bukkit.PerMaterialTest" name="isBurnable[18: ANVIL]" time="0"/>
  <testcase classname="org.bukkit.PerMaterialTest" name="testInteractable[18: ANVIL]" time="0.001"/>
  <testcase classname="org.bukkit.PerMaterialTest" name="testBlock[18: ANVIL]" time="0"/>
  <testcase classname="org.bukkit.PerMaterialTest" name="isFuel[18: ANVIL]" time="0"/>
  <testcase classname="org.bukkit.PerMaterialTest" name="testItem[18: ANVIL]" time="0"/>
  <testcase classname="org.bukkit.PerMaterialTest" name="testBlastResistance[18: ANVIL]" time="0.001"/>
  <testcase classname="org.bukkit.PerMaterialTest" name="isEdible[18: ANVIL]" time="0"/>
  <testcase classname="org.bukkit.PerMaterialTest" name="maxDurability[18: ANVIL]" time="0"/>
  <testcase classname="org.bukkit.PerMaterialTest" name="usesDurability[18: ANVIL]" time="0"/>
  <testcase classname="org.bukkit.PerMaterialTest" name="isOccluding[18: ANVIL]" time="0"/>
  <testcase classname="org.bukkit.PerMaterialTest" name="isRecord[18: ANVIL]" time="0"/>
  <testcase classname="org.bukkit.PerMaterialTest" name="isFlammable[18: ANVIL]" time="0"/>
  <testcase classname="org.bukkit.PerMaterialTest" name="testDurability[18: ANVIL]" time="0"/>
  <testcase classname="org.bukkit.PerMaterialTest" name="testBlockHardness[18: ANVIL]" time="0"/>
  <testcase classname="org.bukkit.PerMaterialTest" name="maxStackSize[18: ANVIL]" time="0"/>
  <testcase classname="org.bukkit.PerMaterialTest" name="isTransparent[18: ANVIL]" time="0"/>
  <testcase classname="org.bukkit.PerMaterialTest" name="testBlockDataCreation[18: ANVIL]" time="0"/>
  <testcase classname="org.bukkit.PerMaterialTest" name="isBlock[18: ANVIL]" time="0"/>
  <testcase classname="org.bukkit.PerMaterialTest" name="isSolid[18: ANVIL]" time="0"/>
  <testcase classname="org.bukkit.PerMaterialTest" name="hasGravity[19: APPLE]" time="0"/>
  <testcase classname="org.bukkit.PerMaterialTest" name="isBurnable[19: APPLE]" time="0"/>
  <testcase classname="org.bukkit.PerMaterialTest" name="testInteractable[19: APPLE]" time="0"/>
  <testcase classname="org.bukkit.PerMaterialTest" name="testBlock[19: APPLE]" time="0"/>
  <testcase classname="org.bukkit.PerMaterialTest" name="isFuel[19: APPLE]" time="0"/>
  <testcase classname="org.bukkit.PerMaterialTest" name="testItem[19: APPLE]" time="0"/>
  <testcase classname="org.bukkit.PerMaterialTest" name="testBlastResistance[19: APPLE]" time="0"/>
  <testcase classname="org.bukkit.PerMaterialTest" name="isEdible[19: APPLE]" time="0"/>
  <testcase classname="org.bukkit.PerMaterialTest" name="maxDurability[19: APPLE]" time="0"/>
  <testcase classname="org.bukkit.PerMaterialTest" name="usesDurability[19: APPLE]" time="0"/>
  <testcase classname="org.bukkit.PerMaterialTest" name="isOccluding[19: APPLE]" time="0"/>
  <testcase classname="org.bukkit.PerMaterialTest" name="isRecord[19: APPLE]" time="0"/>
  <testcase classname="org.bukkit.PerMaterialTest" name="isFlammable[19: APPLE]" time="0"/>
  <testcase classname="org.bukkit.PerMaterialTest" name="testDurability[19: APPLE]" time="0"/>
  <testcase classname="org.bukkit.PerMaterialTest" name="testBlockHardness[19: APPLE]" time="0"/>
  <testcase classname="org.bukkit.PerMaterialTest" name="maxStackSize[19: APPLE]" time="0"/>
  <testcase classname="org.bukkit.PerMaterialTest" name="isTransparent[19: APPLE]" time="0"/>
  <testcase classname="org.bukkit.PerMaterialTest" name="testBlockDataCreation[19: APPLE]" time="0"/>
  <testcase classname="org.bukkit.PerMaterialTest" name="isBlock[19: APPLE]" time="0"/>
  <testcase classname="org.bukkit.PerMaterialTest" name="isSolid[19: APPLE]" time="0"/>
  <testcase classname="org.bukkit.PerMaterialTest" name="hasGravity[20: ARMOR_STAND]" time="0"/>
  <testcase classname="org.bukkit.PerMaterialTest" name="isBurnable[20: ARMOR_STAND]" time="0"/>
  <testcase classname="org.bukkit.PerMaterialTest" name="testInteractable[20: ARMOR_STAND]" time="0"/>
  <testcase classname="org.bukkit.PerMaterialTest" name="testBlock[20: ARMOR_STAND]" time="0"/>
  <testcase classname="org.bukkit.PerMaterialTest" name="isFuel[20: ARMOR_STAND]" time="0"/>
  <testcase classname="org.bukkit.PerMaterialTest" name="testItem[20: ARMOR_STAND]" time="0"/>
  <testcase classname="org.bukkit.PerMaterialTest" name="testBlastResistance[20: ARMOR_STAND]" time="0"/>
  <testcase classname="org.bukkit.PerMaterialTest" name="isEdible[20: ARMOR_STAND]" time="0.001"/>
  <testcase classname="org.bukkit.PerMaterialTest" name="maxDurability[20: ARMOR_STAND]" time="0"/>
  <testcase classname="org.bukkit.PerMaterialTest" name="usesDurability[20: ARMOR_STAND]" time="0"/>
  <testcase classname="org.bukkit.PerMaterialTest" name="isOccluding[20: ARMOR_STAND]" time="0"/>
  <testcase classname="org.bukkit.PerMaterialTest" name="isRecord[20: ARMOR_STAND]" time="0"/>
  <testcase classname="org.bukkit.PerMaterialTest" name="isFlammable[20: ARMOR_STAND]" time="0"/>
  <testcase classname="org.bukkit.PerMaterialTest" name="testDurability[20: ARMOR_STAND]" time="0"/>
  <testcase classname="org.bukkit.PerMaterialTest" name="testBlockHardness[20: ARMOR_STAND]" time="0"/>
  <testcase classname="org.bukkit.PerMaterialTest" name="maxStackSize[20: ARMOR_STAND]" time="0.001"/>
  <testcase classname="org.bukkit.PerMaterialTest" name="isTransparent[20: ARMOR_STAND]" time="0"/>
  <testcase classname="org.bukkit.PerMaterialTest" name="testBlockDataCreation[20: ARMOR_STAND]" time="0"/>
  <testcase classname="org.bukkit.PerMaterialTest" name="isBlock[20: ARMOR_STAND]" time="0"/>
  <testcase classname="org.bukkit.PerMaterialTest" name="isSolid[20: ARMOR_STAND]" time="0"/>
  <testcase classname="org.bukkit.PerMaterialTest" name="hasGravity[21: ARROW]" time="0"/>
  <testcase classname="org.bukkit.PerMaterialTest" name="isBurnable[21: ARROW]" time="0"/>
  <testcase classname="org.bukkit.PerMaterialTest" name="testInteractable[21: ARROW]" time="0.001"/>
  <testcase classname="org.bukkit.PerMaterialTest" name="testBlock[21: ARROW]" time="0"/>
  <testcase classname="org.bukkit.PerMaterialTest" name="isFuel[21: ARROW]" time="0"/>
  <testcase classname="org.bukkit.PerMaterialTest" name="testItem[21: ARROW]" time="0"/>
  <testcase classname="org.bukkit.PerMaterialTest" name="testBlastResistance[21: ARROW]" time="0"/>
  <testcase classname="org.bukkit.PerMaterialTest" name="isEdible[21: ARROW]" time="0"/>
  <testcase classname="org.bukkit.PerMaterialTest" name="maxDurability[21: ARROW]" time="0.001"/>
  <testcase classname="org.bukkit.PerMaterialTest" name="usesDurability[21: ARROW]" time="0"/>
  <testcase classname="org.bukkit.PerMaterialTest" name="isOccluding[21: ARROW]" time="0"/>
  <testcase classname="org.bukkit.PerMaterialTest" name="isRecord[21: ARROW]" time="0"/>
  <testcase classname="org.bukkit.PerMaterialTest" name="isFlammable[21: ARROW]" time="0"/>
  <testcase classname="org.bukkit.PerMaterialTest" name="testDurability[21: ARROW]" time="0"/>
  <testcase classname="org.bukkit.PerMaterialTest" name="testBlockHardness[21: ARROW]" time="0"/>
  <testcase classname="org.bukkit.PerMaterialTest" name="maxStackSize[21: ARROW]" time="0"/>
  <testcase classname="org.bukkit.PerMaterialTest" name="isTransparent[21: ARROW]" time="0"/>
  <testcase classname="org.bukkit.PerMaterialTest" name="testBlockDataCreation[21: ARROW]" time="0"/>
  <testcase classname="org.bukkit.PerMaterialTest" name="isBlock[21: ARROW]" time="0"/>
  <testcase classname="org.bukkit.PerMaterialTest" name="isSolid[21: ARROW]" time="0"/>
  <testcase classname="org.bukkit.PerMaterialTest" name="hasGravity[22: ATTACHED_MELON_STEM]" time="0"/>
  <testcase classname="org.bukkit.PerMaterialTest" name="isBurnable[22: ATTACHED_MELON_STEM]" time="0"/>
  <testcase classname="org.bukkit.PerMaterialTest" name="testInteractable[22: ATTACHED_MELON_STEM]" time="0.001"/>
  <testcase classname="org.bukkit.PerMaterialTest" name="testBlock[22: ATTACHED_MELON_STEM]" time="0"/>
  <testcase classname="org.bukkit.PerMaterialTest" name="isFuel[22: ATTACHED_MELON_STEM]" time="0"/>
  <testcase classname="org.bukkit.PerMaterialTest" name="testItem[22: ATTACHED_MELON_STEM]" time="0"/>
  <testcase classname="org.bukkit.PerMaterialTest" name="testBlastResistance[22: ATTACHED_MELON_STEM]" time="0"/>
  <testcase classname="org.bukkit.PerMaterialTest" name="isEdible[22: ATTACHED_MELON_STEM]" time="0"/>
  <testcase classname="org.bukkit.PerMaterialTest" name="maxDurability[22: ATTACHED_MELON_STEM]" time="0"/>
  <testcase classname="org.bukkit.PerMaterialTest" name="usesDurability[22: ATTACHED_MELON_STEM]" time="0"/>
  <testcase classname="org.bukkit.PerMaterialTest" name="isOccluding[22: ATTACHED_MELON_STEM]" time="0"/>
  <testcase classname="org.bukkit.PerMaterialTest" name="isRecord[22: ATTACHED_MELON_STEM]" time="0"/>
  <testcase classname="org.bukkit.PerMaterialTest" name="isFlammable[22: ATTACHED_MELON_STEM]" time="0"/>
  <testcase classname="org.bukkit.PerMaterialTest" name="testDurability[22: ATTACHED_MELON_STEM]" time="0"/>
  <testcase classname="org.bukkit.PerMaterialTest" name="testBlockHardness[22: ATTACHED_MELON_STEM]" time="0.001"/>
  <testcase classname="org.bukkit.PerMaterialTest" name="maxStackSize[22: ATTACHED_MELON_STEM]" time="0"/>
  <testcase classname="org.bukkit.PerMaterialTest" name="isTransparent[22: ATTACHED_MELON_STEM]" time="0"/>
  <testcase classname="org.bukkit.PerMaterialTest" name="testBlockDataCreation[22: ATTACHED_MELON_STEM]" time="0"/>
  <testcase classname="org.bukkit.PerMaterialTest" name="isBlock[22: ATTACHED_MELON_STEM]" time="0"/>
  <testcase classname="org.bukkit.PerMaterialTest" name="isSolid[22: ATTACHED_MELON_STEM]" time="0"/>
  <testcase classname="org.bukkit.PerMaterialTest" name="hasGravity[23: ATTACHED_PUMPKIN_STEM]" time="0"/>
  <testcase classname="org.bukkit.PerMaterialTest" name="isBurnable[23: ATTACHED_PUMPKIN_STEM]" time="0.001"/>
  <testcase classname="org.bukkit.PerMaterialTest" name="testInteractable[23: ATTACHED_PUMPKIN_STEM]" time="0"/>
  <testcase classname="org.bukkit.PerMaterialTest" name="testBlock[23: ATTACHED_PUMPKIN_STEM]" time="0"/>
  <testcase classname="org.bukkit.PerMaterialTest" name="isFuel[23: ATTACHED_PUMPKIN_STEM]" time="0"/>
  <testcase classname="org.bukkit.PerMaterialTest" name="testItem[23: ATTACHED_PUMPKIN_STEM]" time="0"/>
  <testcase classname="org.bukkit.PerMaterialTest" name="testBlastResistance[23: ATTACHED_PUMPKIN_STEM]" time="0.001"/>
  <testcase classname="org.bukkit.PerMaterialTest" name="isEdible[23: ATTACHED_PUMPKIN_STEM]" time="0"/>
  <testcase classname="org.bukkit.PerMaterialTest" name="maxDurability[23: ATTACHED_PUMPKIN_STEM]" time="0"/>
  <testcase classname="org.bukkit.PerMaterialTest" name="usesDurability[23: ATTACHED_PUMPKIN_STEM]" time="0"/>
  <testcase classname="org.bukkit.PerMaterialTest" name="isOccluding[23: ATTACHED_PUMPKIN_STEM]" time="0"/>
  <testcase classname="org.bukkit.PerMaterialTest" name="isRecord[23: ATTACHED_PUMPKIN_STEM]" time="0"/>
  <testcase classname="org.bukkit.PerMaterialTest" name="isFlammable[23: ATTACHED_PUMPKIN_STEM]" time="0"/>
  <testcase classname="org.bukkit.PerMaterialTest" name="testDurability[23: ATTACHED_PUMPKIN_STEM]" time="0"/>
  <testcase classname="org.bukkit.PerMaterialTest" name="testBlockHardness[23: ATTACHED_PUMPKIN_STEM]" time="0"/>
  <testcase classname="org.bukkit.PerMaterialTest" name="maxStackSize[23: ATTACHED_PUMPKIN_STEM]" time="0"/>
  <testcase classname="org.bukkit.PerMaterialTest" name="isTransparent[23: ATTACHED_PUMPKIN_STEM]" time="0"/>
  <testcase classname="org.bukkit.PerMaterialTest" name="testBlockDataCreation[23: ATTACHED_PUMPKIN_STEM]" time="0"/>
  <testcase classname="org.bukkit.PerMaterialTest" name="isBlock[23: ATTACHED_PUMPKIN_STEM]" time="0"/>
  <testcase classname="org.bukkit.PerMaterialTest" name="isSolid[23: ATTACHED_PUMPKIN_STEM]" time="0"/>
  <testcase classname="org.bukkit.PerMaterialTest" name="hasGravity[24: AZURE_BLUET]" time="0"/>
  <testcase classname="org.bukkit.PerMaterialTest" name="isBurnable[24: AZURE_BLUET]" time="0"/>
  <testcase classname="org.bukkit.PerMaterialTest" name="testInteractable[24: AZURE_BLUET]" time="0"/>
  <testcase classname="org.bukkit.PerMaterialTest" name="testBlock[24: AZURE_BLUET]" time="0"/>
  <testcase classname="org.bukkit.PerMaterialTest" name="isFuel[24: AZURE_BLUET]" time="0"/>
  <testcase classname="org.bukkit.PerMaterialTest" name="testItem[24: AZURE_BLUET]" time="0.001"/>
  <testcase classname="org.bukkit.PerMaterialTest" name="testBlastResistance[24: AZURE_BLUET]" time="0"/>
  <testcase classname="org.bukkit.PerMaterialTest" name="isEdible[24: AZURE_BLUET]" time="0"/>
  <testcase classname="org.bukkit.PerMaterialTest" name="maxDurability[24: AZURE_BLUET]" time="0"/>
  <testcase classname="org.bukkit.PerMaterialTest" name="usesDurability[24: AZURE_BLUET]" time="0"/>
  <testcase classname="org.bukkit.PerMaterialTest" name="isOccluding[24: AZURE_BLUET]" time="0"/>
  <testcase classname="org.bukkit.PerMaterialTest" name="isRecord[24: AZURE_BLUET]" time="0"/>
  <testcase classname="org.bukkit.PerMaterialTest" name="isFlammable[24: AZURE_BLUET]" time="0"/>
  <testcase classname="org.bukkit.PerMaterialTest" name="testDurability[24: AZURE_BLUET]" time="0.001"/>
  <testcase classname="org.bukkit.PerMaterialTest" name="testBlockHardness[24: AZURE_BLUET]" time="0"/>
  <testcase classname="org.bukkit.PerMaterialTest" name="maxStackSize[24: AZURE_BLUET]" time="0"/>
  <testcase classname="org.bukkit.PerMaterialTest" name="isTransparent[24: AZURE_BLUET]" time="0"/>
  <testcase classname="org.bukkit.PerMaterialTest" name="testBlockDataCreation[24: AZURE_BLUET]" time="0"/>
  <testcase classname="org.bukkit.PerMaterialTest" name="isBlock[24: AZURE_BLUET]" time="0"/>
  <testcase classname="org.bukkit.PerMaterialTest" name="isSolid[24: AZURE_BLUET]" time="0"/>
  <testcase classname="org.bukkit.PerMaterialTest" name="hasGravity[25: BAKED_POTATO]" time="0"/>
  <testcase classname="org.bukkit.PerMaterialTest" name="isBurnable[25: BAKED_POTATO]" time="0"/>
  <testcase classname="org.bukkit.PerMaterialTest" name="testInteractable[25: BAKED_POTATO]" time="0"/>
  <testcase classname="org.bukkit.PerMaterialTest" name="testBlock[25: BAKED_POTATO]" time="0"/>
  <testcase classname="org.bukkit.PerMaterialTest" name="isFuel[25: BAKED_POTATO]" time="0"/>
  <testcase classname="org.bukkit.PerMaterialTest" name="testItem[25: BAKED_POTATO]" time="0"/>
  <testcase classname="org.bukkit.PerMaterialTest" name="testBlastResistance[25: BAKED_POTATO]" time="0"/>
  <testcase classname="org.bukkit.PerMaterialTest" name="isEdible[25: BAKED_POTATO]" time="0"/>
  <testcase classname="org.bukkit.PerMaterialTest" name="maxDurability[25: BAKED_POTATO]" time="0"/>
  <testcase classname="org.bukkit.PerMaterialTest" name="usesDurability[25: BAKED_POTATO]" time="0"/>
  <testcase classname="org.bukkit.PerMaterialTest" name="isOccluding[25: BAKED_POTATO]" time="0"/>
  <testcase classname="org.bukkit.PerMaterialTest" name="isRecord[25: BAKED_POTATO]" time="0"/>
  <testcase classname="org.bukkit.PerMaterialTest" name="isFlammable[25: BAKED_POTATO]" time="0"/>
  <testcase classname="org.bukkit.PerMaterialTest" name="testDurability[25: BAKED_POTATO]" time="0"/>
  <testcase classname="org.bukkit.PerMaterialTest" name="testBlockHardness[25: BAKED_POTATO]" time="0"/>
  <testcase classname="org.bukkit.PerMaterialTest" name="maxStackSize[25: BAKED_POTATO]" time="0"/>
  <testcase classname="org.bukkit.PerMaterialTest" name="isTransparent[25: BAKED_POTATO]" time="0"/>
  <testcase classname="org.bukkit.PerMaterialTest" name="testBlockDataCreation[25: BAKED_POTATO]" time="0"/>
  <testcase classname="org.bukkit.PerMaterialTest" name="isBlock[25: BAKED_POTATO]" time="0"/>
  <testcase classname="org.bukkit.PerMaterialTest" name="isSolid[25: BAKED_POTATO]" time="0"/>
  <testcase classname="org.bukkit.PerMaterialTest" name="hasGravity[26: BARRIER]" time="0"/>
  <testcase classname="org.bukkit.PerMaterialTest" name="isBurnable[26: BARRIER]" time="0"/>
  <testcase classname="org.bukkit.PerMaterialTest" name="testInteractable[26: BARRIER]" time="0"/>
  <testcase classname="org.bukkit.PerMaterialTest" name="testBlock[26: BARRIER]" time="0"/>
  <testcase classname="org.bukkit.PerMaterialTest" name="isFuel[26: BARRIER]" time="0"/>
  <testcase classname="org.bukkit.PerMaterialTest" name="testItem[26: BARRIER]" time="0.001"/>
  <testcase classname="org.bukkit.PerMaterialTest" name="testBlastResistance[26: BARRIER]" time="0"/>
  <testcase classname="org.bukkit.PerMaterialTest" name="isEdible[26: BARRIER]" time="0"/>
  <testcase classname="org.bukkit.PerMaterialTest" name="maxDurability[26: BARRIER]" time="0"/>
  <testcase classname="org.bukkit.PerMaterialTest" name="usesDurability[26: BARRIER]" time="0"/>
  <testcase classname="org.bukkit.PerMaterialTest" name="isOccluding[26: BARRIER]" time="0"/>
  <testcase classname="org.bukkit.PerMaterialTest" name="isRecord[26: BARRIER]" time="0"/>
  <testcase classname="org.bukkit.PerMaterialTest" name="isFlammable[26: BARRIER]" time="0"/>
  <testcase classname="org.bukkit.PerMaterialTest" name="testDurability[26: BARRIER]" time="0"/>
  <testcase classname="org.bukkit.PerMaterialTest" name="testBlockHardness[26: BARRIER]" time="0"/>
  <testcase classname="org.bukkit.PerMaterialTest" name="maxStackSize[26: BARRIER]" time="0"/>
  <testcase classname="org.bukkit.PerMaterialTest" name="isTransparent[26: BARRIER]" time="0"/>
  <testcase classname="org.bukkit.PerMaterialTest" name="testBlockDataCreation[26: BARRIER]" time="0"/>
  <testcase classname="org.bukkit.PerMaterialTest" name="isBlock[26: BARRIER]" time="0"/>
  <testcase classname="org.bukkit.PerMaterialTest" name="isSolid[26: BARRIER]" time="0"/>
  <testcase classname="org.bukkit.PerMaterialTest" name="hasGravity[27: BAT_SPAWN_EGG]" time="0"/>
  <testcase classname="org.bukkit.PerMaterialTest" name="isBurnable[27: BAT_SPAWN_EGG]" time="0"/>
  <testcase classname="org.bukkit.PerMaterialTest" name="testInteractable[27: BAT_SPAWN_EGG]" time="0"/>
  <testcase classname="org.bukkit.PerMaterialTest" name="testBlock[27: BAT_SPAWN_EGG]" time="0"/>
  <testcase classname="org.bukkit.PerMaterialTest" name="isFuel[27: BAT_SPAWN_EGG]" time="0"/>
  <testcase classname="org.bukkit.PerMaterialTest" name="testItem[27: BAT_SPAWN_EGG]" time="0.001"/>
  <testcase classname="org.bukkit.PerMaterialTest" name="testBlastResistance[27: BAT_SPAWN_EGG]" time="0"/>
  <testcase classname="org.bukkit.PerMaterialTest" name="isEdible[27: BAT_SPAWN_EGG]" time="0"/>
  <testcase classname="org.bukkit.PerMaterialTest" name="maxDurability[27: BAT_SPAWN_EGG]" time="0"/>
  <testcase classname="org.bukkit.PerMaterialTest" name="usesDurability[27: BAT_SPAWN_EGG]" time="0"/>
  <testcase classname="org.bukkit.PerMaterialTest" name="isOccluding[27: BAT_SPAWN_EGG]" time="0"/>
  <testcase classname="org.bukkit.PerMaterialTest" name="isRecord[27: BAT_SPAWN_EGG]" time="0"/>
  <testcase classname="org.bukkit.PerMaterialTest" name="isFlammable[27: BAT_SPAWN_EGG]" time="0"/>
  <testcase classname="org.bukkit.PerMaterialTest" name="testDurability[27: BAT_SPAWN_EGG]" time="0"/>
  <testcase classname="org.bukkit.PerMaterialTest" name="testBlockHardness[27: BAT_SPAWN_EGG]" time="0"/>
  <testcase classname="org.bukkit.PerMaterialTest" name="maxStackSize[27: BAT_SPAWN_EGG]" time="0"/>
  <testcase classname="org.bukkit.PerMaterialTest" name="isTransparent[27: BAT_SPAWN_EGG]" time="0"/>
  <testcase classname="org.bukkit.PerMaterialTest" name="testBlockDataCreation[27: BAT_SPAWN_EGG]" time="0"/>
  <testcase classname="org.bukkit.PerMaterialTest" name="isBlock[27: BAT_SPAWN_EGG]" time="0"/>
  <testcase classname="org.bukkit.PerMaterialTest" name="isSolid[27: BAT_SPAWN_EGG]" time="0"/>
  <testcase classname="org.bukkit.PerMaterialTest" name="hasGravity[28: BEACON]" time="0"/>
  <testcase classname="org.bukkit.PerMaterialTest" name="isBurnable[28: BEACON]" time="0"/>
  <testcase classname="org.bukkit.PerMaterialTest" name="testInteractable[28: BEACON]" time="0"/>
  <testcase classname="org.bukkit.PerMaterialTest" name="testBlock[28: BEACON]" time="0"/>
  <testcase classname="org.bukkit.PerMaterialTest" name="isFuel[28: BEACON]" time="0.001"/>
  <testcase classname="org.bukkit.PerMaterialTest" name="testItem[28: BEACON]" time="0"/>
  <testcase classname="org.bukkit.PerMaterialTest" name="testBlastResistance[28: BEACON]" time="0"/>
  <testcase classname="org.bukkit.PerMaterialTest" name="isEdible[28: BEACON]" time="0"/>
  <testcase classname="org.bukkit.PerMaterialTest" name="maxDurability[28: BEACON]" time="0"/>
  <testcase classname="org.bukkit.PerMaterialTest" name="usesDurability[28: BEACON]" time="0"/>
  <testcase classname="org.bukkit.PerMaterialTest" name="isOccluding[28: BEACON]" time="0"/>
  <testcase classname="org.bukkit.PerMaterialTest" name="isRecord[28: BEACON]" time="0.001"/>
  <testcase classname="org.bukkit.PerMaterialTest" name="isFlammable[28: BEACON]" time="0"/>
  <testcase classname="org.bukkit.PerMaterialTest" name="testDurability[28: BEACON]" time="0"/>
  <testcase classname="org.bukkit.PerMaterialTest" name="testBlockHardness[28: BEACON]" time="0"/>
  <testcase classname="org.bukkit.PerMaterialTest" name="maxStackSize[28: BEACON]" time="0"/>
  <testcase classname="org.bukkit.PerMaterialTest" name="isTransparent[28: BEACON]" time="0"/>
  <testcase classname="org.bukkit.PerMaterialTest" name="testBlockDataCreation[28: BEACON]" time="0"/>
  <testcase classname="org.bukkit.PerMaterialTest" name="isBlock[28: BEACON]" time="0.001"/>
  <testcase classname="org.bukkit.PerMaterialTest" name="isSolid[28: BEACON]" time="0"/>
  <testcase classname="org.bukkit.PerMaterialTest" name="hasGravity[29: BEDROCK]" time="0"/>
  <testcase classname="org.bukkit.PerMaterialTest" name="isBurnable[29: BEDROCK]" time="0"/>
  <testcase classname="org.bukkit.PerMaterialTest" name="testInteractable[29: BEDROCK]" time="0"/>
  <testcase classname="org.bukkit.PerMaterialTest" name="testBlock[29: BEDROCK]" time="0"/>
  <testcase classname="org.bukkit.PerMaterialTest" name="isFuel[29: BEDROCK]" time="0.001"/>
  <testcase classname="org.bukkit.PerMaterialTest" name="testItem[29: BEDROCK]" time="0"/>
  <testcase classname="org.bukkit.PerMaterialTest" name="testBlastResistance[29: BEDROCK]" time="0"/>
  <testcase classname="org.bukkit.PerMaterialTest" name="isEdible[29: BEDROCK]" time="0"/>
  <testcase classname="org.bukkit.PerMaterialTest" name="maxDurability[29: BEDROCK]" time="0"/>
  <testcase classname="org.bukkit.PerMaterialTest" name="usesDurability[29: BEDROCK]" time="0"/>
  <testcase classname="org.bukkit.PerMaterialTest" name="isOccluding[29: BEDROCK]" time="0.001"/>
  <testcase classname="org.bukkit.PerMaterialTest" name="isRecord[29: BEDROCK]" time="0"/>
  <testcase classname="org.bukkit.PerMaterialTest" name="isFlammable[29: BEDROCK]" time="0"/>
  <testcase classname="org.bukkit.PerMaterialTest" name="testDurability[29: BEDROCK]" time="0"/>
  <testcase classname="org.bukkit.PerMaterialTest" name="testBlockHardness[29: BEDROCK]" time="0"/>
  <testcase classname="org.bukkit.PerMaterialTest" name="maxStackSize[29: BEDROCK]" time="0"/>
  <testcase classname="org.bukkit.PerMaterialTest" name="isTransparent[29: BEDROCK]" time="0"/>
  <testcase classname="org.bukkit.PerMaterialTest" name="testBlockDataCreation[29: BEDROCK]" time="0.001"/>
  <testcase classname="org.bukkit.PerMaterialTest" name="isBlock[29: BEDROCK]" time="0"/>
  <testcase classname="org.bukkit.PerMaterialTest" name="isSolid[29: BEDROCK]" time="0"/>
  <testcase classname="org.bukkit.PerMaterialTest" name="hasGravity[30: BEEF]" time="0"/>
  <testcase classname="org.bukkit.PerMaterialTest" name="isBurnable[30: BEEF]" time="0"/>
  <testcase classname="org.bukkit.PerMaterialTest" name="testInteractable[30: BEEF]" time="0"/>
  <testcase classname="org.bukkit.PerMaterialTest" name="testBlock[30: BEEF]" time="0"/>
  <testcase classname="org.bukkit.PerMaterialTest" name="isFuel[30: BEEF]" time="0.001"/>
  <testcase classname="org.bukkit.PerMaterialTest" name="testItem[30: BEEF]" time="0"/>
  <testcase classname="org.bukkit.PerMaterialTest" name="testBlastResistance[30: BEEF]" time="0"/>
  <testcase classname="org.bukkit.PerMaterialTest" name="isEdible[30: BEEF]" time="0"/>
  <testcase classname="org.bukkit.PerMaterialTest" name="maxDurability[30: BEEF]" time="0"/>
  <testcase classname="org.bukkit.PerMaterialTest" name="usesDurability[30: BEEF]" time="0"/>
  <testcase classname="org.bukkit.PerMaterialTest" name="isOccluding[30: BEEF]" time="0"/>
  <testcase classname="org.bukkit.PerMaterialTest" name="isRecord[30: BEEF]" time="0.001"/>
  <testcase classname="org.bukkit.PerMaterialTest" name="isFlammable[30: BEEF]" time="0"/>
  <testcase classname="org.bukkit.PerMaterialTest" name="testDurability[30: BEEF]" time="0"/>
  <testcase classname="org.bukkit.PerMaterialTest" name="testBlockHardness[30: BEEF]" time="0"/>
  <testcase classname="org.bukkit.PerMaterialTest" name="maxStackSize[30: BEEF]" time="0"/>
  <testcase classname="org.bukkit.PerMaterialTest" name="isTransparent[30: BEEF]" time="0"/>
  <testcase classname="org.bukkit.PerMaterialTest" name="testBlockDataCreation[30: BEEF]" time="0"/>
  <testcase classname="org.bukkit.PerMaterialTest" name="isBlock[30: BEEF]" time="0.001"/>
  <testcase classname="org.bukkit.PerMaterialTest" name="isSolid[30: BEEF]" time="0"/>
  <testcase classname="org.bukkit.PerMaterialTest" name="hasGravity[31: BEETROOT]" time="0"/>
  <testcase classname="org.bukkit.PerMaterialTest" name="isBurnable[31: BEETROOT]" time="0"/>
  <testcase classname="org.bukkit.PerMaterialTest" name="testInteractable[31: BEETROOT]" time="0"/>
  <testcase classname="org.bukkit.PerMaterialTest" name="testBlock[31: BEETROOT]" time="0"/>
  <testcase classname="org.bukkit.PerMaterialTest" name="isFuel[31: BEETROOT]" time="0.001"/>
  <testcase classname="org.bukkit.PerMaterialTest" name="testItem[31: BEETROOT]" time="0"/>
  <testcase classname="org.bukkit.PerMaterialTest" name="testBlastResistance[31: BEETROOT]" time="0"/>
  <testcase classname="org.bukkit.PerMaterialTest" name="isEdible[31: BEETROOT]" time="0"/>
  <testcase classname="org.bukkit.PerMaterialTest" name="maxDurability[31: BEETROOT]" time="0"/>
  <testcase classname="org.bukkit.PerMaterialTest" name="usesDurability[31: BEETROOT]" time="0"/>
  <testcase classname="org.bukkit.PerMaterialTest" name="isOccluding[31: BEETROOT]" time="0"/>
  <testcase classname="org.bukkit.PerMaterialTest" name="isRecord[31: BEETROOT]" time="0"/>
  <testcase classname="org.bukkit.PerMaterialTest" name="isFlammable[31: BEETROOT]" time="0"/>
  <testcase classname="org.bukkit.PerMaterialTest" name="testDurability[31: BEETROOT]" time="0"/>
  <testcase classname="org.bukkit.PerMaterialTest" name="testBlockHardness[31: BEETROOT]" time="0"/>
  <testcase classname="org.bukkit.PerMaterialTest" name="maxStackSize[31: BEETROOT]" time="0"/>
  <testcase classname="org.bukkit.PerMaterialTest" name="isTransparent[31: BEETROOT]" time="0"/>
  <testcase classname="org.bukkit.PerMaterialTest" name="testBlockDataCreation[31: BEETROOT]" time="0"/>
  <testcase classname="org.bukkit.PerMaterialTest" name="isBlock[31: BEETROOT]" time="0"/>
  <testcase classname="org.bukkit.PerMaterialTest" name="isSolid[31: BEETROOT]" time="0"/>
  <testcase classname="org.bukkit.PerMaterialTest" name="hasGravity[32: BEETROOTS]" time="0"/>
  <testcase classname="org.bukkit.PerMaterialTest" name="isBurnable[32: BEETROOTS]" time="0"/>
  <testcase classname="org.bukkit.PerMaterialTest" name="testInteractable[32: BEETROOTS]" time="0"/>
  <testcase classname="org.bukkit.PerMaterialTest" name="testBlock[32: BEETROOTS]" time="0"/>
  <testcase classname="org.bukkit.PerMaterialTest" name="isFuel[32: BEETROOTS]" time="0"/>
  <testcase classname="org.bukkit.PerMaterialTest" name="testItem[32: BEETROOTS]" time="0"/>
  <testcase classname="org.bukkit.PerMaterialTest" name="testBlastResistance[32: BEETROOTS]" time="0"/>
  <testcase classname="org.bukkit.PerMaterialTest" name="isEdible[32: BEETROOTS]" time="0"/>
  <testcase classname="org.bukkit.PerMaterialTest" name="maxDurability[32: BEETROOTS]" time="0"/>
  <testcase classname="org.bukkit.PerMaterialTest" name="usesDurability[32: BEETROOTS]" time="0.001"/>
  <testcase classname="org.bukkit.PerMaterialTest" name="isOccluding[32: BEETROOTS]" time="0"/>
  <testcase classname="org.bukkit.PerMaterialTest" name="isRecord[32: BEETROOTS]" time="0"/>
  <testcase classname="org.bukkit.PerMaterialTest" name="isFlammable[32: BEETROOTS]" time="0"/>
  <testcase classname="org.bukkit.PerMaterialTest" name="testDurability[32: BEETROOTS]" time="0"/>
  <testcase classname="org.bukkit.PerMaterialTest" name="testBlockHardness[32: BEETROOTS]" time="0"/>
  <testcase classname="org.bukkit.PerMaterialTest" name="maxStackSize[32: BEETROOTS]" time="0"/>
  <testcase classname="org.bukkit.PerMaterialTest" name="isTransparent[32: BEETROOTS]" time="0"/>
  <testcase classname="org.bukkit.PerMaterialTest" name="testBlockDataCreation[32: BEETROOTS]" time="0.001"/>
  <testcase classname="org.bukkit.PerMaterialTest" name="isBlock[32: BEETROOTS]" time="0"/>
  <testcase classname="org.bukkit.PerMaterialTest" name="isSolid[32: BEETROOTS]" time="0.007"/>
  <testcase classname="org.bukkit.PerMaterialTest" name="hasGravity[33: BEETROOT_SEEDS]" time="0"/>
  <testcase classname="org.bukkit.PerMaterialTest" name="isBurnable[33: BEETROOT_SEEDS]" time="0"/>
  <testcase classname="org.bukkit.PerMaterialTest" name="testInteractable[33: BEETROOT_SEEDS]" time="0"/>
  <testcase classname="org.bukkit.PerMaterialTest" name="testBlock[33: BEETROOT_SEEDS]" time="0"/>
  <testcase classname="org.bukkit.PerMaterialTest" name="isFuel[33: BEETROOT_SEEDS]" time="0"/>
  <testcase classname="org.bukkit.PerMaterialTest" name="testItem[33: BEETROOT_SEEDS]" time="0"/>
  <testcase classname="org.bukkit.PerMaterialTest" name="testBlastResistance[33: BEETROOT_SEEDS]" time="0"/>
  <testcase classname="org.bukkit.PerMaterialTest" name="isEdible[33: BEETROOT_SEEDS]" time="0"/>
  <testcase classname="org.bukkit.PerMaterialTest" name="maxDurability[33: BEETROOT_SEEDS]" time="0"/>
  <testcase classname="org.bukkit.PerMaterialTest" name="usesDurability[33: BEETROOT_SEEDS]" time="0"/>
  <testcase classname="org.bukkit.PerMaterialTest" name="isOccluding[33: BEETROOT_SEEDS]" time="0"/>
  <testcase classname="org.bukkit.PerMaterialTest" name="isRecord[33: BEETROOT_SEEDS]" time="0"/>
  <testcase classname="org.bukkit.PerMaterialTest" name="isFlammable[33: BEETROOT_SEEDS]" time="0"/>
  <testcase classname="org.bukkit.PerMaterialTest" name="testDurability[33: BEETROOT_SEEDS]" time="0"/>
  <testcase classname="org.bukkit.PerMaterialTest" name="testBlockHardness[33: BEETROOT_SEEDS]" time="0"/>
  <testcase classname="org.bukkit.PerMaterialTest" name="maxStackSize[33: BEETROOT_SEEDS]" time="0"/>
  <testcase classname="org.bukkit.PerMaterialTest" name="isTransparent[33: BEETROOT_SEEDS]" time="0"/>
  <testcase classname="org.bukkit.PerMaterialTest" name="testBlockDataCreation[33: BEETROOT_SEEDS]" time="0"/>
  <testcase classname="org.bukkit.PerMaterialTest" name="isBlock[33: BEETROOT_SEEDS]" time="0"/>
  <testcase classname="org.bukkit.PerMaterialTest" name="isSolid[33: BEETROOT_SEEDS]" time="0"/>
  <testcase classname="org.bukkit.PerMaterialTest" name="hasGravity[34: BEETROOT_SOUP]" time="0"/>
  <testcase classname="org.bukkit.PerMaterialTest" name="isBurnable[34: BEETROOT_SOUP]" time="0"/>
  <testcase classname="org.bukkit.PerMaterialTest" name="testInteractable[34: BEETROOT_SOUP]" time="0"/>
  <testcase classname="org.bukkit.PerMaterialTest" name="testBlock[34: BEETROOT_SOUP]" time="0"/>
  <testcase classname="org.bukkit.PerMaterialTest" name="isFuel[34: BEETROOT_SOUP]" time="0"/>
  <testcase classname="org.bukkit.PerMaterialTest" name="testItem[34: BEETROOT_SOUP]" time="0"/>
  <testcase classname="org.bukkit.PerMaterialTest" name="testBlastResistance[34: BEETROOT_SOUP]" time="0"/>
  <testcase classname="org.bukkit.PerMaterialTest" name="isEdible[34: BEETROOT_SOUP]" time="0"/>
  <testcase classname="org.bukkit.PerMaterialTest" name="maxDurability[34: BEETROOT_SOUP]" time="0"/>
  <testcase classname="org.bukkit.PerMaterialTest" name="usesDurability[34: BEETROOT_SOUP]" time="0"/>
  <testcase classname="org.bukkit.PerMaterialTest" name="isOccluding[34: BEETROOT_SOUP]" time="0"/>
  <testcase classname="org.bukkit.PerMaterialTest" name="isRecord[34: BEETROOT_SOUP]" time="0"/>
  <testcase classname="org.bukkit.PerMaterialTest" name="isFlammable[34: BEETROOT_SOUP]" time="0"/>
  <testcase classname="org.bukkit.PerMaterialTest" name="testDurability[34: BEETROOT_SOUP]" time="0"/>
  <testcase classname="org.bukkit.PerMaterialTest" name="testBlockHardness[34: BEETROOT_SOUP]" time="0"/>
  <testcase classname="org.bukkit.PerMaterialTest" name="maxStackSize[34: BEETROOT_SOUP]" time="0"/>
  <testcase classname="org.bukkit.PerMaterialTest" name="isTransparent[34: BEETROOT_SOUP]" time="0"/>
  <testcase classname="org.bukkit.PerMaterialTest" name="testBlockDataCreation[34: BEETROOT_SOUP]" time="0"/>
  <testcase classname="org.bukkit.PerMaterialTest" name="isBlock[34: BEETROOT_SOUP]" time="0"/>
  <testcase classname="org.bukkit.PerMaterialTest" name="isSolid[34: BEETROOT_SOUP]" time="0"/>
  <testcase classname="org.bukkit.PerMaterialTest" name="hasGravity[35: BIRCH_BOAT]" time="0"/>
  <testcase classname="org.bukkit.PerMaterialTest" name="isBurnable[35: BIRCH_BOAT]" time="0"/>
  <testcase classname="org.bukkit.PerMaterialTest" name="testInteractable[35: BIRCH_BOAT]" time="0"/>
  <testcase classname="org.bukkit.PerMaterialTest" name="testBlock[35: BIRCH_BOAT]" time="0"/>
  <testcase classname="org.bukkit.PerMaterialTest" name="isFuel[35: BIRCH_BOAT]" time="0"/>
  <testcase classname="org.bukkit.PerMaterialTest" name="testItem[35: BIRCH_BOAT]" time="0"/>
  <testcase classname="org.bukkit.PerMaterialTest" name="testBlastResistance[35: BIRCH_BOAT]" time="0"/>
  <testcase classname="org.bukkit.PerMaterialTest" name="isEdible[35: BIRCH_BOAT]" time="0"/>
  <testcase classname="org.bukkit.PerMaterialTest" name="maxDurability[35: BIRCH_BOAT]" time="0"/>
  <testcase classname="org.bukkit.PerMaterialTest" name="usesDurability[35: BIRCH_BOAT]" time="0"/>
  <testcase classname="org.bukkit.PerMaterialTest" name="isOccluding[35: BIRCH_BOAT]" time="0"/>
  <testcase classname="org.bukkit.PerMaterialTest" name="isRecord[35: BIRCH_BOAT]" time="0"/>
  <testcase classname="org.bukkit.PerMaterialTest" name="isFlammable[35: BIRCH_BOAT]" time="0"/>
  <testcase classname="org.bukkit.PerMaterialTest" name="testDurability[35: BIRCH_BOAT]" time="0"/>
  <testcase classname="org.bukkit.PerMaterialTest" name="testBlockHardness[35: BIRCH_BOAT]" time="0"/>
  <testcase classname="org.bukkit.PerMaterialTest" name="maxStackSize[35: BIRCH_BOAT]" time="0"/>
  <testcase classname="org.bukkit.PerMaterialTest" name="isTransparent[35: BIRCH_BOAT]" time="0"/>
  <testcase classname="org.bukkit.PerMaterialTest" name="testBlockDataCreation[35: BIRCH_BOAT]" time="0"/>
  <testcase classname="org.bukkit.PerMaterialTest" name="isBlock[35: BIRCH_BOAT]" time="0"/>
  <testcase classname="org.bukkit.PerMaterialTest" name="isSolid[35: BIRCH_BOAT]" time="0"/>
  <testcase classname="org.bukkit.PerMaterialTest" name="hasGravity[36: BIRCH_BUTTON]" time="0"/>
  <testcase classname="org.bukkit.PerMaterialTest" name="isBurnable[36: BIRCH_BUTTON]" time="0"/>
  <testcase classname="org.bukkit.PerMaterialTest" name="testInteractable[36: BIRCH_BUTTON]" time="0"/>
  <testcase classname="org.bukkit.PerMaterialTest" name="testBlock[36: BIRCH_BUTTON]" time="0.001"/>
  <testcase classname="org.bukkit.PerMaterialTest" name="isFuel[36: BIRCH_BUTTON]" time="0"/>
  <testcase classname="org.bukkit.PerMaterialTest" name="testItem[36: BIRCH_BUTTON]" time="0"/>
  <testcase classname="org.bukkit.PerMaterialTest" name="testBlastResistance[36: BIRCH_BUTTON]" time="0"/>
  <testcase classname="org.bukkit.PerMaterialTest" name="isEdible[36: BIRCH_BUTTON]" time="0"/>
  <testcase classname="org.bukkit.PerMaterialTest" name="maxDurability[36: BIRCH_BUTTON]" time="0"/>
  <testcase classname="org.bukkit.PerMaterialTest" name="usesDurability[36: BIRCH_BUTTON]" time="0"/>
  <testcase classname="org.bukkit.PerMaterialTest" name="isOccluding[36: BIRCH_BUTTON]" time="0"/>
  <testcase classname="org.bukkit.PerMaterialTest" name="isRecord[36: BIRCH_BUTTON]" time="0"/>
  <testcase classname="org.bukkit.PerMaterialTest" name="isFlammable[36: BIRCH_BUTTON]" time="0"/>
  <testcase classname="org.bukkit.PerMaterialTest" name="testDurability[36: BIRCH_BUTTON]" time="0"/>
  <testcase classname="org.bukkit.PerMaterialTest" name="testBlockHardness[36: BIRCH_BUTTON]" time="0"/>
  <testcase classname="org.bukkit.PerMaterialTest" name="maxStackSize[36: BIRCH_BUTTON]" time="0"/>
  <testcase classname="org.bukkit.PerMaterialTest" name="isTransparent[36: BIRCH_BUTTON]" time="0"/>
  <testcase classname="org.bukkit.PerMaterialTest" name="testBlockDataCreation[36: BIRCH_BUTTON]" time="0"/>
  <testcase classname="org.bukkit.PerMaterialTest" name="isBlock[36: BIRCH_BUTTON]" time="0"/>
  <testcase classname="org.bukkit.PerMaterialTest" name="isSolid[36: BIRCH_BUTTON]" time="0"/>
  <testcase classname="org.bukkit.PerMaterialTest" name="hasGravity[37: BIRCH_DOOR]" time="0"/>
  <testcase classname="org.bukkit.PerMaterialTest" name="isBurnable[37: BIRCH_DOOR]" time="0"/>
  <testcase classname="org.bukkit.PerMaterialTest" name="testInteractable[37: BIRCH_DOOR]" time="0"/>
  <testcase classname="org.bukkit.PerMaterialTest" name="testBlock[37: BIRCH_DOOR]" time="0"/>
  <testcase classname="org.bukkit.PerMaterialTest" name="isFuel[37: BIRCH_DOOR]" time="0"/>
  <testcase classname="org.bukkit.PerMaterialTest" name="testItem[37: BIRCH_DOOR]" time="0"/>
  <testcase classname="org.bukkit.PerMaterialTest" name="testBlastResistance[37: BIRCH_DOOR]" time="0"/>
  <testcase classname="org.bukkit.PerMaterialTest" name="isEdible[37: BIRCH_DOOR]" time="0"/>
  <testcase classname="org.bukkit.PerMaterialTest" name="maxDurability[37: BIRCH_DOOR]" time="0"/>
  <testcase classname="org.bukkit.PerMaterialTest" name="usesDurability[37: BIRCH_DOOR]" time="0"/>
  <testcase classname="org.bukkit.PerMaterialTest" name="isOccluding[37: BIRCH_DOOR]" time="0"/>
  <testcase classname="org.bukkit.PerMaterialTest" name="isRecord[37: BIRCH_DOOR]" time="0"/>
  <testcase classname="org.bukkit.PerMaterialTest" name="isFlammable[37: BIRCH_DOOR]" time="0"/>
  <testcase classname="org.bukkit.PerMaterialTest" name="testDurability[37: BIRCH_DOOR]" time="0"/>
  <testcase classname="org.bukkit.PerMaterialTest" name="testBlockHardness[37: BIRCH_DOOR]" time="0"/>
  <testcase classname="org.bukkit.PerMaterialTest" name="maxStackSize[37: BIRCH_DOOR]" time="0"/>
  <testcase classname="org.bukkit.PerMaterialTest" name="isTransparent[37: BIRCH_DOOR]" time="0"/>
  <testcase classname="org.bukkit.PerMaterialTest" name="testBlockDataCreation[37: BIRCH_DOOR]" time="0"/>
  <testcase classname="org.bukkit.PerMaterialTest" name="isBlock[37: BIRCH_DOOR]" time="0"/>
  <testcase classname="org.bukkit.PerMaterialTest" name="isSolid[37: BIRCH_DOOR]" time="0"/>
  <testcase classname="org.bukkit.PerMaterialTest" name="hasGravity[38: BIRCH_FENCE]" time="0.001"/>
  <testcase classname="org.bukkit.PerMaterialTest" name="isBurnable[38: BIRCH_FENCE]" time="0"/>
  <testcase classname="org.bukkit.PerMaterialTest" name="testInteractable[38: BIRCH_FENCE]" time="0"/>
  <testcase classname="org.bukkit.PerMaterialTest" name="testBlock[38: BIRCH_FENCE]" time="0"/>
  <testcase classname="org.bukkit.PerMaterialTest" name="isFuel[38: BIRCH_FENCE]" time="0"/>
  <testcase classname="org.bukkit.PerMaterialTest" name="testItem[38: BIRCH_FENCE]" time="0.001"/>
  <testcase classname="org.bukkit.PerMaterialTest" name="testBlastResistance[38: BIRCH_FENCE]" time="0"/>
  <testcase classname="org.bukkit.PerMaterialTest" name="isEdible[38: BIRCH_FENCE]" time="0"/>
  <testcase classname="org.bukkit.PerMaterialTest" name="maxDurability[38: BIRCH_FENCE]" time="0"/>
  <testcase classname="org.bukkit.PerMaterialTest" name="usesDurability[38: BIRCH_FENCE]" time="0"/>
  <testcase classname="org.bukkit.PerMaterialTest" name="isOccluding[38: BIRCH_FENCE]" time="0"/>
  <testcase classname="org.bukkit.PerMaterialTest" name="isRecord[38: BIRCH_FENCE]" time="0"/>
  <testcase classname="org.bukkit.PerMaterialTest" name="isFlammable[38: BIRCH_FENCE]" time="0"/>
  <testcase classname="org.bukkit.PerMaterialTest" name="testDurability[38: BIRCH_FENCE]" time="0"/>
  <testcase classname="org.bukkit.PerMaterialTest" name="testBlockHardness[38: BIRCH_FENCE]" time="0"/>
  <testcase classname="org.bukkit.PerMaterialTest" name="maxStackSize[38: BIRCH_FENCE]" time="0"/>
  <testcase classname="org.bukkit.PerMaterialTest" name="isTransparent[38: BIRCH_FENCE]" time="0"/>
  <testcase classname="org.bukkit.PerMaterialTest" name="testBlockDataCreation[38: BIRCH_FENCE]" time="0"/>
  <testcase classname="org.bukkit.PerMaterialTest" name="isBlock[38: BIRCH_FENCE]" time="0"/>
  <testcase classname="org.bukkit.PerMaterialTest" name="isSolid[38: BIRCH_FENCE]" time="0"/>
  <testcase classname="org.bukkit.PerMaterialTest" name="hasGravity[39: BIRCH_FENCE_GATE]" time="0"/>
  <testcase classname="org.bukkit.PerMaterialTest" name="isBurnable[39: BIRCH_FENCE_GATE]" time="0"/>
  <testcase classname="org.bukkit.PerMaterialTest" name="testInteractable[39: BIRCH_FENCE_GATE]" time="0"/>
  <testcase classname="org.bukkit.PerMaterialTest" name="testBlock[39: BIRCH_FENCE_GATE]" time="0"/>
  <testcase classname="org.bukkit.PerMaterialTest" name="isFuel[39: BIRCH_FENCE_GATE]" time="0"/>
  <testcase classname="org.bukkit.PerMaterialTest" name="testItem[39: BIRCH_FENCE_GATE]" time="0"/>
  <testcase classname="org.bukkit.PerMaterialTest" name="testBlastResistance[39: BIRCH_FENCE_GATE]" time="0"/>
  <testcase classname="org.bukkit.PerMaterialTest" name="isEdible[39: BIRCH_FENCE_GATE]" time="0"/>
  <testcase classname="org.bukkit.PerMaterialTest" name="maxDurability[39: BIRCH_FENCE_GATE]" time="0"/>
  <testcase classname="org.bukkit.PerMaterialTest" name="usesDurability[39: BIRCH_FENCE_GATE]" time="0"/>
  <testcase classname="org.bukkit.PerMaterialTest" name="isOccluding[39: BIRCH_FENCE_GATE]" time="0"/>
  <testcase classname="org.bukkit.PerMaterialTest" name="isRecord[39: BIRCH_FENCE_GATE]" time="0"/>
  <testcase classname="org.bukkit.PerMaterialTest" name="isFlammable[39: BIRCH_FENCE_GATE]" time="0.001"/>
  <testcase classname="org.bukkit.PerMaterialTest" name="testDurability[39: BIRCH_FENCE_GATE]" time="0"/>
  <testcase classname="org.bukkit.PerMaterialTest" name="testBlockHardness[39: BIRCH_FENCE_GATE]" time="0"/>
  <testcase classname="org.bukkit.PerMaterialTest" name="maxStackSize[39: BIRCH_FENCE_GATE]" time="0"/>
  <testcase classname="org.bukkit.PerMaterialTest" name="isTransparent[39: BIRCH_FENCE_GATE]" time="0"/>
  <testcase classname="org.bukkit.PerMaterialTest" name="testBlockDataCreation[39: BIRCH_FENCE_GATE]" time="0"/>
  <testcase classname="org.bukkit.PerMaterialTest" name="isBlock[39: BIRCH_FENCE_GATE]" time="0"/>
  <testcase classname="org.bukkit.PerMaterialTest" name="isSolid[39: BIRCH_FENCE_GATE]" time="0"/>
  <testcase classname="org.bukkit.PerMaterialTest" name="hasGravity[40: BIRCH_LEAVES]" time="0"/>
  <testcase classname="org.bukkit.PerMaterialTest" name="isBurnable[40: BIRCH_LEAVES]" time="0"/>
  <testcase classname="org.bukkit.PerMaterialTest" name="testInteractable[40: BIRCH_LEAVES]" time="0"/>
  <testcase classname="org.bukkit.PerMaterialTest" name="testBlock[40: BIRCH_LEAVES]" time="0"/>
  <testcase classname="org.bukkit.PerMaterialTest" name="isFuel[40: BIRCH_LEAVES]" time="0.001"/>
  <testcase classname="org.bukkit.PerMaterialTest" name="testItem[40: BIRCH_LEAVES]" time="0"/>
  <testcase classname="org.bukkit.PerMaterialTest" name="testBlastResistance[40: BIRCH_LEAVES]" time="0"/>
  <testcase classname="org.bukkit.PerMaterialTest" name="isEdible[40: BIRCH_LEAVES]" time="0"/>
  <testcase classname="org.bukkit.PerMaterialTest" name="maxDurability[40: BIRCH_LEAVES]" time="0"/>
  <testcase classname="org.bukkit.PerMaterialTest" name="usesDurability[40: BIRCH_LEAVES]" time="0"/>
  <testcase classname="org.bukkit.PerMaterialTest" name="isOccluding[40: BIRCH_LEAVES]" time="0"/>
  <testcase classname="org.bukkit.PerMaterialTest" name="isRecord[40: BIRCH_LEAVES]" time="0.001"/>
  <testcase classname="org.bukkit.PerMaterialTest" name="isFlammable[40: BIRCH_LEAVES]" time="0"/>
  <testcase classname="org.bukkit.PerMaterialTest" name="testDurability[40: BIRCH_LEAVES]" time="0"/>
  <testcase classname="org.bukkit.PerMaterialTest" name="testBlockHardness[40: BIRCH_LEAVES]" time="0"/>
  <testcase classname="org.bukkit.PerMaterialTest" name="maxStackSize[40: BIRCH_LEAVES]" time="0"/>
  <testcase classname="org.bukkit.PerMaterialTest" name="isTransparent[40: BIRCH_LEAVES]" time="0"/>
  <testcase classname="org.bukkit.PerMaterialTest" name="testBlockDataCreation[40: BIRCH_LEAVES]" time="0"/>
  <testcase classname="org.bukkit.PerMaterialTest" name="isBlock[40: BIRCH_LEAVES]" time="0"/>
  <testcase classname="org.bukkit.PerMaterialTest" name="isSolid[40: BIRCH_LEAVES]" time="0"/>
  <testcase classname="org.bukkit.PerMaterialTest" name="hasGravity[41: BIRCH_LOG]" time="0"/>
  <testcase classname="org.bukkit.PerMaterialTest" name="isBurnable[41: BIRCH_LOG]" time="0"/>
  <testcase classname="org.bukkit.PerMaterialTest" name="testInteractable[41: BIRCH_LOG]" time="0"/>
  <testcase classname="org.bukkit.PerMaterialTest" name="testBlock[41: BIRCH_LOG]" time="0"/>
  <testcase classname="org.bukkit.PerMaterialTest" name="isFuel[41: BIRCH_LOG]" time="0.002"/>
  <testcase classname="org.bukkit.PerMaterialTest" name="testItem[41: BIRCH_LOG]" time="0"/>
  <testcase classname="org.bukkit.PerMaterialTest" name="testBlastResistance[41: BIRCH_LOG]" time="0"/>
  <testcase classname="org.bukkit.PerMaterialTest" name="isEdible[41: BIRCH_LOG]" time="0.001"/>
  <testcase classname="org.bukkit.PerMaterialTest" name="maxDurability[41: BIRCH_LOG]" time="0"/>
  <testcase classname="org.bukkit.PerMaterialTest" name="usesDurability[41: BIRCH_LOG]" time="0"/>
  <testcase classname="org.bukkit.PerMaterialTest" name="isOccluding[41: BIRCH_LOG]" time="0"/>
  <testcase classname="org.bukkit.PerMaterialTest" name="isRecord[41: BIRCH_LOG]" time="0"/>
  <testcase classname="org.bukkit.PerMaterialTest" name="isFlammable[41: BIRCH_LOG]" time="0"/>
  <testcase classname="org.bukkit.PerMaterialTest" name="testDurability[41: BIRCH_LOG]" time="0"/>
  <testcase classname="org.bukkit.PerMaterialTest" name="testBlockHardness[41: BIRCH_LOG]" time="0"/>
  <testcase classname="org.bukkit.PerMaterialTest" name="maxStackSize[41: BIRCH_LOG]" time="0"/>
  <testcase classname="org.bukkit.PerMaterialTest" name="isTransparent[41: BIRCH_LOG]" time="0"/>
  <testcase classname="org.bukkit.PerMaterialTest" name="testBlockDataCreation[41: BIRCH_LOG]" time="0"/>
  <testcase classname="org.bukkit.PerMaterialTest" name="isBlock[41: BIRCH_LOG]" time="0"/>
  <testcase classname="org.bukkit.PerMaterialTest" name="isSolid[41: BIRCH_LOG]" time="0"/>
  <testcase classname="org.bukkit.PerMaterialTest" name="hasGravity[42: BIRCH_PLANKS]" time="0"/>
  <testcase classname="org.bukkit.PerMaterialTest" name="isBurnable[42: BIRCH_PLANKS]" time="0"/>
  <testcase classname="org.bukkit.PerMaterialTest" name="testInteractable[42: BIRCH_PLANKS]" time="0"/>
  <testcase classname="org.bukkit.PerMaterialTest" name="testBlock[42: BIRCH_PLANKS]" time="0"/>
  <testcase classname="org.bukkit.PerMaterialTest" name="isFuel[42: BIRCH_PLANKS]" time="0"/>
  <testcase classname="org.bukkit.PerMaterialTest" name="testItem[42: BIRCH_PLANKS]" time="0"/>
  <testcase classname="org.bukkit.PerMaterialTest" name="testBlastResistance[42: BIRCH_PLANKS]" time="0"/>
  <testcase classname="org.bukkit.PerMaterialTest" name="isEdible[42: BIRCH_PLANKS]" time="0"/>
  <testcase classname="org.bukkit.PerMaterialTest" name="maxDurability[42: BIRCH_PLANKS]" time="0"/>
  <testcase classname="org.bukkit.PerMaterialTest" name="usesDurability[42: BIRCH_PLANKS]" time="0"/>
  <testcase classname="org.bukkit.PerMaterialTest" name="isOccluding[42: BIRCH_PLANKS]" time="0"/>
  <testcase classname="org.bukkit.PerMaterialTest" name="isRecord[42: BIRCH_PLANKS]" time="0"/>
  <testcase classname="org.bukkit.PerMaterialTest" name="isFlammable[42: BIRCH_PLANKS]" time="0"/>
  <testcase classname="org.bukkit.PerMaterialTest" name="testDurability[42: BIRCH_PLANKS]" time="0"/>
  <testcase classname="org.bukkit.PerMaterialTest" name="testBlockHardness[42: BIRCH_PLANKS]" time="0"/>
  <testcase classname="org.bukkit.PerMaterialTest" name="maxStackSize[42: BIRCH_PLANKS]" time="0.001"/>
  <testcase classname="org.bukkit.PerMaterialTest" name="isTransparent[42: BIRCH_PLANKS]" time="0"/>
  <testcase classname="org.bukkit.PerMaterialTest" name="testBlockDataCreation[42: BIRCH_PLANKS]" time="0"/>
  <testcase classname="org.bukkit.PerMaterialTest" name="isBlock[42: BIRCH_PLANKS]" time="0"/>
  <testcase classname="org.bukkit.PerMaterialTest" name="isSolid[42: BIRCH_PLANKS]" time="0"/>
  <testcase classname="org.bukkit.PerMaterialTest" name="hasGravity[43: BIRCH_PRESSURE_PLATE]" time="0"/>
  <testcase classname="org.bukkit.PerMaterialTest" name="isBurnable[43: BIRCH_PRESSURE_PLATE]" time="0.001"/>
  <testcase classname="org.bukkit.PerMaterialTest" name="testInteractable[43: BIRCH_PRESSURE_PLATE]" time="0"/>
  <testcase classname="org.bukkit.PerMaterialTest" name="testBlock[43: BIRCH_PRESSURE_PLATE]" time="0"/>
  <testcase classname="org.bukkit.PerMaterialTest" name="isFuel[43: BIRCH_PRESSURE_PLATE]" time="0"/>
  <testcase classname="org.bukkit.PerMaterialTest" name="testItem[43: BIRCH_PRESSURE_PLATE]" time="0"/>
  <testcase classname="org.bukkit.PerMaterialTest" name="testBlastResistance[43: BIRCH_PRESSURE_PLATE]" time="0.001"/>
  <testcase classname="org.bukkit.PerMaterialTest" name="isEdible[43: BIRCH_PRESSURE_PLATE]" time="0"/>
  <testcase classname="org.bukkit.PerMaterialTest" name="maxDurability[43: BIRCH_PRESSURE_PLATE]" time="0"/>
  <testcase classname="org.bukkit.PerMaterialTest" name="usesDurability[43: BIRCH_PRESSURE_PLATE]" time="0"/>
  <testcase classname="org.bukkit.PerMaterialTest" name="isOccluding[43: BIRCH_PRESSURE_PLATE]" time="0"/>
  <testcase classname="org.bukkit.PerMaterialTest" name="isRecord[43: BIRCH_PRESSURE_PLATE]" time="0"/>
  <testcase classname="org.bukkit.PerMaterialTest" name="isFlammable[43: BIRCH_PRESSURE_PLATE]" time="0"/>
  <testcase classname="org.bukkit.PerMaterialTest" name="testDurability[43: BIRCH_PRESSURE_PLATE]" time="0"/>
  <testcase classname="org.bukkit.PerMaterialTest" name="testBlockHardness[43: BIRCH_PRESSURE_PLATE]" time="0"/>
  <testcase classname="org.bukkit.PerMaterialTest" name="maxStackSize[43: BIRCH_PRESSURE_PLATE]" time="0"/>
  <testcase classname="org.bukkit.PerMaterialTest" name="isTransparent[43: BIRCH_PRESSURE_PLATE]" time="0"/>
  <testcase classname="org.bukkit.PerMaterialTest" name="testBlockDataCreation[43: BIRCH_PRESSURE_PLATE]" time="0"/>
  <testcase classname="org.bukkit.PerMaterialTest" name="isBlock[43: BIRCH_PRESSURE_PLATE]" time="0"/>
  <testcase classname="org.bukkit.PerMaterialTest" name="isSolid[43: BIRCH_PRESSURE_PLATE]" time="0"/>
  <testcase classname="org.bukkit.PerMaterialTest" name="hasGravity[44: BIRCH_SAPLING]" time="0"/>
  <testcase classname="org.bukkit.PerMaterialTest" name="isBurnable[44: BIRCH_SAPLING]" time="0"/>
  <testcase classname="org.bukkit.PerMaterialTest" name="testInteractable[44: BIRCH_SAPLING]" time="0"/>
  <testcase classname="org.bukkit.PerMaterialTest" name="testBlock[44: BIRCH_SAPLING]" time="0"/>
  <testcase classname="org.bukkit.PerMaterialTest" name="isFuel[44: BIRCH_SAPLING]" time="0"/>
  <testcase classname="org.bukkit.PerMaterialTest" name="testItem[44: BIRCH_SAPLING]" time="0"/>
  <testcase classname="org.bukkit.PerMaterialTest" name="testBlastResistance[44: BIRCH_SAPLING]" time="0"/>
  <testcase classname="org.bukkit.PerMaterialTest" name="isEdible[44: BIRCH_SAPLING]" time="0"/>
  <testcase classname="org.bukkit.PerMaterialTest" name="maxDurability[44: BIRCH_SAPLING]" time="0"/>
  <testcase classname="org.bukkit.PerMaterialTest" name="usesDurability[44: BIRCH_SAPLING]" time="0"/>
  <testcase classname="org.bukkit.PerMaterialTest" name="isOccluding[44: BIRCH_SAPLING]" time="0"/>
  <testcase classname="org.bukkit.PerMaterialTest" name="isRecord[44: BIRCH_SAPLING]" time="0"/>
  <testcase classname="org.bukkit.PerMaterialTest" name="isFlammable[44: BIRCH_SAPLING]" time="0.001"/>
  <testcase classname="org.bukkit.PerMaterialTest" name="testDurability[44: BIRCH_SAPLING]" time="0"/>
  <testcase classname="org.bukkit.PerMaterialTest" name="testBlockHardness[44: BIRCH_SAPLING]" time="0"/>
  <testcase classname="org.bukkit.PerMaterialTest" name="maxStackSize[44: BIRCH_SAPLING]" time="0"/>
  <testcase classname="org.bukkit.PerMaterialTest" name="isTransparent[44: BIRCH_SAPLING]" time="0"/>
  <testcase classname="org.bukkit.PerMaterialTest" name="testBlockDataCreation[44: BIRCH_SAPLING]" time="0"/>
  <testcase classname="org.bukkit.PerMaterialTest" name="isBlock[44: BIRCH_SAPLING]" time="0"/>
  <testcase classname="org.bukkit.PerMaterialTest" name="isSolid[44: BIRCH_SAPLING]" time="0.001"/>
  <testcase classname="org.bukkit.PerMaterialTest" name="hasGravity[45: BIRCH_SLAB]" time="0"/>
  <testcase classname="org.bukkit.PerMaterialTest" name="isBurnable[45: BIRCH_SLAB]" time="0"/>
  <testcase classname="org.bukkit.PerMaterialTest" name="testInteractable[45: BIRCH_SLAB]" time="0"/>
  <testcase classname="org.bukkit.PerMaterialTest" name="testBlock[45: BIRCH_SLAB]" time="0"/>
  <testcase classname="org.bukkit.PerMaterialTest" name="isFuel[45: BIRCH_SLAB]" time="0.001"/>
  <testcase classname="org.bukkit.PerMaterialTest" name="testItem[45: BIRCH_SLAB]" time="0"/>
  <testcase classname="org.bukkit.PerMaterialTest" name="testBlastResistance[45: BIRCH_SLAB]" time="0"/>
  <testcase classname="org.bukkit.PerMaterialTest" name="isEdible[45: BIRCH_SLAB]" time="0"/>
  <testcase classname="org.bukkit.PerMaterialTest" name="maxDurability[45: BIRCH_SLAB]" time="0"/>
  <testcase classname="org.bukkit.PerMaterialTest" name="usesDurability[45: BIRCH_SLAB]" time="0"/>
  <testcase classname="org.bukkit.PerMaterialTest" name="isOccluding[45: BIRCH_SLAB]" time="0"/>
  <testcase classname="org.bukkit.PerMaterialTest" name="isRecord[45: BIRCH_SLAB]" time="0"/>
  <testcase classname="org.bukkit.PerMaterialTest" name="isFlammable[45: BIRCH_SLAB]" time="0"/>
  <testcase classname="org.bukkit.PerMaterialTest" name="testDurability[45: BIRCH_SLAB]" time="0"/>
  <testcase classname="org.bukkit.PerMaterialTest" name="testBlockHardness[45: BIRCH_SLAB]" time="0"/>
  <testcase classname="org.bukkit.PerMaterialTest" name="maxStackSize[45: BIRCH_SLAB]" time="0"/>
  <testcase classname="org.bukkit.PerMaterialTest" name="isTransparent[45: BIRCH_SLAB]" time="0"/>
  <testcase classname="org.bukkit.PerMaterialTest" name="testBlockDataCreation[45: BIRCH_SLAB]" time="0"/>
  <testcase classname="org.bukkit.PerMaterialTest" name="isBlock[45: BIRCH_SLAB]" time="0"/>
  <testcase classname="org.bukkit.PerMaterialTest" name="isSolid[45: BIRCH_SLAB]" time="0"/>
  <testcase classname="org.bukkit.PerMaterialTest" name="hasGravity[46: BIRCH_STAIRS]" time="0"/>
  <testcase classname="org.bukkit.PerMaterialTest" name="isBurnable[46: BIRCH_STAIRS]" time="0"/>
  <testcase classname="org.bukkit.PerMaterialTest" name="testInteractable[46: BIRCH_STAIRS]" time="0"/>
  <testcase classname="org.bukkit.PerMaterialTest" name="testBlock[46: BIRCH_STAIRS]" time="0"/>
  <testcase classname="org.bukkit.PerMaterialTest" name="isFuel[46: BIRCH_STAIRS]" time="0.001"/>
  <testcase classname="org.bukkit.PerMaterialTest" name="testItem[46: BIRCH_STAIRS]" time="0"/>
  <testcase classname="org.bukkit.PerMaterialTest" name="testBlastResistance[46: BIRCH_STAIRS]" time="0"/>
  <testcase classname="org.bukkit.PerMaterialTest" name="isEdible[46: BIRCH_STAIRS]" time="0"/>
  <testcase classname="org.bukkit.PerMaterialTest" name="maxDurability[46: BIRCH_STAIRS]" time="0"/>
  <testcase classname="org.bukkit.PerMaterialTest" name="usesDurability[46: BIRCH_STAIRS]" time="0"/>
  <testcase classname="org.bukkit.PerMaterialTest" name="isOccluding[46: BIRCH_STAIRS]" time="0"/>
  <testcase classname="org.bukkit.PerMaterialTest" name="isRecord[46: BIRCH_STAIRS]" time="0"/>
  <testcase classname="org.bukkit.PerMaterialTest" name="isFlammable[46: BIRCH_STAIRS]" time="0"/>
  <testcase classname="org.bukkit.PerMaterialTest" name="testDurability[46: BIRCH_STAIRS]" time="0"/>
  <testcase classname="org.bukkit.PerMaterialTest" name="testBlockHardness[46: BIRCH_STAIRS]" time="0"/>
  <testcase classname="org.bukkit.PerMaterialTest" name="maxStackSize[46: BIRCH_STAIRS]" time="0"/>
  <testcase classname="org.bukkit.PerMaterialTest" name="isTransparent[46: BIRCH_STAIRS]" time="0"/>
  <testcase classname="org.bukkit.PerMaterialTest" name="testBlockDataCreation[46: BIRCH_STAIRS]" time="0"/>
  <testcase classname="org.bukkit.PerMaterialTest" name="isBlock[46: BIRCH_STAIRS]" time="0"/>
  <testcase classname="org.bukkit.PerMaterialTest" name="isSolid[46: BIRCH_STAIRS]" time="0"/>
  <testcase classname="org.bukkit.PerMaterialTest" name="hasGravity[47: BIRCH_TRAPDOOR]" time="0"/>
  <testcase classname="org.bukkit.PerMaterialTest" name="isBurnable[47: BIRCH_TRAPDOOR]" time="0"/>
  <testcase classname="org.bukkit.PerMaterialTest" name="testInteractable[47: BIRCH_TRAPDOOR]" time="0"/>
  <testcase classname="org.bukkit.PerMaterialTest" name="testBlock[47: BIRCH_TRAPDOOR]" time="0"/>
  <testcase classname="org.bukkit.PerMaterialTest" name="isFuel[47: BIRCH_TRAPDOOR]" time="0.001"/>
  <testcase classname="org.bukkit.PerMaterialTest" name="testItem[47: BIRCH_TRAPDOOR]" time="0"/>
  <testcase classname="org.bukkit.PerMaterialTest" name="testBlastResistance[47: BIRCH_TRAPDOOR]" time="0"/>
  <testcase classname="org.bukkit.PerMaterialTest" name="isEdible[47: BIRCH_TRAPDOOR]" time="0"/>
  <testcase classname="org.bukkit.PerMaterialTest" name="maxDurability[47: BIRCH_TRAPDOOR]" time="0"/>
  <testcase classname="org.bukkit.PerMaterialTest" name="usesDurability[47: BIRCH_TRAPDOOR]" time="0"/>
  <testcase classname="org.bukkit.PerMaterialTest" name="isOccluding[47: BIRCH_TRAPDOOR]" time="0"/>
  <testcase classname="org.bukkit.PerMaterialTest" name="isRecord[47: BIRCH_TRAPDOOR]" time="0.001"/>
  <testcase classname="org.bukkit.PerMaterialTest" name="isFlammable[47: BIRCH_TRAPDOOR]" time="0"/>
  <testcase classname="org.bukkit.PerMaterialTest" name="testDurability[47: BIRCH_TRAPDOOR]" time="0"/>
  <testcase classname="org.bukkit.PerMaterialTest" name="testBlockHardness[47: BIRCH_TRAPDOOR]" time="0"/>
  <testcase classname="org.bukkit.PerMaterialTest" name="maxStackSize[47: BIRCH_TRAPDOOR]" time="0"/>
  <testcase classname="org.bukkit.PerMaterialTest" name="isTransparent[47: BIRCH_TRAPDOOR]" time="0"/>
  <testcase classname="org.bukkit.PerMaterialTest" name="testBlockDataCreation[47: BIRCH_TRAPDOOR]" time="0"/>
  <testcase classname="org.bukkit.PerMaterialTest" name="isBlock[47: BIRCH_TRAPDOOR]" time="0.001"/>
  <testcase classname="org.bukkit.PerMaterialTest" name="isSolid[47: BIRCH_TRAPDOOR]" time="0"/>
  <testcase classname="org.bukkit.PerMaterialTest" name="hasGravity[48: BIRCH_WOOD]" time="0"/>
  <testcase classname="org.bukkit.PerMaterialTest" name="isBurnable[48: BIRCH_WOOD]" time="0"/>
  <testcase classname="org.bukkit.PerMaterialTest" name="testInteractable[48: BIRCH_WOOD]" time="0"/>
  <testcase classname="org.bukkit.PerMaterialTest" name="testBlock[48: BIRCH_WOOD]" time="0"/>
  <testcase classname="org.bukkit.PerMaterialTest" name="isFuel[48: BIRCH_WOOD]" time="0.001"/>
  <testcase classname="org.bukkit.PerMaterialTest" name="testItem[48: BIRCH_WOOD]" time="0"/>
  <testcase classname="org.bukkit.PerMaterialTest" name="testBlastResistance[48: BIRCH_WOOD]" time="0"/>
  <testcase classname="org.bukkit.PerMaterialTest" name="isEdible[48: BIRCH_WOOD]" time="0"/>
  <testcase classname="org.bukkit.PerMaterialTest" name="maxDurability[48: BIRCH_WOOD]" time="0"/>
  <testcase classname="org.bukkit.PerMaterialTest" name="usesDurability[48: BIRCH_WOOD]" time="0"/>
  <testcase classname="org.bukkit.PerMaterialTest" name="isOccluding[48: BIRCH_WOOD]" time="0"/>
  <testcase classname="org.bukkit.PerMaterialTest" name="isRecord[48: BIRCH_WOOD]" time="0.001"/>
  <testcase classname="org.bukkit.PerMaterialTest" name="isFlammable[48: BIRCH_WOOD]" time="0"/>
  <testcase classname="org.bukkit.PerMaterialTest" name="testDurability[48: BIRCH_WOOD]" time="0"/>
  <testcase classname="org.bukkit.PerMaterialTest" name="testBlockHardness[48: BIRCH_WOOD]" time="0"/>
  <testcase classname="org.bukkit.PerMaterialTest" name="maxStackSize[48: BIRCH_WOOD]" time="0"/>
  <testcase classname="org.bukkit.PerMaterialTest" name="isTransparent[48: BIRCH_WOOD]" time="0"/>
  <testcase classname="org.bukkit.PerMaterialTest" name="testBlockDataCreation[48: BIRCH_WOOD]" time="0"/>
  <testcase classname="org.bukkit.PerMaterialTest" name="isBlock[48: BIRCH_WOOD]" time="0"/>
  <testcase classname="org.bukkit.PerMaterialTest" name="isSolid[48: BIRCH_WOOD]" time="0"/>
  <testcase classname="org.bukkit.PerMaterialTest" name="hasGravity[49: BLACK_BANNER]" time="0"/>
  <testcase classname="org.bukkit.PerMaterialTest" name="isBurnable[49: BLACK_BANNER]" time="0"/>
  <testcase classname="org.bukkit.PerMaterialTest" name="testInteractable[49: BLACK_BANNER]" time="0.001"/>
  <testcase classname="org.bukkit.PerMaterialTest" name="testBlock[49: BLACK_BANNER]" time="0"/>
  <testcase classname="org.bukkit.PerMaterialTest" name="isFuel[49: BLACK_BANNER]" time="0"/>
  <testcase classname="org.bukkit.PerMaterialTest" name="testItem[49: BLACK_BANNER]" time="0"/>
  <testcase classname="org.bukkit.PerMaterialTest" name="testBlastResistance[49: BLACK_BANNER]" time="0"/>
  <testcase classname="org.bukkit.PerMaterialTest" name="isEdible[49: BLACK_BANNER]" time="0"/>
  <testcase classname="org.bukkit.PerMaterialTest" name="maxDurability[49: BLACK_BANNER]" time="0.001"/>
  <testcase classname="org.bukkit.PerMaterialTest" name="usesDurability[49: BLACK_BANNER]" time="0"/>
  <testcase classname="org.bukkit.PerMaterialTest" name="isOccluding[49: BLACK_BANNER]" time="0"/>
  <testcase classname="org.bukkit.PerMaterialTest" name="isRecord[49: BLACK_BANNER]" time="0"/>
  <testcase classname="org.bukkit.PerMaterialTest" name="isFlammable[49: BLACK_BANNER]" time="0"/>
  <testcase classname="org.bukkit.PerMaterialTest" name="testDurability[49: BLACK_BANNER]" time="0"/>
  <testcase classname="org.bukkit.PerMaterialTest" name="testBlockHardness[49: BLACK_BANNER]" time="0"/>
  <testcase classname="org.bukkit.PerMaterialTest" name="maxStackSize[49: BLACK_BANNER]" time="0"/>
  <testcase classname="org.bukkit.PerMaterialTest" name="isTransparent[49: BLACK_BANNER]" time="0"/>
  <testcase classname="org.bukkit.PerMaterialTest" name="testBlockDataCreation[49: BLACK_BANNER]" time="0"/>
  <testcase classname="org.bukkit.PerMaterialTest" name="isBlock[49: BLACK_BANNER]" time="0"/>
  <testcase classname="org.bukkit.PerMaterialTest" name="isSolid[49: BLACK_BANNER]" time="0"/>
  <testcase classname="org.bukkit.PerMaterialTest" name="hasGravity[50: BLACK_BED]" time="0"/>
  <testcase classname="org.bukkit.PerMaterialTest" name="isBurnable[50: BLACK_BED]" time="0"/>
  <testcase classname="org.bukkit.PerMaterialTest" name="testInteractable[50: BLACK_BED]" time="0.001"/>
  <testcase classname="org.bukkit.PerMaterialTest" name="testBlock[50: BLACK_BED]" time="0"/>
  <testcase classname="org.bukkit.PerMaterialTest" name="isFuel[50: BLACK_BED]" time="0.002"/>
  <testcase classname="org.bukkit.PerMaterialTest" name="testItem[50: BLACK_BED]" time="0"/>
  <testcase classname="org.bukkit.PerMaterialTest" name="testBlastResistance[50: BLACK_BED]" time="0"/>
  <testcase classname="org.bukkit.PerMaterialTest" name="isEdible[50: BLACK_BED]" time="0"/>
  <testcase classname="org.bukkit.PerMaterialTest" name="maxDurability[50: BLACK_BED]" time="0"/>
  <testcase classname="org.bukkit.PerMaterialTest" name="usesDurability[50: BLACK_BED]" time="0"/>
  <testcase classname="org.bukkit.PerMaterialTest" name="isOccluding[50: BLACK_BED]" time="0"/>
  <testcase classname="org.bukkit.PerMaterialTest" name="isRecord[50: BLACK_BED]" time="0"/>
  <testcase classname="org.bukkit.PerMaterialTest" name="isFlammable[50: BLACK_BED]" time="0"/>
  <testcase classname="org.bukkit.PerMaterialTest" name="testDurability[50: BLACK_BED]" time="0"/>
  <testcase classname="org.bukkit.PerMaterialTest" name="testBlockHardness[50: BLACK_BED]" time="0"/>
  <testcase classname="org.bukkit.PerMaterialTest" name="maxStackSize[50: BLACK_BED]" time="0"/>
  <testcase classname="org.bukkit.PerMaterialTest" name="isTransparent[50: BLACK_BED]" time="0"/>
  <testcase classname="org.bukkit.PerMaterialTest" name="testBlockDataCreation[50: BLACK_BED]" time="0"/>
  <testcase classname="org.bukkit.PerMaterialTest" name="isBlock[50: BLACK_BED]" time="0"/>
  <testcase classname="org.bukkit.PerMaterialTest" name="isSolid[50: BLACK_BED]" time="0"/>
  <testcase classname="org.bukkit.PerMaterialTest" name="hasGravity[51: BLACK_CARPET]" time="0"/>
  <testcase classname="org.bukkit.PerMaterialTest" name="isBurnable[51: BLACK_CARPET]" time="0"/>
  <testcase classname="org.bukkit.PerMaterialTest" name="testInteractable[51: BLACK_CARPET]" time="0"/>
  <testcase classname="org.bukkit.PerMaterialTest" name="testBlock[51: BLACK_CARPET]" time="0"/>
  <testcase classname="org.bukkit.PerMaterialTest" name="isFuel[51: BLACK_CARPET]" time="0.003"/>
  <testcase classname="org.bukkit.PerMaterialTest" name="testItem[51: BLACK_CARPET]" time="0"/>
  <testcase classname="org.bukkit.PerMaterialTest" name="testBlastResistance[51: BLACK_CARPET]" time="0"/>
  <testcase classname="org.bukkit.PerMaterialTest" name="isEdible[51: BLACK_CARPET]" time="0"/>
  <testcase classname="org.bukkit.PerMaterialTest" name="maxDurability[51: BLACK_CARPET]" time="0"/>
  <testcase classname="org.bukkit.PerMaterialTest" name="usesDurability[51: BLACK_CARPET]" time="0"/>
  <testcase classname="org.bukkit.PerMaterialTest" name="isOccluding[51: BLACK_CARPET]" time="0"/>
  <testcase classname="org.bukkit.PerMaterialTest" name="isRecord[51: BLACK_CARPET]" time="0"/>
  <testcase classname="org.bukkit.PerMaterialTest" name="isFlammable[51: BLACK_CARPET]" time="0"/>
  <testcase classname="org.bukkit.PerMaterialTest" name="testDurability[51: BLACK_CARPET]" time="0"/>
  <testcase classname="org.bukkit.PerMaterialTest" name="testBlockHardness[51: BLACK_CARPET]" time="0"/>
  <testcase classname="org.bukkit.PerMaterialTest" name="maxStackSize[51: BLACK_CARPET]" time="0"/>
  <testcase classname="org.bukkit.PerMaterialTest" name="isTransparent[51: BLACK_CARPET]" time="0.001"/>
  <testcase classname="org.bukkit.PerMaterialTest" name="testBlockDataCreation[51: BLACK_CARPET]" time="0"/>
  <testcase classname="org.bukkit.PerMaterialTest" name="isBlock[51: BLACK_CARPET]" time="0"/>
  <testcase classname="org.bukkit.PerMaterialTest" name="isSolid[51: BLACK_CARPET]" time="0"/>
  <testcase classname="org.bukkit.PerMaterialTest" name="hasGravity[52: BLACK_CONCRETE]" time="0"/>
  <testcase classname="org.bukkit.PerMaterialTest" name="isBurnable[52: BLACK_CONCRETE]" time="0"/>
  <testcase classname="org.bukkit.PerMaterialTest" name="testInteractable[52: BLACK_CONCRETE]" time="0"/>
  <testcase classname="org.bukkit.PerMaterialTest" name="testBlock[52: BLACK_CONCRETE]" time="0"/>
  <testcase classname="org.bukkit.PerMaterialTest" name="isFuel[52: BLACK_CONCRETE]" time="0"/>
  <testcase classname="org.bukkit.PerMaterialTest" name="testItem[52: BLACK_CONCRETE]" time="0"/>
  <testcase classname="org.bukkit.PerMaterialTest" name="testBlastResistance[52: BLACK_CONCRETE]" time="0"/>
  <testcase classname="org.bukkit.PerMaterialTest" name="isEdible[52: BLACK_CONCRETE]" time="0"/>
  <testcase classname="org.bukkit.PerMaterialTest" name="maxDurability[52: BLACK_CONCRETE]" time="0.001"/>
  <testcase classname="org.bukkit.PerMaterialTest" name="usesDurability[52: BLACK_CONCRETE]" time="0"/>
  <testcase classname="org.bukkit.PerMaterialTest" name="isOccluding[52: BLACK_CONCRETE]" time="0"/>
  <testcase classname="org.bukkit.PerMaterialTest" name="isRecord[52: BLACK_CONCRETE]" time="0"/>
  <testcase classname="org.bukkit.PerMaterialTest" name="isFlammable[52: BLACK_CONCRETE]" time="0"/>
  <testcase classname="org.bukkit.PerMaterialTest" name="testDurability[52: BLACK_CONCRETE]" time="0"/>
  <testcase classname="org.bukkit.PerMaterialTest" name="testBlockHardness[52: BLACK_CONCRETE]" time="0"/>
  <testcase classname="org.bukkit.PerMaterialTest" name="maxStackSize[52: BLACK_CONCRETE]" time="0.001"/>
  <testcase classname="org.bukkit.PerMaterialTest" name="isTransparent[52: BLACK_CONCRETE]" time="0"/>
  <testcase classname="org.bukkit.PerMaterialTest" name="testBlockDataCreation[52: BLACK_CONCRETE]" time="0"/>
  <testcase classname="org.bukkit.PerMaterialTest" name="isBlock[52: BLACK_CONCRETE]" time="0"/>
  <testcase classname="org.bukkit.PerMaterialTest" name="isSolid[52: BLACK_CONCRETE]" time="0"/>
  <testcase classname="org.bukkit.PerMaterialTest" name="hasGravity[53: BLACK_CONCRETE_POWDER]" time="0"/>
  <testcase classname="org.bukkit.PerMaterialTest" name="isBurnable[53: BLACK_CONCRETE_POWDER]" time="0"/>
  <testcase classname="org.bukkit.PerMaterialTest" name="testInteractable[53: BLACK_CONCRETE_POWDER]" time="0.001"/>
  <testcase classname="org.bukkit.PerMaterialTest" name="testBlock[53: BLACK_CONCRETE_POWDER]" time="0"/>
  <testcase classname="org.bukkit.PerMaterialTest" name="isFuel[53: BLACK_CONCRETE_POWDER]" time="0"/>
  <testcase classname="org.bukkit.PerMaterialTest" name="testItem[53: BLACK_CONCRETE_POWDER]" time="0.001"/>
  <testcase classname="org.bukkit.PerMaterialTest" name="testBlastResistance[53: BLACK_CONCRETE_POWDER]" time="0"/>
  <testcase classname="org.bukkit.PerMaterialTest" name="isEdible[53: BLACK_CONCRETE_POWDER]" time="0"/>
  <testcase classname="org.bukkit.PerMaterialTest" name="maxDurability[53: BLACK_CONCRETE_POWDER]" time="0"/>
  <testcase classname="org.bukkit.PerMaterialTest" name="usesDurability[53: BLACK_CONCRETE_POWDER]" time="0"/>
  <testcase classname="org.bukkit.PerMaterialTest" name="isOccluding[53: BLACK_CONCRETE_POWDER]" time="0"/>
  <testcase classname="org.bukkit.PerMaterialTest" name="isRecord[53: BLACK_CONCRETE_POWDER]" time="0"/>
  <testcase classname="org.bukkit.PerMaterialTest" name="isFlammable[53: BLACK_CONCRETE_POWDER]" time="0"/>
  <testcase classname="org.bukkit.PerMaterialTest" name="testDurability[53: BLACK_CONCRETE_POWDER]" time="0"/>
  <testcase classname="org.bukkit.PerMaterialTest" name="testBlockHardness[53: BLACK_CONCRETE_POWDER]" time="0"/>
  <testcase classname="org.bukkit.PerMaterialTest" name="maxStackSize[53: BLACK_CONCRETE_POWDER]" time="0"/>
  <testcase classname="org.bukkit.PerMaterialTest" name="isTransparent[53: BLACK_CONCRETE_POWDER]" time="0"/>
  <testcase classname="org.bukkit.PerMaterialTest" name="testBlockDataCreation[53: BLACK_CONCRETE_POWDER]" time="0"/>
  <testcase classname="org.bukkit.PerMaterialTest" name="isBlock[53: BLACK_CONCRETE_POWDER]" time="0"/>
  <testcase classname="org.bukkit.PerMaterialTest" name="isSolid[53: BLACK_CONCRETE_POWDER]" time="0.001"/>
  <testcase classname="org.bukkit.PerMaterialTest" name="hasGravity[54: BLACK_GLAZED_TERRACOTTA]" time="0"/>
  <testcase classname="org.bukkit.PerMaterialTest" name="isBurnable[54: BLACK_GLAZED_TERRACOTTA]" time="0"/>
  <testcase classname="org.bukkit.PerMaterialTest" name="testInteractable[54: BLACK_GLAZED_TERRACOTTA]" time="0"/>
  <testcase classname="org.bukkit.PerMaterialTest" name="testBlock[54: BLACK_GLAZED_TERRACOTTA]" time="0"/>
  <testcase classname="org.bukkit.PerMaterialTest" name="isFuel[54: BLACK_GLAZED_TERRACOTTA]" time="0.001"/>
  <testcase classname="org.bukkit.PerMaterialTest" name="testItem[54: BLACK_GLAZED_TERRACOTTA]" time="0"/>
  <testcase classname="org.bukkit.PerMaterialTest" name="testBlastResistance[54: BLACK_GLAZED_TERRACOTTA]" time="0"/>
  <testcase classname="org.bukkit.PerMaterialTest" name="isEdible[54: BLACK_GLAZED_TERRACOTTA]" time="0"/>
  <testcase classname="org.bukkit.PerMaterialTest" name="maxDurability[54: BLACK_GLAZED_TERRACOTTA]" time="0"/>
  <testcase classname="org.bukkit.PerMaterialTest" name="usesDurability[54: BLACK_GLAZED_TERRACOTTA]" time="0"/>
  <testcase classname="org.bukkit.PerMaterialTest" name="isOccluding[54: BLACK_GLAZED_TERRACOTTA]" time="0"/>
  <testcase classname="org.bukkit.PerMaterialTest" name="isRecord[54: BLACK_GLAZED_TERRACOTTA]" time="0"/>
  <testcase classname="org.bukkit.PerMaterialTest" name="isFlammable[54: BLACK_GLAZED_TERRACOTTA]" time="0"/>
  <testcase classname="org.bukkit.PerMaterialTest" name="testDurability[54: BLACK_GLAZED_TERRACOTTA]" time="0"/>
  <testcase classname="org.bukkit.PerMaterialTest" name="testBlockHardness[54: BLACK_GLAZED_TERRACOTTA]" time="0"/>
  <testcase classname="org.bukkit.PerMaterialTest" name="maxStackSize[54: BLACK_GLAZED_TERRACOTTA]" time="0"/>
  <testcase classname="org.bukkit.PerMaterialTest" name="isTransparent[54: BLACK_GLAZED_TERRACOTTA]" time="0"/>
  <testcase classname="org.bukkit.PerMaterialTest" name="testBlockDataCreation[54: BLACK_GLAZED_TERRACOTTA]" time="0"/>
  <testcase classname="org.bukkit.PerMaterialTest" name="isBlock[54: BLACK_GLAZED_TERRACOTTA]" time="0"/>
  <testcase classname="org.bukkit.PerMaterialTest" name="isSolid[54: BLACK_GLAZED_TERRACOTTA]" time="0"/>
  <testcase classname="org.bukkit.PerMaterialTest" name="hasGravity[55: BLACK_SHULKER_BOX]" time="0"/>
  <testcase classname="org.bukkit.PerMaterialTest" name="isBurnable[55: BLACK_SHULKER_BOX]" time="0"/>
  <testcase classname="org.bukkit.PerMaterialTest" name="testInteractable[55: BLACK_SHULKER_BOX]" time="0.001"/>
  <testcase classname="org.bukkit.PerMaterialTest" name="testBlock[55: BLACK_SHULKER_BOX]" time="0"/>
  <testcase classname="org.bukkit.PerMaterialTest" name="isFuel[55: BLACK_SHULKER_BOX]" time="0"/>
  <testcase classname="org.bukkit.PerMaterialTest" name="testItem[55: BLACK_SHULKER_BOX]" time="0"/>
  <testcase classname="org.bukkit.PerMaterialTest" name="testBlastResistance[55: BLACK_SHULKER_BOX]" time="0"/>
  <testcase classname="org.bukkit.PerMaterialTest" name="isEdible[55: BLACK_SHULKER_BOX]" time="0"/>
  <testcase classname="org.bukkit.PerMaterialTest" name="maxDurability[55: BLACK_SHULKER_BOX]" time="0"/>
  <testcase classname="org.bukkit.PerMaterialTest" name="usesDurability[55: BLACK_SHULKER_BOX]" time="0"/>
  <testcase classname="org.bukkit.PerMaterialTest" name="isOccluding[55: BLACK_SHULKER_BOX]" time="0"/>
  <testcase classname="org.bukkit.PerMaterialTest" name="isRecord[55: BLACK_SHULKER_BOX]" time="0"/>
  <testcase classname="org.bukkit.PerMaterialTest" name="isFlammable[55: BLACK_SHULKER_BOX]" time="0"/>
  <testcase classname="org.bukkit.PerMaterialTest" name="testDurability[55: BLACK_SHULKER_BOX]" time="0"/>
  <testcase classname="org.bukkit.PerMaterialTest" name="testBlockHardness[55: BLACK_SHULKER_BOX]" time="0"/>
  <testcase classname="org.bukkit.PerMaterialTest" name="maxStackSize[55: BLACK_SHULKER_BOX]" time="0.001"/>
  <testcase classname="org.bukkit.PerMaterialTest" name="isTransparent[55: BLACK_SHULKER_BOX]" time="0"/>
  <testcase classname="org.bukkit.PerMaterialTest" name="testBlockDataCreation[55: BLACK_SHULKER_BOX]" time="0"/>
  <testcase classname="org.bukkit.PerMaterialTest" name="isBlock[55: BLACK_SHULKER_BOX]" time="0"/>
  <testcase classname="org.bukkit.PerMaterialTest" name="isSolid[55: BLACK_SHULKER_BOX]" time="0"/>
  <testcase classname="org.bukkit.PerMaterialTest" name="hasGravity[56: BLACK_STAINED_GLASS]" time="0"/>
  <testcase classname="org.bukkit.PerMaterialTest" name="isBurnable[56: BLACK_STAINED_GLASS]" time="0"/>
  <testcase classname="org.bukkit.PerMaterialTest" name="testInteractable[56: BLACK_STAINED_GLASS]" time="0"/>
  <testcase classname="org.bukkit.PerMaterialTest" name="testBlock[56: BLACK_STAINED_GLASS]" time="0"/>
  <testcase classname="org.bukkit.PerMaterialTest" name="isFuel[56: BLACK_STAINED_GLASS]" time="0"/>
  <testcase classname="org.bukkit.PerMaterialTest" name="testItem[56: BLACK_STAINED_GLASS]" time="0"/>
  <testcase classname="org.bukkit.PerMaterialTest" name="testBlastResistance[56: BLACK_STAINED_GLASS]" time="0"/>
  <testcase classname="org.bukkit.PerMaterialTest" name="isEdible[56: BLACK_STAINED_GLASS]" time="0"/>
  <testcase classname="org.bukkit.PerMaterialTest" name="maxDurability[56: BLACK_STAINED_GLASS]" time="0"/>
  <testcase classname="org.bukkit.PerMaterialTest" name="usesDurability[56: BLACK_STAINED_GLASS]" time="0"/>
  <testcase classname="org.bukkit.PerMaterialTest" name="isOccluding[56: BLACK_STAINED_GLASS]" time="0"/>
  <testcase classname="org.bukkit.PerMaterialTest" name="isRecord[56: BLACK_STAINED_GLASS]" time="0"/>
  <testcase classname="org.bukkit.PerMaterialTest" name="isFlammable[56: BLACK_STAINED_GLASS]" time="0"/>
  <testcase classname="org.bukkit.PerMaterialTest" name="testDurability[56: BLACK_STAINED_GLASS]" time="0.001"/>
  <testcase classname="org.bukkit.PerMaterialTest" name="testBlockHardness[56: BLACK_STAINED_GLASS]" time="0"/>
  <testcase classname="org.bukkit.PerMaterialTest" name="maxStackSize[56: BLACK_STAINED_GLASS]" time="0"/>
  <testcase classname="org.bukkit.PerMaterialTest" name="isTransparent[56: BLACK_STAINED_GLASS]" time="0"/>
  <testcase classname="org.bukkit.PerMaterialTest" name="testBlockDataCreation[56: BLACK_STAINED_GLASS]" time="0"/>
  <testcase classname="org.bukkit.PerMaterialTest" name="isBlock[56: BLACK_STAINED_GLASS]" time="0"/>
  <testcase classname="org.bukkit.PerMaterialTest" name="isSolid[56: BLACK_STAINED_GLASS]" time="0"/>
  <testcase classname="org.bukkit.PerMaterialTest" name="hasGravity[57: BLACK_STAINED_GLASS_PANE]" time="0"/>
  <testcase classname="org.bukkit.PerMaterialTest" name="isBurnable[57: BLACK_STAINED_GLASS_PANE]" time="0"/>
  <testcase classname="org.bukkit.PerMaterialTest" name="testInteractable[57: BLACK_STAINED_GLASS_PANE]" time="0"/>
  <testcase classname="org.bukkit.PerMaterialTest" name="testBlock[57: BLACK_STAINED_GLASS_PANE]" time="0"/>
  <testcase classname="org.bukkit.PerMaterialTest" name="isFuel[57: BLACK_STAINED_GLASS_PANE]" time="0"/>
  <testcase classname="org.bukkit.PerMaterialTest" name="testItem[57: BLACK_STAINED_GLASS_PANE]" time="0"/>
  <testcase classname="org.bukkit.PerMaterialTest" name="testBlastResistance[57: BLACK_STAINED_GLASS_PANE]" time="0"/>
  <testcase classname="org.bukkit.PerMaterialTest" name="isEdible[57: BLACK_STAINED_GLASS_PANE]" time="0"/>
  <testcase classname="org.bukkit.PerMaterialTest" name="maxDurability[57: BLACK_STAINED_GLASS_PANE]" time="0"/>
  <testcase classname="org.bukkit.PerMaterialTest" name="usesDurability[57: BLACK_STAINED_GLASS_PANE]" time="0.001"/>
  <testcase classname="org.bukkit.PerMaterialTest" name="isOccluding[57: BLACK_STAINED_GLASS_PANE]" time="0"/>
  <testcase classname="org.bukkit.PerMaterialTest" name="isRecord[57: BLACK_STAINED_GLASS_PANE]" time="0"/>
  <testcase classname="org.bukkit.PerMaterialTest" name="isFlammable[57: BLACK_STAINED_GLASS_PANE]" time="0"/>
  <testcase classname="org.bukkit.PerMaterialTest" name="testDurability[57: BLACK_STAINED_GLASS_PANE]" time="0"/>
  <testcase classname="org.bukkit.PerMaterialTest" name="testBlockHardness[57: BLACK_STAINED_GLASS_PANE]" time="0"/>
  <testcase classname="org.bukkit.PerMaterialTest" name="maxStackSize[57: BLACK_STAINED_GLASS_PANE]" time="0"/>
  <testcase classname="org.bukkit.PerMaterialTest" name="isTransparent[57: BLACK_STAINED_GLASS_PANE]" time="0.001"/>
  <testcase classname="org.bukkit.PerMaterialTest" name="testBlockDataCreation[57: BLACK_STAINED_GLASS_PANE]" time="0"/>
  <testcase classname="org.bukkit.PerMaterialTest" name="isBlock[57: BLACK_STAINED_GLASS_PANE]" time="0"/>
  <testcase classname="org.bukkit.PerMaterialTest" name="isSolid[57: BLACK_STAINED_GLASS_PANE]" time="0"/>
  <testcase classname="org.bukkit.PerMaterialTest" name="hasGravity[58: BLACK_TERRACOTTA]" time="0"/>
  <testcase classname="org.bukkit.PerMaterialTest" name="isBurnable[58: BLACK_TERRACOTTA]" time="0"/>
  <testcase classname="org.bukkit.PerMaterialTest" name="testInteractable[58: BLACK_TERRACOTTA]" time="0"/>
  <testcase classname="org.bukkit.PerMaterialTest" name="testBlock[58: BLACK_TERRACOTTA]" time="0"/>
  <testcase classname="org.bukkit.PerMaterialTest" name="isFuel[58: BLACK_TERRACOTTA]" time="0"/>
  <testcase classname="org.bukkit.PerMaterialTest" name="testItem[58: BLACK_TERRACOTTA]" time="0"/>
  <testcase classname="org.bukkit.PerMaterialTest" name="testBlastResistance[58: BLACK_TERRACOTTA]" time="0"/>
  <testcase classname="org.bukkit.PerMaterialTest" name="isEdible[58: BLACK_TERRACOTTA]" time="0"/>
  <testcase classname="org.bukkit.PerMaterialTest" name="maxDurability[58: BLACK_TERRACOTTA]" time="0"/>
  <testcase classname="org.bukkit.PerMaterialTest" name="usesDurability[58: BLACK_TERRACOTTA]" time="0"/>
  <testcase classname="org.bukkit.PerMaterialTest" name="isOccluding[58: BLACK_TERRACOTTA]" time="0"/>
  <testcase classname="org.bukkit.PerMaterialTest" name="isRecord[58: BLACK_TERRACOTTA]" time="0"/>
  <testcase classname="org.bukkit.PerMaterialTest" name="isFlammable[58: BLACK_TERRACOTTA]" time="0"/>
  <testcase classname="org.bukkit.PerMaterialTest" name="testDurability[58: BLACK_TERRACOTTA]" time="0"/>
  <testcase classname="org.bukkit.PerMaterialTest" name="testBlockHardness[58: BLACK_TERRACOTTA]" time="0"/>
  <testcase classname="org.bukkit.PerMaterialTest" name="maxStackSize[58: BLACK_TERRACOTTA]" time="0"/>
  <testcase classname="org.bukkit.PerMaterialTest" name="isTransparent[58: BLACK_TERRACOTTA]" time="0"/>
  <testcase classname="org.bukkit.PerMaterialTest" name="testBlockDataCreation[58: BLACK_TERRACOTTA]" time="0"/>
  <testcase classname="org.bukkit.PerMaterialTest" name="isBlock[58: BLACK_TERRACOTTA]" time="0"/>
  <testcase classname="org.bukkit.PerMaterialTest" name="isSolid[58: BLACK_TERRACOTTA]" time="0"/>
  <testcase classname="org.bukkit.PerMaterialTest" name="hasGravity[59: BLACK_WALL_BANNER]" time="0"/>
  <testcase classname="org.bukkit.PerMaterialTest" name="isBurnable[59: BLACK_WALL_BANNER]" time="0"/>
  <testcase classname="org.bukkit.PerMaterialTest" name="testInteractable[59: BLACK_WALL_BANNER]" time="0.001"/>
  <testcase classname="org.bukkit.PerMaterialTest" name="testBlock[59: BLACK_WALL_BANNER]" time="0"/>
  <testcase classname="org.bukkit.PerMaterialTest" name="isFuel[59: BLACK_WALL_BANNER]" time="0"/>
  <testcase classname="org.bukkit.PerMaterialTest" name="testItem[59: BLACK_WALL_BANNER]" time="0"/>
  <testcase classname="org.bukkit.PerMaterialTest" name="testBlastResistance[59: BLACK_WALL_BANNER]" time="0"/>
  <testcase classname="org.bukkit.PerMaterialTest" name="isEdible[59: BLACK_WALL_BANNER]" time="0"/>
  <testcase classname="org.bukkit.PerMaterialTest" name="maxDurability[59: BLACK_WALL_BANNER]" time="0"/>
  <testcase classname="org.bukkit.PerMaterialTest" name="usesDurability[59: BLACK_WALL_BANNER]" time="0"/>
  <testcase classname="org.bukkit.PerMaterialTest" name="isOccluding[59: BLACK_WALL_BANNER]" time="0"/>
  <testcase classname="org.bukkit.PerMaterialTest" name="isRecord[59: BLACK_WALL_BANNER]" time="0"/>
  <testcase classname="org.bukkit.PerMaterialTest" name="isFlammable[59: BLACK_WALL_BANNER]" time="0"/>
  <testcase classname="org.bukkit.PerMaterialTest" name="testDurability[59: BLACK_WALL_BANNER]" time="0"/>
  <testcase classname="org.bukkit.PerMaterialTest" name="testBlockHardness[59: BLACK_WALL_BANNER]" time="0"/>
  <testcase classname="org.bukkit.PerMaterialTest" name="maxStackSize[59: BLACK_WALL_BANNER]" time="0"/>
  <testcase classname="org.bukkit.PerMaterialTest" name="isTransparent[59: BLACK_WALL_BANNER]" time="0"/>
  <testcase classname="org.bukkit.PerMaterialTest" name="testBlockDataCreation[59: BLACK_WALL_BANNER]" time="0"/>
  <testcase classname="org.bukkit.PerMaterialTest" name="isBlock[59: BLACK_WALL_BANNER]" time="0"/>
  <testcase classname="org.bukkit.PerMaterialTest" name="isSolid[59: BLACK_WALL_BANNER]" time="0"/>
  <testcase classname="org.bukkit.PerMaterialTest" name="hasGravity[60: BLACK_WOOL]" time="0"/>
  <testcase classname="org.bukkit.PerMaterialTest" name="isBurnable[60: BLACK_WOOL]" time="0"/>
  <testcase classname="org.bukkit.PerMaterialTest" name="testInteractable[60: BLACK_WOOL]" time="0.001"/>
  <testcase classname="org.bukkit.PerMaterialTest" name="testBlock[60: BLACK_WOOL]" time="0"/>
  <testcase classname="org.bukkit.PerMaterialTest" name="isFuel[60: BLACK_WOOL]" time="0"/>
  <testcase classname="org.bukkit.PerMaterialTest" name="testItem[60: BLACK_WOOL]" time="0"/>
  <testcase classname="org.bukkit.PerMaterialTest" name="testBlastResistance[60: BLACK_WOOL]" time="0"/>
  <testcase classname="org.bukkit.PerMaterialTest" name="isEdible[60: BLACK_WOOL]" time="0"/>
  <testcase classname="org.bukkit.PerMaterialTest" name="maxDurability[60: BLACK_WOOL]" time="0"/>
  <testcase classname="org.bukkit.PerMaterialTest" name="usesDurability[60: BLACK_WOOL]" time="0"/>
  <testcase classname="org.bukkit.PerMaterialTest" name="isOccluding[60: BLACK_WOOL]" time="0"/>
  <testcase classname="org.bukkit.PerMaterialTest" name="isRecord[60: BLACK_WOOL]" time="0"/>
  <testcase classname="org.bukkit.PerMaterialTest" name="isFlammable[60: BLACK_WOOL]" time="0"/>
  <testcase classname="org.bukkit.PerMaterialTest" name="testDurability[60: BLACK_WOOL]" time="0"/>
  <testcase classname="org.bukkit.PerMaterialTest" name="testBlockHardness[60: BLACK_WOOL]" time="0"/>
  <testcase classname="org.bukkit.PerMaterialTest" name="maxStackSize[60: BLACK_WOOL]" time="0.001"/>
  <testcase classname="org.bukkit.PerMaterialTest" name="isTransparent[60: BLACK_WOOL]" time="0"/>
  <testcase classname="org.bukkit.PerMaterialTest" name="testBlockDataCreation[60: BLACK_WOOL]" time="0"/>
  <testcase classname="org.bukkit.PerMaterialTest" name="isBlock[60: BLACK_WOOL]" time="0"/>
  <testcase classname="org.bukkit.PerMaterialTest" name="isSolid[60: BLACK_WOOL]" time="0"/>
  <testcase classname="org.bukkit.PerMaterialTest" name="hasGravity[61: BLAZE_POWDER]" time="0"/>
  <testcase classname="org.bukkit.PerMaterialTest" name="isBurnable[61: BLAZE_POWDER]" time="0"/>
  <testcase classname="org.bukkit.PerMaterialTest" name="testInteractable[61: BLAZE_POWDER]" time="0.001"/>
  <testcase classname="org.bukkit.PerMaterialTest" name="testBlock[61: BLAZE_POWDER]" time="0"/>
  <testcase classname="org.bukkit.PerMaterialTest" name="isFuel[61: BLAZE_POWDER]" time="0"/>
  <testcase classname="org.bukkit.PerMaterialTest" name="testItem[61: BLAZE_POWDER]" time="0"/>
  <testcase classname="org.bukkit.PerMaterialTest" name="testBlastResistance[61: BLAZE_POWDER]" time="0"/>
  <testcase classname="org.bukkit.PerMaterialTest" name="isEdible[61: BLAZE_POWDER]" time="0"/>
  <testcase classname="org.bukkit.PerMaterialTest" name="maxDurability[61: BLAZE_POWDER]" time="0"/>
  <testcase classname="org.bukkit.PerMaterialTest" name="usesDurability[61: BLAZE_POWDER]" time="0"/>
  <testcase classname="org.bukkit.PerMaterialTest" name="isOccluding[61: BLAZE_POWDER]" time="0"/>
  <testcase classname="org.bukkit.PerMaterialTest" name="isRecord[61: BLAZE_POWDER]" time="0"/>
  <testcase classname="org.bukkit.PerMaterialTest" name="isFlammable[61: BLAZE_POWDER]" time="0"/>
  <testcase classname="org.bukkit.PerMaterialTest" name="testDurability[61: BLAZE_POWDER]" time="0"/>
  <testcase classname="org.bukkit.PerMaterialTest" name="testBlockHardness[61: BLAZE_POWDER]" time="0"/>
  <testcase classname="org.bukkit.PerMaterialTest" name="maxStackSize[61: BLAZE_POWDER]" time="0"/>
  <testcase classname="org.bukkit.PerMaterialTest" name="isTransparent[61: BLAZE_POWDER]" time="0.001"/>
  <testcase classname="org.bukkit.PerMaterialTest" name="testBlockDataCreation[61: BLAZE_POWDER]" time="0"/>
  <testcase classname="org.bukkit.PerMaterialTest" name="isBlock[61: BLAZE_POWDER]" time="0"/>
  <testcase classname="org.bukkit.PerMaterialTest" name="isSolid[61: BLAZE_POWDER]" time="0"/>
  <testcase classname="org.bukkit.PerMaterialTest" name="hasGravity[62: BLAZE_ROD]" time="0"/>
  <testcase classname="org.bukkit.PerMaterialTest" name="isBurnable[62: BLAZE_ROD]" time="0"/>
  <testcase classname="org.bukkit.PerMaterialTest" name="testInteractable[62: BLAZE_ROD]" time="0"/>
  <testcase classname="org.bukkit.PerMaterialTest" name="testBlock[62: BLAZE_ROD]" time="0"/>
  <testcase classname="org.bukkit.PerMaterialTest" name="isFuel[62: BLAZE_ROD]" time="0"/>
  <testcase classname="org.bukkit.PerMaterialTest" name="testItem[62: BLAZE_ROD]" time="0"/>
  <testcase classname="org.bukkit.PerMaterialTest" name="testBlastResistance[62: BLAZE_ROD]" time="0"/>
  <testcase classname="org.bukkit.PerMaterialTest" name="isEdible[62: BLAZE_ROD]" time="0"/>
  <testcase classname="org.bukkit.PerMaterialTest" name="maxDurability[62: BLAZE_ROD]" time="0"/>
  <testcase classname="org.bukkit.PerMaterialTest" name="usesDurability[62: BLAZE_ROD]" time="0"/>
  <testcase classname="org.bukkit.PerMaterialTest" name="isOccluding[62: BLAZE_ROD]" time="0"/>
  <testcase classname="org.bukkit.PerMaterialTest" name="isRecord[62: BLAZE_ROD]" time="0"/>
  <testcase classname="org.bukkit.PerMaterialTest" name="isFlammable[62: BLAZE_ROD]" time="0"/>
  <testcase classname="org.bukkit.PerMaterialTest" name="testDurability[62: BLAZE_ROD]" time="0"/>
  <testcase classname="org.bukkit.PerMaterialTest" name="testBlockHardness[62: BLAZE_ROD]" time="0"/>
  <testcase classname="org.bukkit.PerMaterialTest" name="maxStackSize[62: BLAZE_ROD]" time="0"/>
  <testcase classname="org.bukkit.PerMaterialTest" name="isTransparent[62: BLAZE_ROD]" time="0"/>
  <testcase classname="org.bukkit.PerMaterialTest" name="testBlockDataCreation[62: BLAZE_ROD]" time="0"/>
  <testcase classname="org.bukkit.PerMaterialTest" name="isBlock[62: BLAZE_ROD]" time="0"/>
  <testcase classname="org.bukkit.PerMaterialTest" name="isSolid[62: BLAZE_ROD]" time="0"/>
  <testcase classname="org.bukkit.PerMaterialTest" name="hasGravity[63: BLAZE_SPAWN_EGG]" time="0"/>
  <testcase classname="org.bukkit.PerMaterialTest" name="isBurnable[63: BLAZE_SPAWN_EGG]" time="0"/>
  <testcase classname="org.bukkit.PerMaterialTest" name="testInteractable[63: BLAZE_SPAWN_EGG]" time="0"/>
  <testcase classname="org.bukkit.PerMaterialTest" name="testBlock[63: BLAZE_SPAWN_EGG]" time="0"/>
  <testcase classname="org.bukkit.PerMaterialTest" name="isFuel[63: BLAZE_SPAWN_EGG]" time="0.001"/>
  <testcase classname="org.bukkit.PerMaterialTest" name="testItem[63: BLAZE_SPAWN_EGG]" time="0"/>
  <testcase classname="org.bukkit.PerMaterialTest" name="testBlastResistance[63: BLAZE_SPAWN_EGG]" time="0"/>
  <testcase classname="org.bukkit.PerMaterialTest" name="isEdible[63: BLAZE_SPAWN_EGG]" time="0"/>
  <testcase classname="org.bukkit.PerMaterialTest" name="maxDurability[63: BLAZE_SPAWN_EGG]" time="0"/>
  <testcase classname="org.bukkit.PerMaterialTest" name="usesDurability[63: BLAZE_SPAWN_EGG]" time="0"/>
  <testcase classname="org.bukkit.PerMaterialTest" name="isOccluding[63: BLAZE_SPAWN_EGG]" time="0"/>
  <testcase classname="org.bukkit.PerMaterialTest" name="isRecord[63: BLAZE_SPAWN_EGG]" time="0"/>
  <testcase classname="org.bukkit.PerMaterialTest" name="isFlammable[63: BLAZE_SPAWN_EGG]" time="0"/>
  <testcase classname="org.bukkit.PerMaterialTest" name="testDurability[63: BLAZE_SPAWN_EGG]" time="0"/>
  <testcase classname="org.bukkit.PerMaterialTest" name="testBlockHardness[63: BLAZE_SPAWN_EGG]" time="0"/>
  <testcase classname="org.bukkit.PerMaterialTest" name="maxStackSize[63: BLAZE_SPAWN_EGG]" time="0"/>
  <testcase classname="org.bukkit.PerMaterialTest" name="isTransparent[63: BLAZE_SPAWN_EGG]" time="0"/>
  <testcase classname="org.bukkit.PerMaterialTest" name="testBlockDataCreation[63: BLAZE_SPAWN_EGG]" time="0"/>
  <testcase classname="org.bukkit.PerMaterialTest" name="isBlock[63: BLAZE_SPAWN_EGG]" time="0"/>
  <testcase classname="org.bukkit.PerMaterialTest" name="isSolid[63: BLAZE_SPAWN_EGG]" time="0.001"/>
  <testcase classname="org.bukkit.PerMaterialTest" name="hasGravity[64: BLUE_BANNER]" time="0"/>
  <testcase classname="org.bukkit.PerMaterialTest" name="isBurnable[64: BLUE_BANNER]" time="0"/>
  <testcase classname="org.bukkit.PerMaterialTest" name="testInteractable[64: BLUE_BANNER]" time="0"/>
  <testcase classname="org.bukkit.PerMaterialTest" name="testBlock[64: BLUE_BANNER]" time="0"/>
  <testcase classname="org.bukkit.PerMaterialTest" name="isFuel[64: BLUE_BANNER]" time="0"/>
  <testcase classname="org.bukkit.PerMaterialTest" name="testItem[64: BLUE_BANNER]" time="0"/>
  <testcase classname="org.bukkit.PerMaterialTest" name="testBlastResistance[64: BLUE_BANNER]" time="0"/>
  <testcase classname="org.bukkit.PerMaterialTest" name="isEdible[64: BLUE_BANNER]" time="0"/>
  <testcase classname="org.bukkit.PerMaterialTest" name="maxDurability[64: BLUE_BANNER]" time="0"/>
  <testcase classname="org.bukkit.PerMaterialTest" name="usesDurability[64: BLUE_BANNER]" time="0"/>
  <testcase classname="org.bukkit.PerMaterialTest" name="isOccluding[64: BLUE_BANNER]" time="0"/>
  <testcase classname="org.bukkit.PerMaterialTest" name="isRecord[64: BLUE_BANNER]" time="0"/>
  <testcase classname="org.bukkit.PerMaterialTest" name="isFlammable[64: BLUE_BANNER]" time="0.001"/>
  <testcase classname="org.bukkit.PerMaterialTest" name="testDurability[64: BLUE_BANNER]" time="0"/>
  <testcase classname="org.bukkit.PerMaterialTest" name="testBlockHardness[64: BLUE_BANNER]" time="0"/>
  <testcase classname="org.bukkit.PerMaterialTest" name="maxStackSize[64: BLUE_BANNER]" time="0"/>
  <testcase classname="org.bukkit.PerMaterialTest" name="isTransparent[64: BLUE_BANNER]" time="0"/>
  <testcase classname="org.bukkit.PerMaterialTest" name="testBlockDataCreation[64: BLUE_BANNER]" time="0"/>
  <testcase classname="org.bukkit.PerMaterialTest" name="isBlock[64: BLUE_BANNER]" time="0"/>
  <testcase classname="org.bukkit.PerMaterialTest" name="isSolid[64: BLUE_BANNER]" time="0.001"/>
  <testcase classname="org.bukkit.PerMaterialTest" name="hasGravity[65: BLUE_BED]" time="0"/>
  <testcase classname="org.bukkit.PerMaterialTest" name="isBurnable[65: BLUE_BED]" time="0"/>
  <testcase classname="org.bukkit.PerMaterialTest" name="testInteractable[65: BLUE_BED]" time="0"/>
  <testcase classname="org.bukkit.PerMaterialTest" name="testBlock[65: BLUE_BED]" time="0"/>
  <testcase classname="org.bukkit.PerMaterialTest" name="isFuel[65: BLUE_BED]" time="0"/>
  <testcase classname="org.bukkit.PerMaterialTest" name="testItem[65: BLUE_BED]" time="0.001"/>
  <testcase classname="org.bukkit.PerMaterialTest" name="testBlastResistance[65: BLUE_BED]" time="0"/>
  <testcase classname="org.bukkit.PerMaterialTest" name="isEdible[65: BLUE_BED]" time="0"/>
  <testcase classname="org.bukkit.PerMaterialTest" name="maxDurability[65: BLUE_BED]" time="0"/>
  <testcase classname="org.bukkit.PerMaterialTest" name="usesDurability[65: BLUE_BED]" time="0"/>
  <testcase classname="org.bukkit.PerMaterialTest" name="isOccluding[65: BLUE_BED]" time="0"/>
  <testcase classname="org.bukkit.PerMaterialTest" name="isRecord[65: BLUE_BED]" time="0"/>
  <testcase classname="org.bukkit.PerMaterialTest" name="isFlammable[65: BLUE_BED]" time="0"/>
  <testcase classname="org.bukkit.PerMaterialTest" name="testDurability[65: BLUE_BED]" time="0"/>
  <testcase classname="org.bukkit.PerMaterialTest" name="testBlockHardness[65: BLUE_BED]" time="0"/>
  <testcase classname="org.bukkit.PerMaterialTest" name="maxStackSize[65: BLUE_BED]" time="0"/>
  <testcase classname="org.bukkit.PerMaterialTest" name="isTransparent[65: BLUE_BED]" time="0"/>
  <testcase classname="org.bukkit.PerMaterialTest" name="testBlockDataCreation[65: BLUE_BED]" time="0"/>
  <testcase classname="org.bukkit.PerMaterialTest" name="isBlock[65: BLUE_BED]" time="0"/>
  <testcase classname="org.bukkit.PerMaterialTest" name="isSolid[65: BLUE_BED]" time="0"/>
  <testcase classname="org.bukkit.PerMaterialTest" name="hasGravity[66: BLUE_CARPET]" time="0"/>
  <testcase classname="org.bukkit.PerMaterialTest" name="isBurnable[66: BLUE_CARPET]" time="0"/>
  <testcase classname="org.bukkit.PerMaterialTest" name="testInteractable[66: BLUE_CARPET]" time="0"/>
  <testcase classname="org.bukkit.PerMaterialTest" name="testBlock[66: BLUE_CARPET]" time="0"/>
  <testcase classname="org.bukkit.PerMaterialTest" name="isFuel[66: BLUE_CARPET]" time="0"/>
  <testcase classname="org.bukkit.PerMaterialTest" name="testItem[66: BLUE_CARPET]" time="0"/>
  <testcase classname="org.bukkit.PerMaterialTest" name="testBlastResistance[66: BLUE_CARPET]" time="0"/>
  <testcase classname="org.bukkit.PerMaterialTest" name="isEdible[66: BLUE_CARPET]" time="0"/>
  <testcase classname="org.bukkit.PerMaterialTest" name="maxDurability[66: BLUE_CARPET]" time="0"/>
  <testcase classname="org.bukkit.PerMaterialTest" name="usesDurability[66: BLUE_CARPET]" time="0"/>
  <testcase classname="org.bukkit.PerMaterialTest" name="isOccluding[66: BLUE_CARPET]" time="0"/>
  <testcase classname="org.bukkit.PerMaterialTest" name="isRecord[66: BLUE_CARPET]" time="0"/>
  <testcase classname="org.bukkit.PerMaterialTest" name="isFlammable[66: BLUE_CARPET]" time="0"/>
  <testcase classname="org.bukkit.PerMaterialTest" name="testDurability[66: BLUE_CARPET]" time="0"/>
  <testcase classname="org.bukkit.PerMaterialTest" name="testBlockHardness[66: BLUE_CARPET]" time="0"/>
  <testcase classname="org.bukkit.PerMaterialTest" name="maxStackSize[66: BLUE_CARPET]" time="0"/>
  <testcase classname="org.bukkit.PerMaterialTest" name="isTransparent[66: BLUE_CARPET]" time="0"/>
  <testcase classname="org.bukkit.PerMaterialTest" name="testBlockDataCreation[66: BLUE_CARPET]" time="0"/>
  <testcase classname="org.bukkit.PerMaterialTest" name="isBlock[66: BLUE_CARPET]" time="0"/>
  <testcase classname="org.bukkit.PerMaterialTest" name="isSolid[66: BLUE_CARPET]" time="0"/>
  <testcase classname="org.bukkit.PerMaterialTest" name="hasGravity[67: BLUE_CONCRETE]" time="0"/>
  <testcase classname="org.bukkit.PerMaterialTest" name="isBurnable[67: BLUE_CONCRETE]" time="0"/>
  <testcase classname="org.bukkit.PerMaterialTest" name="testInteractable[67: BLUE_CONCRETE]" time="0"/>
  <testcase classname="org.bukkit.PerMaterialTest" name="testBlock[67: BLUE_CONCRETE]" time="0"/>
  <testcase classname="org.bukkit.PerMaterialTest" name="isFuel[67: BLUE_CONCRETE]" time="0"/>
  <testcase classname="org.bukkit.PerMaterialTest" name="testItem[67: BLUE_CONCRETE]" time="0.001"/>
  <testcase classname="org.bukkit.PerMaterialTest" name="testBlastResistance[67: BLUE_CONCRETE]" time="0"/>
  <testcase classname="org.bukkit.PerMaterialTest" name="isEdible[67: BLUE_CONCRETE]" time="0"/>
  <testcase classname="org.bukkit.PerMaterialTest" name="maxDurability[67: BLUE_CONCRETE]" time="0"/>
  <testcase classname="org.bukkit.PerMaterialTest" name="usesDurability[67: BLUE_CONCRETE]" time="0"/>
  <testcase classname="org.bukkit.PerMaterialTest" name="isOccluding[67: BLUE_CONCRETE]" time="0"/>
  <testcase classname="org.bukkit.PerMaterialTest" name="isRecord[67: BLUE_CONCRETE]" time="0"/>
  <testcase classname="org.bukkit.PerMaterialTest" name="isFlammable[67: BLUE_CONCRETE]" time="0"/>
  <testcase classname="org.bukkit.PerMaterialTest" name="testDurability[67: BLUE_CONCRETE]" time="0"/>
  <testcase classname="org.bukkit.PerMaterialTest" name="testBlockHardness[67: BLUE_CONCRETE]" time="0"/>
  <testcase classname="org.bukkit.PerMaterialTest" name="maxStackSize[67: BLUE_CONCRETE]" time="0"/>
  <testcase classname="org.bukkit.PerMaterialTest" name="isTransparent[67: BLUE_CONCRETE]" time="0"/>
  <testcase classname="org.bukkit.PerMaterialTest" name="testBlockDataCreation[67: BLUE_CONCRETE]" time="0"/>
  <testcase classname="org.bukkit.PerMaterialTest" name="isBlock[67: BLUE_CONCRETE]" time="0"/>
  <testcase classname="org.bukkit.PerMaterialTest" name="isSolid[67: BLUE_CONCRETE]" time="0"/>
  <testcase classname="org.bukkit.PerMaterialTest" name="hasGravity[68: BLUE_CONCRETE_POWDER]" time="0"/>
  <testcase classname="org.bukkit.PerMaterialTest" name="isBurnable[68: BLUE_CONCRETE_POWDER]" time="0"/>
  <testcase classname="org.bukkit.PerMaterialTest" name="testInteractable[68: BLUE_CONCRETE_POWDER]" time="0"/>
  <testcase classname="org.bukkit.PerMaterialTest" name="testBlock[68: BLUE_CONCRETE_POWDER]" time="0"/>
  <testcase classname="org.bukkit.PerMaterialTest" name="isFuel[68: BLUE_CONCRETE_POWDER]" time="0"/>
  <testcase classname="org.bukkit.PerMaterialTest" name="testItem[68: BLUE_CONCRETE_POWDER]" time="0.001"/>
  <testcase classname="org.bukkit.PerMaterialTest" name="testBlastResistance[68: BLUE_CONCRETE_POWDER]" time="0"/>
  <testcase classname="org.bukkit.PerMaterialTest" name="isEdible[68: BLUE_CONCRETE_POWDER]" time="0"/>
  <testcase classname="org.bukkit.PerMaterialTest" name="maxDurability[68: BLUE_CONCRETE_POWDER]" time="0"/>
  <testcase classname="org.bukkit.PerMaterialTest" name="usesDurability[68: BLUE_CONCRETE_POWDER]" time="0"/>
  <testcase classname="org.bukkit.PerMaterialTest" name="isOccluding[68: BLUE_CONCRETE_POWDER]" time="0"/>
  <testcase classname="org.bukkit.PerMaterialTest" name="isRecord[68: BLUE_CONCRETE_POWDER]" time="0"/>
  <testcase classname="org.bukkit.PerMaterialTest" name="isFlammable[68: BLUE_CONCRETE_POWDER]" time="0.001"/>
  <testcase classname="org.bukkit.PerMaterialTest" name="testDurability[68: BLUE_CONCRETE_POWDER]" time="0"/>
  <testcase classname="org.bukkit.PerMaterialTest" name="testBlockHardness[68: BLUE_CONCRETE_POWDER]" time="0"/>
  <testcase classname="org.bukkit.PerMaterialTest" name="maxStackSize[68: BLUE_CONCRETE_POWDER]" time="0"/>
  <testcase classname="org.bukkit.PerMaterialTest" name="isTransparent[68: BLUE_CONCRETE_POWDER]" time="0"/>
  <testcase classname="org.bukkit.PerMaterialTest" name="testBlockDataCreation[68: BLUE_CONCRETE_POWDER]" time="0"/>
  <testcase classname="org.bukkit.PerMaterialTest" name="isBlock[68: BLUE_CONCRETE_POWDER]" time="0"/>
  <testcase classname="org.bukkit.PerMaterialTest" name="isSolid[68: BLUE_CONCRETE_POWDER]" time="0"/>
  <testcase classname="org.bukkit.PerMaterialTest" name="hasGravity[69: BLUE_GLAZED_TERRACOTTA]" time="0"/>
  <testcase classname="org.bukkit.PerMaterialTest" name="isBurnable[69: BLUE_GLAZED_TERRACOTTA]" time="0"/>
  <testcase classname="org.bukkit.PerMaterialTest" name="testInteractable[69: BLUE_GLAZED_TERRACOTTA]" time="0"/>
  <testcase classname="org.bukkit.PerMaterialTest" name="testBlock[69: BLUE_GLAZED_TERRACOTTA]" time="0"/>
  <testcase classname="org.bukkit.PerMaterialTest" name="isFuel[69: BLUE_GLAZED_TERRACOTTA]" time="0.001"/>
  <testcase classname="org.bukkit.PerMaterialTest" name="testItem[69: BLUE_GLAZED_TERRACOTTA]" time="0"/>
  <testcase classname="org.bukkit.PerMaterialTest" name="testBlastResistance[69: BLUE_GLAZED_TERRACOTTA]" time="0"/>
  <testcase classname="org.bukkit.PerMaterialTest" name="isEdible[69: BLUE_GLAZED_TERRACOTTA]" time="0"/>
  <testcase classname="org.bukkit.PerMaterialTest" name="maxDurability[69: BLUE_GLAZED_TERRACOTTA]" time="0"/>
  <testcase classname="org.bukkit.PerMaterialTest" name="usesDurability[69: BLUE_GLAZED_TERRACOTTA]" time="0"/>
  <testcase classname="org.bukkit.PerMaterialTest" name="isOccluding[69: BLUE_GLAZED_TERRACOTTA]" time="0"/>
  <testcase classname="org.bukkit.PerMaterialTest" name="isRecord[69: BLUE_GLAZED_TERRACOTTA]" time="0.001"/>
  <testcase classname="org.bukkit.PerMaterialTest" name="isFlammable[69: BLUE_GLAZED_TERRACOTTA]" time="0"/>
  <testcase classname="org.bukkit.PerMaterialTest" name="testDurability[69: BLUE_GLAZED_TERRACOTTA]" time="0"/>
  <testcase classname="org.bukkit.PerMaterialTest" name="testBlockHardness[69: BLUE_GLAZED_TERRACOTTA]" time="0"/>
  <testcase classname="org.bukkit.PerMaterialTest" name="maxStackSize[69: BLUE_GLAZED_TERRACOTTA]" time="0"/>
  <testcase classname="org.bukkit.PerMaterialTest" name="isTransparent[69: BLUE_GLAZED_TERRACOTTA]" time="0"/>
  <testcase classname="org.bukkit.PerMaterialTest" name="testBlockDataCreation[69: BLUE_GLAZED_TERRACOTTA]" time="0"/>
  <testcase classname="org.bukkit.PerMaterialTest" name="isBlock[69: BLUE_GLAZED_TERRACOTTA]" time="0"/>
  <testcase classname="org.bukkit.PerMaterialTest" name="isSolid[69: BLUE_GLAZED_TERRACOTTA]" time="0"/>
  <testcase classname="org.bukkit.PerMaterialTest" name="hasGravity[70: BLUE_ICE]" time="0"/>
  <testcase classname="org.bukkit.PerMaterialTest" name="isBurnable[70: BLUE_ICE]" time="0"/>
  <testcase classname="org.bukkit.PerMaterialTest" name="testInteractable[70: BLUE_ICE]" time="0"/>
  <testcase classname="org.bukkit.PerMaterialTest" name="testBlock[70: BLUE_ICE]" time="0.001"/>
  <testcase classname="org.bukkit.PerMaterialTest" name="isFuel[70: BLUE_ICE]" time="0"/>
  <testcase classname="org.bukkit.PerMaterialTest" name="testItem[70: BLUE_ICE]" time="0"/>
  <testcase classname="org.bukkit.PerMaterialTest" name="testBlastResistance[70: BLUE_ICE]" time="0"/>
  <testcase classname="org.bukkit.PerMaterialTest" name="isEdible[70: BLUE_ICE]" time="0"/>
  <testcase classname="org.bukkit.PerMaterialTest" name="maxDurability[70: BLUE_ICE]" time="0"/>
  <testcase classname="org.bukkit.PerMaterialTest" name="usesDurability[70: BLUE_ICE]" time="0"/>
  <testcase classname="org.bukkit.PerMaterialTest" name="isOccluding[70: BLUE_ICE]" time="0.001"/>
  <testcase classname="org.bukkit.PerMaterialTest" name="isRecord[70: BLUE_ICE]" time="0"/>
  <testcase classname="org.bukkit.PerMaterialTest" name="isFlammable[70: BLUE_ICE]" time="0"/>
  <testcase classname="org.bukkit.PerMaterialTest" name="testDurability[70: BLUE_ICE]" time="0"/>
  <testcase classname="org.bukkit.PerMaterialTest" name="testBlockHardness[70: BLUE_ICE]" time="0"/>
  <testcase classname="org.bukkit.PerMaterialTest" name="maxStackSize[70: BLUE_ICE]" time="0"/>
  <testcase classname="org.bukkit.PerMaterialTest" name="isTransparent[70: BLUE_ICE]" time="0"/>
  <testcase classname="org.bukkit.PerMaterialTest" name="testBlockDataCreation[70: BLUE_ICE]" time="0.001"/>
  <testcase classname="org.bukkit.PerMaterialTest" name="isBlock[70: BLUE_ICE]" time="0"/>
  <testcase classname="org.bukkit.PerMaterialTest" name="isSolid[70: BLUE_ICE]" time="0"/>
  <testcase classname="org.bukkit.PerMaterialTest" name="hasGravity[71: BLUE_ORCHID]" time="0"/>
  <testcase classname="org.bukkit.PerMaterialTest" name="isBurnable[71: BLUE_ORCHID]" time="0"/>
  <testcase classname="org.bukkit.PerMaterialTest" name="testInteractable[71: BLUE_ORCHID]" time="0"/>
  <testcase classname="org.bukkit.PerMaterialTest" name="testBlock[71: BLUE_ORCHID]" time="0"/>
  <testcase classname="org.bukkit.PerMaterialTest" name="isFuel[71: BLUE_ORCHID]" time="0.001"/>
  <testcase classname="org.bukkit.PerMaterialTest" name="testItem[71: BLUE_ORCHID]" time="0"/>
  <testcase classname="org.bukkit.PerMaterialTest" name="testBlastResistance[71: BLUE_ORCHID]" time="0"/>
  <testcase classname="org.bukkit.PerMaterialTest" name="isEdible[71: BLUE_ORCHID]" time="0"/>
  <testcase classname="org.bukkit.PerMaterialTest" name="maxDurability[71: BLUE_ORCHID]" time="0"/>
  <testcase classname="org.bukkit.PerMaterialTest" name="usesDurability[71: BLUE_ORCHID]" time="0"/>
  <testcase classname="org.bukkit.PerMaterialTest" name="isOccluding[71: BLUE_ORCHID]" time="0.001"/>
  <testcase classname="org.bukkit.PerMaterialTest" name="isRecord[71: BLUE_ORCHID]" time="0"/>
  <testcase classname="org.bukkit.PerMaterialTest" name="isFlammable[71: BLUE_ORCHID]" time="0"/>
  <testcase classname="org.bukkit.PerMaterialTest" name="testDurability[71: BLUE_ORCHID]" time="0"/>
  <testcase classname="org.bukkit.PerMaterialTest" name="testBlockHardness[71: BLUE_ORCHID]" time="0"/>
  <testcase classname="org.bukkit.PerMaterialTest" name="maxStackSize[71: BLUE_ORCHID]" time="0"/>
  <testcase classname="org.bukkit.PerMaterialTest" name="isTransparent[71: BLUE_ORCHID]" time="0"/>
  <testcase classname="org.bukkit.PerMaterialTest" name="testBlockDataCreation[71: BLUE_ORCHID]" time="0.001"/>
  <testcase classname="org.bukkit.PerMaterialTest" name="isBlock[71: BLUE_ORCHID]" time="0"/>
  <testcase classname="org.bukkit.PerMaterialTest" name="isSolid[71: BLUE_ORCHID]" time="0"/>
  <testcase classname="org.bukkit.PerMaterialTest" name="hasGravity[72: BLUE_SHULKER_BOX]" time="0"/>
  <testcase classname="org.bukkit.PerMaterialTest" name="isBurnable[72: BLUE_SHULKER_BOX]" time="0"/>
  <testcase classname="org.bukkit.PerMaterialTest" name="testInteractable[72: BLUE_SHULKER_BOX]" time="0"/>
  <testcase classname="org.bukkit.PerMaterialTest" name="testBlock[72: BLUE_SHULKER_BOX]" time="0"/>
  <testcase classname="org.bukkit.PerMaterialTest" name="isFuel[72: BLUE_SHULKER_BOX]" time="0.001"/>
  <testcase classname="org.bukkit.PerMaterialTest" name="testItem[72: BLUE_SHULKER_BOX]" time="0"/>
  <testcase classname="org.bukkit.PerMaterialTest" name="testBlastResistance[72: BLUE_SHULKER_BOX]" time="0"/>
  <testcase classname="org.bukkit.PerMaterialTest" name="isEdible[72: BLUE_SHULKER_BOX]" time="0"/>
  <testcase classname="org.bukkit.PerMaterialTest" name="maxDurability[72: BLUE_SHULKER_BOX]" time="0"/>
  <testcase classname="org.bukkit.PerMaterialTest" name="usesDurability[72: BLUE_SHULKER_BOX]" time="0"/>
  <testcase classname="org.bukkit.PerMaterialTest" name="isOccluding[72: BLUE_SHULKER_BOX]" time="0.001"/>
  <testcase classname="org.bukkit.PerMaterialTest" name="isRecord[72: BLUE_SHULKER_BOX]" time="0"/>
  <testcase classname="org.bukkit.PerMaterialTest" name="isFlammable[72: BLUE_SHULKER_BOX]" time="0"/>
  <testcase classname="org.bukkit.PerMaterialTest" name="testDurability[72: BLUE_SHULKER_BOX]" time="0"/>
  <testcase classname="org.bukkit.PerMaterialTest" name="testBlockHardness[72: BLUE_SHULKER_BOX]" time="0"/>
  <testcase classname="org.bukkit.PerMaterialTest" name="maxStackSize[72: BLUE_SHULKER_BOX]" time="0"/>
  <testcase classname="org.bukkit.PerMaterialTest" name="isTransparent[72: BLUE_SHULKER_BOX]" time="0"/>
  <testcase classname="org.bukkit.PerMaterialTest" name="testBlockDataCreation[72: BLUE_SHULKER_BOX]" time="0.001"/>
  <testcase classname="org.bukkit.PerMaterialTest" name="isBlock[72: BLUE_SHULKER_BOX]" time="0"/>
  <testcase classname="org.bukkit.PerMaterialTest" name="isSolid[72: BLUE_SHULKER_BOX]" time="0"/>
  <testcase classname="org.bukkit.PerMaterialTest" name="hasGravity[73: BLUE_STAINED_GLASS]" time="0"/>
  <testcase classname="org.bukkit.PerMaterialTest" name="isBurnable[73: BLUE_STAINED_GLASS]" time="0"/>
  <testcase classname="org.bukkit.PerMaterialTest" name="testInteractable[73: BLUE_STAINED_GLASS]" time="0"/>
  <testcase classname="org.bukkit.PerMaterialTest" name="testBlock[73: BLUE_STAINED_GLASS]" time="0"/>
  <testcase classname="org.bukkit.PerMaterialTest" name="isFuel[73: BLUE_STAINED_GLASS]" time="0.001"/>
  <testcase classname="org.bukkit.PerMaterialTest" name="testItem[73: BLUE_STAINED_GLASS]" time="0"/>
  <testcase classname="org.bukkit.PerMaterialTest" name="testBlastResistance[73: BLUE_STAINED_GLASS]" time="0"/>
  <testcase classname="org.bukkit.PerMaterialTest" name="isEdible[73: BLUE_STAINED_GLASS]" time="0"/>
  <testcase classname="org.bukkit.PerMaterialTest" name="maxDurability[73: BLUE_STAINED_GLASS]" time="0"/>
  <testcase classname="org.bukkit.PerMaterialTest" name="usesDurability[73: BLUE_STAINED_GLASS]" time="0"/>
  <testcase classname="org.bukkit.PerMaterialTest" name="isOccluding[73: BLUE_STAINED_GLASS]" time="0"/>
  <testcase classname="org.bukkit.PerMaterialTest" name="isRecord[73: BLUE_STAINED_GLASS]" time="0"/>
  <testcase classname="org.bukkit.PerMaterialTest" name="isFlammable[73: BLUE_STAINED_GLASS]" time="0"/>
  <testcase classname="org.bukkit.PerMaterialTest" name="testDurability[73: BLUE_STAINED_GLASS]" time="0"/>
  <testcase classname="org.bukkit.PerMaterialTest" name="testBlockHardness[73: BLUE_STAINED_GLASS]" time="0"/>
  <testcase classname="org.bukkit.PerMaterialTest" name="maxStackSize[73: BLUE_STAINED_GLASS]" time="0"/>
  <testcase classname="org.bukkit.PerMaterialTest" name="isTransparent[73: BLUE_STAINED_GLASS]" time="0"/>
  <testcase classname="org.bukkit.PerMaterialTest" name="testBlockDataCreation[73: BLUE_STAINED_GLASS]" time="0"/>
  <testcase classname="org.bukkit.PerMaterialTest" name="isBlock[73: BLUE_STAINED_GLASS]" time="0"/>
  <testcase classname="org.bukkit.PerMaterialTest" name="isSolid[73: BLUE_STAINED_GLASS]" time="0"/>
  <testcase classname="org.bukkit.PerMaterialTest" name="hasGravity[74: BLUE_STAINED_GLASS_PANE]" time="0"/>
  <testcase classname="org.bukkit.PerMaterialTest" name="isBurnable[74: BLUE_STAINED_GLASS_PANE]" time="0"/>
  <testcase classname="org.bukkit.PerMaterialTest" name="testInteractable[74: BLUE_STAINED_GLASS_PANE]" time="0.011"/>
  <testcase classname="org.bukkit.PerMaterialTest" name="testBlock[74: BLUE_STAINED_GLASS_PANE]" time="0"/>
  <testcase classname="org.bukkit.PerMaterialTest" name="isFuel[74: BLUE_STAINED_GLASS_PANE]" time="0"/>
  <testcase classname="org.bukkit.PerMaterialTest" name="testItem[74: BLUE_STAINED_GLASS_PANE]" time="0"/>
  <testcase classname="org.bukkit.PerMaterialTest" name="testBlastResistance[74: BLUE_STAINED_GLASS_PANE]" time="0"/>
  <testcase classname="org.bukkit.PerMaterialTest" name="isEdible[74: BLUE_STAINED_GLASS_PANE]" time="0"/>
  <testcase classname="org.bukkit.PerMaterialTest" name="maxDurability[74: BLUE_STAINED_GLASS_PANE]" time="0"/>
  <testcase classname="org.bukkit.PerMaterialTest" name="usesDurability[74: BLUE_STAINED_GLASS_PANE]" time="0"/>
  <testcase classname="org.bukkit.PerMaterialTest" name="isOccluding[74: BLUE_STAINED_GLASS_PANE]" time="0"/>
  <testcase classname="org.bukkit.PerMaterialTest" name="isRecord[74: BLUE_STAINED_GLASS_PANE]" time="0"/>
  <testcase classname="org.bukkit.PerMaterialTest" name="isFlammable[74: BLUE_STAINED_GLASS_PANE]" time="0"/>
  <testcase classname="org.bukkit.PerMaterialTest" name="testDurability[74: BLUE_STAINED_GLASS_PANE]" time="0"/>
  <testcase classname="org.bukkit.PerMaterialTest" name="testBlockHardness[74: BLUE_STAINED_GLASS_PANE]" time="0"/>
  <testcase classname="org.bukkit.PerMaterialTest" name="maxStackSize[74: BLUE_STAINED_GLASS_PANE]" time="0.001"/>
  <testcase classname="org.bukkit.PerMaterialTest" name="isTransparent[74: BLUE_STAINED_GLASS_PANE]" time="0"/>
  <testcase classname="org.bukkit.PerMaterialTest" name="testBlockDataCreation[74: BLUE_STAINED_GLASS_PANE]" time="0"/>
  <testcase classname="org.bukkit.PerMaterialTest" name="isBlock[74: BLUE_STAINED_GLASS_PANE]" time="0"/>
  <testcase classname="org.bukkit.PerMaterialTest" name="isSolid[74: BLUE_STAINED_GLASS_PANE]" time="0"/>
  <testcase classname="org.bukkit.PerMaterialTest" name="hasGravity[75: BLUE_TERRACOTTA]" time="0"/>
  <testcase classname="org.bukkit.PerMaterialTest" name="isBurnable[75: BLUE_TERRACOTTA]" time="0"/>
  <testcase classname="org.bukkit.PerMaterialTest" name="testInteractable[75: BLUE_TERRACOTTA]" time="0"/>
  <testcase classname="org.bukkit.PerMaterialTest" name="testBlock[75: BLUE_TERRACOTTA]" time="0"/>
  <testcase classname="org.bukkit.PerMaterialTest" name="isFuel[75: BLUE_TERRACOTTA]" time="0"/>
  <testcase classname="org.bukkit.PerMaterialTest" name="testItem[75: BLUE_TERRACOTTA]" time="0"/>
  <testcase classname="org.bukkit.PerMaterialTest" name="testBlastResistance[75: BLUE_TERRACOTTA]" time="0"/>
  <testcase classname="org.bukkit.PerMaterialTest" name="isEdible[75: BLUE_TERRACOTTA]" time="0"/>
  <testcase classname="org.bukkit.PerMaterialTest" name="maxDurability[75: BLUE_TERRACOTTA]" time="0"/>
  <testcase classname="org.bukkit.PerMaterialTest" name="usesDurability[75: BLUE_TERRACOTTA]" time="0"/>
  <testcase classname="org.bukkit.PerMaterialTest" name="isOccluding[75: BLUE_TERRACOTTA]" time="0"/>
  <testcase classname="org.bukkit.PerMaterialTest" name="isRecord[75: BLUE_TERRACOTTA]" time="0"/>
  <testcase classname="org.bukkit.PerMaterialTest" name="isFlammable[75: BLUE_TERRACOTTA]" time="0"/>
  <testcase classname="org.bukkit.PerMaterialTest" name="testDurability[75: BLUE_TERRACOTTA]" time="0.001"/>
  <testcase classname="org.bukkit.PerMaterialTest" name="testBlockHardness[75: BLUE_TERRACOTTA]" time="0"/>
  <testcase classname="org.bukkit.PerMaterialTest" name="maxStackSize[75: BLUE_TERRACOTTA]" time="0"/>
  <testcase classname="org.bukkit.PerMaterialTest" name="isTransparent[75: BLUE_TERRACOTTA]" time="0"/>
  <testcase classname="org.bukkit.PerMaterialTest" name="testBlockDataCreation[75: BLUE_TERRACOTTA]" time="0"/>
  <testcase classname="org.bukkit.PerMaterialTest" name="isBlock[75: BLUE_TERRACOTTA]" time="0"/>
  <testcase classname="org.bukkit.PerMaterialTest" name="isSolid[75: BLUE_TERRACOTTA]" time="0"/>
  <testcase classname="org.bukkit.PerMaterialTest" name="hasGravity[76: BLUE_WALL_BANNER]" time="0"/>
  <testcase classname="org.bukkit.PerMaterialTest" name="isBurnable[76: BLUE_WALL_BANNER]" time="0"/>
  <testcase classname="org.bukkit.PerMaterialTest" name="testInteractable[76: BLUE_WALL_BANNER]" time="0"/>
  <testcase classname="org.bukkit.PerMaterialTest" name="testBlock[76: BLUE_WALL_BANNER]" time="0"/>
  <testcase classname="org.bukkit.PerMaterialTest" name="isFuel[76: BLUE_WALL_BANNER]" time="0"/>
  <testcase classname="org.bukkit.PerMaterialTest" name="testItem[76: BLUE_WALL_BANNER]" time="0"/>
  <testcase classname="org.bukkit.PerMaterialTest" name="testBlastResistance[76: BLUE_WALL_BANNER]" time="0"/>
  <testcase classname="org.bukkit.PerMaterialTest" name="isEdible[76: BLUE_WALL_BANNER]" time="0"/>
  <testcase classname="org.bukkit.PerMaterialTest" name="maxDurability[76: BLUE_WALL_BANNER]" time="0"/>
  <testcase classname="org.bukkit.PerMaterialTest" name="usesDurability[76: BLUE_WALL_BANNER]" time="0"/>
  <testcase classname="org.bukkit.PerMaterialTest" name="isOccluding[76: BLUE_WALL_BANNER]" time="0"/>
  <testcase classname="org.bukkit.PerMaterialTest" name="isRecord[76: BLUE_WALL_BANNER]" time="0"/>
  <testcase classname="org.bukkit.PerMaterialTest" name="isFlammable[76: BLUE_WALL_BANNER]" time="0"/>
  <testcase classname="org.bukkit.PerMaterialTest" name="testDurability[76: BLUE_WALL_BANNER]" time="0"/>
  <testcase classname="org.bukkit.PerMaterialTest" name="testBlockHardness[76: BLUE_WALL_BANNER]" time="0"/>
  <testcase classname="org.bukkit.PerMaterialTest" name="maxStackSize[76: BLUE_WALL_BANNER]" time="0"/>
  <testcase classname="org.bukkit.PerMaterialTest" name="isTransparent[76: BLUE_WALL_BANNER]" time="0"/>
  <testcase classname="org.bukkit.PerMaterialTest" name="testBlockDataCreation[76: BLUE_WALL_BANNER]" time="0"/>
  <testcase classname="org.bukkit.PerMaterialTest" name="isBlock[76: BLUE_WALL_BANNER]" time="0"/>
  <testcase classname="org.bukkit.PerMaterialTest" name="isSolid[76: BLUE_WALL_BANNER]" time="0"/>
  <testcase classname="org.bukkit.PerMaterialTest" name="hasGravity[77: BLUE_WOOL]" time="0"/>
  <testcase classname="org.bukkit.PerMaterialTest" name="isBurnable[77: BLUE_WOOL]" time="0"/>
  <testcase classname="org.bukkit.PerMaterialTest" name="testInteractable[77: BLUE_WOOL]" time="0"/>
  <testcase classname="org.bukkit.PerMaterialTest" name="testBlock[77: BLUE_WOOL]" time="0"/>
  <testcase classname="org.bukkit.PerMaterialTest" name="isFuel[77: BLUE_WOOL]" time="0"/>
  <testcase classname="org.bukkit.PerMaterialTest" name="testItem[77: BLUE_WOOL]" time="0"/>
  <testcase classname="org.bukkit.PerMaterialTest" name="testBlastResistance[77: BLUE_WOOL]" time="0"/>
  <testcase classname="org.bukkit.PerMaterialTest" name="isEdible[77: BLUE_WOOL]" time="0"/>
  <testcase classname="org.bukkit.PerMaterialTest" name="maxDurability[77: BLUE_WOOL]" time="0"/>
  <testcase classname="org.bukkit.PerMaterialTest" name="usesDurability[77: BLUE_WOOL]" time="0"/>
  <testcase classname="org.bukkit.PerMaterialTest" name="isOccluding[77: BLUE_WOOL]" time="0"/>
  <testcase classname="org.bukkit.PerMaterialTest" name="isRecord[77: BLUE_WOOL]" time="0"/>
  <testcase classname="org.bukkit.PerMaterialTest" name="isFlammable[77: BLUE_WOOL]" time="0"/>
  <testcase classname="org.bukkit.PerMaterialTest" name="testDurability[77: BLUE_WOOL]" time="0"/>
  <testcase classname="org.bukkit.PerMaterialTest" name="testBlockHardness[77: BLUE_WOOL]" time="0"/>
  <testcase classname="org.bukkit.PerMaterialTest" name="maxStackSize[77: BLUE_WOOL]" time="0"/>
  <testcase classname="org.bukkit.PerMaterialTest" name="isTransparent[77: BLUE_WOOL]" time="0"/>
  <testcase classname="org.bukkit.PerMaterialTest" name="testBlockDataCreation[77: BLUE_WOOL]" time="0"/>
  <testcase classname="org.bukkit.PerMaterialTest" name="isBlock[77: BLUE_WOOL]" time="0"/>
  <testcase classname="org.bukkit.PerMaterialTest" name="isSolid[77: BLUE_WOOL]" time="0"/>
  <testcase classname="org.bukkit.PerMaterialTest" name="hasGravity[78: BONE]" time="0"/>
  <testcase classname="org.bukkit.PerMaterialTest" name="isBurnable[78: BONE]" time="0"/>
  <testcase classname="org.bukkit.PerMaterialTest" name="testInteractable[78: BONE]" time="0"/>
  <testcase classname="org.bukkit.PerMaterialTest" name="testBlock[78: BONE]" time="0"/>
  <testcase classname="org.bukkit.PerMaterialTest" name="isFuel[78: BONE]" time="0"/>
  <testcase classname="org.bukkit.PerMaterialTest" name="testItem[78: BONE]" time="0"/>
  <testcase classname="org.bukkit.PerMaterialTest" name="testBlastResistance[78: BONE]" time="0"/>
  <testcase classname="org.bukkit.PerMaterialTest" name="isEdible[78: BONE]" time="0"/>
  <testcase classname="org.bukkit.PerMaterialTest" name="maxDurability[78: BONE]" time="0"/>
  <testcase classname="org.bukkit.PerMaterialTest" name="usesDurability[78: BONE]" time="0"/>
  <testcase classname="org.bukkit.PerMaterialTest" name="isOccluding[78: BONE]" time="0.001"/>
  <testcase classname="org.bukkit.PerMaterialTest" name="isRecord[78: BONE]" time="0"/>
  <testcase classname="org.bukkit.PerMaterialTest" name="isFlammable[78: BONE]" time="0"/>
  <testcase classname="org.bukkit.PerMaterialTest" name="testDurability[78: BONE]" time="0"/>
  <testcase classname="org.bukkit.PerMaterialTest" name="testBlockHardness[78: BONE]" time="0"/>
  <testcase classname="org.bukkit.PerMaterialTest" name="maxStackSize[78: BONE]" time="0"/>
  <testcase classname="org.bukkit.PerMaterialTest" name="isTransparent[78: BONE]" time="0"/>
  <testcase classname="org.bukkit.PerMaterialTest" name="testBlockDataCreation[78: BONE]" time="0"/>
  <testcase classname="org.bukkit.PerMaterialTest" name="isBlock[78: BONE]" time="0.001"/>
  <testcase classname="org.bukkit.PerMaterialTest" name="isSolid[78: BONE]" time="0"/>
  <testcase classname="org.bukkit.PerMaterialTest" name="hasGravity[79: BONE_BLOCK]" time="0"/>
  <testcase classname="org.bukkit.PerMaterialTest" name="isBurnable[79: BONE_BLOCK]" time="0"/>
  <testcase classname="org.bukkit.PerMaterialTest" name="testInteractable[79: BONE_BLOCK]" time="0"/>
  <testcase classname="org.bukkit.PerMaterialTest" name="testBlock[79: BONE_BLOCK]" time="0"/>
  <testcase classname="org.bukkit.PerMaterialTest" name="isFuel[79: BONE_BLOCK]" time="0.001"/>
  <testcase classname="org.bukkit.PerMaterialTest" name="testItem[79: BONE_BLOCK]" time="0"/>
  <testcase classname="org.bukkit.PerMaterialTest" name="testBlastResistance[79: BONE_BLOCK]" time="0"/>
  <testcase classname="org.bukkit.PerMaterialTest" name="isEdible[79: BONE_BLOCK]" time="0"/>
  <testcase classname="org.bukkit.PerMaterialTest" name="maxDurability[79: BONE_BLOCK]" time="0"/>
  <testcase classname="org.bukkit.PerMaterialTest" name="usesDurability[79: BONE_BLOCK]" time="0"/>
  <testcase classname="org.bukkit.PerMaterialTest" name="isOccluding[79: BONE_BLOCK]" time="0"/>
  <testcase classname="org.bukkit.PerMaterialTest" name="isRecord[79: BONE_BLOCK]" time="0"/>
  <testcase classname="org.bukkit.PerMaterialTest" name="isFlammable[79: BONE_BLOCK]" time="0"/>
  <testcase classname="org.bukkit.PerMaterialTest" name="testDurability[79: BONE_BLOCK]" time="0"/>
  <testcase classname="org.bukkit.PerMaterialTest" name="testBlockHardness[79: BONE_BLOCK]" time="0"/>
  <testcase classname="org.bukkit.PerMaterialTest" name="maxStackSize[79: BONE_BLOCK]" time="0"/>
  <testcase classname="org.bukkit.PerMaterialTest" name="isTransparent[79: BONE_BLOCK]" time="0"/>
  <testcase classname="org.bukkit.PerMaterialTest" name="testBlockDataCreation[79: BONE_BLOCK]" time="0"/>
  <testcase classname="org.bukkit.PerMaterialTest" name="isBlock[79: BONE_BLOCK]" time="0"/>
  <testcase classname="org.bukkit.PerMaterialTest" name="isSolid[79: BONE_BLOCK]" time="0.001"/>
  <testcase classname="org.bukkit.PerMaterialTest" name="hasGravity[80: BONE_MEAL]" time="0"/>
  <testcase classname="org.bukkit.PerMaterialTest" name="isBurnable[80: BONE_MEAL]" time="0"/>
  <testcase classname="org.bukkit.PerMaterialTest" name="testInteractable[80: BONE_MEAL]" time="0"/>
  <testcase classname="org.bukkit.PerMaterialTest" name="testBlock[80: BONE_MEAL]" time="0"/>
  <testcase classname="org.bukkit.PerMaterialTest" name="isFuel[80: BONE_MEAL]" time="0"/>
  <testcase classname="org.bukkit.PerMaterialTest" name="testItem[80: BONE_MEAL]" time="0"/>
  <testcase classname="org.bukkit.PerMaterialTest" name="testBlastResistance[80: BONE_MEAL]" time="0"/>
  <testcase classname="org.bukkit.PerMaterialTest" name="isEdible[80: BONE_MEAL]" time="0"/>
  <testcase classname="org.bukkit.PerMaterialTest" name="maxDurability[80: BONE_MEAL]" time="0"/>
  <testcase classname="org.bukkit.PerMaterialTest" name="usesDurability[80: BONE_MEAL]" time="0"/>
  <testcase classname="org.bukkit.PerMaterialTest" name="isOccluding[80: BONE_MEAL]" time="0"/>
  <testcase classname="org.bukkit.PerMaterialTest" name="isRecord[80: BONE_MEAL]" time="0"/>
  <testcase classname="org.bukkit.PerMaterialTest" name="isFlammable[80: BONE_MEAL]" time="0"/>
  <testcase classname="org.bukkit.PerMaterialTest" name="testDurability[80: BONE_MEAL]" time="0"/>
  <testcase classname="org.bukkit.PerMaterialTest" name="testBlockHardness[80: BONE_MEAL]" time="0"/>
  <testcase classname="org.bukkit.PerMaterialTest" name="maxStackSize[80: BONE_MEAL]" time="0"/>
  <testcase classname="org.bukkit.PerMaterialTest" name="isTransparent[80: BONE_MEAL]" time="0"/>
  <testcase classname="org.bukkit.PerMaterialTest" name="testBlockDataCreation[80: BONE_MEAL]" time="0"/>
  <testcase classname="org.bukkit.PerMaterialTest" name="isBlock[80: BONE_MEAL]" time="0"/>
  <testcase classname="org.bukkit.PerMaterialTest" name="isSolid[80: BONE_MEAL]" time="0"/>
  <testcase classname="org.bukkit.PerMaterialTest" name="hasGravity[81: BOOK]" time="0"/>
  <testcase classname="org.bukkit.PerMaterialTest" name="isBurnable[81: BOOK]" time="0"/>
  <testcase classname="org.bukkit.PerMaterialTest" name="testInteractable[81: BOOK]" time="0"/>
  <testcase classname="org.bukkit.PerMaterialTest" name="testBlock[81: BOOK]" time="0"/>
  <testcase classname="org.bukkit.PerMaterialTest" name="isFuel[81: BOOK]" time="0"/>
  <testcase classname="org.bukkit.PerMaterialTest" name="testItem[81: BOOK]" time="0"/>
  <testcase classname="org.bukkit.PerMaterialTest" name="testBlastResistance[81: BOOK]" time="0"/>
  <testcase classname="org.bukkit.PerMaterialTest" name="isEdible[81: BOOK]" time="0"/>
  <testcase classname="org.bukkit.PerMaterialTest" name="maxDurability[81: BOOK]" time="0.001"/>
  <testcase classname="org.bukkit.PerMaterialTest" name="usesDurability[81: BOOK]" time="0"/>
  <testcase classname="org.bukkit.PerMaterialTest" name="isOccluding[81: BOOK]" time="0"/>
  <testcase classname="org.bukkit.PerMaterialTest" name="isRecord[81: BOOK]" time="0"/>
  <testcase classname="org.bukkit.PerMaterialTest" name="isFlammable[81: BOOK]" time="0"/>
  <testcase classname="org.bukkit.PerMaterialTest" name="testDurability[81: BOOK]" time="0"/>
  <testcase classname="org.bukkit.PerMaterialTest" name="testBlockHardness[81: BOOK]" time="0"/>
  <testcase classname="org.bukkit.PerMaterialTest" name="maxStackSize[81: BOOK]" time="0"/>
  <testcase classname="org.bukkit.PerMaterialTest" name="isTransparent[81: BOOK]" time="0.001"/>
  <testcase classname="org.bukkit.PerMaterialTest" name="testBlockDataCreation[81: BOOK]" time="0"/>
  <testcase classname="org.bukkit.PerMaterialTest" name="isBlock[81: BOOK]" time="0"/>
  <testcase classname="org.bukkit.PerMaterialTest" name="isSolid[81: BOOK]" time="0"/>
  <testcase classname="org.bukkit.PerMaterialTest" name="hasGravity[82: BOOKSHELF]" time="0"/>
  <testcase classname="org.bukkit.PerMaterialTest" name="isBurnable[82: BOOKSHELF]" time="0"/>
  <testcase classname="org.bukkit.PerMaterialTest" name="testInteractable[82: BOOKSHELF]" time="0"/>
  <testcase classname="org.bukkit.PerMaterialTest" name="testBlock[82: BOOKSHELF]" time="0"/>
  <testcase classname="org.bukkit.PerMaterialTest" name="isFuel[82: BOOKSHELF]" time="0"/>
  <testcase classname="org.bukkit.PerMaterialTest" name="testItem[82: BOOKSHELF]" time="0"/>
  <testcase classname="org.bukkit.PerMaterialTest" name="testBlastResistance[82: BOOKSHELF]" time="0"/>
  <testcase classname="org.bukkit.PerMaterialTest" name="isEdible[82: BOOKSHELF]" time="0"/>
  <testcase classname="org.bukkit.PerMaterialTest" name="maxDurability[82: BOOKSHELF]" time="0"/>
  <testcase classname="org.bukkit.PerMaterialTest" name="usesDurability[82: BOOKSHELF]" time="0.001"/>
  <testcase classname="org.bukkit.PerMaterialTest" name="isOccluding[82: BOOKSHELF]" time="0"/>
  <testcase classname="org.bukkit.PerMaterialTest" name="isRecord[82: BOOKSHELF]" time="0"/>
  <testcase classname="org.bukkit.PerMaterialTest" name="isFlammable[82: BOOKSHELF]" time="0"/>
  <testcase classname="org.bukkit.PerMaterialTest" name="testDurability[82: BOOKSHELF]" time="0"/>
  <testcase classname="org.bukkit.PerMaterialTest" name="testBlockHardness[82: BOOKSHELF]" time="0"/>
  <testcase classname="org.bukkit.PerMaterialTest" name="maxStackSize[82: BOOKSHELF]" time="0"/>
  <testcase classname="org.bukkit.PerMaterialTest" name="isTransparent[82: BOOKSHELF]" time="0.001"/>
  <testcase classname="org.bukkit.PerMaterialTest" name="testBlockDataCreation[82: BOOKSHELF]" time="0"/>
  <testcase classname="org.bukkit.PerMaterialTest" name="isBlock[82: BOOKSHELF]" time="0"/>
  <testcase classname="org.bukkit.PerMaterialTest" name="isSolid[82: BOOKSHELF]" time="0"/>
  <testcase classname="org.bukkit.PerMaterialTest" name="hasGravity[83: BOW]" time="0"/>
  <testcase classname="org.bukkit.PerMaterialTest" name="isBurnable[83: BOW]" time="0"/>
  <testcase classname="org.bukkit.PerMaterialTest" name="testInteractable[83: BOW]" time="0"/>
  <testcase classname="org.bukkit.PerMaterialTest" name="testBlock[83: BOW]" time="0"/>
  <testcase classname="org.bukkit.PerMaterialTest" name="isFuel[83: BOW]" time="0.001"/>
  <testcase classname="org.bukkit.PerMaterialTest" name="testItem[83: BOW]" time="0"/>
  <testcase classname="org.bukkit.PerMaterialTest" name="testBlastResistance[83: BOW]" time="0"/>
  <testcase classname="org.bukkit.PerMaterialTest" name="isEdible[83: BOW]" time="0"/>
  <testcase classname="org.bukkit.PerMaterialTest" name="maxDurability[83: BOW]" time="0"/>
  <testcase classname="org.bukkit.PerMaterialTest" name="usesDurability[83: BOW]" time="0"/>
  <testcase classname="org.bukkit.PerMaterialTest" name="isOccluding[83: BOW]" time="0"/>
  <testcase classname="org.bukkit.PerMaterialTest" name="isRecord[83: BOW]" time="0"/>
  <testcase classname="org.bukkit.PerMaterialTest" name="isFlammable[83: BOW]" time="0"/>
  <testcase classname="org.bukkit.PerMaterialTest" name="testDurability[83: BOW]" time="0"/>
  <testcase classname="org.bukkit.PerMaterialTest" name="testBlockHardness[83: BOW]" time="0"/>
  <testcase classname="org.bukkit.PerMaterialTest" name="maxStackSize[83: BOW]" time="0"/>
  <testcase classname="org.bukkit.PerMaterialTest" name="isTransparent[83: BOW]" time="0"/>
  <testcase classname="org.bukkit.PerMaterialTest" name="testBlockDataCreation[83: BOW]" time="0"/>
  <testcase classname="org.bukkit.PerMaterialTest" name="isBlock[83: BOW]" time="0"/>
  <testcase classname="org.bukkit.PerMaterialTest" name="isSolid[83: BOW]" time="0"/>
  <testcase classname="org.bukkit.PerMaterialTest" name="hasGravity[84: BOWL]" time="0"/>
  <testcase classname="org.bukkit.PerMaterialTest" name="isBurnable[84: BOWL]" time="0"/>
  <testcase classname="org.bukkit.PerMaterialTest" name="testInteractable[84: BOWL]" time="0"/>
  <testcase classname="org.bukkit.PerMaterialTest" name="testBlock[84: BOWL]" time="0.003"/>
  <testcase classname="org.bukkit.PerMaterialTest" name="isFuel[84: BOWL]" time="0"/>
  <testcase classname="org.bukkit.PerMaterialTest" name="testItem[84: BOWL]" time="0"/>
  <testcase classname="org.bukkit.PerMaterialTest" name="testBlastResistance[84: BOWL]" time="0"/>
  <testcase classname="org.bukkit.PerMaterialTest" name="isEdible[84: BOWL]" time="0"/>
  <testcase classname="org.bukkit.PerMaterialTest" name="maxDurability[84: BOWL]" time="0"/>
  <testcase classname="org.bukkit.PerMaterialTest" name="usesDurability[84: BOWL]" time="0"/>
  <testcase classname="org.bukkit.PerMaterialTest" name="isOccluding[84: BOWL]" time="0"/>
  <testcase classname="org.bukkit.PerMaterialTest" name="isRecord[84: BOWL]" time="0"/>
  <testcase classname="org.bukkit.PerMaterialTest" name="isFlammable[84: BOWL]" time="0"/>
  <testcase classname="org.bukkit.PerMaterialTest" name="testDurability[84: BOWL]" time="0"/>
  <testcase classname="org.bukkit.PerMaterialTest" name="testBlockHardness[84: BOWL]" time="0"/>
  <testcase classname="org.bukkit.PerMaterialTest" name="maxStackSize[84: BOWL]" time="0"/>
  <testcase classname="org.bukkit.PerMaterialTest" name="isTransparent[84: BOWL]" time="0"/>
  <testcase classname="org.bukkit.PerMaterialTest" name="testBlockDataCreation[84: BOWL]" time="0"/>
  <testcase classname="org.bukkit.PerMaterialTest" name="isBlock[84: BOWL]" time="0"/>
  <testcase classname="org.bukkit.PerMaterialTest" name="isSolid[84: BOWL]" time="0"/>
  <testcase classname="org.bukkit.PerMaterialTest" name="hasGravity[85: BRAIN_CORAL]" time="0"/>
  <testcase classname="org.bukkit.PerMaterialTest" name="isBurnable[85: BRAIN_CORAL]" time="0"/>
  <testcase classname="org.bukkit.PerMaterialTest" name="testInteractable[85: BRAIN_CORAL]" time="0"/>
  <testcase classname="org.bukkit.PerMaterialTest" name="testBlock[85: BRAIN_CORAL]" time="0"/>
  <testcase classname="org.bukkit.PerMaterialTest" name="isFuel[85: BRAIN_CORAL]" time="0"/>
  <testcase classname="org.bukkit.PerMaterialTest" name="testItem[85: BRAIN_CORAL]" time="0"/>
  <testcase classname="org.bukkit.PerMaterialTest" name="testBlastResistance[85: BRAIN_CORAL]" time="0"/>
  <testcase classname="org.bukkit.PerMaterialTest" name="isEdible[85: BRAIN_CORAL]" time="0"/>
  <testcase classname="org.bukkit.PerMaterialTest" name="maxDurability[85: BRAIN_CORAL]" time="0"/>
  <testcase classname="org.bukkit.PerMaterialTest" name="usesDurability[85: BRAIN_CORAL]" time="0"/>
  <testcase classname="org.bukkit.PerMaterialTest" name="isOccluding[85: BRAIN_CORAL]" time="0"/>
  <testcase classname="org.bukkit.PerMaterialTest" name="isRecord[85: BRAIN_CORAL]" time="0"/>
  <testcase classname="org.bukkit.PerMaterialTest" name="isFlammable[85: BRAIN_CORAL]" time="0"/>
  <testcase classname="org.bukkit.PerMaterialTest" name="testDurability[85: BRAIN_CORAL]" time="0"/>
  <testcase classname="org.bukkit.PerMaterialTest" name="testBlockHardness[85: BRAIN_CORAL]" time="0"/>
  <testcase classname="org.bukkit.PerMaterialTest" name="maxStackSize[85: BRAIN_CORAL]" time="0"/>
  <testcase classname="org.bukkit.PerMaterialTest" name="isTransparent[85: BRAIN_CORAL]" time="0"/>
  <testcase classname="org.bukkit.PerMaterialTest" name="testBlockDataCreation[85: BRAIN_CORAL]" time="0"/>
  <testcase classname="org.bukkit.PerMaterialTest" name="isBlock[85: BRAIN_CORAL]" time="0.001"/>
  <testcase classname="org.bukkit.PerMaterialTest" name="isSolid[85: BRAIN_CORAL]" time="0"/>
  <testcase classname="org.bukkit.PerMaterialTest" name="hasGravity[86: BRAIN_CORAL_BLOCK]" time="0"/>
  <testcase classname="org.bukkit.PerMaterialTest" name="isBurnable[86: BRAIN_CORAL_BLOCK]" time="0"/>
  <testcase classname="org.bukkit.PerMaterialTest" name="testInteractable[86: BRAIN_CORAL_BLOCK]" time="0"/>
  <testcase classname="org.bukkit.PerMaterialTest" name="testBlock[86: BRAIN_CORAL_BLOCK]" time="0"/>
  <testcase classname="org.bukkit.PerMaterialTest" name="isFuel[86: BRAIN_CORAL_BLOCK]" time="0.001"/>
  <testcase classname="org.bukkit.PerMaterialTest" name="testItem[86: BRAIN_CORAL_BLOCK]" time="0"/>
  <testcase classname="org.bukkit.PerMaterialTest" name="testBlastResistance[86: BRAIN_CORAL_BLOCK]" time="0"/>
  <testcase classname="org.bukkit.PerMaterialTest" name="isEdible[86: BRAIN_CORAL_BLOCK]" time="0"/>
  <testcase classname="org.bukkit.PerMaterialTest" name="maxDurability[86: BRAIN_CORAL_BLOCK]" time="0"/>
  <testcase classname="org.bukkit.PerMaterialTest" name="usesDurability[86: BRAIN_CORAL_BLOCK]" time="0"/>
  <testcase classname="org.bukkit.PerMaterialTest" name="isOccluding[86: BRAIN_CORAL_BLOCK]" time="0"/>
  <testcase classname="org.bukkit.PerMaterialTest" name="isRecord[86: BRAIN_CORAL_BLOCK]" time="0"/>
  <testcase classname="org.bukkit.PerMaterialTest" name="isFlammable[86: BRAIN_CORAL_BLOCK]" time="0"/>
  <testcase classname="org.bukkit.PerMaterialTest" name="testDurability[86: BRAIN_CORAL_BLOCK]" time="0"/>
  <testcase classname="org.bukkit.PerMaterialTest" name="testBlockHardness[86: BRAIN_CORAL_BLOCK]" time="0"/>
  <testcase classname="org.bukkit.PerMaterialTest" name="maxStackSize[86: BRAIN_CORAL_BLOCK]" time="0"/>
  <testcase classname="org.bukkit.PerMaterialTest" name="isTransparent[86: BRAIN_CORAL_BLOCK]" time="0"/>
  <testcase classname="org.bukkit.PerMaterialTest" name="testBlockDataCreation[86: BRAIN_CORAL_BLOCK]" time="0"/>
  <testcase classname="org.bukkit.PerMaterialTest" name="isBlock[86: BRAIN_CORAL_BLOCK]" time="0"/>
  <testcase classname="org.bukkit.PerMaterialTest" name="isSolid[86: BRAIN_CORAL_BLOCK]" time="0"/>
  <testcase classname="org.bukkit.PerMaterialTest" name="hasGravity[87: BRAIN_CORAL_FAN]" time="0"/>
  <testcase classname="org.bukkit.PerMaterialTest" name="isBurnable[87: BRAIN_CORAL_FAN]" time="0"/>
  <testcase classname="org.bukkit.PerMaterialTest" name="testInteractable[87: BRAIN_CORAL_FAN]" time="0"/>
  <testcase classname="org.bukkit.PerMaterialTest" name="testBlock[87: BRAIN_CORAL_FAN]" time="0"/>
  <testcase classname="org.bukkit.PerMaterialTest" name="isFuel[87: BRAIN_CORAL_FAN]" time="0"/>
  <testcase classname="org.bukkit.PerMaterialTest" name="testItem[87: BRAIN_CORAL_FAN]" time="0"/>
  <testcase classname="org.bukkit.PerMaterialTest" name="testBlastResistance[87: BRAIN_CORAL_FAN]" time="0"/>
  <testcase classname="org.bukkit.PerMaterialTest" name="isEdible[87: BRAIN_CORAL_FAN]" time="0"/>
  <testcase classname="org.bukkit.PerMaterialTest" name="maxDurability[87: BRAIN_CORAL_FAN]" time="0"/>
  <testcase classname="org.bukkit.PerMaterialTest" name="usesDurability[87: BRAIN_CORAL_FAN]" time="0"/>
  <testcase classname="org.bukkit.PerMaterialTest" name="isOccluding[87: BRAIN_CORAL_FAN]" time="0"/>
  <testcase classname="org.bukkit.PerMaterialTest" name="isRecord[87: BRAIN_CORAL_FAN]" time="0"/>
  <testcase classname="org.bukkit.PerMaterialTest" name="isFlammable[87: BRAIN_CORAL_FAN]" time="0"/>
  <testcase classname="org.bukkit.PerMaterialTest" name="testDurability[87: BRAIN_CORAL_FAN]" time="0"/>
  <testcase classname="org.bukkit.PerMaterialTest" name="testBlockHardness[87: BRAIN_CORAL_FAN]" time="0"/>
  <testcase classname="org.bukkit.PerMaterialTest" name="maxStackSize[87: BRAIN_CORAL_FAN]" time="0"/>
  <testcase classname="org.bukkit.PerMaterialTest" name="isTransparent[87: BRAIN_CORAL_FAN]" time="0.001"/>
  <testcase classname="org.bukkit.PerMaterialTest" name="testBlockDataCreation[87: BRAIN_CORAL_FAN]" time="0"/>
  <testcase classname="org.bukkit.PerMaterialTest" name="isBlock[87: BRAIN_CORAL_FAN]" time="0"/>
  <testcase classname="org.bukkit.PerMaterialTest" name="isSolid[87: BRAIN_CORAL_FAN]" time="0"/>
  <testcase classname="org.bukkit.PerMaterialTest" name="hasGravity[88: BRAIN_CORAL_WALL_FAN]" time="0"/>
  <testcase classname="org.bukkit.PerMaterialTest" name="isBurnable[88: BRAIN_CORAL_WALL_FAN]" time="0"/>
  <testcase classname="org.bukkit.PerMaterialTest" name="testInteractable[88: BRAIN_CORAL_WALL_FAN]" time="0.001"/>
  <testcase classname="org.bukkit.PerMaterialTest" name="testBlock[88: BRAIN_CORAL_WALL_FAN]" time="0"/>
  <testcase classname="org.bukkit.PerMaterialTest" name="isFuel[88: BRAIN_CORAL_WALL_FAN]" time="0"/>
  <testcase classname="org.bukkit.PerMaterialTest" name="testItem[88: BRAIN_CORAL_WALL_FAN]" time="0"/>
  <testcase classname="org.bukkit.PerMaterialTest" name="testBlastResistance[88: BRAIN_CORAL_WALL_FAN]" time="0"/>
  <testcase classname="org.bukkit.PerMaterialTest" name="isEdible[88: BRAIN_CORAL_WALL_FAN]" time="0"/>
  <testcase classname="org.bukkit.PerMaterialTest" name="maxDurability[88: BRAIN_CORAL_WALL_FAN]" time="0"/>
  <testcase classname="org.bukkit.PerMaterialTest" name="usesDurability[88: BRAIN_CORAL_WALL_FAN]" time="0"/>
  <testcase classname="org.bukkit.PerMaterialTest" name="isOccluding[88: BRAIN_CORAL_WALL_FAN]" time="0"/>
  <testcase classname="org.bukkit.PerMaterialTest" name="isRecord[88: BRAIN_CORAL_WALL_FAN]" time="0"/>
  <testcase classname="org.bukkit.PerMaterialTest" name="isFlammable[88: BRAIN_CORAL_WALL_FAN]" time="0"/>
  <testcase classname="org.bukkit.PerMaterialTest" name="testDurability[88: BRAIN_CORAL_WALL_FAN]" time="0"/>
  <testcase classname="org.bukkit.PerMaterialTest" name="testBlockHardness[88: BRAIN_CORAL_WALL_FAN]" time="0"/>
  <testcase classname="org.bukkit.PerMaterialTest" name="maxStackSize[88: BRAIN_CORAL_WALL_FAN]" time="0"/>
  <testcase classname="org.bukkit.PerMaterialTest" name="isTransparent[88: BRAIN_CORAL_WALL_FAN]" time="0"/>
  <testcase classname="org.bukkit.PerMaterialTest" name="testBlockDataCreation[88: BRAIN_CORAL_WALL_FAN]" time="0"/>
  <testcase classname="org.bukkit.PerMaterialTest" name="isBlock[88: BRAIN_CORAL_WALL_FAN]" time="0"/>
  <testcase classname="org.bukkit.PerMaterialTest" name="isSolid[88: BRAIN_CORAL_WALL_FAN]" time="0"/>
  <testcase classname="org.bukkit.PerMaterialTest" name="hasGravity[89: BREAD]" time="0"/>
  <testcase classname="org.bukkit.PerMaterialTest" name="isBurnable[89: BREAD]" time="0"/>
  <testcase classname="org.bukkit.PerMaterialTest" name="testInteractable[89: BREAD]" time="0"/>
  <testcase classname="org.bukkit.PerMaterialTest" name="testBlock[89: BREAD]" time="0"/>
  <testcase classname="org.bukkit.PerMaterialTest" name="isFuel[89: BREAD]" time="0"/>
  <testcase classname="org.bukkit.PerMaterialTest" name="testItem[89: BREAD]" time="0"/>
  <testcase classname="org.bukkit.PerMaterialTest" name="testBlastResistance[89: BREAD]" time="0"/>
  <testcase classname="org.bukkit.PerMaterialTest" name="isEdible[89: BREAD]" time="0"/>
  <testcase classname="org.bukkit.PerMaterialTest" name="maxDurability[89: BREAD]" time="0"/>
  <testcase classname="org.bukkit.PerMaterialTest" name="usesDurability[89: BREAD]" time="0.001"/>
  <testcase classname="org.bukkit.PerMaterialTest" name="isOccluding[89: BREAD]" time="0"/>
  <testcase classname="org.bukkit.PerMaterialTest" name="isRecord[89: BREAD]" time="0"/>
  <testcase classname="org.bukkit.PerMaterialTest" name="isFlammable[89: BREAD]" time="0"/>
  <testcase classname="org.bukkit.PerMaterialTest" name="testDurability[89: BREAD]" time="0"/>
  <testcase classname="org.bukkit.PerMaterialTest" name="testBlockHardness[89: BREAD]" time="0"/>
  <testcase classname="org.bukkit.PerMaterialTest" name="maxStackSize[89: BREAD]" time="0"/>
  <testcase classname="org.bukkit.PerMaterialTest" name="isTransparent[89: BREAD]" time="0"/>
  <testcase classname="org.bukkit.PerMaterialTest" name="testBlockDataCreation[89: BREAD]" time="0.001"/>
  <testcase classname="org.bukkit.PerMaterialTest" name="isBlock[89: BREAD]" time="0"/>
  <testcase classname="org.bukkit.PerMaterialTest" name="isSolid[89: BREAD]" time="0"/>
  <testcase classname="org.bukkit.PerMaterialTest" name="hasGravity[90: BREWING_STAND]" time="0"/>
  <testcase classname="org.bukkit.PerMaterialTest" name="isBurnable[90: BREWING_STAND]" time="0"/>
  <testcase classname="org.bukkit.PerMaterialTest" name="testInteractable[90: BREWING_STAND]" time="0"/>
  <testcase classname="org.bukkit.PerMaterialTest" name="testBlock[90: BREWING_STAND]" time="0"/>
  <testcase classname="org.bukkit.PerMaterialTest" name="isFuel[90: BREWING_STAND]" time="0"/>
  <testcase classname="org.bukkit.PerMaterialTest" name="testItem[90: BREWING_STAND]" time="0"/>
  <testcase classname="org.bukkit.PerMaterialTest" name="testBlastResistance[90: BREWING_STAND]" time="0"/>
  <testcase classname="org.bukkit.PerMaterialTest" name="isEdible[90: BREWING_STAND]" time="0"/>
  <testcase classname="org.bukkit.PerMaterialTest" name="maxDurability[90: BREWING_STAND]" time="0"/>
  <testcase classname="org.bukkit.PerMaterialTest" name="usesDurability[90: BREWING_STAND]" time="0"/>
  <testcase classname="org.bukkit.PerMaterialTest" name="isOccluding[90: BREWING_STAND]" time="0"/>
  <testcase classname="org.bukkit.PerMaterialTest" name="isRecord[90: BREWING_STAND]" time="0"/>
  <testcase classname="org.bukkit.PerMaterialTest" name="isFlammable[90: BREWING_STAND]" time="0"/>
  <testcase classname="org.bukkit.PerMaterialTest" name="testDurability[90: BREWING_STAND]" time="0"/>
  <testcase classname="org.bukkit.PerMaterialTest" name="testBlockHardness[90: BREWING_STAND]" time="0"/>
  <testcase classname="org.bukkit.PerMaterialTest" name="maxStackSize[90: BREWING_STAND]" time="0"/>
  <testcase classname="org.bukkit.PerMaterialTest" name="isTransparent[90: BREWING_STAND]" time="0.001"/>
  <testcase classname="org.bukkit.PerMaterialTest" name="testBlockDataCreation[90: BREWING_STAND]" time="0"/>
  <testcase classname="org.bukkit.PerMaterialTest" name="isBlock[90: BREWING_STAND]" time="0"/>
  <testcase classname="org.bukkit.PerMaterialTest" name="isSolid[90: BREWING_STAND]" time="0"/>
  <testcase classname="org.bukkit.PerMaterialTest" name="hasGravity[91: BRICK]" time="0"/>
  <testcase classname="org.bukkit.PerMaterialTest" name="isBurnable[91: BRICK]" time="0"/>
  <testcase classname="org.bukkit.PerMaterialTest" name="testInteractable[91: BRICK]" time="0"/>
  <testcase classname="org.bukkit.PerMaterialTest" name="testBlock[91: BRICK]" time="0"/>
  <testcase classname="org.bukkit.PerMaterialTest" name="isFuel[91: BRICK]" time="0.001"/>
  <testcase classname="org.bukkit.PerMaterialTest" name="testItem[91: BRICK]" time="0"/>
  <testcase classname="org.bukkit.PerMaterialTest" name="testBlastResistance[91: BRICK]" time="0"/>
  <testcase classname="org.bukkit.PerMaterialTest" name="isEdible[91: BRICK]" time="0"/>
  <testcase classname="org.bukkit.PerMaterialTest" name="maxDurability[91: BRICK]" time="0"/>
  <testcase classname="org.bukkit.PerMaterialTest" name="usesDurability[91: BRICK]" time="0"/>
  <testcase classname="org.bukkit.PerMaterialTest" name="isOccluding[91: BRICK]" time="0.001"/>
  <testcase classname="org.bukkit.PerMaterialTest" name="isRecord[91: BRICK]" time="0"/>
  <testcase classname="org.bukkit.PerMaterialTest" name="isFlammable[91: BRICK]" time="0"/>
  <testcase classname="org.bukkit.PerMaterialTest" name="testDurability[91: BRICK]" time="0"/>
  <testcase classname="org.bukkit.PerMaterialTest" name="testBlockHardness[91: BRICK]" time="0"/>
  <testcase classname="org.bukkit.PerMaterialTest" name="maxStackSize[91: BRICK]" time="0"/>
  <testcase classname="org.bukkit.PerMaterialTest" name="isTransparent[91: BRICK]" time="0"/>
  <testcase classname="org.bukkit.PerMaterialTest" name="testBlockDataCreation[91: BRICK]" time="0"/>
  <testcase classname="org.bukkit.PerMaterialTest" name="isBlock[91: BRICK]" time="0.001"/>
  <testcase classname="org.bukkit.PerMaterialTest" name="isSolid[91: BRICK]" time="0"/>
  <testcase classname="org.bukkit.PerMaterialTest" name="hasGravity[92: BRICKS]" time="0"/>
  <testcase classname="org.bukkit.PerMaterialTest" name="isBurnable[92: BRICKS]" time="0"/>
  <testcase classname="org.bukkit.PerMaterialTest" name="testInteractable[92: BRICKS]" time="0"/>
  <testcase classname="org.bukkit.PerMaterialTest" name="testBlock[92: BRICKS]" time="0"/>
  <testcase classname="org.bukkit.PerMaterialTest" name="isFuel[92: BRICKS]" time="0.001"/>
  <testcase classname="org.bukkit.PerMaterialTest" name="testItem[92: BRICKS]" time="0"/>
  <testcase classname="org.bukkit.PerMaterialTest" name="testBlastResistance[92: BRICKS]" time="0"/>
  <testcase classname="org.bukkit.PerMaterialTest" name="isEdible[92: BRICKS]" time="0"/>
  <testcase classname="org.bukkit.PerMaterialTest" name="maxDurability[92: BRICKS]" time="0"/>
  <testcase classname="org.bukkit.PerMaterialTest" name="usesDurability[92: BRICKS]" time="0"/>
  <testcase classname="org.bukkit.PerMaterialTest" name="isOccluding[92: BRICKS]" time="0"/>
  <testcase classname="org.bukkit.PerMaterialTest" name="isRecord[92: BRICKS]" time="0"/>
  <testcase classname="org.bukkit.PerMaterialTest" name="isFlammable[92: BRICKS]" time="0.001"/>
  <testcase classname="org.bukkit.PerMaterialTest" name="testDurability[92: BRICKS]" time="0"/>
  <testcase classname="org.bukkit.PerMaterialTest" name="testBlockHardness[92: BRICKS]" time="0"/>
  <testcase classname="org.bukkit.PerMaterialTest" name="maxStackSize[92: BRICKS]" time="0"/>
  <testcase classname="org.bukkit.PerMaterialTest" name="isTransparent[92: BRICKS]" time="0"/>
  <testcase classname="org.bukkit.PerMaterialTest" name="testBlockDataCreation[92: BRICKS]" time="0"/>
  <testcase classname="org.bukkit.PerMaterialTest" name="isBlock[92: BRICKS]" time="0"/>
  <testcase classname="org.bukkit.PerMaterialTest" name="isSolid[92: BRICKS]" time="0"/>
  <testcase classname="org.bukkit.PerMaterialTest" name="hasGravity[93: BRICK_SLAB]" time="0"/>
  <testcase classname="org.bukkit.PerMaterialTest" name="isBurnable[93: BRICK_SLAB]" time="0"/>
  <testcase classname="org.bukkit.PerMaterialTest" name="testInteractable[93: BRICK_SLAB]" time="0"/>
  <testcase classname="org.bukkit.PerMaterialTest" name="testBlock[93: BRICK_SLAB]" time="0"/>
  <testcase classname="org.bukkit.PerMaterialTest" name="isFuel[93: BRICK_SLAB]" time="0"/>
  <testcase classname="org.bukkit.PerMaterialTest" name="testItem[93: BRICK_SLAB]" time="0"/>
  <testcase classname="org.bukkit.PerMaterialTest" name="testBlastResistance[93: BRICK_SLAB]" time="0"/>
  <testcase classname="org.bukkit.PerMaterialTest" name="isEdible[93: BRICK_SLAB]" time="0"/>
  <testcase classname="org.bukkit.PerMaterialTest" name="maxDurability[93: BRICK_SLAB]" time="0"/>
  <testcase classname="org.bukkit.PerMaterialTest" name="usesDurability[93: BRICK_SLAB]" time="0"/>
  <testcase classname="org.bukkit.PerMaterialTest" name="isOccluding[93: BRICK_SLAB]" time="0"/>
  <testcase classname="org.bukkit.PerMaterialTest" name="isRecord[93: BRICK_SLAB]" time="0"/>
  <testcase classname="org.bukkit.PerMaterialTest" name="isFlammable[93: BRICK_SLAB]" time="0"/>
  <testcase classname="org.bukkit.PerMaterialTest" name="testDurability[93: BRICK_SLAB]" time="0"/>
  <testcase classname="org.bukkit.PerMaterialTest" name="testBlockHardness[93: BRICK_SLAB]" time="0"/>
  <testcase classname="org.bukkit.PerMaterialTest" name="maxStackSize[93: BRICK_SLAB]" time="0"/>
  <testcase classname="org.bukkit.PerMaterialTest" name="isTransparent[93: BRICK_SLAB]" time="0"/>
  <testcase classname="org.bukkit.PerMaterialTest" name="testBlockDataCreation[93: BRICK_SLAB]" time="0"/>
  <testcase classname="org.bukkit.PerMaterialTest" name="isBlock[93: BRICK_SLAB]" time="0"/>
  <testcase classname="org.bukkit.PerMaterialTest" name="isSolid[93: BRICK_SLAB]" time="0"/>
  <testcase classname="org.bukkit.PerMaterialTest" name="hasGravity[94: BRICK_STAIRS]" time="0.001"/>
  <testcase classname="org.bukkit.PerMaterialTest" name="isBurnable[94: BRICK_STAIRS]" time="0"/>
  <testcase classname="org.bukkit.PerMaterialTest" name="testInteractable[94: BRICK_STAIRS]" time="0"/>
  <testcase classname="org.bukkit.PerMaterialTest" name="testBlock[94: BRICK_STAIRS]" time="0"/>
  <testcase classname="org.bukkit.PerMaterialTest" name="isFuel[94: BRICK_STAIRS]" time="0"/>
  <testcase classname="org.bukkit.PerMaterialTest" name="testItem[94: BRICK_STAIRS]" time="0"/>
  <testcase classname="org.bukkit.PerMaterialTest" name="testBlastResistance[94: BRICK_STAIRS]" time="0.001"/>
  <testcase classname="org.bukkit.PerMaterialTest" name="isEdible[94: BRICK_STAIRS]" time="0"/>
  <testcase classname="org.bukkit.PerMaterialTest" name="maxDurability[94: BRICK_STAIRS]" time="0"/>
  <testcase classname="org.bukkit.PerMaterialTest" name="usesDurability[94: BRICK_STAIRS]" time="0"/>
  <testcase classname="org.bukkit.PerMaterialTest" name="isOccluding[94: BRICK_STAIRS]" time="0"/>
  <testcase classname="org.bukkit.PerMaterialTest" name="isRecord[94: BRICK_STAIRS]" time="0"/>
  <testcase classname="org.bukkit.PerMaterialTest" name="isFlammable[94: BRICK_STAIRS]" time="0"/>
  <testcase classname="org.bukkit.PerMaterialTest" name="testDurability[94: BRICK_STAIRS]" time="0"/>
  <testcase classname="org.bukkit.PerMaterialTest" name="testBlockHardness[94: BRICK_STAIRS]" time="0.001"/>
  <testcase classname="org.bukkit.PerMaterialTest" name="maxStackSize[94: BRICK_STAIRS]" time="0"/>
  <testcase classname="org.bukkit.PerMaterialTest" name="isTransparent[94: BRICK_STAIRS]" time="0"/>
  <testcase classname="org.bukkit.PerMaterialTest" name="testBlockDataCreation[94: BRICK_STAIRS]" time="0"/>
  <testcase classname="org.bukkit.PerMaterialTest" name="isBlock[94: BRICK_STAIRS]" time="0"/>
  <testcase classname="org.bukkit.PerMaterialTest" name="isSolid[94: BRICK_STAIRS]" time="0"/>
  <testcase classname="org.bukkit.PerMaterialTest" name="hasGravity[95: BROWN_BANNER]" time="0"/>
  <testcase classname="org.bukkit.PerMaterialTest" name="isBurnable[95: BROWN_BANNER]" time="0"/>
  <testcase classname="org.bukkit.PerMaterialTest" name="testInteractable[95: BROWN_BANNER]" time="0"/>
  <testcase classname="org.bukkit.PerMaterialTest" name="testBlock[95: BROWN_BANNER]" time="0"/>
  <testcase classname="org.bukkit.PerMaterialTest" name="isFuel[95: BROWN_BANNER]" time="0"/>
  <testcase classname="org.bukkit.PerMaterialTest" name="testItem[95: BROWN_BANNER]" time="0"/>
  <testcase classname="org.bukkit.PerMaterialTest" name="testBlastResistance[95: BROWN_BANNER]" time="0"/>
  <testcase classname="org.bukkit.PerMaterialTest" name="isEdible[95: BROWN_BANNER]" time="0"/>
  <testcase classname="org.bukkit.PerMaterialTest" name="maxDurability[95: BROWN_BANNER]" time="0"/>
  <testcase classname="org.bukkit.PerMaterialTest" name="usesDurability[95: BROWN_BANNER]" time="0"/>
  <testcase classname="org.bukkit.PerMaterialTest" name="isOccluding[95: BROWN_BANNER]" time="0"/>
  <testcase classname="org.bukkit.PerMaterialTest" name="isRecord[95: BROWN_BANNER]" time="0"/>
  <testcase classname="org.bukkit.PerMaterialTest" name="isFlammable[95: BROWN_BANNER]" time="0"/>
  <testcase classname="org.bukkit.PerMaterialTest" name="testDurability[95: BROWN_BANNER]" time="0"/>
  <testcase classname="org.bukkit.PerMaterialTest" name="testBlockHardness[95: BROWN_BANNER]" time="0"/>
  <testcase classname="org.bukkit.PerMaterialTest" name="maxStackSize[95: BROWN_BANNER]" time="0"/>
  <testcase classname="org.bukkit.PerMaterialTest" name="isTransparent[95: BROWN_BANNER]" time="0"/>
  <testcase classname="org.bukkit.PerMaterialTest" name="testBlockDataCreation[95: BROWN_BANNER]" time="0"/>
  <testcase classname="org.bukkit.PerMaterialTest" name="isBlock[95: BROWN_BANNER]" time="0"/>
  <testcase classname="org.bukkit.PerMaterialTest" name="isSolid[95: BROWN_BANNER]" time="0"/>
  <testcase classname="org.bukkit.PerMaterialTest" name="hasGravity[96: BROWN_BED]" time="0"/>
  <testcase classname="org.bukkit.PerMaterialTest" name="isBurnable[96: BROWN_BED]" time="0"/>
  <testcase classname="org.bukkit.PerMaterialTest" name="testInteractable[96: BROWN_BED]" time="0"/>
  <testcase classname="org.bukkit.PerMaterialTest" name="testBlock[96: BROWN_BED]" time="0"/>
  <testcase classname="org.bukkit.PerMaterialTest" name="isFuel[96: BROWN_BED]" time="0"/>
  <testcase classname="org.bukkit.PerMaterialTest" name="testItem[96: BROWN_BED]" time="0"/>
  <testcase classname="org.bukkit.PerMaterialTest" name="testBlastResistance[96: BROWN_BED]" time="0"/>
  <testcase classname="org.bukkit.PerMaterialTest" name="isEdible[96: BROWN_BED]" time="0"/>
  <testcase classname="org.bukkit.PerMaterialTest" name="maxDurability[96: BROWN_BED]" time="0"/>
  <testcase classname="org.bukkit.PerMaterialTest" name="usesDurability[96: BROWN_BED]" time="0"/>
  <testcase classname="org.bukkit.PerMaterialTest" name="isOccluding[96: BROWN_BED]" time="0"/>
  <testcase classname="org.bukkit.PerMaterialTest" name="isRecord[96: BROWN_BED]" time="0"/>
  <testcase classname="org.bukkit.PerMaterialTest" name="isFlammable[96: BROWN_BED]" time="0"/>
  <testcase classname="org.bukkit.PerMaterialTest" name="testDurability[96: BROWN_BED]" time="0"/>
  <testcase classname="org.bukkit.PerMaterialTest" name="testBlockHardness[96: BROWN_BED]" time="0"/>
  <testcase classname="org.bukkit.PerMaterialTest" name="maxStackSize[96: BROWN_BED]" time="0.001"/>
  <testcase classname="org.bukkit.PerMaterialTest" name="isTransparent[96: BROWN_BED]" time="0"/>
  <testcase classname="org.bukkit.PerMaterialTest" name="testBlockDataCreation[96: BROWN_BED]" time="0"/>
  <testcase classname="org.bukkit.PerMaterialTest" name="isBlock[96: BROWN_BED]" time="0"/>
  <testcase classname="org.bukkit.PerMaterialTest" name="isSolid[96: BROWN_BED]" time="0"/>
  <testcase classname="org.bukkit.PerMaterialTest" name="hasGravity[97: BROWN_CARPET]" time="0"/>
  <testcase classname="org.bukkit.PerMaterialTest" name="isBurnable[97: BROWN_CARPET]" time="0"/>
  <testcase classname="org.bukkit.PerMaterialTest" name="testInteractable[97: BROWN_CARPET]" time="0.001"/>
  <testcase classname="org.bukkit.PerMaterialTest" name="testBlock[97: BROWN_CARPET]" time="0"/>
  <testcase classname="org.bukkit.PerMaterialTest" name="isFuel[97: BROWN_CARPET]" time="0"/>
  <testcase classname="org.bukkit.PerMaterialTest" name="testItem[97: BROWN_CARPET]" time="0"/>
  <testcase classname="org.bukkit.PerMaterialTest" name="testBlastResistance[97: BROWN_CARPET]" time="0"/>
  <testcase classname="org.bukkit.PerMaterialTest" name="isEdible[97: BROWN_CARPET]" time="0"/>
  <testcase classname="org.bukkit.PerMaterialTest" name="maxDurability[97: BROWN_CARPET]" time="0"/>
  <testcase classname="org.bukkit.PerMaterialTest" name="usesDurability[97: BROWN_CARPET]" time="0"/>
  <testcase classname="org.bukkit.PerMaterialTest" name="isOccluding[97: BROWN_CARPET]" time="0"/>
  <testcase classname="org.bukkit.PerMaterialTest" name="isRecord[97: BROWN_CARPET]" time="0"/>
  <testcase classname="org.bukkit.PerMaterialTest" name="isFlammable[97: BROWN_CARPET]" time="0"/>
  <testcase classname="org.bukkit.PerMaterialTest" name="testDurability[97: BROWN_CARPET]" time="0"/>
  <testcase classname="org.bukkit.PerMaterialTest" name="testBlockHardness[97: BROWN_CARPET]" time="0"/>
  <testcase classname="org.bukkit.PerMaterialTest" name="maxStackSize[97: BROWN_CARPET]" time="0"/>
  <testcase classname="org.bukkit.PerMaterialTest" name="isTransparent[97: BROWN_CARPET]" time="0"/>
  <testcase classname="org.bukkit.PerMaterialTest" name="testBlockDataCreation[97: BROWN_CARPET]" time="0"/>
  <testcase classname="org.bukkit.PerMaterialTest" name="isBlock[97: BROWN_CARPET]" time="0"/>
  <testcase classname="org.bukkit.PerMaterialTest" name="isSolid[97: BROWN_CARPET]" time="0"/>
  <testcase classname="org.bukkit.PerMaterialTest" name="hasGravity[98: BROWN_CONCRETE]" time="0"/>
  <testcase classname="org.bukkit.PerMaterialTest" name="isBurnable[98: BROWN_CONCRETE]" time="0"/>
  <testcase classname="org.bukkit.PerMaterialTest" name="testInteractable[98: BROWN_CONCRETE]" time="0"/>
  <testcase classname="org.bukkit.PerMaterialTest" name="testBlock[98: BROWN_CONCRETE]" time="0"/>
  <testcase classname="org.bukkit.PerMaterialTest" name="isFuel[98: BROWN_CONCRETE]" time="0"/>
  <testcase classname="org.bukkit.PerMaterialTest" name="testItem[98: BROWN_CONCRETE]" time="0"/>
  <testcase classname="org.bukkit.PerMaterialTest" name="testBlastResistance[98: BROWN_CONCRETE]" time="0"/>
  <testcase classname="org.bukkit.PerMaterialTest" name="isEdible[98: BROWN_CONCRETE]" time="0"/>
  <testcase classname="org.bukkit.PerMaterialTest" name="maxDurability[98: BROWN_CONCRETE]" time="0"/>
  <testcase classname="org.bukkit.PerMaterialTest" name="usesDurability[98: BROWN_CONCRETE]" time="0"/>
  <testcase classname="org.bukkit.PerMaterialTest" name="isOccluding[98: BROWN_CONCRETE]" time="0"/>
  <testcase classname="org.bukkit.PerMaterialTest" name="isRecord[98: BROWN_CONCRETE]" time="0"/>
  <testcase classname="org.bukkit.PerMaterialTest" name="isFlammable[98: BROWN_CONCRETE]" time="0"/>
  <testcase classname="org.bukkit.PerMaterialTest" name="testDurability[98: BROWN_CONCRETE]" time="0"/>
  <testcase classname="org.bukkit.PerMaterialTest" name="testBlockHardness[98: BROWN_CONCRETE]" time="0"/>
  <testcase classname="org.bukkit.PerMaterialTest" name="maxStackSize[98: BROWN_CONCRETE]" time="0"/>
  <testcase classname="org.bukkit.PerMaterialTest" name="isTransparent[98: BROWN_CONCRETE]" time="0"/>
  <testcase classname="org.bukkit.PerMaterialTest" name="testBlockDataCreation[98: BROWN_CONCRETE]" time="0"/>
  <testcase classname="org.bukkit.PerMaterialTest" name="isBlock[98: BROWN_CONCRETE]" time="0"/>
  <testcase classname="org.bukkit.PerMaterialTest" name="isSolid[98: BROWN_CONCRETE]" time="0"/>
  <testcase classname="org.bukkit.PerMaterialTest" name="hasGravity[99: BROWN_CONCRETE_POWDER]" time="0"/>
  <testcase classname="org.bukkit.PerMaterialTest" name="isBurnable[99: BROWN_CONCRETE_POWDER]" time="0"/>
  <testcase classname="org.bukkit.PerMaterialTest" name="testInteractable[99: BROWN_CONCRETE_POWDER]" time="0"/>
  <testcase classname="org.bukkit.PerMaterialTest" name="testBlock[99: BROWN_CONCRETE_POWDER]" time="0"/>
  <testcase classname="org.bukkit.PerMaterialTest" name="isFuel[99: BROWN_CONCRETE_POWDER]" time="0.001"/>
  <testcase classname="org.bukkit.PerMaterialTest" name="testItem[99: BROWN_CONCRETE_POWDER]" time="0"/>
  <testcase classname="org.bukkit.PerMaterialTest" name="testBlastResistance[99: BROWN_CONCRETE_POWDER]" time="0"/>
  <testcase classname="org.bukkit.PerMaterialTest" name="isEdible[99: BROWN_CONCRETE_POWDER]" time="0"/>
  <testcase classname="org.bukkit.PerMaterialTest" name="maxDurability[99: BROWN_CONCRETE_POWDER]" time="0"/>
  <testcase classname="org.bukkit.PerMaterialTest" name="usesDurability[99: BROWN_CONCRETE_POWDER]" time="0"/>
  <testcase classname="org.bukkit.PerMaterialTest" name="isOccluding[99: BROWN_CONCRETE_POWDER]" time="0"/>
  <testcase classname="org.bukkit.PerMaterialTest" name="isRecord[99: BROWN_CONCRETE_POWDER]" time="0"/>
  <testcase classname="org.bukkit.PerMaterialTest" name="isFlammable[99: BROWN_CONCRETE_POWDER]" time="0"/>
  <testcase classname="org.bukkit.PerMaterialTest" name="testDurability[99: BROWN_CONCRETE_POWDER]" time="0"/>
  <testcase classname="org.bukkit.PerMaterialTest" name="testBlockHardness[99: BROWN_CONCRETE_POWDER]" time="0"/>
  <testcase classname="org.bukkit.PerMaterialTest" name="maxStackSize[99: BROWN_CONCRETE_POWDER]" time="0.001"/>
  <testcase classname="org.bukkit.PerMaterialTest" name="isTransparent[99: BROWN_CONCRETE_POWDER]" time="0"/>
  <testcase classname="org.bukkit.PerMaterialTest" name="testBlockDataCreation[99: BROWN_CONCRETE_POWDER]" time="0"/>
  <testcase classname="org.bukkit.PerMaterialTest" name="isBlock[99: BROWN_CONCRETE_POWDER]" time="0"/>
  <testcase classname="org.bukkit.PerMaterialTest" name="isSolid[99: BROWN_CONCRETE_POWDER]" time="0"/>
  <testcase classname="org.bukkit.PerMaterialTest" name="hasGravity[100: BROWN_GLAZED_TERRACOTTA]" time="0"/>
  <testcase classname="org.bukkit.PerMaterialTest" name="isBurnable[100: BROWN_GLAZED_TERRACOTTA]" time="0"/>
  <testcase classname="org.bukkit.PerMaterialTest" name="testInteractable[100: BROWN_GLAZED_TERRACOTTA]" time="0"/>
  <testcase classname="org.bukkit.PerMaterialTest" name="testBlock[100: BROWN_GLAZED_TERRACOTTA]" time="0"/>
  <testcase classname="org.bukkit.PerMaterialTest" name="isFuel[100: BROWN_GLAZED_TERRACOTTA]" time="0"/>
  <testcase classname="org.bukkit.PerMaterialTest" name="testItem[100: BROWN_GLAZED_TERRACOTTA]" time="0"/>
  <testcase classname="org.bukkit.PerMaterialTest" name="testBlastResistance[100: BROWN_GLAZED_TERRACOTTA]" time="0"/>
  <testcase classname="org.bukkit.PerMaterialTest" name="isEdible[100: BROWN_GLAZED_TERRACOTTA]" time="0"/>
  <testcase classname="org.bukkit.PerMaterialTest" name="maxDurability[100: BROWN_GLAZED_TERRACOTTA]" time="0"/>
  <testcase classname="org.bukkit.PerMaterialTest" name="usesDurability[100: BROWN_GLAZED_TERRACOTTA]" time="0"/>
  <testcase classname="org.bukkit.PerMaterialTest" name="isOccluding[100: BROWN_GLAZED_TERRACOTTA]" time="0"/>
  <testcase classname="org.bukkit.PerMaterialTest" name="isRecord[100: BROWN_GLAZED_TERRACOTTA]" time="0"/>
  <testcase classname="org.bukkit.PerMaterialTest" name="isFlammable[100: BROWN_GLAZED_TERRACOTTA]" time="0"/>
  <testcase classname="org.bukkit.PerMaterialTest" name="testDurability[100: BROWN_GLAZED_TERRACOTTA]" time="0"/>
  <testcase classname="org.bukkit.PerMaterialTest" name="testBlockHardness[100: BROWN_GLAZED_TERRACOTTA]" time="0"/>
  <testcase classname="org.bukkit.PerMaterialTest" name="maxStackSize[100: BROWN_GLAZED_TERRACOTTA]" time="0.001"/>
  <testcase classname="org.bukkit.PerMaterialTest" name="isTransparent[100: BROWN_GLAZED_TERRACOTTA]" time="0"/>
  <testcase classname="org.bukkit.PerMaterialTest" name="testBlockDataCreation[100: BROWN_GLAZED_TERRACOTTA]" time="0"/>
  <testcase classname="org.bukkit.PerMaterialTest" name="isBlock[100: BROWN_GLAZED_TERRACOTTA]" time="0"/>
  <testcase classname="org.bukkit.PerMaterialTest" name="isSolid[100: BROWN_GLAZED_TERRACOTTA]" time="0"/>
  <testcase classname="org.bukkit.PerMaterialTest" name="hasGravity[101: BROWN_MUSHROOM]" time="0"/>
  <testcase classname="org.bukkit.PerMaterialTest" name="isBurnable[101: BROWN_MUSHROOM]" time="0"/>
  <testcase classname="org.bukkit.PerMaterialTest" name="testInteractable[101: BROWN_MUSHROOM]" time="0"/>
  <testcase classname="org.bukkit.PerMaterialTest" name="testBlock[101: BROWN_MUSHROOM]" time="0"/>
  <testcase classname="org.bukkit.PerMaterialTest" name="isFuel[101: BROWN_MUSHROOM]" time="0"/>
  <testcase classname="org.bukkit.PerMaterialTest" name="testItem[101: BROWN_MUSHROOM]" time="0"/>
  <testcase classname="org.bukkit.PerMaterialTest" name="testBlastResistance[101: BROWN_MUSHROOM]" time="0.001"/>
  <testcase classname="org.bukkit.PerMaterialTest" name="isEdible[101: BROWN_MUSHROOM]" time="0"/>
  <testcase classname="org.bukkit.PerMaterialTest" name="maxDurability[101: BROWN_MUSHROOM]" time="0"/>
  <testcase classname="org.bukkit.PerMaterialTest" name="usesDurability[101: BROWN_MUSHROOM]" time="0"/>
  <testcase classname="org.bukkit.PerMaterialTest" name="isOccluding[101: BROWN_MUSHROOM]" time="0"/>
  <testcase classname="org.bukkit.PerMaterialTest" name="isRecord[101: BROWN_MUSHROOM]" time="0"/>
  <testcase classname="org.bukkit.PerMaterialTest" name="isFlammable[101: BROWN_MUSHROOM]" time="0"/>
  <testcase classname="org.bukkit.PerMaterialTest" name="testDurability[101: BROWN_MUSHROOM]" time="0"/>
  <testcase classname="org.bukkit.PerMaterialTest" name="testBlockHardness[101: BROWN_MUSHROOM]" time="0"/>
  <testcase classname="org.bukkit.PerMaterialTest" name="maxStackSize[101: BROWN_MUSHROOM]" time="0"/>
  <testcase classname="org.bukkit.PerMaterialTest" name="isTransparent[101: BROWN_MUSHROOM]" time="0"/>
  <testcase classname="org.bukkit.PerMaterialTest" name="testBlockDataCreation[101: BROWN_MUSHROOM]" time="0"/>
  <testcase classname="org.bukkit.PerMaterialTest" name="isBlock[101: BROWN_MUSHROOM]" time="0"/>
  <testcase classname="org.bukkit.PerMaterialTest" name="isSolid[101: BROWN_MUSHROOM]" time="0"/>
  <testcase classname="org.bukkit.PerMaterialTest" name="hasGravity[102: BROWN_MUSHROOM_BLOCK]" time="0.001"/>
  <testcase classname="org.bukkit.PerMaterialTest" name="isBurnable[102: BROWN_MUSHROOM_BLOCK]" time="0"/>
  <testcase classname="org.bukkit.PerMaterialTest" name="testInteractable[102: BROWN_MUSHROOM_BLOCK]" time="0"/>
  <testcase classname="org.bukkit.PerMaterialTest" name="testBlock[102: BROWN_MUSHROOM_BLOCK]" time="0"/>
  <testcase classname="org.bukkit.PerMaterialTest" name="isFuel[102: BROWN_MUSHROOM_BLOCK]" time="0"/>
  <testcase classname="org.bukkit.PerMaterialTest" name="testItem[102: BROWN_MUSHROOM_BLOCK]" time="0"/>
  <testcase classname="org.bukkit.PerMaterialTest" name="testBlastResistance[102: BROWN_MUSHROOM_BLOCK]" time="0"/>
  <testcase classname="org.bukkit.PerMaterialTest" name="isEdible[102: BROWN_MUSHROOM_BLOCK]" time="0"/>
  <testcase classname="org.bukkit.PerMaterialTest" name="maxDurability[102: BROWN_MUSHROOM_BLOCK]" time="0"/>
  <testcase classname="org.bukkit.PerMaterialTest" name="usesDurability[102: BROWN_MUSHROOM_BLOCK]" time="0"/>
  <testcase classname="org.bukkit.PerMaterialTest" name="isOccluding[102: BROWN_MUSHROOM_BLOCK]" time="0"/>
  <testcase classname="org.bukkit.PerMaterialTest" name="isRecord[102: BROWN_MUSHROOM_BLOCK]" time="0"/>
  <testcase classname="org.bukkit.PerMaterialTest" name="isFlammable[102: BROWN_MUSHROOM_BLOCK]" time="0.001"/>
  <testcase classname="org.bukkit.PerMaterialTest" name="testDurability[102: BROWN_MUSHROOM_BLOCK]" time="0"/>
  <testcase classname="org.bukkit.PerMaterialTest" name="testBlockHardness[102: BROWN_MUSHROOM_BLOCK]" time="0"/>
  <testcase classname="org.bukkit.PerMaterialTest" name="maxStackSize[102: BROWN_MUSHROOM_BLOCK]" time="0"/>
  <testcase classname="org.bukkit.PerMaterialTest" name="isTransparent[102: BROWN_MUSHROOM_BLOCK]" time="0"/>
  <testcase classname="org.bukkit.PerMaterialTest" name="testBlockDataCreation[102: BROWN_MUSHROOM_BLOCK]" time="0"/>
  <testcase classname="org.bukkit.PerMaterialTest" name="isBlock[102: BROWN_MUSHROOM_BLOCK]" time="0"/>
  <testcase classname="org.bukkit.PerMaterialTest" name="isSolid[102: BROWN_MUSHROOM_BLOCK]" time="0.001"/>
  <testcase classname="org.bukkit.PerMaterialTest" name="hasGravity[103: BROWN_SHULKER_BOX]" time="0"/>
  <testcase classname="org.bukkit.PerMaterialTest" name="isBurnable[103: BROWN_SHULKER_BOX]" time="0"/>
  <testcase classname="org.bukkit.PerMaterialTest" name="testInteractable[103: BROWN_SHULKER_BOX]" time="0"/>
  <testcase classname="org.bukkit.PerMaterialTest" name="testBlock[103: BROWN_SHULKER_BOX]" time="0"/>
  <testcase classname="org.bukkit.PerMaterialTest" name="isFuel[103: BROWN_SHULKER_BOX]" time="0"/>
  <testcase classname="org.bukkit.PerMaterialTest" name="testItem[103: BROWN_SHULKER_BOX]" time="0"/>
  <testcase classname="org.bukkit.PerMaterialTest" name="testBlastResistance[103: BROWN_SHULKER_BOX]" time="0"/>
  <testcase classname="org.bukkit.PerMaterialTest" name="isEdible[103: BROWN_SHULKER_BOX]" time="0"/>
  <testcase classname="org.bukkit.PerMaterialTest" name="maxDurability[103: BROWN_SHULKER_BOX]" time="0"/>
  <testcase classname="org.bukkit.PerMaterialTest" name="usesDurability[103: BROWN_SHULKER_BOX]" time="0"/>
  <testcase classname="org.bukkit.PerMaterialTest" name="isOccluding[103: BROWN_SHULKER_BOX]" time="0"/>
  <testcase classname="org.bukkit.PerMaterialTest" name="isRecord[103: BROWN_SHULKER_BOX]" time="0"/>
  <testcase classname="org.bukkit.PerMaterialTest" name="isFlammable[103: BROWN_SHULKER_BOX]" time="0"/>
  <testcase classname="org.bukkit.PerMaterialTest" name="testDurability[103: BROWN_SHULKER_BOX]" time="0"/>
  <testcase classname="org.bukkit.PerMaterialTest" name="testBlockHardness[103: BROWN_SHULKER_BOX]" time="0"/>
  <testcase classname="org.bukkit.PerMaterialTest" name="maxStackSize[103: BROWN_SHULKER_BOX]" time="0"/>
  <testcase classname="org.bukkit.PerMaterialTest" name="isTransparent[103: BROWN_SHULKER_BOX]" time="0"/>
  <testcase classname="org.bukkit.PerMaterialTest" name="testBlockDataCreation[103: BROWN_SHULKER_BOX]" time="0"/>
  <testcase classname="org.bukkit.PerMaterialTest" name="isBlock[103: BROWN_SHULKER_BOX]" time="0"/>
  <testcase classname="org.bukkit.PerMaterialTest" name="isSolid[103: BROWN_SHULKER_BOX]" time="0"/>
  <testcase classname="org.bukkit.PerMaterialTest" name="hasGravity[104: BROWN_STAINED_GLASS]" time="0"/>
  <testcase classname="org.bukkit.PerMaterialTest" name="isBurnable[104: BROWN_STAINED_GLASS]" time="0"/>
  <testcase classname="org.bukkit.PerMaterialTest" name="testInteractable[104: BROWN_STAINED_GLASS]" time="0"/>
  <testcase classname="org.bukkit.PerMaterialTest" name="testBlock[104: BROWN_STAINED_GLASS]" time="0"/>
  <testcase classname="org.bukkit.PerMaterialTest" name="isFuel[104: BROWN_STAINED_GLASS]" time="0"/>
  <testcase classname="org.bukkit.PerMaterialTest" name="testItem[104: BROWN_STAINED_GLASS]" time="0.001"/>
  <testcase classname="org.bukkit.PerMaterialTest" name="testBlastResistance[104: BROWN_STAINED_GLASS]" time="0"/>
  <testcase classname="org.bukkit.PerMaterialTest" name="isEdible[104: BROWN_STAINED_GLASS]" time="0"/>
  <testcase classname="org.bukkit.PerMaterialTest" name="maxDurability[104: BROWN_STAINED_GLASS]" time="0"/>
  <testcase classname="org.bukkit.PerMaterialTest" name="usesDurability[104: BROWN_STAINED_GLASS]" time="0"/>
  <testcase classname="org.bukkit.PerMaterialTest" name="isOccluding[104: BROWN_STAINED_GLASS]" time="0"/>
  <testcase classname="org.bukkit.PerMaterialTest" name="isRecord[104: BROWN_STAINED_GLASS]" time="0"/>
  <testcase classname="org.bukkit.PerMaterialTest" name="isFlammable[104: BROWN_STAINED_GLASS]" time="0"/>
  <testcase classname="org.bukkit.PerMaterialTest" name="testDurability[104: BROWN_STAINED_GLASS]" time="0"/>
  <testcase classname="org.bukkit.PerMaterialTest" name="testBlockHardness[104: BROWN_STAINED_GLASS]" time="0"/>
  <testcase classname="org.bukkit.PerMaterialTest" name="maxStackSize[104: BROWN_STAINED_GLASS]" time="0"/>
  <testcase classname="org.bukkit.PerMaterialTest" name="isTransparent[104: BROWN_STAINED_GLASS]" time="0"/>
  <testcase classname="org.bukkit.PerMaterialTest" name="testBlockDataCreation[104: BROWN_STAINED_GLASS]" time="0"/>
  <testcase classname="org.bukkit.PerMaterialTest" name="isBlock[104: BROWN_STAINED_GLASS]" time="0"/>
  <testcase classname="org.bukkit.PerMaterialTest" name="isSolid[104: BROWN_STAINED_GLASS]" time="0"/>
  <testcase classname="org.bukkit.PerMaterialTest" name="hasGravity[105: BROWN_STAINED_GLASS_PANE]" time="0"/>
  <testcase classname="org.bukkit.PerMaterialTest" name="isBurnable[105: BROWN_STAINED_GLASS_PANE]" time="0"/>
  <testcase classname="org.bukkit.PerMaterialTest" name="testInteractable[105: BROWN_STAINED_GLASS_PANE]" time="0"/>
  <testcase classname="org.bukkit.PerMaterialTest" name="testBlock[105: BROWN_STAINED_GLASS_PANE]" time="0"/>
  <testcase classname="org.bukkit.PerMaterialTest" name="isFuel[105: BROWN_STAINED_GLASS_PANE]" time="0"/>
  <testcase classname="org.bukkit.PerMaterialTest" name="testItem[105: BROWN_STAINED_GLASS_PANE]" time="0.001"/>
  <testcase classname="org.bukkit.PerMaterialTest" name="testBlastResistance[105: BROWN_STAINED_GLASS_PANE]" time="0"/>
  <testcase classname="org.bukkit.PerMaterialTest" name="isEdible[105: BROWN_STAINED_GLASS_PANE]" time="0"/>
  <testcase classname="org.bukkit.PerMaterialTest" name="maxDurability[105: BROWN_STAINED_GLASS_PANE]" time="0"/>
  <testcase classname="org.bukkit.PerMaterialTest" name="usesDurability[105: BROWN_STAINED_GLASS_PANE]" time="0"/>
  <testcase classname="org.bukkit.PerMaterialTest" name="isOccluding[105: BROWN_STAINED_GLASS_PANE]" time="0"/>
  <testcase classname="org.bukkit.PerMaterialTest" name="isRecord[105: BROWN_STAINED_GLASS_PANE]" time="0"/>
  <testcase classname="org.bukkit.PerMaterialTest" name="isFlammable[105: BROWN_STAINED_GLASS_PANE]" time="0"/>
  <testcase classname="org.bukkit.PerMaterialTest" name="testDurability[105: BROWN_STAINED_GLASS_PANE]" time="0"/>
  <testcase classname="org.bukkit.PerMaterialTest" name="testBlockHardness[105: BROWN_STAINED_GLASS_PANE]" time="0"/>
  <testcase classname="org.bukkit.PerMaterialTest" name="maxStackSize[105: BROWN_STAINED_GLASS_PANE]" time="0"/>
  <testcase classname="org.bukkit.PerMaterialTest" name="isTransparent[105: BROWN_STAINED_GLASS_PANE]" time="0"/>
  <testcase classname="org.bukkit.PerMaterialTest" name="testBlockDataCreation[105: BROWN_STAINED_GLASS_PANE]" time="0"/>
  <testcase classname="org.bukkit.PerMaterialTest" name="isBlock[105: BROWN_STAINED_GLASS_PANE]" time="0"/>
  <testcase classname="org.bukkit.PerMaterialTest" name="isSolid[105: BROWN_STAINED_GLASS_PANE]" time="0.001"/>
  <testcase classname="org.bukkit.PerMaterialTest" name="hasGravity[106: BROWN_TERRACOTTA]" time="0"/>
  <testcase classname="org.bukkit.PerMaterialTest" name="isBurnable[106: BROWN_TERRACOTTA]" time="0"/>
  <testcase classname="org.bukkit.PerMaterialTest" name="testInteractable[106: BROWN_TERRACOTTA]" time="0"/>
  <testcase classname="org.bukkit.PerMaterialTest" name="testBlock[106: BROWN_TERRACOTTA]" time="0"/>
  <testcase classname="org.bukkit.PerMaterialTest" name="isFuel[106: BROWN_TERRACOTTA]" time="0"/>
  <testcase classname="org.bukkit.PerMaterialTest" name="testItem[106: BROWN_TERRACOTTA]" time="0.001"/>
  <testcase classname="org.bukkit.PerMaterialTest" name="testBlastResistance[106: BROWN_TERRACOTTA]" time="0"/>
  <testcase classname="org.bukkit.PerMaterialTest" name="isEdible[106: BROWN_TERRACOTTA]" time="0"/>
  <testcase classname="org.bukkit.PerMaterialTest" name="maxDurability[106: BROWN_TERRACOTTA]" time="0"/>
  <testcase classname="org.bukkit.PerMaterialTest" name="usesDurability[106: BROWN_TERRACOTTA]" time="0"/>
  <testcase classname="org.bukkit.PerMaterialTest" name="isOccluding[106: BROWN_TERRACOTTA]" time="0"/>
  <testcase classname="org.bukkit.PerMaterialTest" name="isRecord[106: BROWN_TERRACOTTA]" time="0"/>
  <testcase classname="org.bukkit.PerMaterialTest" name="isFlammable[106: BROWN_TERRACOTTA]" time="0"/>
  <testcase classname="org.bukkit.PerMaterialTest" name="testDurability[106: BROWN_TERRACOTTA]" time="0.001"/>
  <testcase classname="org.bukkit.PerMaterialTest" name="testBlockHardness[106: BROWN_TERRACOTTA]" time="0"/>
  <testcase classname="org.bukkit.PerMaterialTest" name="maxStackSize[106: BROWN_TERRACOTTA]" time="0"/>
  <testcase classname="org.bukkit.PerMaterialTest" name="isTransparent[106: BROWN_TERRACOTTA]" time="0"/>
  <testcase classname="org.bukkit.PerMaterialTest" name="testBlockDataCreation[106: BROWN_TERRACOTTA]" time="0"/>
  <testcase classname="org.bukkit.PerMaterialTest" name="isBlock[106: BROWN_TERRACOTTA]" time="0"/>
  <testcase classname="org.bukkit.PerMaterialTest" name="isSolid[106: BROWN_TERRACOTTA]" time="0"/>
  <testcase classname="org.bukkit.PerMaterialTest" name="hasGravity[107: BROWN_WALL_BANNER]" time="0"/>
  <testcase classname="org.bukkit.PerMaterialTest" name="isBurnable[107: BROWN_WALL_BANNER]" time="0"/>
  <testcase classname="org.bukkit.PerMaterialTest" name="testInteractable[107: BROWN_WALL_BANNER]" time="0"/>
  <testcase classname="org.bukkit.PerMaterialTest" name="testBlock[107: BROWN_WALL_BANNER]" time="0"/>
  <testcase classname="org.bukkit.PerMaterialTest" name="isFuel[107: BROWN_WALL_BANNER]" time="0"/>
  <testcase classname="org.bukkit.PerMaterialTest" name="testItem[107: BROWN_WALL_BANNER]" time="0.001"/>
  <testcase classname="org.bukkit.PerMaterialTest" name="testBlastResistance[107: BROWN_WALL_BANNER]" time="0"/>
  <testcase classname="org.bukkit.PerMaterialTest" name="isEdible[107: BROWN_WALL_BANNER]" time="0"/>
  <testcase classname="org.bukkit.PerMaterialTest" name="maxDurability[107: BROWN_WALL_BANNER]" time="0"/>
  <testcase classname="org.bukkit.PerMaterialTest" name="usesDurability[107: BROWN_WALL_BANNER]" time="0"/>
  <testcase classname="org.bukkit.PerMaterialTest" name="isOccluding[107: BROWN_WALL_BANNER]" time="0"/>
  <testcase classname="org.bukkit.PerMaterialTest" name="isRecord[107: BROWN_WALL_BANNER]" time="0"/>
  <testcase classname="org.bukkit.PerMaterialTest" name="isFlammable[107: BROWN_WALL_BANNER]" time="0"/>
  <testcase classname="org.bukkit.PerMaterialTest" name="testDurability[107: BROWN_WALL_BANNER]" time="0.001"/>
  <testcase classname="org.bukkit.PerMaterialTest" name="testBlockHardness[107: BROWN_WALL_BANNER]" time="0"/>
  <testcase classname="org.bukkit.PerMaterialTest" name="maxStackSize[107: BROWN_WALL_BANNER]" time="0"/>
  <testcase classname="org.bukkit.PerMaterialTest" name="isTransparent[107: BROWN_WALL_BANNER]" time="0"/>
  <testcase classname="org.bukkit.PerMaterialTest" name="testBlockDataCreation[107: BROWN_WALL_BANNER]" time="0"/>
  <testcase classname="org.bukkit.PerMaterialTest" name="isBlock[107: BROWN_WALL_BANNER]" time="0"/>
  <testcase classname="org.bukkit.PerMaterialTest" name="isSolid[107: BROWN_WALL_BANNER]" time="0"/>
  <testcase classname="org.bukkit.PerMaterialTest" name="hasGravity[108: BROWN_WOOL]" time="0"/>
  <testcase classname="org.bukkit.PerMaterialTest" name="isBurnable[108: BROWN_WOOL]" time="0"/>
  <testcase classname="org.bukkit.PerMaterialTest" name="testInteractable[108: BROWN_WOOL]" time="0"/>
  <testcase classname="org.bukkit.PerMaterialTest" name="testBlock[108: BROWN_WOOL]" time="0"/>
  <testcase classname="org.bukkit.PerMaterialTest" name="isFuel[108: BROWN_WOOL]" time="0"/>
  <testcase classname="org.bukkit.PerMaterialTest" name="testItem[108: BROWN_WOOL]" time="0"/>
  <testcase classname="org.bukkit.PerMaterialTest" name="testBlastResistance[108: BROWN_WOOL]" time="0.001"/>
  <testcase classname="org.bukkit.PerMaterialTest" name="isEdible[108: BROWN_WOOL]" time="0"/>
  <testcase classname="org.bukkit.PerMaterialTest" name="maxDurability[108: BROWN_WOOL]" time="0"/>
  <testcase classname="org.bukkit.PerMaterialTest" name="usesDurability[108: BROWN_WOOL]" time="0"/>
  <testcase classname="org.bukkit.PerMaterialTest" name="isOccluding[108: BROWN_WOOL]" time="0"/>
  <testcase classname="org.bukkit.PerMaterialTest" name="isRecord[108: BROWN_WOOL]" time="0"/>
  <testcase classname="org.bukkit.PerMaterialTest" name="isFlammable[108: BROWN_WOOL]" time="0"/>
  <testcase classname="org.bukkit.PerMaterialTest" name="testDurability[108: BROWN_WOOL]" time="0"/>
  <testcase classname="org.bukkit.PerMaterialTest" name="testBlockHardness[108: BROWN_WOOL]" time="0.001"/>
  <testcase classname="org.bukkit.PerMaterialTest" name="maxStackSize[108: BROWN_WOOL]" time="0"/>
  <testcase classname="org.bukkit.PerMaterialTest" name="isTransparent[108: BROWN_WOOL]" time="0"/>
  <testcase classname="org.bukkit.PerMaterialTest" name="testBlockDataCreation[108: BROWN_WOOL]" time="0"/>
  <testcase classname="org.bukkit.PerMaterialTest" name="isBlock[108: BROWN_WOOL]" time="0"/>
  <testcase classname="org.bukkit.PerMaterialTest" name="isSolid[108: BROWN_WOOL]" time="0"/>
  <testcase classname="org.bukkit.PerMaterialTest" name="hasGravity[109: BUBBLE_COLUMN]" time="0"/>
  <testcase classname="org.bukkit.PerMaterialTest" name="isBurnable[109: BUBBLE_COLUMN]" time="0"/>
  <testcase classname="org.bukkit.PerMaterialTest" name="testInteractable[109: BUBBLE_COLUMN]" time="0"/>
  <testcase classname="org.bukkit.PerMaterialTest" name="testBlock[109: BUBBLE_COLUMN]" time="0"/>
  <testcase classname="org.bukkit.PerMaterialTest" name="isFuel[109: BUBBLE_COLUMN]" time="0"/>
  <testcase classname="org.bukkit.PerMaterialTest" name="testItem[109: BUBBLE_COLUMN]" time="0"/>
  <testcase classname="org.bukkit.PerMaterialTest" name="testBlastResistance[109: BUBBLE_COLUMN]" time="0"/>
  <testcase classname="org.bukkit.PerMaterialTest" name="isEdible[109: BUBBLE_COLUMN]" time="0"/>
  <testcase classname="org.bukkit.PerMaterialTest" name="maxDurability[109: BUBBLE_COLUMN]" time="0"/>
  <testcase classname="org.bukkit.PerMaterialTest" name="usesDurability[109: BUBBLE_COLUMN]" time="0"/>
  <testcase classname="org.bukkit.PerMaterialTest" name="isOccluding[109: BUBBLE_COLUMN]" time="0"/>
  <testcase classname="org.bukkit.PerMaterialTest" name="isRecord[109: BUBBLE_COLUMN]" time="0"/>
  <testcase classname="org.bukkit.PerMaterialTest" name="isFlammable[109: BUBBLE_COLUMN]" time="0"/>
  <testcase classname="org.bukkit.PerMaterialTest" name="testDurability[109: BUBBLE_COLUMN]" time="0"/>
  <testcase classname="org.bukkit.PerMaterialTest" name="testBlockHardness[109: BUBBLE_COLUMN]" time="0"/>
  <testcase classname="org.bukkit.PerMaterialTest" name="maxStackSize[109: BUBBLE_COLUMN]" time="0"/>
  <testcase classname="org.bukkit.PerMaterialTest" name="isTransparent[109: BUBBLE_COLUMN]" time="0"/>
  <testcase classname="org.bukkit.PerMaterialTest" name="testBlockDataCreation[109: BUBBLE_COLUMN]" time="0"/>
  <testcase classname="org.bukkit.PerMaterialTest" name="isBlock[109: BUBBLE_COLUMN]" time="0"/>
  <testcase classname="org.bukkit.PerMaterialTest" name="isSolid[109: BUBBLE_COLUMN]" time="0"/>
  <testcase classname="org.bukkit.PerMaterialTest" name="hasGravity[110: BUBBLE_CORAL]" time="0.001"/>
  <testcase classname="org.bukkit.PerMaterialTest" name="isBurnable[110: BUBBLE_CORAL]" time="0"/>
  <testcase classname="org.bukkit.PerMaterialTest" name="testInteractable[110: BUBBLE_CORAL]" time="0"/>
  <testcase classname="org.bukkit.PerMaterialTest" name="testBlock[110: BUBBLE_CORAL]" time="0"/>
  <testcase classname="org.bukkit.PerMaterialTest" name="isFuel[110: BUBBLE_CORAL]" time="0"/>
  <testcase classname="org.bukkit.PerMaterialTest" name="testItem[110: BUBBLE_CORAL]" time="0"/>
  <testcase classname="org.bukkit.PerMaterialTest" name="testBlastResistance[110: BUBBLE_CORAL]" time="0.001"/>
  <testcase classname="org.bukkit.PerMaterialTest" name="isEdible[110: BUBBLE_CORAL]" time="0"/>
  <testcase classname="org.bukkit.PerMaterialTest" name="maxDurability[110: BUBBLE_CORAL]" time="0"/>
  <testcase classname="org.bukkit.PerMaterialTest" name="usesDurability[110: BUBBLE_CORAL]" time="0"/>
  <testcase classname="org.bukkit.PerMaterialTest" name="isOccluding[110: BUBBLE_CORAL]" time="0"/>
  <testcase classname="org.bukkit.PerMaterialTest" name="isRecord[110: BUBBLE_CORAL]" time="0"/>
  <testcase classname="org.bukkit.PerMaterialTest" name="isFlammable[110: BUBBLE_CORAL]" time="0"/>
  <testcase classname="org.bukkit.PerMaterialTest" name="testDurability[110: BUBBLE_CORAL]" time="0"/>
  <testcase classname="org.bukkit.PerMaterialTest" name="testBlockHardness[110: BUBBLE_CORAL]" time="0.001"/>
  <testcase classname="org.bukkit.PerMaterialTest" name="maxStackSize[110: BUBBLE_CORAL]" time="0"/>
  <testcase classname="org.bukkit.PerMaterialTest" name="isTransparent[110: BUBBLE_CORAL]" time="0"/>
  <testcase classname="org.bukkit.PerMaterialTest" name="testBlockDataCreation[110: BUBBLE_CORAL]" time="0"/>
  <testcase classname="org.bukkit.PerMaterialTest" name="isBlock[110: BUBBLE_CORAL]" time="0"/>
  <testcase classname="org.bukkit.PerMaterialTest" name="isSolid[110: BUBBLE_CORAL]" time="0"/>
  <testcase classname="org.bukkit.PerMaterialTest" name="hasGravity[111: BUBBLE_CORAL_BLOCK]" time="0"/>
  <testcase classname="org.bukkit.PerMaterialTest" name="isBurnable[111: BUBBLE_CORAL_BLOCK]" time="0.001"/>
  <testcase classname="org.bukkit.PerMaterialTest" name="testInteractable[111: BUBBLE_CORAL_BLOCK]" time="0"/>
  <testcase classname="org.bukkit.PerMaterialTest" name="testBlock[111: BUBBLE_CORAL_BLOCK]" time="0"/>
  <testcase classname="org.bukkit.PerMaterialTest" name="isFuel[111: BUBBLE_CORAL_BLOCK]" time="0"/>
  <testcase classname="org.bukkit.PerMaterialTest" name="testItem[111: BUBBLE_CORAL_BLOCK]" time="0"/>
  <testcase classname="org.bukkit.PerMaterialTest" name="testBlastResistance[111: BUBBLE_CORAL_BLOCK]" time="0"/>
  <testcase classname="org.bukkit.PerMaterialTest" name="isEdible[111: BUBBLE_CORAL_BLOCK]" time="0"/>
  <testcase classname="org.bukkit.PerMaterialTest" name="maxDurability[111: BUBBLE_CORAL_BLOCK]" time="0"/>
  <testcase classname="org.bukkit.PerMaterialTest" name="usesDurability[111: BUBBLE_CORAL_BLOCK]" time="0"/>
  <testcase classname="org.bukkit.PerMaterialTest" name="isOccluding[111: BUBBLE_CORAL_BLOCK]" time="0"/>
  <testcase classname="org.bukkit.PerMaterialTest" name="isRecord[111: BUBBLE_CORAL_BLOCK]" time="0"/>
  <testcase classname="org.bukkit.PerMaterialTest" name="isFlammable[111: BUBBLE_CORAL_BLOCK]" time="0"/>
  <testcase classname="org.bukkit.PerMaterialTest" name="testDurability[111: BUBBLE_CORAL_BLOCK]" time="0"/>
  <testcase classname="org.bukkit.PerMaterialTest" name="testBlockHardness[111: BUBBLE_CORAL_BLOCK]" time="0.001"/>
  <testcase classname="org.bukkit.PerMaterialTest" name="maxStackSize[111: BUBBLE_CORAL_BLOCK]" time="0"/>
  <testcase classname="org.bukkit.PerMaterialTest" name="isTransparent[111: BUBBLE_CORAL_BLOCK]" time="0"/>
  <testcase classname="org.bukkit.PerMaterialTest" name="testBlockDataCreation[111: BUBBLE_CORAL_BLOCK]" time="0"/>
  <testcase classname="org.bukkit.PerMaterialTest" name="isBlock[111: BUBBLE_CORAL_BLOCK]" time="0"/>
  <testcase classname="org.bukkit.PerMaterialTest" name="isSolid[111: BUBBLE_CORAL_BLOCK]" time="0"/>
  <testcase classname="org.bukkit.PerMaterialTest" name="hasGravity[112: BUBBLE_CORAL_FAN]" time="0"/>
  <testcase classname="org.bukkit.PerMaterialTest" name="isBurnable[112: BUBBLE_CORAL_FAN]" time="0"/>
  <testcase classname="org.bukkit.PerMaterialTest" name="testInteractable[112: BUBBLE_CORAL_FAN]" time="0"/>
  <testcase classname="org.bukkit.PerMaterialTest" name="testBlock[112: BUBBLE_CORAL_FAN]" time="0"/>
  <testcase classname="org.bukkit.PerMaterialTest" name="isFuel[112: BUBBLE_CORAL_FAN]" time="0"/>
  <testcase classname="org.bukkit.PerMaterialTest" name="testItem[112: BUBBLE_CORAL_FAN]" time="0"/>
  <testcase classname="org.bukkit.PerMaterialTest" name="testBlastResistance[112: BUBBLE_CORAL_FAN]" time="0.001"/>
  <testcase classname="org.bukkit.PerMaterialTest" name="isEdible[112: BUBBLE_CORAL_FAN]" time="0"/>
  <testcase classname="org.bukkit.PerMaterialTest" name="maxDurability[112: BUBBLE_CORAL_FAN]" time="0"/>
  <testcase classname="org.bukkit.PerMaterialTest" name="usesDurability[112: BUBBLE_CORAL_FAN]" time="0"/>
  <testcase classname="org.bukkit.PerMaterialTest" name="isOccluding[112: BUBBLE_CORAL_FAN]" time="0"/>
  <testcase classname="org.bukkit.PerMaterialTest" name="isRecord[112: BUBBLE_CORAL_FAN]" time="0"/>
  <testcase classname="org.bukkit.PerMaterialTest" name="isFlammable[112: BUBBLE_CORAL_FAN]" time="0"/>
  <testcase classname="org.bukkit.PerMaterialTest" name="testDurability[112: BUBBLE_CORAL_FAN]" time="0"/>
  <testcase classname="org.bukkit.PerMaterialTest" name="testBlockHardness[112: BUBBLE_CORAL_FAN]" time="0.001"/>
  <testcase classname="org.bukkit.PerMaterialTest" name="maxStackSize[112: BUBBLE_CORAL_FAN]" time="0"/>
  <testcase classname="org.bukkit.PerMaterialTest" name="isTransparent[112: BUBBLE_CORAL_FAN]" time="0"/>
  <testcase classname="org.bukkit.PerMaterialTest" name="testBlockDataCreation[112: BUBBLE_CORAL_FAN]" time="0"/>
  <testcase classname="org.bukkit.PerMaterialTest" name="isBlock[112: BUBBLE_CORAL_FAN]" time="0"/>
  <testcase classname="org.bukkit.PerMaterialTest" name="isSolid[112: BUBBLE_CORAL_FAN]" time="0"/>
  <testcase classname="org.bukkit.PerMaterialTest" name="hasGravity[113: BUBBLE_CORAL_WALL_FAN]" time="0"/>
  <testcase classname="org.bukkit.PerMaterialTest" name="isBurnable[113: BUBBLE_CORAL_WALL_FAN]" time="0.001"/>
  <testcase classname="org.bukkit.PerMaterialTest" name="testInteractable[113: BUBBLE_CORAL_WALL_FAN]" time="0"/>
  <testcase classname="org.bukkit.PerMaterialTest" name="testBlock[113: BUBBLE_CORAL_WALL_FAN]" time="0"/>
  <testcase classname="org.bukkit.PerMaterialTest" name="isFuel[113: BUBBLE_CORAL_WALL_FAN]" time="0"/>
  <testcase classname="org.bukkit.PerMaterialTest" name="testItem[113: BUBBLE_CORAL_WALL_FAN]" time="0"/>
  <testcase classname="org.bukkit.PerMaterialTest" name="testBlastResistance[113: BUBBLE_CORAL_WALL_FAN]" time="0"/>
  <testcase classname="org.bukkit.PerMaterialTest" name="isEdible[113: BUBBLE_CORAL_WALL_FAN]" time="0"/>
  <testcase classname="org.bukkit.PerMaterialTest" name="maxDurability[113: BUBBLE_CORAL_WALL_FAN]" time="0"/>
  <testcase classname="org.bukkit.PerMaterialTest" name="usesDurability[113: BUBBLE_CORAL_WALL_FAN]" time="0"/>
  <testcase classname="org.bukkit.PerMaterialTest" name="isOccluding[113: BUBBLE_CORAL_WALL_FAN]" time="0"/>
  <testcase classname="org.bukkit.PerMaterialTest" name="isRecord[113: BUBBLE_CORAL_WALL_FAN]" time="0"/>
  <testcase classname="org.bukkit.PerMaterialTest" name="isFlammable[113: BUBBLE_CORAL_WALL_FAN]" time="0"/>
  <testcase classname="org.bukkit.PerMaterialTest" name="testDurability[113: BUBBLE_CORAL_WALL_FAN]" time="0"/>
  <testcase classname="org.bukkit.PerMaterialTest" name="testBlockHardness[113: BUBBLE_CORAL_WALL_FAN]" time="0"/>
  <testcase classname="org.bukkit.PerMaterialTest" name="maxStackSize[113: BUBBLE_CORAL_WALL_FAN]" time="0"/>
  <testcase classname="org.bukkit.PerMaterialTest" name="isTransparent[113: BUBBLE_CORAL_WALL_FAN]" time="0"/>
  <testcase classname="org.bukkit.PerMaterialTest" name="testBlockDataCreation[113: BUBBLE_CORAL_WALL_FAN]" time="0"/>
  <testcase classname="org.bukkit.PerMaterialTest" name="isBlock[113: BUBBLE_CORAL_WALL_FAN]" time="0"/>
  <testcase classname="org.bukkit.PerMaterialTest" name="isSolid[113: BUBBLE_CORAL_WALL_FAN]" time="0"/>
  <testcase classname="org.bukkit.PerMaterialTest" name="hasGravity[114: BUCKET]" time="0"/>
  <testcase classname="org.bukkit.PerMaterialTest" name="isBurnable[114: BUCKET]" time="0"/>
  <testcase classname="org.bukkit.PerMaterialTest" name="testInteractable[114: BUCKET]" time="0.001"/>
  <testcase classname="org.bukkit.PerMaterialTest" name="testBlock[114: BUCKET]" time="0"/>
  <testcase classname="org.bukkit.PerMaterialTest" name="isFuel[114: BUCKET]" time="0.001"/>
  <testcase classname="org.bukkit.PerMaterialTest" name="testItem[114: BUCKET]" time="0"/>
  <testcase classname="org.bukkit.PerMaterialTest" name="testBlastResistance[114: BUCKET]" time="0"/>
  <testcase classname="org.bukkit.PerMaterialTest" name="isEdible[114: BUCKET]" time="0"/>
  <testcase classname="org.bukkit.PerMaterialTest" name="maxDurability[114: BUCKET]" time="0"/>
  <testcase classname="org.bukkit.PerMaterialTest" name="usesDurability[114: BUCKET]" time="0"/>
  <testcase classname="org.bukkit.PerMaterialTest" name="isOccluding[114: BUCKET]" time="0"/>
  <testcase classname="org.bukkit.PerMaterialTest" name="isRecord[114: BUCKET]" time="0"/>
  <testcase classname="org.bukkit.PerMaterialTest" name="isFlammable[114: BUCKET]" time="0"/>
  <testcase classname="org.bukkit.PerMaterialTest" name="testDurability[114: BUCKET]" time="0"/>
  <testcase classname="org.bukkit.PerMaterialTest" name="testBlockHardness[114: BUCKET]" time="0"/>
  <testcase classname="org.bukkit.PerMaterialTest" name="maxStackSize[114: BUCKET]" time="0.001"/>
  <testcase classname="org.bukkit.PerMaterialTest" name="isTransparent[114: BUCKET]" time="0"/>
  <testcase classname="org.bukkit.PerMaterialTest" name="testBlockDataCreation[114: BUCKET]" time="0"/>
  <testcase classname="org.bukkit.PerMaterialTest" name="isBlock[114: BUCKET]" time="0"/>
  <testcase classname="org.bukkit.PerMaterialTest" name="isSolid[114: BUCKET]" time="0"/>
  <testcase classname="org.bukkit.PerMaterialTest" name="hasGravity[115: CACTUS]" time="0"/>
  <testcase classname="org.bukkit.PerMaterialTest" name="isBurnable[115: CACTUS]" time="0"/>
  <testcase classname="org.bukkit.PerMaterialTest" name="testInteractable[115: CACTUS]" time="0.001"/>
  <testcase classname="org.bukkit.PerMaterialTest" name="testBlock[115: CACTUS]" time="0"/>
  <testcase classname="org.bukkit.PerMaterialTest" name="isFuel[115: CACTUS]" time="0.002"/>
  <testcase classname="org.bukkit.PerMaterialTest" name="testItem[115: CACTUS]" time="0"/>
  <testcase classname="org.bukkit.PerMaterialTest" name="testBlastResistance[115: CACTUS]" time="0"/>
  <testcase classname="org.bukkit.PerMaterialTest" name="isEdible[115: CACTUS]" time="0"/>
  <testcase classname="org.bukkit.PerMaterialTest" name="maxDurability[115: CACTUS]" time="0"/>
  <testcase classname="org.bukkit.PerMaterialTest" name="usesDurability[115: CACTUS]" time="0"/>
  <testcase classname="org.bukkit.PerMaterialTest" name="isOccluding[115: CACTUS]" time="0"/>
  <testcase classname="org.bukkit.PerMaterialTest" name="isRecord[115: CACTUS]" time="0"/>
  <testcase classname="org.bukkit.PerMaterialTest" name="isFlammable[115: CACTUS]" time="0"/>
  <testcase classname="org.bukkit.PerMaterialTest" name="testDurability[115: CACTUS]" time="0"/>
  <testcase classname="org.bukkit.PerMaterialTest" name="testBlockHardness[115: CACTUS]" time="0"/>
  <testcase classname="org.bukkit.PerMaterialTest" name="maxStackSize[115: CACTUS]" time="0"/>
  <testcase classname="org.bukkit.PerMaterialTest" name="isTransparent[115: CACTUS]" time="0"/>
  <testcase classname="org.bukkit.PerMaterialTest" name="testBlockDataCreation[115: CACTUS]" time="0"/>
  <testcase classname="org.bukkit.PerMaterialTest" name="isBlock[115: CACTUS]" time="0"/>
  <testcase classname="org.bukkit.PerMaterialTest" name="isSolid[115: CACTUS]" time="0"/>
  <testcase classname="org.bukkit.PerMaterialTest" name="hasGravity[116: CACTUS_GREEN]" time="0"/>
  <testcase classname="org.bukkit.PerMaterialTest" name="isBurnable[116: CACTUS_GREEN]" time="0"/>
  <testcase classname="org.bukkit.PerMaterialTest" name="testInteractable[116: CACTUS_GREEN]" time="0"/>
  <testcase classname="org.bukkit.PerMaterialTest" name="testBlock[116: CACTUS_GREEN]" time="0"/>
  <testcase classname="org.bukkit.PerMaterialTest" name="isFuel[116: CACTUS_GREEN]" time="0"/>
  <testcase classname="org.bukkit.PerMaterialTest" name="testItem[116: CACTUS_GREEN]" time="0"/>
  <testcase classname="org.bukkit.PerMaterialTest" name="testBlastResistance[116: CACTUS_GREEN]" time="0.001"/>
  <testcase classname="org.bukkit.PerMaterialTest" name="isEdible[116: CACTUS_GREEN]" time="0"/>
  <testcase classname="org.bukkit.PerMaterialTest" name="maxDurability[116: CACTUS_GREEN]" time="0"/>
  <testcase classname="org.bukkit.PerMaterialTest" name="usesDurability[116: CACTUS_GREEN]" time="0"/>
  <testcase classname="org.bukkit.PerMaterialTest" name="isOccluding[116: CACTUS_GREEN]" time="0"/>
  <testcase classname="org.bukkit.PerMaterialTest" name="isRecord[116: CACTUS_GREEN]" time="0"/>
  <testcase classname="org.bukkit.PerMaterialTest" name="isFlammable[116: CACTUS_GREEN]" time="0"/>
  <testcase classname="org.bukkit.PerMaterialTest" name="testDurability[116: CACTUS_GREEN]" time="0"/>
  <testcase classname="org.bukkit.PerMaterialTest" name="testBlockHardness[116: CACTUS_GREEN]" time="0.001"/>
  <testcase classname="org.bukkit.PerMaterialTest" name="maxStackSize[116: CACTUS_GREEN]" time="0"/>
  <testcase classname="org.bukkit.PerMaterialTest" name="isTransparent[116: CACTUS_GREEN]" time="0"/>
  <testcase classname="org.bukkit.PerMaterialTest" name="testBlockDataCreation[116: CACTUS_GREEN]" time="0"/>
  <testcase classname="org.bukkit.PerMaterialTest" name="isBlock[116: CACTUS_GREEN]" time="0"/>
  <testcase classname="org.bukkit.PerMaterialTest" name="isSolid[116: CACTUS_GREEN]" time="0"/>
  <testcase classname="org.bukkit.PerMaterialTest" name="hasGravity[117: CAKE]" time="0"/>
  <testcase classname="org.bukkit.PerMaterialTest" name="isBurnable[117: CAKE]" time="0"/>
  <testcase classname="org.bukkit.PerMaterialTest" name="testInteractable[117: CAKE]" time="0"/>
  <testcase classname="org.bukkit.PerMaterialTest" name="testBlock[117: CAKE]" time="0"/>
  <testcase classname="org.bukkit.PerMaterialTest" name="isFuel[117: CAKE]" time="0"/>
  <testcase classname="org.bukkit.PerMaterialTest" name="testItem[117: CAKE]" time="0"/>
  <testcase classname="org.bukkit.PerMaterialTest" name="testBlastResistance[117: CAKE]" time="0.001"/>
  <testcase classname="org.bukkit.PerMaterialTest" name="isEdible[117: CAKE]" time="0"/>
  <testcase classname="org.bukkit.PerMaterialTest" name="maxDurability[117: CAKE]" time="0"/>
  <testcase classname="org.bukkit.PerMaterialTest" name="usesDurability[117: CAKE]" time="0"/>
  <testcase classname="org.bukkit.PerMaterialTest" name="isOccluding[117: CAKE]" time="0"/>
  <testcase classname="org.bukkit.PerMaterialTest" name="isRecord[117: CAKE]" time="0"/>
  <testcase classname="org.bukkit.PerMaterialTest" name="isFlammable[117: CAKE]" time="0"/>
  <testcase classname="org.bukkit.PerMaterialTest" name="testDurability[117: CAKE]" time="0"/>
  <testcase classname="org.bukkit.PerMaterialTest" name="testBlockHardness[117: CAKE]" time="0.001"/>
  <testcase classname="org.bukkit.PerMaterialTest" name="maxStackSize[117: CAKE]" time="0"/>
  <testcase classname="org.bukkit.PerMaterialTest" name="isTransparent[117: CAKE]" time="0"/>
  <testcase classname="org.bukkit.PerMaterialTest" name="testBlockDataCreation[117: CAKE]" time="0"/>
  <testcase classname="org.bukkit.PerMaterialTest" name="isBlock[117: CAKE]" time="0"/>
  <testcase classname="org.bukkit.PerMaterialTest" name="isSolid[117: CAKE]" time="0"/>
  <testcase classname="org.bukkit.PerMaterialTest" name="hasGravity[118: CARROT]" time="0"/>
  <testcase classname="org.bukkit.PerMaterialTest" name="isBurnable[118: CARROT]" time="0"/>
  <testcase classname="org.bukkit.PerMaterialTest" name="testInteractable[118: CARROT]" time="0"/>
  <testcase classname="org.bukkit.PerMaterialTest" name="testBlock[118: CARROT]" time="0"/>
  <testcase classname="org.bukkit.PerMaterialTest" name="isFuel[118: CARROT]" time="0"/>
  <testcase classname="org.bukkit.PerMaterialTest" name="testItem[118: CARROT]" time="0"/>
  <testcase classname="org.bukkit.PerMaterialTest" name="testBlastResistance[118: CARROT]" time="0"/>
  <testcase classname="org.bukkit.PerMaterialTest" name="isEdible[118: CARROT]" time="0"/>
  <testcase classname="org.bukkit.PerMaterialTest" name="maxDurability[118: CARROT]" time="0.001"/>
  <testcase classname="org.bukkit.PerMaterialTest" name="usesDurability[118: CARROT]" time="0"/>
  <testcase classname="org.bukkit.PerMaterialTest" name="isOccluding[118: CARROT]" time="0"/>
  <testcase classname="org.bukkit.PerMaterialTest" name="isRecord[118: CARROT]" time="0"/>
  <testcase classname="org.bukkit.PerMaterialTest" name="isFlammable[118: CARROT]" time="0"/>
  <testcase classname="org.bukkit.PerMaterialTest" name="testDurability[118: CARROT]" time="0"/>
  <testcase classname="org.bukkit.PerMaterialTest" name="testBlockHardness[118: CARROT]" time="0"/>
  <testcase classname="org.bukkit.PerMaterialTest" name="maxStackSize[118: CARROT]" time="0"/>
  <testcase classname="org.bukkit.PerMaterialTest" name="isTransparent[118: CARROT]" time="0.001"/>
  <testcase classname="org.bukkit.PerMaterialTest" name="testBlockDataCreation[118: CARROT]" time="0"/>
  <testcase classname="org.bukkit.PerMaterialTest" name="isBlock[118: CARROT]" time="0"/>
  <testcase classname="org.bukkit.PerMaterialTest" name="isSolid[118: CARROT]" time="0"/>
  <testcase classname="org.bukkit.PerMaterialTest" name="hasGravity[119: CARROTS]" time="0"/>
  <testcase classname="org.bukkit.PerMaterialTest" name="isBurnable[119: CARROTS]" time="0"/>
  <testcase classname="org.bukkit.PerMaterialTest" name="testInteractable[119: CARROTS]" time="0"/>
  <testcase classname="org.bukkit.PerMaterialTest" name="testBlock[119: CARROTS]" time="0.001"/>
  <testcase classname="org.bukkit.PerMaterialTest" name="isFuel[119: CARROTS]" time="0"/>
  <testcase classname="org.bukkit.PerMaterialTest" name="testItem[119: CARROTS]" time="0"/>
  <testcase classname="org.bukkit.PerMaterialTest" name="testBlastResistance[119: CARROTS]" time="0"/>
  <testcase classname="org.bukkit.PerMaterialTest" name="isEdible[119: CARROTS]" time="0"/>
  <testcase classname="org.bukkit.PerMaterialTest" name="maxDurability[119: CARROTS]" time="0"/>
  <testcase classname="org.bukkit.PerMaterialTest" name="usesDurability[119: CARROTS]" time="0"/>
  <testcase classname="org.bukkit.PerMaterialTest" name="isOccluding[119: CARROTS]" time="0"/>
  <testcase classname="org.bukkit.PerMaterialTest" name="isRecord[119: CARROTS]" time="0"/>
  <testcase classname="org.bukkit.PerMaterialTest" name="isFlammable[119: CARROTS]" time="0"/>
  <testcase classname="org.bukkit.PerMaterialTest" name="testDurability[119: CARROTS]" time="0"/>
  <testcase classname="org.bukkit.PerMaterialTest" name="testBlockHardness[119: CARROTS]" time="0"/>
  <testcase classname="org.bukkit.PerMaterialTest" name="maxStackSize[119: CARROTS]" time="0"/>
  <testcase classname="org.bukkit.PerMaterialTest" name="isTransparent[119: CARROTS]" time="0"/>
  <testcase classname="org.bukkit.PerMaterialTest" name="testBlockDataCreation[119: CARROTS]" time="0"/>
  <testcase classname="org.bukkit.PerMaterialTest" name="isBlock[119: CARROTS]" time="0"/>
  <testcase classname="org.bukkit.PerMaterialTest" name="isSolid[119: CARROTS]" time="0"/>
  <testcase classname="org.bukkit.PerMaterialTest" name="hasGravity[120: CARROT_ON_A_STICK]" time="0"/>
  <testcase classname="org.bukkit.PerMaterialTest" name="isBurnable[120: CARROT_ON_A_STICK]" time="0"/>
  <testcase classname="org.bukkit.PerMaterialTest" name="testInteractable[120: CARROT_ON_A_STICK]" time="0"/>
  <testcase classname="org.bukkit.PerMaterialTest" name="testBlock[120: CARROT_ON_A_STICK]" time="0"/>
  <testcase classname="org.bukkit.PerMaterialTest" name="isFuel[120: CARROT_ON_A_STICK]" time="0.001"/>
  <testcase classname="org.bukkit.PerMaterialTest" name="testItem[120: CARROT_ON_A_STICK]" time="0"/>
  <testcase classname="org.bukkit.PerMaterialTest" name="testBlastResistance[120: CARROT_ON_A_STICK]" time="0"/>
  <testcase classname="org.bukkit.PerMaterialTest" name="isEdible[120: CARROT_ON_A_STICK]" time="0"/>
  <testcase classname="org.bukkit.PerMaterialTest" name="maxDurability[120: CARROT_ON_A_STICK]" time="0"/>
  <testcase classname="org.bukkit.PerMaterialTest" name="usesDurability[120: CARROT_ON_A_STICK]" time="0"/>
  <testcase classname="org.bukkit.PerMaterialTest" name="isOccluding[120: CARROT_ON_A_STICK]" time="0"/>
  <testcase classname="org.bukkit.PerMaterialTest" name="isRecord[120: CARROT_ON_A_STICK]" time="0"/>
  <testcase classname="org.bukkit.PerMaterialTest" name="isFlammable[120: CARROT_ON_A_STICK]" time="0.001"/>
  <testcase classname="org.bukkit.PerMaterialTest" name="testDurability[120: CARROT_ON_A_STICK]" time="0"/>
  <testcase classname="org.bukkit.PerMaterialTest" name="testBlockHardness[120: CARROT_ON_A_STICK]" time="0"/>
  <testcase classname="org.bukkit.PerMaterialTest" name="maxStackSize[120: CARROT_ON_A_STICK]" time="0"/>
  <testcase classname="org.bukkit.PerMaterialTest" name="isTransparent[120: CARROT_ON_A_STICK]" time="0"/>
  <testcase classname="org.bukkit.PerMaterialTest" name="testBlockDataCreation[120: CARROT_ON_A_STICK]" time="0"/>
  <testcase classname="org.bukkit.PerMaterialTest" name="isBlock[120: CARROT_ON_A_STICK]" time="0"/>
  <testcase classname="org.bukkit.PerMaterialTest" name="isSolid[120: CARROT_ON_A_STICK]" time="0"/>
  <testcase classname="org.bukkit.PerMaterialTest" name="hasGravity[121: CARVED_PUMPKIN]" time="0"/>
  <testcase classname="org.bukkit.PerMaterialTest" name="isBurnable[121: CARVED_PUMPKIN]" time="0"/>
  <testcase classname="org.bukkit.PerMaterialTest" name="testInteractable[121: CARVED_PUMPKIN]" time="0"/>
  <testcase classname="org.bukkit.PerMaterialTest" name="testBlock[121: CARVED_PUMPKIN]" time="0"/>
  <testcase classname="org.bukkit.PerMaterialTest" name="isFuel[121: CARVED_PUMPKIN]" time="0"/>
  <testcase classname="org.bukkit.PerMaterialTest" name="testItem[121: CARVED_PUMPKIN]" time="0"/>
  <testcase classname="org.bukkit.PerMaterialTest" name="testBlastResistance[121: CARVED_PUMPKIN]" time="0"/>
  <testcase classname="org.bukkit.PerMaterialTest" name="isEdible[121: CARVED_PUMPKIN]" time="0"/>
  <testcase classname="org.bukkit.PerMaterialTest" name="maxDurability[121: CARVED_PUMPKIN]" time="0"/>
  <testcase classname="org.bukkit.PerMaterialTest" name="usesDurability[121: CARVED_PUMPKIN]" time="0"/>
  <testcase classname="org.bukkit.PerMaterialTest" name="isOccluding[121: CARVED_PUMPKIN]" time="0"/>
  <testcase classname="org.bukkit.PerMaterialTest" name="isRecord[121: CARVED_PUMPKIN]" time="0"/>
  <testcase classname="org.bukkit.PerMaterialTest" name="isFlammable[121: CARVED_PUMPKIN]" time="0.001"/>
  <testcase classname="org.bukkit.PerMaterialTest" name="testDurability[121: CARVED_PUMPKIN]" time="0"/>
  <testcase classname="org.bukkit.PerMaterialTest" name="testBlockHardness[121: CARVED_PUMPKIN]" time="0"/>
  <testcase classname="org.bukkit.PerMaterialTest" name="maxStackSize[121: CARVED_PUMPKIN]" time="0"/>
  <testcase classname="org.bukkit.PerMaterialTest" name="isTransparent[121: CARVED_PUMPKIN]" time="0"/>
  <testcase classname="org.bukkit.PerMaterialTest" name="testBlockDataCreation[121: CARVED_PUMPKIN]" time="0"/>
  <testcase classname="org.bukkit.PerMaterialTest" name="isBlock[121: CARVED_PUMPKIN]" time="0"/>
  <testcase classname="org.bukkit.PerMaterialTest" name="isSolid[121: CARVED_PUMPKIN]" time="0.001"/>
  <testcase classname="org.bukkit.PerMaterialTest" name="hasGravity[122: CAULDRON]" time="0"/>
  <testcase classname="org.bukkit.PerMaterialTest" name="isBurnable[122: CAULDRON]" time="0"/>
  <testcase classname="org.bukkit.PerMaterialTest" name="testInteractable[122: CAULDRON]" time="0"/>
  <testcase classname="org.bukkit.PerMaterialTest" name="testBlock[122: CAULDRON]" time="0"/>
  <testcase classname="org.bukkit.PerMaterialTest" name="isFuel[122: CAULDRON]" time="0.001"/>
  <testcase classname="org.bukkit.PerMaterialTest" name="testItem[122: CAULDRON]" time="0"/>
  <testcase classname="org.bukkit.PerMaterialTest" name="testBlastResistance[122: CAULDRON]" time="0"/>
  <testcase classname="org.bukkit.PerMaterialTest" name="isEdible[122: CAULDRON]" time="0"/>
  <testcase classname="org.bukkit.PerMaterialTest" name="maxDurability[122: CAULDRON]" time="0"/>
  <testcase classname="org.bukkit.PerMaterialTest" name="usesDurability[122: CAULDRON]" time="0"/>
  <testcase classname="org.bukkit.PerMaterialTest" name="isOccluding[122: CAULDRON]" time="0"/>
  <testcase classname="org.bukkit.PerMaterialTest" name="isRecord[122: CAULDRON]" time="0"/>
  <testcase classname="org.bukkit.PerMaterialTest" name="isFlammable[122: CAULDRON]" time="0"/>
  <testcase classname="org.bukkit.PerMaterialTest" name="testDurability[122: CAULDRON]" time="0"/>
  <testcase classname="org.bukkit.PerMaterialTest" name="testBlockHardness[122: CAULDRON]" time="0"/>
  <testcase classname="org.bukkit.PerMaterialTest" name="maxStackSize[122: CAULDRON]" time="0"/>
  <testcase classname="org.bukkit.PerMaterialTest" name="isTransparent[122: CAULDRON]" time="0"/>
  <testcase classname="org.bukkit.PerMaterialTest" name="testBlockDataCreation[122: CAULDRON]" time="0"/>
  <testcase classname="org.bukkit.PerMaterialTest" name="isBlock[122: CAULDRON]" time="0.001"/>
  <testcase classname="org.bukkit.PerMaterialTest" name="isSolid[122: CAULDRON]" time="0"/>
  <testcase classname="org.bukkit.PerMaterialTest" name="hasGravity[123: CAVE_AIR]" time="0"/>
  <testcase classname="org.bukkit.PerMaterialTest" name="isBurnable[123: CAVE_AIR]" time="0"/>
  <testcase classname="org.bukkit.PerMaterialTest" name="testInteractable[123: CAVE_AIR]" time="0"/>
  <testcase classname="org.bukkit.PerMaterialTest" name="testBlock[123: CAVE_AIR]" time="0"/>
  <testcase classname="org.bukkit.PerMaterialTest" name="isFuel[123: CAVE_AIR]" time="0.001"/>
  <testcase classname="org.bukkit.PerMaterialTest" name="testItem[123: CAVE_AIR]" time="0"/>
  <testcase classname="org.bukkit.PerMaterialTest" name="testBlastResistance[123: CAVE_AIR]" time="0"/>
  <testcase classname="org.bukkit.PerMaterialTest" name="isEdible[123: CAVE_AIR]" time="0"/>
  <testcase classname="org.bukkit.PerMaterialTest" name="maxDurability[123: CAVE_AIR]" time="0"/>
  <testcase classname="org.bukkit.PerMaterialTest" name="usesDurability[123: CAVE_AIR]" time="0"/>
  <testcase classname="org.bukkit.PerMaterialTest" name="isOccluding[123: CAVE_AIR]" time="0"/>
  <testcase classname="org.bukkit.PerMaterialTest" name="isRecord[123: CAVE_AIR]" time="0"/>
  <testcase classname="org.bukkit.PerMaterialTest" name="isFlammable[123: CAVE_AIR]" time="0"/>
  <testcase classname="org.bukkit.PerMaterialTest" name="testDurability[123: CAVE_AIR]" time="0"/>
  <testcase classname="org.bukkit.PerMaterialTest" name="testBlockHardness[123: CAVE_AIR]" time="0"/>
  <testcase classname="org.bukkit.PerMaterialTest" name="maxStackSize[123: CAVE_AIR]" time="0"/>
  <testcase classname="org.bukkit.PerMaterialTest" name="isTransparent[123: CAVE_AIR]" time="0"/>
  <testcase classname="org.bukkit.PerMaterialTest" name="testBlockDataCreation[123: CAVE_AIR]" time="0"/>
  <testcase classname="org.bukkit.PerMaterialTest" name="isBlock[123: CAVE_AIR]" time="0"/>
  <testcase classname="org.bukkit.PerMaterialTest" name="isSolid[123: CAVE_AIR]" time="0"/>
  <testcase classname="org.bukkit.PerMaterialTest" name="hasGravity[124: CAVE_SPIDER_SPAWN_EGG]" time="0"/>
  <testcase classname="org.bukkit.PerMaterialTest" name="isBurnable[124: CAVE_SPIDER_SPAWN_EGG]" time="0"/>
  <testcase classname="org.bukkit.PerMaterialTest" name="testInteractable[124: CAVE_SPIDER_SPAWN_EGG]" time="0"/>
  <testcase classname="org.bukkit.PerMaterialTest" name="testBlock[124: CAVE_SPIDER_SPAWN_EGG]" time="0"/>
  <testcase classname="org.bukkit.PerMaterialTest" name="isFuel[124: CAVE_SPIDER_SPAWN_EGG]" time="0"/>
  <testcase classname="org.bukkit.PerMaterialTest" name="testItem[124: CAVE_SPIDER_SPAWN_EGG]" time="0"/>
  <testcase classname="org.bukkit.PerMaterialTest" name="testBlastResistance[124: CAVE_SPIDER_SPAWN_EGG]" time="0"/>
  <testcase classname="org.bukkit.PerMaterialTest" name="isEdible[124: CAVE_SPIDER_SPAWN_EGG]" time="0"/>
  <testcase classname="org.bukkit.PerMaterialTest" name="maxDurability[124: CAVE_SPIDER_SPAWN_EGG]" time="0"/>
  <testcase classname="org.bukkit.PerMaterialTest" name="usesDurability[124: CAVE_SPIDER_SPAWN_EGG]" time="0"/>
  <testcase classname="org.bukkit.PerMaterialTest" name="isOccluding[124: CAVE_SPIDER_SPAWN_EGG]" time="0"/>
  <testcase classname="org.bukkit.PerMaterialTest" name="isRecord[124: CAVE_SPIDER_SPAWN_EGG]" time="0"/>
  <testcase classname="org.bukkit.PerMaterialTest" name="isFlammable[124: CAVE_SPIDER_SPAWN_EGG]" time="0"/>
  <testcase classname="org.bukkit.PerMaterialTest" name="testDurability[124: CAVE_SPIDER_SPAWN_EGG]" time="0"/>
  <testcase classname="org.bukkit.PerMaterialTest" name="testBlockHardness[124: CAVE_SPIDER_SPAWN_EGG]" time="0"/>
  <testcase classname="org.bukkit.PerMaterialTest" name="maxStackSize[124: CAVE_SPIDER_SPAWN_EGG]" time="0"/>
  <testcase classname="org.bukkit.PerMaterialTest" name="isTransparent[124: CAVE_SPIDER_SPAWN_EGG]" time="0"/>
  <testcase classname="org.bukkit.PerMaterialTest" name="testBlockDataCreation[124: CAVE_SPIDER_SPAWN_EGG]" time="0"/>
  <testcase classname="org.bukkit.PerMaterialTest" name="isBlock[124: CAVE_SPIDER_SPAWN_EGG]" time="0"/>
  <testcase classname="org.bukkit.PerMaterialTest" name="isSolid[124: CAVE_SPIDER_SPAWN_EGG]" time="0"/>
  <testcase classname="org.bukkit.PerMaterialTest" name="hasGravity[125: CHAINMAIL_BOOTS]" time="0"/>
  <testcase classname="org.bukkit.PerMaterialTest" name="isBurnable[125: CHAINMAIL_BOOTS]" time="0"/>
  <testcase classname="org.bukkit.PerMaterialTest" name="testInteractable[125: CHAINMAIL_BOOTS]" time="0.001"/>
  <testcase classname="org.bukkit.PerMaterialTest" name="testBlock[125: CHAINMAIL_BOOTS]" time="0"/>
  <testcase classname="org.bukkit.PerMaterialTest" name="isFuel[125: CHAINMAIL_BOOTS]" time="0"/>
  <testcase classname="org.bukkit.PerMaterialTest" name="testItem[125: CHAINMAIL_BOOTS]" time="0"/>
  <testcase classname="org.bukkit.PerMaterialTest" name="testBlastResistance[125: CHAINMAIL_BOOTS]" time="0"/>
  <testcase classname="org.bukkit.PerMaterialTest" name="isEdible[125: CHAINMAIL_BOOTS]" time="0"/>
  <testcase classname="org.bukkit.PerMaterialTest" name="maxDurability[125: CHAINMAIL_BOOTS]" time="0.001"/>
  <testcase classname="org.bukkit.PerMaterialTest" name="usesDurability[125: CHAINMAIL_BOOTS]" time="0"/>
  <testcase classname="org.bukkit.PerMaterialTest" name="isOccluding[125: CHAINMAIL_BOOTS]" time="0"/>
  <testcase classname="org.bukkit.PerMaterialTest" name="isRecord[125: CHAINMAIL_BOOTS]" time="0"/>
  <testcase classname="org.bukkit.PerMaterialTest" name="isFlammable[125: CHAINMAIL_BOOTS]" time="0"/>
  <testcase classname="org.bukkit.PerMaterialTest" name="testDurability[125: CHAINMAIL_BOOTS]" time="0"/>
  <testcase classname="org.bukkit.PerMaterialTest" name="testBlockHardness[125: CHAINMAIL_BOOTS]" time="0"/>
  <testcase classname="org.bukkit.PerMaterialTest" name="maxStackSize[125: CHAINMAIL_BOOTS]" time="0.001"/>
  <testcase classname="org.bukkit.PerMaterialTest" name="isTransparent[125: CHAINMAIL_BOOTS]" time="0"/>
  <testcase classname="org.bukkit.PerMaterialTest" name="testBlockDataCreation[125: CHAINMAIL_BOOTS]" time="0"/>
  <testcase classname="org.bukkit.PerMaterialTest" name="isBlock[125: CHAINMAIL_BOOTS]" time="0"/>
  <testcase classname="org.bukkit.PerMaterialTest" name="isSolid[125: CHAINMAIL_BOOTS]" time="0"/>
  <testcase classname="org.bukkit.PerMaterialTest" name="hasGravity[126: CHAINMAIL_CHESTPLATE]" time="0"/>
  <testcase classname="org.bukkit.PerMaterialTest" name="isBurnable[126: CHAINMAIL_CHESTPLATE]" time="0"/>
  <testcase classname="org.bukkit.PerMaterialTest" name="testInteractable[126: CHAINMAIL_CHESTPLATE]" time="0"/>
  <testcase classname="org.bukkit.PerMaterialTest" name="testBlock[126: CHAINMAIL_CHESTPLATE]" time="0"/>
  <testcase classname="org.bukkit.PerMaterialTest" name="isFuel[126: CHAINMAIL_CHESTPLATE]" time="0"/>
  <testcase classname="org.bukkit.PerMaterialTest" name="testItem[126: CHAINMAIL_CHESTPLATE]" time="0"/>
  <testcase classname="org.bukkit.PerMaterialTest" name="testBlastResistance[126: CHAINMAIL_CHESTPLATE]" time="0"/>
  <testcase classname="org.bukkit.PerMaterialTest" name="isEdible[126: CHAINMAIL_CHESTPLATE]" time="0"/>
  <testcase classname="org.bukkit.PerMaterialTest" name="maxDurability[126: CHAINMAIL_CHESTPLATE]" time="0"/>
  <testcase classname="org.bukkit.PerMaterialTest" name="usesDurability[126: CHAINMAIL_CHESTPLATE]" time="0.001"/>
  <testcase classname="org.bukkit.PerMaterialTest" name="isOccluding[126: CHAINMAIL_CHESTPLATE]" time="0"/>
  <testcase classname="org.bukkit.PerMaterialTest" name="isRecord[126: CHAINMAIL_CHESTPLATE]" time="0"/>
  <testcase classname="org.bukkit.PerMaterialTest" name="isFlammable[126: CHAINMAIL_CHESTPLATE]" time="0"/>
  <testcase classname="org.bukkit.PerMaterialTest" name="testDurability[126: CHAINMAIL_CHESTPLATE]" time="0"/>
  <testcase classname="org.bukkit.PerMaterialTest" name="testBlockHardness[126: CHAINMAIL_CHESTPLATE]" time="0"/>
  <testcase classname="org.bukkit.PerMaterialTest" name="maxStackSize[126: CHAINMAIL_CHESTPLATE]" time="0"/>
  <testcase classname="org.bukkit.PerMaterialTest" name="isTransparent[126: CHAINMAIL_CHESTPLATE]" time="0"/>
  <testcase classname="org.bukkit.PerMaterialTest" name="testBlockDataCreation[126: CHAINMAIL_CHESTPLATE]" time="0"/>
  <testcase classname="org.bukkit.PerMaterialTest" name="isBlock[126: CHAINMAIL_CHESTPLATE]" time="0"/>
  <testcase classname="org.bukkit.PerMaterialTest" name="isSolid[126: CHAINMAIL_CHESTPLATE]" time="0"/>
  <testcase classname="org.bukkit.PerMaterialTest" name="hasGravity[127: CHAINMAIL_HELMET]" time="0"/>
  <testcase classname="org.bukkit.PerMaterialTest" name="isBurnable[127: CHAINMAIL_HELMET]" time="0"/>
  <testcase classname="org.bukkit.PerMaterialTest" name="testInteractable[127: CHAINMAIL_HELMET]" time="0"/>
  <testcase classname="org.bukkit.PerMaterialTest" name="testBlock[127: CHAINMAIL_HELMET]" time="0"/>
  <testcase classname="org.bukkit.PerMaterialTest" name="isFuel[127: CHAINMAIL_HELMET]" time="0.001"/>
  <testcase classname="org.bukkit.PerMaterialTest" name="testItem[127: CHAINMAIL_HELMET]" time="0"/>
  <testcase classname="org.bukkit.PerMaterialTest" name="testBlastResistance[127: CHAINMAIL_HELMET]" time="0"/>
  <testcase classname="org.bukkit.PerMaterialTest" name="isEdible[127: CHAINMAIL_HELMET]" time="0"/>
  <testcase classname="org.bukkit.PerMaterialTest" name="maxDurability[127: CHAINMAIL_HELMET]" time="0"/>
  <testcase classname="org.bukkit.PerMaterialTest" name="usesDurability[127: CHAINMAIL_HELMET]" time="0"/>
  <testcase classname="org.bukkit.PerMaterialTest" name="isOccluding[127: CHAINMAIL_HELMET]" time="0"/>
  <testcase classname="org.bukkit.PerMaterialTest" name="isRecord[127: CHAINMAIL_HELMET]" time="0.001"/>
  <testcase classname="org.bukkit.PerMaterialTest" name="isFlammable[127: CHAINMAIL_HELMET]" time="0"/>
  <testcase classname="org.bukkit.PerMaterialTest" name="testDurability[127: CHAINMAIL_HELMET]" time="0"/>
  <testcase classname="org.bukkit.PerMaterialTest" name="testBlockHardness[127: CHAINMAIL_HELMET]" time="0"/>
  <testcase classname="org.bukkit.PerMaterialTest" name="maxStackSize[127: CHAINMAIL_HELMET]" time="0"/>
  <testcase classname="org.bukkit.PerMaterialTest" name="isTransparent[127: CHAINMAIL_HELMET]" time="0"/>
  <testcase classname="org.bukkit.PerMaterialTest" name="testBlockDataCreation[127: CHAINMAIL_HELMET]" time="0"/>
  <testcase classname="org.bukkit.PerMaterialTest" name="isBlock[127: CHAINMAIL_HELMET]" time="0"/>
  <testcase classname="org.bukkit.PerMaterialTest" name="isSolid[127: CHAINMAIL_HELMET]" time="0"/>
  <testcase classname="org.bukkit.PerMaterialTest" name="hasGravity[128: CHAINMAIL_LEGGINGS]" time="0"/>
  <testcase classname="org.bukkit.PerMaterialTest" name="isBurnable[128: CHAINMAIL_LEGGINGS]" time="0"/>
  <testcase classname="org.bukkit.PerMaterialTest" name="testInteractable[128: CHAINMAIL_LEGGINGS]" time="0"/>
  <testcase classname="org.bukkit.PerMaterialTest" name="testBlock[128: CHAINMAIL_LEGGINGS]" time="0"/>
  <testcase classname="org.bukkit.PerMaterialTest" name="isFuel[128: CHAINMAIL_LEGGINGS]" time="0"/>
  <testcase classname="org.bukkit.PerMaterialTest" name="testItem[128: CHAINMAIL_LEGGINGS]" time="0"/>
  <testcase classname="org.bukkit.PerMaterialTest" name="testBlastResistance[128: CHAINMAIL_LEGGINGS]" time="0"/>
  <testcase classname="org.bukkit.PerMaterialTest" name="isEdible[128: CHAINMAIL_LEGGINGS]" time="0"/>
  <testcase classname="org.bukkit.PerMaterialTest" name="maxDurability[128: CHAINMAIL_LEGGINGS]" time="0"/>
  <testcase classname="org.bukkit.PerMaterialTest" name="usesDurability[128: CHAINMAIL_LEGGINGS]" time="0"/>
  <testcase classname="org.bukkit.PerMaterialTest" name="isOccluding[128: CHAINMAIL_LEGGINGS]" time="0"/>
  <testcase classname="org.bukkit.PerMaterialTest" name="isRecord[128: CHAINMAIL_LEGGINGS]" time="0"/>
  <testcase classname="org.bukkit.PerMaterialTest" name="isFlammable[128: CHAINMAIL_LEGGINGS]" time="0"/>
  <testcase classname="org.bukkit.PerMaterialTest" name="testDurability[128: CHAINMAIL_LEGGINGS]" time="0"/>
  <testcase classname="org.bukkit.PerMaterialTest" name="testBlockHardness[128: CHAINMAIL_LEGGINGS]" time="0"/>
  <testcase classname="org.bukkit.PerMaterialTest" name="maxStackSize[128: CHAINMAIL_LEGGINGS]" time="0"/>
  <testcase classname="org.bukkit.PerMaterialTest" name="isTransparent[128: CHAINMAIL_LEGGINGS]" time="0"/>
  <testcase classname="org.bukkit.PerMaterialTest" name="testBlockDataCreation[128: CHAINMAIL_LEGGINGS]" time="0"/>
  <testcase classname="org.bukkit.PerMaterialTest" name="isBlock[128: CHAINMAIL_LEGGINGS]" time="0"/>
  <testcase classname="org.bukkit.PerMaterialTest" name="isSolid[128: CHAINMAIL_LEGGINGS]" time="0"/>
  <testcase classname="org.bukkit.PerMaterialTest" name="hasGravity[129: CHAIN_COMMAND_BLOCK]" time="0"/>
  <testcase classname="org.bukkit.PerMaterialTest" name="isBurnable[129: CHAIN_COMMAND_BLOCK]" time="0"/>
  <testcase classname="org.bukkit.PerMaterialTest" name="testInteractable[129: CHAIN_COMMAND_BLOCK]" time="0"/>
  <testcase classname="org.bukkit.PerMaterialTest" name="testBlock[129: CHAIN_COMMAND_BLOCK]" time="0"/>
  <testcase classname="org.bukkit.PerMaterialTest" name="isFuel[129: CHAIN_COMMAND_BLOCK]" time="0.001"/>
  <testcase classname="org.bukkit.PerMaterialTest" name="testItem[129: CHAIN_COMMAND_BLOCK]" time="0"/>
  <testcase classname="org.bukkit.PerMaterialTest" name="testBlastResistance[129: CHAIN_COMMAND_BLOCK]" time="0"/>
  <testcase classname="org.bukkit.PerMaterialTest" name="isEdible[129: CHAIN_COMMAND_BLOCK]" time="0"/>
  <testcase classname="org.bukkit.PerMaterialTest" name="maxDurability[129: CHAIN_COMMAND_BLOCK]" time="0"/>
  <testcase classname="org.bukkit.PerMaterialTest" name="usesDurability[129: CHAIN_COMMAND_BLOCK]" time="0"/>
  <testcase classname="org.bukkit.PerMaterialTest" name="isOccluding[129: CHAIN_COMMAND_BLOCK]" time="0"/>
  <testcase classname="org.bukkit.PerMaterialTest" name="isRecord[129: CHAIN_COMMAND_BLOCK]" time="0.001"/>
  <testcase classname="org.bukkit.PerMaterialTest" name="isFlammable[129: CHAIN_COMMAND_BLOCK]" time="0"/>
  <testcase classname="org.bukkit.PerMaterialTest" name="testDurability[129: CHAIN_COMMAND_BLOCK]" time="0"/>
  <testcase classname="org.bukkit.PerMaterialTest" name="testBlockHardness[129: CHAIN_COMMAND_BLOCK]" time="0"/>
  <testcase classname="org.bukkit.PerMaterialTest" name="maxStackSize[129: CHAIN_COMMAND_BLOCK]" time="0"/>
  <testcase classname="org.bukkit.PerMaterialTest" name="isTransparent[129: CHAIN_COMMAND_BLOCK]" time="0"/>
  <testcase classname="org.bukkit.PerMaterialTest" name="testBlockDataCreation[129: CHAIN_COMMAND_BLOCK]" time="0"/>
  <testcase classname="org.bukkit.PerMaterialTest" name="isBlock[129: CHAIN_COMMAND_BLOCK]" time="0"/>
  <testcase classname="org.bukkit.PerMaterialTest" name="isSolid[129: CHAIN_COMMAND_BLOCK]" time="0"/>
  <testcase classname="org.bukkit.PerMaterialTest" name="hasGravity[130: CHARCOAL]" time="0"/>
  <testcase classname="org.bukkit.PerMaterialTest" name="isBurnable[130: CHARCOAL]" time="0"/>
  <testcase classname="org.bukkit.PerMaterialTest" name="testInteractable[130: CHARCOAL]" time="0"/>
  <testcase classname="org.bukkit.PerMaterialTest" name="testBlock[130: CHARCOAL]" time="0"/>
  <testcase classname="org.bukkit.PerMaterialTest" name="isFuel[130: CHARCOAL]" time="0"/>
  <testcase classname="org.bukkit.PerMaterialTest" name="testItem[130: CHARCOAL]" time="0"/>
  <testcase classname="org.bukkit.PerMaterialTest" name="testBlastResistance[130: CHARCOAL]" time="0"/>
  <testcase classname="org.bukkit.PerMaterialTest" name="isEdible[130: CHARCOAL]" time="0.006"/>
  <testcase classname="org.bukkit.PerMaterialTest" name="maxDurability[130: CHARCOAL]" time="0"/>
  <testcase classname="org.bukkit.PerMaterialTest" name="usesDurability[130: CHARCOAL]" time="0"/>
  <testcase classname="org.bukkit.PerMaterialTest" name="isOccluding[130: CHARCOAL]" time="0"/>
  <testcase classname="org.bukkit.PerMaterialTest" name="isRecord[130: CHARCOAL]" time="0"/>
  <testcase classname="org.bukkit.PerMaterialTest" name="isFlammable[130: CHARCOAL]" time="0"/>
  <testcase classname="org.bukkit.PerMaterialTest" name="testDurability[130: CHARCOAL]" time="0"/>
  <testcase classname="org.bukkit.PerMaterialTest" name="testBlockHardness[130: CHARCOAL]" time="0"/>
  <testcase classname="org.bukkit.PerMaterialTest" name="maxStackSize[130: CHARCOAL]" time="0"/>
  <testcase classname="org.bukkit.PerMaterialTest" name="isTransparent[130: CHARCOAL]" time="0.001"/>
  <testcase classname="org.bukkit.PerMaterialTest" name="testBlockDataCreation[130: CHARCOAL]" time="0"/>
  <testcase classname="org.bukkit.PerMaterialTest" name="isBlock[130: CHARCOAL]" time="0"/>
  <testcase classname="org.bukkit.PerMaterialTest" name="isSolid[130: CHARCOAL]" time="0"/>
  <testcase classname="org.bukkit.PerMaterialTest" name="hasGravity[131: CHEST]" time="0"/>
  <testcase classname="org.bukkit.PerMaterialTest" name="isBurnable[131: CHEST]" time="0"/>
  <testcase classname="org.bukkit.PerMaterialTest" name="testInteractable[131: CHEST]" time="0"/>
  <testcase classname="org.bukkit.PerMaterialTest" name="testBlock[131: CHEST]" time="0"/>
  <testcase classname="org.bukkit.PerMaterialTest" name="isFuel[131: CHEST]" time="0"/>
  <testcase classname="org.bukkit.PerMaterialTest" name="testItem[131: CHEST]" time="0"/>
  <testcase classname="org.bukkit.PerMaterialTest" name="testBlastResistance[131: CHEST]" time="0"/>
  <testcase classname="org.bukkit.PerMaterialTest" name="isEdible[131: CHEST]" time="0"/>
  <testcase classname="org.bukkit.PerMaterialTest" name="maxDurability[131: CHEST]" time="0"/>
  <testcase classname="org.bukkit.PerMaterialTest" name="usesDurability[131: CHEST]" time="0"/>
  <testcase classname="org.bukkit.PerMaterialTest" name="isOccluding[131: CHEST]" time="0"/>
  <testcase classname="org.bukkit.PerMaterialTest" name="isRecord[131: CHEST]" time="0"/>
  <testcase classname="org.bukkit.PerMaterialTest" name="isFlammable[131: CHEST]" time="0"/>
  <testcase classname="org.bukkit.PerMaterialTest" name="testDurability[131: CHEST]" time="0"/>
  <testcase classname="org.bukkit.PerMaterialTest" name="testBlockHardness[131: CHEST]" time="0"/>
  <testcase classname="org.bukkit.PerMaterialTest" name="maxStackSize[131: CHEST]" time="0"/>
  <testcase classname="org.bukkit.PerMaterialTest" name="isTransparent[131: CHEST]" time="0"/>
  <testcase classname="org.bukkit.PerMaterialTest" name="testBlockDataCreation[131: CHEST]" time="0"/>
  <testcase classname="org.bukkit.PerMaterialTest" name="isBlock[131: CHEST]" time="0"/>
  <testcase classname="org.bukkit.PerMaterialTest" name="isSolid[131: CHEST]" time="0"/>
  <testcase classname="org.bukkit.PerMaterialTest" name="hasGravity[132: CHEST_MINECART]" time="0"/>
  <testcase classname="org.bukkit.PerMaterialTest" name="isBurnable[132: CHEST_MINECART]" time="0"/>
  <testcase classname="org.bukkit.PerMaterialTest" name="testInteractable[132: CHEST_MINECART]" time="0"/>
  <testcase classname="org.bukkit.PerMaterialTest" name="testBlock[132: CHEST_MINECART]" time="0"/>
  <testcase classname="org.bukkit.PerMaterialTest" name="isFuel[132: CHEST_MINECART]" time="0"/>
  <testcase classname="org.bukkit.PerMaterialTest" name="testItem[132: CHEST_MINECART]" time="0"/>
  <testcase classname="org.bukkit.PerMaterialTest" name="testBlastResistance[132: CHEST_MINECART]" time="0"/>
  <testcase classname="org.bukkit.PerMaterialTest" name="isEdible[132: CHEST_MINECART]" time="0"/>
  <testcase classname="org.bukkit.PerMaterialTest" name="maxDurability[132: CHEST_MINECART]" time="0"/>
  <testcase classname="org.bukkit.PerMaterialTest" name="usesDurability[132: CHEST_MINECART]" time="0"/>
  <testcase classname="org.bukkit.PerMaterialTest" name="isOccluding[132: CHEST_MINECART]" time="0"/>
  <testcase classname="org.bukkit.PerMaterialTest" name="isRecord[132: CHEST_MINECART]" time="0"/>
  <testcase classname="org.bukkit.PerMaterialTest" name="isFlammable[132: CHEST_MINECART]" time="0"/>
  <testcase classname="org.bukkit.PerMaterialTest" name="testDurability[132: CHEST_MINECART]" time="0"/>
  <testcase classname="org.bukkit.PerMaterialTest" name="testBlockHardness[132: CHEST_MINECART]" time="0"/>
  <testcase classname="org.bukkit.PerMaterialTest" name="maxStackSize[132: CHEST_MINECART]" time="0"/>
  <testcase classname="org.bukkit.PerMaterialTest" name="isTransparent[132: CHEST_MINECART]" time="0"/>
  <testcase classname="org.bukkit.PerMaterialTest" name="testBlockDataCreation[132: CHEST_MINECART]" time="0"/>
  <testcase classname="org.bukkit.PerMaterialTest" name="isBlock[132: CHEST_MINECART]" time="0"/>
  <testcase classname="org.bukkit.PerMaterialTest" name="isSolid[132: CHEST_MINECART]" time="0.001"/>
  <testcase classname="org.bukkit.PerMaterialTest" name="hasGravity[133: CHICKEN]" time="0"/>
  <testcase classname="org.bukkit.PerMaterialTest" name="isBurnable[133: CHICKEN]" time="0"/>
  <testcase classname="org.bukkit.PerMaterialTest" name="testInteractable[133: CHICKEN]" time="0"/>
  <testcase classname="org.bukkit.PerMaterialTest" name="testBlock[133: CHICKEN]" time="0"/>
  <testcase classname="org.bukkit.PerMaterialTest" name="isFuel[133: CHICKEN]" time="0"/>
  <testcase classname="org.bukkit.PerMaterialTest" name="testItem[133: CHICKEN]" time="0"/>
  <testcase classname="org.bukkit.PerMaterialTest" name="testBlastResistance[133: CHICKEN]" time="0"/>
  <testcase classname="org.bukkit.PerMaterialTest" name="isEdible[133: CHICKEN]" time="0"/>
  <testcase classname="org.bukkit.PerMaterialTest" name="maxDurability[133: CHICKEN]" time="0"/>
  <testcase classname="org.bukkit.PerMaterialTest" name="usesDurability[133: CHICKEN]" time="0"/>
  <testcase classname="org.bukkit.PerMaterialTest" name="isOccluding[133: CHICKEN]" time="0"/>
  <testcase classname="org.bukkit.PerMaterialTest" name="isRecord[133: CHICKEN]" time="0"/>
  <testcase classname="org.bukkit.PerMaterialTest" name="isFlammable[133: CHICKEN]" time="0"/>
  <testcase classname="org.bukkit.PerMaterialTest" name="testDurability[133: CHICKEN]" time="0"/>
  <testcase classname="org.bukkit.PerMaterialTest" name="testBlockHardness[133: CHICKEN]" time="0"/>
  <testcase classname="org.bukkit.PerMaterialTest" name="maxStackSize[133: CHICKEN]" time="0"/>
  <testcase classname="org.bukkit.PerMaterialTest" name="isTransparent[133: CHICKEN]" time="0"/>
  <testcase classname="org.bukkit.PerMaterialTest" name="testBlockDataCreation[133: CHICKEN]" time="0"/>
  <testcase classname="org.bukkit.PerMaterialTest" name="isBlock[133: CHICKEN]" time="0"/>
  <testcase classname="org.bukkit.PerMaterialTest" name="isSolid[133: CHICKEN]" time="0"/>
  <testcase classname="org.bukkit.PerMaterialTest" name="hasGravity[134: CHICKEN_SPAWN_EGG]" time="0"/>
  <testcase classname="org.bukkit.PerMaterialTest" name="isBurnable[134: CHICKEN_SPAWN_EGG]" time="0"/>
  <testcase classname="org.bukkit.PerMaterialTest" name="testInteractable[134: CHICKEN_SPAWN_EGG]" time="0"/>
  <testcase classname="org.bukkit.PerMaterialTest" name="testBlock[134: CHICKEN_SPAWN_EGG]" time="0"/>
  <testcase classname="org.bukkit.PerMaterialTest" name="isFuel[134: CHICKEN_SPAWN_EGG]" time="0"/>
  <testcase classname="org.bukkit.PerMaterialTest" name="testItem[134: CHICKEN_SPAWN_EGG]" time="0"/>
  <testcase classname="org.bukkit.PerMaterialTest" name="testBlastResistance[134: CHICKEN_SPAWN_EGG]" time="0"/>
  <testcase classname="org.bukkit.PerMaterialTest" name="isEdible[134: CHICKEN_SPAWN_EGG]" time="0"/>
  <testcase classname="org.bukkit.PerMaterialTest" name="maxDurability[134: CHICKEN_SPAWN_EGG]" time="0"/>
  <testcase classname="org.bukkit.PerMaterialTest" name="usesDurability[134: CHICKEN_SPAWN_EGG]" time="0"/>
  <testcase classname="org.bukkit.PerMaterialTest" name="isOccluding[134: CHICKEN_SPAWN_EGG]" time="0"/>
  <testcase classname="org.bukkit.PerMaterialTest" name="isRecord[134: CHICKEN_SPAWN_EGG]" time="0"/>
  <testcase classname="org.bukkit.PerMaterialTest" name="isFlammable[134: CHICKEN_SPAWN_EGG]" time="0"/>
  <testcase classname="org.bukkit.PerMaterialTest" name="testDurability[134: CHICKEN_SPAWN_EGG]" time="0"/>
  <testcase classname="org.bukkit.PerMaterialTest" name="testBlockHardness[134: CHICKEN_SPAWN_EGG]" time="0"/>
  <testcase classname="org.bukkit.PerMaterialTest" name="maxStackSize[134: CHICKEN_SPAWN_EGG]" time="0"/>
  <testcase classname="org.bukkit.PerMaterialTest" name="isTransparent[134: CHICKEN_SPAWN_EGG]" time="0"/>
  <testcase classname="org.bukkit.PerMaterialTest" name="testBlockDataCreation[134: CHICKEN_SPAWN_EGG]" time="0"/>
  <testcase classname="org.bukkit.PerMaterialTest" name="isBlock[134: CHICKEN_SPAWN_EGG]" time="0"/>
  <testcase classname="org.bukkit.PerMaterialTest" name="isSolid[134: CHICKEN_SPAWN_EGG]" time="0"/>
  <testcase classname="org.bukkit.PerMaterialTest" name="hasGravity[135: CHIPPED_ANVIL]" time="0"/>
  <testcase classname="org.bukkit.PerMaterialTest" name="isBurnable[135: CHIPPED_ANVIL]" time="0"/>
  <testcase classname="org.bukkit.PerMaterialTest" name="testInteractable[135: CHIPPED_ANVIL]" time="0"/>
  <testcase classname="org.bukkit.PerMaterialTest" name="testBlock[135: CHIPPED_ANVIL]" time="0.001"/>
  <testcase classname="org.bukkit.PerMaterialTest" name="isFuel[135: CHIPPED_ANVIL]" time="0"/>
  <testcase classname="org.bukkit.PerMaterialTest" name="testItem[135: CHIPPED_ANVIL]" time="0"/>
  <testcase classname="org.bukkit.PerMaterialTest" name="testBlastResistance[135: CHIPPED_ANVIL]" time="0"/>
  <testcase classname="org.bukkit.PerMaterialTest" name="isEdible[135: CHIPPED_ANVIL]" time="0"/>
  <testcase classname="org.bukkit.PerMaterialTest" name="maxDurability[135: CHIPPED_ANVIL]" time="0"/>
  <testcase classname="org.bukkit.PerMaterialTest" name="usesDurability[135: CHIPPED_ANVIL]" time="0"/>
  <testcase classname="org.bukkit.PerMaterialTest" name="isOccluding[135: CHIPPED_ANVIL]" time="0"/>
  <testcase classname="org.bukkit.PerMaterialTest" name="isRecord[135: CHIPPED_ANVIL]" time="0"/>
  <testcase classname="org.bukkit.PerMaterialTest" name="isFlammable[135: CHIPPED_ANVIL]" time="0"/>
  <testcase classname="org.bukkit.PerMaterialTest" name="testDurability[135: CHIPPED_ANVIL]" time="0"/>
  <testcase classname="org.bukkit.PerMaterialTest" name="testBlockHardness[135: CHIPPED_ANVIL]" time="0"/>
  <testcase classname="org.bukkit.PerMaterialTest" name="maxStackSize[135: CHIPPED_ANVIL]" time="0"/>
  <testcase classname="org.bukkit.PerMaterialTest" name="isTransparent[135: CHIPPED_ANVIL]" time="0"/>
  <testcase classname="org.bukkit.PerMaterialTest" name="testBlockDataCreation[135: CHIPPED_ANVIL]" time="0"/>
  <testcase classname="org.bukkit.PerMaterialTest" name="isBlock[135: CHIPPED_ANVIL]" time="0"/>
  <testcase classname="org.bukkit.PerMaterialTest" name="isSolid[135: CHIPPED_ANVIL]" time="0"/>
  <testcase classname="org.bukkit.PerMaterialTest" name="hasGravity[136: CHISELED_QUARTZ_BLOCK]" time="0"/>
  <testcase classname="org.bukkit.PerMaterialTest" name="isBurnable[136: CHISELED_QUARTZ_BLOCK]" time="0.001"/>
  <testcase classname="org.bukkit.PerMaterialTest" name="testInteractable[136: CHISELED_QUARTZ_BLOCK]" time="0"/>
  <testcase classname="org.bukkit.PerMaterialTest" name="testBlock[136: CHISELED_QUARTZ_BLOCK]" time="0"/>
  <testcase classname="org.bukkit.PerMaterialTest" name="isFuel[136: CHISELED_QUARTZ_BLOCK]" time="0"/>
  <testcase classname="org.bukkit.PerMaterialTest" name="testItem[136: CHISELED_QUARTZ_BLOCK]" time="0"/>
  <testcase classname="org.bukkit.PerMaterialTest" name="testBlastResistance[136: CHISELED_QUARTZ_BLOCK]" time="0"/>
  <testcase classname="org.bukkit.PerMaterialTest" name="isEdible[136: CHISELED_QUARTZ_BLOCK]" time="0"/>
  <testcase classname="org.bukkit.PerMaterialTest" name="maxDurability[136: CHISELED_QUARTZ_BLOCK]" time="0"/>
  <testcase classname="org.bukkit.PerMaterialTest" name="usesDurability[136: CHISELED_QUARTZ_BLOCK]" time="0"/>
  <testcase classname="org.bukkit.PerMaterialTest" name="isOccluding[136: CHISELED_QUARTZ_BLOCK]" time="0"/>
  <testcase classname="org.bukkit.PerMaterialTest" name="isRecord[136: CHISELED_QUARTZ_BLOCK]" time="0"/>
  <testcase classname="org.bukkit.PerMaterialTest" name="isFlammable[136: CHISELED_QUARTZ_BLOCK]" time="0"/>
  <testcase classname="org.bukkit.PerMaterialTest" name="testDurability[136: CHISELED_QUARTZ_BLOCK]" time="0"/>
  <testcase classname="org.bukkit.PerMaterialTest" name="testBlockHardness[136: CHISELED_QUARTZ_BLOCK]" time="0"/>
  <testcase classname="org.bukkit.PerMaterialTest" name="maxStackSize[136: CHISELED_QUARTZ_BLOCK]" time="0"/>
  <testcase classname="org.bukkit.PerMaterialTest" name="isTransparent[136: CHISELED_QUARTZ_BLOCK]" time="0"/>
  <testcase classname="org.bukkit.PerMaterialTest" name="testBlockDataCreation[136: CHISELED_QUARTZ_BLOCK]" time="0"/>
  <testcase classname="org.bukkit.PerMaterialTest" name="isBlock[136: CHISELED_QUARTZ_BLOCK]" time="0"/>
  <testcase classname="org.bukkit.PerMaterialTest" name="isSolid[136: CHISELED_QUARTZ_BLOCK]" time="0"/>
  <testcase classname="org.bukkit.PerMaterialTest" name="hasGravity[137: CHISELED_RED_SANDSTONE]" time="0"/>
  <testcase classname="org.bukkit.PerMaterialTest" name="isBurnable[137: CHISELED_RED_SANDSTONE]" time="0"/>
  <testcase classname="org.bukkit.PerMaterialTest" name="testInteractable[137: CHISELED_RED_SANDSTONE]" time="0"/>
  <testcase classname="org.bukkit.PerMaterialTest" name="testBlock[137: CHISELED_RED_SANDSTONE]" time="0"/>
  <testcase classname="org.bukkit.PerMaterialTest" name="isFuel[137: CHISELED_RED_SANDSTONE]" time="0"/>
  <testcase classname="org.bukkit.PerMaterialTest" name="testItem[137: CHISELED_RED_SANDSTONE]" time="0"/>
  <testcase classname="org.bukkit.PerMaterialTest" name="testBlastResistance[137: CHISELED_RED_SANDSTONE]" time="0.001"/>
  <testcase classname="org.bukkit.PerMaterialTest" name="isEdible[137: CHISELED_RED_SANDSTONE]" time="0"/>
  <testcase classname="org.bukkit.PerMaterialTest" name="maxDurability[137: CHISELED_RED_SANDSTONE]" time="0"/>
  <testcase classname="org.bukkit.PerMaterialTest" name="usesDurability[137: CHISELED_RED_SANDSTONE]" time="0"/>
  <testcase classname="org.bukkit.PerMaterialTest" name="isOccluding[137: CHISELED_RED_SANDSTONE]" time="0"/>
  <testcase classname="org.bukkit.PerMaterialTest" name="isRecord[137: CHISELED_RED_SANDSTONE]" time="0"/>
  <testcase classname="org.bukkit.PerMaterialTest" name="isFlammable[137: CHISELED_RED_SANDSTONE]" time="0"/>
  <testcase classname="org.bukkit.PerMaterialTest" name="testDurability[137: CHISELED_RED_SANDSTONE]" time="0"/>
  <testcase classname="org.bukkit.PerMaterialTest" name="testBlockHardness[137: CHISELED_RED_SANDSTONE]" time="0"/>
  <testcase classname="org.bukkit.PerMaterialTest" name="maxStackSize[137: CHISELED_RED_SANDSTONE]" time="0"/>
  <testcase classname="org.bukkit.PerMaterialTest" name="isTransparent[137: CHISELED_RED_SANDSTONE]" time="0"/>
  <testcase classname="org.bukkit.PerMaterialTest" name="testBlockDataCreation[137: CHISELED_RED_SANDSTONE]" time="0"/>
  <testcase classname="org.bukkit.PerMaterialTest" name="isBlock[137: CHISELED_RED_SANDSTONE]" time="0"/>
  <testcase classname="org.bukkit.PerMaterialTest" name="isSolid[137: CHISELED_RED_SANDSTONE]" time="0"/>
  <testcase classname="org.bukkit.PerMaterialTest" name="hasGravity[138: CHISELED_SANDSTONE]" time="0"/>
  <testcase classname="org.bukkit.PerMaterialTest" name="isBurnable[138: CHISELED_SANDSTONE]" time="0"/>
  <testcase classname="org.bukkit.PerMaterialTest" name="testInteractable[138: CHISELED_SANDSTONE]" time="0"/>
  <testcase classname="org.bukkit.PerMaterialTest" name="testBlock[138: CHISELED_SANDSTONE]" time="0"/>
  <testcase classname="org.bukkit.PerMaterialTest" name="isFuel[138: CHISELED_SANDSTONE]" time="0"/>
  <testcase classname="org.bukkit.PerMaterialTest" name="testItem[138: CHISELED_SANDSTONE]" time="0.001"/>
  <testcase classname="org.bukkit.PerMaterialTest" name="testBlastResistance[138: CHISELED_SANDSTONE]" time="0"/>
  <testcase classname="org.bukkit.PerMaterialTest" name="isEdible[138: CHISELED_SANDSTONE]" time="0"/>
  <testcase classname="org.bukkit.PerMaterialTest" name="maxDurability[138: CHISELED_SANDSTONE]" time="0"/>
  <testcase classname="org.bukkit.PerMaterialTest" name="usesDurability[138: CHISELED_SANDSTONE]" time="0"/>
  <testcase classname="org.bukkit.PerMaterialTest" name="isOccluding[138: CHISELED_SANDSTONE]" time="0"/>
  <testcase classname="org.bukkit.PerMaterialTest" name="isRecord[138: CHISELED_SANDSTONE]" time="0.001"/>
  <testcase classname="org.bukkit.PerMaterialTest" name="isFlammable[138: CHISELED_SANDSTONE]" time="0"/>
  <testcase classname="org.bukkit.PerMaterialTest" name="testDurability[138: CHISELED_SANDSTONE]" time="0"/>
  <testcase classname="org.bukkit.PerMaterialTest" name="testBlockHardness[138: CHISELED_SANDSTONE]" time="0"/>
  <testcase classname="org.bukkit.PerMaterialTest" name="maxStackSize[138: CHISELED_SANDSTONE]" time="0"/>
  <testcase classname="org.bukkit.PerMaterialTest" name="isTransparent[138: CHISELED_SANDSTONE]" time="0"/>
  <testcase classname="org.bukkit.PerMaterialTest" name="testBlockDataCreation[138: CHISELED_SANDSTONE]" time="0"/>
  <testcase classname="org.bukkit.PerMaterialTest" name="isBlock[138: CHISELED_SANDSTONE]" time="0"/>
  <testcase classname="org.bukkit.PerMaterialTest" name="isSolid[138: CHISELED_SANDSTONE]" time="0"/>
  <testcase classname="org.bukkit.PerMaterialTest" name="hasGravity[139: CHISELED_STONE_BRICKS]" time="0"/>
  <testcase classname="org.bukkit.PerMaterialTest" name="isBurnable[139: CHISELED_STONE_BRICKS]" time="0"/>
  <testcase classname="org.bukkit.PerMaterialTest" name="testInteractable[139: CHISELED_STONE_BRICKS]" time="0"/>
  <testcase classname="org.bukkit.PerMaterialTest" name="testBlock[139: CHISELED_STONE_BRICKS]" time="0"/>
  <testcase classname="org.bukkit.PerMaterialTest" name="isFuel[139: CHISELED_STONE_BRICKS]" time="0"/>
  <testcase classname="org.bukkit.PerMaterialTest" name="testItem[139: CHISELED_STONE_BRICKS]" time="0"/>
  <testcase classname="org.bukkit.PerMaterialTest" name="testBlastResistance[139: CHISELED_STONE_BRICKS]" time="0"/>
  <testcase classname="org.bukkit.PerMaterialTest" name="isEdible[139: CHISELED_STONE_BRICKS]" time="0"/>
  <testcase classname="org.bukkit.PerMaterialTest" name="maxDurability[139: CHISELED_STONE_BRICKS]" time="0"/>
  <testcase classname="org.bukkit.PerMaterialTest" name="usesDurability[139: CHISELED_STONE_BRICKS]" time="0"/>
  <testcase classname="org.bukkit.PerMaterialTest" name="isOccluding[139: CHISELED_STONE_BRICKS]" time="0"/>
  <testcase classname="org.bukkit.PerMaterialTest" name="isRecord[139: CHISELED_STONE_BRICKS]" time="0"/>
  <testcase classname="org.bukkit.PerMaterialTest" name="isFlammable[139: CHISELED_STONE_BRICKS]" time="0"/>
  <testcase classname="org.bukkit.PerMaterialTest" name="testDurability[139: CHISELED_STONE_BRICKS]" time="0"/>
  <testcase classname="org.bukkit.PerMaterialTest" name="testBlockHardness[139: CHISELED_STONE_BRICKS]" time="0"/>
  <testcase classname="org.bukkit.PerMaterialTest" name="maxStackSize[139: CHISELED_STONE_BRICKS]" time="0"/>
  <testcase classname="org.bukkit.PerMaterialTest" name="isTransparent[139: CHISELED_STONE_BRICKS]" time="0"/>
  <testcase classname="org.bukkit.PerMaterialTest" name="testBlockDataCreation[139: CHISELED_STONE_BRICKS]" time="0"/>
  <testcase classname="org.bukkit.PerMaterialTest" name="isBlock[139: CHISELED_STONE_BRICKS]" time="0"/>
  <testcase classname="org.bukkit.PerMaterialTest" name="isSolid[139: CHISELED_STONE_BRICKS]" time="0"/>
  <testcase classname="org.bukkit.PerMaterialTest" name="hasGravity[140: CHORUS_FLOWER]" time="0"/>
  <testcase classname="org.bukkit.PerMaterialTest" name="isBurnable[140: CHORUS_FLOWER]" time="0"/>
  <testcase classname="org.bukkit.PerMaterialTest" name="testInteractable[140: CHORUS_FLOWER]" time="0"/>
  <testcase classname="org.bukkit.PerMaterialTest" name="testBlock[140: CHORUS_FLOWER]" time="0"/>
  <testcase classname="org.bukkit.PerMaterialTest" name="isFuel[140: CHORUS_FLOWER]" time="0"/>
  <testcase classname="org.bukkit.PerMaterialTest" name="testItem[140: CHORUS_FLOWER]" time="0"/>
  <testcase classname="org.bukkit.PerMaterialTest" name="testBlastResistance[140: CHORUS_FLOWER]" time="0"/>
  <testcase classname="org.bukkit.PerMaterialTest" name="isEdible[140: CHORUS_FLOWER]" time="0"/>
  <testcase classname="org.bukkit.PerMaterialTest" name="maxDurability[140: CHORUS_FLOWER]" time="0"/>
  <testcase classname="org.bukkit.PerMaterialTest" name="usesDurability[140: CHORUS_FLOWER]" time="0.001"/>
  <testcase classname="org.bukkit.PerMaterialTest" name="isOccluding[140: CHORUS_FLOWER]" time="0"/>
  <testcase classname="org.bukkit.PerMaterialTest" name="isRecord[140: CHORUS_FLOWER]" time="0"/>
  <testcase classname="org.bukkit.PerMaterialTest" name="isFlammable[140: CHORUS_FLOWER]" time="0"/>
  <testcase classname="org.bukkit.PerMaterialTest" name="testDurability[140: CHORUS_FLOWER]" time="0"/>
  <testcase classname="org.bukkit.PerMaterialTest" name="testBlockHardness[140: CHORUS_FLOWER]" time="0"/>
  <testcase classname="org.bukkit.PerMaterialTest" name="maxStackSize[140: CHORUS_FLOWER]" time="0"/>
  <testcase classname="org.bukkit.PerMaterialTest" name="isTransparent[140: CHORUS_FLOWER]" time="0"/>
  <testcase classname="org.bukkit.PerMaterialTest" name="testBlockDataCreation[140: CHORUS_FLOWER]" time="0"/>
  <testcase classname="org.bukkit.PerMaterialTest" name="isBlock[140: CHORUS_FLOWER]" time="0"/>
  <testcase classname="org.bukkit.PerMaterialTest" name="isSolid[140: CHORUS_FLOWER]" time="0"/>
  <testcase classname="org.bukkit.PerMaterialTest" name="hasGravity[141: CHORUS_FRUIT]" time="0"/>
  <testcase classname="org.bukkit.PerMaterialTest" name="isBurnable[141: CHORUS_FRUIT]" time="0"/>
  <testcase classname="org.bukkit.PerMaterialTest" name="testInteractable[141: CHORUS_FRUIT]" time="0"/>
  <testcase classname="org.bukkit.PerMaterialTest" name="testBlock[141: CHORUS_FRUIT]" time="0"/>
  <testcase classname="org.bukkit.PerMaterialTest" name="isFuel[141: CHORUS_FRUIT]" time="0"/>
  <testcase classname="org.bukkit.PerMaterialTest" name="testItem[141: CHORUS_FRUIT]" time="0"/>
  <testcase classname="org.bukkit.PerMaterialTest" name="testBlastResistance[141: CHORUS_FRUIT]" time="0"/>
  <testcase classname="org.bukkit.PerMaterialTest" name="isEdible[141: CHORUS_FRUIT]" time="0"/>
  <testcase classname="org.bukkit.PerMaterialTest" name="maxDurability[141: CHORUS_FRUIT]" time="0"/>
  <testcase classname="org.bukkit.PerMaterialTest" name="usesDurability[141: CHORUS_FRUIT]" time="0"/>
  <testcase classname="org.bukkit.PerMaterialTest" name="isOccluding[141: CHORUS_FRUIT]" time="0"/>
  <testcase classname="org.bukkit.PerMaterialTest" name="isRecord[141: CHORUS_FRUIT]" time="0"/>
  <testcase classname="org.bukkit.PerMaterialTest" name="isFlammable[141: CHORUS_FRUIT]" time="0"/>
  <testcase classname="org.bukkit.PerMaterialTest" name="testDurability[141: CHORUS_FRUIT]" time="0"/>
  <testcase classname="org.bukkit.PerMaterialTest" name="testBlockHardness[141: CHORUS_FRUIT]" time="0"/>
  <testcase classname="org.bukkit.PerMaterialTest" name="maxStackSize[141: CHORUS_FRUIT]" time="0"/>
  <testcase classname="org.bukkit.PerMaterialTest" name="isTransparent[141: CHORUS_FRUIT]" time="0.001"/>
  <testcase classname="org.bukkit.PerMaterialTest" name="testBlockDataCreation[141: CHORUS_FRUIT]" time="0"/>
  <testcase classname="org.bukkit.PerMaterialTest" name="isBlock[141: CHORUS_FRUIT]" time="0"/>
  <testcase classname="org.bukkit.PerMaterialTest" name="isSolid[141: CHORUS_FRUIT]" time="0"/>
  <testcase classname="org.bukkit.PerMaterialTest" name="hasGravity[142: CHORUS_PLANT]" time="0"/>
  <testcase classname="org.bukkit.PerMaterialTest" name="isBurnable[142: CHORUS_PLANT]" time="0"/>
  <testcase classname="org.bukkit.PerMaterialTest" name="testInteractable[142: CHORUS_PLANT]" time="0"/>
  <testcase classname="org.bukkit.PerMaterialTest" name="testBlock[142: CHORUS_PLANT]" time="0"/>
  <testcase classname="org.bukkit.PerMaterialTest" name="isFuel[142: CHORUS_PLANT]" time="0"/>
  <testcase classname="org.bukkit.PerMaterialTest" name="testItem[142: CHORUS_PLANT]" time="0"/>
  <testcase classname="org.bukkit.PerMaterialTest" name="testBlastResistance[142: CHORUS_PLANT]" time="0"/>
  <testcase classname="org.bukkit.PerMaterialTest" name="isEdible[142: CHORUS_PLANT]" time="0"/>
  <testcase classname="org.bukkit.PerMaterialTest" name="maxDurability[142: CHORUS_PLANT]" time="0"/>
  <testcase classname="org.bukkit.PerMaterialTest" name="usesDurability[142: CHORUS_PLANT]" time="0"/>
  <testcase classname="org.bukkit.PerMaterialTest" name="isOccluding[142: CHORUS_PLANT]" time="0"/>
  <testcase classname="org.bukkit.PerMaterialTest" name="isRecord[142: CHORUS_PLANT]" time="0"/>
  <testcase classname="org.bukkit.PerMaterialTest" name="isFlammable[142: CHORUS_PLANT]" time="0"/>
  <testcase classname="org.bukkit.PerMaterialTest" name="testDurability[142: CHORUS_PLANT]" time="0"/>
  <testcase classname="org.bukkit.PerMaterialTest" name="testBlockHardness[142: CHORUS_PLANT]" time="0"/>
  <testcase classname="org.bukkit.PerMaterialTest" name="maxStackSize[142: CHORUS_PLANT]" time="0"/>
  <testcase classname="org.bukkit.PerMaterialTest" name="isTransparent[142: CHORUS_PLANT]" time="0"/>
  <testcase classname="org.bukkit.PerMaterialTest" name="testBlockDataCreation[142: CHORUS_PLANT]" time="0"/>
  <testcase classname="org.bukkit.PerMaterialTest" name="isBlock[142: CHORUS_PLANT]" time="0"/>
  <testcase classname="org.bukkit.PerMaterialTest" name="isSolid[142: CHORUS_PLANT]" time="0"/>
  <testcase classname="org.bukkit.PerMaterialTest" name="hasGravity[143: CLAY]" time="0"/>
  <testcase classname="org.bukkit.PerMaterialTest" name="isBurnable[143: CLAY]" time="0"/>
  <testcase classname="org.bukkit.PerMaterialTest" name="testInteractable[143: CLAY]" time="0"/>
  <testcase classname="org.bukkit.PerMaterialTest" name="testBlock[143: CLAY]" time="0"/>
  <testcase classname="org.bukkit.PerMaterialTest" name="isFuel[143: CLAY]" time="0"/>
  <testcase classname="org.bukkit.PerMaterialTest" name="testItem[143: CLAY]" time="0"/>
  <testcase classname="org.bukkit.PerMaterialTest" name="testBlastResistance[143: CLAY]" time="0.001"/>
  <testcase classname="org.bukkit.PerMaterialTest" name="isEdible[143: CLAY]" time="0"/>
  <testcase classname="org.bukkit.PerMaterialTest" name="maxDurability[143: CLAY]" time="0"/>
  <testcase classname="org.bukkit.PerMaterialTest" name="usesDurability[143: CLAY]" time="0"/>
  <testcase classname="org.bukkit.PerMaterialTest" name="isOccluding[143: CLAY]" time="0"/>
  <testcase classname="org.bukkit.PerMaterialTest" name="isRecord[143: CLAY]" time="0"/>
  <testcase classname="org.bukkit.PerMaterialTest" name="isFlammable[143: CLAY]" time="0"/>
  <testcase classname="org.bukkit.PerMaterialTest" name="testDurability[143: CLAY]" time="0"/>
  <testcase classname="org.bukkit.PerMaterialTest" name="testBlockHardness[143: CLAY]" time="0"/>
  <testcase classname="org.bukkit.PerMaterialTest" name="maxStackSize[143: CLAY]" time="0"/>
  <testcase classname="org.bukkit.PerMaterialTest" name="isTransparent[143: CLAY]" time="0"/>
  <testcase classname="org.bukkit.PerMaterialTest" name="testBlockDataCreation[143: CLAY]" time="0"/>
  <testcase classname="org.bukkit.PerMaterialTest" name="isBlock[143: CLAY]" time="0"/>
  <testcase classname="org.bukkit.PerMaterialTest" name="isSolid[143: CLAY]" time="0"/>
  <testcase classname="org.bukkit.PerMaterialTest" name="hasGravity[144: CLAY_BALL]" time="0"/>
  <testcase classname="org.bukkit.PerMaterialTest" name="isBurnable[144: CLAY_BALL]" time="0"/>
  <testcase classname="org.bukkit.PerMaterialTest" name="testInteractable[144: CLAY_BALL]" time="0"/>
  <testcase classname="org.bukkit.PerMaterialTest" name="testBlock[144: CLAY_BALL]" time="0"/>
  <testcase classname="org.bukkit.PerMaterialTest" name="isFuel[144: CLAY_BALL]" time="0.001"/>
  <testcase classname="org.bukkit.PerMaterialTest" name="testItem[144: CLAY_BALL]" time="0"/>
  <testcase classname="org.bukkit.PerMaterialTest" name="testBlastResistance[144: CLAY_BALL]" time="0"/>
  <testcase classname="org.bukkit.PerMaterialTest" name="isEdible[144: CLAY_BALL]" time="0"/>
  <testcase classname="org.bukkit.PerMaterialTest" name="maxDurability[144: CLAY_BALL]" time="0"/>
  <testcase classname="org.bukkit.PerMaterialTest" name="usesDurability[144: CLAY_BALL]" time="0"/>
  <testcase classname="org.bukkit.PerMaterialTest" name="isOccluding[144: CLAY_BALL]" time="0"/>
  <testcase classname="org.bukkit.PerMaterialTest" name="isRecord[144: CLAY_BALL]" time="0.001"/>
  <testcase classname="org.bukkit.PerMaterialTest" name="isFlammable[144: CLAY_BALL]" time="0"/>
  <testcase classname="org.bukkit.PerMaterialTest" name="testDurability[144: CLAY_BALL]" time="0"/>
  <testcase classname="org.bukkit.PerMaterialTest" name="testBlockHardness[144: CLAY_BALL]" time="0"/>
  <testcase classname="org.bukkit.PerMaterialTest" name="maxStackSize[144: CLAY_BALL]" time="0"/>
  <testcase classname="org.bukkit.PerMaterialTest" name="isTransparent[144: CLAY_BALL]" time="0"/>
  <testcase classname="org.bukkit.PerMaterialTest" name="testBlockDataCreation[144: CLAY_BALL]" time="0"/>
  <testcase classname="org.bukkit.PerMaterialTest" name="isBlock[144: CLAY_BALL]" time="0"/>
  <testcase classname="org.bukkit.PerMaterialTest" name="isSolid[144: CLAY_BALL]" time="0"/>
  <testcase classname="org.bukkit.PerMaterialTest" name="hasGravity[145: CLOCK]" time="0"/>
  <testcase classname="org.bukkit.PerMaterialTest" name="isBurnable[145: CLOCK]" time="0"/>
  <testcase classname="org.bukkit.PerMaterialTest" name="testInteractable[145: CLOCK]" time="0"/>
  <testcase classname="org.bukkit.PerMaterialTest" name="testBlock[145: CLOCK]" time="0"/>
  <testcase classname="org.bukkit.PerMaterialTest" name="isFuel[145: CLOCK]" time="0"/>
  <testcase classname="org.bukkit.PerMaterialTest" name="testItem[145: CLOCK]" time="0.001"/>
  <testcase classname="org.bukkit.PerMaterialTest" name="testBlastResistance[145: CLOCK]" time="0"/>
  <testcase classname="org.bukkit.PerMaterialTest" name="isEdible[145: CLOCK]" time="0"/>
  <testcase classname="org.bukkit.PerMaterialTest" name="maxDurability[145: CLOCK]" time="0"/>
  <testcase classname="org.bukkit.PerMaterialTest" name="usesDurability[145: CLOCK]" time="0"/>
  <testcase classname="org.bukkit.PerMaterialTest" name="isOccluding[145: CLOCK]" time="0"/>
  <testcase classname="org.bukkit.PerMaterialTest" name="isRecord[145: CLOCK]" time="0"/>
  <testcase classname="org.bukkit.PerMaterialTest" name="isFlammable[145: CLOCK]" time="0"/>
  <testcase classname="org.bukkit.PerMaterialTest" name="testDurability[145: CLOCK]" time="0.001"/>
  <testcase classname="org.bukkit.PerMaterialTest" name="testBlockHardness[145: CLOCK]" time="0"/>
  <testcase classname="org.bukkit.PerMaterialTest" name="maxStackSize[145: CLOCK]" time="0"/>
  <testcase classname="org.bukkit.PerMaterialTest" name="isTransparent[145: CLOCK]" time="0"/>
  <testcase classname="org.bukkit.PerMaterialTest" name="testBlockDataCreation[145: CLOCK]" time="0"/>
  <testcase classname="org.bukkit.PerMaterialTest" name="isBlock[145: CLOCK]" time="0"/>
  <testcase classname="org.bukkit.PerMaterialTest" name="isSolid[145: CLOCK]" time="0"/>
  <testcase classname="org.bukkit.PerMaterialTest" name="hasGravity[146: COAL]" time="0"/>
  <testcase classname="org.bukkit.PerMaterialTest" name="isBurnable[146: COAL]" time="0.001"/>
  <testcase classname="org.bukkit.PerMaterialTest" name="testInteractable[146: COAL]" time="0"/>
  <testcase classname="org.bukkit.PerMaterialTest" name="testBlock[146: COAL]" time="0"/>
  <testcase classname="org.bukkit.PerMaterialTest" name="isFuel[146: COAL]" time="0"/>
  <testcase classname="org.bukkit.PerMaterialTest" name="testItem[146: COAL]" time="0"/>
  <testcase classname="org.bukkit.PerMaterialTest" name="testBlastResistance[146: COAL]" time="0"/>
  <testcase classname="org.bukkit.PerMaterialTest" name="isEdible[146: COAL]" time="0"/>
  <testcase classname="org.bukkit.PerMaterialTest" name="maxDurability[146: COAL]" time="0"/>
  <testcase classname="org.bukkit.PerMaterialTest" name="usesDurability[146: COAL]" time="0"/>
  <testcase classname="org.bukkit.PerMaterialTest" name="isOccluding[146: COAL]" time="0"/>
  <testcase classname="org.bukkit.PerMaterialTest" name="isRecord[146: COAL]" time="0"/>
  <testcase classname="org.bukkit.PerMaterialTest" name="isFlammable[146: COAL]" time="0"/>
  <testcase classname="org.bukkit.PerMaterialTest" name="testDurability[146: COAL]" time="0"/>
  <testcase classname="org.bukkit.PerMaterialTest" name="testBlockHardness[146: COAL]" time="0"/>
  <testcase classname="org.bukkit.PerMaterialTest" name="maxStackSize[146: COAL]" time="0.001"/>
  <testcase classname="org.bukkit.PerMaterialTest" name="isTransparent[146: COAL]" time="0"/>
  <testcase classname="org.bukkit.PerMaterialTest" name="testBlockDataCreation[146: COAL]" time="0"/>
  <testcase classname="org.bukkit.PerMaterialTest" name="isBlock[146: COAL]" time="0"/>
  <testcase classname="org.bukkit.PerMaterialTest" name="isSolid[146: COAL]" time="0"/>
  <testcase classname="org.bukkit.PerMaterialTest" name="hasGravity[147: COAL_BLOCK]" time="0"/>
  <testcase classname="org.bukkit.PerMaterialTest" name="isBurnable[147: COAL_BLOCK]" time="0"/>
  <testcase classname="org.bukkit.PerMaterialTest" name="testInteractable[147: COAL_BLOCK]" time="0"/>
  <testcase classname="org.bukkit.PerMaterialTest" name="testBlock[147: COAL_BLOCK]" time="0"/>
  <testcase classname="org.bukkit.PerMaterialTest" name="isFuel[147: COAL_BLOCK]" time="0"/>
  <testcase classname="org.bukkit.PerMaterialTest" name="testItem[147: COAL_BLOCK]" time="0"/>
  <testcase classname="org.bukkit.PerMaterialTest" name="testBlastResistance[147: COAL_BLOCK]" time="0"/>
  <testcase classname="org.bukkit.PerMaterialTest" name="isEdible[147: COAL_BLOCK]" time="0"/>
  <testcase classname="org.bukkit.PerMaterialTest" name="maxDurability[147: COAL_BLOCK]" time="0"/>
  <testcase classname="org.bukkit.PerMaterialTest" name="usesDurability[147: COAL_BLOCK]" time="0"/>
  <testcase classname="org.bukkit.PerMaterialTest" name="isOccluding[147: COAL_BLOCK]" time="0"/>
  <testcase classname="org.bukkit.PerMaterialTest" name="isRecord[147: COAL_BLOCK]" time="0"/>
  <testcase classname="org.bukkit.PerMaterialTest" name="isFlammable[147: COAL_BLOCK]" time="0"/>
  <testcase classname="org.bukkit.PerMaterialTest" name="testDurability[147: COAL_BLOCK]" time="0"/>
  <testcase classname="org.bukkit.PerMaterialTest" name="testBlockHardness[147: COAL_BLOCK]" time="0"/>
  <testcase classname="org.bukkit.PerMaterialTest" name="maxStackSize[147: COAL_BLOCK]" time="0"/>
  <testcase classname="org.bukkit.PerMaterialTest" name="isTransparent[147: COAL_BLOCK]" time="0"/>
  <testcase classname="org.bukkit.PerMaterialTest" name="testBlockDataCreation[147: COAL_BLOCK]" time="0"/>
  <testcase classname="org.bukkit.PerMaterialTest" name="isBlock[147: COAL_BLOCK]" time="0"/>
  <testcase classname="org.bukkit.PerMaterialTest" name="isSolid[147: COAL_BLOCK]" time="0"/>
  <testcase classname="org.bukkit.PerMaterialTest" name="hasGravity[148: COAL_ORE]" time="0"/>
  <testcase classname="org.bukkit.PerMaterialTest" name="isBurnable[148: COAL_ORE]" time="0"/>
  <testcase classname="org.bukkit.PerMaterialTest" name="testInteractable[148: COAL_ORE]" time="0.001"/>
  <testcase classname="org.bukkit.PerMaterialTest" name="testBlock[148: COAL_ORE]" time="0"/>
  <testcase classname="org.bukkit.PerMaterialTest" name="isFuel[148: COAL_ORE]" time="0"/>
  <testcase classname="org.bukkit.PerMaterialTest" name="testItem[148: COAL_ORE]" time="0"/>
  <testcase classname="org.bukkit.PerMaterialTest" name="testBlastResistance[148: COAL_ORE]" time="0"/>
  <testcase classname="org.bukkit.PerMaterialTest" name="isEdible[148: COAL_ORE]" time="0"/>
  <testcase classname="org.bukkit.PerMaterialTest" name="maxDurability[148: COAL_ORE]" time="0.001"/>
  <testcase classname="org.bukkit.PerMaterialTest" name="usesDurability[148: COAL_ORE]" time="0"/>
  <testcase classname="org.bukkit.PerMaterialTest" name="isOccluding[148: COAL_ORE]" time="0"/>
  <testcase classname="org.bukkit.PerMaterialTest" name="isRecord[148: COAL_ORE]" time="0"/>
  <testcase classname="org.bukkit.PerMaterialTest" name="isFlammable[148: COAL_ORE]" time="0"/>
  <testcase classname="org.bukkit.PerMaterialTest" name="testDurability[148: COAL_ORE]" time="0"/>
  <testcase classname="org.bukkit.PerMaterialTest" name="testBlockHardness[148: COAL_ORE]" time="0"/>
  <testcase classname="org.bukkit.PerMaterialTest" name="maxStackSize[148: COAL_ORE]" time="0.001"/>
  <testcase classname="org.bukkit.PerMaterialTest" name="isTransparent[148: COAL_ORE]" time="0"/>
  <testcase classname="org.bukkit.PerMaterialTest" name="testBlockDataCreation[148: COAL_ORE]" time="0"/>
  <testcase classname="org.bukkit.PerMaterialTest" name="isBlock[148: COAL_ORE]" time="0"/>
  <testcase classname="org.bukkit.PerMaterialTest" name="isSolid[148: COAL_ORE]" time="0"/>
  <testcase classname="org.bukkit.PerMaterialTest" name="hasGravity[149: COARSE_DIRT]" time="0"/>
  <testcase classname="org.bukkit.PerMaterialTest" name="isBurnable[149: COARSE_DIRT]" time="0"/>
  <testcase classname="org.bukkit.PerMaterialTest" name="testInteractable[149: COARSE_DIRT]" time="0"/>
  <testcase classname="org.bukkit.PerMaterialTest" name="testBlock[149: COARSE_DIRT]" time="0"/>
  <testcase classname="org.bukkit.PerMaterialTest" name="isFuel[149: COARSE_DIRT]" time="0"/>
  <testcase classname="org.bukkit.PerMaterialTest" name="testItem[149: COARSE_DIRT]" time="0"/>
  <testcase classname="org.bukkit.PerMaterialTest" name="testBlastResistance[149: COARSE_DIRT]" time="0"/>
  <testcase classname="org.bukkit.PerMaterialTest" name="isEdible[149: COARSE_DIRT]" time="0"/>
  <testcase classname="org.bukkit.PerMaterialTest" name="maxDurability[149: COARSE_DIRT]" time="0"/>
  <testcase classname="org.bukkit.PerMaterialTest" name="usesDurability[149: COARSE_DIRT]" time="0"/>
  <testcase classname="org.bukkit.PerMaterialTest" name="isOccluding[149: COARSE_DIRT]" time="0"/>
  <testcase classname="org.bukkit.PerMaterialTest" name="isRecord[149: COARSE_DIRT]" time="0"/>
  <testcase classname="org.bukkit.PerMaterialTest" name="isFlammable[149: COARSE_DIRT]" time="0"/>
  <testcase classname="org.bukkit.PerMaterialTest" name="testDurability[149: COARSE_DIRT]" time="0"/>
  <testcase classname="org.bukkit.PerMaterialTest" name="testBlockHardness[149: COARSE_DIRT]" time="0"/>
  <testcase classname="org.bukkit.PerMaterialTest" name="maxStackSize[149: COARSE_DIRT]" time="0"/>
  <testcase classname="org.bukkit.PerMaterialTest" name="isTransparent[149: COARSE_DIRT]" time="0"/>
  <testcase classname="org.bukkit.PerMaterialTest" name="testBlockDataCreation[149: COARSE_DIRT]" time="0"/>
  <testcase classname="org.bukkit.PerMaterialTest" name="isBlock[149: COARSE_DIRT]" time="0"/>
  <testcase classname="org.bukkit.PerMaterialTest" name="isSolid[149: COARSE_DIRT]" time="0"/>
  <testcase classname="org.bukkit.PerMaterialTest" name="hasGravity[150: COBBLESTONE]" time="0"/>
  <testcase classname="org.bukkit.PerMaterialTest" name="isBurnable[150: COBBLESTONE]" time="0"/>
  <testcase classname="org.bukkit.PerMaterialTest" name="testInteractable[150: COBBLESTONE]" time="0"/>
  <testcase classname="org.bukkit.PerMaterialTest" name="testBlock[150: COBBLESTONE]" time="0"/>
  <testcase classname="org.bukkit.PerMaterialTest" name="isFuel[150: COBBLESTONE]" time="0"/>
  <testcase classname="org.bukkit.PerMaterialTest" name="testItem[150: COBBLESTONE]" time="0"/>
  <testcase classname="org.bukkit.PerMaterialTest" name="testBlastResistance[150: COBBLESTONE]" time="0"/>
  <testcase classname="org.bukkit.PerMaterialTest" name="isEdible[150: COBBLESTONE]" time="0"/>
  <testcase classname="org.bukkit.PerMaterialTest" name="maxDurability[150: COBBLESTONE]" time="0"/>
  <testcase classname="org.bukkit.PerMaterialTest" name="usesDurability[150: COBBLESTONE]" time="0"/>
  <testcase classname="org.bukkit.PerMaterialTest" name="isOccluding[150: COBBLESTONE]" time="0"/>
  <testcase classname="org.bukkit.PerMaterialTest" name="isRecord[150: COBBLESTONE]" time="0"/>
  <testcase classname="org.bukkit.PerMaterialTest" name="isFlammable[150: COBBLESTONE]" time="0"/>
  <testcase classname="org.bukkit.PerMaterialTest" name="testDurability[150: COBBLESTONE]" time="0"/>
  <testcase classname="org.bukkit.PerMaterialTest" name="testBlockHardness[150: COBBLESTONE]" time="0"/>
  <testcase classname="org.bukkit.PerMaterialTest" name="maxStackSize[150: COBBLESTONE]" time="0"/>
  <testcase classname="org.bukkit.PerMaterialTest" name="isTransparent[150: COBBLESTONE]" time="0.001"/>
  <testcase classname="org.bukkit.PerMaterialTest" name="testBlockDataCreation[150: COBBLESTONE]" time="0"/>
  <testcase classname="org.bukkit.PerMaterialTest" name="isBlock[150: COBBLESTONE]" time="0"/>
  <testcase classname="org.bukkit.PerMaterialTest" name="isSolid[150: COBBLESTONE]" time="0"/>
  <testcase classname="org.bukkit.PerMaterialTest" name="hasGravity[151: COBBLESTONE_SLAB]" time="0"/>
  <testcase classname="org.bukkit.PerMaterialTest" name="isBurnable[151: COBBLESTONE_SLAB]" time="0"/>
  <testcase classname="org.bukkit.PerMaterialTest" name="testInteractable[151: COBBLESTONE_SLAB]" time="0"/>
  <testcase classname="org.bukkit.PerMaterialTest" name="testBlock[151: COBBLESTONE_SLAB]" time="0.001"/>
  <testcase classname="org.bukkit.PerMaterialTest" name="isFuel[151: COBBLESTONE_SLAB]" time="0"/>
  <testcase classname="org.bukkit.PerMaterialTest" name="testItem[151: COBBLESTONE_SLAB]" time="0"/>
  <testcase classname="org.bukkit.PerMaterialTest" name="testBlastResistance[151: COBBLESTONE_SLAB]" time="0"/>
  <testcase classname="org.bukkit.PerMaterialTest" name="isEdible[151: COBBLESTONE_SLAB]" time="0"/>
  <testcase classname="org.bukkit.PerMaterialTest" name="maxDurability[151: COBBLESTONE_SLAB]" time="0"/>
  <testcase classname="org.bukkit.PerMaterialTest" name="usesDurability[151: COBBLESTONE_SLAB]" time="0.001"/>
  <testcase classname="org.bukkit.PerMaterialTest" name="isOccluding[151: COBBLESTONE_SLAB]" time="0"/>
  <testcase classname="org.bukkit.PerMaterialTest" name="isRecord[151: COBBLESTONE_SLAB]" time="0"/>
  <testcase classname="org.bukkit.PerMaterialTest" name="isFlammable[151: COBBLESTONE_SLAB]" time="0"/>
  <testcase classname="org.bukkit.PerMaterialTest" name="testDurability[151: COBBLESTONE_SLAB]" time="0"/>
  <testcase classname="org.bukkit.PerMaterialTest" name="testBlockHardness[151: COBBLESTONE_SLAB]" time="0"/>
  <testcase classname="org.bukkit.PerMaterialTest" name="maxStackSize[151: COBBLESTONE_SLAB]" time="0"/>
  <testcase classname="org.bukkit.PerMaterialTest" name="isTransparent[151: COBBLESTONE_SLAB]" time="0.001"/>
  <testcase classname="org.bukkit.PerMaterialTest" name="testBlockDataCreation[151: COBBLESTONE_SLAB]" time="0"/>
  <testcase classname="org.bukkit.PerMaterialTest" name="isBlock[151: COBBLESTONE_SLAB]" time="0"/>
  <testcase classname="org.bukkit.PerMaterialTest" name="isSolid[151: COBBLESTONE_SLAB]" time="0"/>
  <testcase classname="org.bukkit.PerMaterialTest" name="hasGravity[152: COBBLESTONE_STAIRS]" time="0"/>
  <testcase classname="org.bukkit.PerMaterialTest" name="isBurnable[152: COBBLESTONE_STAIRS]" time="0"/>
  <testcase classname="org.bukkit.PerMaterialTest" name="testInteractable[152: COBBLESTONE_STAIRS]" time="0"/>
  <testcase classname="org.bukkit.PerMaterialTest" name="testBlock[152: COBBLESTONE_STAIRS]" time="0.001"/>
  <testcase classname="org.bukkit.PerMaterialTest" name="isFuel[152: COBBLESTONE_STAIRS]" time="0"/>
  <testcase classname="org.bukkit.PerMaterialTest" name="testItem[152: COBBLESTONE_STAIRS]" time="0"/>
  <testcase classname="org.bukkit.PerMaterialTest" name="testBlastResistance[152: COBBLESTONE_STAIRS]" time="0"/>
  <testcase classname="org.bukkit.PerMaterialTest" name="isEdible[152: COBBLESTONE_STAIRS]" time="0"/>
  <testcase classname="org.bukkit.PerMaterialTest" name="maxDurability[152: COBBLESTONE_STAIRS]" time="0"/>
  <testcase classname="org.bukkit.PerMaterialTest" name="usesDurability[152: COBBLESTONE_STAIRS]" time="0.001"/>
  <testcase classname="org.bukkit.PerMaterialTest" name="isOccluding[152: COBBLESTONE_STAIRS]" time="0"/>
  <testcase classname="org.bukkit.PerMaterialTest" name="isRecord[152: COBBLESTONE_STAIRS]" time="0"/>
  <testcase classname="org.bukkit.PerMaterialTest" name="isFlammable[152: COBBLESTONE_STAIRS]" time="0"/>
  <testcase classname="org.bukkit.PerMaterialTest" name="testDurability[152: COBBLESTONE_STAIRS]" time="0"/>
  <testcase classname="org.bukkit.PerMaterialTest" name="testBlockHardness[152: COBBLESTONE_STAIRS]" time="0"/>
  <testcase classname="org.bukkit.PerMaterialTest" name="maxStackSize[152: COBBLESTONE_STAIRS]" time="0"/>
  <testcase classname="org.bukkit.PerMaterialTest" name="isTransparent[152: COBBLESTONE_STAIRS]" time="0"/>
  <testcase classname="org.bukkit.PerMaterialTest" name="testBlockDataCreation[152: COBBLESTONE_STAIRS]" time="0"/>
  <testcase classname="org.bukkit.PerMaterialTest" name="isBlock[152: COBBLESTONE_STAIRS]" time="0"/>
  <testcase classname="org.bukkit.PerMaterialTest" name="isSolid[152: COBBLESTONE_STAIRS]" time="0"/>
  <testcase classname="org.bukkit.PerMaterialTest" name="hasGravity[153: COBBLESTONE_WALL]" time="0"/>
  <testcase classname="org.bukkit.PerMaterialTest" name="isBurnable[153: COBBLESTONE_WALL]" time="0"/>
  <testcase classname="org.bukkit.PerMaterialTest" name="testInteractable[153: COBBLESTONE_WALL]" time="0.001"/>
  <testcase classname="org.bukkit.PerMaterialTest" name="testBlock[153: COBBLESTONE_WALL]" time="0"/>
  <testcase classname="org.bukkit.PerMaterialTest" name="isFuel[153: COBBLESTONE_WALL]" time="0"/>
  <testcase classname="org.bukkit.PerMaterialTest" name="testItem[153: COBBLESTONE_WALL]" time="0"/>
  <testcase classname="org.bukkit.PerMaterialTest" name="testBlastResistance[153: COBBLESTONE_WALL]" time="0"/>
  <testcase classname="org.bukkit.PerMaterialTest" name="isEdible[153: COBBLESTONE_WALL]" time="0"/>
  <testcase classname="org.bukkit.PerMaterialTest" name="maxDurability[153: COBBLESTONE_WALL]" time="0"/>
  <testcase classname="org.bukkit.PerMaterialTest" name="usesDurability[153: COBBLESTONE_WALL]" time="0"/>
  <testcase classname="org.bukkit.PerMaterialTest" name="isOccluding[153: COBBLESTONE_WALL]" time="0"/>
  <testcase classname="org.bukkit.PerMaterialTest" name="isRecord[153: COBBLESTONE_WALL]" time="0"/>
  <testcase classname="org.bukkit.PerMaterialTest" name="isFlammable[153: COBBLESTONE_WALL]" time="0"/>
  <testcase classname="org.bukkit.PerMaterialTest" name="testDurability[153: COBBLESTONE_WALL]" time="0"/>
  <testcase classname="org.bukkit.PerMaterialTest" name="testBlockHardness[153: COBBLESTONE_WALL]" time="0"/>
  <testcase classname="org.bukkit.PerMaterialTest" name="maxStackSize[153: COBBLESTONE_WALL]" time="0.001"/>
  <testcase classname="org.bukkit.PerMaterialTest" name="isTransparent[153: COBBLESTONE_WALL]" time="0"/>
  <testcase classname="org.bukkit.PerMaterialTest" name="testBlockDataCreation[153: COBBLESTONE_WALL]" time="0"/>
  <testcase classname="org.bukkit.PerMaterialTest" name="isBlock[153: COBBLESTONE_WALL]" time="0"/>
  <testcase classname="org.bukkit.PerMaterialTest" name="isSolid[153: COBBLESTONE_WALL]" time="0"/>
  <testcase classname="org.bukkit.PerMaterialTest" name="hasGravity[154: COBWEB]" time="0"/>
  <testcase classname="org.bukkit.PerMaterialTest" name="isBurnable[154: COBWEB]" time="0"/>
  <testcase classname="org.bukkit.PerMaterialTest" name="testInteractable[154: COBWEB]" time="0.001"/>
  <testcase classname="org.bukkit.PerMaterialTest" name="testBlock[154: COBWEB]" time="0"/>
  <testcase classname="org.bukkit.PerMaterialTest" name="isFuel[154: COBWEB]" time="0"/>
  <testcase classname="org.bukkit.PerMaterialTest" name="testItem[154: COBWEB]" time="0"/>
  <testcase classname="org.bukkit.PerMaterialTest" name="testBlastResistance[154: COBWEB]" time="0"/>
  <testcase classname="org.bukkit.PerMaterialTest" name="isEdible[154: COBWEB]" time="0"/>
  <testcase classname="org.bukkit.PerMaterialTest" name="maxDurability[154: COBWEB]" time="0"/>
  <testcase classname="org.bukkit.PerMaterialTest" name="usesDurability[154: COBWEB]" time="0"/>
  <testcase classname="org.bukkit.PerMaterialTest" name="isOccluding[154: COBWEB]" time="0"/>
  <testcase classname="org.bukkit.PerMaterialTest" name="isRecord[154: COBWEB]" time="0"/>
  <testcase classname="org.bukkit.PerMaterialTest" name="isFlammable[154: COBWEB]" time="0"/>
  <testcase classname="org.bukkit.PerMaterialTest" name="testDurability[154: COBWEB]" time="0"/>
  <testcase classname="org.bukkit.PerMaterialTest" name="testBlockHardness[154: COBWEB]" time="0"/>
  <testcase classname="org.bukkit.PerMaterialTest" name="maxStackSize[154: COBWEB]" time="0"/>
  <testcase classname="org.bukkit.PerMaterialTest" name="isTransparent[154: COBWEB]" time="0"/>
  <testcase classname="org.bukkit.PerMaterialTest" name="testBlockDataCreation[154: COBWEB]" time="0"/>
  <testcase classname="org.bukkit.PerMaterialTest" name="isBlock[154: COBWEB]" time="0"/>
  <testcase classname="org.bukkit.PerMaterialTest" name="isSolid[154: COBWEB]" time="0"/>
  <testcase classname="org.bukkit.PerMaterialTest" name="hasGravity[155: COCOA]" time="0"/>
  <testcase classname="org.bukkit.PerMaterialTest" name="isBurnable[155: COCOA]" time="0"/>
  <testcase classname="org.bukkit.PerMaterialTest" name="testInteractable[155: COCOA]" time="0.001"/>
  <testcase classname="org.bukkit.PerMaterialTest" name="testBlock[155: COCOA]" time="0"/>
  <testcase classname="org.bukkit.PerMaterialTest" name="isFuel[155: COCOA]" time="0"/>
  <testcase classname="org.bukkit.PerMaterialTest" name="testItem[155: COCOA]" time="0"/>
  <testcase classname="org.bukkit.PerMaterialTest" name="testBlastResistance[155: COCOA]" time="0"/>
  <testcase classname="org.bukkit.PerMaterialTest" name="isEdible[155: COCOA]" time="0"/>
  <testcase classname="org.bukkit.PerMaterialTest" name="maxDurability[155: COCOA]" time="0"/>
  <testcase classname="org.bukkit.PerMaterialTest" name="usesDurability[155: COCOA]" time="0"/>
  <testcase classname="org.bukkit.PerMaterialTest" name="isOccluding[155: COCOA]" time="0"/>
  <testcase classname="org.bukkit.PerMaterialTest" name="isRecord[155: COCOA]" time="0"/>
  <testcase classname="org.bukkit.PerMaterialTest" name="isFlammable[155: COCOA]" time="0"/>
  <testcase classname="org.bukkit.PerMaterialTest" name="testDurability[155: COCOA]" time="0"/>
  <testcase classname="org.bukkit.PerMaterialTest" name="testBlockHardness[155: COCOA]" time="0"/>
  <testcase classname="org.bukkit.PerMaterialTest" name="maxStackSize[155: COCOA]" time="0"/>
  <testcase classname="org.bukkit.PerMaterialTest" name="isTransparent[155: COCOA]" time="0"/>
  <testcase classname="org.bukkit.PerMaterialTest" name="testBlockDataCreation[155: COCOA]" time="0"/>
  <testcase classname="org.bukkit.PerMaterialTest" name="isBlock[155: COCOA]" time="0"/>
  <testcase classname="org.bukkit.PerMaterialTest" name="isSolid[155: COCOA]" time="0"/>
  <testcase classname="org.bukkit.PerMaterialTest" name="hasGravity[156: COCOA_BEANS]" time="0"/>
  <testcase classname="org.bukkit.PerMaterialTest" name="isBurnable[156: COCOA_BEANS]" time="0"/>
  <testcase classname="org.bukkit.PerMaterialTest" name="testInteractable[156: COCOA_BEANS]" time="0"/>
  <testcase classname="org.bukkit.PerMaterialTest" name="testBlock[156: COCOA_BEANS]" time="0"/>
  <testcase classname="org.bukkit.PerMaterialTest" name="isFuel[156: COCOA_BEANS]" time="0"/>
  <testcase classname="org.bukkit.PerMaterialTest" name="testItem[156: COCOA_BEANS]" time="0"/>
  <testcase classname="org.bukkit.PerMaterialTest" name="testBlastResistance[156: COCOA_BEANS]" time="0"/>
  <testcase classname="org.bukkit.PerMaterialTest" name="isEdible[156: COCOA_BEANS]" time="0"/>
  <testcase classname="org.bukkit.PerMaterialTest" name="maxDurability[156: COCOA_BEANS]" time="0.001"/>
  <testcase classname="org.bukkit.PerMaterialTest" name="usesDurability[156: COCOA_BEANS]" time="0"/>
  <testcase classname="org.bukkit.PerMaterialTest" name="isOccluding[156: COCOA_BEANS]" time="0"/>
  <testcase classname="org.bukkit.PerMaterialTest" name="isRecord[156: COCOA_BEANS]" time="0"/>
  <testcase classname="org.bukkit.PerMaterialTest" name="isFlammable[156: COCOA_BEANS]" time="0"/>
  <testcase classname="org.bukkit.PerMaterialTest" name="testDurability[156: COCOA_BEANS]" time="0"/>
  <testcase classname="org.bukkit.PerMaterialTest" name="testBlockHardness[156: COCOA_BEANS]" time="0"/>
  <testcase classname="org.bukkit.PerMaterialTest" name="maxStackSize[156: COCOA_BEANS]" time="0"/>
  <testcase classname="org.bukkit.PerMaterialTest" name="isTransparent[156: COCOA_BEANS]" time="0"/>
  <testcase classname="org.bukkit.PerMaterialTest" name="testBlockDataCreation[156: COCOA_BEANS]" time="0"/>
  <testcase classname="org.bukkit.PerMaterialTest" name="isBlock[156: COCOA_BEANS]" time="0"/>
  <testcase classname="org.bukkit.PerMaterialTest" name="isSolid[156: COCOA_BEANS]" time="0"/>
  <testcase classname="org.bukkit.PerMaterialTest" name="hasGravity[157: COD]" time="0"/>
  <testcase classname="org.bukkit.PerMaterialTest" name="isBurnable[157: COD]" time="0"/>
  <testcase classname="org.bukkit.PerMaterialTest" name="testInteractable[157: COD]" time="0"/>
  <testcase classname="org.bukkit.PerMaterialTest" name="testBlock[157: COD]" time="0"/>
  <testcase classname="org.bukkit.PerMaterialTest" name="isFuel[157: COD]" time="0"/>
  <testcase classname="org.bukkit.PerMaterialTest" name="testItem[157: COD]" time="0"/>
  <testcase classname="org.bukkit.PerMaterialTest" name="testBlastResistance[157: COD]" time="0"/>
  <testcase classname="org.bukkit.PerMaterialTest" name="isEdible[157: COD]" time="0"/>
  <testcase classname="org.bukkit.PerMaterialTest" name="maxDurability[157: COD]" time="0"/>
  <testcase classname="org.bukkit.PerMaterialTest" name="usesDurability[157: COD]" time="0"/>
  <testcase classname="org.bukkit.PerMaterialTest" name="isOccluding[157: COD]" time="0"/>
  <testcase classname="org.bukkit.PerMaterialTest" name="isRecord[157: COD]" time="0"/>
  <testcase classname="org.bukkit.PerMaterialTest" name="isFlammable[157: COD]" time="0"/>
  <testcase classname="org.bukkit.PerMaterialTest" name="testDurability[157: COD]" time="0"/>
  <testcase classname="org.bukkit.PerMaterialTest" name="testBlockHardness[157: COD]" time="0"/>
  <testcase classname="org.bukkit.PerMaterialTest" name="maxStackSize[157: COD]" time="0"/>
  <testcase classname="org.bukkit.PerMaterialTest" name="isTransparent[157: COD]" time="0"/>
  <testcase classname="org.bukkit.PerMaterialTest" name="testBlockDataCreation[157: COD]" time="0"/>
  <testcase classname="org.bukkit.PerMaterialTest" name="isBlock[157: COD]" time="0.001"/>
  <testcase classname="org.bukkit.PerMaterialTest" name="isSolid[157: COD]" time="0"/>
  <testcase classname="org.bukkit.PerMaterialTest" name="hasGravity[158: COD_BUCKET]" time="0"/>
  <testcase classname="org.bukkit.PerMaterialTest" name="isBurnable[158: COD_BUCKET]" time="0"/>
  <testcase classname="org.bukkit.PerMaterialTest" name="testInteractable[158: COD_BUCKET]" time="0"/>
  <testcase classname="org.bukkit.PerMaterialTest" name="testBlock[158: COD_BUCKET]" time="0"/>
  <testcase classname="org.bukkit.PerMaterialTest" name="isFuel[158: COD_BUCKET]" time="0"/>
  <testcase classname="org.bukkit.PerMaterialTest" name="testItem[158: COD_BUCKET]" time="0"/>
  <testcase classname="org.bukkit.PerMaterialTest" name="testBlastResistance[158: COD_BUCKET]" time="0"/>
  <testcase classname="org.bukkit.PerMaterialTest" name="isEdible[158: COD_BUCKET]" time="0"/>
  <testcase classname="org.bukkit.PerMaterialTest" name="maxDurability[158: COD_BUCKET]" time="0"/>
  <testcase classname="org.bukkit.PerMaterialTest" name="usesDurability[158: COD_BUCKET]" time="0"/>
  <testcase classname="org.bukkit.PerMaterialTest" name="isOccluding[158: COD_BUCKET]" time="0"/>
  <testcase classname="org.bukkit.PerMaterialTest" name="isRecord[158: COD_BUCKET]" time="0"/>
  <testcase classname="org.bukkit.PerMaterialTest" name="isFlammable[158: COD_BUCKET]" time="0"/>
  <testcase classname="org.bukkit.PerMaterialTest" name="testDurability[158: COD_BUCKET]" time="0.001"/>
  <testcase classname="org.bukkit.PerMaterialTest" name="testBlockHardness[158: COD_BUCKET]" time="0"/>
  <testcase classname="org.bukkit.PerMaterialTest" name="maxStackSize[158: COD_BUCKET]" time="0"/>
  <testcase classname="org.bukkit.PerMaterialTest" name="isTransparent[158: COD_BUCKET]" time="0"/>
  <testcase classname="org.bukkit.PerMaterialTest" name="testBlockDataCreation[158: COD_BUCKET]" time="0"/>
  <testcase classname="org.bukkit.PerMaterialTest" name="isBlock[158: COD_BUCKET]" time="0"/>
  <testcase classname="org.bukkit.PerMaterialTest" name="isSolid[158: COD_BUCKET]" time="0"/>
  <testcase classname="org.bukkit.PerMaterialTest" name="hasGravity[159: COD_SPAWN_EGG]" time="0"/>
  <testcase classname="org.bukkit.PerMaterialTest" name="isBurnable[159: COD_SPAWN_EGG]" time="0"/>
  <testcase classname="org.bukkit.PerMaterialTest" name="testInteractable[159: COD_SPAWN_EGG]" time="0"/>
  <testcase classname="org.bukkit.PerMaterialTest" name="testBlock[159: COD_SPAWN_EGG]" time="0"/>
  <testcase classname="org.bukkit.PerMaterialTest" name="isFuel[159: COD_SPAWN_EGG]" time="0"/>
  <testcase classname="org.bukkit.PerMaterialTest" name="testItem[159: COD_SPAWN_EGG]" time="0"/>
  <testcase classname="org.bukkit.PerMaterialTest" name="testBlastResistance[159: COD_SPAWN_EGG]" time="0"/>
  <testcase classname="org.bukkit.PerMaterialTest" name="isEdible[159: COD_SPAWN_EGG]" time="0.001"/>
  <testcase classname="org.bukkit.PerMaterialTest" name="maxDurability[159: COD_SPAWN_EGG]" time="0"/>
  <testcase classname="org.bukkit.PerMaterialTest" name="usesDurability[159: COD_SPAWN_EGG]" time="0"/>
  <testcase classname="org.bukkit.PerMaterialTest" name="isOccluding[159: COD_SPAWN_EGG]" time="0"/>
  <testcase classname="org.bukkit.PerMaterialTest" name="isRecord[159: COD_SPAWN_EGG]" time="0"/>
  <testcase classname="org.bukkit.PerMaterialTest" name="isFlammable[159: COD_SPAWN_EGG]" time="0"/>
  <testcase classname="org.bukkit.PerMaterialTest" name="testDurability[159: COD_SPAWN_EGG]" time="0"/>
  <testcase classname="org.bukkit.PerMaterialTest" name="testBlockHardness[159: COD_SPAWN_EGG]" time="0"/>
  <testcase classname="org.bukkit.PerMaterialTest" name="maxStackSize[159: COD_SPAWN_EGG]" time="0.001"/>
  <testcase classname="org.bukkit.PerMaterialTest" name="isTransparent[159: COD_SPAWN_EGG]" time="0"/>
  <testcase classname="org.bukkit.PerMaterialTest" name="testBlockDataCreation[159: COD_SPAWN_EGG]" time="0"/>
  <testcase classname="org.bukkit.PerMaterialTest" name="isBlock[159: COD_SPAWN_EGG]" time="0"/>
  <testcase classname="org.bukkit.PerMaterialTest" name="isSolid[159: COD_SPAWN_EGG]" time="0"/>
  <testcase classname="org.bukkit.PerMaterialTest" name="hasGravity[160: COMMAND_BLOCK]" time="0"/>
  <testcase classname="org.bukkit.PerMaterialTest" name="isBurnable[160: COMMAND_BLOCK]" time="0"/>
  <testcase classname="org.bukkit.PerMaterialTest" name="testInteractable[160: COMMAND_BLOCK]" time="0"/>
  <testcase classname="org.bukkit.PerMaterialTest" name="testBlock[160: COMMAND_BLOCK]" time="0"/>
  <testcase classname="org.bukkit.PerMaterialTest" name="isFuel[160: COMMAND_BLOCK]" time="0"/>
  <testcase classname="org.bukkit.PerMaterialTest" name="testItem[160: COMMAND_BLOCK]" time="0"/>
  <testcase classname="org.bukkit.PerMaterialTest" name="testBlastResistance[160: COMMAND_BLOCK]" time="0"/>
  <testcase classname="org.bukkit.PerMaterialTest" name="isEdible[160: COMMAND_BLOCK]" time="0"/>
  <testcase classname="org.bukkit.PerMaterialTest" name="maxDurability[160: COMMAND_BLOCK]" time="0.001"/>
  <testcase classname="org.bukkit.PerMaterialTest" name="usesDurability[160: COMMAND_BLOCK]" time="0"/>
  <testcase classname="org.bukkit.PerMaterialTest" name="isOccluding[160: COMMAND_BLOCK]" time="0"/>
  <testcase classname="org.bukkit.PerMaterialTest" name="isRecord[160: COMMAND_BLOCK]" time="0"/>
  <testcase classname="org.bukkit.PerMaterialTest" name="isFlammable[160: COMMAND_BLOCK]" time="0"/>
  <testcase classname="org.bukkit.PerMaterialTest" name="testDurability[160: COMMAND_BLOCK]" time="0"/>
  <testcase classname="org.bukkit.PerMaterialTest" name="testBlockHardness[160: COMMAND_BLOCK]" time="0"/>
  <testcase classname="org.bukkit.PerMaterialTest" name="maxStackSize[160: COMMAND_BLOCK]" time="0"/>
  <testcase classname="org.bukkit.PerMaterialTest" name="isTransparent[160: COMMAND_BLOCK]" time="0"/>
  <testcase classname="org.bukkit.PerMaterialTest" name="testBlockDataCreation[160: COMMAND_BLOCK]" time="0"/>
  <testcase classname="org.bukkit.PerMaterialTest" name="isBlock[160: COMMAND_BLOCK]" time="0"/>
  <testcase classname="org.bukkit.PerMaterialTest" name="isSolid[160: COMMAND_BLOCK]" time="0"/>
  <testcase classname="org.bukkit.PerMaterialTest" name="hasGravity[161: COMMAND_BLOCK_MINECART]" time="0"/>
  <testcase classname="org.bukkit.PerMaterialTest" name="isBurnable[161: COMMAND_BLOCK_MINECART]" time="0"/>
  <testcase classname="org.bukkit.PerMaterialTest" name="testInteractable[161: COMMAND_BLOCK_MINECART]" time="0"/>
  <testcase classname="org.bukkit.PerMaterialTest" name="testBlock[161: COMMAND_BLOCK_MINECART]" time="0"/>
  <testcase classname="org.bukkit.PerMaterialTest" name="isFuel[161: COMMAND_BLOCK_MINECART]" time="0"/>
  <testcase classname="org.bukkit.PerMaterialTest" name="testItem[161: COMMAND_BLOCK_MINECART]" time="0"/>
  <testcase classname="org.bukkit.PerMaterialTest" name="testBlastResistance[161: COMMAND_BLOCK_MINECART]" time="0"/>
  <testcase classname="org.bukkit.PerMaterialTest" name="isEdible[161: COMMAND_BLOCK_MINECART]" time="0"/>
  <testcase classname="org.bukkit.PerMaterialTest" name="maxDurability[161: COMMAND_BLOCK_MINECART]" time="0"/>
  <testcase classname="org.bukkit.PerMaterialTest" name="usesDurability[161: COMMAND_BLOCK_MINECART]" time="0"/>
  <testcase classname="org.bukkit.PerMaterialTest" name="isOccluding[161: COMMAND_BLOCK_MINECART]" time="0"/>
  <testcase classname="org.bukkit.PerMaterialTest" name="isRecord[161: COMMAND_BLOCK_MINECART]" time="0"/>
  <testcase classname="org.bukkit.PerMaterialTest" name="isFlammable[161: COMMAND_BLOCK_MINECART]" time="0"/>
  <testcase classname="org.bukkit.PerMaterialTest" name="testDurability[161: COMMAND_BLOCK_MINECART]" time="0"/>
  <testcase classname="org.bukkit.PerMaterialTest" name="testBlockHardness[161: COMMAND_BLOCK_MINECART]" time="0"/>
  <testcase classname="org.bukkit.PerMaterialTest" name="maxStackSize[161: COMMAND_BLOCK_MINECART]" time="0"/>
  <testcase classname="org.bukkit.PerMaterialTest" name="isTransparent[161: COMMAND_BLOCK_MINECART]" time="0"/>
  <testcase classname="org.bukkit.PerMaterialTest" name="testBlockDataCreation[161: COMMAND_BLOCK_MINECART]" time="0.001"/>
  <testcase classname="org.bukkit.PerMaterialTest" name="isBlock[161: COMMAND_BLOCK_MINECART]" time="0"/>
  <testcase classname="org.bukkit.PerMaterialTest" name="isSolid[161: COMMAND_BLOCK_MINECART]" time="0"/>
  <testcase classname="org.bukkit.PerMaterialTest" name="hasGravity[162: COMPARATOR]" time="0"/>
  <testcase classname="org.bukkit.PerMaterialTest" name="isBurnable[162: COMPARATOR]" time="0"/>
  <testcase classname="org.bukkit.PerMaterialTest" name="testInteractable[162: COMPARATOR]" time="0"/>
  <testcase classname="org.bukkit.PerMaterialTest" name="testBlock[162: COMPARATOR]" time="0"/>
  <testcase classname="org.bukkit.PerMaterialTest" name="isFuel[162: COMPARATOR]" time="0"/>
  <testcase classname="org.bukkit.PerMaterialTest" name="testItem[162: COMPARATOR]" time="0"/>
  <testcase classname="org.bukkit.PerMaterialTest" name="testBlastResistance[162: COMPARATOR]" time="0"/>
  <testcase classname="org.bukkit.PerMaterialTest" name="isEdible[162: COMPARATOR]" time="0"/>
  <testcase classname="org.bukkit.PerMaterialTest" name="maxDurability[162: COMPARATOR]" time="0"/>
  <testcase classname="org.bukkit.PerMaterialTest" name="usesDurability[162: COMPARATOR]" time="0"/>
  <testcase classname="org.bukkit.PerMaterialTest" name="isOccluding[162: COMPARATOR]" time="0.001"/>
  <testcase classname="org.bukkit.PerMaterialTest" name="isRecord[162: COMPARATOR]" time="0"/>
  <testcase classname="org.bukkit.PerMaterialTest" name="isFlammable[162: COMPARATOR]" time="0"/>
  <testcase classname="org.bukkit.PerMaterialTest" name="testDurability[162: COMPARATOR]" time="0"/>
  <testcase classname="org.bukkit.PerMaterialTest" name="testBlockHardness[162: COMPARATOR]" time="0"/>
  <testcase classname="org.bukkit.PerMaterialTest" name="maxStackSize[162: COMPARATOR]" time="0"/>
  <testcase classname="org.bukkit.PerMaterialTest" name="isTransparent[162: COMPARATOR]" time="0"/>
  <testcase classname="org.bukkit.PerMaterialTest" name="testBlockDataCreation[162: COMPARATOR]" time="0"/>
  <testcase classname="org.bukkit.PerMaterialTest" name="isBlock[162: COMPARATOR]" time="0"/>
  <testcase classname="org.bukkit.PerMaterialTest" name="isSolid[162: COMPARATOR]" time="0"/>
  <testcase classname="org.bukkit.PerMaterialTest" name="hasGravity[163: COMPASS]" time="0"/>
  <testcase classname="org.bukkit.PerMaterialTest" name="isBurnable[163: COMPASS]" time="0"/>
  <testcase classname="org.bukkit.PerMaterialTest" name="testInteractable[163: COMPASS]" time="0"/>
  <testcase classname="org.bukkit.PerMaterialTest" name="testBlock[163: COMPASS]" time="0"/>
  <testcase classname="org.bukkit.PerMaterialTest" name="isFuel[163: COMPASS]" time="0"/>
  <testcase classname="org.bukkit.PerMaterialTest" name="testItem[163: COMPASS]" time="0"/>
  <testcase classname="org.bukkit.PerMaterialTest" name="testBlastResistance[163: COMPASS]" time="0"/>
  <testcase classname="org.bukkit.PerMaterialTest" name="isEdible[163: COMPASS]" time="0"/>
  <testcase classname="org.bukkit.PerMaterialTest" name="maxDurability[163: COMPASS]" time="0"/>
  <testcase classname="org.bukkit.PerMaterialTest" name="usesDurability[163: COMPASS]" time="0"/>
  <testcase classname="org.bukkit.PerMaterialTest" name="isOccluding[163: COMPASS]" time="0"/>
  <testcase classname="org.bukkit.PerMaterialTest" name="isRecord[163: COMPASS]" time="0"/>
  <testcase classname="org.bukkit.PerMaterialTest" name="isFlammable[163: COMPASS]" time="0"/>
  <testcase classname="org.bukkit.PerMaterialTest" name="testDurability[163: COMPASS]" time="0"/>
  <testcase classname="org.bukkit.PerMaterialTest" name="testBlockHardness[163: COMPASS]" time="0"/>
  <testcase classname="org.bukkit.PerMaterialTest" name="maxStackSize[163: COMPASS]" time="0"/>
  <testcase classname="org.bukkit.PerMaterialTest" name="isTransparent[163: COMPASS]" time="0"/>
  <testcase classname="org.bukkit.PerMaterialTest" name="testBlockDataCreation[163: COMPASS]" time="0"/>
  <testcase classname="org.bukkit.PerMaterialTest" name="isBlock[163: COMPASS]" time="0"/>
  <testcase classname="org.bukkit.PerMaterialTest" name="isSolid[163: COMPASS]" time="0"/>
  <testcase classname="org.bukkit.PerMaterialTest" name="hasGravity[164: CONDUIT]" time="0.001"/>
  <testcase classname="org.bukkit.PerMaterialTest" name="isBurnable[164: CONDUIT]" time="0"/>
  <testcase classname="org.bukkit.PerMaterialTest" name="testInteractable[164: CONDUIT]" time="0"/>
  <testcase classname="org.bukkit.PerMaterialTest" name="testBlock[164: CONDUIT]" time="0"/>
  <testcase classname="org.bukkit.PerMaterialTest" name="isFuel[164: CONDUIT]" time="0.001"/>
  <testcase classname="org.bukkit.PerMaterialTest" name="testItem[164: CONDUIT]" time="0"/>
  <testcase classname="org.bukkit.PerMaterialTest" name="testBlastResistance[164: CONDUIT]" time="0"/>
  <testcase classname="org.bukkit.PerMaterialTest" name="isEdible[164: CONDUIT]" time="0"/>
  <testcase classname="org.bukkit.PerMaterialTest" name="maxDurability[164: CONDUIT]" time="0"/>
  <testcase classname="org.bukkit.PerMaterialTest" name="usesDurability[164: CONDUIT]" time="0"/>
  <testcase classname="org.bukkit.PerMaterialTest" name="isOccluding[164: CONDUIT]" time="0"/>
  <testcase classname="org.bukkit.PerMaterialTest" name="isRecord[164: CONDUIT]" time="0"/>
  <testcase classname="org.bukkit.PerMaterialTest" name="isFlammable[164: CONDUIT]" time="0.001"/>
  <testcase classname="org.bukkit.PerMaterialTest" name="testDurability[164: CONDUIT]" time="0"/>
  <testcase classname="org.bukkit.PerMaterialTest" name="testBlockHardness[164: CONDUIT]" time="0"/>
  <testcase classname="org.bukkit.PerMaterialTest" name="maxStackSize[164: CONDUIT]" time="0"/>
  <testcase classname="org.bukkit.PerMaterialTest" name="isTransparent[164: CONDUIT]" time="0"/>
  <testcase classname="org.bukkit.PerMaterialTest" name="testBlockDataCreation[164: CONDUIT]" time="0"/>
  <testcase classname="org.bukkit.PerMaterialTest" name="isBlock[164: CONDUIT]" time="0"/>
  <testcase classname="org.bukkit.PerMaterialTest" name="isSolid[164: CONDUIT]" time="0"/>
  <testcase classname="org.bukkit.PerMaterialTest" name="hasGravity[165: COOKED_BEEF]" time="0"/>
  <testcase classname="org.bukkit.PerMaterialTest" name="isBurnable[165: COOKED_BEEF]" time="0"/>
  <testcase classname="org.bukkit.PerMaterialTest" name="testInteractable[165: COOKED_BEEF]" time="0"/>
  <testcase classname="org.bukkit.PerMaterialTest" name="testBlock[165: COOKED_BEEF]" time="0"/>
  <testcase classname="org.bukkit.PerMaterialTest" name="isFuel[165: COOKED_BEEF]" time="0"/>
  <testcase classname="org.bukkit.PerMaterialTest" name="testItem[165: COOKED_BEEF]" time="0"/>
  <testcase classname="org.bukkit.PerMaterialTest" name="testBlastResistance[165: COOKED_BEEF]" time="0.001"/>
  <testcase classname="org.bukkit.PerMaterialTest" name="isEdible[165: COOKED_BEEF]" time="0"/>
  <testcase classname="org.bukkit.PerMaterialTest" name="maxDurability[165: COOKED_BEEF]" time="0"/>
  <testcase classname="org.bukkit.PerMaterialTest" name="usesDurability[165: COOKED_BEEF]" time="0"/>
  <testcase classname="org.bukkit.PerMaterialTest" name="isOccluding[165: COOKED_BEEF]" time="0"/>
  <testcase classname="org.bukkit.PerMaterialTest" name="isRecord[165: COOKED_BEEF]" time="0"/>
  <testcase classname="org.bukkit.PerMaterialTest" name="isFlammable[165: COOKED_BEEF]" time="0"/>
  <testcase classname="org.bukkit.PerMaterialTest" name="testDurability[165: COOKED_BEEF]" time="0"/>
  <testcase classname="org.bukkit.PerMaterialTest" name="testBlockHardness[165: COOKED_BEEF]" time="0.001"/>
  <testcase classname="org.bukkit.PerMaterialTest" name="maxStackSize[165: COOKED_BEEF]" time="0"/>
  <testcase classname="org.bukkit.PerMaterialTest" name="isTransparent[165: COOKED_BEEF]" time="0"/>
  <testcase classname="org.bukkit.PerMaterialTest" name="testBlockDataCreation[165: COOKED_BEEF]" time="0"/>
  <testcase classname="org.bukkit.PerMaterialTest" name="isBlock[165: COOKED_BEEF]" time="0"/>
  <testcase classname="org.bukkit.PerMaterialTest" name="isSolid[165: COOKED_BEEF]" time="0"/>
  <testcase classname="org.bukkit.PerMaterialTest" name="hasGravity[166: COOKED_CHICKEN]" time="0"/>
  <testcase classname="org.bukkit.PerMaterialTest" name="isBurnable[166: COOKED_CHICKEN]" time="0"/>
  <testcase classname="org.bukkit.PerMaterialTest" name="testInteractable[166: COOKED_CHICKEN]" time="0.001"/>
  <testcase classname="org.bukkit.PerMaterialTest" name="testBlock[166: COOKED_CHICKEN]" time="0"/>
  <testcase classname="org.bukkit.PerMaterialTest" name="isFuel[166: COOKED_CHICKEN]" time="0"/>
  <testcase classname="org.bukkit.PerMaterialTest" name="testItem[166: COOKED_CHICKEN]" time="0"/>
  <testcase classname="org.bukkit.PerMaterialTest" name="testBlastResistance[166: COOKED_CHICKEN]" time="0"/>
  <testcase classname="org.bukkit.PerMaterialTest" name="isEdible[166: COOKED_CHICKEN]" time="0"/>
  <testcase classname="org.bukkit.PerMaterialTest" name="maxDurability[166: COOKED_CHICKEN]" time="0"/>
  <testcase classname="org.bukkit.PerMaterialTest" name="usesDurability[166: COOKED_CHICKEN]" time="0"/>
  <testcase classname="org.bukkit.PerMaterialTest" name="isOccluding[166: COOKED_CHICKEN]" time="0"/>
  <testcase classname="org.bukkit.PerMaterialTest" name="isRecord[166: COOKED_CHICKEN]" time="0"/>
  <testcase classname="org.bukkit.PerMaterialTest" name="isFlammable[166: COOKED_CHICKEN]" time="0"/>
  <testcase classname="org.bukkit.PerMaterialTest" name="testDurability[166: COOKED_CHICKEN]" time="0"/>
  <testcase classname="org.bukkit.PerMaterialTest" name="testBlockHardness[166: COOKED_CHICKEN]" time="0"/>
  <testcase classname="org.bukkit.PerMaterialTest" name="maxStackSize[166: COOKED_CHICKEN]" time="0"/>
  <testcase classname="org.bukkit.PerMaterialTest" name="isTransparent[166: COOKED_CHICKEN]" time="0"/>
  <testcase classname="org.bukkit.PerMaterialTest" name="testBlockDataCreation[166: COOKED_CHICKEN]" time="0"/>
  <testcase classname="org.bukkit.PerMaterialTest" name="isBlock[166: COOKED_CHICKEN]" time="0"/>
  <testcase classname="org.bukkit.PerMaterialTest" name="isSolid[166: COOKED_CHICKEN]" time="0"/>
  <testcase classname="org.bukkit.PerMaterialTest" name="hasGravity[167: COOKED_COD]" time="0"/>
  <testcase classname="org.bukkit.PerMaterialTest" name="isBurnable[167: COOKED_COD]" time="0"/>
  <testcase classname="org.bukkit.PerMaterialTest" name="testInteractable[167: COOKED_COD]" time="0"/>
  <testcase classname="org.bukkit.PerMaterialTest" name="testBlock[167: COOKED_COD]" time="0"/>
  <testcase classname="org.bukkit.PerMaterialTest" name="isFuel[167: COOKED_COD]" time="0.001"/>
  <testcase classname="org.bukkit.PerMaterialTest" name="testItem[167: COOKED_COD]" time="0"/>
  <testcase classname="org.bukkit.PerMaterialTest" name="testBlastResistance[167: COOKED_COD]" time="0"/>
  <testcase classname="org.bukkit.PerMaterialTest" name="isEdible[167: COOKED_COD]" time="0"/>
  <testcase classname="org.bukkit.PerMaterialTest" name="maxDurability[167: COOKED_COD]" time="0"/>
  <testcase classname="org.bukkit.PerMaterialTest" name="usesDurability[167: COOKED_COD]" time="0"/>
  <testcase classname="org.bukkit.PerMaterialTest" name="isOccluding[167: COOKED_COD]" time="0"/>
  <testcase classname="org.bukkit.PerMaterialTest" name="isRecord[167: COOKED_COD]" time="0.001"/>
  <testcase classname="org.bukkit.PerMaterialTest" name="isFlammable[167: COOKED_COD]" time="0"/>
  <testcase classname="org.bukkit.PerMaterialTest" name="testDurability[167: COOKED_COD]" time="0"/>
  <testcase classname="org.bukkit.PerMaterialTest" name="testBlockHardness[167: COOKED_COD]" time="0"/>
  <testcase classname="org.bukkit.PerMaterialTest" name="maxStackSize[167: COOKED_COD]" time="0"/>
  <testcase classname="org.bukkit.PerMaterialTest" name="isTransparent[167: COOKED_COD]" time="0"/>
  <testcase classname="org.bukkit.PerMaterialTest" name="testBlockDataCreation[167: COOKED_COD]" time="0"/>
  <testcase classname="org.bukkit.PerMaterialTest" name="isBlock[167: COOKED_COD]" time="0"/>
  <testcase classname="org.bukkit.PerMaterialTest" name="isSolid[167: COOKED_COD]" time="0.001"/>
  <testcase classname="org.bukkit.PerMaterialTest" name="hasGravity[168: COOKED_MUTTON]" time="0"/>
  <testcase classname="org.bukkit.PerMaterialTest" name="isBurnable[168: COOKED_MUTTON]" time="0"/>
  <testcase classname="org.bukkit.PerMaterialTest" name="testInteractable[168: COOKED_MUTTON]" time="0"/>
  <testcase classname="org.bukkit.PerMaterialTest" name="testBlock[168: COOKED_MUTTON]" time="0"/>
  <testcase classname="org.bukkit.PerMaterialTest" name="isFuel[168: COOKED_MUTTON]" time="0"/>
  <testcase classname="org.bukkit.PerMaterialTest" name="testItem[168: COOKED_MUTTON]" time="0"/>
  <testcase classname="org.bukkit.PerMaterialTest" name="testBlastResistance[168: COOKED_MUTTON]" time="0"/>
  <testcase classname="org.bukkit.PerMaterialTest" name="isEdible[168: COOKED_MUTTON]" time="0"/>
  <testcase classname="org.bukkit.PerMaterialTest" name="maxDurability[168: COOKED_MUTTON]" time="0"/>
  <testcase classname="org.bukkit.PerMaterialTest" name="usesDurability[168: COOKED_MUTTON]" time="0"/>
  <testcase classname="org.bukkit.PerMaterialTest" name="isOccluding[168: COOKED_MUTTON]" time="0"/>
  <testcase classname="org.bukkit.PerMaterialTest" name="isRecord[168: COOKED_MUTTON]" time="0"/>
  <testcase classname="org.bukkit.PerMaterialTest" name="isFlammable[168: COOKED_MUTTON]" time="0"/>
  <testcase classname="org.bukkit.PerMaterialTest" name="testDurability[168: COOKED_MUTTON]" time="0"/>
  <testcase classname="org.bukkit.PerMaterialTest" name="testBlockHardness[168: COOKED_MUTTON]" time="0.001"/>
  <testcase classname="org.bukkit.PerMaterialTest" name="maxStackSize[168: COOKED_MUTTON]" time="0"/>
  <testcase classname="org.bukkit.PerMaterialTest" name="isTransparent[168: COOKED_MUTTON]" time="0"/>
  <testcase classname="org.bukkit.PerMaterialTest" name="testBlockDataCreation[168: COOKED_MUTTON]" time="0"/>
  <testcase classname="org.bukkit.PerMaterialTest" name="isBlock[168: COOKED_MUTTON]" time="0"/>
  <testcase classname="org.bukkit.PerMaterialTest" name="isSolid[168: COOKED_MUTTON]" time="0"/>
  <testcase classname="org.bukkit.PerMaterialTest" name="hasGravity[169: COOKED_PORKCHOP]" time="0"/>
  <testcase classname="org.bukkit.PerMaterialTest" name="isBurnable[169: COOKED_PORKCHOP]" time="0.001"/>
  <testcase classname="org.bukkit.PerMaterialTest" name="testInteractable[169: COOKED_PORKCHOP]" time="0"/>
  <testcase classname="org.bukkit.PerMaterialTest" name="testBlock[169: COOKED_PORKCHOP]" time="0"/>
  <testcase classname="org.bukkit.PerMaterialTest" name="isFuel[169: COOKED_PORKCHOP]" time="0"/>
  <testcase classname="org.bukkit.PerMaterialTest" name="testItem[169: COOKED_PORKCHOP]" time="0"/>
  <testcase classname="org.bukkit.PerMaterialTest" name="testBlastResistance[169: COOKED_PORKCHOP]" time="0"/>
  <testcase classname="org.bukkit.PerMaterialTest" name="isEdible[169: COOKED_PORKCHOP]" time="0"/>
  <testcase classname="org.bukkit.PerMaterialTest" name="maxDurability[169: COOKED_PORKCHOP]" time="0.001"/>
  <testcase classname="org.bukkit.PerMaterialTest" name="usesDurability[169: COOKED_PORKCHOP]" time="0"/>
  <testcase classname="org.bukkit.PerMaterialTest" name="isOccluding[169: COOKED_PORKCHOP]" time="0"/>
  <testcase classname="org.bukkit.PerMaterialTest" name="isRecord[169: COOKED_PORKCHOP]" time="0"/>
  <testcase classname="org.bukkit.PerMaterialTest" name="isFlammable[169: COOKED_PORKCHOP]" time="0"/>
  <testcase classname="org.bukkit.PerMaterialTest" name="testDurability[169: COOKED_PORKCHOP]" time="0"/>
  <testcase classname="org.bukkit.PerMaterialTest" name="testBlockHardness[169: COOKED_PORKCHOP]" time="0"/>
  <testcase classname="org.bukkit.PerMaterialTest" name="maxStackSize[169: COOKED_PORKCHOP]" time="0"/>
  <testcase classname="org.bukkit.PerMaterialTest" name="isTransparent[169: COOKED_PORKCHOP]" time="0"/>
  <testcase classname="org.bukkit.PerMaterialTest" name="testBlockDataCreation[169: COOKED_PORKCHOP]" time="0"/>
  <testcase classname="org.bukkit.PerMaterialTest" name="isBlock[169: COOKED_PORKCHOP]" time="0"/>
  <testcase classname="org.bukkit.PerMaterialTest" name="isSolid[169: COOKED_PORKCHOP]" time="0"/>
  <testcase classname="org.bukkit.PerMaterialTest" name="hasGravity[170: COOKED_RABBIT]" time="0"/>
  <testcase classname="org.bukkit.PerMaterialTest" name="isBurnable[170: COOKED_RABBIT]" time="0"/>
  <testcase classname="org.bukkit.PerMaterialTest" name="testInteractable[170: COOKED_RABBIT]" time="0"/>
  <testcase classname="org.bukkit.PerMaterialTest" name="testBlock[170: COOKED_RABBIT]" time="0"/>
  <testcase classname="org.bukkit.PerMaterialTest" name="isFuel[170: COOKED_RABBIT]" time="0.001"/>
  <testcase classname="org.bukkit.PerMaterialTest" name="testItem[170: COOKED_RABBIT]" time="0"/>
  <testcase classname="org.bukkit.PerMaterialTest" name="testBlastResistance[170: COOKED_RABBIT]" time="0"/>
  <testcase classname="org.bukkit.PerMaterialTest" name="isEdible[170: COOKED_RABBIT]" time="0"/>
  <testcase classname="org.bukkit.PerMaterialTest" name="maxDurability[170: COOKED_RABBIT]" time="0"/>
  <testcase classname="org.bukkit.PerMaterialTest" name="usesDurability[170: COOKED_RABBIT]" time="0"/>
  <testcase classname="org.bukkit.PerMaterialTest" name="isOccluding[170: COOKED_RABBIT]" time="0"/>
  <testcase classname="org.bukkit.PerMaterialTest" name="isRecord[170: COOKED_RABBIT]" time="0"/>
  <testcase classname="org.bukkit.PerMaterialTest" name="isFlammable[170: COOKED_RABBIT]" time="0"/>
  <testcase classname="org.bukkit.PerMaterialTest" name="testDurability[170: COOKED_RABBIT]" time="0"/>
  <testcase classname="org.bukkit.PerMaterialTest" name="testBlockHardness[170: COOKED_RABBIT]" time="0"/>
  <testcase classname="org.bukkit.PerMaterialTest" name="maxStackSize[170: COOKED_RABBIT]" time="0"/>
  <testcase classname="org.bukkit.PerMaterialTest" name="isTransparent[170: COOKED_RABBIT]" time="0"/>
  <testcase classname="org.bukkit.PerMaterialTest" name="testBlockDataCreation[170: COOKED_RABBIT]" time="0"/>
  <testcase classname="org.bukkit.PerMaterialTest" name="isBlock[170: COOKED_RABBIT]" time="0.001"/>
  <testcase classname="org.bukkit.PerMaterialTest" name="isSolid[170: COOKED_RABBIT]" time="0"/>
  <testcase classname="org.bukkit.PerMaterialTest" name="hasGravity[171: COOKED_SALMON]" time="0"/>
  <testcase classname="org.bukkit.PerMaterialTest" name="isBurnable[171: COOKED_SALMON]" time="0"/>
  <testcase classname="org.bukkit.PerMaterialTest" name="testInteractable[171: COOKED_SALMON]" time="0"/>
  <testcase classname="org.bukkit.PerMaterialTest" name="testBlock[171: COOKED_SALMON]" time="0"/>
  <testcase classname="org.bukkit.PerMaterialTest" name="isFuel[171: COOKED_SALMON]" time="0"/>
  <testcase classname="org.bukkit.PerMaterialTest" name="testItem[171: COOKED_SALMON]" time="0"/>
  <testcase classname="org.bukkit.PerMaterialTest" name="testBlastResistance[171: COOKED_SALMON]" time="0"/>
  <testcase classname="org.bukkit.PerMaterialTest" name="isEdible[171: COOKED_SALMON]" time="0"/>
  <testcase classname="org.bukkit.PerMaterialTest" name="maxDurability[171: COOKED_SALMON]" time="0"/>
  <testcase classname="org.bukkit.PerMaterialTest" name="usesDurability[171: COOKED_SALMON]" time="0"/>
  <testcase classname="org.bukkit.PerMaterialTest" name="isOccluding[171: COOKED_SALMON]" time="0"/>
  <testcase classname="org.bukkit.PerMaterialTest" name="isRecord[171: COOKED_SALMON]" time="0"/>
  <testcase classname="org.bukkit.PerMaterialTest" name="isFlammable[171: COOKED_SALMON]" time="0"/>
  <testcase classname="org.bukkit.PerMaterialTest" name="testDurability[171: COOKED_SALMON]" time="0.001"/>
  <testcase classname="org.bukkit.PerMaterialTest" name="testBlockHardness[171: COOKED_SALMON]" time="0"/>
  <testcase classname="org.bukkit.PerMaterialTest" name="maxStackSize[171: COOKED_SALMON]" time="0"/>
  <testcase classname="org.bukkit.PerMaterialTest" name="isTransparent[171: COOKED_SALMON]" time="0"/>
  <testcase classname="org.bukkit.PerMaterialTest" name="testBlockDataCreation[171: COOKED_SALMON]" time="0"/>
  <testcase classname="org.bukkit.PerMaterialTest" name="isBlock[171: COOKED_SALMON]" time="0"/>
  <testcase classname="org.bukkit.PerMaterialTest" name="isSolid[171: COOKED_SALMON]" time="0"/>
  <testcase classname="org.bukkit.PerMaterialTest" name="hasGravity[172: COOKIE]" time="0"/>
  <testcase classname="org.bukkit.PerMaterialTest" name="isBurnable[172: COOKIE]" time="0"/>
  <testcase classname="org.bukkit.PerMaterialTest" name="testInteractable[172: COOKIE]" time="0"/>
  <testcase classname="org.bukkit.PerMaterialTest" name="testBlock[172: COOKIE]" time="0"/>
  <testcase classname="org.bukkit.PerMaterialTest" name="isFuel[172: COOKIE]" time="0"/>
  <testcase classname="org.bukkit.PerMaterialTest" name="testItem[172: COOKIE]" time="0"/>
  <testcase classname="org.bukkit.PerMaterialTest" name="testBlastResistance[172: COOKIE]" time="0"/>
  <testcase classname="org.bukkit.PerMaterialTest" name="isEdible[172: COOKIE]" time="0"/>
  <testcase classname="org.bukkit.PerMaterialTest" name="maxDurability[172: COOKIE]" time="0.001"/>
  <testcase classname="org.bukkit.PerMaterialTest" name="usesDurability[172: COOKIE]" time="0"/>
  <testcase classname="org.bukkit.PerMaterialTest" name="isOccluding[172: COOKIE]" time="0"/>
  <testcase classname="org.bukkit.PerMaterialTest" name="isRecord[172: COOKIE]" time="0"/>
  <testcase classname="org.bukkit.PerMaterialTest" name="isFlammable[172: COOKIE]" time="0"/>
  <testcase classname="org.bukkit.PerMaterialTest" name="testDurability[172: COOKIE]" time="0"/>
  <testcase classname="org.bukkit.PerMaterialTest" name="testBlockHardness[172: COOKIE]" time="0"/>
  <testcase classname="org.bukkit.PerMaterialTest" name="maxStackSize[172: COOKIE]" time="0"/>
  <testcase classname="org.bukkit.PerMaterialTest" name="isTransparent[172: COOKIE]" time="0"/>
  <testcase classname="org.bukkit.PerMaterialTest" name="testBlockDataCreation[172: COOKIE]" time="0"/>
  <testcase classname="org.bukkit.PerMaterialTest" name="isBlock[172: COOKIE]" time="0"/>
  <testcase classname="org.bukkit.PerMaterialTest" name="isSolid[172: COOKIE]" time="0"/>
  <testcase classname="org.bukkit.PerMaterialTest" name="hasGravity[173: COW_SPAWN_EGG]" time="0"/>
  <testcase classname="org.bukkit.PerMaterialTest" name="isBurnable[173: COW_SPAWN_EGG]" time="0"/>
  <testcase classname="org.bukkit.PerMaterialTest" name="testInteractable[173: COW_SPAWN_EGG]" time="0"/>
  <testcase classname="org.bukkit.PerMaterialTest" name="testBlock[173: COW_SPAWN_EGG]" time="0"/>
  <testcase classname="org.bukkit.PerMaterialTest" name="isFuel[173: COW_SPAWN_EGG]" time="0.001"/>
  <testcase classname="org.bukkit.PerMaterialTest" name="testItem[173: COW_SPAWN_EGG]" time="0"/>
  <testcase classname="org.bukkit.PerMaterialTest" name="testBlastResistance[173: COW_SPAWN_EGG]" time="0"/>
  <testcase classname="org.bukkit.PerMaterialTest" name="isEdible[173: COW_SPAWN_EGG]" time="0"/>
  <testcase classname="org.bukkit.PerMaterialTest" name="maxDurability[173: COW_SPAWN_EGG]" time="0"/>
  <testcase classname="org.bukkit.PerMaterialTest" name="usesDurability[173: COW_SPAWN_EGG]" time="0"/>
  <testcase classname="org.bukkit.PerMaterialTest" name="isOccluding[173: COW_SPAWN_EGG]" time="0"/>
  <testcase classname="org.bukkit.PerMaterialTest" name="isRecord[173: COW_SPAWN_EGG]" time="0"/>
  <testcase classname="org.bukkit.PerMaterialTest" name="isFlammable[173: COW_SPAWN_EGG]" time="0"/>
  <testcase classname="org.bukkit.PerMaterialTest" name="testDurability[173: COW_SPAWN_EGG]" time="0"/>
  <testcase classname="org.bukkit.PerMaterialTest" name="testBlockHardness[173: COW_SPAWN_EGG]" time="0"/>
  <testcase classname="org.bukkit.PerMaterialTest" name="maxStackSize[173: COW_SPAWN_EGG]" time="0"/>
  <testcase classname="org.bukkit.PerMaterialTest" name="isTransparent[173: COW_SPAWN_EGG]" time="0"/>
  <testcase classname="org.bukkit.PerMaterialTest" name="testBlockDataCreation[173: COW_SPAWN_EGG]" time="0"/>
  <testcase classname="org.bukkit.PerMaterialTest" name="isBlock[173: COW_SPAWN_EGG]" time="0"/>
  <testcase classname="org.bukkit.PerMaterialTest" name="isSolid[173: COW_SPAWN_EGG]" time="0"/>
  <testcase classname="org.bukkit.PerMaterialTest" name="hasGravity[174: CRACKED_STONE_BRICKS]" time="0"/>
  <testcase classname="org.bukkit.PerMaterialTest" name="isBurnable[174: CRACKED_STONE_BRICKS]" time="0"/>
  <testcase classname="org.bukkit.PerMaterialTest" name="testInteractable[174: CRACKED_STONE_BRICKS]" time="0"/>
  <testcase classname="org.bukkit.PerMaterialTest" name="testBlock[174: CRACKED_STONE_BRICKS]" time="0"/>
  <testcase classname="org.bukkit.PerMaterialTest" name="isFuel[174: CRACKED_STONE_BRICKS]" time="0"/>
  <testcase classname="org.bukkit.PerMaterialTest" name="testItem[174: CRACKED_STONE_BRICKS]" time="0"/>
  <testcase classname="org.bukkit.PerMaterialTest" name="testBlastResistance[174: CRACKED_STONE_BRICKS]" time="0"/>
  <testcase classname="org.bukkit.PerMaterialTest" name="isEdible[174: CRACKED_STONE_BRICKS]" time="0"/>
  <testcase classname="org.bukkit.PerMaterialTest" name="maxDurability[174: CRACKED_STONE_BRICKS]" time="0"/>
  <testcase classname="org.bukkit.PerMaterialTest" name="usesDurability[174: CRACKED_STONE_BRICKS]" time="0"/>
  <testcase classname="org.bukkit.PerMaterialTest" name="isOccluding[174: CRACKED_STONE_BRICKS]" time="0"/>
  <testcase classname="org.bukkit.PerMaterialTest" name="isRecord[174: CRACKED_STONE_BRICKS]" time="0"/>
  <testcase classname="org.bukkit.PerMaterialTest" name="isFlammable[174: CRACKED_STONE_BRICKS]" time="0.001"/>
  <testcase classname="org.bukkit.PerMaterialTest" name="testDurability[174: CRACKED_STONE_BRICKS]" time="0"/>
  <testcase classname="org.bukkit.PerMaterialTest" name="testBlockHardness[174: CRACKED_STONE_BRICKS]" time="0"/>
  <testcase classname="org.bukkit.PerMaterialTest" name="maxStackSize[174: CRACKED_STONE_BRICKS]" time="0"/>
  <testcase classname="org.bukkit.PerMaterialTest" name="isTransparent[174: CRACKED_STONE_BRICKS]" time="0"/>
  <testcase classname="org.bukkit.PerMaterialTest" name="testBlockDataCreation[174: CRACKED_STONE_BRICKS]" time="0"/>
  <testcase classname="org.bukkit.PerMaterialTest" name="isBlock[174: CRACKED_STONE_BRICKS]" time="0"/>
  <testcase classname="org.bukkit.PerMaterialTest" name="isSolid[174: CRACKED_STONE_BRICKS]" time="0.001"/>
  <testcase classname="org.bukkit.PerMaterialTest" name="hasGravity[175: CRAFTING_TABLE]" time="0"/>
  <testcase classname="org.bukkit.PerMaterialTest" name="isBurnable[175: CRAFTING_TABLE]" time="0"/>
  <testcase classname="org.bukkit.PerMaterialTest" name="testInteractable[175: CRAFTING_TABLE]" time="0"/>
  <testcase classname="org.bukkit.PerMaterialTest" name="testBlock[175: CRAFTING_TABLE]" time="0"/>
  <testcase classname="org.bukkit.PerMaterialTest" name="isFuel[175: CRAFTING_TABLE]" time="0.001"/>
  <testcase classname="org.bukkit.PerMaterialTest" name="testItem[175: CRAFTING_TABLE]" time="0"/>
  <testcase classname="org.bukkit.PerMaterialTest" name="testBlastResistance[175: CRAFTING_TABLE]" time="0"/>
  <testcase classname="org.bukkit.PerMaterialTest" name="isEdible[175: CRAFTING_TABLE]" time="0"/>
  <testcase classname="org.bukkit.PerMaterialTest" name="maxDurability[175: CRAFTING_TABLE]" time="0"/>
  <testcase classname="org.bukkit.PerMaterialTest" name="usesDurability[175: CRAFTING_TABLE]" time="0"/>
  <testcase classname="org.bukkit.PerMaterialTest" name="isOccluding[175: CRAFTING_TABLE]" time="0"/>
  <testcase classname="org.bukkit.PerMaterialTest" name="isRecord[175: CRAFTING_TABLE]" time="0"/>
  <testcase classname="org.bukkit.PerMaterialTest" name="isFlammable[175: CRAFTING_TABLE]" time="0"/>
  <testcase classname="org.bukkit.PerMaterialTest" name="testDurability[175: CRAFTING_TABLE]" time="0"/>
  <testcase classname="org.bukkit.PerMaterialTest" name="testBlockHardness[175: CRAFTING_TABLE]" time="0"/>
  <testcase classname="org.bukkit.PerMaterialTest" name="maxStackSize[175: CRAFTING_TABLE]" time="0"/>
  <testcase classname="org.bukkit.PerMaterialTest" name="isTransparent[175: CRAFTING_TABLE]" time="0"/>
  <testcase classname="org.bukkit.PerMaterialTest" name="testBlockDataCreation[175: CRAFTING_TABLE]" time="0"/>
  <testcase classname="org.bukkit.PerMaterialTest" name="isBlock[175: CRAFTING_TABLE]" time="0"/>
  <testcase classname="org.bukkit.PerMaterialTest" name="isSolid[175: CRAFTING_TABLE]" time="0.001"/>
  <testcase classname="org.bukkit.PerMaterialTest" name="hasGravity[176: CREEPER_HEAD]" time="0"/>
  <testcase classname="org.bukkit.PerMaterialTest" name="isBurnable[176: CREEPER_HEAD]" time="0"/>
  <testcase classname="org.bukkit.PerMaterialTest" name="testInteractable[176: CREEPER_HEAD]" time="0"/>
  <testcase classname="org.bukkit.PerMaterialTest" name="testBlock[176: CREEPER_HEAD]" time="0"/>
  <testcase classname="org.bukkit.PerMaterialTest" name="isFuel[176: CREEPER_HEAD]" time="0.001"/>
  <testcase classname="org.bukkit.PerMaterialTest" name="testItem[176: CREEPER_HEAD]" time="0"/>
  <testcase classname="org.bukkit.PerMaterialTest" name="testBlastResistance[176: CREEPER_HEAD]" time="0"/>
  <testcase classname="org.bukkit.PerMaterialTest" name="isEdible[176: CREEPER_HEAD]" time="0"/>
  <testcase classname="org.bukkit.PerMaterialTest" name="maxDurability[176: CREEPER_HEAD]" time="0"/>
  <testcase classname="org.bukkit.PerMaterialTest" name="usesDurability[176: CREEPER_HEAD]" time="0"/>
  <testcase classname="org.bukkit.PerMaterialTest" name="isOccluding[176: CREEPER_HEAD]" time="0"/>
  <testcase classname="org.bukkit.PerMaterialTest" name="isRecord[176: CREEPER_HEAD]" time="0"/>
  <testcase classname="org.bukkit.PerMaterialTest" name="isFlammable[176: CREEPER_HEAD]" time="0"/>
  <testcase classname="org.bukkit.PerMaterialTest" name="testDurability[176: CREEPER_HEAD]" time="0"/>
  <testcase classname="org.bukkit.PerMaterialTest" name="testBlockHardness[176: CREEPER_HEAD]" time="0"/>
  <testcase classname="org.bukkit.PerMaterialTest" name="maxStackSize[176: CREEPER_HEAD]" time="0"/>
  <testcase classname="org.bukkit.PerMaterialTest" name="isTransparent[176: CREEPER_HEAD]" time="0"/>
  <testcase classname="org.bukkit.PerMaterialTest" name="testBlockDataCreation[176: CREEPER_HEAD]" time="0"/>
  <testcase classname="org.bukkit.PerMaterialTest" name="isBlock[176: CREEPER_HEAD]" time="0"/>
  <testcase classname="org.bukkit.PerMaterialTest" name="isSolid[176: CREEPER_HEAD]" time="0"/>
  <testcase classname="org.bukkit.PerMaterialTest" name="hasGravity[177: CREEPER_SPAWN_EGG]" time="0"/>
  <testcase classname="org.bukkit.PerMaterialTest" name="isBurnable[177: CREEPER_SPAWN_EGG]" time="0"/>
  <testcase classname="org.bukkit.PerMaterialTest" name="testInteractable[177: CREEPER_SPAWN_EGG]" time="0"/>
  <testcase classname="org.bukkit.PerMaterialTest" name="testBlock[177: CREEPER_SPAWN_EGG]" time="0"/>
  <testcase classname="org.bukkit.PerMaterialTest" name="isFuel[177: CREEPER_SPAWN_EGG]" time="0"/>
  <testcase classname="org.bukkit.PerMaterialTest" name="testItem[177: CREEPER_SPAWN_EGG]" time="0.001"/>
  <testcase classname="org.bukkit.PerMaterialTest" name="testBlastResistance[177: CREEPER_SPAWN_EGG]" time="0"/>
  <testcase classname="org.bukkit.PerMaterialTest" name="isEdible[177: CREEPER_SPAWN_EGG]" time="0"/>
  <testcase classname="org.bukkit.PerMaterialTest" name="maxDurability[177: CREEPER_SPAWN_EGG]" time="0"/>
  <testcase classname="org.bukkit.PerMaterialTest" name="usesDurability[177: CREEPER_SPAWN_EGG]" time="0"/>
  <testcase classname="org.bukkit.PerMaterialTest" name="isOccluding[177: CREEPER_SPAWN_EGG]" time="0"/>
  <testcase classname="org.bukkit.PerMaterialTest" name="isRecord[177: CREEPER_SPAWN_EGG]" time="0"/>
  <testcase classname="org.bukkit.PerMaterialTest" name="isFlammable[177: CREEPER_SPAWN_EGG]" time="0"/>
  <testcase classname="org.bukkit.PerMaterialTest" name="testDurability[177: CREEPER_SPAWN_EGG]" time="0.001"/>
  <testcase classname="org.bukkit.PerMaterialTest" name="testBlockHardness[177: CREEPER_SPAWN_EGG]" time="0"/>
  <testcase classname="org.bukkit.PerMaterialTest" name="maxStackSize[177: CREEPER_SPAWN_EGG]" time="0"/>
  <testcase classname="org.bukkit.PerMaterialTest" name="isTransparent[177: CREEPER_SPAWN_EGG]" time="0"/>
  <testcase classname="org.bukkit.PerMaterialTest" name="testBlockDataCreation[177: CREEPER_SPAWN_EGG]" time="0"/>
  <testcase classname="org.bukkit.PerMaterialTest" name="isBlock[177: CREEPER_SPAWN_EGG]" time="0"/>
  <testcase classname="org.bukkit.PerMaterialTest" name="isSolid[177: CREEPER_SPAWN_EGG]" time="0"/>
  <testcase classname="org.bukkit.PerMaterialTest" name="hasGravity[178: CREEPER_WALL_HEAD]" time="0.001"/>
  <testcase classname="org.bukkit.PerMaterialTest" name="isBurnable[178: CREEPER_WALL_HEAD]" time="0"/>
  <testcase classname="org.bukkit.PerMaterialTest" name="testInteractable[178: CREEPER_WALL_HEAD]" time="0"/>
  <testcase classname="org.bukkit.PerMaterialTest" name="testBlock[178: CREEPER_WALL_HEAD]" time="0"/>
  <testcase classname="org.bukkit.PerMaterialTest" name="isFuel[178: CREEPER_WALL_HEAD]" time="0"/>
  <testcase classname="org.bukkit.PerMaterialTest" name="testItem[178: CREEPER_WALL_HEAD]" time="0"/>
  <testcase classname="org.bukkit.PerMaterialTest" name="testBlastResistance[178: CREEPER_WALL_HEAD]" time="0"/>
  <testcase classname="org.bukkit.PerMaterialTest" name="isEdible[178: CREEPER_WALL_HEAD]" time="0"/>
  <testcase classname="org.bukkit.PerMaterialTest" name="maxDurability[178: CREEPER_WALL_HEAD]" time="0"/>
  <testcase classname="org.bukkit.PerMaterialTest" name="usesDurability[178: CREEPER_WALL_HEAD]" time="0"/>
  <testcase classname="org.bukkit.PerMaterialTest" name="isOccluding[178: CREEPER_WALL_HEAD]" time="0"/>
  <testcase classname="org.bukkit.PerMaterialTest" name="isRecord[178: CREEPER_WALL_HEAD]" time="0"/>
  <testcase classname="org.bukkit.PerMaterialTest" name="isFlammable[178: CREEPER_WALL_HEAD]" time="0"/>
  <testcase classname="org.bukkit.PerMaterialTest" name="testDurability[178: CREEPER_WALL_HEAD]" time="0"/>
  <testcase classname="org.bukkit.PerMaterialTest" name="testBlockHardness[178: CREEPER_WALL_HEAD]" time="0"/>
  <testcase classname="org.bukkit.PerMaterialTest" name="maxStackSize[178: CREEPER_WALL_HEAD]" time="0"/>
  <testcase classname="org.bukkit.PerMaterialTest" name="isTransparent[178: CREEPER_WALL_HEAD]" time="0"/>
  <testcase classname="org.bukkit.PerMaterialTest" name="testBlockDataCreation[178: CREEPER_WALL_HEAD]" time="0"/>
  <testcase classname="org.bukkit.PerMaterialTest" name="isBlock[178: CREEPER_WALL_HEAD]" time="0"/>
  <testcase classname="org.bukkit.PerMaterialTest" name="isSolid[178: CREEPER_WALL_HEAD]" time="0"/>
  <testcase classname="org.bukkit.PerMaterialTest" name="hasGravity[179: CUT_RED_SANDSTONE]" time="0.001"/>
  <testcase classname="org.bukkit.PerMaterialTest" name="isBurnable[179: CUT_RED_SANDSTONE]" time="0"/>
  <testcase classname="org.bukkit.PerMaterialTest" name="testInteractable[179: CUT_RED_SANDSTONE]" time="0"/>
  <testcase classname="org.bukkit.PerMaterialTest" name="testBlock[179: CUT_RED_SANDSTONE]" time="0"/>
  <testcase classname="org.bukkit.PerMaterialTest" name="isFuel[179: CUT_RED_SANDSTONE]" time="0"/>
  <testcase classname="org.bukkit.PerMaterialTest" name="testItem[179: CUT_RED_SANDSTONE]" time="0"/>
  <testcase classname="org.bukkit.PerMaterialTest" name="testBlastResistance[179: CUT_RED_SANDSTONE]" time="0"/>
  <testcase classname="org.bukkit.PerMaterialTest" name="isEdible[179: CUT_RED_SANDSTONE]" time="0"/>
  <testcase classname="org.bukkit.PerMaterialTest" name="maxDurability[179: CUT_RED_SANDSTONE]" time="0"/>
  <testcase classname="org.bukkit.PerMaterialTest" name="usesDurability[179: CUT_RED_SANDSTONE]" time="0"/>
  <testcase classname="org.bukkit.PerMaterialTest" name="isOccluding[179: CUT_RED_SANDSTONE]" time="0"/>
  <testcase classname="org.bukkit.PerMaterialTest" name="isRecord[179: CUT_RED_SANDSTONE]" time="0"/>
  <testcase classname="org.bukkit.PerMaterialTest" name="isFlammable[179: CUT_RED_SANDSTONE]" time="0"/>
  <testcase classname="org.bukkit.PerMaterialTest" name="testDurability[179: CUT_RED_SANDSTONE]" time="0"/>
  <testcase classname="org.bukkit.PerMaterialTest" name="testBlockHardness[179: CUT_RED_SANDSTONE]" time="0.001"/>
  <testcase classname="org.bukkit.PerMaterialTest" name="maxStackSize[179: CUT_RED_SANDSTONE]" time="0"/>
  <testcase classname="org.bukkit.PerMaterialTest" name="isTransparent[179: CUT_RED_SANDSTONE]" time="0"/>
  <testcase classname="org.bukkit.PerMaterialTest" name="testBlockDataCreation[179: CUT_RED_SANDSTONE]" time="0"/>
  <testcase classname="org.bukkit.PerMaterialTest" name="isBlock[179: CUT_RED_SANDSTONE]" time="0"/>
  <testcase classname="org.bukkit.PerMaterialTest" name="isSolid[179: CUT_RED_SANDSTONE]" time="0"/>
  <testcase classname="org.bukkit.PerMaterialTest" name="hasGravity[180: CUT_SANDSTONE]" time="0"/>
  <testcase classname="org.bukkit.PerMaterialTest" name="isBurnable[180: CUT_SANDSTONE]" time="0.001"/>
  <testcase classname="org.bukkit.PerMaterialTest" name="testInteractable[180: CUT_SANDSTONE]" time="0"/>
  <testcase classname="org.bukkit.PerMaterialTest" name="testBlock[180: CUT_SANDSTONE]" time="0"/>
  <testcase classname="org.bukkit.PerMaterialTest" name="isFuel[180: CUT_SANDSTONE]" time="0"/>
  <testcase classname="org.bukkit.PerMaterialTest" name="testItem[180: CUT_SANDSTONE]" time="0"/>
  <testcase classname="org.bukkit.PerMaterialTest" name="testBlastResistance[180: CUT_SANDSTONE]" time="0"/>
  <testcase classname="org.bukkit.PerMaterialTest" name="isEdible[180: CUT_SANDSTONE]" time="0.001"/>
  <testcase classname="org.bukkit.PerMaterialTest" name="maxDurability[180: CUT_SANDSTONE]" time="0"/>
  <testcase classname="org.bukkit.PerMaterialTest" name="usesDurability[180: CUT_SANDSTONE]" time="0"/>
  <testcase classname="org.bukkit.PerMaterialTest" name="isOccluding[180: CUT_SANDSTONE]" time="0"/>
  <testcase classname="org.bukkit.PerMaterialTest" name="isRecord[180: CUT_SANDSTONE]" time="0"/>
  <testcase classname="org.bukkit.PerMaterialTest" name="isFlammable[180: CUT_SANDSTONE]" time="0"/>
  <testcase classname="org.bukkit.PerMaterialTest" name="testDurability[180: CUT_SANDSTONE]" time="0"/>
  <testcase classname="org.bukkit.PerMaterialTest" name="testBlockHardness[180: CUT_SANDSTONE]" time="0"/>
  <testcase classname="org.bukkit.PerMaterialTest" name="maxStackSize[180: CUT_SANDSTONE]" time="0.001"/>
  <testcase classname="org.bukkit.PerMaterialTest" name="isTransparent[180: CUT_SANDSTONE]" time="0"/>
  <testcase classname="org.bukkit.PerMaterialTest" name="testBlockDataCreation[180: CUT_SANDSTONE]" time="0"/>
  <testcase classname="org.bukkit.PerMaterialTest" name="isBlock[180: CUT_SANDSTONE]" time="0"/>
  <testcase classname="org.bukkit.PerMaterialTest" name="isSolid[180: CUT_SANDSTONE]" time="0"/>
  <testcase classname="org.bukkit.PerMaterialTest" name="hasGravity[181: CYAN_BANNER]" time="0"/>
  <testcase classname="org.bukkit.PerMaterialTest" name="isBurnable[181: CYAN_BANNER]" time="0"/>
  <testcase classname="org.bukkit.PerMaterialTest" name="testInteractable[181: CYAN_BANNER]" time="0.001"/>
  <testcase classname="org.bukkit.PerMaterialTest" name="testBlock[181: CYAN_BANNER]" time="0"/>
  <testcase classname="org.bukkit.PerMaterialTest" name="isFuel[181: CYAN_BANNER]" time="0"/>
  <testcase classname="org.bukkit.PerMaterialTest" name="testItem[181: CYAN_BANNER]" time="0"/>
  <testcase classname="org.bukkit.PerMaterialTest" name="testBlastResistance[181: CYAN_BANNER]" time="0"/>
  <testcase classname="org.bukkit.PerMaterialTest" name="isEdible[181: CYAN_BANNER]" time="0"/>
  <testcase classname="org.bukkit.PerMaterialTest" name="maxDurability[181: CYAN_BANNER]" time="0"/>
  <testcase classname="org.bukkit.PerMaterialTest" name="usesDurability[181: CYAN_BANNER]" time="0"/>
  <testcase classname="org.bukkit.PerMaterialTest" name="isOccluding[181: CYAN_BANNER]" time="0"/>
  <testcase classname="org.bukkit.PerMaterialTest" name="isRecord[181: CYAN_BANNER]" time="0"/>
  <testcase classname="org.bukkit.PerMaterialTest" name="isFlammable[181: CYAN_BANNER]" time="0"/>
  <testcase classname="org.bukkit.PerMaterialTest" name="testDurability[181: CYAN_BANNER]" time="0"/>
  <testcase classname="org.bukkit.PerMaterialTest" name="testBlockHardness[181: CYAN_BANNER]" time="0"/>
  <testcase classname="org.bukkit.PerMaterialTest" name="maxStackSize[181: CYAN_BANNER]" time="0.001"/>
  <testcase classname="org.bukkit.PerMaterialTest" name="isTransparent[181: CYAN_BANNER]" time="0"/>
  <testcase classname="org.bukkit.PerMaterialTest" name="testBlockDataCreation[181: CYAN_BANNER]" time="0"/>
  <testcase classname="org.bukkit.PerMaterialTest" name="isBlock[181: CYAN_BANNER]" time="0"/>
  <testcase classname="org.bukkit.PerMaterialTest" name="isSolid[181: CYAN_BANNER]" time="0"/>
  <testcase classname="org.bukkit.PerMaterialTest" name="hasGravity[182: CYAN_BED]" time="0"/>
  <testcase classname="org.bukkit.PerMaterialTest" name="isBurnable[182: CYAN_BED]" time="0"/>
  <testcase classname="org.bukkit.PerMaterialTest" name="testInteractable[182: CYAN_BED]" time="0"/>
  <testcase classname="org.bukkit.PerMaterialTest" name="testBlock[182: CYAN_BED]" time="0"/>
  <testcase classname="org.bukkit.PerMaterialTest" name="isFuel[182: CYAN_BED]" time="0"/>
  <testcase classname="org.bukkit.PerMaterialTest" name="testItem[182: CYAN_BED]" time="0"/>
  <testcase classname="org.bukkit.PerMaterialTest" name="testBlastResistance[182: CYAN_BED]" time="0"/>
  <testcase classname="org.bukkit.PerMaterialTest" name="isEdible[182: CYAN_BED]" time="0"/>
  <testcase classname="org.bukkit.PerMaterialTest" name="maxDurability[182: CYAN_BED]" time="0"/>
  <testcase classname="org.bukkit.PerMaterialTest" name="usesDurability[182: CYAN_BED]" time="0.001"/>
  <testcase classname="org.bukkit.PerMaterialTest" name="isOccluding[182: CYAN_BED]" time="0"/>
  <testcase classname="org.bukkit.PerMaterialTest" name="isRecord[182: CYAN_BED]" time="0"/>
  <testcase classname="org.bukkit.PerMaterialTest" name="isFlammable[182: CYAN_BED]" time="0"/>
  <testcase classname="org.bukkit.PerMaterialTest" name="testDurability[182: CYAN_BED]" time="0"/>
  <testcase classname="org.bukkit.PerMaterialTest" name="testBlockHardness[182: CYAN_BED]" time="0"/>
  <testcase classname="org.bukkit.PerMaterialTest" name="maxStackSize[182: CYAN_BED]" time="0"/>
  <testcase classname="org.bukkit.PerMaterialTest" name="isTransparent[182: CYAN_BED]" time="0"/>
  <testcase classname="org.bukkit.PerMaterialTest" name="testBlockDataCreation[182: CYAN_BED]" time="0.001"/>
  <testcase classname="org.bukkit.PerMaterialTest" name="isBlock[182: CYAN_BED]" time="0"/>
  <testcase classname="org.bukkit.PerMaterialTest" name="isSolid[182: CYAN_BED]" time="0"/>
  <testcase classname="org.bukkit.PerMaterialTest" name="hasGravity[183: CYAN_CARPET]" time="0"/>
  <testcase classname="org.bukkit.PerMaterialTest" name="isBurnable[183: CYAN_CARPET]" time="0"/>
  <testcase classname="org.bukkit.PerMaterialTest" name="testInteractable[183: CYAN_CARPET]" time="0"/>
  <testcase classname="org.bukkit.PerMaterialTest" name="testBlock[183: CYAN_CARPET]" time="0"/>
  <testcase classname="org.bukkit.PerMaterialTest" name="isFuel[183: CYAN_CARPET]" time="0.001"/>
  <testcase classname="org.bukkit.PerMaterialTest" name="testItem[183: CYAN_CARPET]" time="0"/>
  <testcase classname="org.bukkit.PerMaterialTest" name="testBlastResistance[183: CYAN_CARPET]" time="0"/>
  <testcase classname="org.bukkit.PerMaterialTest" name="isEdible[183: CYAN_CARPET]" time="0"/>
  <testcase classname="org.bukkit.PerMaterialTest" name="maxDurability[183: CYAN_CARPET]" time="0"/>
  <testcase classname="org.bukkit.PerMaterialTest" name="usesDurability[183: CYAN_CARPET]" time="0"/>
  <testcase classname="org.bukkit.PerMaterialTest" name="isOccluding[183: CYAN_CARPET]" time="0"/>
  <testcase classname="org.bukkit.PerMaterialTest" name="isRecord[183: CYAN_CARPET]" time="0"/>
  <testcase classname="org.bukkit.PerMaterialTest" name="isFlammable[183: CYAN_CARPET]" time="0"/>
  <testcase classname="org.bukkit.PerMaterialTest" name="testDurability[183: CYAN_CARPET]" time="0"/>
  <testcase classname="org.bukkit.PerMaterialTest" name="testBlockHardness[183: CYAN_CARPET]" time="0"/>
  <testcase classname="org.bukkit.PerMaterialTest" name="maxStackSize[183: CYAN_CARPET]" time="0"/>
  <testcase classname="org.bukkit.PerMaterialTest" name="isTransparent[183: CYAN_CARPET]" time="0"/>
  <testcase classname="org.bukkit.PerMaterialTest" name="testBlockDataCreation[183: CYAN_CARPET]" time="0"/>
  <testcase classname="org.bukkit.PerMaterialTest" name="isBlock[183: CYAN_CARPET]" time="0"/>
  <testcase classname="org.bukkit.PerMaterialTest" name="isSolid[183: CYAN_CARPET]" time="0"/>
  <testcase classname="org.bukkit.PerMaterialTest" name="hasGravity[184: CYAN_CONCRETE]" time="0"/>
  <testcase classname="org.bukkit.PerMaterialTest" name="isBurnable[184: CYAN_CONCRETE]" time="0"/>
  <testcase classname="org.bukkit.PerMaterialTest" name="testInteractable[184: CYAN_CONCRETE]" time="0"/>
  <testcase classname="org.bukkit.PerMaterialTest" name="testBlock[184: CYAN_CONCRETE]" time="0"/>
  <testcase classname="org.bukkit.PerMaterialTest" name="isFuel[184: CYAN_CONCRETE]" time="0.001"/>
  <testcase classname="org.bukkit.PerMaterialTest" name="testItem[184: CYAN_CONCRETE]" time="0"/>
  <testcase classname="org.bukkit.PerMaterialTest" name="testBlastResistance[184: CYAN_CONCRETE]" time="0"/>
  <testcase classname="org.bukkit.PerMaterialTest" name="isEdible[184: CYAN_CONCRETE]" time="0"/>
  <testcase classname="org.bukkit.PerMaterialTest" name="maxDurability[184: CYAN_CONCRETE]" time="0"/>
  <testcase classname="org.bukkit.PerMaterialTest" name="usesDurability[184: CYAN_CONCRETE]" time="0"/>
  <testcase classname="org.bukkit.PerMaterialTest" name="isOccluding[184: CYAN_CONCRETE]" time="0"/>
  <testcase classname="org.bukkit.PerMaterialTest" name="isRecord[184: CYAN_CONCRETE]" time="0"/>
  <testcase classname="org.bukkit.PerMaterialTest" name="isFlammable[184: CYAN_CONCRETE]" time="0"/>
  <testcase classname="org.bukkit.PerMaterialTest" name="testDurability[184: CYAN_CONCRETE]" time="0"/>
  <testcase classname="org.bukkit.PerMaterialTest" name="testBlockHardness[184: CYAN_CONCRETE]" time="0"/>
  <testcase classname="org.bukkit.PerMaterialTest" name="maxStackSize[184: CYAN_CONCRETE]" time="0"/>
  <testcase classname="org.bukkit.PerMaterialTest" name="isTransparent[184: CYAN_CONCRETE]" time="0"/>
  <testcase classname="org.bukkit.PerMaterialTest" name="testBlockDataCreation[184: CYAN_CONCRETE]" time="0"/>
  <testcase classname="org.bukkit.PerMaterialTest" name="isBlock[184: CYAN_CONCRETE]" time="0"/>
  <testcase classname="org.bukkit.PerMaterialTest" name="isSolid[184: CYAN_CONCRETE]" time="0"/>
  <testcase classname="org.bukkit.PerMaterialTest" name="hasGravity[185: CYAN_CONCRETE_POWDER]" time="0"/>
  <testcase classname="org.bukkit.PerMaterialTest" name="isBurnable[185: CYAN_CONCRETE_POWDER]" time="0"/>
  <testcase classname="org.bukkit.PerMaterialTest" name="testInteractable[185: CYAN_CONCRETE_POWDER]" time="0"/>
  <testcase classname="org.bukkit.PerMaterialTest" name="testBlock[185: CYAN_CONCRETE_POWDER]" time="0"/>
  <testcase classname="org.bukkit.PerMaterialTest" name="isFuel[185: CYAN_CONCRETE_POWDER]" time="0.001"/>
  <testcase classname="org.bukkit.PerMaterialTest" name="testItem[185: CYAN_CONCRETE_POWDER]" time="0"/>
  <testcase classname="org.bukkit.PerMaterialTest" name="testBlastResistance[185: CYAN_CONCRETE_POWDER]" time="0"/>
  <testcase classname="org.bukkit.PerMaterialTest" name="isEdible[185: CYAN_CONCRETE_POWDER]" time="0"/>
  <testcase classname="org.bukkit.PerMaterialTest" name="maxDurability[185: CYAN_CONCRETE_POWDER]" time="0"/>
  <testcase classname="org.bukkit.PerMaterialTest" name="usesDurability[185: CYAN_CONCRETE_POWDER]" time="0"/>
  <testcase classname="org.bukkit.PerMaterialTest" name="isOccluding[185: CYAN_CONCRETE_POWDER]" time="0"/>
  <testcase classname="org.bukkit.PerMaterialTest" name="isRecord[185: CYAN_CONCRETE_POWDER]" time="0"/>
  <testcase classname="org.bukkit.PerMaterialTest" name="isFlammable[185: CYAN_CONCRETE_POWDER]" time="0.001"/>
  <testcase classname="org.bukkit.PerMaterialTest" name="testDurability[185: CYAN_CONCRETE_POWDER]" time="0"/>
  <testcase classname="org.bukkit.PerMaterialTest" name="testBlockHardness[185: CYAN_CONCRETE_POWDER]" time="0"/>
  <testcase classname="org.bukkit.PerMaterialTest" name="maxStackSize[185: CYAN_CONCRETE_POWDER]" time="0"/>
  <testcase classname="org.bukkit.PerMaterialTest" name="isTransparent[185: CYAN_CONCRETE_POWDER]" time="0"/>
  <testcase classname="org.bukkit.PerMaterialTest" name="testBlockDataCreation[185: CYAN_CONCRETE_POWDER]" time="0"/>
  <testcase classname="org.bukkit.PerMaterialTest" name="isBlock[185: CYAN_CONCRETE_POWDER]" time="0"/>
  <testcase classname="org.bukkit.PerMaterialTest" name="isSolid[185: CYAN_CONCRETE_POWDER]" time="0"/>
  <testcase classname="org.bukkit.PerMaterialTest" name="hasGravity[186: CYAN_DYE]" time="0"/>
  <testcase classname="org.bukkit.PerMaterialTest" name="isBurnable[186: CYAN_DYE]" time="0"/>
  <testcase classname="org.bukkit.PerMaterialTest" name="testInteractable[186: CYAN_DYE]" time="0"/>
  <testcase classname="org.bukkit.PerMaterialTest" name="testBlock[186: CYAN_DYE]" time="0"/>
  <testcase classname="org.bukkit.PerMaterialTest" name="isFuel[186: CYAN_DYE]" time="0"/>
  <testcase classname="org.bukkit.PerMaterialTest" name="testItem[186: CYAN_DYE]" time="0"/>
  <testcase classname="org.bukkit.PerMaterialTest" name="testBlastResistance[186: CYAN_DYE]" time="0"/>
  <testcase classname="org.bukkit.PerMaterialTest" name="isEdible[186: CYAN_DYE]" time="0"/>
  <testcase classname="org.bukkit.PerMaterialTest" name="maxDurability[186: CYAN_DYE]" time="0"/>
  <testcase classname="org.bukkit.PerMaterialTest" name="usesDurability[186: CYAN_DYE]" time="0"/>
  <testcase classname="org.bukkit.PerMaterialTest" name="isOccluding[186: CYAN_DYE]" time="0"/>
  <testcase classname="org.bukkit.PerMaterialTest" name="isRecord[186: CYAN_DYE]" time="0"/>
  <testcase classname="org.bukkit.PerMaterialTest" name="isFlammable[186: CYAN_DYE]" time="0"/>
  <testcase classname="org.bukkit.PerMaterialTest" name="testDurability[186: CYAN_DYE]" time="0"/>
  <testcase classname="org.bukkit.PerMaterialTest" name="testBlockHardness[186: CYAN_DYE]" time="0"/>
  <testcase classname="org.bukkit.PerMaterialTest" name="maxStackSize[186: CYAN_DYE]" time="0"/>
  <testcase classname="org.bukkit.PerMaterialTest" name="isTransparent[186: CYAN_DYE]" time="0"/>
  <testcase classname="org.bukkit.PerMaterialTest" name="testBlockDataCreation[186: CYAN_DYE]" time="0"/>
  <testcase classname="org.bukkit.PerMaterialTest" name="isBlock[186: CYAN_DYE]" time="0"/>
  <testcase classname="org.bukkit.PerMaterialTest" name="isSolid[186: CYAN_DYE]" time="0"/>
  <testcase classname="org.bukkit.PerMaterialTest" name="hasGravity[187: CYAN_GLAZED_TERRACOTTA]" time="0"/>
  <testcase classname="org.bukkit.PerMaterialTest" name="isBurnable[187: CYAN_GLAZED_TERRACOTTA]" time="0"/>
  <testcase classname="org.bukkit.PerMaterialTest" name="testInteractable[187: CYAN_GLAZED_TERRACOTTA]" time="0"/>
  <testcase classname="org.bukkit.PerMaterialTest" name="testBlock[187: CYAN_GLAZED_TERRACOTTA]" time="0"/>
  <testcase classname="org.bukkit.PerMaterialTest" name="isFuel[187: CYAN_GLAZED_TERRACOTTA]" time="0"/>
  <testcase classname="org.bukkit.PerMaterialTest" name="testItem[187: CYAN_GLAZED_TERRACOTTA]" time="0"/>
  <testcase classname="org.bukkit.PerMaterialTest" name="testBlastResistance[187: CYAN_GLAZED_TERRACOTTA]" time="0"/>
  <testcase classname="org.bukkit.PerMaterialTest" name="isEdible[187: CYAN_GLAZED_TERRACOTTA]" time="0.001"/>
  <testcase classname="org.bukkit.PerMaterialTest" name="maxDurability[187: CYAN_GLAZED_TERRACOTTA]" time="0"/>
  <testcase classname="org.bukkit.PerMaterialTest" name="usesDurability[187: CYAN_GLAZED_TERRACOTTA]" time="0"/>
  <testcase classname="org.bukkit.PerMaterialTest" name="isOccluding[187: CYAN_GLAZED_TERRACOTTA]" time="0"/>
  <testcase classname="org.bukkit.PerMaterialTest" name="isRecord[187: CYAN_GLAZED_TERRACOTTA]" time="0"/>
  <testcase classname="org.bukkit.PerMaterialTest" name="isFlammable[187: CYAN_GLAZED_TERRACOTTA]" time="0"/>
  <testcase classname="org.bukkit.PerMaterialTest" name="testDurability[187: CYAN_GLAZED_TERRACOTTA]" time="0"/>
  <testcase classname="org.bukkit.PerMaterialTest" name="testBlockHardness[187: CYAN_GLAZED_TERRACOTTA]" time="0"/>
  <testcase classname="org.bukkit.PerMaterialTest" name="maxStackSize[187: CYAN_GLAZED_TERRACOTTA]" time="0.001"/>
  <testcase classname="org.bukkit.PerMaterialTest" name="isTransparent[187: CYAN_GLAZED_TERRACOTTA]" time="0"/>
  <testcase classname="org.bukkit.PerMaterialTest" name="testBlockDataCreation[187: CYAN_GLAZED_TERRACOTTA]" time="0"/>
  <testcase classname="org.bukkit.PerMaterialTest" name="isBlock[187: CYAN_GLAZED_TERRACOTTA]" time="0"/>
  <testcase classname="org.bukkit.PerMaterialTest" name="isSolid[187: CYAN_GLAZED_TERRACOTTA]" time="0"/>
  <testcase classname="org.bukkit.PerMaterialTest" name="hasGravity[188: CYAN_SHULKER_BOX]" time="0"/>
  <testcase classname="org.bukkit.PerMaterialTest" name="isBurnable[188: CYAN_SHULKER_BOX]" time="0"/>
  <testcase classname="org.bukkit.PerMaterialTest" name="testInteractable[188: CYAN_SHULKER_BOX]" time="0"/>
  <testcase classname="org.bukkit.PerMaterialTest" name="testBlock[188: CYAN_SHULKER_BOX]" time="0"/>
  <testcase classname="org.bukkit.PerMaterialTest" name="isFuel[188: CYAN_SHULKER_BOX]" time="0"/>
  <testcase classname="org.bukkit.PerMaterialTest" name="testItem[188: CYAN_SHULKER_BOX]" time="0"/>
  <testcase classname="org.bukkit.PerMaterialTest" name="testBlastResistance[188: CYAN_SHULKER_BOX]" time="0"/>
  <testcase classname="org.bukkit.PerMaterialTest" name="isEdible[188: CYAN_SHULKER_BOX]" time="0"/>
  <testcase classname="org.bukkit.PerMaterialTest" name="maxDurability[188: CYAN_SHULKER_BOX]" time="0"/>
  <testcase classname="org.bukkit.PerMaterialTest" name="usesDurability[188: CYAN_SHULKER_BOX]" time="0"/>
  <testcase classname="org.bukkit.PerMaterialTest" name="isOccluding[188: CYAN_SHULKER_BOX]" time="0"/>
  <testcase classname="org.bukkit.PerMaterialTest" name="isRecord[188: CYAN_SHULKER_BOX]" time="0"/>
  <testcase classname="org.bukkit.PerMaterialTest" name="isFlammable[188: CYAN_SHULKER_BOX]" time="0"/>
  <testcase classname="org.bukkit.PerMaterialTest" name="testDurability[188: CYAN_SHULKER_BOX]" time="0"/>
  <testcase classname="org.bukkit.PerMaterialTest" name="testBlockHardness[188: CYAN_SHULKER_BOX]" time="0"/>
  <testcase classname="org.bukkit.PerMaterialTest" name="maxStackSize[188: CYAN_SHULKER_BOX]" time="0"/>
  <testcase classname="org.bukkit.PerMaterialTest" name="isTransparent[188: CYAN_SHULKER_BOX]" time="0"/>
  <testcase classname="org.bukkit.PerMaterialTest" name="testBlockDataCreation[188: CYAN_SHULKER_BOX]" time="0"/>
  <testcase classname="org.bukkit.PerMaterialTest" name="isBlock[188: CYAN_SHULKER_BOX]" time="0"/>
  <testcase classname="org.bukkit.PerMaterialTest" name="isSolid[188: CYAN_SHULKER_BOX]" time="0"/>
  <testcase classname="org.bukkit.PerMaterialTest" name="hasGravity[189: CYAN_STAINED_GLASS]" time="0"/>
  <testcase classname="org.bukkit.PerMaterialTest" name="isBurnable[189: CYAN_STAINED_GLASS]" time="0"/>
  <testcase classname="org.bukkit.PerMaterialTest" name="testInteractable[189: CYAN_STAINED_GLASS]" time="0"/>
  <testcase classname="org.bukkit.PerMaterialTest" name="testBlock[189: CYAN_STAINED_GLASS]" time="0"/>
  <testcase classname="org.bukkit.PerMaterialTest" name="isFuel[189: CYAN_STAINED_GLASS]" time="0"/>
  <testcase classname="org.bukkit.PerMaterialTest" name="testItem[189: CYAN_STAINED_GLASS]" time="0"/>
  <testcase classname="org.bukkit.PerMaterialTest" name="testBlastResistance[189: CYAN_STAINED_GLASS]" time="0"/>
  <testcase classname="org.bukkit.PerMaterialTest" name="isEdible[189: CYAN_STAINED_GLASS]" time="0"/>
  <testcase classname="org.bukkit.PerMaterialTest" name="maxDurability[189: CYAN_STAINED_GLASS]" time="0"/>
  <testcase classname="org.bukkit.PerMaterialTest" name="usesDurability[189: CYAN_STAINED_GLASS]" time="0"/>
  <testcase classname="org.bukkit.PerMaterialTest" name="isOccluding[189: CYAN_STAINED_GLASS]" time="0"/>
  <testcase classname="org.bukkit.PerMaterialTest" name="isRecord[189: CYAN_STAINED_GLASS]" time="0"/>
  <testcase classname="org.bukkit.PerMaterialTest" name="isFlammable[189: CYAN_STAINED_GLASS]" time="0"/>
  <testcase classname="org.bukkit.PerMaterialTest" name="testDurability[189: CYAN_STAINED_GLASS]" time="0"/>
  <testcase classname="org.bukkit.PerMaterialTest" name="testBlockHardness[189: CYAN_STAINED_GLASS]" time="0"/>
  <testcase classname="org.bukkit.PerMaterialTest" name="maxStackSize[189: CYAN_STAINED_GLASS]" time="0.001"/>
  <testcase classname="org.bukkit.PerMaterialTest" name="isTransparent[189: CYAN_STAINED_GLASS]" time="0"/>
  <testcase classname="org.bukkit.PerMaterialTest" name="testBlockDataCreation[189: CYAN_STAINED_GLASS]" time="0"/>
  <testcase classname="org.bukkit.PerMaterialTest" name="isBlock[189: CYAN_STAINED_GLASS]" time="0"/>
  <testcase classname="org.bukkit.PerMaterialTest" name="isSolid[189: CYAN_STAINED_GLASS]" time="0"/>
  <testcase classname="org.bukkit.PerMaterialTest" name="hasGravity[190: CYAN_STAINED_GLASS_PANE]" time="0"/>
  <testcase classname="org.bukkit.PerMaterialTest" name="isBurnable[190: CYAN_STAINED_GLASS_PANE]" time="0"/>
  <testcase classname="org.bukkit.PerMaterialTest" name="testInteractable[190: CYAN_STAINED_GLASS_PANE]" time="0.001"/>
  <testcase classname="org.bukkit.PerMaterialTest" name="testBlock[190: CYAN_STAINED_GLASS_PANE]" time="0"/>
  <testcase classname="org.bukkit.PerMaterialTest" name="isFuel[190: CYAN_STAINED_GLASS_PANE]" time="0"/>
  <testcase classname="org.bukkit.PerMaterialTest" name="testItem[190: CYAN_STAINED_GLASS_PANE]" time="0"/>
  <testcase classname="org.bukkit.PerMaterialTest" name="testBlastResistance[190: CYAN_STAINED_GLASS_PANE]" time="0"/>
  <testcase classname="org.bukkit.PerMaterialTest" name="isEdible[190: CYAN_STAINED_GLASS_PANE]" time="0"/>
  <testcase classname="org.bukkit.PerMaterialTest" name="maxDurability[190: CYAN_STAINED_GLASS_PANE]" time="0.001"/>
  <testcase classname="org.bukkit.PerMaterialTest" name="usesDurability[190: CYAN_STAINED_GLASS_PANE]" time="0"/>
  <testcase classname="org.bukkit.PerMaterialTest" name="isOccluding[190: CYAN_STAINED_GLASS_PANE]" time="0"/>
  <testcase classname="org.bukkit.PerMaterialTest" name="isRecord[190: CYAN_STAINED_GLASS_PANE]" time="0"/>
  <testcase classname="org.bukkit.PerMaterialTest" name="isFlammable[190: CYAN_STAINED_GLASS_PANE]" time="0"/>
  <testcase classname="org.bukkit.PerMaterialTest" name="testDurability[190: CYAN_STAINED_GLASS_PANE]" time="0"/>
  <testcase classname="org.bukkit.PerMaterialTest" name="testBlockHardness[190: CYAN_STAINED_GLASS_PANE]" time="0"/>
  <testcase classname="org.bukkit.PerMaterialTest" name="maxStackSize[190: CYAN_STAINED_GLASS_PANE]" time="0.001"/>
  <testcase classname="org.bukkit.PerMaterialTest" name="isTransparent[190: CYAN_STAINED_GLASS_PANE]" time="0"/>
  <testcase classname="org.bukkit.PerMaterialTest" name="testBlockDataCreation[190: CYAN_STAINED_GLASS_PANE]" time="0"/>
  <testcase classname="org.bukkit.PerMaterialTest" name="isBlock[190: CYAN_STAINED_GLASS_PANE]" time="0"/>
  <testcase classname="org.bukkit.PerMaterialTest" name="isSolid[190: CYAN_STAINED_GLASS_PANE]" time="0"/>
  <testcase classname="org.bukkit.PerMaterialTest" name="hasGravity[191: CYAN_TERRACOTTA]" time="0"/>
  <testcase classname="org.bukkit.PerMaterialTest" name="isBurnable[191: CYAN_TERRACOTTA]" time="0"/>
  <testcase classname="org.bukkit.PerMaterialTest" name="testInteractable[191: CYAN_TERRACOTTA]" time="0"/>
  <testcase classname="org.bukkit.PerMaterialTest" name="testBlock[191: CYAN_TERRACOTTA]" time="0"/>
  <testcase classname="org.bukkit.PerMaterialTest" name="isFuel[191: CYAN_TERRACOTTA]" time="0"/>
  <testcase classname="org.bukkit.PerMaterialTest" name="testItem[191: CYAN_TERRACOTTA]" time="0"/>
  <testcase classname="org.bukkit.PerMaterialTest" name="testBlastResistance[191: CYAN_TERRACOTTA]" time="0"/>
  <testcase classname="org.bukkit.PerMaterialTest" name="isEdible[191: CYAN_TERRACOTTA]" time="0"/>
  <testcase classname="org.bukkit.PerMaterialTest" name="maxDurability[191: CYAN_TERRACOTTA]" time="0"/>
  <testcase classname="org.bukkit.PerMaterialTest" name="usesDurability[191: CYAN_TERRACOTTA]" time="0.001"/>
  <testcase classname="org.bukkit.PerMaterialTest" name="isOccluding[191: CYAN_TERRACOTTA]" time="0"/>
  <testcase classname="org.bukkit.PerMaterialTest" name="isRecord[191: CYAN_TERRACOTTA]" time="0"/>
  <testcase classname="org.bukkit.PerMaterialTest" name="isFlammable[191: CYAN_TERRACOTTA]" time="0"/>
  <testcase classname="org.bukkit.PerMaterialTest" name="testDurability[191: CYAN_TERRACOTTA]" time="0"/>
  <testcase classname="org.bukkit.PerMaterialTest" name="testBlockHardness[191: CYAN_TERRACOTTA]" time="0"/>
  <testcase classname="org.bukkit.PerMaterialTest" name="maxStackSize[191: CYAN_TERRACOTTA]" time="0"/>
  <testcase classname="org.bukkit.PerMaterialTest" name="isTransparent[191: CYAN_TERRACOTTA]" time="0"/>
  <testcase classname="org.bukkit.PerMaterialTest" name="testBlockDataCreation[191: CYAN_TERRACOTTA]" time="0"/>
  <testcase classname="org.bukkit.PerMaterialTest" name="isBlock[191: CYAN_TERRACOTTA]" time="0"/>
  <testcase classname="org.bukkit.PerMaterialTest" name="isSolid[191: CYAN_TERRACOTTA]" time="0"/>
  <testcase classname="org.bukkit.PerMaterialTest" name="hasGravity[192: CYAN_WALL_BANNER]" time="0"/>
  <testcase classname="org.bukkit.PerMaterialTest" name="isBurnable[192: CYAN_WALL_BANNER]" time="0"/>
  <testcase classname="org.bukkit.PerMaterialTest" name="testInteractable[192: CYAN_WALL_BANNER]" time="0"/>
  <testcase classname="org.bukkit.PerMaterialTest" name="testBlock[192: CYAN_WALL_BANNER]" time="0.001"/>
  <testcase classname="org.bukkit.PerMaterialTest" name="isFuel[192: CYAN_WALL_BANNER]" time="0"/>
  <testcase classname="org.bukkit.PerMaterialTest" name="testItem[192: CYAN_WALL_BANNER]" time="0"/>
  <testcase classname="org.bukkit.PerMaterialTest" name="testBlastResistance[192: CYAN_WALL_BANNER]" time="0"/>
  <testcase classname="org.bukkit.PerMaterialTest" name="isEdible[192: CYAN_WALL_BANNER]" time="0"/>
  <testcase classname="org.bukkit.PerMaterialTest" name="maxDurability[192: CYAN_WALL_BANNER]" time="0"/>
  <testcase classname="org.bukkit.PerMaterialTest" name="usesDurability[192: CYAN_WALL_BANNER]" time="0"/>
  <testcase classname="org.bukkit.PerMaterialTest" name="isOccluding[192: CYAN_WALL_BANNER]" time="0"/>
  <testcase classname="org.bukkit.PerMaterialTest" name="isRecord[192: CYAN_WALL_BANNER]" time="0"/>
  <testcase classname="org.bukkit.PerMaterialTest" name="isFlammable[192: CYAN_WALL_BANNER]" time="0"/>
  <testcase classname="org.bukkit.PerMaterialTest" name="testDurability[192: CYAN_WALL_BANNER]" time="0"/>
  <testcase classname="org.bukkit.PerMaterialTest" name="testBlockHardness[192: CYAN_WALL_BANNER]" time="0"/>
  <testcase classname="org.bukkit.PerMaterialTest" name="maxStackSize[192: CYAN_WALL_BANNER]" time="0"/>
  <testcase classname="org.bukkit.PerMaterialTest" name="isTransparent[192: CYAN_WALL_BANNER]" time="0"/>
  <testcase classname="org.bukkit.PerMaterialTest" name="testBlockDataCreation[192: CYAN_WALL_BANNER]" time="0.001"/>
  <testcase classname="org.bukkit.PerMaterialTest" name="isBlock[192: CYAN_WALL_BANNER]" time="0"/>
  <testcase classname="org.bukkit.PerMaterialTest" name="isSolid[192: CYAN_WALL_BANNER]" time="0"/>
  <testcase classname="org.bukkit.PerMaterialTest" name="hasGravity[193: CYAN_WOOL]" time="0"/>
  <testcase classname="org.bukkit.PerMaterialTest" name="isBurnable[193: CYAN_WOOL]" time="0"/>
  <testcase classname="org.bukkit.PerMaterialTest" name="testInteractable[193: CYAN_WOOL]" time="0"/>
  <testcase classname="org.bukkit.PerMaterialTest" name="testBlock[193: CYAN_WOOL]" time="0"/>
  <testcase classname="org.bukkit.PerMaterialTest" name="isFuel[193: CYAN_WOOL]" time="0.001"/>
  <testcase classname="org.bukkit.PerMaterialTest" name="testItem[193: CYAN_WOOL]" time="0"/>
  <testcase classname="org.bukkit.PerMaterialTest" name="testBlastResistance[193: CYAN_WOOL]" time="0"/>
  <testcase classname="org.bukkit.PerMaterialTest" name="isEdible[193: CYAN_WOOL]" time="0"/>
  <testcase classname="org.bukkit.PerMaterialTest" name="maxDurability[193: CYAN_WOOL]" time="0"/>
  <testcase classname="org.bukkit.PerMaterialTest" name="usesDurability[193: CYAN_WOOL]" time="0"/>
  <testcase classname="org.bukkit.PerMaterialTest" name="isOccluding[193: CYAN_WOOL]" time="0"/>
  <testcase classname="org.bukkit.PerMaterialTest" name="isRecord[193: CYAN_WOOL]" time="0.001"/>
  <testcase classname="org.bukkit.PerMaterialTest" name="isFlammable[193: CYAN_WOOL]" time="0"/>
  <testcase classname="org.bukkit.PerMaterialTest" name="testDurability[193: CYAN_WOOL]" time="0"/>
  <testcase classname="org.bukkit.PerMaterialTest" name="testBlockHardness[193: CYAN_WOOL]" time="0"/>
  <testcase classname="org.bukkit.PerMaterialTest" name="maxStackSize[193: CYAN_WOOL]" time="0"/>
  <testcase classname="org.bukkit.PerMaterialTest" name="isTransparent[193: CYAN_WOOL]" time="0"/>
  <testcase classname="org.bukkit.PerMaterialTest" name="testBlockDataCreation[193: CYAN_WOOL]" time="0"/>
  <testcase classname="org.bukkit.PerMaterialTest" name="isBlock[193: CYAN_WOOL]" time="0.001"/>
  <testcase classname="org.bukkit.PerMaterialTest" name="isSolid[193: CYAN_WOOL]" time="0"/>
  <testcase classname="org.bukkit.PerMaterialTest" name="hasGravity[194: DAMAGED_ANVIL]" time="0"/>
  <testcase classname="org.bukkit.PerMaterialTest" name="isBurnable[194: DAMAGED_ANVIL]" time="0"/>
  <testcase classname="org.bukkit.PerMaterialTest" name="testInteractable[194: DAMAGED_ANVIL]" time="0"/>
  <testcase classname="org.bukkit.PerMaterialTest" name="testBlock[194: DAMAGED_ANVIL]" time="0"/>
  <testcase classname="org.bukkit.PerMaterialTest" name="isFuel[194: DAMAGED_ANVIL]" time="0.001"/>
  <testcase classname="org.bukkit.PerMaterialTest" name="testItem[194: DAMAGED_ANVIL]" time="0"/>
  <testcase classname="org.bukkit.PerMaterialTest" name="testBlastResistance[194: DAMAGED_ANVIL]" time="0"/>
  <testcase classname="org.bukkit.PerMaterialTest" name="isEdible[194: DAMAGED_ANVIL]" time="0"/>
  <testcase classname="org.bukkit.PerMaterialTest" name="maxDurability[194: DAMAGED_ANVIL]" time="0"/>
  <testcase classname="org.bukkit.PerMaterialTest" name="usesDurability[194: DAMAGED_ANVIL]" time="0"/>
  <testcase classname="org.bukkit.PerMaterialTest" name="isOccluding[194: DAMAGED_ANVIL]" time="0"/>
  <testcase classname="org.bukkit.PerMaterialTest" name="isRecord[194: DAMAGED_ANVIL]" time="0"/>
  <testcase classname="org.bukkit.PerMaterialTest" name="isFlammable[194: DAMAGED_ANVIL]" time="0"/>
  <testcase classname="org.bukkit.PerMaterialTest" name="testDurability[194: DAMAGED_ANVIL]" time="0"/>
  <testcase classname="org.bukkit.PerMaterialTest" name="testBlockHardness[194: DAMAGED_ANVIL]" time="0"/>
  <testcase classname="org.bukkit.PerMaterialTest" name="maxStackSize[194: DAMAGED_ANVIL]" time="0"/>
  <testcase classname="org.bukkit.PerMaterialTest" name="isTransparent[194: DAMAGED_ANVIL]" time="0"/>
  <testcase classname="org.bukkit.PerMaterialTest" name="testBlockDataCreation[194: DAMAGED_ANVIL]" time="0"/>
  <testcase classname="org.bukkit.PerMaterialTest" name="isBlock[194: DAMAGED_ANVIL]" time="0"/>
  <testcase classname="org.bukkit.PerMaterialTest" name="isSolid[194: DAMAGED_ANVIL]" time="0.001"/>
  <testcase classname="org.bukkit.PerMaterialTest" name="hasGravity[195: DANDELION]" time="0"/>
  <testcase classname="org.bukkit.PerMaterialTest" name="isBurnable[195: DANDELION]" time="0"/>
  <testcase classname="org.bukkit.PerMaterialTest" name="testInteractable[195: DANDELION]" time="0"/>
  <testcase classname="org.bukkit.PerMaterialTest" name="testBlock[195: DANDELION]" time="0"/>
  <testcase classname="org.bukkit.PerMaterialTest" name="isFuel[195: DANDELION]" time="0.001"/>
  <testcase classname="org.bukkit.PerMaterialTest" name="testItem[195: DANDELION]" time="0"/>
  <testcase classname="org.bukkit.PerMaterialTest" name="testBlastResistance[195: DANDELION]" time="0"/>
  <testcase classname="org.bukkit.PerMaterialTest" name="isEdible[195: DANDELION]" time="0"/>
  <testcase classname="org.bukkit.PerMaterialTest" name="maxDurability[195: DANDELION]" time="0"/>
  <testcase classname="org.bukkit.PerMaterialTest" name="usesDurability[195: DANDELION]" time="0"/>
  <testcase classname="org.bukkit.PerMaterialTest" name="isOccluding[195: DANDELION]" time="0"/>
  <testcase classname="org.bukkit.PerMaterialTest" name="isRecord[195: DANDELION]" time="0"/>
  <testcase classname="org.bukkit.PerMaterialTest" name="isFlammable[195: DANDELION]" time="0.001"/>
  <testcase classname="org.bukkit.PerMaterialTest" name="testDurability[195: DANDELION]" time="0"/>
  <testcase classname="org.bukkit.PerMaterialTest" name="testBlockHardness[195: DANDELION]" time="0"/>
  <testcase classname="org.bukkit.PerMaterialTest" name="maxStackSize[195: DANDELION]" time="0"/>
  <testcase classname="org.bukkit.PerMaterialTest" name="isTransparent[195: DANDELION]" time="0"/>
  <testcase classname="org.bukkit.PerMaterialTest" name="testBlockDataCreation[195: DANDELION]" time="0"/>
  <testcase classname="org.bukkit.PerMaterialTest" name="isBlock[195: DANDELION]" time="0"/>
  <testcase classname="org.bukkit.PerMaterialTest" name="isSolid[195: DANDELION]" time="0.001"/>
  <testcase classname="org.bukkit.PerMaterialTest" name="hasGravity[196: DANDELION_YELLOW]" time="0"/>
  <testcase classname="org.bukkit.PerMaterialTest" name="isBurnable[196: DANDELION_YELLOW]" time="0"/>
  <testcase classname="org.bukkit.PerMaterialTest" name="testInteractable[196: DANDELION_YELLOW]" time="0"/>
  <testcase classname="org.bukkit.PerMaterialTest" name="testBlock[196: DANDELION_YELLOW]" time="0"/>
  <testcase classname="org.bukkit.PerMaterialTest" name="isFuel[196: DANDELION_YELLOW]" time="0"/>
  <testcase classname="org.bukkit.PerMaterialTest" name="testItem[196: DANDELION_YELLOW]" time="0.001"/>
  <testcase classname="org.bukkit.PerMaterialTest" name="testBlastResistance[196: DANDELION_YELLOW]" time="0"/>
  <testcase classname="org.bukkit.PerMaterialTest" name="isEdible[196: DANDELION_YELLOW]" time="0"/>
  <testcase classname="org.bukkit.PerMaterialTest" name="maxDurability[196: DANDELION_YELLOW]" time="0"/>
  <testcase classname="org.bukkit.PerMaterialTest" name="usesDurability[196: DANDELION_YELLOW]" time="0"/>
  <testcase classname="org.bukkit.PerMaterialTest" name="isOccluding[196: DANDELION_YELLOW]" time="0"/>
  <testcase classname="org.bukkit.PerMaterialTest" name="isRecord[196: DANDELION_YELLOW]" time="0"/>
  <testcase classname="org.bukkit.PerMaterialTest" name="isFlammable[196: DANDELION_YELLOW]" time="0"/>
  <testcase classname="org.bukkit.PerMaterialTest" name="testDurability[196: DANDELION_YELLOW]" time="0.001"/>
  <testcase classname="org.bukkit.PerMaterialTest" name="testBlockHardness[196: DANDELION_YELLOW]" time="0"/>
  <testcase classname="org.bukkit.PerMaterialTest" name="maxStackSize[196: DANDELION_YELLOW]" time="0"/>
  <testcase classname="org.bukkit.PerMaterialTest" name="isTransparent[196: DANDELION_YELLOW]" time="0"/>
  <testcase classname="org.bukkit.PerMaterialTest" name="testBlockDataCreation[196: DANDELION_YELLOW]" time="0"/>
  <testcase classname="org.bukkit.PerMaterialTest" name="isBlock[196: DANDELION_YELLOW]" time="0"/>
  <testcase classname="org.bukkit.PerMaterialTest" name="isSolid[196: DANDELION_YELLOW]" time="0"/>
  <testcase classname="org.bukkit.PerMaterialTest" name="hasGravity[197: DARK_OAK_BOAT]" time="0"/>
  <testcase classname="org.bukkit.PerMaterialTest" name="isBurnable[197: DARK_OAK_BOAT]" time="0"/>
  <testcase classname="org.bukkit.PerMaterialTest" name="testInteractable[197: DARK_OAK_BOAT]" time="0"/>
  <testcase classname="org.bukkit.PerMaterialTest" name="testBlock[197: DARK_OAK_BOAT]" time="0"/>
  <testcase classname="org.bukkit.PerMaterialTest" name="isFuel[197: DARK_OAK_BOAT]" time="0"/>
  <testcase classname="org.bukkit.PerMaterialTest" name="testItem[197: DARK_OAK_BOAT]" time="0"/>
  <testcase classname="org.bukkit.PerMaterialTest" name="testBlastResistance[197: DARK_OAK_BOAT]" time="0"/>
  <testcase classname="org.bukkit.PerMaterialTest" name="isEdible[197: DARK_OAK_BOAT]" time="0.001"/>
  <testcase classname="org.bukkit.PerMaterialTest" name="maxDurability[197: DARK_OAK_BOAT]" time="0"/>
  <testcase classname="org.bukkit.PerMaterialTest" name="usesDurability[197: DARK_OAK_BOAT]" time="0"/>
  <testcase classname="org.bukkit.PerMaterialTest" name="isOccluding[197: DARK_OAK_BOAT]" time="0"/>
  <testcase classname="org.bukkit.PerMaterialTest" name="isRecord[197: DARK_OAK_BOAT]" time="0"/>
  <testcase classname="org.bukkit.PerMaterialTest" name="isFlammable[197: DARK_OAK_BOAT]" time="0"/>
  <testcase classname="org.bukkit.PerMaterialTest" name="testDurability[197: DARK_OAK_BOAT]" time="0"/>
  <testcase classname="org.bukkit.PerMaterialTest" name="testBlockHardness[197: DARK_OAK_BOAT]" time="0"/>
  <testcase classname="org.bukkit.PerMaterialTest" name="maxStackSize[197: DARK_OAK_BOAT]" time="0.001"/>
  <testcase classname="org.bukkit.PerMaterialTest" name="isTransparent[197: DARK_OAK_BOAT]" time="0"/>
  <testcase classname="org.bukkit.PerMaterialTest" name="testBlockDataCreation[197: DARK_OAK_BOAT]" time="0"/>
  <testcase classname="org.bukkit.PerMaterialTest" name="isBlock[197: DARK_OAK_BOAT]" time="0"/>
  <testcase classname="org.bukkit.PerMaterialTest" name="isSolid[197: DARK_OAK_BOAT]" time="0"/>
  <testcase classname="org.bukkit.PerMaterialTest" name="hasGravity[198: DARK_OAK_BUTTON]" time="0"/>
  <testcase classname="org.bukkit.PerMaterialTest" name="isBurnable[198: DARK_OAK_BUTTON]" time="0"/>
  <testcase classname="org.bukkit.PerMaterialTest" name="testInteractable[198: DARK_OAK_BUTTON]" time="0.001"/>
  <testcase classname="org.bukkit.PerMaterialTest" name="testBlock[198: DARK_OAK_BUTTON]" time="0"/>
  <testcase classname="org.bukkit.PerMaterialTest" name="isFuel[198: DARK_OAK_BUTTON]" time="0"/>
  <testcase classname="org.bukkit.PerMaterialTest" name="testItem[198: DARK_OAK_BUTTON]" time="0"/>
  <testcase classname="org.bukkit.PerMaterialTest" name="testBlastResistance[198: DARK_OAK_BUTTON]" time="0"/>
  <testcase classname="org.bukkit.PerMaterialTest" name="isEdible[198: DARK_OAK_BUTTON]" time="0"/>
  <testcase classname="org.bukkit.PerMaterialTest" name="maxDurability[198: DARK_OAK_BUTTON]" time="0.001"/>
  <testcase classname="org.bukkit.PerMaterialTest" name="usesDurability[198: DARK_OAK_BUTTON]" time="0"/>
  <testcase classname="org.bukkit.PerMaterialTest" name="isOccluding[198: DARK_OAK_BUTTON]" time="0"/>
  <testcase classname="org.bukkit.PerMaterialTest" name="isRecord[198: DARK_OAK_BUTTON]" time="0"/>
  <testcase classname="org.bukkit.PerMaterialTest" name="isFlammable[198: DARK_OAK_BUTTON]" time="0"/>
  <testcase classname="org.bukkit.PerMaterialTest" name="testDurability[198: DARK_OAK_BUTTON]" time="0"/>
  <testcase classname="org.bukkit.PerMaterialTest" name="testBlockHardness[198: DARK_OAK_BUTTON]" time="0"/>
  <testcase classname="org.bukkit.PerMaterialTest" name="maxStackSize[198: DARK_OAK_BUTTON]" time="0.001"/>
  <testcase classname="org.bukkit.PerMaterialTest" name="isTransparent[198: DARK_OAK_BUTTON]" time="0"/>
  <testcase classname="org.bukkit.PerMaterialTest" name="testBlockDataCreation[198: DARK_OAK_BUTTON]" time="0"/>
  <testcase classname="org.bukkit.PerMaterialTest" name="isBlock[198: DARK_OAK_BUTTON]" time="0"/>
  <testcase classname="org.bukkit.PerMaterialTest" name="isSolid[198: DARK_OAK_BUTTON]" time="0"/>
  <testcase classname="org.bukkit.PerMaterialTest" name="hasGravity[199: DARK_OAK_DOOR]" time="0"/>
  <testcase classname="org.bukkit.PerMaterialTest" name="isBurnable[199: DARK_OAK_DOOR]" time="0"/>
  <testcase classname="org.bukkit.PerMaterialTest" name="testInteractable[199: DARK_OAK_DOOR]" time="0.001"/>
  <testcase classname="org.bukkit.PerMaterialTest" name="testBlock[199: DARK_OAK_DOOR]" time="0"/>
  <testcase classname="org.bukkit.PerMaterialTest" name="isFuel[199: DARK_OAK_DOOR]" time="0"/>
  <testcase classname="org.bukkit.PerMaterialTest" name="testItem[199: DARK_OAK_DOOR]" time="0"/>
  <testcase classname="org.bukkit.PerMaterialTest" name="testBlastResistance[199: DARK_OAK_DOOR]" time="0"/>
  <testcase classname="org.bukkit.PerMaterialTest" name="isEdible[199: DARK_OAK_DOOR]" time="0"/>
  <testcase classname="org.bukkit.PerMaterialTest" name="maxDurability[199: DARK_OAK_DOOR]" time="0.001"/>
  <testcase classname="org.bukkit.PerMaterialTest" name="usesDurability[199: DARK_OAK_DOOR]" time="0"/>
  <testcase classname="org.bukkit.PerMaterialTest" name="isOccluding[199: DARK_OAK_DOOR]" time="0"/>
  <testcase classname="org.bukkit.PerMaterialTest" name="isRecord[199: DARK_OAK_DOOR]" time="0"/>
  <testcase classname="org.bukkit.PerMaterialTest" name="isFlammable[199: DARK_OAK_DOOR]" time="0"/>
  <testcase classname="org.bukkit.PerMaterialTest" name="testDurability[199: DARK_OAK_DOOR]" time="0"/>
  <testcase classname="org.bukkit.PerMaterialTest" name="testBlockHardness[199: DARK_OAK_DOOR]" time="0"/>
  <testcase classname="org.bukkit.PerMaterialTest" name="maxStackSize[199: DARK_OAK_DOOR]" time="0"/>
  <testcase classname="org.bukkit.PerMaterialTest" name="isTransparent[199: DARK_OAK_DOOR]" time="0"/>
  <testcase classname="org.bukkit.PerMaterialTest" name="testBlockDataCreation[199: DARK_OAK_DOOR]" time="0"/>
  <testcase classname="org.bukkit.PerMaterialTest" name="isBlock[199: DARK_OAK_DOOR]" time="0"/>
  <testcase classname="org.bukkit.PerMaterialTest" name="isSolid[199: DARK_OAK_DOOR]" time="0"/>
  <testcase classname="org.bukkit.PerMaterialTest" name="hasGravity[200: DARK_OAK_FENCE]" time="0"/>
  <testcase classname="org.bukkit.PerMaterialTest" name="isBurnable[200: DARK_OAK_FENCE]" time="0"/>
  <testcase classname="org.bukkit.PerMaterialTest" name="testInteractable[200: DARK_OAK_FENCE]" time="0"/>
  <testcase classname="org.bukkit.PerMaterialTest" name="testBlock[200: DARK_OAK_FENCE]" time="0"/>
  <testcase classname="org.bukkit.PerMaterialTest" name="isFuel[200: DARK_OAK_FENCE]" time="0"/>
  <testcase classname="org.bukkit.PerMaterialTest" name="testItem[200: DARK_OAK_FENCE]" time="0"/>
  <testcase classname="org.bukkit.PerMaterialTest" name="testBlastResistance[200: DARK_OAK_FENCE]" time="0"/>
  <testcase classname="org.bukkit.PerMaterialTest" name="isEdible[200: DARK_OAK_FENCE]" time="0"/>
  <testcase classname="org.bukkit.PerMaterialTest" name="maxDurability[200: DARK_OAK_FENCE]" time="0"/>
  <testcase classname="org.bukkit.PerMaterialTest" name="usesDurability[200: DARK_OAK_FENCE]" time="0.001"/>
  <testcase classname="org.bukkit.PerMaterialTest" name="isOccluding[200: DARK_OAK_FENCE]" time="0"/>
  <testcase classname="org.bukkit.PerMaterialTest" name="isRecord[200: DARK_OAK_FENCE]" time="0"/>
  <testcase classname="org.bukkit.PerMaterialTest" name="isFlammable[200: DARK_OAK_FENCE]" time="0"/>
  <testcase classname="org.bukkit.PerMaterialTest" name="testDurability[200: DARK_OAK_FENCE]" time="0"/>
  <testcase classname="org.bukkit.PerMaterialTest" name="testBlockHardness[200: DARK_OAK_FENCE]" time="0"/>
  <testcase classname="org.bukkit.PerMaterialTest" name="maxStackSize[200: DARK_OAK_FENCE]" time="0"/>
  <testcase classname="org.bukkit.PerMaterialTest" name="isTransparent[200: DARK_OAK_FENCE]" time="0.001"/>
  <testcase classname="org.bukkit.PerMaterialTest" name="testBlockDataCreation[200: DARK_OAK_FENCE]" time="0"/>
  <testcase classname="org.bukkit.PerMaterialTest" name="isBlock[200: DARK_OAK_FENCE]" time="0"/>
  <testcase classname="org.bukkit.PerMaterialTest" name="isSolid[200: DARK_OAK_FENCE]" time="0"/>
  <testcase classname="org.bukkit.PerMaterialTest" name="hasGravity[201: DARK_OAK_FENCE_GATE]" time="0"/>
  <testcase classname="org.bukkit.PerMaterialTest" name="isBurnable[201: DARK_OAK_FENCE_GATE]" time="0"/>
  <testcase classname="org.bukkit.PerMaterialTest" name="testInteractable[201: DARK_OAK_FENCE_GATE]" time="0"/>
  <testcase classname="org.bukkit.PerMaterialTest" name="testBlock[201: DARK_OAK_FENCE_GATE]" time="0"/>
  <testcase classname="org.bukkit.PerMaterialTest" name="isFuel[201: DARK_OAK_FENCE_GATE]" time="0"/>
  <testcase classname="org.bukkit.PerMaterialTest" name="testItem[201: DARK_OAK_FENCE_GATE]" time="0"/>
  <testcase classname="org.bukkit.PerMaterialTest" name="testBlastResistance[201: DARK_OAK_FENCE_GATE]" time="0"/>
  <testcase classname="org.bukkit.PerMaterialTest" name="isEdible[201: DARK_OAK_FENCE_GATE]" time="0"/>
  <testcase classname="org.bukkit.PerMaterialTest" name="maxDurability[201: DARK_OAK_FENCE_GATE]" time="0"/>
  <testcase classname="org.bukkit.PerMaterialTest" name="usesDurability[201: DARK_OAK_FENCE_GATE]" time="0.001"/>
  <testcase classname="org.bukkit.PerMaterialTest" name="isOccluding[201: DARK_OAK_FENCE_GATE]" time="0"/>
  <testcase classname="org.bukkit.PerMaterialTest" name="isRecord[201: DARK_OAK_FENCE_GATE]" time="0"/>
  <testcase classname="org.bukkit.PerMaterialTest" name="isFlammable[201: DARK_OAK_FENCE_GATE]" time="0"/>
  <testcase classname="org.bukkit.PerMaterialTest" name="testDurability[201: DARK_OAK_FENCE_GATE]" time="0"/>
  <testcase classname="org.bukkit.PerMaterialTest" name="testBlockHardness[201: DARK_OAK_FENCE_GATE]" time="0"/>
  <testcase classname="org.bukkit.PerMaterialTest" name="maxStackSize[201: DARK_OAK_FENCE_GATE]" time="0"/>
  <testcase classname="org.bukkit.PerMaterialTest" name="isTransparent[201: DARK_OAK_FENCE_GATE]" time="0.001"/>
  <testcase classname="org.bukkit.PerMaterialTest" name="testBlockDataCreation[201: DARK_OAK_FENCE_GATE]" time="0"/>
  <testcase classname="org.bukkit.PerMaterialTest" name="isBlock[201: DARK_OAK_FENCE_GATE]" time="0"/>
  <testcase classname="org.bukkit.PerMaterialTest" name="isSolid[201: DARK_OAK_FENCE_GATE]" time="0"/>
  <testcase classname="org.bukkit.PerMaterialTest" name="hasGravity[202: DARK_OAK_LEAVES]" time="0"/>
  <testcase classname="org.bukkit.PerMaterialTest" name="isBurnable[202: DARK_OAK_LEAVES]" time="0"/>
  <testcase classname="org.bukkit.PerMaterialTest" name="testInteractable[202: DARK_OAK_LEAVES]" time="0"/>
  <testcase classname="org.bukkit.PerMaterialTest" name="testBlock[202: DARK_OAK_LEAVES]" time="0"/>
  <testcase classname="org.bukkit.PerMaterialTest" name="isFuel[202: DARK_OAK_LEAVES]" time="0"/>
  <testcase classname="org.bukkit.PerMaterialTest" name="testItem[202: DARK_OAK_LEAVES]" time="0"/>
  <testcase classname="org.bukkit.PerMaterialTest" name="testBlastResistance[202: DARK_OAK_LEAVES]" time="0"/>
  <testcase classname="org.bukkit.PerMaterialTest" name="isEdible[202: DARK_OAK_LEAVES]" time="0"/>
  <testcase classname="org.bukkit.PerMaterialTest" name="maxDurability[202: DARK_OAK_LEAVES]" time="0"/>
  <testcase classname="org.bukkit.PerMaterialTest" name="usesDurability[202: DARK_OAK_LEAVES]" time="0"/>
  <testcase classname="org.bukkit.PerMaterialTest" name="isOccluding[202: DARK_OAK_LEAVES]" time="0"/>
  <testcase classname="org.bukkit.PerMaterialTest" name="isRecord[202: DARK_OAK_LEAVES]" time="0"/>
  <testcase classname="org.bukkit.PerMaterialTest" name="isFlammable[202: DARK_OAK_LEAVES]" time="0"/>
  <testcase classname="org.bukkit.PerMaterialTest" name="testDurability[202: DARK_OAK_LEAVES]" time="0"/>
  <testcase classname="org.bukkit.PerMaterialTest" name="testBlockHardness[202: DARK_OAK_LEAVES]" time="0"/>
  <testcase classname="org.bukkit.PerMaterialTest" name="maxStackSize[202: DARK_OAK_LEAVES]" time="0"/>
  <testcase classname="org.bukkit.PerMaterialTest" name="isTransparent[202: DARK_OAK_LEAVES]" time="0"/>
  <testcase classname="org.bukkit.PerMaterialTest" name="testBlockDataCreation[202: DARK_OAK_LEAVES]" time="0"/>
  <testcase classname="org.bukkit.PerMaterialTest" name="isBlock[202: DARK_OAK_LEAVES]" time="0"/>
  <testcase classname="org.bukkit.PerMaterialTest" name="isSolid[202: DARK_OAK_LEAVES]" time="0"/>
  <testcase classname="org.bukkit.PerMaterialTest" name="hasGravity[203: DARK_OAK_LOG]" time="0"/>
  <testcase classname="org.bukkit.PerMaterialTest" name="isBurnable[203: DARK_OAK_LOG]" time="0"/>
  <testcase classname="org.bukkit.PerMaterialTest" name="testInteractable[203: DARK_OAK_LOG]" time="0"/>
  <testcase classname="org.bukkit.PerMaterialTest" name="testBlock[203: DARK_OAK_LOG]" time="0"/>
  <testcase classname="org.bukkit.PerMaterialTest" name="isFuel[203: DARK_OAK_LOG]" time="0"/>
  <testcase classname="org.bukkit.PerMaterialTest" name="testItem[203: DARK_OAK_LOG]" time="0"/>
  <testcase classname="org.bukkit.PerMaterialTest" name="testBlastResistance[203: DARK_OAK_LOG]" time="0"/>
  <testcase classname="org.bukkit.PerMaterialTest" name="isEdible[203: DARK_OAK_LOG]" time="0"/>
  <testcase classname="org.bukkit.PerMaterialTest" name="maxDurability[203: DARK_OAK_LOG]" time="0"/>
  <testcase classname="org.bukkit.PerMaterialTest" name="usesDurability[203: DARK_OAK_LOG]" time="0"/>
  <testcase classname="org.bukkit.PerMaterialTest" name="isOccluding[203: DARK_OAK_LOG]" time="0"/>
  <testcase classname="org.bukkit.PerMaterialTest" name="isRecord[203: DARK_OAK_LOG]" time="0"/>
  <testcase classname="org.bukkit.PerMaterialTest" name="isFlammable[203: DARK_OAK_LOG]" time="0"/>
  <testcase classname="org.bukkit.PerMaterialTest" name="testDurability[203: DARK_OAK_LOG]" time="0"/>
  <testcase classname="org.bukkit.PerMaterialTest" name="testBlockHardness[203: DARK_OAK_LOG]" time="0"/>
  <testcase classname="org.bukkit.PerMaterialTest" name="maxStackSize[203: DARK_OAK_LOG]" time="0"/>
  <testcase classname="org.bukkit.PerMaterialTest" name="isTransparent[203: DARK_OAK_LOG]" time="0.001"/>
  <testcase classname="org.bukkit.PerMaterialTest" name="testBlockDataCreation[203: DARK_OAK_LOG]" time="0"/>
  <testcase classname="org.bukkit.PerMaterialTest" name="isBlock[203: DARK_OAK_LOG]" time="0"/>
  <testcase classname="org.bukkit.PerMaterialTest" name="isSolid[203: DARK_OAK_LOG]" time="0"/>
  <testcase classname="org.bukkit.PerMaterialTest" name="hasGravity[204: DARK_OAK_PLANKS]" time="0"/>
  <testcase classname="org.bukkit.PerMaterialTest" name="isBurnable[204: DARK_OAK_PLANKS]" time="0"/>
  <testcase classname="org.bukkit.PerMaterialTest" name="testInteractable[204: DARK_OAK_PLANKS]" time="0"/>
  <testcase classname="org.bukkit.PerMaterialTest" name="testBlock[204: DARK_OAK_PLANKS]" time="0.001"/>
  <testcase classname="org.bukkit.PerMaterialTest" name="isFuel[204: DARK_OAK_PLANKS]" time="0"/>
  <testcase classname="org.bukkit.PerMaterialTest" name="testItem[204: DARK_OAK_PLANKS]" time="0"/>
  <testcase classname="org.bukkit.PerMaterialTest" name="testBlastResistance[204: DARK_OAK_PLANKS]" time="0"/>
  <testcase classname="org.bukkit.PerMaterialTest" name="isEdible[204: DARK_OAK_PLANKS]" time="0"/>
  <testcase classname="org.bukkit.PerMaterialTest" name="maxDurability[204: DARK_OAK_PLANKS]" time="0"/>
  <testcase classname="org.bukkit.PerMaterialTest" name="usesDurability[204: DARK_OAK_PLANKS]" time="0.001"/>
  <testcase classname="org.bukkit.PerMaterialTest" name="isOccluding[204: DARK_OAK_PLANKS]" time="0"/>
  <testcase classname="org.bukkit.PerMaterialTest" name="isRecord[204: DARK_OAK_PLANKS]" time="0"/>
  <testcase classname="org.bukkit.PerMaterialTest" name="isFlammable[204: DARK_OAK_PLANKS]" time="0"/>
  <testcase classname="org.bukkit.PerMaterialTest" name="testDurability[204: DARK_OAK_PLANKS]" time="0"/>
  <testcase classname="org.bukkit.PerMaterialTest" name="testBlockHardness[204: DARK_OAK_PLANKS]" time="0"/>
  <testcase classname="org.bukkit.PerMaterialTest" name="maxStackSize[204: DARK_OAK_PLANKS]" time="0"/>
  <testcase classname="org.bukkit.PerMaterialTest" name="isTransparent[204: DARK_OAK_PLANKS]" time="0"/>
  <testcase classname="org.bukkit.PerMaterialTest" name="testBlockDataCreation[204: DARK_OAK_PLANKS]" time="0"/>
  <testcase classname="org.bukkit.PerMaterialTest" name="isBlock[204: DARK_OAK_PLANKS]" time="0"/>
  <testcase classname="org.bukkit.PerMaterialTest" name="isSolid[204: DARK_OAK_PLANKS]" time="0"/>
  <testcase classname="org.bukkit.PerMaterialTest" name="hasGravity[205: DARK_OAK_PRESSURE_PLATE]" time="0"/>
  <testcase classname="org.bukkit.PerMaterialTest" name="isBurnable[205: DARK_OAK_PRESSURE_PLATE]" time="0"/>
  <testcase classname="org.bukkit.PerMaterialTest" name="testInteractable[205: DARK_OAK_PRESSURE_PLATE]" time="0"/>
  <testcase classname="org.bukkit.PerMaterialTest" name="testBlock[205: DARK_OAK_PRESSURE_PLATE]" time="0.001"/>
  <testcase classname="org.bukkit.PerMaterialTest" name="isFuel[205: DARK_OAK_PRESSURE_PLATE]" time="0"/>
  <testcase classname="org.bukkit.PerMaterialTest" name="testItem[205: DARK_OAK_PRESSURE_PLATE]" time="0"/>
  <testcase classname="org.bukkit.PerMaterialTest" name="testBlastResistance[205: DARK_OAK_PRESSURE_PLATE]" time="0"/>
  <testcase classname="org.bukkit.PerMaterialTest" name="isEdible[205: DARK_OAK_PRESSURE_PLATE]" time="0"/>
  <testcase classname="org.bukkit.PerMaterialTest" name="maxDurability[205: DARK_OAK_PRESSURE_PLATE]" time="0"/>
  <testcase classname="org.bukkit.PerMaterialTest" name="usesDurability[205: DARK_OAK_PRESSURE_PLATE]" time="0"/>
  <testcase classname="org.bukkit.PerMaterialTest" name="isOccluding[205: DARK_OAK_PRESSURE_PLATE]" time="0"/>
  <testcase classname="org.bukkit.PerMaterialTest" name="isRecord[205: DARK_OAK_PRESSURE_PLATE]" time="0"/>
  <testcase classname="org.bukkit.PerMaterialTest" name="isFlammable[205: DARK_OAK_PRESSURE_PLATE]" time="0"/>
  <testcase classname="org.bukkit.PerMaterialTest" name="testDurability[205: DARK_OAK_PRESSURE_PLATE]" time="0"/>
  <testcase classname="org.bukkit.PerMaterialTest" name="testBlockHardness[205: DARK_OAK_PRESSURE_PLATE]" time="0"/>
  <testcase classname="org.bukkit.PerMaterialTest" name="maxStackSize[205: DARK_OAK_PRESSURE_PLATE]" time="0"/>
  <testcase classname="org.bukkit.PerMaterialTest" name="isTransparent[205: DARK_OAK_PRESSURE_PLATE]" time="0"/>
  <testcase classname="org.bukkit.PerMaterialTest" name="testBlockDataCreation[205: DARK_OAK_PRESSURE_PLATE]" time="0"/>
  <testcase classname="org.bukkit.PerMaterialTest" name="isBlock[205: DARK_OAK_PRESSURE_PLATE]" time="0"/>
  <testcase classname="org.bukkit.PerMaterialTest" name="isSolid[205: DARK_OAK_PRESSURE_PLATE]" time="0"/>
  <testcase classname="org.bukkit.PerMaterialTest" name="hasGravity[206: DARK_OAK_SAPLING]" time="0"/>
  <testcase classname="org.bukkit.PerMaterialTest" name="isBurnable[206: DARK_OAK_SAPLING]" time="0"/>
  <testcase classname="org.bukkit.PerMaterialTest" name="testInteractable[206: DARK_OAK_SAPLING]" time="0"/>
  <testcase classname="org.bukkit.PerMaterialTest" name="testBlock[206: DARK_OAK_SAPLING]" time="0"/>
  <testcase classname="org.bukkit.PerMaterialTest" name="isFuel[206: DARK_OAK_SAPLING]" time="0"/>
  <testcase classname="org.bukkit.PerMaterialTest" name="testItem[206: DARK_OAK_SAPLING]" time="0"/>
  <testcase classname="org.bukkit.PerMaterialTest" name="testBlastResistance[206: DARK_OAK_SAPLING]" time="0"/>
  <testcase classname="org.bukkit.PerMaterialTest" name="isEdible[206: DARK_OAK_SAPLING]" time="0"/>
  <testcase classname="org.bukkit.PerMaterialTest" name="maxDurability[206: DARK_OAK_SAPLING]" time="0"/>
  <testcase classname="org.bukkit.PerMaterialTest" name="usesDurability[206: DARK_OAK_SAPLING]" time="0"/>
  <testcase classname="org.bukkit.PerMaterialTest" name="isOccluding[206: DARK_OAK_SAPLING]" time="0"/>
  <testcase classname="org.bukkit.PerMaterialTest" name="isRecord[206: DARK_OAK_SAPLING]" time="0"/>
  <testcase classname="org.bukkit.PerMaterialTest" name="isFlammable[206: DARK_OAK_SAPLING]" time="0"/>
  <testcase classname="org.bukkit.PerMaterialTest" name="testDurability[206: DARK_OAK_SAPLING]" time="0"/>
  <testcase classname="org.bukkit.PerMaterialTest" name="testBlockHardness[206: DARK_OAK_SAPLING]" time="0"/>
  <testcase classname="org.bukkit.PerMaterialTest" name="maxStackSize[206: DARK_OAK_SAPLING]" time="0"/>
  <testcase classname="org.bukkit.PerMaterialTest" name="isTransparent[206: DARK_OAK_SAPLING]" time="0"/>
  <testcase classname="org.bukkit.PerMaterialTest" name="testBlockDataCreation[206: DARK_OAK_SAPLING]" time="0"/>
  <testcase classname="org.bukkit.PerMaterialTest" name="isBlock[206: DARK_OAK_SAPLING]" time="0"/>
  <testcase classname="org.bukkit.PerMaterialTest" name="isSolid[206: DARK_OAK_SAPLING]" time="0.001"/>
  <testcase classname="org.bukkit.PerMaterialTest" name="hasGravity[207: DARK_OAK_SLAB]" time="0"/>
  <testcase classname="org.bukkit.PerMaterialTest" name="isBurnable[207: DARK_OAK_SLAB]" time="0"/>
  <testcase classname="org.bukkit.PerMaterialTest" name="testInteractable[207: DARK_OAK_SLAB]" time="0"/>
  <testcase classname="org.bukkit.PerMaterialTest" name="testBlock[207: DARK_OAK_SLAB]" time="0"/>
  <testcase classname="org.bukkit.PerMaterialTest" name="isFuel[207: DARK_OAK_SLAB]" time="0"/>
  <testcase classname="org.bukkit.PerMaterialTest" name="testItem[207: DARK_OAK_SLAB]" time="0"/>
  <testcase classname="org.bukkit.PerMaterialTest" name="testBlastResistance[207: DARK_OAK_SLAB]" time="0"/>
  <testcase classname="org.bukkit.PerMaterialTest" name="isEdible[207: DARK_OAK_SLAB]" time="0"/>
  <testcase classname="org.bukkit.PerMaterialTest" name="maxDurability[207: DARK_OAK_SLAB]" time="0"/>
  <testcase classname="org.bukkit.PerMaterialTest" name="usesDurability[207: DARK_OAK_SLAB]" time="0.001"/>
  <testcase classname="org.bukkit.PerMaterialTest" name="isOccluding[207: DARK_OAK_SLAB]" time="0"/>
  <testcase classname="org.bukkit.PerMaterialTest" name="isRecord[207: DARK_OAK_SLAB]" time="0"/>
  <testcase classname="org.bukkit.PerMaterialTest" name="isFlammable[207: DARK_OAK_SLAB]" time="0"/>
  <testcase classname="org.bukkit.PerMaterialTest" name="testDurability[207: DARK_OAK_SLAB]" time="0"/>
  <testcase classname="org.bukkit.PerMaterialTest" name="testBlockHardness[207: DARK_OAK_SLAB]" time="0"/>
  <testcase classname="org.bukkit.PerMaterialTest" name="maxStackSize[207: DARK_OAK_SLAB]" time="0"/>
  <testcase classname="org.bukkit.PerMaterialTest" name="isTransparent[207: DARK_OAK_SLAB]" time="0"/>
  <testcase classname="org.bukkit.PerMaterialTest" name="testBlockDataCreation[207: DARK_OAK_SLAB]" time="0"/>
  <testcase classname="org.bukkit.PerMaterialTest" name="isBlock[207: DARK_OAK_SLAB]" time="0"/>
  <testcase classname="org.bukkit.PerMaterialTest" name="isSolid[207: DARK_OAK_SLAB]" time="0"/>
  <testcase classname="org.bukkit.PerMaterialTest" name="hasGravity[208: DARK_OAK_STAIRS]" time="0"/>
  <testcase classname="org.bukkit.PerMaterialTest" name="isBurnable[208: DARK_OAK_STAIRS]" time="0"/>
  <testcase classname="org.bukkit.PerMaterialTest" name="testInteractable[208: DARK_OAK_STAIRS]" time="0"/>
  <testcase classname="org.bukkit.PerMaterialTest" name="testBlock[208: DARK_OAK_STAIRS]" time="0"/>
  <testcase classname="org.bukkit.PerMaterialTest" name="isFuel[208: DARK_OAK_STAIRS]" time="0"/>
  <testcase classname="org.bukkit.PerMaterialTest" name="testItem[208: DARK_OAK_STAIRS]" time="0"/>
  <testcase classname="org.bukkit.PerMaterialTest" name="testBlastResistance[208: DARK_OAK_STAIRS]" time="0"/>
  <testcase classname="org.bukkit.PerMaterialTest" name="isEdible[208: DARK_OAK_STAIRS]" time="0"/>
  <testcase classname="org.bukkit.PerMaterialTest" name="maxDurability[208: DARK_OAK_STAIRS]" time="0"/>
  <testcase classname="org.bukkit.PerMaterialTest" name="usesDurability[208: DARK_OAK_STAIRS]" time="0"/>
  <testcase classname="org.bukkit.PerMaterialTest" name="isOccluding[208: DARK_OAK_STAIRS]" time="0"/>
  <testcase classname="org.bukkit.PerMaterialTest" name="isRecord[208: DARK_OAK_STAIRS]" time="0"/>
  <testcase classname="org.bukkit.PerMaterialTest" name="isFlammable[208: DARK_OAK_STAIRS]" time="0"/>
  <testcase classname="org.bukkit.PerMaterialTest" name="testDurability[208: DARK_OAK_STAIRS]" time="0"/>
  <testcase classname="org.bukkit.PerMaterialTest" name="testBlockHardness[208: DARK_OAK_STAIRS]" time="0"/>
  <testcase classname="org.bukkit.PerMaterialTest" name="maxStackSize[208: DARK_OAK_STAIRS]" time="0"/>
  <testcase classname="org.bukkit.PerMaterialTest" name="isTransparent[208: DARK_OAK_STAIRS]" time="0"/>
  <testcase classname="org.bukkit.PerMaterialTest" name="testBlockDataCreation[208: DARK_OAK_STAIRS]" time="0"/>
  <testcase classname="org.bukkit.PerMaterialTest" name="isBlock[208: DARK_OAK_STAIRS]" time="0"/>
  <testcase classname="org.bukkit.PerMaterialTest" name="isSolid[208: DARK_OAK_STAIRS]" time="0"/>
  <testcase classname="org.bukkit.PerMaterialTest" name="hasGravity[209: DARK_OAK_TRAPDOOR]" time="0"/>
  <testcase classname="org.bukkit.PerMaterialTest" name="isBurnable[209: DARK_OAK_TRAPDOOR]" time="0"/>
  <testcase classname="org.bukkit.PerMaterialTest" name="testInteractable[209: DARK_OAK_TRAPDOOR]" time="0"/>
  <testcase classname="org.bukkit.PerMaterialTest" name="testBlock[209: DARK_OAK_TRAPDOOR]" time="0"/>
  <testcase classname="org.bukkit.PerMaterialTest" name="isFuel[209: DARK_OAK_TRAPDOOR]" time="0"/>
  <testcase classname="org.bukkit.PerMaterialTest" name="testItem[209: DARK_OAK_TRAPDOOR]" time="0"/>
  <testcase classname="org.bukkit.PerMaterialTest" name="testBlastResistance[209: DARK_OAK_TRAPDOOR]" time="0"/>
  <testcase classname="org.bukkit.PerMaterialTest" name="isEdible[209: DARK_OAK_TRAPDOOR]" time="0"/>
  <testcase classname="org.bukkit.PerMaterialTest" name="maxDurability[209: DARK_OAK_TRAPDOOR]" time="0"/>
  <testcase classname="org.bukkit.PerMaterialTest" name="usesDurability[209: DARK_OAK_TRAPDOOR]" time="0"/>
  <testcase classname="org.bukkit.PerMaterialTest" name="isOccluding[209: DARK_OAK_TRAPDOOR]" time="0.001"/>
  <testcase classname="org.bukkit.PerMaterialTest" name="isRecord[209: DARK_OAK_TRAPDOOR]" time="0"/>
  <testcase classname="org.bukkit.PerMaterialTest" name="isFlammable[209: DARK_OAK_TRAPDOOR]" time="0"/>
  <testcase classname="org.bukkit.PerMaterialTest" name="testDurability[209: DARK_OAK_TRAPDOOR]" time="0"/>
  <testcase classname="org.bukkit.PerMaterialTest" name="testBlockHardness[209: DARK_OAK_TRAPDOOR]" time="0"/>
  <testcase classname="org.bukkit.PerMaterialTest" name="maxStackSize[209: DARK_OAK_TRAPDOOR]" time="0"/>
  <testcase classname="org.bukkit.PerMaterialTest" name="isTransparent[209: DARK_OAK_TRAPDOOR]" time="0"/>
  <testcase classname="org.bukkit.PerMaterialTest" name="testBlockDataCreation[209: DARK_OAK_TRAPDOOR]" time="0.001"/>
  <testcase classname="org.bukkit.PerMaterialTest" name="isBlock[209: DARK_OAK_TRAPDOOR]" time="0"/>
  <testcase classname="org.bukkit.PerMaterialTest" name="isSolid[209: DARK_OAK_TRAPDOOR]" time="0"/>
  <testcase classname="org.bukkit.PerMaterialTest" name="hasGravity[210: DARK_OAK_WOOD]" time="0"/>
  <testcase classname="org.bukkit.PerMaterialTest" name="isBurnable[210: DARK_OAK_WOOD]" time="0"/>
  <testcase classname="org.bukkit.PerMaterialTest" name="testInteractable[210: DARK_OAK_WOOD]" time="0"/>
  <testcase classname="org.bukkit.PerMaterialTest" name="testBlock[210: DARK_OAK_WOOD]" time="0"/>
  <testcase classname="org.bukkit.PerMaterialTest" name="isFuel[210: DARK_OAK_WOOD]" time="0.001"/>
  <testcase classname="org.bukkit.PerMaterialTest" name="testItem[210: DARK_OAK_WOOD]" time="0"/>
  <testcase classname="org.bukkit.PerMaterialTest" name="testBlastResistance[210: DARK_OAK_WOOD]" time="0"/>
  <testcase classname="org.bukkit.PerMaterialTest" name="isEdible[210: DARK_OAK_WOOD]" time="0"/>
  <testcase classname="org.bukkit.PerMaterialTest" name="maxDurability[210: DARK_OAK_WOOD]" time="0"/>
  <testcase classname="org.bukkit.PerMaterialTest" name="usesDurability[210: DARK_OAK_WOOD]" time="0"/>
  <testcase classname="org.bukkit.PerMaterialTest" name="isOccluding[210: DARK_OAK_WOOD]" time="0.001"/>
  <testcase classname="org.bukkit.PerMaterialTest" name="isRecord[210: DARK_OAK_WOOD]" time="0"/>
  <testcase classname="org.bukkit.PerMaterialTest" name="isFlammable[210: DARK_OAK_WOOD]" time="0"/>
  <testcase classname="org.bukkit.PerMaterialTest" name="testDurability[210: DARK_OAK_WOOD]" time="0"/>
  <testcase classname="org.bukkit.PerMaterialTest" name="testBlockHardness[210: DARK_OAK_WOOD]" time="0"/>
  <testcase classname="org.bukkit.PerMaterialTest" name="maxStackSize[210: DARK_OAK_WOOD]" time="0"/>
  <testcase classname="org.bukkit.PerMaterialTest" name="isTransparent[210: DARK_OAK_WOOD]" time="0"/>
  <testcase classname="org.bukkit.PerMaterialTest" name="testBlockDataCreation[210: DARK_OAK_WOOD]" time="0"/>
  <testcase classname="org.bukkit.PerMaterialTest" name="isBlock[210: DARK_OAK_WOOD]" time="0"/>
  <testcase classname="org.bukkit.PerMaterialTest" name="isSolid[210: DARK_OAK_WOOD]" time="0"/>
  <testcase classname="org.bukkit.PerMaterialTest" name="hasGravity[211: DARK_PRISMARINE]" time="0"/>
  <testcase classname="org.bukkit.PerMaterialTest" name="isBurnable[211: DARK_PRISMARINE]" time="0"/>
  <testcase classname="org.bukkit.PerMaterialTest" name="testInteractable[211: DARK_PRISMARINE]" time="0"/>
  <testcase classname="org.bukkit.PerMaterialTest" name="testBlock[211: DARK_PRISMARINE]" time="0"/>
  <testcase classname="org.bukkit.PerMaterialTest" name="isFuel[211: DARK_PRISMARINE]" time="0.001"/>
  <testcase classname="org.bukkit.PerMaterialTest" name="testItem[211: DARK_PRISMARINE]" time="0"/>
  <testcase classname="org.bukkit.PerMaterialTest" name="testBlastResistance[211: DARK_PRISMARINE]" time="0"/>
  <testcase classname="org.bukkit.PerMaterialTest" name="isEdible[211: DARK_PRISMARINE]" time="0"/>
  <testcase classname="org.bukkit.PerMaterialTest" name="maxDurability[211: DARK_PRISMARINE]" time="0"/>
  <testcase classname="org.bukkit.PerMaterialTest" name="usesDurability[211: DARK_PRISMARINE]" time="0"/>
  <testcase classname="org.bukkit.PerMaterialTest" name="isOccluding[211: DARK_PRISMARINE]" time="0"/>
  <testcase classname="org.bukkit.PerMaterialTest" name="isRecord[211: DARK_PRISMARINE]" time="0"/>
  <testcase classname="org.bukkit.PerMaterialTest" name="isFlammable[211: DARK_PRISMARINE]" time="0"/>
  <testcase classname="org.bukkit.PerMaterialTest" name="testDurability[211: DARK_PRISMARINE]" time="0"/>
  <testcase classname="org.bukkit.PerMaterialTest" name="testBlockHardness[211: DARK_PRISMARINE]" time="0"/>
  <testcase classname="org.bukkit.PerMaterialTest" name="maxStackSize[211: DARK_PRISMARINE]" time="0"/>
  <testcase classname="org.bukkit.PerMaterialTest" name="isTransparent[211: DARK_PRISMARINE]" time="0"/>
  <testcase classname="org.bukkit.PerMaterialTest" name="testBlockDataCreation[211: DARK_PRISMARINE]" time="0"/>
  <testcase classname="org.bukkit.PerMaterialTest" name="isBlock[211: DARK_PRISMARINE]" time="0"/>
  <testcase classname="org.bukkit.PerMaterialTest" name="isSolid[211: DARK_PRISMARINE]" time="0"/>
  <testcase classname="org.bukkit.PerMaterialTest" name="hasGravity[212: DARK_PRISMARINE_SLAB]" time="0"/>
  <testcase classname="org.bukkit.PerMaterialTest" name="isBurnable[212: DARK_PRISMARINE_SLAB]" time="0"/>
  <testcase classname="org.bukkit.PerMaterialTest" name="testInteractable[212: DARK_PRISMARINE_SLAB]" time="0"/>
  <testcase classname="org.bukkit.PerMaterialTest" name="testBlock[212: DARK_PRISMARINE_SLAB]" time="0"/>
  <testcase classname="org.bukkit.PerMaterialTest" name="isFuel[212: DARK_PRISMARINE_SLAB]" time="0.001"/>
  <testcase classname="org.bukkit.PerMaterialTest" name="testItem[212: DARK_PRISMARINE_SLAB]" time="0"/>
  <testcase classname="org.bukkit.PerMaterialTest" name="testBlastResistance[212: DARK_PRISMARINE_SLAB]" time="0"/>
  <testcase classname="org.bukkit.PerMaterialTest" name="isEdible[212: DARK_PRISMARINE_SLAB]" time="0"/>
  <testcase classname="org.bukkit.PerMaterialTest" name="maxDurability[212: DARK_PRISMARINE_SLAB]" time="0"/>
  <testcase classname="org.bukkit.PerMaterialTest" name="usesDurability[212: DARK_PRISMARINE_SLAB]" time="0"/>
  <testcase classname="org.bukkit.PerMaterialTest" name="isOccluding[212: DARK_PRISMARINE_SLAB]" time="0.001"/>
  <testcase classname="org.bukkit.PerMaterialTest" name="isRecord[212: DARK_PRISMARINE_SLAB]" time="0"/>
  <testcase classname="org.bukkit.PerMaterialTest" name="isFlammable[212: DARK_PRISMARINE_SLAB]" time="0"/>
  <testcase classname="org.bukkit.PerMaterialTest" name="testDurability[212: DARK_PRISMARINE_SLAB]" time="0"/>
  <testcase classname="org.bukkit.PerMaterialTest" name="testBlockHardness[212: DARK_PRISMARINE_SLAB]" time="0"/>
  <testcase classname="org.bukkit.PerMaterialTest" name="maxStackSize[212: DARK_PRISMARINE_SLAB]" time="0"/>
  <testcase classname="org.bukkit.PerMaterialTest" name="isTransparent[212: DARK_PRISMARINE_SLAB]" time="0"/>
  <testcase classname="org.bukkit.PerMaterialTest" name="testBlockDataCreation[212: DARK_PRISMARINE_SLAB]" time="0.001"/>
  <testcase classname="org.bukkit.PerMaterialTest" name="isBlock[212: DARK_PRISMARINE_SLAB]" time="0"/>
  <testcase classname="org.bukkit.PerMaterialTest" name="isSolid[212: DARK_PRISMARINE_SLAB]" time="0"/>
  <testcase classname="org.bukkit.PerMaterialTest" name="hasGravity[213: DARK_PRISMARINE_STAIRS]" time="0"/>
  <testcase classname="org.bukkit.PerMaterialTest" name="isBurnable[213: DARK_PRISMARINE_STAIRS]" time="0"/>
  <testcase classname="org.bukkit.PerMaterialTest" name="testInteractable[213: DARK_PRISMARINE_STAIRS]" time="0"/>
  <testcase classname="org.bukkit.PerMaterialTest" name="testBlock[213: DARK_PRISMARINE_STAIRS]" time="0"/>
  <testcase classname="org.bukkit.PerMaterialTest" name="isFuel[213: DARK_PRISMARINE_STAIRS]" time="0.001"/>
  <testcase classname="org.bukkit.PerMaterialTest" name="testItem[213: DARK_PRISMARINE_STAIRS]" time="0"/>
  <testcase classname="org.bukkit.PerMaterialTest" name="testBlastResistance[213: DARK_PRISMARINE_STAIRS]" time="0"/>
  <testcase classname="org.bukkit.PerMaterialTest" name="isEdible[213: DARK_PRISMARINE_STAIRS]" time="0"/>
  <testcase classname="org.bukkit.PerMaterialTest" name="maxDurability[213: DARK_PRISMARINE_STAIRS]" time="0"/>
  <testcase classname="org.bukkit.PerMaterialTest" name="usesDurability[213: DARK_PRISMARINE_STAIRS]" time="0"/>
  <testcase classname="org.bukkit.PerMaterialTest" name="isOccluding[213: DARK_PRISMARINE_STAIRS]" time="0.001"/>
  <testcase classname="org.bukkit.PerMaterialTest" name="isRecord[213: DARK_PRISMARINE_STAIRS]" time="0"/>
  <testcase classname="org.bukkit.PerMaterialTest" name="isFlammable[213: DARK_PRISMARINE_STAIRS]" time="0"/>
  <testcase classname="org.bukkit.PerMaterialTest" name="testDurability[213: DARK_PRISMARINE_STAIRS]" time="0"/>
  <testcase classname="org.bukkit.PerMaterialTest" name="testBlockHardness[213: DARK_PRISMARINE_STAIRS]" time="0"/>
  <testcase classname="org.bukkit.PerMaterialTest" name="maxStackSize[213: DARK_PRISMARINE_STAIRS]" time="0"/>
  <testcase classname="org.bukkit.PerMaterialTest" name="isTransparent[213: DARK_PRISMARINE_STAIRS]" time="0"/>
  <testcase classname="org.bukkit.PerMaterialTest" name="testBlockDataCreation[213: DARK_PRISMARINE_STAIRS]" time="0.001"/>
  <testcase classname="org.bukkit.PerMaterialTest" name="isBlock[213: DARK_PRISMARINE_STAIRS]" time="0"/>
  <testcase classname="org.bukkit.PerMaterialTest" name="isSolid[213: DARK_PRISMARINE_STAIRS]" time="0"/>
  <testcase classname="org.bukkit.PerMaterialTest" name="hasGravity[214: DAYLIGHT_DETECTOR]" time="0"/>
  <testcase classname="org.bukkit.PerMaterialTest" name="isBurnable[214: DAYLIGHT_DETECTOR]" time="0"/>
  <testcase classname="org.bukkit.PerMaterialTest" name="testInteractable[214: DAYLIGHT_DETECTOR]" time="0.001"/>
  <testcase classname="org.bukkit.PerMaterialTest" name="testBlock[214: DAYLIGHT_DETECTOR]" time="0"/>
  <testcase classname="org.bukkit.PerMaterialTest" name="isFuel[214: DAYLIGHT_DETECTOR]" time="0"/>
  <testcase classname="org.bukkit.PerMaterialTest" name="testItem[214: DAYLIGHT_DETECTOR]" time="0"/>
  <testcase classname="org.bukkit.PerMaterialTest" name="testBlastResistance[214: DAYLIGHT_DETECTOR]" time="0"/>
  <testcase classname="org.bukkit.PerMaterialTest" name="isEdible[214: DAYLIGHT_DETECTOR]" time="0"/>
  <testcase classname="org.bukkit.PerMaterialTest" name="maxDurability[214: DAYLIGHT_DETECTOR]" time="0"/>
  <testcase classname="org.bukkit.PerMaterialTest" name="usesDurability[214: DAYLIGHT_DETECTOR]" time="0"/>
  <testcase classname="org.bukkit.PerMaterialTest" name="isOccluding[214: DAYLIGHT_DETECTOR]" time="0"/>
  <testcase classname="org.bukkit.PerMaterialTest" name="isRecord[214: DAYLIGHT_DETECTOR]" time="0"/>
  <testcase classname="org.bukkit.PerMaterialTest" name="isFlammable[214: DAYLIGHT_DETECTOR]" time="0"/>
  <testcase classname="org.bukkit.PerMaterialTest" name="testDurability[214: DAYLIGHT_DETECTOR]" time="0"/>
  <testcase classname="org.bukkit.PerMaterialTest" name="testBlockHardness[214: DAYLIGHT_DETECTOR]" time="0"/>
  <testcase classname="org.bukkit.PerMaterialTest" name="maxStackSize[214: DAYLIGHT_DETECTOR]" time="0"/>
  <testcase classname="org.bukkit.PerMaterialTest" name="isTransparent[214: DAYLIGHT_DETECTOR]" time="0"/>
  <testcase classname="org.bukkit.PerMaterialTest" name="testBlockDataCreation[214: DAYLIGHT_DETECTOR]" time="0"/>
  <testcase classname="org.bukkit.PerMaterialTest" name="isBlock[214: DAYLIGHT_DETECTOR]" time="0"/>
  <testcase classname="org.bukkit.PerMaterialTest" name="isSolid[214: DAYLIGHT_DETECTOR]" time="0"/>
  <testcase classname="org.bukkit.PerMaterialTest" name="hasGravity[215: DEAD_BRAIN_CORAL]" time="0"/>
  <testcase classname="org.bukkit.PerMaterialTest" name="isBurnable[215: DEAD_BRAIN_CORAL]" time="0"/>
  <testcase classname="org.bukkit.PerMaterialTest" name="testInteractable[215: DEAD_BRAIN_CORAL]" time="0.001"/>
  <testcase classname="org.bukkit.PerMaterialTest" name="testBlock[215: DEAD_BRAIN_CORAL]" time="0"/>
  <testcase classname="org.bukkit.PerMaterialTest" name="isFuel[215: DEAD_BRAIN_CORAL]" time="0"/>
  <testcase classname="org.bukkit.PerMaterialTest" name="testItem[215: DEAD_BRAIN_CORAL]" time="0"/>
  <testcase classname="org.bukkit.PerMaterialTest" name="testBlastResistance[215: DEAD_BRAIN_CORAL]" time="0"/>
  <testcase classname="org.bukkit.PerMaterialTest" name="isEdible[215: DEAD_BRAIN_CORAL]" time="0"/>
  <testcase classname="org.bukkit.PerMaterialTest" name="maxDurability[215: DEAD_BRAIN_CORAL]" time="0"/>
  <testcase classname="org.bukkit.PerMaterialTest" name="usesDurability[215: DEAD_BRAIN_CORAL]" time="0"/>
  <testcase classname="org.bukkit.PerMaterialTest" name="isOccluding[215: DEAD_BRAIN_CORAL]" time="0"/>
  <testcase classname="org.bukkit.PerMaterialTest" name="isRecord[215: DEAD_BRAIN_CORAL]" time="0"/>
  <testcase classname="org.bukkit.PerMaterialTest" name="isFlammable[215: DEAD_BRAIN_CORAL]" time="0"/>
  <testcase classname="org.bukkit.PerMaterialTest" name="testDurability[215: DEAD_BRAIN_CORAL]" time="0"/>
  <testcase classname="org.bukkit.PerMaterialTest" name="testBlockHardness[215: DEAD_BRAIN_CORAL]" time="0"/>
  <testcase classname="org.bukkit.PerMaterialTest" name="maxStackSize[215: DEAD_BRAIN_CORAL]" time="0.001"/>
  <testcase classname="org.bukkit.PerMaterialTest" name="isTransparent[215: DEAD_BRAIN_CORAL]" time="0"/>
  <testcase classname="org.bukkit.PerMaterialTest" name="testBlockDataCreation[215: DEAD_BRAIN_CORAL]" time="0"/>
  <testcase classname="org.bukkit.PerMaterialTest" name="isBlock[215: DEAD_BRAIN_CORAL]" time="0"/>
  <testcase classname="org.bukkit.PerMaterialTest" name="isSolid[215: DEAD_BRAIN_CORAL]" time="0"/>
  <testcase classname="org.bukkit.PerMaterialTest" name="hasGravity[216: DEAD_BRAIN_CORAL_BLOCK]" time="0"/>
  <testcase classname="org.bukkit.PerMaterialTest" name="isBurnable[216: DEAD_BRAIN_CORAL_BLOCK]" time="0"/>
  <testcase classname="org.bukkit.PerMaterialTest" name="testInteractable[216: DEAD_BRAIN_CORAL_BLOCK]" time="0.001"/>
  <testcase classname="org.bukkit.PerMaterialTest" name="testBlock[216: DEAD_BRAIN_CORAL_BLOCK]" time="0"/>
  <testcase classname="org.bukkit.PerMaterialTest" name="isFuel[216: DEAD_BRAIN_CORAL_BLOCK]" time="0"/>
  <testcase classname="org.bukkit.PerMaterialTest" name="testItem[216: DEAD_BRAIN_CORAL_BLOCK]" time="0"/>
  <testcase classname="org.bukkit.PerMaterialTest" name="testBlastResistance[216: DEAD_BRAIN_CORAL_BLOCK]" time="0"/>
  <testcase classname="org.bukkit.PerMaterialTest" name="isEdible[216: DEAD_BRAIN_CORAL_BLOCK]" time="0"/>
  <testcase classname="org.bukkit.PerMaterialTest" name="maxDurability[216: DEAD_BRAIN_CORAL_BLOCK]" time="0.001"/>
  <testcase classname="org.bukkit.PerMaterialTest" name="usesDurability[216: DEAD_BRAIN_CORAL_BLOCK]" time="0"/>
  <testcase classname="org.bukkit.PerMaterialTest" name="isOccluding[216: DEAD_BRAIN_CORAL_BLOCK]" time="0"/>
  <testcase classname="org.bukkit.PerMaterialTest" name="isRecord[216: DEAD_BRAIN_CORAL_BLOCK]" time="0"/>
  <testcase classname="org.bukkit.PerMaterialTest" name="isFlammable[216: DEAD_BRAIN_CORAL_BLOCK]" time="0"/>
  <testcase classname="org.bukkit.PerMaterialTest" name="testDurability[216: DEAD_BRAIN_CORAL_BLOCK]" time="0"/>
  <testcase classname="org.bukkit.PerMaterialTest" name="testBlockHardness[216: DEAD_BRAIN_CORAL_BLOCK]" time="0"/>
  <testcase classname="org.bukkit.PerMaterialTest" name="maxStackSize[216: DEAD_BRAIN_CORAL_BLOCK]" time="0.001"/>
  <testcase classname="org.bukkit.PerMaterialTest" name="isTransparent[216: DEAD_BRAIN_CORAL_BLOCK]" time="0"/>
  <testcase classname="org.bukkit.PerMaterialTest" name="testBlockDataCreation[216: DEAD_BRAIN_CORAL_BLOCK]" time="0"/>
  <testcase classname="org.bukkit.PerMaterialTest" name="isBlock[216: DEAD_BRAIN_CORAL_BLOCK]" time="0"/>
  <testcase classname="org.bukkit.PerMaterialTest" name="isSolid[216: DEAD_BRAIN_CORAL_BLOCK]" time="0"/>
  <testcase classname="org.bukkit.PerMaterialTest" name="hasGravity[217: DEAD_BRAIN_CORAL_FAN]" time="0"/>
  <testcase classname="org.bukkit.PerMaterialTest" name="isBurnable[217: DEAD_BRAIN_CORAL_FAN]" time="0"/>
  <testcase classname="org.bukkit.PerMaterialTest" name="testInteractable[217: DEAD_BRAIN_CORAL_FAN]" time="0.001"/>
  <testcase classname="org.bukkit.PerMaterialTest" name="testBlock[217: DEAD_BRAIN_CORAL_FAN]" time="0"/>
  <testcase classname="org.bukkit.PerMaterialTest" name="isFuel[217: DEAD_BRAIN_CORAL_FAN]" time="0"/>
  <testcase classname="org.bukkit.PerMaterialTest" name="testItem[217: DEAD_BRAIN_CORAL_FAN]" time="0"/>
  <testcase classname="org.bukkit.PerMaterialTest" name="testBlastResistance[217: DEAD_BRAIN_CORAL_FAN]" time="0"/>
  <testcase classname="org.bukkit.PerMaterialTest" name="isEdible[217: DEAD_BRAIN_CORAL_FAN]" time="0"/>
  <testcase classname="org.bukkit.PerMaterialTest" name="maxDurability[217: DEAD_BRAIN_CORAL_FAN]" time="0"/>
  <testcase classname="org.bukkit.PerMaterialTest" name="usesDurability[217: DEAD_BRAIN_CORAL_FAN]" time="0"/>
  <testcase classname="org.bukkit.PerMaterialTest" name="isOccluding[217: DEAD_BRAIN_CORAL_FAN]" time="0"/>
  <testcase classname="org.bukkit.PerMaterialTest" name="isRecord[217: DEAD_BRAIN_CORAL_FAN]" time="0"/>
  <testcase classname="org.bukkit.PerMaterialTest" name="isFlammable[217: DEAD_BRAIN_CORAL_FAN]" time="0"/>
  <testcase classname="org.bukkit.PerMaterialTest" name="testDurability[217: DEAD_BRAIN_CORAL_FAN]" time="0"/>
  <testcase classname="org.bukkit.PerMaterialTest" name="testBlockHardness[217: DEAD_BRAIN_CORAL_FAN]" time="0"/>
  <testcase classname="org.bukkit.PerMaterialTest" name="maxStackSize[217: DEAD_BRAIN_CORAL_FAN]" time="0.001"/>
  <testcase classname="org.bukkit.PerMaterialTest" name="isTransparent[217: DEAD_BRAIN_CORAL_FAN]" time="0"/>
  <testcase classname="org.bukkit.PerMaterialTest" name="testBlockDataCreation[217: DEAD_BRAIN_CORAL_FAN]" time="0"/>
  <testcase classname="org.bukkit.PerMaterialTest" name="isBlock[217: DEAD_BRAIN_CORAL_FAN]" time="0"/>
  <testcase classname="org.bukkit.PerMaterialTest" name="isSolid[217: DEAD_BRAIN_CORAL_FAN]" time="0"/>
  <testcase classname="org.bukkit.PerMaterialTest" name="hasGravity[218: DEAD_BRAIN_CORAL_WALL_FAN]" time="0"/>
  <testcase classname="org.bukkit.PerMaterialTest" name="isBurnable[218: DEAD_BRAIN_CORAL_WALL_FAN]" time="0"/>
  <testcase classname="org.bukkit.PerMaterialTest" name="testInteractable[218: DEAD_BRAIN_CORAL_WALL_FAN]" time="0.001"/>
  <testcase classname="org.bukkit.PerMaterialTest" name="testBlock[218: DEAD_BRAIN_CORAL_WALL_FAN]" time="0"/>
  <testcase classname="org.bukkit.PerMaterialTest" name="isFuel[218: DEAD_BRAIN_CORAL_WALL_FAN]" time="0"/>
  <testcase classname="org.bukkit.PerMaterialTest" name="testItem[218: DEAD_BRAIN_CORAL_WALL_FAN]" time="0"/>
  <testcase classname="org.bukkit.PerMaterialTest" name="testBlastResistance[218: DEAD_BRAIN_CORAL_WALL_FAN]" time="0"/>
  <testcase classname="org.bukkit.PerMaterialTest" name="isEdible[218: DEAD_BRAIN_CORAL_WALL_FAN]" time="0"/>
  <testcase classname="org.bukkit.PerMaterialTest" name="maxDurability[218: DEAD_BRAIN_CORAL_WALL_FAN]" time="0"/>
  <testcase classname="org.bukkit.PerMaterialTest" name="usesDurability[218: DEAD_BRAIN_CORAL_WALL_FAN]" time="0"/>
  <testcase classname="org.bukkit.PerMaterialTest" name="isOccluding[218: DEAD_BRAIN_CORAL_WALL_FAN]" time="0"/>
  <testcase classname="org.bukkit.PerMaterialTest" name="isRecord[218: DEAD_BRAIN_CORAL_WALL_FAN]" time="0"/>
  <testcase classname="org.bukkit.PerMaterialTest" name="isFlammable[218: DEAD_BRAIN_CORAL_WALL_FAN]" time="0"/>
  <testcase classname="org.bukkit.PerMaterialTest" name="testDurability[218: DEAD_BRAIN_CORAL_WALL_FAN]" time="0"/>
  <testcase classname="org.bukkit.PerMaterialTest" name="testBlockHardness[218: DEAD_BRAIN_CORAL_WALL_FAN]" time="0"/>
  <testcase classname="org.bukkit.PerMaterialTest" name="maxStackSize[218: DEAD_BRAIN_CORAL_WALL_FAN]" time="0"/>
  <testcase classname="org.bukkit.PerMaterialTest" name="isTransparent[218: DEAD_BRAIN_CORAL_WALL_FAN]" time="0"/>
  <testcase classname="org.bukkit.PerMaterialTest" name="testBlockDataCreation[218: DEAD_BRAIN_CORAL_WALL_FAN]" time="0"/>
  <testcase classname="org.bukkit.PerMaterialTest" name="isBlock[218: DEAD_BRAIN_CORAL_WALL_FAN]" time="0"/>
  <testcase classname="org.bukkit.PerMaterialTest" name="isSolid[218: DEAD_BRAIN_CORAL_WALL_FAN]" time="0"/>
  <testcase classname="org.bukkit.PerMaterialTest" name="hasGravity[219: DEAD_BUBBLE_CORAL]" time="0"/>
  <testcase classname="org.bukkit.PerMaterialTest" name="isBurnable[219: DEAD_BUBBLE_CORAL]" time="0"/>
  <testcase classname="org.bukkit.PerMaterialTest" name="testInteractable[219: DEAD_BUBBLE_CORAL]" time="0.001"/>
  <testcase classname="org.bukkit.PerMaterialTest" name="testBlock[219: DEAD_BUBBLE_CORAL]" time="0"/>
  <testcase classname="org.bukkit.PerMaterialTest" name="isFuel[219: DEAD_BUBBLE_CORAL]" time="0"/>
  <testcase classname="org.bukkit.PerMaterialTest" name="testItem[219: DEAD_BUBBLE_CORAL]" time="0"/>
  <testcase classname="org.bukkit.PerMaterialTest" name="testBlastResistance[219: DEAD_BUBBLE_CORAL]" time="0"/>
  <testcase classname="org.bukkit.PerMaterialTest" name="isEdible[219: DEAD_BUBBLE_CORAL]" time="0"/>
  <testcase classname="org.bukkit.PerMaterialTest" name="maxDurability[219: DEAD_BUBBLE_CORAL]" time="0"/>
  <testcase classname="org.bukkit.PerMaterialTest" name="usesDurability[219: DEAD_BUBBLE_CORAL]" time="0"/>
  <testcase classname="org.bukkit.PerMaterialTest" name="isOccluding[219: DEAD_BUBBLE_CORAL]" time="0"/>
  <testcase classname="org.bukkit.PerMaterialTest" name="isRecord[219: DEAD_BUBBLE_CORAL]" time="0"/>
  <testcase classname="org.bukkit.PerMaterialTest" name="isFlammable[219: DEAD_BUBBLE_CORAL]" time="0"/>
  <testcase classname="org.bukkit.PerMaterialTest" name="testDurability[219: DEAD_BUBBLE_CORAL]" time="0"/>
  <testcase classname="org.bukkit.PerMaterialTest" name="testBlockHardness[219: DEAD_BUBBLE_CORAL]" time="0"/>
  <testcase classname="org.bukkit.PerMaterialTest" name="maxStackSize[219: DEAD_BUBBLE_CORAL]" time="0.001"/>
  <testcase classname="org.bukkit.PerMaterialTest" name="isTransparent[219: DEAD_BUBBLE_CORAL]" time="0"/>
  <testcase classname="org.bukkit.PerMaterialTest" name="testBlockDataCreation[219: DEAD_BUBBLE_CORAL]" time="0"/>
  <testcase classname="org.bukkit.PerMaterialTest" name="isBlock[219: DEAD_BUBBLE_CORAL]" time="0"/>
  <testcase classname="org.bukkit.PerMaterialTest" name="isSolid[219: DEAD_BUBBLE_CORAL]" time="0"/>
  <testcase classname="org.bukkit.PerMaterialTest" name="hasGravity[220: DEAD_BUBBLE_CORAL_BLOCK]" time="0"/>
  <testcase classname="org.bukkit.PerMaterialTest" name="isBurnable[220: DEAD_BUBBLE_CORAL_BLOCK]" time="0"/>
  <testcase classname="org.bukkit.PerMaterialTest" name="testInteractable[220: DEAD_BUBBLE_CORAL_BLOCK]" time="0.001"/>
  <testcase classname="org.bukkit.PerMaterialTest" name="testBlock[220: DEAD_BUBBLE_CORAL_BLOCK]" time="0"/>
  <testcase classname="org.bukkit.PerMaterialTest" name="isFuel[220: DEAD_BUBBLE_CORAL_BLOCK]" time="0"/>
  <testcase classname="org.bukkit.PerMaterialTest" name="testItem[220: DEAD_BUBBLE_CORAL_BLOCK]" time="0"/>
  <testcase classname="org.bukkit.PerMaterialTest" name="testBlastResistance[220: DEAD_BUBBLE_CORAL_BLOCK]" time="0"/>
  <testcase classname="org.bukkit.PerMaterialTest" name="isEdible[220: DEAD_BUBBLE_CORAL_BLOCK]" time="0"/>
  <testcase classname="org.bukkit.PerMaterialTest" name="maxDurability[220: DEAD_BUBBLE_CORAL_BLOCK]" time="0.001"/>
  <testcase classname="org.bukkit.PerMaterialTest" name="usesDurability[220: DEAD_BUBBLE_CORAL_BLOCK]" time="0"/>
  <testcase classname="org.bukkit.PerMaterialTest" name="isOccluding[220: DEAD_BUBBLE_CORAL_BLOCK]" time="0"/>
  <testcase classname="org.bukkit.PerMaterialTest" name="isRecord[220: DEAD_BUBBLE_CORAL_BLOCK]" time="0"/>
  <testcase classname="org.bukkit.PerMaterialTest" name="isFlammable[220: DEAD_BUBBLE_CORAL_BLOCK]" time="0"/>
  <testcase classname="org.bukkit.PerMaterialTest" name="testDurability[220: DEAD_BUBBLE_CORAL_BLOCK]" time="0"/>
  <testcase classname="org.bukkit.PerMaterialTest" name="testBlockHardness[220: DEAD_BUBBLE_CORAL_BLOCK]" time="0"/>
  <testcase classname="org.bukkit.PerMaterialTest" name="maxStackSize[220: DEAD_BUBBLE_CORAL_BLOCK]" time="0.001"/>
  <testcase classname="org.bukkit.PerMaterialTest" name="isTransparent[220: DEAD_BUBBLE_CORAL_BLOCK]" time="0"/>
  <testcase classname="org.bukkit.PerMaterialTest" name="testBlockDataCreation[220: DEAD_BUBBLE_CORAL_BLOCK]" time="0"/>
  <testcase classname="org.bukkit.PerMaterialTest" name="isBlock[220: DEAD_BUBBLE_CORAL_BLOCK]" time="0"/>
  <testcase classname="org.bukkit.PerMaterialTest" name="isSolid[220: DEAD_BUBBLE_CORAL_BLOCK]" time="0"/>
  <testcase classname="org.bukkit.PerMaterialTest" name="hasGravity[221: DEAD_BUBBLE_CORAL_FAN]" time="0"/>
  <testcase classname="org.bukkit.PerMaterialTest" name="isBurnable[221: DEAD_BUBBLE_CORAL_FAN]" time="0"/>
  <testcase classname="org.bukkit.PerMaterialTest" name="testInteractable[221: DEAD_BUBBLE_CORAL_FAN]" time="0"/>
  <testcase classname="org.bukkit.PerMaterialTest" name="testBlock[221: DEAD_BUBBLE_CORAL_FAN]" time="0"/>
  <testcase classname="org.bukkit.PerMaterialTest" name="isFuel[221: DEAD_BUBBLE_CORAL_FAN]" time="0"/>
  <testcase classname="org.bukkit.PerMaterialTest" name="testItem[221: DEAD_BUBBLE_CORAL_FAN]" time="0"/>
  <testcase classname="org.bukkit.PerMaterialTest" name="testBlastResistance[221: DEAD_BUBBLE_CORAL_FAN]" time="0"/>
  <testcase classname="org.bukkit.PerMaterialTest" name="isEdible[221: DEAD_BUBBLE_CORAL_FAN]" time="0.001"/>
  <testcase classname="org.bukkit.PerMaterialTest" name="maxDurability[221: DEAD_BUBBLE_CORAL_FAN]" time="0"/>
  <testcase classname="org.bukkit.PerMaterialTest" name="usesDurability[221: DEAD_BUBBLE_CORAL_FAN]" time="0"/>
  <testcase classname="org.bukkit.PerMaterialTest" name="isOccluding[221: DEAD_BUBBLE_CORAL_FAN]" time="0"/>
  <testcase classname="org.bukkit.PerMaterialTest" name="isRecord[221: DEAD_BUBBLE_CORAL_FAN]" time="0"/>
  <testcase classname="org.bukkit.PerMaterialTest" name="isFlammable[221: DEAD_BUBBLE_CORAL_FAN]" time="0"/>
  <testcase classname="org.bukkit.PerMaterialTest" name="testDurability[221: DEAD_BUBBLE_CORAL_FAN]" time="0"/>
  <testcase classname="org.bukkit.PerMaterialTest" name="testBlockHardness[221: DEAD_BUBBLE_CORAL_FAN]" time="0"/>
  <testcase classname="org.bukkit.PerMaterialTest" name="maxStackSize[221: DEAD_BUBBLE_CORAL_FAN]" time="0.001"/>
  <testcase classname="org.bukkit.PerMaterialTest" name="isTransparent[221: DEAD_BUBBLE_CORAL_FAN]" time="0"/>
  <testcase classname="org.bukkit.PerMaterialTest" name="testBlockDataCreation[221: DEAD_BUBBLE_CORAL_FAN]" time="0"/>
  <testcase classname="org.bukkit.PerMaterialTest" name="isBlock[221: DEAD_BUBBLE_CORAL_FAN]" time="0"/>
  <testcase classname="org.bukkit.PerMaterialTest" name="isSolid[221: DEAD_BUBBLE_CORAL_FAN]" time="0"/>
  <testcase classname="org.bukkit.PerMaterialTest" name="hasGravity[222: DEAD_BUBBLE_CORAL_WALL_FAN]" time="0"/>
  <testcase classname="org.bukkit.PerMaterialTest" name="isBurnable[222: DEAD_BUBBLE_CORAL_WALL_FAN]" time="0.001"/>
  <testcase classname="org.bukkit.PerMaterialTest" name="testInteractable[222: DEAD_BUBBLE_CORAL_WALL_FAN]" time="0"/>
  <testcase classname="org.bukkit.PerMaterialTest" name="testBlock[222: DEAD_BUBBLE_CORAL_WALL_FAN]" time="0"/>
  <testcase classname="org.bukkit.PerMaterialTest" name="isFuel[222: DEAD_BUBBLE_CORAL_WALL_FAN]" time="0"/>
  <testcase classname="org.bukkit.PerMaterialTest" name="testItem[222: DEAD_BUBBLE_CORAL_WALL_FAN]" time="0"/>
  <testcase classname="org.bukkit.PerMaterialTest" name="testBlastResistance[222: DEAD_BUBBLE_CORAL_WALL_FAN]" time="0"/>
  <testcase classname="org.bukkit.PerMaterialTest" name="isEdible[222: DEAD_BUBBLE_CORAL_WALL_FAN]" time="0"/>
  <testcase classname="org.bukkit.PerMaterialTest" name="maxDurability[222: DEAD_BUBBLE_CORAL_WALL_FAN]" time="0"/>
  <testcase classname="org.bukkit.PerMaterialTest" name="usesDurability[222: DEAD_BUBBLE_CORAL_WALL_FAN]" time="0"/>
  <testcase classname="org.bukkit.PerMaterialTest" name="isOccluding[222: DEAD_BUBBLE_CORAL_WALL_FAN]" time="0"/>
  <testcase classname="org.bukkit.PerMaterialTest" name="isRecord[222: DEAD_BUBBLE_CORAL_WALL_FAN]" time="0"/>
  <testcase classname="org.bukkit.PerMaterialTest" name="isFlammable[222: DEAD_BUBBLE_CORAL_WALL_FAN]" time="0"/>
  <testcase classname="org.bukkit.PerMaterialTest" name="testDurability[222: DEAD_BUBBLE_CORAL_WALL_FAN]" time="0"/>
  <testcase classname="org.bukkit.PerMaterialTest" name="testBlockHardness[222: DEAD_BUBBLE_CORAL_WALL_FAN]" time="0.04"/>
  <testcase classname="org.bukkit.PerMaterialTest" name="maxStackSize[222: DEAD_BUBBLE_CORAL_WALL_FAN]" time="0"/>
  <testcase classname="org.bukkit.PerMaterialTest" name="isTransparent[222: DEAD_BUBBLE_CORAL_WALL_FAN]" time="0"/>
  <testcase classname="org.bukkit.PerMaterialTest" name="testBlockDataCreation[222: DEAD_BUBBLE_CORAL_WALL_FAN]" time="0"/>
  <testcase classname="org.bukkit.PerMaterialTest" name="isBlock[222: DEAD_BUBBLE_CORAL_WALL_FAN]" time="0.001"/>
  <testcase classname="org.bukkit.PerMaterialTest" name="isSolid[222: DEAD_BUBBLE_CORAL_WALL_FAN]" time="0"/>
  <testcase classname="org.bukkit.PerMaterialTest" name="hasGravity[223: DEAD_BUSH]" time="0"/>
  <testcase classname="org.bukkit.PerMaterialTest" name="isBurnable[223: DEAD_BUSH]" time="0"/>
  <testcase classname="org.bukkit.PerMaterialTest" name="testInteractable[223: DEAD_BUSH]" time="0"/>
  <testcase classname="org.bukkit.PerMaterialTest" name="testBlock[223: DEAD_BUSH]" time="0"/>
  <testcase classname="org.bukkit.PerMaterialTest" name="isFuel[223: DEAD_BUSH]" time="0"/>
  <testcase classname="org.bukkit.PerMaterialTest" name="testItem[223: DEAD_BUSH]" time="0"/>
  <testcase classname="org.bukkit.PerMaterialTest" name="testBlastResistance[223: DEAD_BUSH]" time="0"/>
  <testcase classname="org.bukkit.PerMaterialTest" name="isEdible[223: DEAD_BUSH]" time="0"/>
  <testcase classname="org.bukkit.PerMaterialTest" name="maxDurability[223: DEAD_BUSH]" time="0"/>
  <testcase classname="org.bukkit.PerMaterialTest" name="usesDurability[223: DEAD_BUSH]" time="0"/>
  <testcase classname="org.bukkit.PerMaterialTest" name="isOccluding[223: DEAD_BUSH]" time="0"/>
  <testcase classname="org.bukkit.PerMaterialTest" name="isRecord[223: DEAD_BUSH]" time="0"/>
  <testcase classname="org.bukkit.PerMaterialTest" name="isFlammable[223: DEAD_BUSH]" time="0"/>
  <testcase classname="org.bukkit.PerMaterialTest" name="testDurability[223: DEAD_BUSH]" time="0"/>
  <testcase classname="org.bukkit.PerMaterialTest" name="testBlockHardness[223: DEAD_BUSH]" time="0"/>
  <testcase classname="org.bukkit.PerMaterialTest" name="maxStackSize[223: DEAD_BUSH]" time="0"/>
  <testcase classname="org.bukkit.PerMaterialTest" name="isTransparent[223: DEAD_BUSH]" time="0"/>
  <testcase classname="org.bukkit.PerMaterialTest" name="testBlockDataCreation[223: DEAD_BUSH]" time="0"/>
  <testcase classname="org.bukkit.PerMaterialTest" name="isBlock[223: DEAD_BUSH]" time="0"/>
  <testcase classname="org.bukkit.PerMaterialTest" name="isSolid[223: DEAD_BUSH]" time="0"/>
  <testcase classname="org.bukkit.PerMaterialTest" name="hasGravity[224: DEAD_FIRE_CORAL]" time="0"/>
  <testcase classname="org.bukkit.PerMaterialTest" name="isBurnable[224: DEAD_FIRE_CORAL]" time="0"/>
  <testcase classname="org.bukkit.PerMaterialTest" name="testInteractable[224: DEAD_FIRE_CORAL]" time="0"/>
  <testcase classname="org.bukkit.PerMaterialTest" name="testBlock[224: DEAD_FIRE_CORAL]" time="0"/>
  <testcase classname="org.bukkit.PerMaterialTest" name="isFuel[224: DEAD_FIRE_CORAL]" time="0"/>
  <testcase classname="org.bukkit.PerMaterialTest" name="testItem[224: DEAD_FIRE_CORAL]" time="0"/>
  <testcase classname="org.bukkit.PerMaterialTest" name="testBlastResistance[224: DEAD_FIRE_CORAL]" time="0"/>
  <testcase classname="org.bukkit.PerMaterialTest" name="isEdible[224: DEAD_FIRE_CORAL]" time="0"/>
  <testcase classname="org.bukkit.PerMaterialTest" name="maxDurability[224: DEAD_FIRE_CORAL]" time="0"/>
  <testcase classname="org.bukkit.PerMaterialTest" name="usesDurability[224: DEAD_FIRE_CORAL]" time="0"/>
  <testcase classname="org.bukkit.PerMaterialTest" name="isOccluding[224: DEAD_FIRE_CORAL]" time="0"/>
  <testcase classname="org.bukkit.PerMaterialTest" name="isRecord[224: DEAD_FIRE_CORAL]" time="0"/>
  <testcase classname="org.bukkit.PerMaterialTest" name="isFlammable[224: DEAD_FIRE_CORAL]" time="0"/>
  <testcase classname="org.bukkit.PerMaterialTest" name="testDurability[224: DEAD_FIRE_CORAL]" time="0"/>
  <testcase classname="org.bukkit.PerMaterialTest" name="testBlockHardness[224: DEAD_FIRE_CORAL]" time="0"/>
  <testcase classname="org.bukkit.PerMaterialTest" name="maxStackSize[224: DEAD_FIRE_CORAL]" time="0"/>
  <testcase classname="org.bukkit.PerMaterialTest" name="isTransparent[224: DEAD_FIRE_CORAL]" time="0"/>
  <testcase classname="org.bukkit.PerMaterialTest" name="testBlockDataCreation[224: DEAD_FIRE_CORAL]" time="0"/>
  <testcase classname="org.bukkit.PerMaterialTest" name="isBlock[224: DEAD_FIRE_CORAL]" time="0"/>
  <testcase classname="org.bukkit.PerMaterialTest" name="isSolid[224: DEAD_FIRE_CORAL]" time="0"/>
  <testcase classname="org.bukkit.PerMaterialTest" name="hasGravity[225: DEAD_FIRE_CORAL_BLOCK]" time="0"/>
  <testcase classname="org.bukkit.PerMaterialTest" name="isBurnable[225: DEAD_FIRE_CORAL_BLOCK]" time="0"/>
  <testcase classname="org.bukkit.PerMaterialTest" name="testInteractable[225: DEAD_FIRE_CORAL_BLOCK]" time="0"/>
  <testcase classname="org.bukkit.PerMaterialTest" name="testBlock[225: DEAD_FIRE_CORAL_BLOCK]" time="0"/>
  <testcase classname="org.bukkit.PerMaterialTest" name="isFuel[225: DEAD_FIRE_CORAL_BLOCK]" time="0"/>
  <testcase classname="org.bukkit.PerMaterialTest" name="testItem[225: DEAD_FIRE_CORAL_BLOCK]" time="0"/>
  <testcase classname="org.bukkit.PerMaterialTest" name="testBlastResistance[225: DEAD_FIRE_CORAL_BLOCK]" time="0"/>
  <testcase classname="org.bukkit.PerMaterialTest" name="isEdible[225: DEAD_FIRE_CORAL_BLOCK]" time="0"/>
  <testcase classname="org.bukkit.PerMaterialTest" name="maxDurability[225: DEAD_FIRE_CORAL_BLOCK]" time="0"/>
  <testcase classname="org.bukkit.PerMaterialTest" name="usesDurability[225: DEAD_FIRE_CORAL_BLOCK]" time="0"/>
  <testcase classname="org.bukkit.PerMaterialTest" name="isOccluding[225: DEAD_FIRE_CORAL_BLOCK]" time="0"/>
  <testcase classname="org.bukkit.PerMaterialTest" name="isRecord[225: DEAD_FIRE_CORAL_BLOCK]" time="0"/>
  <testcase classname="org.bukkit.PerMaterialTest" name="isFlammable[225: DEAD_FIRE_CORAL_BLOCK]" time="0"/>
  <testcase classname="org.bukkit.PerMaterialTest" name="testDurability[225: DEAD_FIRE_CORAL_BLOCK]" time="0"/>
  <testcase classname="org.bukkit.PerMaterialTest" name="testBlockHardness[225: DEAD_FIRE_CORAL_BLOCK]" time="0"/>
  <testcase classname="org.bukkit.PerMaterialTest" name="maxStackSize[225: DEAD_FIRE_CORAL_BLOCK]" time="0"/>
  <testcase classname="org.bukkit.PerMaterialTest" name="isTransparent[225: DEAD_FIRE_CORAL_BLOCK]" time="0"/>
  <testcase classname="org.bukkit.PerMaterialTest" name="testBlockDataCreation[225: DEAD_FIRE_CORAL_BLOCK]" time="0"/>
  <testcase classname="org.bukkit.PerMaterialTest" name="isBlock[225: DEAD_FIRE_CORAL_BLOCK]" time="0"/>
  <testcase classname="org.bukkit.PerMaterialTest" name="isSolid[225: DEAD_FIRE_CORAL_BLOCK]" time="0"/>
  <testcase classname="org.bukkit.PerMaterialTest" name="hasGravity[226: DEAD_FIRE_CORAL_FAN]" time="0"/>
  <testcase classname="org.bukkit.PerMaterialTest" name="isBurnable[226: DEAD_FIRE_CORAL_FAN]" time="0"/>
  <testcase classname="org.bukkit.PerMaterialTest" name="testInteractable[226: DEAD_FIRE_CORAL_FAN]" time="0"/>
  <testcase classname="org.bukkit.PerMaterialTest" name="testBlock[226: DEAD_FIRE_CORAL_FAN]" time="0"/>
  <testcase classname="org.bukkit.PerMaterialTest" name="isFuel[226: DEAD_FIRE_CORAL_FAN]" time="0"/>
  <testcase classname="org.bukkit.PerMaterialTest" name="testItem[226: DEAD_FIRE_CORAL_FAN]" time="0"/>
  <testcase classname="org.bukkit.PerMaterialTest" name="testBlastResistance[226: DEAD_FIRE_CORAL_FAN]" time="0"/>
  <testcase classname="org.bukkit.PerMaterialTest" name="isEdible[226: DEAD_FIRE_CORAL_FAN]" time="0"/>
  <testcase classname="org.bukkit.PerMaterialTest" name="maxDurability[226: DEAD_FIRE_CORAL_FAN]" time="0"/>
  <testcase classname="org.bukkit.PerMaterialTest" name="usesDurability[226: DEAD_FIRE_CORAL_FAN]" time="0"/>
  <testcase classname="org.bukkit.PerMaterialTest" name="isOccluding[226: DEAD_FIRE_CORAL_FAN]" time="0.001"/>
  <testcase classname="org.bukkit.PerMaterialTest" name="isRecord[226: DEAD_FIRE_CORAL_FAN]" time="0"/>
  <testcase classname="org.bukkit.PerMaterialTest" name="isFlammable[226: DEAD_FIRE_CORAL_FAN]" time="0"/>
  <testcase classname="org.bukkit.PerMaterialTest" name="testDurability[226: DEAD_FIRE_CORAL_FAN]" time="0"/>
  <testcase classname="org.bukkit.PerMaterialTest" name="testBlockHardness[226: DEAD_FIRE_CORAL_FAN]" time="0"/>
  <testcase classname="org.bukkit.PerMaterialTest" name="maxStackSize[226: DEAD_FIRE_CORAL_FAN]" time="0"/>
  <testcase classname="org.bukkit.PerMaterialTest" name="isTransparent[226: DEAD_FIRE_CORAL_FAN]" time="0"/>
  <testcase classname="org.bukkit.PerMaterialTest" name="testBlockDataCreation[226: DEAD_FIRE_CORAL_FAN]" time="0"/>
  <testcase classname="org.bukkit.PerMaterialTest" name="isBlock[226: DEAD_FIRE_CORAL_FAN]" time="0"/>
  <testcase classname="org.bukkit.PerMaterialTest" name="isSolid[226: DEAD_FIRE_CORAL_FAN]" time="0"/>
  <testcase classname="org.bukkit.PerMaterialTest" name="hasGravity[227: DEAD_FIRE_CORAL_WALL_FAN]" time="0"/>
  <testcase classname="org.bukkit.PerMaterialTest" name="isBurnable[227: DEAD_FIRE_CORAL_WALL_FAN]" time="0"/>
  <testcase classname="org.bukkit.PerMaterialTest" name="testInteractable[227: DEAD_FIRE_CORAL_WALL_FAN]" time="0"/>
  <testcase classname="org.bukkit.PerMaterialTest" name="testBlock[227: DEAD_FIRE_CORAL_WALL_FAN]" time="0"/>
  <testcase classname="org.bukkit.PerMaterialTest" name="isFuel[227: DEAD_FIRE_CORAL_WALL_FAN]" time="0"/>
  <testcase classname="org.bukkit.PerMaterialTest" name="testItem[227: DEAD_FIRE_CORAL_WALL_FAN]" time="0"/>
  <testcase classname="org.bukkit.PerMaterialTest" name="testBlastResistance[227: DEAD_FIRE_CORAL_WALL_FAN]" time="0"/>
  <testcase classname="org.bukkit.PerMaterialTest" name="isEdible[227: DEAD_FIRE_CORAL_WALL_FAN]" time="0"/>
  <testcase classname="org.bukkit.PerMaterialTest" name="maxDurability[227: DEAD_FIRE_CORAL_WALL_FAN]" time="0"/>
  <testcase classname="org.bukkit.PerMaterialTest" name="usesDurability[227: DEAD_FIRE_CORAL_WALL_FAN]" time="0"/>
  <testcase classname="org.bukkit.PerMaterialTest" name="isOccluding[227: DEAD_FIRE_CORAL_WALL_FAN]" time="0"/>
  <testcase classname="org.bukkit.PerMaterialTest" name="isRecord[227: DEAD_FIRE_CORAL_WALL_FAN]" time="0"/>
  <testcase classname="org.bukkit.PerMaterialTest" name="isFlammable[227: DEAD_FIRE_CORAL_WALL_FAN]" time="0"/>
  <testcase classname="org.bukkit.PerMaterialTest" name="testDurability[227: DEAD_FIRE_CORAL_WALL_FAN]" time="0"/>
  <testcase classname="org.bukkit.PerMaterialTest" name="testBlockHardness[227: DEAD_FIRE_CORAL_WALL_FAN]" time="0"/>
  <testcase classname="org.bukkit.PerMaterialTest" name="maxStackSize[227: DEAD_FIRE_CORAL_WALL_FAN]" time="0"/>
  <testcase classname="org.bukkit.PerMaterialTest" name="isTransparent[227: DEAD_FIRE_CORAL_WALL_FAN]" time="0"/>
  <testcase classname="org.bukkit.PerMaterialTest" name="testBlockDataCreation[227: DEAD_FIRE_CORAL_WALL_FAN]" time="0"/>
  <testcase classname="org.bukkit.PerMaterialTest" name="isBlock[227: DEAD_FIRE_CORAL_WALL_FAN]" time="0"/>
  <testcase classname="org.bukkit.PerMaterialTest" name="isSolid[227: DEAD_FIRE_CORAL_WALL_FAN]" time="0"/>
  <testcase classname="org.bukkit.PerMaterialTest" name="hasGravity[228: DEAD_HORN_CORAL]" time="0"/>
  <testcase classname="org.bukkit.PerMaterialTest" name="isBurnable[228: DEAD_HORN_CORAL]" time="0"/>
  <testcase classname="org.bukkit.PerMaterialTest" name="testInteractable[228: DEAD_HORN_CORAL]" time="0"/>
  <testcase classname="org.bukkit.PerMaterialTest" name="testBlock[228: DEAD_HORN_CORAL]" time="0"/>
  <testcase classname="org.bukkit.PerMaterialTest" name="isFuel[228: DEAD_HORN_CORAL]" time="0"/>
  <testcase classname="org.bukkit.PerMaterialTest" name="testItem[228: DEAD_HORN_CORAL]" time="0"/>
  <testcase classname="org.bukkit.PerMaterialTest" name="testBlastResistance[228: DEAD_HORN_CORAL]" time="0"/>
  <testcase classname="org.bukkit.PerMaterialTest" name="isEdible[228: DEAD_HORN_CORAL]" time="0"/>
  <testcase classname="org.bukkit.PerMaterialTest" name="maxDurability[228: DEAD_HORN_CORAL]" time="0"/>
  <testcase classname="org.bukkit.PerMaterialTest" name="usesDurability[228: DEAD_HORN_CORAL]" time="0"/>
  <testcase classname="org.bukkit.PerMaterialTest" name="isOccluding[228: DEAD_HORN_CORAL]" time="0"/>
  <testcase classname="org.bukkit.PerMaterialTest" name="isRecord[228: DEAD_HORN_CORAL]" time="0"/>
  <testcase classname="org.bukkit.PerMaterialTest" name="isFlammable[228: DEAD_HORN_CORAL]" time="0"/>
  <testcase classname="org.bukkit.PerMaterialTest" name="testDurability[228: DEAD_HORN_CORAL]" time="0"/>
  <testcase classname="org.bukkit.PerMaterialTest" name="testBlockHardness[228: DEAD_HORN_CORAL]" time="0"/>
  <testcase classname="org.bukkit.PerMaterialTest" name="maxStackSize[228: DEAD_HORN_CORAL]" time="0"/>
  <testcase classname="org.bukkit.PerMaterialTest" name="isTransparent[228: DEAD_HORN_CORAL]" time="0"/>
  <testcase classname="org.bukkit.PerMaterialTest" name="testBlockDataCreation[228: DEAD_HORN_CORAL]" time="0.001"/>
  <testcase classname="org.bukkit.PerMaterialTest" name="isBlock[228: DEAD_HORN_CORAL]" time="0"/>
  <testcase classname="org.bukkit.PerMaterialTest" name="isSolid[228: DEAD_HORN_CORAL]" time="0"/>
  <testcase classname="org.bukkit.PerMaterialTest" name="hasGravity[229: DEAD_HORN_CORAL_BLOCK]" time="0"/>
  <testcase classname="org.bukkit.PerMaterialTest" name="isBurnable[229: DEAD_HORN_CORAL_BLOCK]" time="0"/>
  <testcase classname="org.bukkit.PerMaterialTest" name="testInteractable[229: DEAD_HORN_CORAL_BLOCK]" time="0"/>
  <testcase classname="org.bukkit.PerMaterialTest" name="testBlock[229: DEAD_HORN_CORAL_BLOCK]" time="0"/>
  <testcase classname="org.bukkit.PerMaterialTest" name="isFuel[229: DEAD_HORN_CORAL_BLOCK]" time="0"/>
  <testcase classname="org.bukkit.PerMaterialTest" name="testItem[229: DEAD_HORN_CORAL_BLOCK]" time="0"/>
  <testcase classname="org.bukkit.PerMaterialTest" name="testBlastResistance[229: DEAD_HORN_CORAL_BLOCK]" time="0"/>
  <testcase classname="org.bukkit.PerMaterialTest" name="isEdible[229: DEAD_HORN_CORAL_BLOCK]" time="0"/>
  <testcase classname="org.bukkit.PerMaterialTest" name="maxDurability[229: DEAD_HORN_CORAL_BLOCK]" time="0.001"/>
  <testcase classname="org.bukkit.PerMaterialTest" name="usesDurability[229: DEAD_HORN_CORAL_BLOCK]" time="0"/>
  <testcase classname="org.bukkit.PerMaterialTest" name="isOccluding[229: DEAD_HORN_CORAL_BLOCK]" time="0"/>
  <testcase classname="org.bukkit.PerMaterialTest" name="isRecord[229: DEAD_HORN_CORAL_BLOCK]" time="0"/>
  <testcase classname="org.bukkit.PerMaterialTest" name="isFlammable[229: DEAD_HORN_CORAL_BLOCK]" time="0"/>
  <testcase classname="org.bukkit.PerMaterialTest" name="testDurability[229: DEAD_HORN_CORAL_BLOCK]" time="0"/>
  <testcase classname="org.bukkit.PerMaterialTest" name="testBlockHardness[229: DEAD_HORN_CORAL_BLOCK]" time="0"/>
  <testcase classname="org.bukkit.PerMaterialTest" name="maxStackSize[229: DEAD_HORN_CORAL_BLOCK]" time="0.001"/>
  <testcase classname="org.bukkit.PerMaterialTest" name="isTransparent[229: DEAD_HORN_CORAL_BLOCK]" time="0"/>
  <testcase classname="org.bukkit.PerMaterialTest" name="testBlockDataCreation[229: DEAD_HORN_CORAL_BLOCK]" time="0"/>
  <testcase classname="org.bukkit.PerMaterialTest" name="isBlock[229: DEAD_HORN_CORAL_BLOCK]" time="0"/>
  <testcase classname="org.bukkit.PerMaterialTest" name="isSolid[229: DEAD_HORN_CORAL_BLOCK]" time="0"/>
  <testcase classname="org.bukkit.PerMaterialTest" name="hasGravity[230: DEAD_HORN_CORAL_FAN]" time="0"/>
  <testcase classname="org.bukkit.PerMaterialTest" name="isBurnable[230: DEAD_HORN_CORAL_FAN]" time="0"/>
  <testcase classname="org.bukkit.PerMaterialTest" name="testInteractable[230: DEAD_HORN_CORAL_FAN]" time="0.001"/>
  <testcase classname="org.bukkit.PerMaterialTest" name="testBlock[230: DEAD_HORN_CORAL_FAN]" time="0"/>
  <testcase classname="org.bukkit.PerMaterialTest" name="isFuel[230: DEAD_HORN_CORAL_FAN]" time="0"/>
  <testcase classname="org.bukkit.PerMaterialTest" name="testItem[230: DEAD_HORN_CORAL_FAN]" time="0"/>
  <testcase classname="org.bukkit.PerMaterialTest" name="testBlastResistance[230: DEAD_HORN_CORAL_FAN]" time="0"/>
  <testcase classname="org.bukkit.PerMaterialTest" name="isEdible[230: DEAD_HORN_CORAL_FAN]" time="0"/>
  <testcase classname="org.bukkit.PerMaterialTest" name="maxDurability[230: DEAD_HORN_CORAL_FAN]" time="0.001"/>
  <testcase classname="org.bukkit.PerMaterialTest" name="usesDurability[230: DEAD_HORN_CORAL_FAN]" time="0"/>
  <testcase classname="org.bukkit.PerMaterialTest" name="isOccluding[230: DEAD_HORN_CORAL_FAN]" time="0"/>
  <testcase classname="org.bukkit.PerMaterialTest" name="isRecord[230: DEAD_HORN_CORAL_FAN]" time="0"/>
  <testcase classname="org.bukkit.PerMaterialTest" name="isFlammable[230: DEAD_HORN_CORAL_FAN]" time="0"/>
  <testcase classname="org.bukkit.PerMaterialTest" name="testDurability[230: DEAD_HORN_CORAL_FAN]" time="0"/>
  <testcase classname="org.bukkit.PerMaterialTest" name="testBlockHardness[230: DEAD_HORN_CORAL_FAN]" time="0"/>
  <testcase classname="org.bukkit.PerMaterialTest" name="maxStackSize[230: DEAD_HORN_CORAL_FAN]" time="0.001"/>
  <testcase classname="org.bukkit.PerMaterialTest" name="isTransparent[230: DEAD_HORN_CORAL_FAN]" time="0"/>
  <testcase classname="org.bukkit.PerMaterialTest" name="testBlockDataCreation[230: DEAD_HORN_CORAL_FAN]" time="0"/>
  <testcase classname="org.bukkit.PerMaterialTest" name="isBlock[230: DEAD_HORN_CORAL_FAN]" time="0"/>
  <testcase classname="org.bukkit.PerMaterialTest" name="isSolid[230: DEAD_HORN_CORAL_FAN]" time="0"/>
  <testcase classname="org.bukkit.PerMaterialTest" name="hasGravity[231: DEAD_HORN_CORAL_WALL_FAN]" time="0"/>
  <testcase classname="org.bukkit.PerMaterialTest" name="isBurnable[231: DEAD_HORN_CORAL_WALL_FAN]" time="0"/>
  <testcase classname="org.bukkit.PerMaterialTest" name="testInteractable[231: DEAD_HORN_CORAL_WALL_FAN]" time="0.001"/>
  <testcase classname="org.bukkit.PerMaterialTest" name="testBlock[231: DEAD_HORN_CORAL_WALL_FAN]" time="0"/>
  <testcase classname="org.bukkit.PerMaterialTest" name="isFuel[231: DEAD_HORN_CORAL_WALL_FAN]" time="0"/>
  <testcase classname="org.bukkit.PerMaterialTest" name="testItem[231: DEAD_HORN_CORAL_WALL_FAN]" time="0"/>
  <testcase classname="org.bukkit.PerMaterialTest" name="testBlastResistance[231: DEAD_HORN_CORAL_WALL_FAN]" time="0"/>
  <testcase classname="org.bukkit.PerMaterialTest" name="isEdible[231: DEAD_HORN_CORAL_WALL_FAN]" time="0"/>
  <testcase classname="org.bukkit.PerMaterialTest" name="maxDurability[231: DEAD_HORN_CORAL_WALL_FAN]" time="0"/>
  <testcase classname="org.bukkit.PerMaterialTest" name="usesDurability[231: DEAD_HORN_CORAL_WALL_FAN]" time="0"/>
  <testcase classname="org.bukkit.PerMaterialTest" name="isOccluding[231: DEAD_HORN_CORAL_WALL_FAN]" time="0"/>
  <testcase classname="org.bukkit.PerMaterialTest" name="isRecord[231: DEAD_HORN_CORAL_WALL_FAN]" time="0"/>
  <testcase classname="org.bukkit.PerMaterialTest" name="isFlammable[231: DEAD_HORN_CORAL_WALL_FAN]" time="0"/>
  <testcase classname="org.bukkit.PerMaterialTest" name="testDurability[231: DEAD_HORN_CORAL_WALL_FAN]" time="0"/>
  <testcase classname="org.bukkit.PerMaterialTest" name="testBlockHardness[231: DEAD_HORN_CORAL_WALL_FAN]" time="0"/>
  <testcase classname="org.bukkit.PerMaterialTest" name="maxStackSize[231: DEAD_HORN_CORAL_WALL_FAN]" time="0"/>
  <testcase classname="org.bukkit.PerMaterialTest" name="isTransparent[231: DEAD_HORN_CORAL_WALL_FAN]" time="0"/>
  <testcase classname="org.bukkit.PerMaterialTest" name="testBlockDataCreation[231: DEAD_HORN_CORAL_WALL_FAN]" time="0"/>
  <testcase classname="org.bukkit.PerMaterialTest" name="isBlock[231: DEAD_HORN_CORAL_WALL_FAN]" time="0"/>
  <testcase classname="org.bukkit.PerMaterialTest" name="isSolid[231: DEAD_HORN_CORAL_WALL_FAN]" time="0"/>
  <testcase classname="org.bukkit.PerMaterialTest" name="hasGravity[232: DEAD_TUBE_CORAL]" time="0"/>
  <testcase classname="org.bukkit.PerMaterialTest" name="isBurnable[232: DEAD_TUBE_CORAL]" time="0"/>
  <testcase classname="org.bukkit.PerMaterialTest" name="testInteractable[232: DEAD_TUBE_CORAL]" time="0.001"/>
  <testcase classname="org.bukkit.PerMaterialTest" name="testBlock[232: DEAD_TUBE_CORAL]" time="0"/>
  <testcase classname="org.bukkit.PerMaterialTest" name="isFuel[232: DEAD_TUBE_CORAL]" time="0"/>
  <testcase classname="org.bukkit.PerMaterialTest" name="testItem[232: DEAD_TUBE_CORAL]" time="0"/>
  <testcase classname="org.bukkit.PerMaterialTest" name="testBlastResistance[232: DEAD_TUBE_CORAL]" time="0"/>
  <testcase classname="org.bukkit.PerMaterialTest" name="isEdible[232: DEAD_TUBE_CORAL]" time="0"/>
  <testcase classname="org.bukkit.PerMaterialTest" name="maxDurability[232: DEAD_TUBE_CORAL]" time="0"/>
  <testcase classname="org.bukkit.PerMaterialTest" name="usesDurability[232: DEAD_TUBE_CORAL]" time="0"/>
  <testcase classname="org.bukkit.PerMaterialTest" name="isOccluding[232: DEAD_TUBE_CORAL]" time="0"/>
  <testcase classname="org.bukkit.PerMaterialTest" name="isRecord[232: DEAD_TUBE_CORAL]" time="0"/>
  <testcase classname="org.bukkit.PerMaterialTest" name="isFlammable[232: DEAD_TUBE_CORAL]" time="0"/>
  <testcase classname="org.bukkit.PerMaterialTest" name="testDurability[232: DEAD_TUBE_CORAL]" time="0"/>
  <testcase classname="org.bukkit.PerMaterialTest" name="testBlockHardness[232: DEAD_TUBE_CORAL]" time="0"/>
  <testcase classname="org.bukkit.PerMaterialTest" name="maxStackSize[232: DEAD_TUBE_CORAL]" time="0"/>
  <testcase classname="org.bukkit.PerMaterialTest" name="isTransparent[232: DEAD_TUBE_CORAL]" time="0"/>
  <testcase classname="org.bukkit.PerMaterialTest" name="testBlockDataCreation[232: DEAD_TUBE_CORAL]" time="0"/>
  <testcase classname="org.bukkit.PerMaterialTest" name="isBlock[232: DEAD_TUBE_CORAL]" time="0"/>
  <testcase classname="org.bukkit.PerMaterialTest" name="isSolid[232: DEAD_TUBE_CORAL]" time="0"/>
  <testcase classname="org.bukkit.PerMaterialTest" name="hasGravity[233: DEAD_TUBE_CORAL_BLOCK]" time="0"/>
  <testcase classname="org.bukkit.PerMaterialTest" name="isBurnable[233: DEAD_TUBE_CORAL_BLOCK]" time="0"/>
  <testcase classname="org.bukkit.PerMaterialTest" name="testInteractable[233: DEAD_TUBE_CORAL_BLOCK]" time="0"/>
  <testcase classname="org.bukkit.PerMaterialTest" name="testBlock[233: DEAD_TUBE_CORAL_BLOCK]" time="0.001"/>
  <testcase classname="org.bukkit.PerMaterialTest" name="isFuel[233: DEAD_TUBE_CORAL_BLOCK]" time="0"/>
  <testcase classname="org.bukkit.PerMaterialTest" name="testItem[233: DEAD_TUBE_CORAL_BLOCK]" time="0"/>
  <testcase classname="org.bukkit.PerMaterialTest" name="testBlastResistance[233: DEAD_TUBE_CORAL_BLOCK]" time="0"/>
  <testcase classname="org.bukkit.PerMaterialTest" name="isEdible[233: DEAD_TUBE_CORAL_BLOCK]" time="0"/>
  <testcase classname="org.bukkit.PerMaterialTest" name="maxDurability[233: DEAD_TUBE_CORAL_BLOCK]" time="0"/>
  <testcase classname="org.bukkit.PerMaterialTest" name="usesDurability[233: DEAD_TUBE_CORAL_BLOCK]" time="0.001"/>
  <testcase classname="org.bukkit.PerMaterialTest" name="isOccluding[233: DEAD_TUBE_CORAL_BLOCK]" time="0"/>
  <testcase classname="org.bukkit.PerMaterialTest" name="isRecord[233: DEAD_TUBE_CORAL_BLOCK]" time="0"/>
  <testcase classname="org.bukkit.PerMaterialTest" name="isFlammable[233: DEAD_TUBE_CORAL_BLOCK]" time="0"/>
  <testcase classname="org.bukkit.PerMaterialTest" name="testDurability[233: DEAD_TUBE_CORAL_BLOCK]" time="0"/>
  <testcase classname="org.bukkit.PerMaterialTest" name="testBlockHardness[233: DEAD_TUBE_CORAL_BLOCK]" time="0"/>
  <testcase classname="org.bukkit.PerMaterialTest" name="maxStackSize[233: DEAD_TUBE_CORAL_BLOCK]" time="0"/>
  <testcase classname="org.bukkit.PerMaterialTest" name="isTransparent[233: DEAD_TUBE_CORAL_BLOCK]" time="0"/>
  <testcase classname="org.bukkit.PerMaterialTest" name="testBlockDataCreation[233: DEAD_TUBE_CORAL_BLOCK]" time="0"/>
  <testcase classname="org.bukkit.PerMaterialTest" name="isBlock[233: DEAD_TUBE_CORAL_BLOCK]" time="0"/>
  <testcase classname="org.bukkit.PerMaterialTest" name="isSolid[233: DEAD_TUBE_CORAL_BLOCK]" time="0"/>
  <testcase classname="org.bukkit.PerMaterialTest" name="hasGravity[234: DEAD_TUBE_CORAL_FAN]" time="0"/>
  <testcase classname="org.bukkit.PerMaterialTest" name="isBurnable[234: DEAD_TUBE_CORAL_FAN]" time="0"/>
  <testcase classname="org.bukkit.PerMaterialTest" name="testInteractable[234: DEAD_TUBE_CORAL_FAN]" time="0.001"/>
  <testcase classname="org.bukkit.PerMaterialTest" name="testBlock[234: DEAD_TUBE_CORAL_FAN]" time="0"/>
  <testcase classname="org.bukkit.PerMaterialTest" name="isFuel[234: DEAD_TUBE_CORAL_FAN]" time="0"/>
  <testcase classname="org.bukkit.PerMaterialTest" name="testItem[234: DEAD_TUBE_CORAL_FAN]" time="0"/>
  <testcase classname="org.bukkit.PerMaterialTest" name="testBlastResistance[234: DEAD_TUBE_CORAL_FAN]" time="0"/>
  <testcase classname="org.bukkit.PerMaterialTest" name="isEdible[234: DEAD_TUBE_CORAL_FAN]" time="0"/>
  <testcase classname="org.bukkit.PerMaterialTest" name="maxDurability[234: DEAD_TUBE_CORAL_FAN]" time="0"/>
  <testcase classname="org.bukkit.PerMaterialTest" name="usesDurability[234: DEAD_TUBE_CORAL_FAN]" time="0"/>
  <testcase classname="org.bukkit.PerMaterialTest" name="isOccluding[234: DEAD_TUBE_CORAL_FAN]" time="0"/>
  <testcase classname="org.bukkit.PerMaterialTest" name="isRecord[234: DEAD_TUBE_CORAL_FAN]" time="0"/>
  <testcase classname="org.bukkit.PerMaterialTest" name="isFlammable[234: DEAD_TUBE_CORAL_FAN]" time="0"/>
  <testcase classname="org.bukkit.PerMaterialTest" name="testDurability[234: DEAD_TUBE_CORAL_FAN]" time="0"/>
  <testcase classname="org.bukkit.PerMaterialTest" name="testBlockHardness[234: DEAD_TUBE_CORAL_FAN]" time="0"/>
  <testcase classname="org.bukkit.PerMaterialTest" name="maxStackSize[234: DEAD_TUBE_CORAL_FAN]" time="0"/>
  <testcase classname="org.bukkit.PerMaterialTest" name="isTransparent[234: DEAD_TUBE_CORAL_FAN]" time="0"/>
  <testcase classname="org.bukkit.PerMaterialTest" name="testBlockDataCreation[234: DEAD_TUBE_CORAL_FAN]" time="0"/>
  <testcase classname="org.bukkit.PerMaterialTest" name="isBlock[234: DEAD_TUBE_CORAL_FAN]" time="0"/>
  <testcase classname="org.bukkit.PerMaterialTest" name="isSolid[234: DEAD_TUBE_CORAL_FAN]" time="0"/>
  <testcase classname="org.bukkit.PerMaterialTest" name="hasGravity[235: DEAD_TUBE_CORAL_WALL_FAN]" time="0"/>
  <testcase classname="org.bukkit.PerMaterialTest" name="isBurnable[235: DEAD_TUBE_CORAL_WALL_FAN]" time="0"/>
  <testcase classname="org.bukkit.PerMaterialTest" name="testInteractable[235: DEAD_TUBE_CORAL_WALL_FAN]" time="0"/>
  <testcase classname="org.bukkit.PerMaterialTest" name="testBlock[235: DEAD_TUBE_CORAL_WALL_FAN]" time="0"/>
  <testcase classname="org.bukkit.PerMaterialTest" name="isFuel[235: DEAD_TUBE_CORAL_WALL_FAN]" time="0"/>
  <testcase classname="org.bukkit.PerMaterialTest" name="testItem[235: DEAD_TUBE_CORAL_WALL_FAN]" time="0"/>
  <testcase classname="org.bukkit.PerMaterialTest" name="testBlastResistance[235: DEAD_TUBE_CORAL_WALL_FAN]" time="0"/>
  <testcase classname="org.bukkit.PerMaterialTest" name="isEdible[235: DEAD_TUBE_CORAL_WALL_FAN]" time="0"/>
  <testcase classname="org.bukkit.PerMaterialTest" name="maxDurability[235: DEAD_TUBE_CORAL_WALL_FAN]" time="0"/>
  <testcase classname="org.bukkit.PerMaterialTest" name="usesDurability[235: DEAD_TUBE_CORAL_WALL_FAN]" time="0"/>
  <testcase classname="org.bukkit.PerMaterialTest" name="isOccluding[235: DEAD_TUBE_CORAL_WALL_FAN]" time="0"/>
  <testcase classname="org.bukkit.PerMaterialTest" name="isRecord[235: DEAD_TUBE_CORAL_WALL_FAN]" time="0"/>
  <testcase classname="org.bukkit.PerMaterialTest" name="isFlammable[235: DEAD_TUBE_CORAL_WALL_FAN]" time="0"/>
  <testcase classname="org.bukkit.PerMaterialTest" name="testDurability[235: DEAD_TUBE_CORAL_WALL_FAN]" time="0"/>
  <testcase classname="org.bukkit.PerMaterialTest" name="testBlockHardness[235: DEAD_TUBE_CORAL_WALL_FAN]" time="0"/>
  <testcase classname="org.bukkit.PerMaterialTest" name="maxStackSize[235: DEAD_TUBE_CORAL_WALL_FAN]" time="0"/>
  <testcase classname="org.bukkit.PerMaterialTest" name="isTransparent[235: DEAD_TUBE_CORAL_WALL_FAN]" time="0"/>
  <testcase classname="org.bukkit.PerMaterialTest" name="testBlockDataCreation[235: DEAD_TUBE_CORAL_WALL_FAN]" time="0"/>
  <testcase classname="org.bukkit.PerMaterialTest" name="isBlock[235: DEAD_TUBE_CORAL_WALL_FAN]" time="0"/>
  <testcase classname="org.bukkit.PerMaterialTest" name="isSolid[235: DEAD_TUBE_CORAL_WALL_FAN]" time="0"/>
  <testcase classname="org.bukkit.PerMaterialTest" name="hasGravity[236: DEBUG_STICK]" time="0"/>
  <testcase classname="org.bukkit.PerMaterialTest" name="isBurnable[236: DEBUG_STICK]" time="0"/>
  <testcase classname="org.bukkit.PerMaterialTest" name="testInteractable[236: DEBUG_STICK]" time="0"/>
  <testcase classname="org.bukkit.PerMaterialTest" name="testBlock[236: DEBUG_STICK]" time="0"/>
  <testcase classname="org.bukkit.PerMaterialTest" name="isFuel[236: DEBUG_STICK]" time="0.001"/>
  <testcase classname="org.bukkit.PerMaterialTest" name="testItem[236: DEBUG_STICK]" time="0"/>
  <testcase classname="org.bukkit.PerMaterialTest" name="testBlastResistance[236: DEBUG_STICK]" time="0"/>
  <testcase classname="org.bukkit.PerMaterialTest" name="isEdible[236: DEBUG_STICK]" time="0"/>
  <testcase classname="org.bukkit.PerMaterialTest" name="maxDurability[236: DEBUG_STICK]" time="0"/>
  <testcase classname="org.bukkit.PerMaterialTest" name="usesDurability[236: DEBUG_STICK]" time="0"/>
  <testcase classname="org.bukkit.PerMaterialTest" name="isOccluding[236: DEBUG_STICK]" time="0"/>
  <testcase classname="org.bukkit.PerMaterialTest" name="isRecord[236: DEBUG_STICK]" time="0"/>
  <testcase classname="org.bukkit.PerMaterialTest" name="isFlammable[236: DEBUG_STICK]" time="0"/>
  <testcase classname="org.bukkit.PerMaterialTest" name="testDurability[236: DEBUG_STICK]" time="0"/>
  <testcase classname="org.bukkit.PerMaterialTest" name="testBlockHardness[236: DEBUG_STICK]" time="0"/>
  <testcase classname="org.bukkit.PerMaterialTest" name="maxStackSize[236: DEBUG_STICK]" time="0"/>
  <testcase classname="org.bukkit.PerMaterialTest" name="isTransparent[236: DEBUG_STICK]" time="0.004"/>
  <testcase classname="org.bukkit.PerMaterialTest" name="testBlockDataCreation[236: DEBUG_STICK]" time="0"/>
  <testcase classname="org.bukkit.PerMaterialTest" name="isBlock[236: DEBUG_STICK]" time="0"/>
  <testcase classname="org.bukkit.PerMaterialTest" name="isSolid[236: DEBUG_STICK]" time="0"/>
  <testcase classname="org.bukkit.PerMaterialTest" name="hasGravity[237: DETECTOR_RAIL]" time="0"/>
  <testcase classname="org.bukkit.PerMaterialTest" name="isBurnable[237: DETECTOR_RAIL]" time="0"/>
  <testcase classname="org.bukkit.PerMaterialTest" name="testInteractable[237: DETECTOR_RAIL]" time="0"/>
  <testcase classname="org.bukkit.PerMaterialTest" name="testBlock[237: DETECTOR_RAIL]" time="0"/>
  <testcase classname="org.bukkit.PerMaterialTest" name="isFuel[237: DETECTOR_RAIL]" time="0"/>
  <testcase classname="org.bukkit.PerMaterialTest" name="testItem[237: DETECTOR_RAIL]" time="0"/>
  <testcase classname="org.bukkit.PerMaterialTest" name="testBlastResistance[237: DETECTOR_RAIL]" time="0"/>
  <testcase classname="org.bukkit.PerMaterialTest" name="isEdible[237: DETECTOR_RAIL]" time="0"/>
  <testcase classname="org.bukkit.PerMaterialTest" name="maxDurability[237: DETECTOR_RAIL]" time="0"/>
  <testcase classname="org.bukkit.PerMaterialTest" name="usesDurability[237: DETECTOR_RAIL]" time="0"/>
  <testcase classname="org.bukkit.PerMaterialTest" name="isOccluding[237: DETECTOR_RAIL]" time="0"/>
  <testcase classname="org.bukkit.PerMaterialTest" name="isRecord[237: DETECTOR_RAIL]" time="0"/>
  <testcase classname="org.bukkit.PerMaterialTest" name="isFlammable[237: DETECTOR_RAIL]" time="0"/>
  <testcase classname="org.bukkit.PerMaterialTest" name="testDurability[237: DETECTOR_RAIL]" time="0"/>
  <testcase classname="org.bukkit.PerMaterialTest" name="testBlockHardness[237: DETECTOR_RAIL]" time="0"/>
  <testcase classname="org.bukkit.PerMaterialTest" name="maxStackSize[237: DETECTOR_RAIL]" time="0"/>
  <testcase classname="org.bukkit.PerMaterialTest" name="isTransparent[237: DETECTOR_RAIL]" time="0"/>
  <testcase classname="org.bukkit.PerMaterialTest" name="testBlockDataCreation[237: DETECTOR_RAIL]" time="0"/>
  <testcase classname="org.bukkit.PerMaterialTest" name="isBlock[237: DETECTOR_RAIL]" time="0"/>
  <testcase classname="org.bukkit.PerMaterialTest" name="isSolid[237: DETECTOR_RAIL]" time="0"/>
  <testcase classname="org.bukkit.PerMaterialTest" name="hasGravity[238: DIAMOND]" time="0"/>
  <testcase classname="org.bukkit.PerMaterialTest" name="isBurnable[238: DIAMOND]" time="0"/>
  <testcase classname="org.bukkit.PerMaterialTest" name="testInteractable[238: DIAMOND]" time="0"/>
  <testcase classname="org.bukkit.PerMaterialTest" name="testBlock[238: DIAMOND]" time="0"/>
  <testcase classname="org.bukkit.PerMaterialTest" name="isFuel[238: DIAMOND]" time="0"/>
  <testcase classname="org.bukkit.PerMaterialTest" name="testItem[238: DIAMOND]" time="0"/>
  <testcase classname="org.bukkit.PerMaterialTest" name="testBlastResistance[238: DIAMOND]" time="0"/>
  <testcase classname="org.bukkit.PerMaterialTest" name="isEdible[238: DIAMOND]" time="0"/>
  <testcase classname="org.bukkit.PerMaterialTest" name="maxDurability[238: DIAMOND]" time="0"/>
  <testcase classname="org.bukkit.PerMaterialTest" name="usesDurability[238: DIAMOND]" time="0"/>
  <testcase classname="org.bukkit.PerMaterialTest" name="isOccluding[238: DIAMOND]" time="0"/>
  <testcase classname="org.bukkit.PerMaterialTest" name="isRecord[238: DIAMOND]" time="0"/>
  <testcase classname="org.bukkit.PerMaterialTest" name="isFlammable[238: DIAMOND]" time="0"/>
  <testcase classname="org.bukkit.PerMaterialTest" name="testDurability[238: DIAMOND]" time="0"/>
  <testcase classname="org.bukkit.PerMaterialTest" name="testBlockHardness[238: DIAMOND]" time="0"/>
  <testcase classname="org.bukkit.PerMaterialTest" name="maxStackSize[238: DIAMOND]" time="0"/>
  <testcase classname="org.bukkit.PerMaterialTest" name="isTransparent[238: DIAMOND]" time="0"/>
  <testcase classname="org.bukkit.PerMaterialTest" name="testBlockDataCreation[238: DIAMOND]" time="0"/>
  <testcase classname="org.bukkit.PerMaterialTest" name="isBlock[238: DIAMOND]" time="0"/>
  <testcase classname="org.bukkit.PerMaterialTest" name="isSolid[238: DIAMOND]" time="0"/>
  <testcase classname="org.bukkit.PerMaterialTest" name="hasGravity[239: DIAMOND_AXE]" time="0"/>
  <testcase classname="org.bukkit.PerMaterialTest" name="isBurnable[239: DIAMOND_AXE]" time="0"/>
  <testcase classname="org.bukkit.PerMaterialTest" name="testInteractable[239: DIAMOND_AXE]" time="0"/>
  <testcase classname="org.bukkit.PerMaterialTest" name="testBlock[239: DIAMOND_AXE]" time="0"/>
  <testcase classname="org.bukkit.PerMaterialTest" name="isFuel[239: DIAMOND_AXE]" time="0"/>
  <testcase classname="org.bukkit.PerMaterialTest" name="testItem[239: DIAMOND_AXE]" time="0"/>
  <testcase classname="org.bukkit.PerMaterialTest" name="testBlastResistance[239: DIAMOND_AXE]" time="0"/>
  <testcase classname="org.bukkit.PerMaterialTest" name="isEdible[239: DIAMOND_AXE]" time="0"/>
  <testcase classname="org.bukkit.PerMaterialTest" name="maxDurability[239: DIAMOND_AXE]" time="0"/>
  <testcase classname="org.bukkit.PerMaterialTest" name="usesDurability[239: DIAMOND_AXE]" time="0"/>
  <testcase classname="org.bukkit.PerMaterialTest" name="isOccluding[239: DIAMOND_AXE]" time="0"/>
  <testcase classname="org.bukkit.PerMaterialTest" name="isRecord[239: DIAMOND_AXE]" time="0"/>
  <testcase classname="org.bukkit.PerMaterialTest" name="isFlammable[239: DIAMOND_AXE]" time="0"/>
  <testcase classname="org.bukkit.PerMaterialTest" name="testDurability[239: DIAMOND_AXE]" time="0"/>
  <testcase classname="org.bukkit.PerMaterialTest" name="testBlockHardness[239: DIAMOND_AXE]" time="0"/>
  <testcase classname="org.bukkit.PerMaterialTest" name="maxStackSize[239: DIAMOND_AXE]" time="0"/>
  <testcase classname="org.bukkit.PerMaterialTest" name="isTransparent[239: DIAMOND_AXE]" time="0"/>
  <testcase classname="org.bukkit.PerMaterialTest" name="testBlockDataCreation[239: DIAMOND_AXE]" time="0"/>
  <testcase classname="org.bukkit.PerMaterialTest" name="isBlock[239: DIAMOND_AXE]" time="0"/>
  <testcase classname="org.bukkit.PerMaterialTest" name="isSolid[239: DIAMOND_AXE]" time="0"/>
  <testcase classname="org.bukkit.PerMaterialTest" name="hasGravity[240: DIAMOND_BLOCK]" time="0"/>
  <testcase classname="org.bukkit.PerMaterialTest" name="isBurnable[240: DIAMOND_BLOCK]" time="0"/>
  <testcase classname="org.bukkit.PerMaterialTest" name="testInteractable[240: DIAMOND_BLOCK]" time="0.001"/>
  <testcase classname="org.bukkit.PerMaterialTest" name="testBlock[240: DIAMOND_BLOCK]" time="0"/>
  <testcase classname="org.bukkit.PerMaterialTest" name="isFuel[240: DIAMOND_BLOCK]" time="0"/>
  <testcase classname="org.bukkit.PerMaterialTest" name="testItem[240: DIAMOND_BLOCK]" time="0"/>
  <testcase classname="org.bukkit.PerMaterialTest" name="testBlastResistance[240: DIAMOND_BLOCK]" time="0"/>
  <testcase classname="org.bukkit.PerMaterialTest" name="isEdible[240: DIAMOND_BLOCK]" time="0"/>
  <testcase classname="org.bukkit.PerMaterialTest" name="maxDurability[240: DIAMOND_BLOCK]" time="0.001"/>
  <testcase classname="org.bukkit.PerMaterialTest" name="usesDurability[240: DIAMOND_BLOCK]" time="0"/>
  <testcase classname="org.bukkit.PerMaterialTest" name="isOccluding[240: DIAMOND_BLOCK]" time="0"/>
  <testcase classname="org.bukkit.PerMaterialTest" name="isRecord[240: DIAMOND_BLOCK]" time="0"/>
  <testcase classname="org.bukkit.PerMaterialTest" name="isFlammable[240: DIAMOND_BLOCK]" time="0"/>
  <testcase classname="org.bukkit.PerMaterialTest" name="testDurability[240: DIAMOND_BLOCK]" time="0"/>
  <testcase classname="org.bukkit.PerMaterialTest" name="testBlockHardness[240: DIAMOND_BLOCK]" time="0"/>
  <testcase classname="org.bukkit.PerMaterialTest" name="maxStackSize[240: DIAMOND_BLOCK]" time="0.001"/>
  <testcase classname="org.bukkit.PerMaterialTest" name="isTransparent[240: DIAMOND_BLOCK]" time="0"/>
  <testcase classname="org.bukkit.PerMaterialTest" name="testBlockDataCreation[240: DIAMOND_BLOCK]" time="0"/>
  <testcase classname="org.bukkit.PerMaterialTest" name="isBlock[240: DIAMOND_BLOCK]" time="0"/>
  <testcase classname="org.bukkit.PerMaterialTest" name="isSolid[240: DIAMOND_BLOCK]" time="0"/>
  <testcase classname="org.bukkit.PerMaterialTest" name="hasGravity[241: DIAMOND_BOOTS]" time="0"/>
  <testcase classname="org.bukkit.PerMaterialTest" name="isBurnable[241: DIAMOND_BOOTS]" time="0"/>
  <testcase classname="org.bukkit.PerMaterialTest" name="testInteractable[241: DIAMOND_BOOTS]" time="0"/>
  <testcase classname="org.bukkit.PerMaterialTest" name="testBlock[241: DIAMOND_BOOTS]" time="0"/>
  <testcase classname="org.bukkit.PerMaterialTest" name="isFuel[241: DIAMOND_BOOTS]" time="0"/>
  <testcase classname="org.bukkit.PerMaterialTest" name="testItem[241: DIAMOND_BOOTS]" time="0"/>
  <testcase classname="org.bukkit.PerMaterialTest" name="testBlastResistance[241: DIAMOND_BOOTS]" time="0"/>
  <testcase classname="org.bukkit.PerMaterialTest" name="isEdible[241: DIAMOND_BOOTS]" time="0"/>
  <testcase classname="org.bukkit.PerMaterialTest" name="maxDurability[241: DIAMOND_BOOTS]" time="0"/>
  <testcase classname="org.bukkit.PerMaterialTest" name="usesDurability[241: DIAMOND_BOOTS]" time="0.001"/>
  <testcase classname="org.bukkit.PerMaterialTest" name="isOccluding[241: DIAMOND_BOOTS]" time="0"/>
  <testcase classname="org.bukkit.PerMaterialTest" name="isRecord[241: DIAMOND_BOOTS]" time="0"/>
  <testcase classname="org.bukkit.PerMaterialTest" name="isFlammable[241: DIAMOND_BOOTS]" time="0"/>
  <testcase classname="org.bukkit.PerMaterialTest" name="testDurability[241: DIAMOND_BOOTS]" time="0"/>
  <testcase classname="org.bukkit.PerMaterialTest" name="testBlockHardness[241: DIAMOND_BOOTS]" time="0"/>
  <testcase classname="org.bukkit.PerMaterialTest" name="maxStackSize[241: DIAMOND_BOOTS]" time="0"/>
  <testcase classname="org.bukkit.PerMaterialTest" name="isTransparent[241: DIAMOND_BOOTS]" time="0"/>
  <testcase classname="org.bukkit.PerMaterialTest" name="testBlockDataCreation[241: DIAMOND_BOOTS]" time="0"/>
  <testcase classname="org.bukkit.PerMaterialTest" name="isBlock[241: DIAMOND_BOOTS]" time="0"/>
  <testcase classname="org.bukkit.PerMaterialTest" name="isSolid[241: DIAMOND_BOOTS]" time="0"/>
  <testcase classname="org.bukkit.PerMaterialTest" name="hasGravity[242: DIAMOND_CHESTPLATE]" time="0"/>
  <testcase classname="org.bukkit.PerMaterialTest" name="isBurnable[242: DIAMOND_CHESTPLATE]" time="0"/>
  <testcase classname="org.bukkit.PerMaterialTest" name="testInteractable[242: DIAMOND_CHESTPLATE]" time="0"/>
  <testcase classname="org.bukkit.PerMaterialTest" name="testBlock[242: DIAMOND_CHESTPLATE]" time="0"/>
  <testcase classname="org.bukkit.PerMaterialTest" name="isFuel[242: DIAMOND_CHESTPLATE]" time="0.001"/>
  <testcase classname="org.bukkit.PerMaterialTest" name="testItem[242: DIAMOND_CHESTPLATE]" time="0"/>
  <testcase classname="org.bukkit.PerMaterialTest" name="testBlastResistance[242: DIAMOND_CHESTPLATE]" time="0"/>
  <testcase classname="org.bukkit.PerMaterialTest" name="isEdible[242: DIAMOND_CHESTPLATE]" time="0"/>
  <testcase classname="org.bukkit.PerMaterialTest" name="maxDurability[242: DIAMOND_CHESTPLATE]" time="0"/>
  <testcase classname="org.bukkit.PerMaterialTest" name="usesDurability[242: DIAMOND_CHESTPLATE]" time="0"/>
  <testcase classname="org.bukkit.PerMaterialTest" name="isOccluding[242: DIAMOND_CHESTPLATE]" time="0"/>
  <testcase classname="org.bukkit.PerMaterialTest" name="isRecord[242: DIAMOND_CHESTPLATE]" time="0"/>
  <testcase classname="org.bukkit.PerMaterialTest" name="isFlammable[242: DIAMOND_CHESTPLATE]" time="0"/>
  <testcase classname="org.bukkit.PerMaterialTest" name="testDurability[242: DIAMOND_CHESTPLATE]" time="0"/>
  <testcase classname="org.bukkit.PerMaterialTest" name="testBlockHardness[242: DIAMOND_CHESTPLATE]" time="0"/>
  <testcase classname="org.bukkit.PerMaterialTest" name="maxStackSize[242: DIAMOND_CHESTPLATE]" time="0"/>
  <testcase classname="org.bukkit.PerMaterialTest" name="isTransparent[242: DIAMOND_CHESTPLATE]" time="0"/>
  <testcase classname="org.bukkit.PerMaterialTest" name="testBlockDataCreation[242: DIAMOND_CHESTPLATE]" time="0"/>
  <testcase classname="org.bukkit.PerMaterialTest" name="isBlock[242: DIAMOND_CHESTPLATE]" time="0"/>
  <testcase classname="org.bukkit.PerMaterialTest" name="isSolid[242: DIAMOND_CHESTPLATE]" time="0.001"/>
  <testcase classname="org.bukkit.PerMaterialTest" name="hasGravity[243: DIAMOND_HELMET]" time="0"/>
  <testcase classname="org.bukkit.PerMaterialTest" name="isBurnable[243: DIAMOND_HELMET]" time="0"/>
  <testcase classname="org.bukkit.PerMaterialTest" name="testInteractable[243: DIAMOND_HELMET]" time="0"/>
  <testcase classname="org.bukkit.PerMaterialTest" name="testBlock[243: DIAMOND_HELMET]" time="0"/>
  <testcase classname="org.bukkit.PerMaterialTest" name="isFuel[243: DIAMOND_HELMET]" time="0"/>
  <testcase classname="org.bukkit.PerMaterialTest" name="testItem[243: DIAMOND_HELMET]" time="0"/>
  <testcase classname="org.bukkit.PerMaterialTest" name="testBlastResistance[243: DIAMOND_HELMET]" time="0"/>
  <testcase classname="org.bukkit.PerMaterialTest" name="isEdible[243: DIAMOND_HELMET]" time="0"/>
  <testcase classname="org.bukkit.PerMaterialTest" name="maxDurability[243: DIAMOND_HELMET]" time="0"/>
  <testcase classname="org.bukkit.PerMaterialTest" name="usesDurability[243: DIAMOND_HELMET]" time="0"/>
  <testcase classname="org.bukkit.PerMaterialTest" name="isOccluding[243: DIAMOND_HELMET]" time="0"/>
  <testcase classname="org.bukkit.PerMaterialTest" name="isRecord[243: DIAMOND_HELMET]" time="0"/>
  <testcase classname="org.bukkit.PerMaterialTest" name="isFlammable[243: DIAMOND_HELMET]" time="0"/>
  <testcase classname="org.bukkit.PerMaterialTest" name="testDurability[243: DIAMOND_HELMET]" time="0"/>
  <testcase classname="org.bukkit.PerMaterialTest" name="testBlockHardness[243: DIAMOND_HELMET]" time="0"/>
  <testcase classname="org.bukkit.PerMaterialTest" name="maxStackSize[243: DIAMOND_HELMET]" time="0"/>
  <testcase classname="org.bukkit.PerMaterialTest" name="isTransparent[243: DIAMOND_HELMET]" time="0"/>
  <testcase classname="org.bukkit.PerMaterialTest" name="testBlockDataCreation[243: DIAMOND_HELMET]" time="0"/>
  <testcase classname="org.bukkit.PerMaterialTest" name="isBlock[243: DIAMOND_HELMET]" time="0"/>
  <testcase classname="org.bukkit.PerMaterialTest" name="isSolid[243: DIAMOND_HELMET]" time="0"/>
  <testcase classname="org.bukkit.PerMaterialTest" name="hasGravity[244: DIAMOND_HOE]" time="0"/>
  <testcase classname="org.bukkit.PerMaterialTest" name="isBurnable[244: DIAMOND_HOE]" time="0.001"/>
  <testcase classname="org.bukkit.PerMaterialTest" name="testInteractable[244: DIAMOND_HOE]" time="0"/>
  <testcase classname="org.bukkit.PerMaterialTest" name="testBlock[244: DIAMOND_HOE]" time="0"/>
  <testcase classname="org.bukkit.PerMaterialTest" name="isFuel[244: DIAMOND_HOE]" time="0"/>
  <testcase classname="org.bukkit.PerMaterialTest" name="testItem[244: DIAMOND_HOE]" time="0"/>
  <testcase classname="org.bukkit.PerMaterialTest" name="testBlastResistance[244: DIAMOND_HOE]" time="0"/>
  <testcase classname="org.bukkit.PerMaterialTest" name="isEdible[244: DIAMOND_HOE]" time="0"/>
  <testcase classname="org.bukkit.PerMaterialTest" name="maxDurability[244: DIAMOND_HOE]" time="0.001"/>
  <testcase classname="org.bukkit.PerMaterialTest" name="usesDurability[244: DIAMOND_HOE]" time="0"/>
  <testcase classname="org.bukkit.PerMaterialTest" name="isOccluding[244: DIAMOND_HOE]" time="0"/>
  <testcase classname="org.bukkit.PerMaterialTest" name="isRecord[244: DIAMOND_HOE]" time="0"/>
  <testcase classname="org.bukkit.PerMaterialTest" name="isFlammable[244: DIAMOND_HOE]" time="0"/>
  <testcase classname="org.bukkit.PerMaterialTest" name="testDurability[244: DIAMOND_HOE]" time="0"/>
  <testcase classname="org.bukkit.PerMaterialTest" name="testBlockHardness[244: DIAMOND_HOE]" time="0"/>
  <testcase classname="org.bukkit.PerMaterialTest" name="maxStackSize[244: DIAMOND_HOE]" time="0.001"/>
  <testcase classname="org.bukkit.PerMaterialTest" name="isTransparent[244: DIAMOND_HOE]" time="0"/>
  <testcase classname="org.bukkit.PerMaterialTest" name="testBlockDataCreation[244: DIAMOND_HOE]" time="0"/>
  <testcase classname="org.bukkit.PerMaterialTest" name="isBlock[244: DIAMOND_HOE]" time="0"/>
  <testcase classname="org.bukkit.PerMaterialTest" name="isSolid[244: DIAMOND_HOE]" time="0"/>
  <testcase classname="org.bukkit.PerMaterialTest" name="hasGravity[245: DIAMOND_HORSE_ARMOR]" time="0"/>
  <testcase classname="org.bukkit.PerMaterialTest" name="isBurnable[245: DIAMOND_HORSE_ARMOR]" time="0"/>
  <testcase classname="org.bukkit.PerMaterialTest" name="testInteractable[245: DIAMOND_HORSE_ARMOR]" time="0"/>
  <testcase classname="org.bukkit.PerMaterialTest" name="testBlock[245: DIAMOND_HORSE_ARMOR]" time="0"/>
  <testcase classname="org.bukkit.PerMaterialTest" name="isFuel[245: DIAMOND_HORSE_ARMOR]" time="0"/>
  <testcase classname="org.bukkit.PerMaterialTest" name="testItem[245: DIAMOND_HORSE_ARMOR]" time="0"/>
  <testcase classname="org.bukkit.PerMaterialTest" name="testBlastResistance[245: DIAMOND_HORSE_ARMOR]" time="0"/>
  <testcase classname="org.bukkit.PerMaterialTest" name="isEdible[245: DIAMOND_HORSE_ARMOR]" time="0"/>
  <testcase classname="org.bukkit.PerMaterialTest" name="maxDurability[245: DIAMOND_HORSE_ARMOR]" time="0"/>
  <testcase classname="org.bukkit.PerMaterialTest" name="usesDurability[245: DIAMOND_HORSE_ARMOR]" time="0"/>
  <testcase classname="org.bukkit.PerMaterialTest" name="isOccluding[245: DIAMOND_HORSE_ARMOR]" time="0.001"/>
  <testcase classname="org.bukkit.PerMaterialTest" name="isRecord[245: DIAMOND_HORSE_ARMOR]" time="0"/>
  <testcase classname="org.bukkit.PerMaterialTest" name="isFlammable[245: DIAMOND_HORSE_ARMOR]" time="0"/>
  <testcase classname="org.bukkit.PerMaterialTest" name="testDurability[245: DIAMOND_HORSE_ARMOR]" time="0"/>
  <testcase classname="org.bukkit.PerMaterialTest" name="testBlockHardness[245: DIAMOND_HORSE_ARMOR]" time="0"/>
  <testcase classname="org.bukkit.PerMaterialTest" name="maxStackSize[245: DIAMOND_HORSE_ARMOR]" time="0"/>
  <testcase classname="org.bukkit.PerMaterialTest" name="isTransparent[245: DIAMOND_HORSE_ARMOR]" time="0"/>
  <testcase classname="org.bukkit.PerMaterialTest" name="testBlockDataCreation[245: DIAMOND_HORSE_ARMOR]" time="0"/>
  <testcase classname="org.bukkit.PerMaterialTest" name="isBlock[245: DIAMOND_HORSE_ARMOR]" time="0"/>
  <testcase classname="org.bukkit.PerMaterialTest" name="isSolid[245: DIAMOND_HORSE_ARMOR]" time="0"/>
  <testcase classname="org.bukkit.PerMaterialTest" name="hasGravity[246: DIAMOND_LEGGINGS]" time="0"/>
  <testcase classname="org.bukkit.PerMaterialTest" name="isBurnable[246: DIAMOND_LEGGINGS]" time="0"/>
  <testcase classname="org.bukkit.PerMaterialTest" name="testInteractable[246: DIAMOND_LEGGINGS]" time="0"/>
  <testcase classname="org.bukkit.PerMaterialTest" name="testBlock[246: DIAMOND_LEGGINGS]" time="0"/>
  <testcase classname="org.bukkit.PerMaterialTest" name="isFuel[246: DIAMOND_LEGGINGS]" time="0.001"/>
  <testcase classname="org.bukkit.PerMaterialTest" name="testItem[246: DIAMOND_LEGGINGS]" time="0"/>
  <testcase classname="org.bukkit.PerMaterialTest" name="testBlastResistance[246: DIAMOND_LEGGINGS]" time="0"/>
  <testcase classname="org.bukkit.PerMaterialTest" name="isEdible[246: DIAMOND_LEGGINGS]" time="0"/>
  <testcase classname="org.bukkit.PerMaterialTest" name="maxDurability[246: DIAMOND_LEGGINGS]" time="0"/>
  <testcase classname="org.bukkit.PerMaterialTest" name="usesDurability[246: DIAMOND_LEGGINGS]" time="0"/>
  <testcase classname="org.bukkit.PerMaterialTest" name="isOccluding[246: DIAMOND_LEGGINGS]" time="0"/>
  <testcase classname="org.bukkit.PerMaterialTest" name="isRecord[246: DIAMOND_LEGGINGS]" time="0"/>
  <testcase classname="org.bukkit.PerMaterialTest" name="isFlammable[246: DIAMOND_LEGGINGS]" time="0.001"/>
  <testcase classname="org.bukkit.PerMaterialTest" name="testDurability[246: DIAMOND_LEGGINGS]" time="0"/>
  <testcase classname="org.bukkit.PerMaterialTest" name="testBlockHardness[246: DIAMOND_LEGGINGS]" time="0"/>
  <testcase classname="org.bukkit.PerMaterialTest" name="maxStackSize[246: DIAMOND_LEGGINGS]" time="0"/>
  <testcase classname="org.bukkit.PerMaterialTest" name="isTransparent[246: DIAMOND_LEGGINGS]" time="0"/>
  <testcase classname="org.bukkit.PerMaterialTest" name="testBlockDataCreation[246: DIAMOND_LEGGINGS]" time="0"/>
  <testcase classname="org.bukkit.PerMaterialTest" name="isBlock[246: DIAMOND_LEGGINGS]" time="0"/>
  <testcase classname="org.bukkit.PerMaterialTest" name="isSolid[246: DIAMOND_LEGGINGS]" time="0"/>
  <testcase classname="org.bukkit.PerMaterialTest" name="hasGravity[247: DIAMOND_ORE]" time="0"/>
  <testcase classname="org.bukkit.PerMaterialTest" name="isBurnable[247: DIAMOND_ORE]" time="0"/>
  <testcase classname="org.bukkit.PerMaterialTest" name="testInteractable[247: DIAMOND_ORE]" time="0"/>
  <testcase classname="org.bukkit.PerMaterialTest" name="testBlock[247: DIAMOND_ORE]" time="0"/>
  <testcase classname="org.bukkit.PerMaterialTest" name="isFuel[247: DIAMOND_ORE]" time="0"/>
  <testcase classname="org.bukkit.PerMaterialTest" name="testItem[247: DIAMOND_ORE]" time="0"/>
  <testcase classname="org.bukkit.PerMaterialTest" name="testBlastResistance[247: DIAMOND_ORE]" time="0.001"/>
  <testcase classname="org.bukkit.PerMaterialTest" name="isEdible[247: DIAMOND_ORE]" time="0"/>
  <testcase classname="org.bukkit.PerMaterialTest" name="maxDurability[247: DIAMOND_ORE]" time="0"/>
  <testcase classname="org.bukkit.PerMaterialTest" name="usesDurability[247: DIAMOND_ORE]" time="0"/>
  <testcase classname="org.bukkit.PerMaterialTest" name="isOccluding[247: DIAMOND_ORE]" time="0"/>
  <testcase classname="org.bukkit.PerMaterialTest" name="isRecord[247: DIAMOND_ORE]" time="0"/>
  <testcase classname="org.bukkit.PerMaterialTest" name="isFlammable[247: DIAMOND_ORE]" time="0"/>
  <testcase classname="org.bukkit.PerMaterialTest" name="testDurability[247: DIAMOND_ORE]" time="0"/>
  <testcase classname="org.bukkit.PerMaterialTest" name="testBlockHardness[247: DIAMOND_ORE]" time="0.001"/>
  <testcase classname="org.bukkit.PerMaterialTest" name="maxStackSize[247: DIAMOND_ORE]" time="0"/>
  <testcase classname="org.bukkit.PerMaterialTest" name="isTransparent[247: DIAMOND_ORE]" time="0"/>
  <testcase classname="org.bukkit.PerMaterialTest" name="testBlockDataCreation[247: DIAMOND_ORE]" time="0"/>
  <testcase classname="org.bukkit.PerMaterialTest" name="isBlock[247: DIAMOND_ORE]" time="0"/>
  <testcase classname="org.bukkit.PerMaterialTest" name="isSolid[247: DIAMOND_ORE]" time="0"/>
  <testcase classname="org.bukkit.PerMaterialTest" name="hasGravity[248: DIAMOND_PICKAXE]" time="0"/>
  <testcase classname="org.bukkit.PerMaterialTest" name="isBurnable[248: DIAMOND_PICKAXE]" time="0.001"/>
  <testcase classname="org.bukkit.PerMaterialTest" name="testInteractable[248: DIAMOND_PICKAXE]" time="0"/>
  <testcase classname="org.bukkit.PerMaterialTest" name="testBlock[248: DIAMOND_PICKAXE]" time="0"/>
  <testcase classname="org.bukkit.PerMaterialTest" name="isFuel[248: DIAMOND_PICKAXE]" time="0"/>
  <testcase classname="org.bukkit.PerMaterialTest" name="testItem[248: DIAMOND_PICKAXE]" time="0"/>
  <testcase classname="org.bukkit.PerMaterialTest" name="testBlastResistance[248: DIAMOND_PICKAXE]" time="0"/>
  <testcase classname="org.bukkit.PerMaterialTest" name="isEdible[248: DIAMOND_PICKAXE]" time="0"/>
  <testcase classname="org.bukkit.PerMaterialTest" name="maxDurability[248: DIAMOND_PICKAXE]" time="0"/>
  <testcase classname="org.bukkit.PerMaterialTest" name="usesDurability[248: DIAMOND_PICKAXE]" time="0"/>
  <testcase classname="org.bukkit.PerMaterialTest" name="isOccluding[248: DIAMOND_PICKAXE]" time="0"/>
  <testcase classname="org.bukkit.PerMaterialTest" name="isRecord[248: DIAMOND_PICKAXE]" time="0"/>
  <testcase classname="org.bukkit.PerMaterialTest" name="isFlammable[248: DIAMOND_PICKAXE]" time="0"/>
  <testcase classname="org.bukkit.PerMaterialTest" name="testDurability[248: DIAMOND_PICKAXE]" time="0"/>
  <testcase classname="org.bukkit.PerMaterialTest" name="testBlockHardness[248: DIAMOND_PICKAXE]" time="0"/>
  <testcase classname="org.bukkit.PerMaterialTest" name="maxStackSize[248: DIAMOND_PICKAXE]" time="0.001"/>
  <testcase classname="org.bukkit.PerMaterialTest" name="isTransparent[248: DIAMOND_PICKAXE]" time="0"/>
  <testcase classname="org.bukkit.PerMaterialTest" name="testBlockDataCreation[248: DIAMOND_PICKAXE]" time="0"/>
  <testcase classname="org.bukkit.PerMaterialTest" name="isBlock[248: DIAMOND_PICKAXE]" time="0"/>
  <testcase classname="org.bukkit.PerMaterialTest" name="isSolid[248: DIAMOND_PICKAXE]" time="0"/>
  <testcase classname="org.bukkit.PerMaterialTest" name="hasGravity[249: DIAMOND_SHOVEL]" time="0"/>
  <testcase classname="org.bukkit.PerMaterialTest" name="isBurnable[249: DIAMOND_SHOVEL]" time="0"/>
  <testcase classname="org.bukkit.PerMaterialTest" name="testInteractable[249: DIAMOND_SHOVEL]" time="0"/>
  <testcase classname="org.bukkit.PerMaterialTest" name="testBlock[249: DIAMOND_SHOVEL]" time="0.001"/>
  <testcase classname="org.bukkit.PerMaterialTest" name="isFuel[249: DIAMOND_SHOVEL]" time="0"/>
  <testcase classname="org.bukkit.PerMaterialTest" name="testItem[249: DIAMOND_SHOVEL]" time="0"/>
  <testcase classname="org.bukkit.PerMaterialTest" name="testBlastResistance[249: DIAMOND_SHOVEL]" time="0"/>
  <testcase classname="org.bukkit.PerMaterialTest" name="isEdible[249: DIAMOND_SHOVEL]" time="0"/>
  <testcase classname="org.bukkit.PerMaterialTest" name="maxDurability[249: DIAMOND_SHOVEL]" time="0"/>
  <testcase classname="org.bukkit.PerMaterialTest" name="usesDurability[249: DIAMOND_SHOVEL]" time="0"/>
  <testcase classname="org.bukkit.PerMaterialTest" name="isOccluding[249: DIAMOND_SHOVEL]" time="0"/>
  <testcase classname="org.bukkit.PerMaterialTest" name="isRecord[249: DIAMOND_SHOVEL]" time="0"/>
  <testcase classname="org.bukkit.PerMaterialTest" name="isFlammable[249: DIAMOND_SHOVEL]" time="0"/>
  <testcase classname="org.bukkit.PerMaterialTest" name="testDurability[249: DIAMOND_SHOVEL]" time="0"/>
  <testcase classname="org.bukkit.PerMaterialTest" name="testBlockHardness[249: DIAMOND_SHOVEL]" time="0"/>
  <testcase classname="org.bukkit.PerMaterialTest" name="maxStackSize[249: DIAMOND_SHOVEL]" time="0"/>
  <testcase classname="org.bukkit.PerMaterialTest" name="isTransparent[249: DIAMOND_SHOVEL]" time="0"/>
  <testcase classname="org.bukkit.PerMaterialTest" name="testBlockDataCreation[249: DIAMOND_SHOVEL]" time="0"/>
  <testcase classname="org.bukkit.PerMaterialTest" name="isBlock[249: DIAMOND_SHOVEL]" time="0"/>
  <testcase classname="org.bukkit.PerMaterialTest" name="isSolid[249: DIAMOND_SHOVEL]" time="0"/>
  <testcase classname="org.bukkit.PerMaterialTest" name="hasGravity[250: DIAMOND_SWORD]" time="0"/>
  <testcase classname="org.bukkit.PerMaterialTest" name="isBurnable[250: DIAMOND_SWORD]" time="0"/>
  <testcase classname="org.bukkit.PerMaterialTest" name="testInteractable[250: DIAMOND_SWORD]" time="0"/>
  <testcase classname="org.bukkit.PerMaterialTest" name="testBlock[250: DIAMOND_SWORD]" time="0"/>
  <testcase classname="org.bukkit.PerMaterialTest" name="isFuel[250: DIAMOND_SWORD]" time="0.001"/>
  <testcase classname="org.bukkit.PerMaterialTest" name="testItem[250: DIAMOND_SWORD]" time="0"/>
  <testcase classname="org.bukkit.PerMaterialTest" name="testBlastResistance[250: DIAMOND_SWORD]" time="0"/>
  <testcase classname="org.bukkit.PerMaterialTest" name="isEdible[250: DIAMOND_SWORD]" time="0"/>
  <testcase classname="org.bukkit.PerMaterialTest" name="maxDurability[250: DIAMOND_SWORD]" time="0"/>
  <testcase classname="org.bukkit.PerMaterialTest" name="usesDurability[250: DIAMOND_SWORD]" time="0"/>
  <testcase classname="org.bukkit.PerMaterialTest" name="isOccluding[250: DIAMOND_SWORD]" time="0"/>
  <testcase classname="org.bukkit.PerMaterialTest" name="isRecord[250: DIAMOND_SWORD]" time="0"/>
  <testcase classname="org.bukkit.PerMaterialTest" name="isFlammable[250: DIAMOND_SWORD]" time="0.001"/>
  <testcase classname="org.bukkit.PerMaterialTest" name="testDurability[250: DIAMOND_SWORD]" time="0"/>
  <testcase classname="org.bukkit.PerMaterialTest" name="testBlockHardness[250: DIAMOND_SWORD]" time="0"/>
  <testcase classname="org.bukkit.PerMaterialTest" name="maxStackSize[250: DIAMOND_SWORD]" time="0"/>
  <testcase classname="org.bukkit.PerMaterialTest" name="isTransparent[250: DIAMOND_SWORD]" time="0"/>
  <testcase classname="org.bukkit.PerMaterialTest" name="testBlockDataCreation[250: DIAMOND_SWORD]" time="0"/>
  <testcase classname="org.bukkit.PerMaterialTest" name="isBlock[250: DIAMOND_SWORD]" time="0"/>
  <testcase classname="org.bukkit.PerMaterialTest" name="isSolid[250: DIAMOND_SWORD]" time="0"/>
  <testcase classname="org.bukkit.PerMaterialTest" name="hasGravity[251: DIORITE]" time="0"/>
  <testcase classname="org.bukkit.PerMaterialTest" name="isBurnable[251: DIORITE]" time="0"/>
  <testcase classname="org.bukkit.PerMaterialTest" name="testInteractable[251: DIORITE]" time="0"/>
  <testcase classname="org.bukkit.PerMaterialTest" name="testBlock[251: DIORITE]" time="0"/>
  <testcase classname="org.bukkit.PerMaterialTest" name="isFuel[251: DIORITE]" time="0"/>
  <testcase classname="org.bukkit.PerMaterialTest" name="testItem[251: DIORITE]" time="0"/>
  <testcase classname="org.bukkit.PerMaterialTest" name="testBlastResistance[251: DIORITE]" time="0.001"/>
  <testcase classname="org.bukkit.PerMaterialTest" name="isEdible[251: DIORITE]" time="0"/>
  <testcase classname="org.bukkit.PerMaterialTest" name="maxDurability[251: DIORITE]" time="0"/>
  <testcase classname="org.bukkit.PerMaterialTest" name="usesDurability[251: DIORITE]" time="0"/>
  <testcase classname="org.bukkit.PerMaterialTest" name="isOccluding[251: DIORITE]" time="0"/>
  <testcase classname="org.bukkit.PerMaterialTest" name="isRecord[251: DIORITE]" time="0"/>
  <testcase classname="org.bukkit.PerMaterialTest" name="isFlammable[251: DIORITE]" time="0"/>
  <testcase classname="org.bukkit.PerMaterialTest" name="testDurability[251: DIORITE]" time="0"/>
  <testcase classname="org.bukkit.PerMaterialTest" name="testBlockHardness[251: DIORITE]" time="0.001"/>
  <testcase classname="org.bukkit.PerMaterialTest" name="maxStackSize[251: DIORITE]" time="0"/>
  <testcase classname="org.bukkit.PerMaterialTest" name="isTransparent[251: DIORITE]" time="0"/>
  <testcase classname="org.bukkit.PerMaterialTest" name="testBlockDataCreation[251: DIORITE]" time="0"/>
  <testcase classname="org.bukkit.PerMaterialTest" name="isBlock[251: DIORITE]" time="0"/>
  <testcase classname="org.bukkit.PerMaterialTest" name="isSolid[251: DIORITE]" time="0"/>
  <testcase classname="org.bukkit.PerMaterialTest" name="hasGravity[252: DIRT]" time="0"/>
  <testcase classname="org.bukkit.PerMaterialTest" name="isBurnable[252: DIRT]" time="0.001"/>
  <testcase classname="org.bukkit.PerMaterialTest" name="testInteractable[252: DIRT]" time="0"/>
  <testcase classname="org.bukkit.PerMaterialTest" name="testBlock[252: DIRT]" time="0"/>
  <testcase classname="org.bukkit.PerMaterialTest" name="isFuel[252: DIRT]" time="0"/>
  <testcase classname="org.bukkit.PerMaterialTest" name="testItem[252: DIRT]" time="0"/>
  <testcase classname="org.bukkit.PerMaterialTest" name="testBlastResistance[252: DIRT]" time="0"/>
  <testcase classname="org.bukkit.PerMaterialTest" name="isEdible[252: DIRT]" time="0"/>
  <testcase classname="org.bukkit.PerMaterialTest" name="maxDurability[252: DIRT]" time="0"/>
  <testcase classname="org.bukkit.PerMaterialTest" name="usesDurability[252: DIRT]" time="0"/>
  <testcase classname="org.bukkit.PerMaterialTest" name="isOccluding[252: DIRT]" time="0"/>
  <testcase classname="org.bukkit.PerMaterialTest" name="isRecord[252: DIRT]" time="0"/>
  <testcase classname="org.bukkit.PerMaterialTest" name="isFlammable[252: DIRT]" time="0"/>
  <testcase classname="org.bukkit.PerMaterialTest" name="testDurability[252: DIRT]" time="0"/>
  <testcase classname="org.bukkit.PerMaterialTest" name="testBlockHardness[252: DIRT]" time="0"/>
  <testcase classname="org.bukkit.PerMaterialTest" name="maxStackSize[252: DIRT]" time="0.001"/>
  <testcase classname="org.bukkit.PerMaterialTest" name="isTransparent[252: DIRT]" time="0"/>
  <testcase classname="org.bukkit.PerMaterialTest" name="testBlockDataCreation[252: DIRT]" time="0"/>
  <testcase classname="org.bukkit.PerMaterialTest" name="isBlock[252: DIRT]" time="0"/>
  <testcase classname="org.bukkit.PerMaterialTest" name="isSolid[252: DIRT]" time="0"/>
  <testcase classname="org.bukkit.PerMaterialTest" name="hasGravity[253: DISPENSER]" time="0"/>
  <testcase classname="org.bukkit.PerMaterialTest" name="isBurnable[253: DISPENSER]" time="0"/>
  <testcase classname="org.bukkit.PerMaterialTest" name="testInteractable[253: DISPENSER]" time="0.001"/>
  <testcase classname="org.bukkit.PerMaterialTest" name="testBlock[253: DISPENSER]" time="0"/>
  <testcase classname="org.bukkit.PerMaterialTest" name="isFuel[253: DISPENSER]" time="0"/>
  <testcase classname="org.bukkit.PerMaterialTest" name="testItem[253: DISPENSER]" time="0"/>
  <testcase classname="org.bukkit.PerMaterialTest" name="testBlastResistance[253: DISPENSER]" time="0.001"/>
  <testcase classname="org.bukkit.PerMaterialTest" name="isEdible[253: DISPENSER]" time="0"/>
  <testcase classname="org.bukkit.PerMaterialTest" name="maxDurability[253: DISPENSER]" time="0"/>
  <testcase classname="org.bukkit.PerMaterialTest" name="usesDurability[253: DISPENSER]" time="0"/>
  <testcase classname="org.bukkit.PerMaterialTest" name="isOccluding[253: DISPENSER]" time="0"/>
  <testcase classname="org.bukkit.PerMaterialTest" name="isRecord[253: DISPENSER]" time="0"/>
  <testcase classname="org.bukkit.PerMaterialTest" name="isFlammable[253: DISPENSER]" time="0"/>
  <testcase classname="org.bukkit.PerMaterialTest" name="testDurability[253: DISPENSER]" time="0"/>
  <testcase classname="org.bukkit.PerMaterialTest" name="testBlockHardness[253: DISPENSER]" time="0"/>
  <testcase classname="org.bukkit.PerMaterialTest" name="maxStackSize[253: DISPENSER]" time="0"/>
  <testcase classname="org.bukkit.PerMaterialTest" name="isTransparent[253: DISPENSER]" time="0"/>
  <testcase classname="org.bukkit.PerMaterialTest" name="testBlockDataCreation[253: DISPENSER]" time="0"/>
  <testcase classname="org.bukkit.PerMaterialTest" name="isBlock[253: DISPENSER]" time="0"/>
  <testcase classname="org.bukkit.PerMaterialTest" name="isSolid[253: DISPENSER]" time="0"/>
  <testcase classname="org.bukkit.PerMaterialTest" name="hasGravity[254: DOLPHIN_SPAWN_EGG]" time="0"/>
  <testcase classname="org.bukkit.PerMaterialTest" name="isBurnable[254: DOLPHIN_SPAWN_EGG]" time="0"/>
  <testcase classname="org.bukkit.PerMaterialTest" name="testInteractable[254: DOLPHIN_SPAWN_EGG]" time="0"/>
  <testcase classname="org.bukkit.PerMaterialTest" name="testBlock[254: DOLPHIN_SPAWN_EGG]" time="0"/>
  <testcase classname="org.bukkit.PerMaterialTest" name="isFuel[254: DOLPHIN_SPAWN_EGG]" time="0"/>
  <testcase classname="org.bukkit.PerMaterialTest" name="testItem[254: DOLPHIN_SPAWN_EGG]" time="0"/>
  <testcase classname="org.bukkit.PerMaterialTest" name="testBlastResistance[254: DOLPHIN_SPAWN_EGG]" time="0"/>
  <testcase classname="org.bukkit.PerMaterialTest" name="isEdible[254: DOLPHIN_SPAWN_EGG]" time="0"/>
  <testcase classname="org.bukkit.PerMaterialTest" name="maxDurability[254: DOLPHIN_SPAWN_EGG]" time="0.001"/>
  <testcase classname="org.bukkit.PerMaterialTest" name="usesDurability[254: DOLPHIN_SPAWN_EGG]" time="0"/>
  <testcase classname="org.bukkit.PerMaterialTest" name="isOccluding[254: DOLPHIN_SPAWN_EGG]" time="0"/>
  <testcase classname="org.bukkit.PerMaterialTest" name="isRecord[254: DOLPHIN_SPAWN_EGG]" time="0"/>
  <testcase classname="org.bukkit.PerMaterialTest" name="isFlammable[254: DOLPHIN_SPAWN_EGG]" time="0"/>
  <testcase classname="org.bukkit.PerMaterialTest" name="testDurability[254: DOLPHIN_SPAWN_EGG]" time="0"/>
  <testcase classname="org.bukkit.PerMaterialTest" name="testBlockHardness[254: DOLPHIN_SPAWN_EGG]" time="0"/>
  <testcase classname="org.bukkit.PerMaterialTest" name="maxStackSize[254: DOLPHIN_SPAWN_EGG]" time="0"/>
  <testcase classname="org.bukkit.PerMaterialTest" name="isTransparent[254: DOLPHIN_SPAWN_EGG]" time="0"/>
  <testcase classname="org.bukkit.PerMaterialTest" name="testBlockDataCreation[254: DOLPHIN_SPAWN_EGG]" time="0"/>
  <testcase classname="org.bukkit.PerMaterialTest" name="isBlock[254: DOLPHIN_SPAWN_EGG]" time="0"/>
  <testcase classname="org.bukkit.PerMaterialTest" name="isSolid[254: DOLPHIN_SPAWN_EGG]" time="0"/>
  <testcase classname="org.bukkit.PerMaterialTest" name="hasGravity[255: DONKEY_SPAWN_EGG]" time="0"/>
  <testcase classname="org.bukkit.PerMaterialTest" name="isBurnable[255: DONKEY_SPAWN_EGG]" time="0"/>
  <testcase classname="org.bukkit.PerMaterialTest" name="testInteractable[255: DONKEY_SPAWN_EGG]" time="0"/>
  <testcase classname="org.bukkit.PerMaterialTest" name="testBlock[255: DONKEY_SPAWN_EGG]" time="0"/>
  <testcase classname="org.bukkit.PerMaterialTest" name="isFuel[255: DONKEY_SPAWN_EGG]" time="0.001"/>
  <testcase classname="org.bukkit.PerMaterialTest" name="testItem[255: DONKEY_SPAWN_EGG]" time="0"/>
  <testcase classname="org.bukkit.PerMaterialTest" name="testBlastResistance[255: DONKEY_SPAWN_EGG]" time="0"/>
  <testcase classname="org.bukkit.PerMaterialTest" name="isEdible[255: DONKEY_SPAWN_EGG]" time="0"/>
  <testcase classname="org.bukkit.PerMaterialTest" name="maxDurability[255: DONKEY_SPAWN_EGG]" time="0"/>
  <testcase classname="org.bukkit.PerMaterialTest" name="usesDurability[255: DONKEY_SPAWN_EGG]" time="0"/>
  <testcase classname="org.bukkit.PerMaterialTest" name="isOccluding[255: DONKEY_SPAWN_EGG]" time="0.001"/>
  <testcase classname="org.bukkit.PerMaterialTest" name="isRecord[255: DONKEY_SPAWN_EGG]" time="0"/>
  <testcase classname="org.bukkit.PerMaterialTest" name="isFlammable[255: DONKEY_SPAWN_EGG]" time="0"/>
  <testcase classname="org.bukkit.PerMaterialTest" name="testDurability[255: DONKEY_SPAWN_EGG]" time="0"/>
  <testcase classname="org.bukkit.PerMaterialTest" name="testBlockHardness[255: DONKEY_SPAWN_EGG]" time="0"/>
  <testcase classname="org.bukkit.PerMaterialTest" name="maxStackSize[255: DONKEY_SPAWN_EGG]" time="0"/>
  <testcase classname="org.bukkit.PerMaterialTest" name="isTransparent[255: DONKEY_SPAWN_EGG]" time="0"/>
  <testcase classname="org.bukkit.PerMaterialTest" name="testBlockDataCreation[255: DONKEY_SPAWN_EGG]" time="0"/>
  <testcase classname="org.bukkit.PerMaterialTest" name="isBlock[255: DONKEY_SPAWN_EGG]" time="0"/>
  <testcase classname="org.bukkit.PerMaterialTest" name="isSolid[255: DONKEY_SPAWN_EGG]" time="0"/>
  <testcase classname="org.bukkit.PerMaterialTest" name="hasGravity[256: DRAGON_BREATH]" time="0"/>
  <testcase classname="org.bukkit.PerMaterialTest" name="isBurnable[256: DRAGON_BREATH]" time="0"/>
  <testcase classname="org.bukkit.PerMaterialTest" name="testInteractable[256: DRAGON_BREATH]" time="0"/>
  <testcase classname="org.bukkit.PerMaterialTest" name="testBlock[256: DRAGON_BREATH]" time="0"/>
  <testcase classname="org.bukkit.PerMaterialTest" name="isFuel[256: DRAGON_BREATH]" time="0.001"/>
  <testcase classname="org.bukkit.PerMaterialTest" name="testItem[256: DRAGON_BREATH]" time="0"/>
  <testcase classname="org.bukkit.PerMaterialTest" name="testBlastResistance[256: DRAGON_BREATH]" time="0"/>
  <testcase classname="org.bukkit.PerMaterialTest" name="isEdible[256: DRAGON_BREATH]" time="0"/>
  <testcase classname="org.bukkit.PerMaterialTest" name="maxDurability[256: DRAGON_BREATH]" time="0"/>
  <testcase classname="org.bukkit.PerMaterialTest" name="usesDurability[256: DRAGON_BREATH]" time="0"/>
  <testcase classname="org.bukkit.PerMaterialTest" name="isOccluding[256: DRAGON_BREATH]" time="0"/>
  <testcase classname="org.bukkit.PerMaterialTest" name="isRecord[256: DRAGON_BREATH]" time="0"/>
  <testcase classname="org.bukkit.PerMaterialTest" name="isFlammable[256: DRAGON_BREATH]" time="0"/>
  <testcase classname="org.bukkit.PerMaterialTest" name="testDurability[256: DRAGON_BREATH]" time="0"/>
  <testcase classname="org.bukkit.PerMaterialTest" name="testBlockHardness[256: DRAGON_BREATH]" time="0"/>
  <testcase classname="org.bukkit.PerMaterialTest" name="maxStackSize[256: DRAGON_BREATH]" time="0"/>
  <testcase classname="org.bukkit.PerMaterialTest" name="isTransparent[256: DRAGON_BREATH]" time="0"/>
  <testcase classname="org.bukkit.PerMaterialTest" name="testBlockDataCreation[256: DRAGON_BREATH]" time="0"/>
  <testcase classname="org.bukkit.PerMaterialTest" name="isBlock[256: DRAGON_BREATH]" time="0"/>
  <testcase classname="org.bukkit.PerMaterialTest" name="isSolid[256: DRAGON_BREATH]" time="0"/>
  <testcase classname="org.bukkit.PerMaterialTest" name="hasGravity[257: DRAGON_EGG]" time="0.001"/>
  <testcase classname="org.bukkit.PerMaterialTest" name="isBurnable[257: DRAGON_EGG]" time="0"/>
  <testcase classname="org.bukkit.PerMaterialTest" name="testInteractable[257: DRAGON_EGG]" time="0"/>
  <testcase classname="org.bukkit.PerMaterialTest" name="testBlock[257: DRAGON_EGG]" time="0"/>
  <testcase classname="org.bukkit.PerMaterialTest" name="isFuel[257: DRAGON_EGG]" time="0"/>
  <testcase classname="org.bukkit.PerMaterialTest" name="testItem[257: DRAGON_EGG]" time="0.001"/>
  <testcase classname="org.bukkit.PerMaterialTest" name="testBlastResistance[257: DRAGON_EGG]" time="0"/>
  <testcase classname="org.bukkit.PerMaterialTest" name="isEdible[257: DRAGON_EGG]" time="0"/>
  <testcase classname="org.bukkit.PerMaterialTest" name="maxDurability[257: DRAGON_EGG]" time="0"/>
  <testcase classname="org.bukkit.PerMaterialTest" name="usesDurability[257: DRAGON_EGG]" time="0"/>
  <testcase classname="org.bukkit.PerMaterialTest" name="isOccluding[257: DRAGON_EGG]" time="0"/>
  <testcase classname="org.bukkit.PerMaterialTest" name="isRecord[257: DRAGON_EGG]" time="0"/>
  <testcase classname="org.bukkit.PerMaterialTest" name="isFlammable[257: DRAGON_EGG]" time="0"/>
  <testcase classname="org.bukkit.PerMaterialTest" name="testDurability[257: DRAGON_EGG]" time="0"/>
  <testcase classname="org.bukkit.PerMaterialTest" name="testBlockHardness[257: DRAGON_EGG]" time="0"/>
  <testcase classname="org.bukkit.PerMaterialTest" name="maxStackSize[257: DRAGON_EGG]" time="0"/>
  <testcase classname="org.bukkit.PerMaterialTest" name="isTransparent[257: DRAGON_EGG]" time="0"/>
  <testcase classname="org.bukkit.PerMaterialTest" name="testBlockDataCreation[257: DRAGON_EGG]" time="0"/>
  <testcase classname="org.bukkit.PerMaterialTest" name="isBlock[257: DRAGON_EGG]" time="0"/>
  <testcase classname="org.bukkit.PerMaterialTest" name="isSolid[257: DRAGON_EGG]" time="0"/>
  <testcase classname="org.bukkit.PerMaterialTest" name="hasGravity[258: DRAGON_HEAD]" time="0"/>
  <testcase classname="org.bukkit.PerMaterialTest" name="isBurnable[258: DRAGON_HEAD]" time="0"/>
  <testcase classname="org.bukkit.PerMaterialTest" name="testInteractable[258: DRAGON_HEAD]" time="0"/>
  <testcase classname="org.bukkit.PerMaterialTest" name="testBlock[258: DRAGON_HEAD]" time="0"/>
  <testcase classname="org.bukkit.PerMaterialTest" name="isFuel[258: DRAGON_HEAD]" time="0"/>
  <testcase classname="org.bukkit.PerMaterialTest" name="testItem[258: DRAGON_HEAD]" time="0"/>
  <testcase classname="org.bukkit.PerMaterialTest" name="testBlastResistance[258: DRAGON_HEAD]" time="0"/>
  <testcase classname="org.bukkit.PerMaterialTest" name="isEdible[258: DRAGON_HEAD]" time="0"/>
  <testcase classname="org.bukkit.PerMaterialTest" name="maxDurability[258: DRAGON_HEAD]" time="0"/>
  <testcase classname="org.bukkit.PerMaterialTest" name="usesDurability[258: DRAGON_HEAD]" time="0"/>
  <testcase classname="org.bukkit.PerMaterialTest" name="isOccluding[258: DRAGON_HEAD]" time="0"/>
  <testcase classname="org.bukkit.PerMaterialTest" name="isRecord[258: DRAGON_HEAD]" time="0"/>
  <testcase classname="org.bukkit.PerMaterialTest" name="isFlammable[258: DRAGON_HEAD]" time="0"/>
  <testcase classname="org.bukkit.PerMaterialTest" name="testDurability[258: DRAGON_HEAD]" time="0"/>
  <testcase classname="org.bukkit.PerMaterialTest" name="testBlockHardness[258: DRAGON_HEAD]" time="0"/>
  <testcase classname="org.bukkit.PerMaterialTest" name="maxStackSize[258: DRAGON_HEAD]" time="0"/>
  <testcase classname="org.bukkit.PerMaterialTest" name="isTransparent[258: DRAGON_HEAD]" time="0"/>
  <testcase classname="org.bukkit.PerMaterialTest" name="testBlockDataCreation[258: DRAGON_HEAD]" time="0"/>
  <testcase classname="org.bukkit.PerMaterialTest" name="isBlock[258: DRAGON_HEAD]" time="0"/>
  <testcase classname="org.bukkit.PerMaterialTest" name="isSolid[258: DRAGON_HEAD]" time="0"/>
  <testcase classname="org.bukkit.PerMaterialTest" name="hasGravity[259: DRAGON_WALL_HEAD]" time="0"/>
  <testcase classname="org.bukkit.PerMaterialTest" name="isBurnable[259: DRAGON_WALL_HEAD]" time="0"/>
  <testcase classname="org.bukkit.PerMaterialTest" name="testInteractable[259: DRAGON_WALL_HEAD]" time="0"/>
  <testcase classname="org.bukkit.PerMaterialTest" name="testBlock[259: DRAGON_WALL_HEAD]" time="0"/>
  <testcase classname="org.bukkit.PerMaterialTest" name="isFuel[259: DRAGON_WALL_HEAD]" time="0"/>
  <testcase classname="org.bukkit.PerMaterialTest" name="testItem[259: DRAGON_WALL_HEAD]" time="0"/>
  <testcase classname="org.bukkit.PerMaterialTest" name="testBlastResistance[259: DRAGON_WALL_HEAD]" time="0.001"/>
  <testcase classname="org.bukkit.PerMaterialTest" name="isEdible[259: DRAGON_WALL_HEAD]" time="0"/>
  <testcase classname="org.bukkit.PerMaterialTest" name="maxDurability[259: DRAGON_WALL_HEAD]" time="0"/>
  <testcase classname="org.bukkit.PerMaterialTest" name="usesDurability[259: DRAGON_WALL_HEAD]" time="0"/>
  <testcase classname="org.bukkit.PerMaterialTest" name="isOccluding[259: DRAGON_WALL_HEAD]" time="0"/>
  <testcase classname="org.bukkit.PerMaterialTest" name="isRecord[259: DRAGON_WALL_HEAD]" time="0"/>
  <testcase classname="org.bukkit.PerMaterialTest" name="isFlammable[259: DRAGON_WALL_HEAD]" time="0"/>
  <testcase classname="org.bukkit.PerMaterialTest" name="testDurability[259: DRAGON_WALL_HEAD]" time="0"/>
  <testcase classname="org.bukkit.PerMaterialTest" name="testBlockHardness[259: DRAGON_WALL_HEAD]" time="0"/>
  <testcase classname="org.bukkit.PerMaterialTest" name="maxStackSize[259: DRAGON_WALL_HEAD]" time="0"/>
  <testcase classname="org.bukkit.PerMaterialTest" name="isTransparent[259: DRAGON_WALL_HEAD]" time="0"/>
  <testcase classname="org.bukkit.PerMaterialTest" name="testBlockDataCreation[259: DRAGON_WALL_HEAD]" time="0"/>
  <testcase classname="org.bukkit.PerMaterialTest" name="isBlock[259: DRAGON_WALL_HEAD]" time="0"/>
  <testcase classname="org.bukkit.PerMaterialTest" name="isSolid[259: DRAGON_WALL_HEAD]" time="0"/>
  <testcase classname="org.bukkit.PerMaterialTest" name="hasGravity[260: DRIED_KELP]" time="0"/>
  <testcase classname="org.bukkit.PerMaterialTest" name="isBurnable[260: DRIED_KELP]" time="0"/>
  <testcase classname="org.bukkit.PerMaterialTest" name="testInteractable[260: DRIED_KELP]" time="0.001"/>
  <testcase classname="org.bukkit.PerMaterialTest" name="testBlock[260: DRIED_KELP]" time="0"/>
  <testcase classname="org.bukkit.PerMaterialTest" name="isFuel[260: DRIED_KELP]" time="0"/>
  <testcase classname="org.bukkit.PerMaterialTest" name="testItem[260: DRIED_KELP]" time="0"/>
  <testcase classname="org.bukkit.PerMaterialTest" name="testBlastResistance[260: DRIED_KELP]" time="0"/>
  <testcase classname="org.bukkit.PerMaterialTest" name="isEdible[260: DRIED_KELP]" time="0"/>
  <testcase classname="org.bukkit.PerMaterialTest" name="maxDurability[260: DRIED_KELP]" time="0"/>
  <testcase classname="org.bukkit.PerMaterialTest" name="usesDurability[260: DRIED_KELP]" time="0"/>
  <testcase classname="org.bukkit.PerMaterialTest" name="isOccluding[260: DRIED_KELP]" time="0"/>
  <testcase classname="org.bukkit.PerMaterialTest" name="isRecord[260: DRIED_KELP]" time="0"/>
  <testcase classname="org.bukkit.PerMaterialTest" name="isFlammable[260: DRIED_KELP]" time="0"/>
  <testcase classname="org.bukkit.PerMaterialTest" name="testDurability[260: DRIED_KELP]" time="0"/>
  <testcase classname="org.bukkit.PerMaterialTest" name="testBlockHardness[260: DRIED_KELP]" time="0"/>
  <testcase classname="org.bukkit.PerMaterialTest" name="maxStackSize[260: DRIED_KELP]" time="0"/>
  <testcase classname="org.bukkit.PerMaterialTest" name="isTransparent[260: DRIED_KELP]" time="0"/>
  <testcase classname="org.bukkit.PerMaterialTest" name="testBlockDataCreation[260: DRIED_KELP]" time="0"/>
  <testcase classname="org.bukkit.PerMaterialTest" name="isBlock[260: DRIED_KELP]" time="0"/>
  <testcase classname="org.bukkit.PerMaterialTest" name="isSolid[260: DRIED_KELP]" time="0"/>
  <testcase classname="org.bukkit.PerMaterialTest" name="hasGravity[261: DRIED_KELP_BLOCK]" time="0"/>
  <testcase classname="org.bukkit.PerMaterialTest" name="isBurnable[261: DRIED_KELP_BLOCK]" time="0"/>
  <testcase classname="org.bukkit.PerMaterialTest" name="testInteractable[261: DRIED_KELP_BLOCK]" time="0"/>
  <testcase classname="org.bukkit.PerMaterialTest" name="testBlock[261: DRIED_KELP_BLOCK]" time="0"/>
  <testcase classname="org.bukkit.PerMaterialTest" name="isFuel[261: DRIED_KELP_BLOCK]" time="0.001"/>
  <testcase classname="org.bukkit.PerMaterialTest" name="testItem[261: DRIED_KELP_BLOCK]" time="0"/>
  <testcase classname="org.bukkit.PerMaterialTest" name="testBlastResistance[261: DRIED_KELP_BLOCK]" time="0"/>
  <testcase classname="org.bukkit.PerMaterialTest" name="isEdible[261: DRIED_KELP_BLOCK]" time="0"/>
  <testcase classname="org.bukkit.PerMaterialTest" name="maxDurability[261: DRIED_KELP_BLOCK]" time="0"/>
  <testcase classname="org.bukkit.PerMaterialTest" name="usesDurability[261: DRIED_KELP_BLOCK]" time="0"/>
  <testcase classname="org.bukkit.PerMaterialTest" name="isOccluding[261: DRIED_KELP_BLOCK]" time="0"/>
  <testcase classname="org.bukkit.PerMaterialTest" name="isRecord[261: DRIED_KELP_BLOCK]" time="0"/>
  <testcase classname="org.bukkit.PerMaterialTest" name="isFlammable[261: DRIED_KELP_BLOCK]" time="0"/>
  <testcase classname="org.bukkit.PerMaterialTest" name="testDurability[261: DRIED_KELP_BLOCK]" time="0"/>
  <testcase classname="org.bukkit.PerMaterialTest" name="testBlockHardness[261: DRIED_KELP_BLOCK]" time="0"/>
  <testcase classname="org.bukkit.PerMaterialTest" name="maxStackSize[261: DRIED_KELP_BLOCK]" time="0"/>
  <testcase classname="org.bukkit.PerMaterialTest" name="isTransparent[261: DRIED_KELP_BLOCK]" time="0"/>
  <testcase classname="org.bukkit.PerMaterialTest" name="testBlockDataCreation[261: DRIED_KELP_BLOCK]" time="0.001"/>
  <testcase classname="org.bukkit.PerMaterialTest" name="isBlock[261: DRIED_KELP_BLOCK]" time="0"/>
  <testcase classname="org.bukkit.PerMaterialTest" name="isSolid[261: DRIED_KELP_BLOCK]" time="0"/>
  <testcase classname="org.bukkit.PerMaterialTest" name="hasGravity[262: DROPPER]" time="0"/>
  <testcase classname="org.bukkit.PerMaterialTest" name="isBurnable[262: DROPPER]" time="0"/>
  <testcase classname="org.bukkit.PerMaterialTest" name="testInteractable[262: DROPPER]" time="0"/>
  <testcase classname="org.bukkit.PerMaterialTest" name="testBlock[262: DROPPER]" time="0"/>
  <testcase classname="org.bukkit.PerMaterialTest" name="isFuel[262: DROPPER]" time="0.001"/>
  <testcase classname="org.bukkit.PerMaterialTest" name="testItem[262: DROPPER]" time="0"/>
  <testcase classname="org.bukkit.PerMaterialTest" name="testBlastResistance[262: DROPPER]" time="0"/>
  <testcase classname="org.bukkit.PerMaterialTest" name="isEdible[262: DROPPER]" time="0"/>
  <testcase classname="org.bukkit.PerMaterialTest" name="maxDurability[262: DROPPER]" time="0"/>
  <testcase classname="org.bukkit.PerMaterialTest" name="usesDurability[262: DROPPER]" time="0"/>
  <testcase classname="org.bukkit.PerMaterialTest" name="isOccluding[262: DROPPER]" time="0.001"/>
  <testcase classname="org.bukkit.PerMaterialTest" name="isRecord[262: DROPPER]" time="0"/>
  <testcase classname="org.bukkit.PerMaterialTest" name="isFlammable[262: DROPPER]" time="0"/>
  <testcase classname="org.bukkit.PerMaterialTest" name="testDurability[262: DROPPER]" time="0"/>
  <testcase classname="org.bukkit.PerMaterialTest" name="testBlockHardness[262: DROPPER]" time="0"/>
  <testcase classname="org.bukkit.PerMaterialTest" name="maxStackSize[262: DROPPER]" time="0"/>
  <testcase classname="org.bukkit.PerMaterialTest" name="isTransparent[262: DROPPER]" time="0"/>
  <testcase classname="org.bukkit.PerMaterialTest" name="testBlockDataCreation[262: DROPPER]" time="0"/>
  <testcase classname="org.bukkit.PerMaterialTest" name="isBlock[262: DROPPER]" time="0"/>
  <testcase classname="org.bukkit.PerMaterialTest" name="isSolid[262: DROPPER]" time="0"/>
  <testcase classname="org.bukkit.PerMaterialTest" name="hasGravity[263: DROWNED_SPAWN_EGG]" time="0"/>
  <testcase classname="org.bukkit.PerMaterialTest" name="isBurnable[263: DROWNED_SPAWN_EGG]" time="0"/>
  <testcase classname="org.bukkit.PerMaterialTest" name="testInteractable[263: DROWNED_SPAWN_EGG]" time="0"/>
  <testcase classname="org.bukkit.PerMaterialTest" name="testBlock[263: DROWNED_SPAWN_EGG]" time="0"/>
  <testcase classname="org.bukkit.PerMaterialTest" name="isFuel[263: DROWNED_SPAWN_EGG]" time="0.001"/>
  <testcase classname="org.bukkit.PerMaterialTest" name="testItem[263: DROWNED_SPAWN_EGG]" time="0"/>
  <testcase classname="org.bukkit.PerMaterialTest" name="testBlastResistance[263: DROWNED_SPAWN_EGG]" time="0"/>
  <testcase classname="org.bukkit.PerMaterialTest" name="isEdible[263: DROWNED_SPAWN_EGG]" time="0"/>
  <testcase classname="org.bukkit.PerMaterialTest" name="maxDurability[263: DROWNED_SPAWN_EGG]" time="0"/>
  <testcase classname="org.bukkit.PerMaterialTest" name="usesDurability[263: DROWNED_SPAWN_EGG]" time="0"/>
  <testcase classname="org.bukkit.PerMaterialTest" name="isOccluding[263: DROWNED_SPAWN_EGG]" time="0"/>
  <testcase classname="org.bukkit.PerMaterialTest" name="isRecord[263: DROWNED_SPAWN_EGG]" time="0"/>
  <testcase classname="org.bukkit.PerMaterialTest" name="isFlammable[263: DROWNED_SPAWN_EGG]" time="0.001"/>
  <testcase classname="org.bukkit.PerMaterialTest" name="testDurability[263: DROWNED_SPAWN_EGG]" time="0"/>
  <testcase classname="org.bukkit.PerMaterialTest" name="testBlockHardness[263: DROWNED_SPAWN_EGG]" time="0"/>
  <testcase classname="org.bukkit.PerMaterialTest" name="maxStackSize[263: DROWNED_SPAWN_EGG]" time="0"/>
  <testcase classname="org.bukkit.PerMaterialTest" name="isTransparent[263: DROWNED_SPAWN_EGG]" time="0"/>
  <testcase classname="org.bukkit.PerMaterialTest" name="testBlockDataCreation[263: DROWNED_SPAWN_EGG]" time="0"/>
  <testcase classname="org.bukkit.PerMaterialTest" name="isBlock[263: DROWNED_SPAWN_EGG]" time="0"/>
  <testcase classname="org.bukkit.PerMaterialTest" name="isSolid[263: DROWNED_SPAWN_EGG]" time="0"/>
  <testcase classname="org.bukkit.PerMaterialTest" name="hasGravity[264: EGG]" time="0"/>
  <testcase classname="org.bukkit.PerMaterialTest" name="isBurnable[264: EGG]" time="0"/>
  <testcase classname="org.bukkit.PerMaterialTest" name="testInteractable[264: EGG]" time="0"/>
  <testcase classname="org.bukkit.PerMaterialTest" name="testBlock[264: EGG]" time="0"/>
  <testcase classname="org.bukkit.PerMaterialTest" name="isFuel[264: EGG]" time="0"/>
  <testcase classname="org.bukkit.PerMaterialTest" name="testItem[264: EGG]" time="0"/>
  <testcase classname="org.bukkit.PerMaterialTest" name="testBlastResistance[264: EGG]" time="0"/>
  <testcase classname="org.bukkit.PerMaterialTest" name="isEdible[264: EGG]" time="0"/>
  <testcase classname="org.bukkit.PerMaterialTest" name="maxDurability[264: EGG]" time="0"/>
  <testcase classname="org.bukkit.PerMaterialTest" name="usesDurability[264: EGG]" time="0"/>
  <testcase classname="org.bukkit.PerMaterialTest" name="isOccluding[264: EGG]" time="0"/>
  <testcase classname="org.bukkit.PerMaterialTest" name="isRecord[264: EGG]" time="0"/>
  <testcase classname="org.bukkit.PerMaterialTest" name="isFlammable[264: EGG]" time="0"/>
  <testcase classname="org.bukkit.PerMaterialTest" name="testDurability[264: EGG]" time="0"/>
  <testcase classname="org.bukkit.PerMaterialTest" name="testBlockHardness[264: EGG]" time="0"/>
  <testcase classname="org.bukkit.PerMaterialTest" name="maxStackSize[264: EGG]" time="0.001"/>
  <testcase classname="org.bukkit.PerMaterialTest" name="isTransparent[264: EGG]" time="0"/>
  <testcase classname="org.bukkit.PerMaterialTest" name="testBlockDataCreation[264: EGG]" time="0"/>
  <testcase classname="org.bukkit.PerMaterialTest" name="isBlock[264: EGG]" time="0"/>
  <testcase classname="org.bukkit.PerMaterialTest" name="isSolid[264: EGG]" time="0"/>
  <testcase classname="org.bukkit.PerMaterialTest" name="hasGravity[265: ELDER_GUARDIAN_SPAWN_EGG]" time="0"/>
  <testcase classname="org.bukkit.PerMaterialTest" name="isBurnable[265: ELDER_GUARDIAN_SPAWN_EGG]" time="0"/>
  <testcase classname="org.bukkit.PerMaterialTest" name="testInteractable[265: ELDER_GUARDIAN_SPAWN_EGG]" time="0"/>
  <testcase classname="org.bukkit.PerMaterialTest" name="testBlock[265: ELDER_GUARDIAN_SPAWN_EGG]" time="0"/>
  <testcase classname="org.bukkit.PerMaterialTest" name="isFuel[265: ELDER_GUARDIAN_SPAWN_EGG]" time="0"/>
  <testcase classname="org.bukkit.PerMaterialTest" name="testItem[265: ELDER_GUARDIAN_SPAWN_EGG]" time="0"/>
  <testcase classname="org.bukkit.PerMaterialTest" name="testBlastResistance[265: ELDER_GUARDIAN_SPAWN_EGG]" time="0"/>
  <testcase classname="org.bukkit.PerMaterialTest" name="isEdible[265: ELDER_GUARDIAN_SPAWN_EGG]" time="0"/>
  <testcase classname="org.bukkit.PerMaterialTest" name="maxDurability[265: ELDER_GUARDIAN_SPAWN_EGG]" time="0"/>
  <testcase classname="org.bukkit.PerMaterialTest" name="usesDurability[265: ELDER_GUARDIAN_SPAWN_EGG]" time="0.001"/>
  <testcase classname="org.bukkit.PerMaterialTest" name="isOccluding[265: ELDER_GUARDIAN_SPAWN_EGG]" time="0"/>
  <testcase classname="org.bukkit.PerMaterialTest" name="isRecord[265: ELDER_GUARDIAN_SPAWN_EGG]" time="0"/>
  <testcase classname="org.bukkit.PerMaterialTest" name="isFlammable[265: ELDER_GUARDIAN_SPAWN_EGG]" time="0"/>
  <testcase classname="org.bukkit.PerMaterialTest" name="testDurability[265: ELDER_GUARDIAN_SPAWN_EGG]" time="0"/>
  <testcase classname="org.bukkit.PerMaterialTest" name="testBlockHardness[265: ELDER_GUARDIAN_SPAWN_EGG]" time="0"/>
  <testcase classname="org.bukkit.PerMaterialTest" name="maxStackSize[265: ELDER_GUARDIAN_SPAWN_EGG]" time="0"/>
  <testcase classname="org.bukkit.PerMaterialTest" name="isTransparent[265: ELDER_GUARDIAN_SPAWN_EGG]" time="0.001"/>
  <testcase classname="org.bukkit.PerMaterialTest" name="testBlockDataCreation[265: ELDER_GUARDIAN_SPAWN_EGG]" time="0"/>
  <testcase classname="org.bukkit.PerMaterialTest" name="isBlock[265: ELDER_GUARDIAN_SPAWN_EGG]" time="0"/>
  <testcase classname="org.bukkit.PerMaterialTest" name="isSolid[265: ELDER_GUARDIAN_SPAWN_EGG]" time="0"/>
  <testcase classname="org.bukkit.PerMaterialTest" name="hasGravity[266: ELYTRA]" time="0"/>
  <testcase classname="org.bukkit.PerMaterialTest" name="isBurnable[266: ELYTRA]" time="0"/>
  <testcase classname="org.bukkit.PerMaterialTest" name="testInteractable[266: ELYTRA]" time="0"/>
  <testcase classname="org.bukkit.PerMaterialTest" name="testBlock[266: ELYTRA]" time="0"/>
  <testcase classname="org.bukkit.PerMaterialTest" name="isFuel[266: ELYTRA]" time="0.001"/>
  <testcase classname="org.bukkit.PerMaterialTest" name="testItem[266: ELYTRA]" time="0"/>
  <testcase classname="org.bukkit.PerMaterialTest" name="testBlastResistance[266: ELYTRA]" time="0"/>
  <testcase classname="org.bukkit.PerMaterialTest" name="isEdible[266: ELYTRA]" time="0"/>
  <testcase classname="org.bukkit.PerMaterialTest" name="maxDurability[266: ELYTRA]" time="0"/>
  <testcase classname="org.bukkit.PerMaterialTest" name="usesDurability[266: ELYTRA]" time="0"/>
  <testcase classname="org.bukkit.PerMaterialTest" name="isOccluding[266: ELYTRA]" time="0"/>
  <testcase classname="org.bukkit.PerMaterialTest" name="isRecord[266: ELYTRA]" time="0.001"/>
  <testcase classname="org.bukkit.PerMaterialTest" name="isFlammable[266: ELYTRA]" time="0"/>
  <testcase classname="org.bukkit.PerMaterialTest" name="testDurability[266: ELYTRA]" time="0"/>
  <testcase classname="org.bukkit.PerMaterialTest" name="testBlockHardness[266: ELYTRA]" time="0"/>
  <testcase classname="org.bukkit.PerMaterialTest" name="maxStackSize[266: ELYTRA]" time="0"/>
  <testcase classname="org.bukkit.PerMaterialTest" name="isTransparent[266: ELYTRA]" time="0"/>
  <testcase classname="org.bukkit.PerMaterialTest" name="testBlockDataCreation[266: ELYTRA]" time="0"/>
  <testcase classname="org.bukkit.PerMaterialTest" name="isBlock[266: ELYTRA]" time="0"/>
  <testcase classname="org.bukkit.PerMaterialTest" name="isSolid[266: ELYTRA]" time="0"/>
  <testcase classname="org.bukkit.PerMaterialTest" name="hasGravity[267: EMERALD]" time="0"/>
  <testcase classname="org.bukkit.PerMaterialTest" name="isBurnable[267: EMERALD]" time="0"/>
  <testcase classname="org.bukkit.PerMaterialTest" name="testInteractable[267: EMERALD]" time="0"/>
  <testcase classname="org.bukkit.PerMaterialTest" name="testBlock[267: EMERALD]" time="0"/>
  <testcase classname="org.bukkit.PerMaterialTest" name="isFuel[267: EMERALD]" time="0"/>
  <testcase classname="org.bukkit.PerMaterialTest" name="testItem[267: EMERALD]" time="0"/>
  <testcase classname="org.bukkit.PerMaterialTest" name="testBlastResistance[267: EMERALD]" time="0"/>
  <testcase classname="org.bukkit.PerMaterialTest" name="isEdible[267: EMERALD]" time="0"/>
  <testcase classname="org.bukkit.PerMaterialTest" name="maxDurability[267: EMERALD]" time="0"/>
  <testcase classname="org.bukkit.PerMaterialTest" name="usesDurability[267: EMERALD]" time="0"/>
  <testcase classname="org.bukkit.PerMaterialTest" name="isOccluding[267: EMERALD]" time="0"/>
  <testcase classname="org.bukkit.PerMaterialTest" name="isRecord[267: EMERALD]" time="0"/>
  <testcase classname="org.bukkit.PerMaterialTest" name="isFlammable[267: EMERALD]" time="0"/>
  <testcase classname="org.bukkit.PerMaterialTest" name="testDurability[267: EMERALD]" time="0"/>
  <testcase classname="org.bukkit.PerMaterialTest" name="testBlockHardness[267: EMERALD]" time="0.001"/>
  <testcase classname="org.bukkit.PerMaterialTest" name="maxStackSize[267: EMERALD]" time="0"/>
  <testcase classname="org.bukkit.PerMaterialTest" name="isTransparent[267: EMERALD]" time="0"/>
  <testcase classname="org.bukkit.PerMaterialTest" name="testBlockDataCreation[267: EMERALD]" time="0"/>
  <testcase classname="org.bukkit.PerMaterialTest" name="isBlock[267: EMERALD]" time="0"/>
  <testcase classname="org.bukkit.PerMaterialTest" name="isSolid[267: EMERALD]" time="0"/>
  <testcase classname="org.bukkit.PerMaterialTest" name="hasGravity[268: EMERALD_BLOCK]" time="0"/>
  <testcase classname="org.bukkit.PerMaterialTest" name="isBurnable[268: EMERALD_BLOCK]" time="0"/>
  <testcase classname="org.bukkit.PerMaterialTest" name="testInteractable[268: EMERALD_BLOCK]" time="0"/>
  <testcase classname="org.bukkit.PerMaterialTest" name="testBlock[268: EMERALD_BLOCK]" time="0"/>
  <testcase classname="org.bukkit.PerMaterialTest" name="isFuel[268: EMERALD_BLOCK]" time="0"/>
  <testcase classname="org.bukkit.PerMaterialTest" name="testItem[268: EMERALD_BLOCK]" time="0"/>
  <testcase classname="org.bukkit.PerMaterialTest" name="testBlastResistance[268: EMERALD_BLOCK]" time="0"/>
  <testcase classname="org.bukkit.PerMaterialTest" name="isEdible[268: EMERALD_BLOCK]" time="0"/>
  <testcase classname="org.bukkit.PerMaterialTest" name="maxDurability[268: EMERALD_BLOCK]" time="0"/>
  <testcase classname="org.bukkit.PerMaterialTest" name="usesDurability[268: EMERALD_BLOCK]" time="0"/>
  <testcase classname="org.bukkit.PerMaterialTest" name="isOccluding[268: EMERALD_BLOCK]" time="0"/>
  <testcase classname="org.bukkit.PerMaterialTest" name="isRecord[268: EMERALD_BLOCK]" time="0"/>
  <testcase classname="org.bukkit.PerMaterialTest" name="isFlammable[268: EMERALD_BLOCK]" time="0"/>
  <testcase classname="org.bukkit.PerMaterialTest" name="testDurability[268: EMERALD_BLOCK]" time="0"/>
  <testcase classname="org.bukkit.PerMaterialTest" name="testBlockHardness[268: EMERALD_BLOCK]" time="0"/>
  <testcase classname="org.bukkit.PerMaterialTest" name="maxStackSize[268: EMERALD_BLOCK]" time="0.001"/>
  <testcase classname="org.bukkit.PerMaterialTest" name="isTransparent[268: EMERALD_BLOCK]" time="0"/>
  <testcase classname="org.bukkit.PerMaterialTest" name="testBlockDataCreation[268: EMERALD_BLOCK]" time="0"/>
  <testcase classname="org.bukkit.PerMaterialTest" name="isBlock[268: EMERALD_BLOCK]" time="0"/>
  <testcase classname="org.bukkit.PerMaterialTest" name="isSolid[268: EMERALD_BLOCK]" time="0"/>
  <testcase classname="org.bukkit.PerMaterialTest" name="hasGravity[269: EMERALD_ORE]" time="0"/>
  <testcase classname="org.bukkit.PerMaterialTest" name="isBurnable[269: EMERALD_ORE]" time="0"/>
  <testcase classname="org.bukkit.PerMaterialTest" name="testInteractable[269: EMERALD_ORE]" time="0.001"/>
  <testcase classname="org.bukkit.PerMaterialTest" name="testBlock[269: EMERALD_ORE]" time="0"/>
  <testcase classname="org.bukkit.PerMaterialTest" name="isFuel[269: EMERALD_ORE]" time="0"/>
  <testcase classname="org.bukkit.PerMaterialTest" name="testItem[269: EMERALD_ORE]" time="0"/>
  <testcase classname="org.bukkit.PerMaterialTest" name="testBlastResistance[269: EMERALD_ORE]" time="0"/>
  <testcase classname="org.bukkit.PerMaterialTest" name="isEdible[269: EMERALD_ORE]" time="0"/>
  <testcase classname="org.bukkit.PerMaterialTest" name="maxDurability[269: EMERALD_ORE]" time="0.001"/>
  <testcase classname="org.bukkit.PerMaterialTest" name="usesDurability[269: EMERALD_ORE]" time="0"/>
  <testcase classname="org.bukkit.PerMaterialTest" name="isOccluding[269: EMERALD_ORE]" time="0"/>
  <testcase classname="org.bukkit.PerMaterialTest" name="isRecord[269: EMERALD_ORE]" time="0"/>
  <testcase classname="org.bukkit.PerMaterialTest" name="isFlammable[269: EMERALD_ORE]" time="0"/>
  <testcase classname="org.bukkit.PerMaterialTest" name="testDurability[269: EMERALD_ORE]" time="0"/>
  <testcase classname="org.bukkit.PerMaterialTest" name="testBlockHardness[269: EMERALD_ORE]" time="0"/>
  <testcase classname="org.bukkit.PerMaterialTest" name="maxStackSize[269: EMERALD_ORE]" time="0.001"/>
  <testcase classname="org.bukkit.PerMaterialTest" name="isTransparent[269: EMERALD_ORE]" time="0"/>
  <testcase classname="org.bukkit.PerMaterialTest" name="testBlockDataCreation[269: EMERALD_ORE]" time="0"/>
  <testcase classname="org.bukkit.PerMaterialTest" name="isBlock[269: EMERALD_ORE]" time="0"/>
  <testcase classname="org.bukkit.PerMaterialTest" name="isSolid[269: EMERALD_ORE]" time="0"/>
  <testcase classname="org.bukkit.PerMaterialTest" name="hasGravity[270: ENCHANTED_BOOK]" time="0"/>
  <testcase classname="org.bukkit.PerMaterialTest" name="isBurnable[270: ENCHANTED_BOOK]" time="0"/>
  <testcase classname="org.bukkit.PerMaterialTest" name="testInteractable[270: ENCHANTED_BOOK]" time="0"/>
  <testcase classname="org.bukkit.PerMaterialTest" name="testBlock[270: ENCHANTED_BOOK]" time="0.001"/>
  <testcase classname="org.bukkit.PerMaterialTest" name="isFuel[270: ENCHANTED_BOOK]" time="0"/>
  <testcase classname="org.bukkit.PerMaterialTest" name="testItem[270: ENCHANTED_BOOK]" time="0"/>
  <testcase classname="org.bukkit.PerMaterialTest" name="testBlastResistance[270: ENCHANTED_BOOK]" time="0"/>
  <testcase classname="org.bukkit.PerMaterialTest" name="isEdible[270: ENCHANTED_BOOK]" time="0"/>
  <testcase classname="org.bukkit.PerMaterialTest" name="maxDurability[270: ENCHANTED_BOOK]" time="0"/>
  <testcase classname="org.bukkit.PerMaterialTest" name="usesDurability[270: ENCHANTED_BOOK]" time="0"/>
  <testcase classname="org.bukkit.PerMaterialTest" name="isOccluding[270: ENCHANTED_BOOK]" time="0"/>
  <testcase classname="org.bukkit.PerMaterialTest" name="isRecord[270: ENCHANTED_BOOK]" time="0"/>
  <testcase classname="org.bukkit.PerMaterialTest" name="isFlammable[270: ENCHANTED_BOOK]" time="0"/>
  <testcase classname="org.bukkit.PerMaterialTest" name="testDurability[270: ENCHANTED_BOOK]" time="0"/>
  <testcase classname="org.bukkit.PerMaterialTest" name="testBlockHardness[270: ENCHANTED_BOOK]" time="0"/>
  <testcase classname="org.bukkit.PerMaterialTest" name="maxStackSize[270: ENCHANTED_BOOK]" time="0"/>
  <testcase classname="org.bukkit.PerMaterialTest" name="isTransparent[270: ENCHANTED_BOOK]" time="0"/>
  <testcase classname="org.bukkit.PerMaterialTest" name="testBlockDataCreation[270: ENCHANTED_BOOK]" time="0.001"/>
  <testcase classname="org.bukkit.PerMaterialTest" name="isBlock[270: ENCHANTED_BOOK]" time="0"/>
  <testcase classname="org.bukkit.PerMaterialTest" name="isSolid[270: ENCHANTED_BOOK]" time="0"/>
  <testcase classname="org.bukkit.PerMaterialTest" name="hasGravity[271: ENCHANTED_GOLDEN_APPLE]" time="0"/>
  <testcase classname="org.bukkit.PerMaterialTest" name="isBurnable[271: ENCHANTED_GOLDEN_APPLE]" time="0"/>
  <testcase classname="org.bukkit.PerMaterialTest" name="testInteractable[271: ENCHANTED_GOLDEN_APPLE]" time="0"/>
  <testcase classname="org.bukkit.PerMaterialTest" name="testBlock[271: ENCHANTED_GOLDEN_APPLE]" time="0"/>
  <testcase classname="org.bukkit.PerMaterialTest" name="isFuel[271: ENCHANTED_GOLDEN_APPLE]" time="0.001"/>
  <testcase classname="org.bukkit.PerMaterialTest" name="testItem[271: ENCHANTED_GOLDEN_APPLE]" time="0"/>
  <testcase classname="org.bukkit.PerMaterialTest" name="testBlastResistance[271: ENCHANTED_GOLDEN_APPLE]" time="0"/>
  <testcase classname="org.bukkit.PerMaterialTest" name="isEdible[271: ENCHANTED_GOLDEN_APPLE]" time="0"/>
  <testcase classname="org.bukkit.PerMaterialTest" name="maxDurability[271: ENCHANTED_GOLDEN_APPLE]" time="0"/>
  <testcase classname="org.bukkit.PerMaterialTest" name="usesDurability[271: ENCHANTED_GOLDEN_APPLE]" time="0"/>
  <testcase classname="org.bukkit.PerMaterialTest" name="isOccluding[271: ENCHANTED_GOLDEN_APPLE]" time="0"/>
  <testcase classname="org.bukkit.PerMaterialTest" name="isRecord[271: ENCHANTED_GOLDEN_APPLE]" time="0"/>
  <testcase classname="org.bukkit.PerMaterialTest" name="isFlammable[271: ENCHANTED_GOLDEN_APPLE]" time="0"/>
  <testcase classname="org.bukkit.PerMaterialTest" name="testDurability[271: ENCHANTED_GOLDEN_APPLE]" time="0"/>
  <testcase classname="org.bukkit.PerMaterialTest" name="testBlockHardness[271: ENCHANTED_GOLDEN_APPLE]" time="0"/>
  <testcase classname="org.bukkit.PerMaterialTest" name="maxStackSize[271: ENCHANTED_GOLDEN_APPLE]" time="0"/>
  <testcase classname="org.bukkit.PerMaterialTest" name="isTransparent[271: ENCHANTED_GOLDEN_APPLE]" time="0"/>
  <testcase classname="org.bukkit.PerMaterialTest" name="testBlockDataCreation[271: ENCHANTED_GOLDEN_APPLE]" time="0"/>
  <testcase classname="org.bukkit.PerMaterialTest" name="isBlock[271: ENCHANTED_GOLDEN_APPLE]" time="0"/>
  <testcase classname="org.bukkit.PerMaterialTest" name="isSolid[271: ENCHANTED_GOLDEN_APPLE]" time="0.001"/>
  <testcase classname="org.bukkit.PerMaterialTest" name="hasGravity[272: ENCHANTING_TABLE]" time="0"/>
  <testcase classname="org.bukkit.PerMaterialTest" name="isBurnable[272: ENCHANTING_TABLE]" time="0"/>
  <testcase classname="org.bukkit.PerMaterialTest" name="testInteractable[272: ENCHANTING_TABLE]" time="0"/>
  <testcase classname="org.bukkit.PerMaterialTest" name="testBlock[272: ENCHANTING_TABLE]" time="0"/>
  <testcase classname="org.bukkit.PerMaterialTest" name="isFuel[272: ENCHANTING_TABLE]" time="0.001"/>
  <testcase classname="org.bukkit.PerMaterialTest" name="testItem[272: ENCHANTING_TABLE]" time="0"/>
  <testcase classname="org.bukkit.PerMaterialTest" name="testBlastResistance[272: ENCHANTING_TABLE]" time="0.003"/>
  <testcase classname="org.bukkit.PerMaterialTest" name="isEdible[272: ENCHANTING_TABLE]" time="0"/>
  <testcase classname="org.bukkit.PerMaterialTest" name="maxDurability[272: ENCHANTING_TABLE]" time="0"/>
  <testcase classname="org.bukkit.PerMaterialTest" name="usesDurability[272: ENCHANTING_TABLE]" time="0"/>
  <testcase classname="org.bukkit.PerMaterialTest" name="isOccluding[272: ENCHANTING_TABLE]" time="0"/>
  <testcase classname="org.bukkit.PerMaterialTest" name="isRecord[272: ENCHANTING_TABLE]" time="0"/>
  <testcase classname="org.bukkit.PerMaterialTest" name="isFlammable[272: ENCHANTING_TABLE]" time="0"/>
  <testcase classname="org.bukkit.PerMaterialTest" name="testDurability[272: ENCHANTING_TABLE]" time="0"/>
  <testcase classname="org.bukkit.PerMaterialTest" name="testBlockHardness[272: ENCHANTING_TABLE]" time="0.001"/>
  <testcase classname="org.bukkit.PerMaterialTest" name="maxStackSize[272: ENCHANTING_TABLE]" time="0"/>
  <testcase classname="org.bukkit.PerMaterialTest" name="isTransparent[272: ENCHANTING_TABLE]" time="0"/>
  <testcase classname="org.bukkit.PerMaterialTest" name="testBlockDataCreation[272: ENCHANTING_TABLE]" time="0"/>
  <testcase classname="org.bukkit.PerMaterialTest" name="isBlock[272: ENCHANTING_TABLE]" time="0"/>
  <testcase classname="org.bukkit.PerMaterialTest" name="isSolid[272: ENCHANTING_TABLE]" time="0"/>
  <testcase classname="org.bukkit.PerMaterialTest" name="hasGravity[273: ENDERMAN_SPAWN_EGG]" time="0"/>
  <testcase classname="org.bukkit.PerMaterialTest" name="isBurnable[273: ENDERMAN_SPAWN_EGG]" time="0"/>
  <testcase classname="org.bukkit.PerMaterialTest" name="testInteractable[273: ENDERMAN_SPAWN_EGG]" time="0"/>
  <testcase classname="org.bukkit.PerMaterialTest" name="testBlock[273: ENDERMAN_SPAWN_EGG]" time="0"/>
  <testcase classname="org.bukkit.PerMaterialTest" name="isFuel[273: ENDERMAN_SPAWN_EGG]" time="0"/>
  <testcase classname="org.bukkit.PerMaterialTest" name="testItem[273: ENDERMAN_SPAWN_EGG]" time="0"/>
  <testcase classname="org.bukkit.PerMaterialTest" name="testBlastResistance[273: ENDERMAN_SPAWN_EGG]" time="0"/>
  <testcase classname="org.bukkit.PerMaterialTest" name="isEdible[273: ENDERMAN_SPAWN_EGG]" time="0"/>
  <testcase classname="org.bukkit.PerMaterialTest" name="maxDurability[273: ENDERMAN_SPAWN_EGG]" time="0"/>
  <testcase classname="org.bukkit.PerMaterialTest" name="usesDurability[273: ENDERMAN_SPAWN_EGG]" time="0"/>
  <testcase classname="org.bukkit.PerMaterialTest" name="isOccluding[273: ENDERMAN_SPAWN_EGG]" time="0"/>
  <testcase classname="org.bukkit.PerMaterialTest" name="isRecord[273: ENDERMAN_SPAWN_EGG]" time="0"/>
  <testcase classname="org.bukkit.PerMaterialTest" name="isFlammable[273: ENDERMAN_SPAWN_EGG]" time="0"/>
  <testcase classname="org.bukkit.PerMaterialTest" name="testDurability[273: ENDERMAN_SPAWN_EGG]" time="0"/>
  <testcase classname="org.bukkit.PerMaterialTest" name="testBlockHardness[273: ENDERMAN_SPAWN_EGG]" time="0"/>
  <testcase classname="org.bukkit.PerMaterialTest" name="maxStackSize[273: ENDERMAN_SPAWN_EGG]" time="0"/>
  <testcase classname="org.bukkit.PerMaterialTest" name="isTransparent[273: ENDERMAN_SPAWN_EGG]" time="0"/>
  <testcase classname="org.bukkit.PerMaterialTest" name="testBlockDataCreation[273: ENDERMAN_SPAWN_EGG]" time="0"/>
  <testcase classname="org.bukkit.PerMaterialTest" name="isBlock[273: ENDERMAN_SPAWN_EGG]" time="0"/>
  <testcase classname="org.bukkit.PerMaterialTest" name="isSolid[273: ENDERMAN_SPAWN_EGG]" time="0"/>
  <testcase classname="org.bukkit.PerMaterialTest" name="hasGravity[274: ENDERMITE_SPAWN_EGG]" time="0"/>
  <testcase classname="org.bukkit.PerMaterialTest" name="isBurnable[274: ENDERMITE_SPAWN_EGG]" time="0"/>
  <testcase classname="org.bukkit.PerMaterialTest" name="testInteractable[274: ENDERMITE_SPAWN_EGG]" time="0"/>
  <testcase classname="org.bukkit.PerMaterialTest" name="testBlock[274: ENDERMITE_SPAWN_EGG]" time="0"/>
  <testcase classname="org.bukkit.PerMaterialTest" name="isFuel[274: ENDERMITE_SPAWN_EGG]" time="0"/>
  <testcase classname="org.bukkit.PerMaterialTest" name="testItem[274: ENDERMITE_SPAWN_EGG]" time="0"/>
  <testcase classname="org.bukkit.PerMaterialTest" name="testBlastResistance[274: ENDERMITE_SPAWN_EGG]" time="0"/>
  <testcase classname="org.bukkit.PerMaterialTest" name="isEdible[274: ENDERMITE_SPAWN_EGG]" time="0"/>
  <testcase classname="org.bukkit.PerMaterialTest" name="maxDurability[274: ENDERMITE_SPAWN_EGG]" time="0"/>
  <testcase classname="org.bukkit.PerMaterialTest" name="usesDurability[274: ENDERMITE_SPAWN_EGG]" time="0"/>
  <testcase classname="org.bukkit.PerMaterialTest" name="isOccluding[274: ENDERMITE_SPAWN_EGG]" time="0"/>
  <testcase classname="org.bukkit.PerMaterialTest" name="isRecord[274: ENDERMITE_SPAWN_EGG]" time="0"/>
  <testcase classname="org.bukkit.PerMaterialTest" name="isFlammable[274: ENDERMITE_SPAWN_EGG]" time="0"/>
  <testcase classname="org.bukkit.PerMaterialTest" name="testDurability[274: ENDERMITE_SPAWN_EGG]" time="0"/>
  <testcase classname="org.bukkit.PerMaterialTest" name="testBlockHardness[274: ENDERMITE_SPAWN_EGG]" time="0"/>
  <testcase classname="org.bukkit.PerMaterialTest" name="maxStackSize[274: ENDERMITE_SPAWN_EGG]" time="0"/>
  <testcase classname="org.bukkit.PerMaterialTest" name="isTransparent[274: ENDERMITE_SPAWN_EGG]" time="0"/>
  <testcase classname="org.bukkit.PerMaterialTest" name="testBlockDataCreation[274: ENDERMITE_SPAWN_EGG]" time="0"/>
  <testcase classname="org.bukkit.PerMaterialTest" name="isBlock[274: ENDERMITE_SPAWN_EGG]" time="0"/>
  <testcase classname="org.bukkit.PerMaterialTest" name="isSolid[274: ENDERMITE_SPAWN_EGG]" time="0"/>
  <testcase classname="org.bukkit.PerMaterialTest" name="hasGravity[275: ENDER_CHEST]" time="0"/>
  <testcase classname="org.bukkit.PerMaterialTest" name="isBurnable[275: ENDER_CHEST]" time="0"/>
  <testcase classname="org.bukkit.PerMaterialTest" name="testInteractable[275: ENDER_CHEST]" time="0.001"/>
  <testcase classname="org.bukkit.PerMaterialTest" name="testBlock[275: ENDER_CHEST]" time="0"/>
  <testcase classname="org.bukkit.PerMaterialTest" name="isFuel[275: ENDER_CHEST]" time="0"/>
  <testcase classname="org.bukkit.PerMaterialTest" name="testItem[275: ENDER_CHEST]" time="0"/>
  <testcase classname="org.bukkit.PerMaterialTest" name="testBlastResistance[275: ENDER_CHEST]" time="0"/>
  <testcase classname="org.bukkit.PerMaterialTest" name="isEdible[275: ENDER_CHEST]" time="0"/>
  <testcase classname="org.bukkit.PerMaterialTest" name="maxDurability[275: ENDER_CHEST]" time="0"/>
  <testcase classname="org.bukkit.PerMaterialTest" name="usesDurability[275: ENDER_CHEST]" time="0"/>
  <testcase classname="org.bukkit.PerMaterialTest" name="isOccluding[275: ENDER_CHEST]" time="0"/>
  <testcase classname="org.bukkit.PerMaterialTest" name="isRecord[275: ENDER_CHEST]" time="0"/>
  <testcase classname="org.bukkit.PerMaterialTest" name="isFlammable[275: ENDER_CHEST]" time="0"/>
  <testcase classname="org.bukkit.PerMaterialTest" name="testDurability[275: ENDER_CHEST]" time="0"/>
  <testcase classname="org.bukkit.PerMaterialTest" name="testBlockHardness[275: ENDER_CHEST]" time="0"/>
  <testcase classname="org.bukkit.PerMaterialTest" name="maxStackSize[275: ENDER_CHEST]" time="0"/>
  <testcase classname="org.bukkit.PerMaterialTest" name="isTransparent[275: ENDER_CHEST]" time="0"/>
  <testcase classname="org.bukkit.PerMaterialTest" name="testBlockDataCreation[275: ENDER_CHEST]" time="0"/>
  <testcase classname="org.bukkit.PerMaterialTest" name="isBlock[275: ENDER_CHEST]" time="0"/>
  <testcase classname="org.bukkit.PerMaterialTest" name="isSolid[275: ENDER_CHEST]" time="0"/>
  <testcase classname="org.bukkit.PerMaterialTest" name="hasGravity[276: ENDER_EYE]" time="0"/>
  <testcase classname="org.bukkit.PerMaterialTest" name="isBurnable[276: ENDER_EYE]" time="0"/>
  <testcase classname="org.bukkit.PerMaterialTest" name="testInteractable[276: ENDER_EYE]" time="0"/>
  <testcase classname="org.bukkit.PerMaterialTest" name="testBlock[276: ENDER_EYE]" time="0"/>
  <testcase classname="org.bukkit.PerMaterialTest" name="isFuel[276: ENDER_EYE]" time="0"/>
  <testcase classname="org.bukkit.PerMaterialTest" name="testItem[276: ENDER_EYE]" time="0"/>
  <testcase classname="org.bukkit.PerMaterialTest" name="testBlastResistance[276: ENDER_EYE]" time="0"/>
  <testcase classname="org.bukkit.PerMaterialTest" name="isEdible[276: ENDER_EYE]" time="0.001"/>
  <testcase classname="org.bukkit.PerMaterialTest" name="maxDurability[276: ENDER_EYE]" time="0"/>
  <testcase classname="org.bukkit.PerMaterialTest" name="usesDurability[276: ENDER_EYE]" time="0"/>
  <testcase classname="org.bukkit.PerMaterialTest" name="isOccluding[276: ENDER_EYE]" time="0"/>
  <testcase classname="org.bukkit.PerMaterialTest" name="isRecord[276: ENDER_EYE]" time="0"/>
  <testcase classname="org.bukkit.PerMaterialTest" name="isFlammable[276: ENDER_EYE]" time="0"/>
  <testcase classname="org.bukkit.PerMaterialTest" name="testDurability[276: ENDER_EYE]" time="0"/>
  <testcase classname="org.bukkit.PerMaterialTest" name="testBlockHardness[276: ENDER_EYE]" time="0"/>
  <testcase classname="org.bukkit.PerMaterialTest" name="maxStackSize[276: ENDER_EYE]" time="0.001"/>
  <testcase classname="org.bukkit.PerMaterialTest" name="isTransparent[276: ENDER_EYE]" time="0"/>
  <testcase classname="org.bukkit.PerMaterialTest" name="testBlockDataCreation[276: ENDER_EYE]" time="0"/>
  <testcase classname="org.bukkit.PerMaterialTest" name="isBlock[276: ENDER_EYE]" time="0"/>
  <testcase classname="org.bukkit.PerMaterialTest" name="isSolid[276: ENDER_EYE]" time="0"/>
  <testcase classname="org.bukkit.PerMaterialTest" name="hasGravity[277: ENDER_PEARL]" time="0"/>
  <testcase classname="org.bukkit.PerMaterialTest" name="isBurnable[277: ENDER_PEARL]" time="0"/>
  <testcase classname="org.bukkit.PerMaterialTest" name="testInteractable[277: ENDER_PEARL]" time="0"/>
  <testcase classname="org.bukkit.PerMaterialTest" name="testBlock[277: ENDER_PEARL]" time="0.001"/>
  <testcase classname="org.bukkit.PerMaterialTest" name="isFuel[277: ENDER_PEARL]" time="0"/>
  <testcase classname="org.bukkit.PerMaterialTest" name="testItem[277: ENDER_PEARL]" time="0"/>
  <testcase classname="org.bukkit.PerMaterialTest" name="testBlastResistance[277: ENDER_PEARL]" time="0"/>
  <testcase classname="org.bukkit.PerMaterialTest" name="isEdible[277: ENDER_PEARL]" time="0"/>
  <testcase classname="org.bukkit.PerMaterialTest" name="maxDurability[277: ENDER_PEARL]" time="0"/>
  <testcase classname="org.bukkit.PerMaterialTest" name="usesDurability[277: ENDER_PEARL]" time="0"/>
  <testcase classname="org.bukkit.PerMaterialTest" name="isOccluding[277: ENDER_PEARL]" time="0"/>
  <testcase classname="org.bukkit.PerMaterialTest" name="isRecord[277: ENDER_PEARL]" time="0"/>
  <testcase classname="org.bukkit.PerMaterialTest" name="isFlammable[277: ENDER_PEARL]" time="0"/>
  <testcase classname="org.bukkit.PerMaterialTest" name="testDurability[277: ENDER_PEARL]" time="0"/>
  <testcase classname="org.bukkit.PerMaterialTest" name="testBlockHardness[277: ENDER_PEARL]" time="0"/>
  <testcase classname="org.bukkit.PerMaterialTest" name="maxStackSize[277: ENDER_PEARL]" time="0"/>
  <testcase classname="org.bukkit.PerMaterialTest" name="isTransparent[277: ENDER_PEARL]" time="0"/>
  <testcase classname="org.bukkit.PerMaterialTest" name="testBlockDataCreation[277: ENDER_PEARL]" time="0.001"/>
  <testcase classname="org.bukkit.PerMaterialTest" name="isBlock[277: ENDER_PEARL]" time="0"/>
  <testcase classname="org.bukkit.PerMaterialTest" name="isSolid[277: ENDER_PEARL]" time="0"/>
  <testcase classname="org.bukkit.PerMaterialTest" name="hasGravity[278: END_CRYSTAL]" time="0"/>
  <testcase classname="org.bukkit.PerMaterialTest" name="isBurnable[278: END_CRYSTAL]" time="0"/>
  <testcase classname="org.bukkit.PerMaterialTest" name="testInteractable[278: END_CRYSTAL]" time="0"/>
  <testcase classname="org.bukkit.PerMaterialTest" name="testBlock[278: END_CRYSTAL]" time="0"/>
  <testcase classname="org.bukkit.PerMaterialTest" name="isFuel[278: END_CRYSTAL]" time="0.001"/>
  <testcase classname="org.bukkit.PerMaterialTest" name="testItem[278: END_CRYSTAL]" time="0"/>
  <testcase classname="org.bukkit.PerMaterialTest" name="testBlastResistance[278: END_CRYSTAL]" time="0"/>
  <testcase classname="org.bukkit.PerMaterialTest" name="isEdible[278: END_CRYSTAL]" time="0"/>
  <testcase classname="org.bukkit.PerMaterialTest" name="maxDurability[278: END_CRYSTAL]" time="0"/>
  <testcase classname="org.bukkit.PerMaterialTest" name="usesDurability[278: END_CRYSTAL]" time="0"/>
  <testcase classname="org.bukkit.PerMaterialTest" name="isOccluding[278: END_CRYSTAL]" time="0"/>
  <testcase classname="org.bukkit.PerMaterialTest" name="isRecord[278: END_CRYSTAL]" time="0"/>
  <testcase classname="org.bukkit.PerMaterialTest" name="isFlammable[278: END_CRYSTAL]" time="0.001"/>
  <testcase classname="org.bukkit.PerMaterialTest" name="testDurability[278: END_CRYSTAL]" time="0"/>
  <testcase classname="org.bukkit.PerMaterialTest" name="testBlockHardness[278: END_CRYSTAL]" time="0"/>
  <testcase classname="org.bukkit.PerMaterialTest" name="maxStackSize[278: END_CRYSTAL]" time="0"/>
  <testcase classname="org.bukkit.PerMaterialTest" name="isTransparent[278: END_CRYSTAL]" time="0"/>
  <testcase classname="org.bukkit.PerMaterialTest" name="testBlockDataCreation[278: END_CRYSTAL]" time="0"/>
  <testcase classname="org.bukkit.PerMaterialTest" name="isBlock[278: END_CRYSTAL]" time="0"/>
  <testcase classname="org.bukkit.PerMaterialTest" name="isSolid[278: END_CRYSTAL]" time="0"/>
  <testcase classname="org.bukkit.PerMaterialTest" name="hasGravity[279: END_GATEWAY]" time="0"/>
  <testcase classname="org.bukkit.PerMaterialTest" name="isBurnable[279: END_GATEWAY]" time="0"/>
  <testcase classname="org.bukkit.PerMaterialTest" name="testInteractable[279: END_GATEWAY]" time="0"/>
  <testcase classname="org.bukkit.PerMaterialTest" name="testBlock[279: END_GATEWAY]" time="0"/>
  <testcase classname="org.bukkit.PerMaterialTest" name="isFuel[279: END_GATEWAY]" time="0"/>
  <testcase classname="org.bukkit.PerMaterialTest" name="testItem[279: END_GATEWAY]" time="0"/>
  <testcase classname="org.bukkit.PerMaterialTest" name="testBlastResistance[279: END_GATEWAY]" time="0"/>
  <testcase classname="org.bukkit.PerMaterialTest" name="isEdible[279: END_GATEWAY]" time="0"/>
  <testcase classname="org.bukkit.PerMaterialTest" name="maxDurability[279: END_GATEWAY]" time="0"/>
  <testcase classname="org.bukkit.PerMaterialTest" name="usesDurability[279: END_GATEWAY]" time="0"/>
  <testcase classname="org.bukkit.PerMaterialTest" name="isOccluding[279: END_GATEWAY]" time="0"/>
  <testcase classname="org.bukkit.PerMaterialTest" name="isRecord[279: END_GATEWAY]" time="0"/>
  <testcase classname="org.bukkit.PerMaterialTest" name="isFlammable[279: END_GATEWAY]" time="0"/>
  <testcase classname="org.bukkit.PerMaterialTest" name="testDurability[279: END_GATEWAY]" time="0"/>
  <testcase classname="org.bukkit.PerMaterialTest" name="testBlockHardness[279: END_GATEWAY]" time="0"/>
  <testcase classname="org.bukkit.PerMaterialTest" name="maxStackSize[279: END_GATEWAY]" time="0"/>
  <testcase classname="org.bukkit.PerMaterialTest" name="isTransparent[279: END_GATEWAY]" time="0"/>
  <testcase classname="org.bukkit.PerMaterialTest" name="testBlockDataCreation[279: END_GATEWAY]" time="0"/>
  <testcase classname="org.bukkit.PerMaterialTest" name="isBlock[279: END_GATEWAY]" time="0"/>
  <testcase classname="org.bukkit.PerMaterialTest" name="isSolid[279: END_GATEWAY]" time="0"/>
  <testcase classname="org.bukkit.PerMaterialTest" name="hasGravity[280: END_PORTAL]" time="0"/>
  <testcase classname="org.bukkit.PerMaterialTest" name="isBurnable[280: END_PORTAL]" time="0"/>
  <testcase classname="org.bukkit.PerMaterialTest" name="testInteractable[280: END_PORTAL]" time="0"/>
  <testcase classname="org.bukkit.PerMaterialTest" name="testBlock[280: END_PORTAL]" time="0"/>
  <testcase classname="org.bukkit.PerMaterialTest" name="isFuel[280: END_PORTAL]" time="0.001"/>
  <testcase classname="org.bukkit.PerMaterialTest" name="testItem[280: END_PORTAL]" time="0"/>
  <testcase classname="org.bukkit.PerMaterialTest" name="testBlastResistance[280: END_PORTAL]" time="0"/>
  <testcase classname="org.bukkit.PerMaterialTest" name="isEdible[280: END_PORTAL]" time="0"/>
  <testcase classname="org.bukkit.PerMaterialTest" name="maxDurability[280: END_PORTAL]" time="0"/>
  <testcase classname="org.bukkit.PerMaterialTest" name="usesDurability[280: END_PORTAL]" time="0"/>
  <testcase classname="org.bukkit.PerMaterialTest" name="isOccluding[280: END_PORTAL]" time="0"/>
  <testcase classname="org.bukkit.PerMaterialTest" name="isRecord[280: END_PORTAL]" time="0"/>
  <testcase classname="org.bukkit.PerMaterialTest" name="isFlammable[280: END_PORTAL]" time="0.001"/>
  <testcase classname="org.bukkit.PerMaterialTest" name="testDurability[280: END_PORTAL]" time="0"/>
  <testcase classname="org.bukkit.PerMaterialTest" name="testBlockHardness[280: END_PORTAL]" time="0"/>
  <testcase classname="org.bukkit.PerMaterialTest" name="maxStackSize[280: END_PORTAL]" time="0"/>
  <testcase classname="org.bukkit.PerMaterialTest" name="isTransparent[280: END_PORTAL]" time="0"/>
  <testcase classname="org.bukkit.PerMaterialTest" name="testBlockDataCreation[280: END_PORTAL]" time="0"/>
  <testcase classname="org.bukkit.PerMaterialTest" name="isBlock[280: END_PORTAL]" time="0"/>
  <testcase classname="org.bukkit.PerMaterialTest" name="isSolid[280: END_PORTAL]" time="0"/>
  <testcase classname="org.bukkit.PerMaterialTest" name="hasGravity[281: END_PORTAL_FRAME]" time="0"/>
  <testcase classname="org.bukkit.PerMaterialTest" name="isBurnable[281: END_PORTAL_FRAME]" time="0"/>
  <testcase classname="org.bukkit.PerMaterialTest" name="testInteractable[281: END_PORTAL_FRAME]" time="0"/>
  <testcase classname="org.bukkit.PerMaterialTest" name="testBlock[281: END_PORTAL_FRAME]" time="0"/>
  <testcase classname="org.bukkit.PerMaterialTest" name="isFuel[281: END_PORTAL_FRAME]" time="0"/>
  <testcase classname="org.bukkit.PerMaterialTest" name="testItem[281: END_PORTAL_FRAME]" time="0"/>
  <testcase classname="org.bukkit.PerMaterialTest" name="testBlastResistance[281: END_PORTAL_FRAME]" time="0"/>
  <testcase classname="org.bukkit.PerMaterialTest" name="isEdible[281: END_PORTAL_FRAME]" time="0"/>
  <testcase classname="org.bukkit.PerMaterialTest" name="maxDurability[281: END_PORTAL_FRAME]" time="0"/>
  <testcase classname="org.bukkit.PerMaterialTest" name="usesDurability[281: END_PORTAL_FRAME]" time="0"/>
  <testcase classname="org.bukkit.PerMaterialTest" name="isOccluding[281: END_PORTAL_FRAME]" time="0"/>
  <testcase classname="org.bukkit.PerMaterialTest" name="isRecord[281: END_PORTAL_FRAME]" time="0"/>
  <testcase classname="org.bukkit.PerMaterialTest" name="isFlammable[281: END_PORTAL_FRAME]" time="0"/>
  <testcase classname="org.bukkit.PerMaterialTest" name="testDurability[281: END_PORTAL_FRAME]" time="0"/>
  <testcase classname="org.bukkit.PerMaterialTest" name="testBlockHardness[281: END_PORTAL_FRAME]" time="0"/>
  <testcase classname="org.bukkit.PerMaterialTest" name="maxStackSize[281: END_PORTAL_FRAME]" time="0"/>
  <testcase classname="org.bukkit.PerMaterialTest" name="isTransparent[281: END_PORTAL_FRAME]" time="0"/>
  <testcase classname="org.bukkit.PerMaterialTest" name="testBlockDataCreation[281: END_PORTAL_FRAME]" time="0"/>
  <testcase classname="org.bukkit.PerMaterialTest" name="isBlock[281: END_PORTAL_FRAME]" time="0"/>
  <testcase classname="org.bukkit.PerMaterialTest" name="isSolid[281: END_PORTAL_FRAME]" time="0"/>
  <testcase classname="org.bukkit.PerMaterialTest" name="hasGravity[282: END_ROD]" time="0"/>
  <testcase classname="org.bukkit.PerMaterialTest" name="isBurnable[282: END_ROD]" time="0"/>
  <testcase classname="org.bukkit.PerMaterialTest" name="testInteractable[282: END_ROD]" time="0"/>
  <testcase classname="org.bukkit.PerMaterialTest" name="testBlock[282: END_ROD]" time="0"/>
  <testcase classname="org.bukkit.PerMaterialTest" name="isFuel[282: END_ROD]" time="0"/>
  <testcase classname="org.bukkit.PerMaterialTest" name="testItem[282: END_ROD]" time="0"/>
  <testcase classname="org.bukkit.PerMaterialTest" name="testBlastResistance[282: END_ROD]" time="0"/>
  <testcase classname="org.bukkit.PerMaterialTest" name="isEdible[282: END_ROD]" time="0"/>
  <testcase classname="org.bukkit.PerMaterialTest" name="maxDurability[282: END_ROD]" time="0"/>
  <testcase classname="org.bukkit.PerMaterialTest" name="usesDurability[282: END_ROD]" time="0"/>
  <testcase classname="org.bukkit.PerMaterialTest" name="isOccluding[282: END_ROD]" time="0"/>
  <testcase classname="org.bukkit.PerMaterialTest" name="isRecord[282: END_ROD]" time="0"/>
  <testcase classname="org.bukkit.PerMaterialTest" name="isFlammable[282: END_ROD]" time="0"/>
  <testcase classname="org.bukkit.PerMaterialTest" name="testDurability[282: END_ROD]" time="0"/>
  <testcase classname="org.bukkit.PerMaterialTest" name="testBlockHardness[282: END_ROD]" time="0"/>
  <testcase classname="org.bukkit.PerMaterialTest" name="maxStackSize[282: END_ROD]" time="0"/>
  <testcase classname="org.bukkit.PerMaterialTest" name="isTransparent[282: END_ROD]" time="0"/>
  <testcase classname="org.bukkit.PerMaterialTest" name="testBlockDataCreation[282: END_ROD]" time="0.003"/>
  <testcase classname="org.bukkit.PerMaterialTest" name="isBlock[282: END_ROD]" time="0"/>
  <testcase classname="org.bukkit.PerMaterialTest" name="isSolid[282: END_ROD]" time="0"/>
  <testcase classname="org.bukkit.PerMaterialTest" name="hasGravity[283: END_STONE]" time="0.001"/>
  <testcase classname="org.bukkit.PerMaterialTest" name="isBurnable[283: END_STONE]" time="0"/>
  <testcase classname="org.bukkit.PerMaterialTest" name="testInteractable[283: END_STONE]" time="0"/>
  <testcase classname="org.bukkit.PerMaterialTest" name="testBlock[283: END_STONE]" time="0"/>
  <testcase classname="org.bukkit.PerMaterialTest" name="isFuel[283: END_STONE]" time="0"/>
  <testcase classname="org.bukkit.PerMaterialTest" name="testItem[283: END_STONE]" time="0"/>
  <testcase classname="org.bukkit.PerMaterialTest" name="testBlastResistance[283: END_STONE]" time="0"/>
  <testcase classname="org.bukkit.PerMaterialTest" name="isEdible[283: END_STONE]" time="0"/>
  <testcase classname="org.bukkit.PerMaterialTest" name="maxDurability[283: END_STONE]" time="0"/>
  <testcase classname="org.bukkit.PerMaterialTest" name="usesDurability[283: END_STONE]" time="0"/>
  <testcase classname="org.bukkit.PerMaterialTest" name="isOccluding[283: END_STONE]" time="0"/>
  <testcase classname="org.bukkit.PerMaterialTest" name="isRecord[283: END_STONE]" time="0"/>
  <testcase classname="org.bukkit.PerMaterialTest" name="isFlammable[283: END_STONE]" time="0"/>
  <testcase classname="org.bukkit.PerMaterialTest" name="testDurability[283: END_STONE]" time="0"/>
  <testcase classname="org.bukkit.PerMaterialTest" name="testBlockHardness[283: END_STONE]" time="0"/>
  <testcase classname="org.bukkit.PerMaterialTest" name="maxStackSize[283: END_STONE]" time="0"/>
  <testcase classname="org.bukkit.PerMaterialTest" name="isTransparent[283: END_STONE]" time="0"/>
  <testcase classname="org.bukkit.PerMaterialTest" name="testBlockDataCreation[283: END_STONE]" time="0"/>
  <testcase classname="org.bukkit.PerMaterialTest" name="isBlock[283: END_STONE]" time="0"/>
  <testcase classname="org.bukkit.PerMaterialTest" name="isSolid[283: END_STONE]" time="0"/>
  <testcase classname="org.bukkit.PerMaterialTest" name="hasGravity[284: END_STONE_BRICKS]" time="0"/>
  <testcase classname="org.bukkit.PerMaterialTest" name="isBurnable[284: END_STONE_BRICKS]" time="0"/>
  <testcase classname="org.bukkit.PerMaterialTest" name="testInteractable[284: END_STONE_BRICKS]" time="0"/>
  <testcase classname="org.bukkit.PerMaterialTest" name="testBlock[284: END_STONE_BRICKS]" time="0"/>
  <testcase classname="org.bukkit.PerMaterialTest" name="isFuel[284: END_STONE_BRICKS]" time="0"/>
  <testcase classname="org.bukkit.PerMaterialTest" name="testItem[284: END_STONE_BRICKS]" time="0"/>
  <testcase classname="org.bukkit.PerMaterialTest" name="testBlastResistance[284: END_STONE_BRICKS]" time="0"/>
  <testcase classname="org.bukkit.PerMaterialTest" name="isEdible[284: END_STONE_BRICKS]" time="0"/>
  <testcase classname="org.bukkit.PerMaterialTest" name="maxDurability[284: END_STONE_BRICKS]" time="0"/>
  <testcase classname="org.bukkit.PerMaterialTest" name="usesDurability[284: END_STONE_BRICKS]" time="0.001"/>
  <testcase classname="org.bukkit.PerMaterialTest" name="isOccluding[284: END_STONE_BRICKS]" time="0"/>
  <testcase classname="org.bukkit.PerMaterialTest" name="isRecord[284: END_STONE_BRICKS]" time="0"/>
  <testcase classname="org.bukkit.PerMaterialTest" name="isFlammable[284: END_STONE_BRICKS]" time="0"/>
  <testcase classname="org.bukkit.PerMaterialTest" name="testDurability[284: END_STONE_BRICKS]" time="0"/>
  <testcase classname="org.bukkit.PerMaterialTest" name="testBlockHardness[284: END_STONE_BRICKS]" time="0"/>
  <testcase classname="org.bukkit.PerMaterialTest" name="maxStackSize[284: END_STONE_BRICKS]" time="0"/>
  <testcase classname="org.bukkit.PerMaterialTest" name="isTransparent[284: END_STONE_BRICKS]" time="0"/>
  <testcase classname="org.bukkit.PerMaterialTest" name="testBlockDataCreation[284: END_STONE_BRICKS]" time="0"/>
  <testcase classname="org.bukkit.PerMaterialTest" name="isBlock[284: END_STONE_BRICKS]" time="0"/>
  <testcase classname="org.bukkit.PerMaterialTest" name="isSolid[284: END_STONE_BRICKS]" time="0.001"/>
  <testcase classname="org.bukkit.PerMaterialTest" name="hasGravity[285: EVOKER_SPAWN_EGG]" time="0"/>
  <testcase classname="org.bukkit.PerMaterialTest" name="isBurnable[285: EVOKER_SPAWN_EGG]" time="0"/>
  <testcase classname="org.bukkit.PerMaterialTest" name="testInteractable[285: EVOKER_SPAWN_EGG]" time="0"/>
  <testcase classname="org.bukkit.PerMaterialTest" name="testBlock[285: EVOKER_SPAWN_EGG]" time="0"/>
  <testcase classname="org.bukkit.PerMaterialTest" name="isFuel[285: EVOKER_SPAWN_EGG]" time="0"/>
  <testcase classname="org.bukkit.PerMaterialTest" name="testItem[285: EVOKER_SPAWN_EGG]" time="0"/>
  <testcase classname="org.bukkit.PerMaterialTest" name="testBlastResistance[285: EVOKER_SPAWN_EGG]" time="0"/>
  <testcase classname="org.bukkit.PerMaterialTest" name="isEdible[285: EVOKER_SPAWN_EGG]" time="0"/>
  <testcase classname="org.bukkit.PerMaterialTest" name="maxDurability[285: EVOKER_SPAWN_EGG]" time="0"/>
  <testcase classname="org.bukkit.PerMaterialTest" name="usesDurability[285: EVOKER_SPAWN_EGG]" time="0"/>
  <testcase classname="org.bukkit.PerMaterialTest" name="isOccluding[285: EVOKER_SPAWN_EGG]" time="0"/>
  <testcase classname="org.bukkit.PerMaterialTest" name="isRecord[285: EVOKER_SPAWN_EGG]" time="0"/>
  <testcase classname="org.bukkit.PerMaterialTest" name="isFlammable[285: EVOKER_SPAWN_EGG]" time="0"/>
  <testcase classname="org.bukkit.PerMaterialTest" name="testDurability[285: EVOKER_SPAWN_EGG]" time="0"/>
  <testcase classname="org.bukkit.PerMaterialTest" name="testBlockHardness[285: EVOKER_SPAWN_EGG]" time="0"/>
  <testcase classname="org.bukkit.PerMaterialTest" name="maxStackSize[285: EVOKER_SPAWN_EGG]" time="0"/>
  <testcase classname="org.bukkit.PerMaterialTest" name="isTransparent[285: EVOKER_SPAWN_EGG]" time="0"/>
  <testcase classname="org.bukkit.PerMaterialTest" name="testBlockDataCreation[285: EVOKER_SPAWN_EGG]" time="0"/>
  <testcase classname="org.bukkit.PerMaterialTest" name="isBlock[285: EVOKER_SPAWN_EGG]" time="0"/>
  <testcase classname="org.bukkit.PerMaterialTest" name="isSolid[285: EVOKER_SPAWN_EGG]" time="0"/>
  <testcase classname="org.bukkit.PerMaterialTest" name="hasGravity[286: EXPERIENCE_BOTTLE]" time="0"/>
  <testcase classname="org.bukkit.PerMaterialTest" name="isBurnable[286: EXPERIENCE_BOTTLE]" time="0"/>
  <testcase classname="org.bukkit.PerMaterialTest" name="testInteractable[286: EXPERIENCE_BOTTLE]" time="0"/>
  <testcase classname="org.bukkit.PerMaterialTest" name="testBlock[286: EXPERIENCE_BOTTLE]" time="0"/>
  <testcase classname="org.bukkit.PerMaterialTest" name="isFuel[286: EXPERIENCE_BOTTLE]" time="0"/>
  <testcase classname="org.bukkit.PerMaterialTest" name="testItem[286: EXPERIENCE_BOTTLE]" time="0"/>
  <testcase classname="org.bukkit.PerMaterialTest" name="testBlastResistance[286: EXPERIENCE_BOTTLE]" time="0"/>
  <testcase classname="org.bukkit.PerMaterialTest" name="isEdible[286: EXPERIENCE_BOTTLE]" time="0"/>
  <testcase classname="org.bukkit.PerMaterialTest" name="maxDurability[286: EXPERIENCE_BOTTLE]" time="0.001"/>
  <testcase classname="org.bukkit.PerMaterialTest" name="usesDurability[286: EXPERIENCE_BOTTLE]" time="0"/>
  <testcase classname="org.bukkit.PerMaterialTest" name="isOccluding[286: EXPERIENCE_BOTTLE]" time="0"/>
  <testcase classname="org.bukkit.PerMaterialTest" name="isRecord[286: EXPERIENCE_BOTTLE]" time="0"/>
  <testcase classname="org.bukkit.PerMaterialTest" name="isFlammable[286: EXPERIENCE_BOTTLE]" time="0"/>
  <testcase classname="org.bukkit.PerMaterialTest" name="testDurability[286: EXPERIENCE_BOTTLE]" time="0"/>
  <testcase classname="org.bukkit.PerMaterialTest" name="testBlockHardness[286: EXPERIENCE_BOTTLE]" time="0"/>
  <testcase classname="org.bukkit.PerMaterialTest" name="maxStackSize[286: EXPERIENCE_BOTTLE]" time="0"/>
  <testcase classname="org.bukkit.PerMaterialTest" name="isTransparent[286: EXPERIENCE_BOTTLE]" time="0"/>
  <testcase classname="org.bukkit.PerMaterialTest" name="testBlockDataCreation[286: EXPERIENCE_BOTTLE]" time="0.001"/>
  <testcase classname="org.bukkit.PerMaterialTest" name="isBlock[286: EXPERIENCE_BOTTLE]" time="0"/>
  <testcase classname="org.bukkit.PerMaterialTest" name="isSolid[286: EXPERIENCE_BOTTLE]" time="0"/>
  <testcase classname="org.bukkit.PerMaterialTest" name="hasGravity[287: FARMLAND]" time="0"/>
  <testcase classname="org.bukkit.PerMaterialTest" name="isBurnable[287: FARMLAND]" time="0"/>
  <testcase classname="org.bukkit.PerMaterialTest" name="testInteractable[287: FARMLAND]" time="0"/>
  <testcase classname="org.bukkit.PerMaterialTest" name="testBlock[287: FARMLAND]" time="0"/>
  <testcase classname="org.bukkit.PerMaterialTest" name="isFuel[287: FARMLAND]" time="0.001"/>
  <testcase classname="org.bukkit.PerMaterialTest" name="testItem[287: FARMLAND]" time="0"/>
  <testcase classname="org.bukkit.PerMaterialTest" name="testBlastResistance[287: FARMLAND]" time="0"/>
  <testcase classname="org.bukkit.PerMaterialTest" name="isEdible[287: FARMLAND]" time="0"/>
  <testcase classname="org.bukkit.PerMaterialTest" name="maxDurability[287: FARMLAND]" time="0"/>
  <testcase classname="org.bukkit.PerMaterialTest" name="usesDurability[287: FARMLAND]" time="0"/>
  <testcase classname="org.bukkit.PerMaterialTest" name="isOccluding[287: FARMLAND]" time="0"/>
  <testcase classname="org.bukkit.PerMaterialTest" name="isRecord[287: FARMLAND]" time="0"/>
  <testcase classname="org.bukkit.PerMaterialTest" name="isFlammable[287: FARMLAND]" time="0"/>
  <testcase classname="org.bukkit.PerMaterialTest" name="testDurability[287: FARMLAND]" time="0"/>
  <testcase classname="org.bukkit.PerMaterialTest" name="testBlockHardness[287: FARMLAND]" time="0"/>
  <testcase classname="org.bukkit.PerMaterialTest" name="maxStackSize[287: FARMLAND]" time="0"/>
  <testcase classname="org.bukkit.PerMaterialTest" name="isTransparent[287: FARMLAND]" time="0"/>
  <testcase classname="org.bukkit.PerMaterialTest" name="testBlockDataCreation[287: FARMLAND]" time="0"/>
  <testcase classname="org.bukkit.PerMaterialTest" name="isBlock[287: FARMLAND]" time="0"/>
  <testcase classname="org.bukkit.PerMaterialTest" name="isSolid[287: FARMLAND]" time="0.001"/>
  <testcase classname="org.bukkit.PerMaterialTest" name="hasGravity[288: FEATHER]" time="0"/>
  <testcase classname="org.bukkit.PerMaterialTest" name="isBurnable[288: FEATHER]" time="0"/>
  <testcase classname="org.bukkit.PerMaterialTest" name="testInteractable[288: FEATHER]" time="0"/>
  <testcase classname="org.bukkit.PerMaterialTest" name="testBlock[288: FEATHER]" time="0"/>
  <testcase classname="org.bukkit.PerMaterialTest" name="isFuel[288: FEATHER]" time="0"/>
  <testcase classname="org.bukkit.PerMaterialTest" name="testItem[288: FEATHER]" time="0"/>
  <testcase classname="org.bukkit.PerMaterialTest" name="testBlastResistance[288: FEATHER]" time="0"/>
  <testcase classname="org.bukkit.PerMaterialTest" name="isEdible[288: FEATHER]" time="0"/>
  <testcase classname="org.bukkit.PerMaterialTest" name="maxDurability[288: FEATHER]" time="0"/>
  <testcase classname="org.bukkit.PerMaterialTest" name="usesDurability[288: FEATHER]" time="0"/>
  <testcase classname="org.bukkit.PerMaterialTest" name="isOccluding[288: FEATHER]" time="0"/>
  <testcase classname="org.bukkit.PerMaterialTest" name="isRecord[288: FEATHER]" time="0"/>
  <testcase classname="org.bukkit.PerMaterialTest" name="isFlammable[288: FEATHER]" time="0"/>
  <testcase classname="org.bukkit.PerMaterialTest" name="testDurability[288: FEATHER]" time="0"/>
  <testcase classname="org.bukkit.PerMaterialTest" name="testBlockHardness[288: FEATHER]" time="0"/>
  <testcase classname="org.bukkit.PerMaterialTest" name="maxStackSize[288: FEATHER]" time="0"/>
  <testcase classname="org.bukkit.PerMaterialTest" name="isTransparent[288: FEATHER]" time="0"/>
  <testcase classname="org.bukkit.PerMaterialTest" name="testBlockDataCreation[288: FEATHER]" time="0"/>
  <testcase classname="org.bukkit.PerMaterialTest" name="isBlock[288: FEATHER]" time="0"/>
  <testcase classname="org.bukkit.PerMaterialTest" name="isSolid[288: FEATHER]" time="0"/>
  <testcase classname="org.bukkit.PerMaterialTest" name="hasGravity[289: FERMENTED_SPIDER_EYE]" time="0"/>
  <testcase classname="org.bukkit.PerMaterialTest" name="isBurnable[289: FERMENTED_SPIDER_EYE]" time="0"/>
  <testcase classname="org.bukkit.PerMaterialTest" name="testInteractable[289: FERMENTED_SPIDER_EYE]" time="0"/>
  <testcase classname="org.bukkit.PerMaterialTest" name="testBlock[289: FERMENTED_SPIDER_EYE]" time="0"/>
  <testcase classname="org.bukkit.PerMaterialTest" name="isFuel[289: FERMENTED_SPIDER_EYE]" time="0"/>
  <testcase classname="org.bukkit.PerMaterialTest" name="testItem[289: FERMENTED_SPIDER_EYE]" time="0"/>
  <testcase classname="org.bukkit.PerMaterialTest" name="testBlastResistance[289: FERMENTED_SPIDER_EYE]" time="0"/>
  <testcase classname="org.bukkit.PerMaterialTest" name="isEdible[289: FERMENTED_SPIDER_EYE]" time="0"/>
  <testcase classname="org.bukkit.PerMaterialTest" name="maxDurability[289: FERMENTED_SPIDER_EYE]" time="0.001"/>
  <testcase classname="org.bukkit.PerMaterialTest" name="usesDurability[289: FERMENTED_SPIDER_EYE]" time="0"/>
  <testcase classname="org.bukkit.PerMaterialTest" name="isOccluding[289: FERMENTED_SPIDER_EYE]" time="0"/>
  <testcase classname="org.bukkit.PerMaterialTest" name="isRecord[289: FERMENTED_SPIDER_EYE]" time="0"/>
  <testcase classname="org.bukkit.PerMaterialTest" name="isFlammable[289: FERMENTED_SPIDER_EYE]" time="0"/>
  <testcase classname="org.bukkit.PerMaterialTest" name="testDurability[289: FERMENTED_SPIDER_EYE]" time="0"/>
  <testcase classname="org.bukkit.PerMaterialTest" name="testBlockHardness[289: FERMENTED_SPIDER_EYE]" time="0"/>
  <testcase classname="org.bukkit.PerMaterialTest" name="maxStackSize[289: FERMENTED_SPIDER_EYE]" time="0"/>
  <testcase classname="org.bukkit.PerMaterialTest" name="isTransparent[289: FERMENTED_SPIDER_EYE]" time="0"/>
  <testcase classname="org.bukkit.PerMaterialTest" name="testBlockDataCreation[289: FERMENTED_SPIDER_EYE]" time="0"/>
  <testcase classname="org.bukkit.PerMaterialTest" name="isBlock[289: FERMENTED_SPIDER_EYE]" time="0"/>
  <testcase classname="org.bukkit.PerMaterialTest" name="isSolid[289: FERMENTED_SPIDER_EYE]" time="0"/>
  <testcase classname="org.bukkit.PerMaterialTest" name="hasGravity[290: FERN]" time="0"/>
  <testcase classname="org.bukkit.PerMaterialTest" name="isBurnable[290: FERN]" time="0"/>
  <testcase classname="org.bukkit.PerMaterialTest" name="testInteractable[290: FERN]" time="0.001"/>
  <testcase classname="org.bukkit.PerMaterialTest" name="testBlock[290: FERN]" time="0"/>
  <testcase classname="org.bukkit.PerMaterialTest" name="isFuel[290: FERN]" time="0"/>
  <testcase classname="org.bukkit.PerMaterialTest" name="testItem[290: FERN]" time="0"/>
  <testcase classname="org.bukkit.PerMaterialTest" name="testBlastResistance[290: FERN]" time="0"/>
  <testcase classname="org.bukkit.PerMaterialTest" name="isEdible[290: FERN]" time="0"/>
  <testcase classname="org.bukkit.PerMaterialTest" name="maxDurability[290: FERN]" time="0"/>
  <testcase classname="org.bukkit.PerMaterialTest" name="usesDurability[290: FERN]" time="0"/>
  <testcase classname="org.bukkit.PerMaterialTest" name="isOccluding[290: FERN]" time="0"/>
  <testcase classname="org.bukkit.PerMaterialTest" name="isRecord[290: FERN]" time="0"/>
  <testcase classname="org.bukkit.PerMaterialTest" name="isFlammable[290: FERN]" time="0"/>
  <testcase classname="org.bukkit.PerMaterialTest" name="testDurability[290: FERN]" time="0"/>
  <testcase classname="org.bukkit.PerMaterialTest" name="testBlockHardness[290: FERN]" time="0"/>
  <testcase classname="org.bukkit.PerMaterialTest" name="maxStackSize[290: FERN]" time="0.001"/>
  <testcase classname="org.bukkit.PerMaterialTest" name="isTransparent[290: FERN]" time="0"/>
  <testcase classname="org.bukkit.PerMaterialTest" name="testBlockDataCreation[290: FERN]" time="0"/>
  <testcase classname="org.bukkit.PerMaterialTest" name="isBlock[290: FERN]" time="0"/>
  <testcase classname="org.bukkit.PerMaterialTest" name="isSolid[290: FERN]" time="0"/>
  <testcase classname="org.bukkit.PerMaterialTest" name="hasGravity[291: FILLED_MAP]" time="0"/>
  <testcase classname="org.bukkit.PerMaterialTest" name="isBurnable[291: FILLED_MAP]" time="0"/>
  <testcase classname="org.bukkit.PerMaterialTest" name="testInteractable[291: FILLED_MAP]" time="0"/>
  <testcase classname="org.bukkit.PerMaterialTest" name="testBlock[291: FILLED_MAP]" time="0"/>
  <testcase classname="org.bukkit.PerMaterialTest" name="isFuel[291: FILLED_MAP]" time="0"/>
  <testcase classname="org.bukkit.PerMaterialTest" name="testItem[291: FILLED_MAP]" time="0"/>
  <testcase classname="org.bukkit.PerMaterialTest" name="testBlastResistance[291: FILLED_MAP]" time="0"/>
  <testcase classname="org.bukkit.PerMaterialTest" name="isEdible[291: FILLED_MAP]" time="0"/>
  <testcase classname="org.bukkit.PerMaterialTest" name="maxDurability[291: FILLED_MAP]" time="0"/>
  <testcase classname="org.bukkit.PerMaterialTest" name="usesDurability[291: FILLED_MAP]" time="0.001"/>
  <testcase classname="org.bukkit.PerMaterialTest" name="isOccluding[291: FILLED_MAP]" time="0"/>
  <testcase classname="org.bukkit.PerMaterialTest" name="isRecord[291: FILLED_MAP]" time="0"/>
  <testcase classname="org.bukkit.PerMaterialTest" name="isFlammable[291: FILLED_MAP]" time="0"/>
  <testcase classname="org.bukkit.PerMaterialTest" name="testDurability[291: FILLED_MAP]" time="0"/>
  <testcase classname="org.bukkit.PerMaterialTest" name="testBlockHardness[291: FILLED_MAP]" time="0"/>
  <testcase classname="org.bukkit.PerMaterialTest" name="maxStackSize[291: FILLED_MAP]" time="0"/>
  <testcase classname="org.bukkit.PerMaterialTest" name="isTransparent[291: FILLED_MAP]" time="0"/>
  <testcase classname="org.bukkit.PerMaterialTest" name="testBlockDataCreation[291: FILLED_MAP]" time="0"/>
  <testcase classname="org.bukkit.PerMaterialTest" name="isBlock[291: FILLED_MAP]" time="0"/>
  <testcase classname="org.bukkit.PerMaterialTest" name="isSolid[291: FILLED_MAP]" time="0"/>
  <testcase classname="org.bukkit.PerMaterialTest" name="hasGravity[292: FIRE]" time="0"/>
  <testcase classname="org.bukkit.PerMaterialTest" name="isBurnable[292: FIRE]" time="0"/>
  <testcase classname="org.bukkit.PerMaterialTest" name="testInteractable[292: FIRE]" time="0.001"/>
  <testcase classname="org.bukkit.PerMaterialTest" name="testBlock[292: FIRE]" time="0"/>
  <testcase classname="org.bukkit.PerMaterialTest" name="isFuel[292: FIRE]" time="0"/>
  <testcase classname="org.bukkit.PerMaterialTest" name="testItem[292: FIRE]" time="0"/>
  <testcase classname="org.bukkit.PerMaterialTest" name="testBlastResistance[292: FIRE]" time="0"/>
  <testcase classname="org.bukkit.PerMaterialTest" name="isEdible[292: FIRE]" time="0"/>
  <testcase classname="org.bukkit.PerMaterialTest" name="maxDurability[292: FIRE]" time="0"/>
  <testcase classname="org.bukkit.PerMaterialTest" name="usesDurability[292: FIRE]" time="0.001"/>
  <testcase classname="org.bukkit.PerMaterialTest" name="isOccluding[292: FIRE]" time="0"/>
  <testcase classname="org.bukkit.PerMaterialTest" name="isRecord[292: FIRE]" time="0"/>
  <testcase classname="org.bukkit.PerMaterialTest" name="isFlammable[292: FIRE]" time="0"/>
  <testcase classname="org.bukkit.PerMaterialTest" name="testDurability[292: FIRE]" time="0"/>
  <testcase classname="org.bukkit.PerMaterialTest" name="testBlockHardness[292: FIRE]" time="0"/>
  <testcase classname="org.bukkit.PerMaterialTest" name="maxStackSize[292: FIRE]" time="0"/>
  <testcase classname="org.bukkit.PerMaterialTest" name="isTransparent[292: FIRE]" time="0"/>
  <testcase classname="org.bukkit.PerMaterialTest" name="testBlockDataCreation[292: FIRE]" time="0.001"/>
  <testcase classname="org.bukkit.PerMaterialTest" name="isBlock[292: FIRE]" time="0"/>
  <testcase classname="org.bukkit.PerMaterialTest" name="isSolid[292: FIRE]" time="0"/>
  <testcase classname="org.bukkit.PerMaterialTest" name="hasGravity[293: FIREWORK_ROCKET]" time="0"/>
  <testcase classname="org.bukkit.PerMaterialTest" name="isBurnable[293: FIREWORK_ROCKET]" time="0"/>
  <testcase classname="org.bukkit.PerMaterialTest" name="testInteractable[293: FIREWORK_ROCKET]" time="0"/>
  <testcase classname="org.bukkit.PerMaterialTest" name="testBlock[293: FIREWORK_ROCKET]" time="0"/>
  <testcase classname="org.bukkit.PerMaterialTest" name="isFuel[293: FIREWORK_ROCKET]" time="0.001"/>
  <testcase classname="org.bukkit.PerMaterialTest" name="testItem[293: FIREWORK_ROCKET]" time="0"/>
  <testcase classname="org.bukkit.PerMaterialTest" name="testBlastResistance[293: FIREWORK_ROCKET]" time="0"/>
  <testcase classname="org.bukkit.PerMaterialTest" name="isEdible[293: FIREWORK_ROCKET]" time="0"/>
  <testcase classname="org.bukkit.PerMaterialTest" name="maxDurability[293: FIREWORK_ROCKET]" time="0"/>
  <testcase classname="org.bukkit.PerMaterialTest" name="usesDurability[293: FIREWORK_ROCKET]" time="0"/>
  <testcase classname="org.bukkit.PerMaterialTest" name="isOccluding[293: FIREWORK_ROCKET]" time="0"/>
  <testcase classname="org.bukkit.PerMaterialTest" name="isRecord[293: FIREWORK_ROCKET]" time="0"/>
  <testcase classname="org.bukkit.PerMaterialTest" name="isFlammable[293: FIREWORK_ROCKET]" time="0"/>
  <testcase classname="org.bukkit.PerMaterialTest" name="testDurability[293: FIREWORK_ROCKET]" time="0"/>
  <testcase classname="org.bukkit.PerMaterialTest" name="testBlockHardness[293: FIREWORK_ROCKET]" time="0"/>
  <testcase classname="org.bukkit.PerMaterialTest" name="maxStackSize[293: FIREWORK_ROCKET]" time="0"/>
  <testcase classname="org.bukkit.PerMaterialTest" name="isTransparent[293: FIREWORK_ROCKET]" time="0"/>
  <testcase classname="org.bukkit.PerMaterialTest" name="testBlockDataCreation[293: FIREWORK_ROCKET]" time="0"/>
  <testcase classname="org.bukkit.PerMaterialTest" name="isBlock[293: FIREWORK_ROCKET]" time="0"/>
  <testcase classname="org.bukkit.PerMaterialTest" name="isSolid[293: FIREWORK_ROCKET]" time="0.001"/>
  <testcase classname="org.bukkit.PerMaterialTest" name="hasGravity[294: FIREWORK_STAR]" time="0"/>
  <testcase classname="org.bukkit.PerMaterialTest" name="isBurnable[294: FIREWORK_STAR]" time="0"/>
  <testcase classname="org.bukkit.PerMaterialTest" name="testInteractable[294: FIREWORK_STAR]" time="0"/>
  <testcase classname="org.bukkit.PerMaterialTest" name="testBlock[294: FIREWORK_STAR]" time="0"/>
  <testcase classname="org.bukkit.PerMaterialTest" name="isFuel[294: FIREWORK_STAR]" time="0"/>
  <testcase classname="org.bukkit.PerMaterialTest" name="testItem[294: FIREWORK_STAR]" time="0.001"/>
  <testcase classname="org.bukkit.PerMaterialTest" name="testBlastResistance[294: FIREWORK_STAR]" time="0"/>
  <testcase classname="org.bukkit.PerMaterialTest" name="isEdible[294: FIREWORK_STAR]" time="0"/>
  <testcase classname="org.bukkit.PerMaterialTest" name="maxDurability[294: FIREWORK_STAR]" time="0"/>
  <testcase classname="org.bukkit.PerMaterialTest" name="usesDurability[294: FIREWORK_STAR]" time="0"/>
  <testcase classname="org.bukkit.PerMaterialTest" name="isOccluding[294: FIREWORK_STAR]" time="0"/>
  <testcase classname="org.bukkit.PerMaterialTest" name="isRecord[294: FIREWORK_STAR]" time="0"/>
  <testcase classname="org.bukkit.PerMaterialTest" name="isFlammable[294: FIREWORK_STAR]" time="0"/>
  <testcase classname="org.bukkit.PerMaterialTest" name="testDurability[294: FIREWORK_STAR]" time="0.001"/>
  <testcase classname="org.bukkit.PerMaterialTest" name="testBlockHardness[294: FIREWORK_STAR]" time="0"/>
  <testcase classname="org.bukkit.PerMaterialTest" name="maxStackSize[294: FIREWORK_STAR]" time="0"/>
  <testcase classname="org.bukkit.PerMaterialTest" name="isTransparent[294: FIREWORK_STAR]" time="0"/>
  <testcase classname="org.bukkit.PerMaterialTest" name="testBlockDataCreation[294: FIREWORK_STAR]" time="0"/>
  <testcase classname="org.bukkit.PerMaterialTest" name="isBlock[294: FIREWORK_STAR]" time="0"/>
  <testcase classname="org.bukkit.PerMaterialTest" name="isSolid[294: FIREWORK_STAR]" time="0"/>
  <testcase classname="org.bukkit.PerMaterialTest" name="hasGravity[295: FIRE_CHARGE]" time="0"/>
  <testcase classname="org.bukkit.PerMaterialTest" name="isBurnable[295: FIRE_CHARGE]" time="0"/>
  <testcase classname="org.bukkit.PerMaterialTest" name="testInteractable[295: FIRE_CHARGE]" time="0"/>
  <testcase classname="org.bukkit.PerMaterialTest" name="testBlock[295: FIRE_CHARGE]" time="0"/>
  <testcase classname="org.bukkit.PerMaterialTest" name="isFuel[295: FIRE_CHARGE]" time="0"/>
  <testcase classname="org.bukkit.PerMaterialTest" name="testItem[295: FIRE_CHARGE]" time="0"/>
  <testcase classname="org.bukkit.PerMaterialTest" name="testBlastResistance[295: FIRE_CHARGE]" time="0"/>
  <testcase classname="org.bukkit.PerMaterialTest" name="isEdible[295: FIRE_CHARGE]" time="0"/>
  <testcase classname="org.bukkit.PerMaterialTest" name="maxDurability[295: FIRE_CHARGE]" time="0"/>
  <testcase classname="org.bukkit.PerMaterialTest" name="usesDurability[295: FIRE_CHARGE]" time="0"/>
  <testcase classname="org.bukkit.PerMaterialTest" name="isOccluding[295: FIRE_CHARGE]" time="0"/>
  <testcase classname="org.bukkit.PerMaterialTest" name="isRecord[295: FIRE_CHARGE]" time="0"/>
  <testcase classname="org.bukkit.PerMaterialTest" name="isFlammable[295: FIRE_CHARGE]" time="0"/>
  <testcase classname="org.bukkit.PerMaterialTest" name="testDurability[295: FIRE_CHARGE]" time="0"/>
  <testcase classname="org.bukkit.PerMaterialTest" name="testBlockHardness[295: FIRE_CHARGE]" time="0"/>
  <testcase classname="org.bukkit.PerMaterialTest" name="maxStackSize[295: FIRE_CHARGE]" time="0"/>
  <testcase classname="org.bukkit.PerMaterialTest" name="isTransparent[295: FIRE_CHARGE]" time="0"/>
  <testcase classname="org.bukkit.PerMaterialTest" name="testBlockDataCreation[295: FIRE_CHARGE]" time="0"/>
  <testcase classname="org.bukkit.PerMaterialTest" name="isBlock[295: FIRE_CHARGE]" time="0"/>
  <testcase classname="org.bukkit.PerMaterialTest" name="isSolid[295: FIRE_CHARGE]" time="0"/>
  <testcase classname="org.bukkit.PerMaterialTest" name="hasGravity[296: FIRE_CORAL]" time="0"/>
  <testcase classname="org.bukkit.PerMaterialTest" name="isBurnable[296: FIRE_CORAL]" time="0"/>
  <testcase classname="org.bukkit.PerMaterialTest" name="testInteractable[296: FIRE_CORAL]" time="0"/>
  <testcase classname="org.bukkit.PerMaterialTest" name="testBlock[296: FIRE_CORAL]" time="0.001"/>
  <testcase classname="org.bukkit.PerMaterialTest" name="isFuel[296: FIRE_CORAL]" time="0"/>
  <testcase classname="org.bukkit.PerMaterialTest" name="testItem[296: FIRE_CORAL]" time="0"/>
  <testcase classname="org.bukkit.PerMaterialTest" name="testBlastResistance[296: FIRE_CORAL]" time="0"/>
  <testcase classname="org.bukkit.PerMaterialTest" name="isEdible[296: FIRE_CORAL]" time="0"/>
  <testcase classname="org.bukkit.PerMaterialTest" name="maxDurability[296: FIRE_CORAL]" time="0"/>
  <testcase classname="org.bukkit.PerMaterialTest" name="usesDurability[296: FIRE_CORAL]" time="0"/>
  <testcase classname="org.bukkit.PerMaterialTest" name="isOccluding[296: FIRE_CORAL]" time="0"/>
  <testcase classname="org.bukkit.PerMaterialTest" name="isRecord[296: FIRE_CORAL]" time="0"/>
  <testcase classname="org.bukkit.PerMaterialTest" name="isFlammable[296: FIRE_CORAL]" time="0"/>
  <testcase classname="org.bukkit.PerMaterialTest" name="testDurability[296: FIRE_CORAL]" time="0"/>
  <testcase classname="org.bukkit.PerMaterialTest" name="testBlockHardness[296: FIRE_CORAL]" time="0"/>
  <testcase classname="org.bukkit.PerMaterialTest" name="maxStackSize[296: FIRE_CORAL]" time="0"/>
  <testcase classname="org.bukkit.PerMaterialTest" name="isTransparent[296: FIRE_CORAL]" time="0"/>
  <testcase classname="org.bukkit.PerMaterialTest" name="testBlockDataCreation[296: FIRE_CORAL]" time="0.001"/>
  <testcase classname="org.bukkit.PerMaterialTest" name="isBlock[296: FIRE_CORAL]" time="0"/>
  <testcase classname="org.bukkit.PerMaterialTest" name="isSolid[296: FIRE_CORAL]" time="0"/>
  <testcase classname="org.bukkit.PerMaterialTest" name="hasGravity[297: FIRE_CORAL_BLOCK]" time="0"/>
  <testcase classname="org.bukkit.PerMaterialTest" name="isBurnable[297: FIRE_CORAL_BLOCK]" time="0"/>
  <testcase classname="org.bukkit.PerMaterialTest" name="testInteractable[297: FIRE_CORAL_BLOCK]" time="0"/>
  <testcase classname="org.bukkit.PerMaterialTest" name="testBlock[297: FIRE_CORAL_BLOCK]" time="0"/>
  <testcase classname="org.bukkit.PerMaterialTest" name="isFuel[297: FIRE_CORAL_BLOCK]" time="0.001"/>
  <testcase classname="org.bukkit.PerMaterialTest" name="testItem[297: FIRE_CORAL_BLOCK]" time="0"/>
  <testcase classname="org.bukkit.PerMaterialTest" name="testBlastResistance[297: FIRE_CORAL_BLOCK]" time="0"/>
  <testcase classname="org.bukkit.PerMaterialTest" name="isEdible[297: FIRE_CORAL_BLOCK]" time="0"/>
  <testcase classname="org.bukkit.PerMaterialTest" name="maxDurability[297: FIRE_CORAL_BLOCK]" time="0"/>
  <testcase classname="org.bukkit.PerMaterialTest" name="usesDurability[297: FIRE_CORAL_BLOCK]" time="0"/>
  <testcase classname="org.bukkit.PerMaterialTest" name="isOccluding[297: FIRE_CORAL_BLOCK]" time="0.001"/>
  <testcase classname="org.bukkit.PerMaterialTest" name="isRecord[297: FIRE_CORAL_BLOCK]" time="0"/>
  <testcase classname="org.bukkit.PerMaterialTest" name="isFlammable[297: FIRE_CORAL_BLOCK]" time="0"/>
  <testcase classname="org.bukkit.PerMaterialTest" name="testDurability[297: FIRE_CORAL_BLOCK]" time="0"/>
  <testcase classname="org.bukkit.PerMaterialTest" name="testBlockHardness[297: FIRE_CORAL_BLOCK]" time="0"/>
  <testcase classname="org.bukkit.PerMaterialTest" name="maxStackSize[297: FIRE_CORAL_BLOCK]" time="0"/>
  <testcase classname="org.bukkit.PerMaterialTest" name="isTransparent[297: FIRE_CORAL_BLOCK]" time="0"/>
  <testcase classname="org.bukkit.PerMaterialTest" name="testBlockDataCreation[297: FIRE_CORAL_BLOCK]" time="0"/>
  <testcase classname="org.bukkit.PerMaterialTest" name="isBlock[297: FIRE_CORAL_BLOCK]" time="0"/>
  <testcase classname="org.bukkit.PerMaterialTest" name="isSolid[297: FIRE_CORAL_BLOCK]" time="0"/>
  <testcase classname="org.bukkit.PerMaterialTest" name="hasGravity[298: FIRE_CORAL_FAN]" time="0"/>
  <testcase classname="org.bukkit.PerMaterialTest" name="isBurnable[298: FIRE_CORAL_FAN]" time="0"/>
  <testcase classname="org.bukkit.PerMaterialTest" name="testInteractable[298: FIRE_CORAL_FAN]" time="0"/>
  <testcase classname="org.bukkit.PerMaterialTest" name="testBlock[298: FIRE_CORAL_FAN]" time="0"/>
  <testcase classname="org.bukkit.PerMaterialTest" name="isFuel[298: FIRE_CORAL_FAN]" time="0"/>
  <testcase classname="org.bukkit.PerMaterialTest" name="testItem[298: FIRE_CORAL_FAN]" time="0"/>
  <testcase classname="org.bukkit.PerMaterialTest" name="testBlastResistance[298: FIRE_CORAL_FAN]" time="0"/>
  <testcase classname="org.bukkit.PerMaterialTest" name="isEdible[298: FIRE_CORAL_FAN]" time="0"/>
  <testcase classname="org.bukkit.PerMaterialTest" name="maxDurability[298: FIRE_CORAL_FAN]" time="0"/>
  <testcase classname="org.bukkit.PerMaterialTest" name="usesDurability[298: FIRE_CORAL_FAN]" time="0"/>
  <testcase classname="org.bukkit.PerMaterialTest" name="isOccluding[298: FIRE_CORAL_FAN]" time="0.001"/>
  <testcase classname="org.bukkit.PerMaterialTest" name="isRecord[298: FIRE_CORAL_FAN]" time="0"/>
  <testcase classname="org.bukkit.PerMaterialTest" name="isFlammable[298: FIRE_CORAL_FAN]" time="0"/>
  <testcase classname="org.bukkit.PerMaterialTest" name="testDurability[298: FIRE_CORAL_FAN]" time="0"/>
  <testcase classname="org.bukkit.PerMaterialTest" name="testBlockHardness[298: FIRE_CORAL_FAN]" time="0"/>
  <testcase classname="org.bukkit.PerMaterialTest" name="maxStackSize[298: FIRE_CORAL_FAN]" time="0"/>
  <testcase classname="org.bukkit.PerMaterialTest" name="isTransparent[298: FIRE_CORAL_FAN]" time="0"/>
  <testcase classname="org.bukkit.PerMaterialTest" name="testBlockDataCreation[298: FIRE_CORAL_FAN]" time="0.001"/>
  <testcase classname="org.bukkit.PerMaterialTest" name="isBlock[298: FIRE_CORAL_FAN]" time="0"/>
  <testcase classname="org.bukkit.PerMaterialTest" name="isSolid[298: FIRE_CORAL_FAN]" time="0"/>
  <testcase classname="org.bukkit.PerMaterialTest" name="hasGravity[299: FIRE_CORAL_WALL_FAN]" time="0"/>
  <testcase classname="org.bukkit.PerMaterialTest" name="isBurnable[299: FIRE_CORAL_WALL_FAN]" time="0"/>
  <testcase classname="org.bukkit.PerMaterialTest" name="testInteractable[299: FIRE_CORAL_WALL_FAN]" time="0"/>
  <testcase classname="org.bukkit.PerMaterialTest" name="testBlock[299: FIRE_CORAL_WALL_FAN]" time="0"/>
  <testcase classname="org.bukkit.PerMaterialTest" name="isFuel[299: FIRE_CORAL_WALL_FAN]" time="0.001"/>
  <testcase classname="org.bukkit.PerMaterialTest" name="testItem[299: FIRE_CORAL_WALL_FAN]" time="0"/>
  <testcase classname="org.bukkit.PerMaterialTest" name="testBlastResistance[299: FIRE_CORAL_WALL_FAN]" time="0"/>
  <testcase classname="org.bukkit.PerMaterialTest" name="isEdible[299: FIRE_CORAL_WALL_FAN]" time="0"/>
  <testcase classname="org.bukkit.PerMaterialTest" name="maxDurability[299: FIRE_CORAL_WALL_FAN]" time="0"/>
  <testcase classname="org.bukkit.PerMaterialTest" name="usesDurability[299: FIRE_CORAL_WALL_FAN]" time="0"/>
  <testcase classname="org.bukkit.PerMaterialTest" name="isOccluding[299: FIRE_CORAL_WALL_FAN]" time="0"/>
  <testcase classname="org.bukkit.PerMaterialTest" name="isRecord[299: FIRE_CORAL_WALL_FAN]" time="0"/>
  <testcase classname="org.bukkit.PerMaterialTest" name="isFlammable[299: FIRE_CORAL_WALL_FAN]" time="0"/>
  <testcase classname="org.bukkit.PerMaterialTest" name="testDurability[299: FIRE_CORAL_WALL_FAN]" time="0"/>
  <testcase classname="org.bukkit.PerMaterialTest" name="testBlockHardness[299: FIRE_CORAL_WALL_FAN]" time="0"/>
  <testcase classname="org.bukkit.PerMaterialTest" name="maxStackSize[299: FIRE_CORAL_WALL_FAN]" time="0"/>
  <testcase classname="org.bukkit.PerMaterialTest" name="isTransparent[299: FIRE_CORAL_WALL_FAN]" time="0"/>
  <testcase classname="org.bukkit.PerMaterialTest" name="testBlockDataCreation[299: FIRE_CORAL_WALL_FAN]" time="0"/>
  <testcase classname="org.bukkit.PerMaterialTest" name="isBlock[299: FIRE_CORAL_WALL_FAN]" time="0"/>
  <testcase classname="org.bukkit.PerMaterialTest" name="isSolid[299: FIRE_CORAL_WALL_FAN]" time="0"/>
  <testcase classname="org.bukkit.PerMaterialTest" name="hasGravity[300: FISHING_ROD]" time="0"/>
  <testcase classname="org.bukkit.PerMaterialTest" name="isBurnable[300: FISHING_ROD]" time="0"/>
  <testcase classname="org.bukkit.PerMaterialTest" name="testInteractable[300: FISHING_ROD]" time="0"/>
  <testcase classname="org.bukkit.PerMaterialTest" name="testBlock[300: FISHING_ROD]" time="0"/>
  <testcase classname="org.bukkit.PerMaterialTest" name="isFuel[300: FISHING_ROD]" time="0"/>
  <testcase classname="org.bukkit.PerMaterialTest" name="testItem[300: FISHING_ROD]" time="0"/>
  <testcase classname="org.bukkit.PerMaterialTest" name="testBlastResistance[300: FISHING_ROD]" time="0"/>
  <testcase classname="org.bukkit.PerMaterialTest" name="isEdible[300: FISHING_ROD]" time="0"/>
  <testcase classname="org.bukkit.PerMaterialTest" name="maxDurability[300: FISHING_ROD]" time="0"/>
  <testcase classname="org.bukkit.PerMaterialTest" name="usesDurability[300: FISHING_ROD]" time="0"/>
  <testcase classname="org.bukkit.PerMaterialTest" name="isOccluding[300: FISHING_ROD]" time="0"/>
  <testcase classname="org.bukkit.PerMaterialTest" name="isRecord[300: FISHING_ROD]" time="0"/>
  <testcase classname="org.bukkit.PerMaterialTest" name="isFlammable[300: FISHING_ROD]" time="0"/>
  <testcase classname="org.bukkit.PerMaterialTest" name="testDurability[300: FISHING_ROD]" time="0.001"/>
  <testcase classname="org.bukkit.PerMaterialTest" name="testBlockHardness[300: FISHING_ROD]" time="0"/>
  <testcase classname="org.bukkit.PerMaterialTest" name="maxStackSize[300: FISHING_ROD]" time="0"/>
  <testcase classname="org.bukkit.PerMaterialTest" name="isTransparent[300: FISHING_ROD]" time="0"/>
  <testcase classname="org.bukkit.PerMaterialTest" name="testBlockDataCreation[300: FISHING_ROD]" time="0"/>
  <testcase classname="org.bukkit.PerMaterialTest" name="isBlock[300: FISHING_ROD]" time="0"/>
  <testcase classname="org.bukkit.PerMaterialTest" name="isSolid[300: FISHING_ROD]" time="0"/>
  <testcase classname="org.bukkit.PerMaterialTest" name="hasGravity[301: FLINT]" time="0"/>
  <testcase classname="org.bukkit.PerMaterialTest" name="isBurnable[301: FLINT]" time="0"/>
  <testcase classname="org.bukkit.PerMaterialTest" name="testInteractable[301: FLINT]" time="0"/>
  <testcase classname="org.bukkit.PerMaterialTest" name="testBlock[301: FLINT]" time="0"/>
  <testcase classname="org.bukkit.PerMaterialTest" name="isFuel[301: FLINT]" time="0"/>
  <testcase classname="org.bukkit.PerMaterialTest" name="testItem[301: FLINT]" time="0"/>
  <testcase classname="org.bukkit.PerMaterialTest" name="testBlastResistance[301: FLINT]" time="0"/>
  <testcase classname="org.bukkit.PerMaterialTest" name="isEdible[301: FLINT]" time="0.001"/>
  <testcase classname="org.bukkit.PerMaterialTest" name="maxDurability[301: FLINT]" time="0"/>
  <testcase classname="org.bukkit.PerMaterialTest" name="usesDurability[301: FLINT]" time="0"/>
  <testcase classname="org.bukkit.PerMaterialTest" name="isOccluding[301: FLINT]" time="0"/>
  <testcase classname="org.bukkit.PerMaterialTest" name="isRecord[301: FLINT]" time="0"/>
  <testcase classname="org.bukkit.PerMaterialTest" name="isFlammable[301: FLINT]" time="0"/>
  <testcase classname="org.bukkit.PerMaterialTest" name="testDurability[301: FLINT]" time="0"/>
  <testcase classname="org.bukkit.PerMaterialTest" name="testBlockHardness[301: FLINT]" time="0"/>
  <testcase classname="org.bukkit.PerMaterialTest" name="maxStackSize[301: FLINT]" time="0"/>
  <testcase classname="org.bukkit.PerMaterialTest" name="isTransparent[301: FLINT]" time="0"/>
  <testcase classname="org.bukkit.PerMaterialTest" name="testBlockDataCreation[301: FLINT]" time="0"/>
  <testcase classname="org.bukkit.PerMaterialTest" name="isBlock[301: FLINT]" time="0"/>
  <testcase classname="org.bukkit.PerMaterialTest" name="isSolid[301: FLINT]" time="0"/>
  <testcase classname="org.bukkit.PerMaterialTest" name="hasGravity[302: FLINT_AND_STEEL]" time="0"/>
  <testcase classname="org.bukkit.PerMaterialTest" name="isBurnable[302: FLINT_AND_STEEL]" time="0"/>
  <testcase classname="org.bukkit.PerMaterialTest" name="testInteractable[302: FLINT_AND_STEEL]" time="0"/>
  <testcase classname="org.bukkit.PerMaterialTest" name="testBlock[302: FLINT_AND_STEEL]" time="0"/>
  <testcase classname="org.bukkit.PerMaterialTest" name="isFuel[302: FLINT_AND_STEEL]" time="0"/>
  <testcase classname="org.bukkit.PerMaterialTest" name="testItem[302: FLINT_AND_STEEL]" time="0"/>
  <testcase classname="org.bukkit.PerMaterialTest" name="testBlastResistance[302: FLINT_AND_STEEL]" time="0"/>
  <testcase classname="org.bukkit.PerMaterialTest" name="isEdible[302: FLINT_AND_STEEL]" time="0"/>
  <testcase classname="org.bukkit.PerMaterialTest" name="maxDurability[302: FLINT_AND_STEEL]" time="0"/>
  <testcase classname="org.bukkit.PerMaterialTest" name="usesDurability[302: FLINT_AND_STEEL]" time="0.001"/>
  <testcase classname="org.bukkit.PerMaterialTest" name="isOccluding[302: FLINT_AND_STEEL]" time="0"/>
  <testcase classname="org.bukkit.PerMaterialTest" name="isRecord[302: FLINT_AND_STEEL]" time="0"/>
  <testcase classname="org.bukkit.PerMaterialTest" name="isFlammable[302: FLINT_AND_STEEL]" time="0"/>
  <testcase classname="org.bukkit.PerMaterialTest" name="testDurability[302: FLINT_AND_STEEL]" time="0"/>
  <testcase classname="org.bukkit.PerMaterialTest" name="testBlockHardness[302: FLINT_AND_STEEL]" time="0"/>
  <testcase classname="org.bukkit.PerMaterialTest" name="maxStackSize[302: FLINT_AND_STEEL]" time="0"/>
  <testcase classname="org.bukkit.PerMaterialTest" name="isTransparent[302: FLINT_AND_STEEL]" time="0"/>
  <testcase classname="org.bukkit.PerMaterialTest" name="testBlockDataCreation[302: FLINT_AND_STEEL]" time="0"/>
  <testcase classname="org.bukkit.PerMaterialTest" name="isBlock[302: FLINT_AND_STEEL]" time="0"/>
  <testcase classname="org.bukkit.PerMaterialTest" name="isSolid[302: FLINT_AND_STEEL]" time="0"/>
  <testcase classname="org.bukkit.PerMaterialTest" name="hasGravity[303: FLOWER_POT]" time="0"/>
  <testcase classname="org.bukkit.PerMaterialTest" name="isBurnable[303: FLOWER_POT]" time="0"/>
  <testcase classname="org.bukkit.PerMaterialTest" name="testInteractable[303: FLOWER_POT]" time="0"/>
  <testcase classname="org.bukkit.PerMaterialTest" name="testBlock[303: FLOWER_POT]" time="0"/>
  <testcase classname="org.bukkit.PerMaterialTest" name="isFuel[303: FLOWER_POT]" time="0"/>
  <testcase classname="org.bukkit.PerMaterialTest" name="testItem[303: FLOWER_POT]" time="0"/>
  <testcase classname="org.bukkit.PerMaterialTest" name="testBlastResistance[303: FLOWER_POT]" time="0"/>
  <testcase classname="org.bukkit.PerMaterialTest" name="isEdible[303: FLOWER_POT]" time="0"/>
  <testcase classname="org.bukkit.PerMaterialTest" name="maxDurability[303: FLOWER_POT]" time="0"/>
  <testcase classname="org.bukkit.PerMaterialTest" name="usesDurability[303: FLOWER_POT]" time="0.001"/>
  <testcase classname="org.bukkit.PerMaterialTest" name="isOccluding[303: FLOWER_POT]" time="0"/>
  <testcase classname="org.bukkit.PerMaterialTest" name="isRecord[303: FLOWER_POT]" time="0"/>
  <testcase classname="org.bukkit.PerMaterialTest" name="isFlammable[303: FLOWER_POT]" time="0"/>
  <testcase classname="org.bukkit.PerMaterialTest" name="testDurability[303: FLOWER_POT]" time="0"/>
  <testcase classname="org.bukkit.PerMaterialTest" name="testBlockHardness[303: FLOWER_POT]" time="0"/>
  <testcase classname="org.bukkit.PerMaterialTest" name="maxStackSize[303: FLOWER_POT]" time="0"/>
  <testcase classname="org.bukkit.PerMaterialTest" name="isTransparent[303: FLOWER_POT]" time="0.001"/>
  <testcase classname="org.bukkit.PerMaterialTest" name="testBlockDataCreation[303: FLOWER_POT]" time="0"/>
  <testcase classname="org.bukkit.PerMaterialTest" name="isBlock[303: FLOWER_POT]" time="0"/>
  <testcase classname="org.bukkit.PerMaterialTest" name="isSolid[303: FLOWER_POT]" time="0"/>
  <testcase classname="org.bukkit.PerMaterialTest" name="hasGravity[304: FROSTED_ICE]" time="0"/>
  <testcase classname="org.bukkit.PerMaterialTest" name="isBurnable[304: FROSTED_ICE]" time="0"/>
  <testcase classname="org.bukkit.PerMaterialTest" name="testInteractable[304: FROSTED_ICE]" time="0.001"/>
  <testcase classname="org.bukkit.PerMaterialTest" name="testBlock[304: FROSTED_ICE]" time="0"/>
  <testcase classname="org.bukkit.PerMaterialTest" name="isFuel[304: FROSTED_ICE]" time="0"/>
  <testcase classname="org.bukkit.PerMaterialTest" name="testItem[304: FROSTED_ICE]" time="0"/>
  <testcase classname="org.bukkit.PerMaterialTest" name="testBlastResistance[304: FROSTED_ICE]" time="0"/>
  <testcase classname="org.bukkit.PerMaterialTest" name="isEdible[304: FROSTED_ICE]" time="0"/>
  <testcase classname="org.bukkit.PerMaterialTest" name="maxDurability[304: FROSTED_ICE]" time="0"/>
  <testcase classname="org.bukkit.PerMaterialTest" name="usesDurability[304: FROSTED_ICE]" time="0"/>
  <testcase classname="org.bukkit.PerMaterialTest" name="isOccluding[304: FROSTED_ICE]" time="0"/>
  <testcase classname="org.bukkit.PerMaterialTest" name="isRecord[304: FROSTED_ICE]" time="0"/>
  <testcase classname="org.bukkit.PerMaterialTest" name="isFlammable[304: FROSTED_ICE]" time="0"/>
  <testcase classname="org.bukkit.PerMaterialTest" name="testDurability[304: FROSTED_ICE]" time="0"/>
  <testcase classname="org.bukkit.PerMaterialTest" name="testBlockHardness[304: FROSTED_ICE]" time="0"/>
  <testcase classname="org.bukkit.PerMaterialTest" name="maxStackSize[304: FROSTED_ICE]" time="0.001"/>
  <testcase classname="org.bukkit.PerMaterialTest" name="isTransparent[304: FROSTED_ICE]" time="0"/>
  <testcase classname="org.bukkit.PerMaterialTest" name="testBlockDataCreation[304: FROSTED_ICE]" time="0"/>
  <testcase classname="org.bukkit.PerMaterialTest" name="isBlock[304: FROSTED_ICE]" time="0"/>
  <testcase classname="org.bukkit.PerMaterialTest" name="isSolid[304: FROSTED_ICE]" time="0"/>
  <testcase classname="org.bukkit.PerMaterialTest" name="hasGravity[305: FURNACE]" time="0"/>
  <testcase classname="org.bukkit.PerMaterialTest" name="isBurnable[305: FURNACE]" time="0"/>
  <testcase classname="org.bukkit.PerMaterialTest" name="testInteractable[305: FURNACE]" time="0.001"/>
  <testcase classname="org.bukkit.PerMaterialTest" name="testBlock[305: FURNACE]" time="0"/>
  <testcase classname="org.bukkit.PerMaterialTest" name="isFuel[305: FURNACE]" time="0"/>
  <testcase classname="org.bukkit.PerMaterialTest" name="testItem[305: FURNACE]" time="0"/>
  <testcase classname="org.bukkit.PerMaterialTest" name="testBlastResistance[305: FURNACE]" time="0"/>
  <testcase classname="org.bukkit.PerMaterialTest" name="isEdible[305: FURNACE]" time="0"/>
  <testcase classname="org.bukkit.PerMaterialTest" name="maxDurability[305: FURNACE]" time="0"/>
  <testcase classname="org.bukkit.PerMaterialTest" name="usesDurability[305: FURNACE]" time="0"/>
  <testcase classname="org.bukkit.PerMaterialTest" name="isOccluding[305: FURNACE]" time="0"/>
  <testcase classname="org.bukkit.PerMaterialTest" name="isRecord[305: FURNACE]" time="0"/>
  <testcase classname="org.bukkit.PerMaterialTest" name="isFlammable[305: FURNACE]" time="0"/>
  <testcase classname="org.bukkit.PerMaterialTest" name="testDurability[305: FURNACE]" time="0"/>
  <testcase classname="org.bukkit.PerMaterialTest" name="testBlockHardness[305: FURNACE]" time="0"/>
  <testcase classname="org.bukkit.PerMaterialTest" name="maxStackSize[305: FURNACE]" time="0"/>
  <testcase classname="org.bukkit.PerMaterialTest" name="isTransparent[305: FURNACE]" time="0"/>
  <testcase classname="org.bukkit.PerMaterialTest" name="testBlockDataCreation[305: FURNACE]" time="0"/>
  <testcase classname="org.bukkit.PerMaterialTest" name="isBlock[305: FURNACE]" time="0"/>
  <testcase classname="org.bukkit.PerMaterialTest" name="isSolid[305: FURNACE]" time="0"/>
  <testcase classname="org.bukkit.PerMaterialTest" name="hasGravity[306: FURNACE_MINECART]" time="0"/>
  <testcase classname="org.bukkit.PerMaterialTest" name="isBurnable[306: FURNACE_MINECART]" time="0"/>
  <testcase classname="org.bukkit.PerMaterialTest" name="testInteractable[306: FURNACE_MINECART]" time="0"/>
  <testcase classname="org.bukkit.PerMaterialTest" name="testBlock[306: FURNACE_MINECART]" time="0"/>
  <testcase classname="org.bukkit.PerMaterialTest" name="isFuel[306: FURNACE_MINECART]" time="0"/>
  <testcase classname="org.bukkit.PerMaterialTest" name="testItem[306: FURNACE_MINECART]" time="0"/>
  <testcase classname="org.bukkit.PerMaterialTest" name="testBlastResistance[306: FURNACE_MINECART]" time="0"/>
  <testcase classname="org.bukkit.PerMaterialTest" name="isEdible[306: FURNACE_MINECART]" time="0"/>
  <testcase classname="org.bukkit.PerMaterialTest" name="maxDurability[306: FURNACE_MINECART]" time="0"/>
  <testcase classname="org.bukkit.PerMaterialTest" name="usesDurability[306: FURNACE_MINECART]" time="0"/>
  <testcase classname="org.bukkit.PerMaterialTest" name="isOccluding[306: FURNACE_MINECART]" time="0"/>
  <testcase classname="org.bukkit.PerMaterialTest" name="isRecord[306: FURNACE_MINECART]" time="0"/>
  <testcase classname="org.bukkit.PerMaterialTest" name="isFlammable[306: FURNACE_MINECART]" time="0"/>
  <testcase classname="org.bukkit.PerMaterialTest" name="testDurability[306: FURNACE_MINECART]" time="0"/>
  <testcase classname="org.bukkit.PerMaterialTest" name="testBlockHardness[306: FURNACE_MINECART]" time="0"/>
  <testcase classname="org.bukkit.PerMaterialTest" name="maxStackSize[306: FURNACE_MINECART]" time="0"/>
  <testcase classname="org.bukkit.PerMaterialTest" name="isTransparent[306: FURNACE_MINECART]" time="0.001"/>
  <testcase classname="org.bukkit.PerMaterialTest" name="testBlockDataCreation[306: FURNACE_MINECART]" time="0"/>
  <testcase classname="org.bukkit.PerMaterialTest" name="isBlock[306: FURNACE_MINECART]" time="0"/>
  <testcase classname="org.bukkit.PerMaterialTest" name="isSolid[306: FURNACE_MINECART]" time="0"/>
  <testcase classname="org.bukkit.PerMaterialTest" name="hasGravity[307: GHAST_SPAWN_EGG]" time="0"/>
  <testcase classname="org.bukkit.PerMaterialTest" name="isBurnable[307: GHAST_SPAWN_EGG]" time="0"/>
  <testcase classname="org.bukkit.PerMaterialTest" name="testInteractable[307: GHAST_SPAWN_EGG]" time="0"/>
  <testcase classname="org.bukkit.PerMaterialTest" name="testBlock[307: GHAST_SPAWN_EGG]" time="0"/>
  <testcase classname="org.bukkit.PerMaterialTest" name="isFuel[307: GHAST_SPAWN_EGG]" time="0.001"/>
  <testcase classname="org.bukkit.PerMaterialTest" name="testItem[307: GHAST_SPAWN_EGG]" time="0"/>
  <testcase classname="org.bukkit.PerMaterialTest" name="testBlastResistance[307: GHAST_SPAWN_EGG]" time="0"/>
  <testcase classname="org.bukkit.PerMaterialTest" name="isEdible[307: GHAST_SPAWN_EGG]" time="0"/>
  <testcase classname="org.bukkit.PerMaterialTest" name="maxDurability[307: GHAST_SPAWN_EGG]" time="0"/>
  <testcase classname="org.bukkit.PerMaterialTest" name="usesDurability[307: GHAST_SPAWN_EGG]" time="0"/>
  <testcase classname="org.bukkit.PerMaterialTest" name="isOccluding[307: GHAST_SPAWN_EGG]" time="0"/>
  <testcase classname="org.bukkit.PerMaterialTest" name="isRecord[307: GHAST_SPAWN_EGG]" time="0"/>
  <testcase classname="org.bukkit.PerMaterialTest" name="isFlammable[307: GHAST_SPAWN_EGG]" time="0"/>
  <testcase classname="org.bukkit.PerMaterialTest" name="testDurability[307: GHAST_SPAWN_EGG]" time="0"/>
  <testcase classname="org.bukkit.PerMaterialTest" name="testBlockHardness[307: GHAST_SPAWN_EGG]" time="0"/>
  <testcase classname="org.bukkit.PerMaterialTest" name="maxStackSize[307: GHAST_SPAWN_EGG]" time="0"/>
  <testcase classname="org.bukkit.PerMaterialTest" name="isTransparent[307: GHAST_SPAWN_EGG]" time="0"/>
  <testcase classname="org.bukkit.PerMaterialTest" name="testBlockDataCreation[307: GHAST_SPAWN_EGG]" time="0"/>
  <testcase classname="org.bukkit.PerMaterialTest" name="isBlock[307: GHAST_SPAWN_EGG]" time="0.001"/>
  <testcase classname="org.bukkit.PerMaterialTest" name="isSolid[307: GHAST_SPAWN_EGG]" time="0"/>
  <testcase classname="org.bukkit.PerMaterialTest" name="hasGravity[308: GHAST_TEAR]" time="0"/>
  <testcase classname="org.bukkit.PerMaterialTest" name="isBurnable[308: GHAST_TEAR]" time="0"/>
  <testcase classname="org.bukkit.PerMaterialTest" name="testInteractable[308: GHAST_TEAR]" time="0"/>
  <testcase classname="org.bukkit.PerMaterialTest" name="testBlock[308: GHAST_TEAR]" time="0"/>
  <testcase classname="org.bukkit.PerMaterialTest" name="isFuel[308: GHAST_TEAR]" time="0.001"/>
  <testcase classname="org.bukkit.PerMaterialTest" name="testItem[308: GHAST_TEAR]" time="0"/>
  <testcase classname="org.bukkit.PerMaterialTest" name="testBlastResistance[308: GHAST_TEAR]" time="0"/>
  <testcase classname="org.bukkit.PerMaterialTest" name="isEdible[308: GHAST_TEAR]" time="0"/>
  <testcase classname="org.bukkit.PerMaterialTest" name="maxDurability[308: GHAST_TEAR]" time="0"/>
  <testcase classname="org.bukkit.PerMaterialTest" name="usesDurability[308: GHAST_TEAR]" time="0"/>
  <testcase classname="org.bukkit.PerMaterialTest" name="isOccluding[308: GHAST_TEAR]" time="0"/>
  <testcase classname="org.bukkit.PerMaterialTest" name="isRecord[308: GHAST_TEAR]" time="0"/>
  <testcase classname="org.bukkit.PerMaterialTest" name="isFlammable[308: GHAST_TEAR]" time="0"/>
  <testcase classname="org.bukkit.PerMaterialTest" name="testDurability[308: GHAST_TEAR]" time="0"/>
  <testcase classname="org.bukkit.PerMaterialTest" name="testBlockHardness[308: GHAST_TEAR]" time="0"/>
  <testcase classname="org.bukkit.PerMaterialTest" name="maxStackSize[308: GHAST_TEAR]" time="0"/>
  <testcase classname="org.bukkit.PerMaterialTest" name="isTransparent[308: GHAST_TEAR]" time="0"/>
  <testcase classname="org.bukkit.PerMaterialTest" name="testBlockDataCreation[308: GHAST_TEAR]" time="0"/>
  <testcase classname="org.bukkit.PerMaterialTest" name="isBlock[308: GHAST_TEAR]" time="0"/>
  <testcase classname="org.bukkit.PerMaterialTest" name="isSolid[308: GHAST_TEAR]" time="0"/>
  <testcase classname="org.bukkit.PerMaterialTest" name="hasGravity[309: GLASS]" time="0.001"/>
  <testcase classname="org.bukkit.PerMaterialTest" name="isBurnable[309: GLASS]" time="0"/>
  <testcase classname="org.bukkit.PerMaterialTest" name="testInteractable[309: GLASS]" time="0"/>
  <testcase classname="org.bukkit.PerMaterialTest" name="testBlock[309: GLASS]" time="0"/>
  <testcase classname="org.bukkit.PerMaterialTest" name="isFuel[309: GLASS]" time="0"/>
  <testcase classname="org.bukkit.PerMaterialTest" name="testItem[309: GLASS]" time="0.001"/>
  <testcase classname="org.bukkit.PerMaterialTest" name="testBlastResistance[309: GLASS]" time="0"/>
  <testcase classname="org.bukkit.PerMaterialTest" name="isEdible[309: GLASS]" time="0"/>
  <testcase classname="org.bukkit.PerMaterialTest" name="maxDurability[309: GLASS]" time="0"/>
  <testcase classname="org.bukkit.PerMaterialTest" name="usesDurability[309: GLASS]" time="0"/>
  <testcase classname="org.bukkit.PerMaterialTest" name="isOccluding[309: GLASS]" time="0"/>
  <testcase classname="org.bukkit.PerMaterialTest" name="isRecord[309: GLASS]" time="0"/>
  <testcase classname="org.bukkit.PerMaterialTest" name="isFlammable[309: GLASS]" time="0"/>
  <testcase classname="org.bukkit.PerMaterialTest" name="testDurability[309: GLASS]" time="0"/>
  <testcase classname="org.bukkit.PerMaterialTest" name="testBlockHardness[309: GLASS]" time="0"/>
  <testcase classname="org.bukkit.PerMaterialTest" name="maxStackSize[309: GLASS]" time="0"/>
  <testcase classname="org.bukkit.PerMaterialTest" name="isTransparent[309: GLASS]" time="0"/>
  <testcase classname="org.bukkit.PerMaterialTest" name="testBlockDataCreation[309: GLASS]" time="0"/>
  <testcase classname="org.bukkit.PerMaterialTest" name="isBlock[309: GLASS]" time="0"/>
  <testcase classname="org.bukkit.PerMaterialTest" name="isSolid[309: GLASS]" time="0"/>
  <testcase classname="org.bukkit.PerMaterialTest" name="hasGravity[310: GLASS_BOTTLE]" time="0"/>
  <testcase classname="org.bukkit.PerMaterialTest" name="isBurnable[310: GLASS_BOTTLE]" time="0"/>
  <testcase classname="org.bukkit.PerMaterialTest" name="testInteractable[310: GLASS_BOTTLE]" time="0"/>
  <testcase classname="org.bukkit.PerMaterialTest" name="testBlock[310: GLASS_BOTTLE]" time="0"/>
  <testcase classname="org.bukkit.PerMaterialTest" name="isFuel[310: GLASS_BOTTLE]" time="0"/>
  <testcase classname="org.bukkit.PerMaterialTest" name="testItem[310: GLASS_BOTTLE]" time="0"/>
  <testcase classname="org.bukkit.PerMaterialTest" name="testBlastResistance[310: GLASS_BOTTLE]" time="0"/>
  <testcase classname="org.bukkit.PerMaterialTest" name="isEdible[310: GLASS_BOTTLE]" time="0.001"/>
  <testcase classname="org.bukkit.PerMaterialTest" name="maxDurability[310: GLASS_BOTTLE]" time="0"/>
  <testcase classname="org.bukkit.PerMaterialTest" name="usesDurability[310: GLASS_BOTTLE]" time="0"/>
  <testcase classname="org.bukkit.PerMaterialTest" name="isOccluding[310: GLASS_BOTTLE]" time="0"/>
  <testcase classname="org.bukkit.PerMaterialTest" name="isRecord[310: GLASS_BOTTLE]" time="0"/>
  <testcase classname="org.bukkit.PerMaterialTest" name="isFlammable[310: GLASS_BOTTLE]" time="0"/>
  <testcase classname="org.bukkit.PerMaterialTest" name="testDurability[310: GLASS_BOTTLE]" time="0"/>
  <testcase classname="org.bukkit.PerMaterialTest" name="testBlockHardness[310: GLASS_BOTTLE]" time="0"/>
  <testcase classname="org.bukkit.PerMaterialTest" name="maxStackSize[310: GLASS_BOTTLE]" time="0.001"/>
  <testcase classname="org.bukkit.PerMaterialTest" name="isTransparent[310: GLASS_BOTTLE]" time="0"/>
  <testcase classname="org.bukkit.PerMaterialTest" name="testBlockDataCreation[310: GLASS_BOTTLE]" time="0"/>
  <testcase classname="org.bukkit.PerMaterialTest" name="isBlock[310: GLASS_BOTTLE]" time="0"/>
  <testcase classname="org.bukkit.PerMaterialTest" name="isSolid[310: GLASS_BOTTLE]" time="0"/>
  <testcase classname="org.bukkit.PerMaterialTest" name="hasGravity[311: GLASS_PANE]" time="0"/>
  <testcase classname="org.bukkit.PerMaterialTest" name="isBurnable[311: GLASS_PANE]" time="0"/>
  <testcase classname="org.bukkit.PerMaterialTest" name="testInteractable[311: GLASS_PANE]" time="0.001"/>
  <testcase classname="org.bukkit.PerMaterialTest" name="testBlock[311: GLASS_PANE]" time="0"/>
  <testcase classname="org.bukkit.PerMaterialTest" name="isFuel[311: GLASS_PANE]" time="0"/>
  <testcase classname="org.bukkit.PerMaterialTest" name="testItem[311: GLASS_PANE]" time="0"/>
  <testcase classname="org.bukkit.PerMaterialTest" name="testBlastResistance[311: GLASS_PANE]" time="0"/>
  <testcase classname="org.bukkit.PerMaterialTest" name="isEdible[311: GLASS_PANE]" time="0"/>
  <testcase classname="org.bukkit.PerMaterialTest" name="maxDurability[311: GLASS_PANE]" time="0"/>
  <testcase classname="org.bukkit.PerMaterialTest" name="usesDurability[311: GLASS_PANE]" time="0"/>
  <testcase classname="org.bukkit.PerMaterialTest" name="isOccluding[311: GLASS_PANE]" time="0"/>
  <testcase classname="org.bukkit.PerMaterialTest" name="isRecord[311: GLASS_PANE]" time="0"/>
  <testcase classname="org.bukkit.PerMaterialTest" name="isFlammable[311: GLASS_PANE]" time="0"/>
  <testcase classname="org.bukkit.PerMaterialTest" name="testDurability[311: GLASS_PANE]" time="0"/>
  <testcase classname="org.bukkit.PerMaterialTest" name="testBlockHardness[311: GLASS_PANE]" time="0"/>
  <testcase classname="org.bukkit.PerMaterialTest" name="maxStackSize[311: GLASS_PANE]" time="0"/>
  <testcase classname="org.bukkit.PerMaterialTest" name="isTransparent[311: GLASS_PANE]" time="0"/>
  <testcase classname="org.bukkit.PerMaterialTest" name="testBlockDataCreation[311: GLASS_PANE]" time="0.001"/>
  <testcase classname="org.bukkit.PerMaterialTest" name="isBlock[311: GLASS_PANE]" time="0"/>
  <testcase classname="org.bukkit.PerMaterialTest" name="isSolid[311: GLASS_PANE]" time="0"/>
  <testcase classname="org.bukkit.PerMaterialTest" name="hasGravity[312: GLISTERING_MELON_SLICE]" time="0"/>
  <testcase classname="org.bukkit.PerMaterialTest" name="isBurnable[312: GLISTERING_MELON_SLICE]" time="0"/>
  <testcase classname="org.bukkit.PerMaterialTest" name="testInteractable[312: GLISTERING_MELON_SLICE]" time="0"/>
  <testcase classname="org.bukkit.PerMaterialTest" name="testBlock[312: GLISTERING_MELON_SLICE]" time="0"/>
  <testcase classname="org.bukkit.PerMaterialTest" name="isFuel[312: GLISTERING_MELON_SLICE]" time="0.001"/>
  <testcase classname="org.bukkit.PerMaterialTest" name="testItem[312: GLISTERING_MELON_SLICE]" time="0"/>
  <testcase classname="org.bukkit.PerMaterialTest" name="testBlastResistance[312: GLISTERING_MELON_SLICE]" time="0"/>
  <testcase classname="org.bukkit.PerMaterialTest" name="isEdible[312: GLISTERING_MELON_SLICE]" time="0"/>
  <testcase classname="org.bukkit.PerMaterialTest" name="maxDurability[312: GLISTERING_MELON_SLICE]" time="0"/>
  <testcase classname="org.bukkit.PerMaterialTest" name="usesDurability[312: GLISTERING_MELON_SLICE]" time="0"/>
  <testcase classname="org.bukkit.PerMaterialTest" name="isOccluding[312: GLISTERING_MELON_SLICE]" time="0"/>
  <testcase classname="org.bukkit.PerMaterialTest" name="isRecord[312: GLISTERING_MELON_SLICE]" time="0"/>
  <testcase classname="org.bukkit.PerMaterialTest" name="isFlammable[312: GLISTERING_MELON_SLICE]" time="0"/>
  <testcase classname="org.bukkit.PerMaterialTest" name="testDurability[312: GLISTERING_MELON_SLICE]" time="0"/>
  <testcase classname="org.bukkit.PerMaterialTest" name="testBlockHardness[312: GLISTERING_MELON_SLICE]" time="0"/>
  <testcase classname="org.bukkit.PerMaterialTest" name="maxStackSize[312: GLISTERING_MELON_SLICE]" time="0"/>
  <testcase classname="org.bukkit.PerMaterialTest" name="isTransparent[312: GLISTERING_MELON_SLICE]" time="0"/>
  <testcase classname="org.bukkit.PerMaterialTest" name="testBlockDataCreation[312: GLISTERING_MELON_SLICE]" time="0"/>
  <testcase classname="org.bukkit.PerMaterialTest" name="isBlock[312: GLISTERING_MELON_SLICE]" time="0"/>
  <testcase classname="org.bukkit.PerMaterialTest" name="isSolid[312: GLISTERING_MELON_SLICE]" time="0"/>
  <testcase classname="org.bukkit.PerMaterialTest" name="hasGravity[313: GLOWSTONE]" time="0"/>
  <testcase classname="org.bukkit.PerMaterialTest" name="isBurnable[313: GLOWSTONE]" time="0"/>
  <testcase classname="org.bukkit.PerMaterialTest" name="testInteractable[313: GLOWSTONE]" time="0"/>
  <testcase classname="org.bukkit.PerMaterialTest" name="testBlock[313: GLOWSTONE]" time="0.001"/>
  <testcase classname="org.bukkit.PerMaterialTest" name="isFuel[313: GLOWSTONE]" time="0"/>
  <testcase classname="org.bukkit.PerMaterialTest" name="testItem[313: GLOWSTONE]" time="0"/>
  <testcase classname="org.bukkit.PerMaterialTest" name="testBlastResistance[313: GLOWSTONE]" time="0"/>
  <testcase classname="org.bukkit.PerMaterialTest" name="isEdible[313: GLOWSTONE]" time="0"/>
  <testcase classname="org.bukkit.PerMaterialTest" name="maxDurability[313: GLOWSTONE]" time="0"/>
  <testcase classname="org.bukkit.PerMaterialTest" name="usesDurability[313: GLOWSTONE]" time="0.001"/>
  <testcase classname="org.bukkit.PerMaterialTest" name="isOccluding[313: GLOWSTONE]" time="0"/>
  <testcase classname="org.bukkit.PerMaterialTest" name="isRecord[313: GLOWSTONE]" time="0"/>
  <testcase classname="org.bukkit.PerMaterialTest" name="isFlammable[313: GLOWSTONE]" time="0"/>
  <testcase classname="org.bukkit.PerMaterialTest" name="testDurability[313: GLOWSTONE]" time="0"/>
  <testcase classname="org.bukkit.PerMaterialTest" name="testBlockHardness[313: GLOWSTONE]" time="0"/>
  <testcase classname="org.bukkit.PerMaterialTest" name="maxStackSize[313: GLOWSTONE]" time="0"/>
  <testcase classname="org.bukkit.PerMaterialTest" name="isTransparent[313: GLOWSTONE]" time="0.001"/>
  <testcase classname="org.bukkit.PerMaterialTest" name="testBlockDataCreation[313: GLOWSTONE]" time="0"/>
  <testcase classname="org.bukkit.PerMaterialTest" name="isBlock[313: GLOWSTONE]" time="0"/>
  <testcase classname="org.bukkit.PerMaterialTest" name="isSolid[313: GLOWSTONE]" time="0"/>
  <testcase classname="org.bukkit.PerMaterialTest" name="hasGravity[314: GLOWSTONE_DUST]" time="0"/>
  <testcase classname="org.bukkit.PerMaterialTest" name="isBurnable[314: GLOWSTONE_DUST]" time="0"/>
  <testcase classname="org.bukkit.PerMaterialTest" name="testInteractable[314: GLOWSTONE_DUST]" time="0"/>
  <testcase classname="org.bukkit.PerMaterialTest" name="testBlock[314: GLOWSTONE_DUST]" time="0"/>
  <testcase classname="org.bukkit.PerMaterialTest" name="isFuel[314: GLOWSTONE_DUST]" time="0.001"/>
  <testcase classname="org.bukkit.PerMaterialTest" name="testItem[314: GLOWSTONE_DUST]" time="0"/>
  <testcase classname="org.bukkit.PerMaterialTest" name="testBlastResistance[314: GLOWSTONE_DUST]" time="0"/>
  <testcase classname="org.bukkit.PerMaterialTest" name="isEdible[314: GLOWSTONE_DUST]" time="0"/>
  <testcase classname="org.bukkit.PerMaterialTest" name="maxDurability[314: GLOWSTONE_DUST]" time="0"/>
  <testcase classname="org.bukkit.PerMaterialTest" name="usesDurability[314: GLOWSTONE_DUST]" time="0"/>
  <testcase classname="org.bukkit.PerMaterialTest" name="isOccluding[314: GLOWSTONE_DUST]" time="0"/>
  <testcase classname="org.bukkit.PerMaterialTest" name="isRecord[314: GLOWSTONE_DUST]" time="0.001"/>
  <testcase classname="org.bukkit.PerMaterialTest" name="isFlammable[314: GLOWSTONE_DUST]" time="0"/>
  <testcase classname="org.bukkit.PerMaterialTest" name="testDurability[314: GLOWSTONE_DUST]" time="0"/>
  <testcase classname="org.bukkit.PerMaterialTest" name="testBlockHardness[314: GLOWSTONE_DUST]" time="0"/>
  <testcase classname="org.bukkit.PerMaterialTest" name="maxStackSize[314: GLOWSTONE_DUST]" time="0"/>
  <testcase classname="org.bukkit.PerMaterialTest" name="isTransparent[314: GLOWSTONE_DUST]" time="0"/>
  <testcase classname="org.bukkit.PerMaterialTest" name="testBlockDataCreation[314: GLOWSTONE_DUST]" time="0"/>
  <testcase classname="org.bukkit.PerMaterialTest" name="isBlock[314: GLOWSTONE_DUST]" time="0"/>
  <testcase classname="org.bukkit.PerMaterialTest" name="isSolid[314: GLOWSTONE_DUST]" time="0"/>
  <testcase classname="org.bukkit.PerMaterialTest" name="hasGravity[315: GOLDEN_APPLE]" time="0"/>
  <testcase classname="org.bukkit.PerMaterialTest" name="isBurnable[315: GOLDEN_APPLE]" time="0"/>
  <testcase classname="org.bukkit.PerMaterialTest" name="testInteractable[315: GOLDEN_APPLE]" time="0"/>
  <testcase classname="org.bukkit.PerMaterialTest" name="testBlock[315: GOLDEN_APPLE]" time="0"/>
  <testcase classname="org.bukkit.PerMaterialTest" name="isFuel[315: GOLDEN_APPLE]" time="0"/>
  <testcase classname="org.bukkit.PerMaterialTest" name="testItem[315: GOLDEN_APPLE]" time="0"/>
  <testcase classname="org.bukkit.PerMaterialTest" name="testBlastResistance[315: GOLDEN_APPLE]" time="0"/>
  <testcase classname="org.bukkit.PerMaterialTest" name="isEdible[315: GOLDEN_APPLE]" time="0"/>
  <testcase classname="org.bukkit.PerMaterialTest" name="maxDurability[315: GOLDEN_APPLE]" time="0"/>
  <testcase classname="org.bukkit.PerMaterialTest" name="usesDurability[315: GOLDEN_APPLE]" time="0"/>
  <testcase classname="org.bukkit.PerMaterialTest" name="isOccluding[315: GOLDEN_APPLE]" time="0"/>
  <testcase classname="org.bukkit.PerMaterialTest" name="isRecord[315: GOLDEN_APPLE]" time="0"/>
  <testcase classname="org.bukkit.PerMaterialTest" name="isFlammable[315: GOLDEN_APPLE]" time="0"/>
  <testcase classname="org.bukkit.PerMaterialTest" name="testDurability[315: GOLDEN_APPLE]" time="0"/>
  <testcase classname="org.bukkit.PerMaterialTest" name="testBlockHardness[315: GOLDEN_APPLE]" time="0"/>
  <testcase classname="org.bukkit.PerMaterialTest" name="maxStackSize[315: GOLDEN_APPLE]" time="0"/>
  <testcase classname="org.bukkit.PerMaterialTest" name="isTransparent[315: GOLDEN_APPLE]" time="0"/>
  <testcase classname="org.bukkit.PerMaterialTest" name="testBlockDataCreation[315: GOLDEN_APPLE]" time="0"/>
  <testcase classname="org.bukkit.PerMaterialTest" name="isBlock[315: GOLDEN_APPLE]" time="0"/>
  <testcase classname="org.bukkit.PerMaterialTest" name="isSolid[315: GOLDEN_APPLE]" time="0"/>
  <testcase classname="org.bukkit.PerMaterialTest" name="hasGravity[316: GOLDEN_AXE]" time="0"/>
  <testcase classname="org.bukkit.PerMaterialTest" name="isBurnable[316: GOLDEN_AXE]" time="0"/>
  <testcase classname="org.bukkit.PerMaterialTest" name="testInteractable[316: GOLDEN_AXE]" time="0"/>
  <testcase classname="org.bukkit.PerMaterialTest" name="testBlock[316: GOLDEN_AXE]" time="0"/>
  <testcase classname="org.bukkit.PerMaterialTest" name="isFuel[316: GOLDEN_AXE]" time="0"/>
  <testcase classname="org.bukkit.PerMaterialTest" name="testItem[316: GOLDEN_AXE]" time="0"/>
  <testcase classname="org.bukkit.PerMaterialTest" name="testBlastResistance[316: GOLDEN_AXE]" time="0"/>
  <testcase classname="org.bukkit.PerMaterialTest" name="isEdible[316: GOLDEN_AXE]" time="0"/>
  <testcase classname="org.bukkit.PerMaterialTest" name="maxDurability[316: GOLDEN_AXE]" time="0"/>
  <testcase classname="org.bukkit.PerMaterialTest" name="usesDurability[316: GOLDEN_AXE]" time="0"/>
  <testcase classname="org.bukkit.PerMaterialTest" name="isOccluding[316: GOLDEN_AXE]" time="0"/>
  <testcase classname="org.bukkit.PerMaterialTest" name="isRecord[316: GOLDEN_AXE]" time="0"/>
  <testcase classname="org.bukkit.PerMaterialTest" name="isFlammable[316: GOLDEN_AXE]" time="0"/>
  <testcase classname="org.bukkit.PerMaterialTest" name="testDurability[316: GOLDEN_AXE]" time="0"/>
  <testcase classname="org.bukkit.PerMaterialTest" name="testBlockHardness[316: GOLDEN_AXE]" time="0"/>
  <testcase classname="org.bukkit.PerMaterialTest" name="maxStackSize[316: GOLDEN_AXE]" time="0"/>
  <testcase classname="org.bukkit.PerMaterialTest" name="isTransparent[316: GOLDEN_AXE]" time="0"/>
  <testcase classname="org.bukkit.PerMaterialTest" name="testBlockDataCreation[316: GOLDEN_AXE]" time="0"/>
  <testcase classname="org.bukkit.PerMaterialTest" name="isBlock[316: GOLDEN_AXE]" time="0"/>
  <testcase classname="org.bukkit.PerMaterialTest" name="isSolid[316: GOLDEN_AXE]" time="0"/>
  <testcase classname="org.bukkit.PerMaterialTest" name="hasGravity[317: GOLDEN_BOOTS]" time="0"/>
  <testcase classname="org.bukkit.PerMaterialTest" name="isBurnable[317: GOLDEN_BOOTS]" time="0"/>
  <testcase classname="org.bukkit.PerMaterialTest" name="testInteractable[317: GOLDEN_BOOTS]" time="0.001"/>
  <testcase classname="org.bukkit.PerMaterialTest" name="testBlock[317: GOLDEN_BOOTS]" time="0"/>
  <testcase classname="org.bukkit.PerMaterialTest" name="isFuel[317: GOLDEN_BOOTS]" time="0"/>
  <testcase classname="org.bukkit.PerMaterialTest" name="testItem[317: GOLDEN_BOOTS]" time="0"/>
  <testcase classname="org.bukkit.PerMaterialTest" name="testBlastResistance[317: GOLDEN_BOOTS]" time="0"/>
  <testcase classname="org.bukkit.PerMaterialTest" name="isEdible[317: GOLDEN_BOOTS]" time="0"/>
  <testcase classname="org.bukkit.PerMaterialTest" name="maxDurability[317: GOLDEN_BOOTS]" time="0"/>
  <testcase classname="org.bukkit.PerMaterialTest" name="usesDurability[317: GOLDEN_BOOTS]" time="0"/>
  <testcase classname="org.bukkit.PerMaterialTest" name="isOccluding[317: GOLDEN_BOOTS]" time="0"/>
  <testcase classname="org.bukkit.PerMaterialTest" name="isRecord[317: GOLDEN_BOOTS]" time="0"/>
  <testcase classname="org.bukkit.PerMaterialTest" name="isFlammable[317: GOLDEN_BOOTS]" time="0"/>
  <testcase classname="org.bukkit.PerMaterialTest" name="testDurability[317: GOLDEN_BOOTS]" time="0"/>
  <testcase classname="org.bukkit.PerMaterialTest" name="testBlockHardness[317: GOLDEN_BOOTS]" time="0"/>
  <testcase classname="org.bukkit.PerMaterialTest" name="maxStackSize[317: GOLDEN_BOOTS]" time="0"/>
  <testcase classname="org.bukkit.PerMaterialTest" name="isTransparent[317: GOLDEN_BOOTS]" time="0.001"/>
  <testcase classname="org.bukkit.PerMaterialTest" name="testBlockDataCreation[317: GOLDEN_BOOTS]" time="0"/>
  <testcase classname="org.bukkit.PerMaterialTest" name="isBlock[317: GOLDEN_BOOTS]" time="0"/>
  <testcase classname="org.bukkit.PerMaterialTest" name="isSolid[317: GOLDEN_BOOTS]" time="0"/>
  <testcase classname="org.bukkit.PerMaterialTest" name="hasGravity[318: GOLDEN_CARROT]" time="0"/>
  <testcase classname="org.bukkit.PerMaterialTest" name="isBurnable[318: GOLDEN_CARROT]" time="0"/>
  <testcase classname="org.bukkit.PerMaterialTest" name="testInteractable[318: GOLDEN_CARROT]" time="0"/>
  <testcase classname="org.bukkit.PerMaterialTest" name="testBlock[318: GOLDEN_CARROT]" time="0"/>
  <testcase classname="org.bukkit.PerMaterialTest" name="isFuel[318: GOLDEN_CARROT]" time="0.001"/>
  <testcase classname="org.bukkit.PerMaterialTest" name="testItem[318: GOLDEN_CARROT]" time="0"/>
  <testcase classname="org.bukkit.PerMaterialTest" name="testBlastResistance[318: GOLDEN_CARROT]" time="0"/>
  <testcase classname="org.bukkit.PerMaterialTest" name="isEdible[318: GOLDEN_CARROT]" time="0"/>
  <testcase classname="org.bukkit.PerMaterialTest" name="maxDurability[318: GOLDEN_CARROT]" time="0"/>
  <testcase classname="org.bukkit.PerMaterialTest" name="usesDurability[318: GOLDEN_CARROT]" time="0"/>
  <testcase classname="org.bukkit.PerMaterialTest" name="isOccluding[318: GOLDEN_CARROT]" time="0"/>
  <testcase classname="org.bukkit.PerMaterialTest" name="isRecord[318: GOLDEN_CARROT]" time="0"/>
  <testcase classname="org.bukkit.PerMaterialTest" name="isFlammable[318: GOLDEN_CARROT]" time="0"/>
  <testcase classname="org.bukkit.PerMaterialTest" name="testDurability[318: GOLDEN_CARROT]" time="0"/>
  <testcase classname="org.bukkit.PerMaterialTest" name="testBlockHardness[318: GOLDEN_CARROT]" time="0"/>
  <testcase classname="org.bukkit.PerMaterialTest" name="maxStackSize[318: GOLDEN_CARROT]" time="0"/>
  <testcase classname="org.bukkit.PerMaterialTest" name="isTransparent[318: GOLDEN_CARROT]" time="0"/>
  <testcase classname="org.bukkit.PerMaterialTest" name="testBlockDataCreation[318: GOLDEN_CARROT]" time="0"/>
  <testcase classname="org.bukkit.PerMaterialTest" name="isBlock[318: GOLDEN_CARROT]" time="0"/>
  <testcase classname="org.bukkit.PerMaterialTest" name="isSolid[318: GOLDEN_CARROT]" time="0"/>
  <testcase classname="org.bukkit.PerMaterialTest" name="hasGravity[319: GOLDEN_CHESTPLATE]" time="0"/>
  <testcase classname="org.bukkit.PerMaterialTest" name="isBurnable[319: GOLDEN_CHESTPLATE]" time="0"/>
  <testcase classname="org.bukkit.PerMaterialTest" name="testInteractable[319: GOLDEN_CHESTPLATE]" time="0"/>
  <testcase classname="org.bukkit.PerMaterialTest" name="testBlock[319: GOLDEN_CHESTPLATE]" time="0"/>
  <testcase classname="org.bukkit.PerMaterialTest" name="isFuel[319: GOLDEN_CHESTPLATE]" time="0.001"/>
  <testcase classname="org.bukkit.PerMaterialTest" name="testItem[319: GOLDEN_CHESTPLATE]" time="0"/>
  <testcase classname="org.bukkit.PerMaterialTest" name="testBlastResistance[319: GOLDEN_CHESTPLATE]" time="0"/>
  <testcase classname="org.bukkit.PerMaterialTest" name="isEdible[319: GOLDEN_CHESTPLATE]" time="0"/>
  <testcase classname="org.bukkit.PerMaterialTest" name="maxDurability[319: GOLDEN_CHESTPLATE]" time="0"/>
  <testcase classname="org.bukkit.PerMaterialTest" name="usesDurability[319: GOLDEN_CHESTPLATE]" time="0"/>
  <testcase classname="org.bukkit.PerMaterialTest" name="isOccluding[319: GOLDEN_CHESTPLATE]" time="0"/>
  <testcase classname="org.bukkit.PerMaterialTest" name="isRecord[319: GOLDEN_CHESTPLATE]" time="0"/>
  <testcase classname="org.bukkit.PerMaterialTest" name="isFlammable[319: GOLDEN_CHESTPLATE]" time="0.001"/>
  <testcase classname="org.bukkit.PerMaterialTest" name="testDurability[319: GOLDEN_CHESTPLATE]" time="0"/>
  <testcase classname="org.bukkit.PerMaterialTest" name="testBlockHardness[319: GOLDEN_CHESTPLATE]" time="0"/>
  <testcase classname="org.bukkit.PerMaterialTest" name="maxStackSize[319: GOLDEN_CHESTPLATE]" time="0"/>
  <testcase classname="org.bukkit.PerMaterialTest" name="isTransparent[319: GOLDEN_CHESTPLATE]" time="0"/>
  <testcase classname="org.bukkit.PerMaterialTest" name="testBlockDataCreation[319: GOLDEN_CHESTPLATE]" time="0"/>
  <testcase classname="org.bukkit.PerMaterialTest" name="isBlock[319: GOLDEN_CHESTPLATE]" time="0"/>
  <testcase classname="org.bukkit.PerMaterialTest" name="isSolid[319: GOLDEN_CHESTPLATE]" time="0"/>
  <testcase classname="org.bukkit.PerMaterialTest" name="hasGravity[320: GOLDEN_HELMET]" time="0"/>
  <testcase classname="org.bukkit.PerMaterialTest" name="isBurnable[320: GOLDEN_HELMET]" time="0"/>
  <testcase classname="org.bukkit.PerMaterialTest" name="testInteractable[320: GOLDEN_HELMET]" time="0"/>
  <testcase classname="org.bukkit.PerMaterialTest" name="testBlock[320: GOLDEN_HELMET]" time="0"/>
  <testcase classname="org.bukkit.PerMaterialTest" name="isFuel[320: GOLDEN_HELMET]" time="0"/>
  <testcase classname="org.bukkit.PerMaterialTest" name="testItem[320: GOLDEN_HELMET]" time="0"/>
  <testcase classname="org.bukkit.PerMaterialTest" name="testBlastResistance[320: GOLDEN_HELMET]" time="0"/>
  <testcase classname="org.bukkit.PerMaterialTest" name="isEdible[320: GOLDEN_HELMET]" time="0"/>
  <testcase classname="org.bukkit.PerMaterialTest" name="maxDurability[320: GOLDEN_HELMET]" time="0"/>
  <testcase classname="org.bukkit.PerMaterialTest" name="usesDurability[320: GOLDEN_HELMET]" time="0"/>
  <testcase classname="org.bukkit.PerMaterialTest" name="isOccluding[320: GOLDEN_HELMET]" time="0"/>
  <testcase classname="org.bukkit.PerMaterialTest" name="isRecord[320: GOLDEN_HELMET]" time="0"/>
  <testcase classname="org.bukkit.PerMaterialTest" name="isFlammable[320: GOLDEN_HELMET]" time="0"/>
  <testcase classname="org.bukkit.PerMaterialTest" name="testDurability[320: GOLDEN_HELMET]" time="0"/>
  <testcase classname="org.bukkit.PerMaterialTest" name="testBlockHardness[320: GOLDEN_HELMET]" time="0.001"/>
  <testcase classname="org.bukkit.PerMaterialTest" name="maxStackSize[320: GOLDEN_HELMET]" time="0"/>
  <testcase classname="org.bukkit.PerMaterialTest" name="isTransparent[320: GOLDEN_HELMET]" time="0"/>
  <testcase classname="org.bukkit.PerMaterialTest" name="testBlockDataCreation[320: GOLDEN_HELMET]" time="0"/>
  <testcase classname="org.bukkit.PerMaterialTest" name="isBlock[320: GOLDEN_HELMET]" time="0"/>
  <testcase classname="org.bukkit.PerMaterialTest" name="isSolid[320: GOLDEN_HELMET]" time="0"/>
  <testcase classname="org.bukkit.PerMaterialTest" name="hasGravity[321: GOLDEN_HOE]" time="0"/>
  <testcase classname="org.bukkit.PerMaterialTest" name="isBurnable[321: GOLDEN_HOE]" time="0"/>
  <testcase classname="org.bukkit.PerMaterialTest" name="testInteractable[321: GOLDEN_HOE]" time="0"/>
  <testcase classname="org.bukkit.PerMaterialTest" name="testBlock[321: GOLDEN_HOE]" time="0"/>
  <testcase classname="org.bukkit.PerMaterialTest" name="isFuel[321: GOLDEN_HOE]" time="0"/>
  <testcase classname="org.bukkit.PerMaterialTest" name="testItem[321: GOLDEN_HOE]" time="0"/>
  <testcase classname="org.bukkit.PerMaterialTest" name="testBlastResistance[321: GOLDEN_HOE]" time="0"/>
  <testcase classname="org.bukkit.PerMaterialTest" name="isEdible[321: GOLDEN_HOE]" time="0"/>
  <testcase classname="org.bukkit.PerMaterialTest" name="maxDurability[321: GOLDEN_HOE]" time="0.001"/>
  <testcase classname="org.bukkit.PerMaterialTest" name="usesDurability[321: GOLDEN_HOE]" time="0"/>
  <testcase classname="org.bukkit.PerMaterialTest" name="isOccluding[321: GOLDEN_HOE]" time="0"/>
  <testcase classname="org.bukkit.PerMaterialTest" name="isRecord[321: GOLDEN_HOE]" time="0"/>
  <testcase classname="org.bukkit.PerMaterialTest" name="isFlammable[321: GOLDEN_HOE]" time="0"/>
  <testcase classname="org.bukkit.PerMaterialTest" name="testDurability[321: GOLDEN_HOE]" time="0"/>
  <testcase classname="org.bukkit.PerMaterialTest" name="testBlockHardness[321: GOLDEN_HOE]" time="0"/>
  <testcase classname="org.bukkit.PerMaterialTest" name="maxStackSize[321: GOLDEN_HOE]" time="0"/>
  <testcase classname="org.bukkit.PerMaterialTest" name="isTransparent[321: GOLDEN_HOE]" time="0"/>
  <testcase classname="org.bukkit.PerMaterialTest" name="testBlockDataCreation[321: GOLDEN_HOE]" time="0"/>
  <testcase classname="org.bukkit.PerMaterialTest" name="isBlock[321: GOLDEN_HOE]" time="0"/>
  <testcase classname="org.bukkit.PerMaterialTest" name="isSolid[321: GOLDEN_HOE]" time="0"/>
  <testcase classname="org.bukkit.PerMaterialTest" name="hasGravity[322: GOLDEN_HORSE_ARMOR]" time="0"/>
  <testcase classname="org.bukkit.PerMaterialTest" name="isBurnable[322: GOLDEN_HORSE_ARMOR]" time="0"/>
  <testcase classname="org.bukkit.PerMaterialTest" name="testInteractable[322: GOLDEN_HORSE_ARMOR]" time="0"/>
  <testcase classname="org.bukkit.PerMaterialTest" name="testBlock[322: GOLDEN_HORSE_ARMOR]" time="0"/>
  <testcase classname="org.bukkit.PerMaterialTest" name="isFuel[322: GOLDEN_HORSE_ARMOR]" time="0"/>
  <testcase classname="org.bukkit.PerMaterialTest" name="testItem[322: GOLDEN_HORSE_ARMOR]" time="0"/>
  <testcase classname="org.bukkit.PerMaterialTest" name="testBlastResistance[322: GOLDEN_HORSE_ARMOR]" time="0"/>
  <testcase classname="org.bukkit.PerMaterialTest" name="isEdible[322: GOLDEN_HORSE_ARMOR]" time="0"/>
  <testcase classname="org.bukkit.PerMaterialTest" name="maxDurability[322: GOLDEN_HORSE_ARMOR]" time="0"/>
  <testcase classname="org.bukkit.PerMaterialTest" name="usesDurability[322: GOLDEN_HORSE_ARMOR]" time="0"/>
  <testcase classname="org.bukkit.PerMaterialTest" name="isOccluding[322: GOLDEN_HORSE_ARMOR]" time="0"/>
  <testcase classname="org.bukkit.PerMaterialTest" name="isRecord[322: GOLDEN_HORSE_ARMOR]" time="0"/>
  <testcase classname="org.bukkit.PerMaterialTest" name="isFlammable[322: GOLDEN_HORSE_ARMOR]" time="0"/>
  <testcase classname="org.bukkit.PerMaterialTest" name="testDurability[322: GOLDEN_HORSE_ARMOR]" time="0"/>
  <testcase classname="org.bukkit.PerMaterialTest" name="testBlockHardness[322: GOLDEN_HORSE_ARMOR]" time="0"/>
  <testcase classname="org.bukkit.PerMaterialTest" name="maxStackSize[322: GOLDEN_HORSE_ARMOR]" time="0"/>
  <testcase classname="org.bukkit.PerMaterialTest" name="isTransparent[322: GOLDEN_HORSE_ARMOR]" time="0"/>
  <testcase classname="org.bukkit.PerMaterialTest" name="testBlockDataCreation[322: GOLDEN_HORSE_ARMOR]" time="0"/>
  <testcase classname="org.bukkit.PerMaterialTest" name="isBlock[322: GOLDEN_HORSE_ARMOR]" time="0"/>
  <testcase classname="org.bukkit.PerMaterialTest" name="isSolid[322: GOLDEN_HORSE_ARMOR]" time="0"/>
  <testcase classname="org.bukkit.PerMaterialTest" name="hasGravity[323: GOLDEN_LEGGINGS]" time="0"/>
  <testcase classname="org.bukkit.PerMaterialTest" name="isBurnable[323: GOLDEN_LEGGINGS]" time="0"/>
  <testcase classname="org.bukkit.PerMaterialTest" name="testInteractable[323: GOLDEN_LEGGINGS]" time="0"/>
  <testcase classname="org.bukkit.PerMaterialTest" name="testBlock[323: GOLDEN_LEGGINGS]" time="0"/>
  <testcase classname="org.bukkit.PerMaterialTest" name="isFuel[323: GOLDEN_LEGGINGS]" time="0.001"/>
  <testcase classname="org.bukkit.PerMaterialTest" name="testItem[323: GOLDEN_LEGGINGS]" time="0"/>
  <testcase classname="org.bukkit.PerMaterialTest" name="testBlastResistance[323: GOLDEN_LEGGINGS]" time="0"/>
  <testcase classname="org.bukkit.PerMaterialTest" name="isEdible[323: GOLDEN_LEGGINGS]" time="0"/>
  <testcase classname="org.bukkit.PerMaterialTest" name="maxDurability[323: GOLDEN_LEGGINGS]" time="0"/>
  <testcase classname="org.bukkit.PerMaterialTest" name="usesDurability[323: GOLDEN_LEGGINGS]" time="0"/>
  <testcase classname="org.bukkit.PerMaterialTest" name="isOccluding[323: GOLDEN_LEGGINGS]" time="0"/>
  <testcase classname="org.bukkit.PerMaterialTest" name="isRecord[323: GOLDEN_LEGGINGS]" time="0.001"/>
  <testcase classname="org.bukkit.PerMaterialTest" name="isFlammable[323: GOLDEN_LEGGINGS]" time="0"/>
  <testcase classname="org.bukkit.PerMaterialTest" name="testDurability[323: GOLDEN_LEGGINGS]" time="0"/>
  <testcase classname="org.bukkit.PerMaterialTest" name="testBlockHardness[323: GOLDEN_LEGGINGS]" time="0"/>
  <testcase classname="org.bukkit.PerMaterialTest" name="maxStackSize[323: GOLDEN_LEGGINGS]" time="0"/>
  <testcase classname="org.bukkit.PerMaterialTest" name="isTransparent[323: GOLDEN_LEGGINGS]" time="0"/>
  <testcase classname="org.bukkit.PerMaterialTest" name="testBlockDataCreation[323: GOLDEN_LEGGINGS]" time="0"/>
  <testcase classname="org.bukkit.PerMaterialTest" name="isBlock[323: GOLDEN_LEGGINGS]" time="0.001"/>
  <testcase classname="org.bukkit.PerMaterialTest" name="isSolid[323: GOLDEN_LEGGINGS]" time="0"/>
  <testcase classname="org.bukkit.PerMaterialTest" name="hasGravity[324: GOLDEN_PICKAXE]" time="0"/>
  <testcase classname="org.bukkit.PerMaterialTest" name="isBurnable[324: GOLDEN_PICKAXE]" time="0"/>
  <testcase classname="org.bukkit.PerMaterialTest" name="testInteractable[324: GOLDEN_PICKAXE]" time="0"/>
  <testcase classname="org.bukkit.PerMaterialTest" name="testBlock[324: GOLDEN_PICKAXE]" time="0"/>
  <testcase classname="org.bukkit.PerMaterialTest" name="isFuel[324: GOLDEN_PICKAXE]" time="0"/>
  <testcase classname="org.bukkit.PerMaterialTest" name="testItem[324: GOLDEN_PICKAXE]" time="0"/>
  <testcase classname="org.bukkit.PerMaterialTest" name="testBlastResistance[324: GOLDEN_PICKAXE]" time="0"/>
  <testcase classname="org.bukkit.PerMaterialTest" name="isEdible[324: GOLDEN_PICKAXE]" time="0"/>
  <testcase classname="org.bukkit.PerMaterialTest" name="maxDurability[324: GOLDEN_PICKAXE]" time="0"/>
  <testcase classname="org.bukkit.PerMaterialTest" name="usesDurability[324: GOLDEN_PICKAXE]" time="0"/>
  <testcase classname="org.bukkit.PerMaterialTest" name="isOccluding[324: GOLDEN_PICKAXE]" time="0"/>
  <testcase classname="org.bukkit.PerMaterialTest" name="isRecord[324: GOLDEN_PICKAXE]" time="0"/>
  <testcase classname="org.bukkit.PerMaterialTest" name="isFlammable[324: GOLDEN_PICKAXE]" time="0"/>
  <testcase classname="org.bukkit.PerMaterialTest" name="testDurability[324: GOLDEN_PICKAXE]" time="0"/>
  <testcase classname="org.bukkit.PerMaterialTest" name="testBlockHardness[324: GOLDEN_PICKAXE]" time="0"/>
  <testcase classname="org.bukkit.PerMaterialTest" name="maxStackSize[324: GOLDEN_PICKAXE]" time="0"/>
  <testcase classname="org.bukkit.PerMaterialTest" name="isTransparent[324: GOLDEN_PICKAXE]" time="0"/>
  <testcase classname="org.bukkit.PerMaterialTest" name="testBlockDataCreation[324: GOLDEN_PICKAXE]" time="0"/>
  <testcase classname="org.bukkit.PerMaterialTest" name="isBlock[324: GOLDEN_PICKAXE]" time="0"/>
  <testcase classname="org.bukkit.PerMaterialTest" name="isSolid[324: GOLDEN_PICKAXE]" time="0"/>
  <testcase classname="org.bukkit.PerMaterialTest" name="hasGravity[325: GOLDEN_SHOVEL]" time="0.001"/>
  <testcase classname="org.bukkit.PerMaterialTest" name="isBurnable[325: GOLDEN_SHOVEL]" time="0"/>
  <testcase classname="org.bukkit.PerMaterialTest" name="testInteractable[325: GOLDEN_SHOVEL]" time="0"/>
  <testcase classname="org.bukkit.PerMaterialTest" name="testBlock[325: GOLDEN_SHOVEL]" time="0"/>
  <testcase classname="org.bukkit.PerMaterialTest" name="isFuel[325: GOLDEN_SHOVEL]" time="0"/>
  <testcase classname="org.bukkit.PerMaterialTest" name="testItem[325: GOLDEN_SHOVEL]" time="0"/>
  <testcase classname="org.bukkit.PerMaterialTest" name="testBlastResistance[325: GOLDEN_SHOVEL]" time="0"/>
  <testcase classname="org.bukkit.PerMaterialTest" name="isEdible[325: GOLDEN_SHOVEL]" time="0"/>
  <testcase classname="org.bukkit.PerMaterialTest" name="maxDurability[325: GOLDEN_SHOVEL]" time="0"/>
  <testcase classname="org.bukkit.PerMaterialTest" name="usesDurability[325: GOLDEN_SHOVEL]" time="0"/>
  <testcase classname="org.bukkit.PerMaterialTest" name="isOccluding[325: GOLDEN_SHOVEL]" time="0"/>
  <testcase classname="org.bukkit.PerMaterialTest" name="isRecord[325: GOLDEN_SHOVEL]" time="0"/>
  <testcase classname="org.bukkit.PerMaterialTest" name="isFlammable[325: GOLDEN_SHOVEL]" time="0"/>
  <testcase classname="org.bukkit.PerMaterialTest" name="testDurability[325: GOLDEN_SHOVEL]" time="0"/>
  <testcase classname="org.bukkit.PerMaterialTest" name="testBlockHardness[325: GOLDEN_SHOVEL]" time="0"/>
  <testcase classname="org.bukkit.PerMaterialTest" name="maxStackSize[325: GOLDEN_SHOVEL]" time="0"/>
  <testcase classname="org.bukkit.PerMaterialTest" name="isTransparent[325: GOLDEN_SHOVEL]" time="0"/>
  <testcase classname="org.bukkit.PerMaterialTest" name="testBlockDataCreation[325: GOLDEN_SHOVEL]" time="0"/>
  <testcase classname="org.bukkit.PerMaterialTest" name="isBlock[325: GOLDEN_SHOVEL]" time="0"/>
  <testcase classname="org.bukkit.PerMaterialTest" name="isSolid[325: GOLDEN_SHOVEL]" time="0"/>
  <testcase classname="org.bukkit.PerMaterialTest" name="hasGravity[326: GOLDEN_SWORD]" time="0"/>
  <testcase classname="org.bukkit.PerMaterialTest" name="isBurnable[326: GOLDEN_SWORD]" time="0.001"/>
  <testcase classname="org.bukkit.PerMaterialTest" name="testInteractable[326: GOLDEN_SWORD]" time="0"/>
  <testcase classname="org.bukkit.PerMaterialTest" name="testBlock[326: GOLDEN_SWORD]" time="0"/>
  <testcase classname="org.bukkit.PerMaterialTest" name="isFuel[326: GOLDEN_SWORD]" time="0"/>
  <testcase classname="org.bukkit.PerMaterialTest" name="testItem[326: GOLDEN_SWORD]" time="0"/>
  <testcase classname="org.bukkit.PerMaterialTest" name="testBlastResistance[326: GOLDEN_SWORD]" time="0"/>
  <testcase classname="org.bukkit.PerMaterialTest" name="isEdible[326: GOLDEN_SWORD]" time="0"/>
  <testcase classname="org.bukkit.PerMaterialTest" name="maxDurability[326: GOLDEN_SWORD]" time="0.001"/>
  <testcase classname="org.bukkit.PerMaterialTest" name="usesDurability[326: GOLDEN_SWORD]" time="0"/>
  <testcase classname="org.bukkit.PerMaterialTest" name="isOccluding[326: GOLDEN_SWORD]" time="0"/>
  <testcase classname="org.bukkit.PerMaterialTest" name="isRecord[326: GOLDEN_SWORD]" time="0"/>
  <testcase classname="org.bukkit.PerMaterialTest" name="isFlammable[326: GOLDEN_SWORD]" time="0"/>
  <testcase classname="org.bukkit.PerMaterialTest" name="testDurability[326: GOLDEN_SWORD]" time="0"/>
  <testcase classname="org.bukkit.PerMaterialTest" name="testBlockHardness[326: GOLDEN_SWORD]" time="0"/>
  <testcase classname="org.bukkit.PerMaterialTest" name="maxStackSize[326: GOLDEN_SWORD]" time="0"/>
  <testcase classname="org.bukkit.PerMaterialTest" name="isTransparent[326: GOLDEN_SWORD]" time="0"/>
  <testcase classname="org.bukkit.PerMaterialTest" name="testBlockDataCreation[326: GOLDEN_SWORD]" time="0"/>
  <testcase classname="org.bukkit.PerMaterialTest" name="isBlock[326: GOLDEN_SWORD]" time="0"/>
  <testcase classname="org.bukkit.PerMaterialTest" name="isSolid[326: GOLDEN_SWORD]" time="0"/>
  <testcase classname="org.bukkit.PerMaterialTest" name="hasGravity[327: GOLD_BLOCK]" time="0"/>
  <testcase classname="org.bukkit.PerMaterialTest" name="isBurnable[327: GOLD_BLOCK]" time="0"/>
  <testcase classname="org.bukkit.PerMaterialTest" name="testInteractable[327: GOLD_BLOCK]" time="0"/>
  <testcase classname="org.bukkit.PerMaterialTest" name="testBlock[327: GOLD_BLOCK]" time="0.001"/>
  <testcase classname="org.bukkit.PerMaterialTest" name="isFuel[327: GOLD_BLOCK]" time="0"/>
  <testcase classname="org.bukkit.PerMaterialTest" name="testItem[327: GOLD_BLOCK]" time="0"/>
  <testcase classname="org.bukkit.PerMaterialTest" name="testBlastResistance[327: GOLD_BLOCK]" time="0"/>
  <testcase classname="org.bukkit.PerMaterialTest" name="isEdible[327: GOLD_BLOCK]" time="0"/>
  <testcase classname="org.bukkit.PerMaterialTest" name="maxDurability[327: GOLD_BLOCK]" time="0"/>
  <testcase classname="org.bukkit.PerMaterialTest" name="usesDurability[327: GOLD_BLOCK]" time="0"/>
  <testcase classname="org.bukkit.PerMaterialTest" name="isOccluding[327: GOLD_BLOCK]" time="0"/>
  <testcase classname="org.bukkit.PerMaterialTest" name="isRecord[327: GOLD_BLOCK]" time="0"/>
  <testcase classname="org.bukkit.PerMaterialTest" name="isFlammable[327: GOLD_BLOCK]" time="0"/>
  <testcase classname="org.bukkit.PerMaterialTest" name="testDurability[327: GOLD_BLOCK]" time="0"/>
  <testcase classname="org.bukkit.PerMaterialTest" name="testBlockHardness[327: GOLD_BLOCK]" time="0"/>
  <testcase classname="org.bukkit.PerMaterialTest" name="maxStackSize[327: GOLD_BLOCK]" time="0"/>
  <testcase classname="org.bukkit.PerMaterialTest" name="isTransparent[327: GOLD_BLOCK]" time="0"/>
  <testcase classname="org.bukkit.PerMaterialTest" name="testBlockDataCreation[327: GOLD_BLOCK]" time="0"/>
  <testcase classname="org.bukkit.PerMaterialTest" name="isBlock[327: GOLD_BLOCK]" time="0"/>
  <testcase classname="org.bukkit.PerMaterialTest" name="isSolid[327: GOLD_BLOCK]" time="0"/>
  <testcase classname="org.bukkit.PerMaterialTest" name="hasGravity[328: GOLD_INGOT]" time="0"/>
  <testcase classname="org.bukkit.PerMaterialTest" name="isBurnable[328: GOLD_INGOT]" time="0"/>
  <testcase classname="org.bukkit.PerMaterialTest" name="testInteractable[328: GOLD_INGOT]" time="0"/>
  <testcase classname="org.bukkit.PerMaterialTest" name="testBlock[328: GOLD_INGOT]" time="0"/>
  <testcase classname="org.bukkit.PerMaterialTest" name="isFuel[328: GOLD_INGOT]" time="0.001"/>
  <testcase classname="org.bukkit.PerMaterialTest" name="testItem[328: GOLD_INGOT]" time="0"/>
  <testcase classname="org.bukkit.PerMaterialTest" name="testBlastResistance[328: GOLD_INGOT]" time="0"/>
  <testcase classname="org.bukkit.PerMaterialTest" name="isEdible[328: GOLD_INGOT]" time="0"/>
  <testcase classname="org.bukkit.PerMaterialTest" name="maxDurability[328: GOLD_INGOT]" time="0"/>
  <testcase classname="org.bukkit.PerMaterialTest" name="usesDurability[328: GOLD_INGOT]" time="0"/>
  <testcase classname="org.bukkit.PerMaterialTest" name="isOccluding[328: GOLD_INGOT]" time="0"/>
  <testcase classname="org.bukkit.PerMaterialTest" name="isRecord[328: GOLD_INGOT]" time="0.001"/>
  <testcase classname="org.bukkit.PerMaterialTest" name="isFlammable[328: GOLD_INGOT]" time="0"/>
  <testcase classname="org.bukkit.PerMaterialTest" name="testDurability[328: GOLD_INGOT]" time="0"/>
  <testcase classname="org.bukkit.PerMaterialTest" name="testBlockHardness[328: GOLD_INGOT]" time="0"/>
  <testcase classname="org.bukkit.PerMaterialTest" name="maxStackSize[328: GOLD_INGOT]" time="0"/>
  <testcase classname="org.bukkit.PerMaterialTest" name="isTransparent[328: GOLD_INGOT]" time="0"/>
  <testcase classname="org.bukkit.PerMaterialTest" name="testBlockDataCreation[328: GOLD_INGOT]" time="0"/>
  <testcase classname="org.bukkit.PerMaterialTest" name="isBlock[328: GOLD_INGOT]" time="0"/>
  <testcase classname="org.bukkit.PerMaterialTest" name="isSolid[328: GOLD_INGOT]" time="0"/>
  <testcase classname="org.bukkit.PerMaterialTest" name="hasGravity[329: GOLD_NUGGET]" time="0"/>
  <testcase classname="org.bukkit.PerMaterialTest" name="isBurnable[329: GOLD_NUGGET]" time="0"/>
  <testcase classname="org.bukkit.PerMaterialTest" name="testInteractable[329: GOLD_NUGGET]" time="0"/>
  <testcase classname="org.bukkit.PerMaterialTest" name="testBlock[329: GOLD_NUGGET]" time="0"/>
  <testcase classname="org.bukkit.PerMaterialTest" name="isFuel[329: GOLD_NUGGET]" time="0"/>
  <testcase classname="org.bukkit.PerMaterialTest" name="testItem[329: GOLD_NUGGET]" time="0.001"/>
  <testcase classname="org.bukkit.PerMaterialTest" name="testBlastResistance[329: GOLD_NUGGET]" time="0"/>
  <testcase classname="org.bukkit.PerMaterialTest" name="isEdible[329: GOLD_NUGGET]" time="0"/>
  <testcase classname="org.bukkit.PerMaterialTest" name="maxDurability[329: GOLD_NUGGET]" time="0"/>
  <testcase classname="org.bukkit.PerMaterialTest" name="usesDurability[329: GOLD_NUGGET]" time="0"/>
  <testcase classname="org.bukkit.PerMaterialTest" name="isOccluding[329: GOLD_NUGGET]" time="0"/>
  <testcase classname="org.bukkit.PerMaterialTest" name="isRecord[329: GOLD_NUGGET]" time="0"/>
  <testcase classname="org.bukkit.PerMaterialTest" name="isFlammable[329: GOLD_NUGGET]" time="0"/>
  <testcase classname="org.bukkit.PerMaterialTest" name="testDurability[329: GOLD_NUGGET]" time="0"/>
  <testcase classname="org.bukkit.PerMaterialTest" name="testBlockHardness[329: GOLD_NUGGET]" time="0"/>
  <testcase classname="org.bukkit.PerMaterialTest" name="maxStackSize[329: GOLD_NUGGET]" time="0"/>
  <testcase classname="org.bukkit.PerMaterialTest" name="isTransparent[329: GOLD_NUGGET]" time="0"/>
  <testcase classname="org.bukkit.PerMaterialTest" name="testBlockDataCreation[329: GOLD_NUGGET]" time="0"/>
  <testcase classname="org.bukkit.PerMaterialTest" name="isBlock[329: GOLD_NUGGET]" time="0"/>
  <testcase classname="org.bukkit.PerMaterialTest" name="isSolid[329: GOLD_NUGGET]" time="0"/>
  <testcase classname="org.bukkit.PerMaterialTest" name="hasGravity[330: GOLD_ORE]" time="0.001"/>
  <testcase classname="org.bukkit.PerMaterialTest" name="isBurnable[330: GOLD_ORE]" time="0"/>
  <testcase classname="org.bukkit.PerMaterialTest" name="testInteractable[330: GOLD_ORE]" time="0"/>
  <testcase classname="org.bukkit.PerMaterialTest" name="testBlock[330: GOLD_ORE]" time="0"/>
  <testcase classname="org.bukkit.PerMaterialTest" name="isFuel[330: GOLD_ORE]" time="0"/>
  <testcase classname="org.bukkit.PerMaterialTest" name="testItem[330: GOLD_ORE]" time="0"/>
  <testcase classname="org.bukkit.PerMaterialTest" name="testBlastResistance[330: GOLD_ORE]" time="0.001"/>
  <testcase classname="org.bukkit.PerMaterialTest" name="isEdible[330: GOLD_ORE]" time="0"/>
  <testcase classname="org.bukkit.PerMaterialTest" name="maxDurability[330: GOLD_ORE]" time="0"/>
  <testcase classname="org.bukkit.PerMaterialTest" name="usesDurability[330: GOLD_ORE]" time="0"/>
  <testcase classname="org.bukkit.PerMaterialTest" name="isOccluding[330: GOLD_ORE]" time="0"/>
  <testcase classname="org.bukkit.PerMaterialTest" name="isRecord[330: GOLD_ORE]" time="0"/>
  <testcase classname="org.bukkit.PerMaterialTest" name="isFlammable[330: GOLD_ORE]" time="0"/>
  <testcase classname="org.bukkit.PerMaterialTest" name="testDurability[330: GOLD_ORE]" time="0"/>
  <testcase classname="org.bukkit.PerMaterialTest" name="testBlockHardness[330: GOLD_ORE]" time="0.001"/>
  <testcase classname="org.bukkit.PerMaterialTest" name="maxStackSize[330: GOLD_ORE]" time="0"/>
  <testcase classname="org.bukkit.PerMaterialTest" name="isTransparent[330: GOLD_ORE]" time="0"/>
  <testcase classname="org.bukkit.PerMaterialTest" name="testBlockDataCreation[330: GOLD_ORE]" time="0"/>
  <testcase classname="org.bukkit.PerMaterialTest" name="isBlock[330: GOLD_ORE]" time="0"/>
  <testcase classname="org.bukkit.PerMaterialTest" name="isSolid[330: GOLD_ORE]" time="0"/>
  <testcase classname="org.bukkit.PerMaterialTest" name="hasGravity[331: GRANITE]" time="0"/>
  <testcase classname="org.bukkit.PerMaterialTest" name="isBurnable[331: GRANITE]" time="0"/>
  <testcase classname="org.bukkit.PerMaterialTest" name="testInteractable[331: GRANITE]" time="0"/>
  <testcase classname="org.bukkit.PerMaterialTest" name="testBlock[331: GRANITE]" time="0"/>
  <testcase classname="org.bukkit.PerMaterialTest" name="isFuel[331: GRANITE]" time="0"/>
  <testcase classname="org.bukkit.PerMaterialTest" name="testItem[331: GRANITE]" time="0"/>
  <testcase classname="org.bukkit.PerMaterialTest" name="testBlastResistance[331: GRANITE]" time="0"/>
  <testcase classname="org.bukkit.PerMaterialTest" name="isEdible[331: GRANITE]" time="0"/>
  <testcase classname="org.bukkit.PerMaterialTest" name="maxDurability[331: GRANITE]" time="0"/>
  <testcase classname="org.bukkit.PerMaterialTest" name="usesDurability[331: GRANITE]" time="0"/>
  <testcase classname="org.bukkit.PerMaterialTest" name="isOccluding[331: GRANITE]" time="0"/>
  <testcase classname="org.bukkit.PerMaterialTest" name="isRecord[331: GRANITE]" time="0"/>
  <testcase classname="org.bukkit.PerMaterialTest" name="isFlammable[331: GRANITE]" time="0"/>
  <testcase classname="org.bukkit.PerMaterialTest" name="testDurability[331: GRANITE]" time="0"/>
  <testcase classname="org.bukkit.PerMaterialTest" name="testBlockHardness[331: GRANITE]" time="0"/>
  <testcase classname="org.bukkit.PerMaterialTest" name="maxStackSize[331: GRANITE]" time="0"/>
  <testcase classname="org.bukkit.PerMaterialTest" name="isTransparent[331: GRANITE]" time="0"/>
  <testcase classname="org.bukkit.PerMaterialTest" name="testBlockDataCreation[331: GRANITE]" time="0"/>
  <testcase classname="org.bukkit.PerMaterialTest" name="isBlock[331: GRANITE]" time="0"/>
  <testcase classname="org.bukkit.PerMaterialTest" name="isSolid[331: GRANITE]" time="0"/>
  <testcase classname="org.bukkit.PerMaterialTest" name="hasGravity[332: GRASS]" time="0"/>
  <testcase classname="org.bukkit.PerMaterialTest" name="isBurnable[332: GRASS]" time="0"/>
  <testcase classname="org.bukkit.PerMaterialTest" name="testInteractable[332: GRASS]" time="0"/>
  <testcase classname="org.bukkit.PerMaterialTest" name="testBlock[332: GRASS]" time="0"/>
  <testcase classname="org.bukkit.PerMaterialTest" name="isFuel[332: GRASS]" time="0"/>
  <testcase classname="org.bukkit.PerMaterialTest" name="testItem[332: GRASS]" time="0"/>
  <testcase classname="org.bukkit.PerMaterialTest" name="testBlastResistance[332: GRASS]" time="0"/>
  <testcase classname="org.bukkit.PerMaterialTest" name="isEdible[332: GRASS]" time="0"/>
  <testcase classname="org.bukkit.PerMaterialTest" name="maxDurability[332: GRASS]" time="0"/>
  <testcase classname="org.bukkit.PerMaterialTest" name="usesDurability[332: GRASS]" time="0"/>
  <testcase classname="org.bukkit.PerMaterialTest" name="isOccluding[332: GRASS]" time="0"/>
  <testcase classname="org.bukkit.PerMaterialTest" name="isRecord[332: GRASS]" time="0"/>
  <testcase classname="org.bukkit.PerMaterialTest" name="isFlammable[332: GRASS]" time="0"/>
  <testcase classname="org.bukkit.PerMaterialTest" name="testDurability[332: GRASS]" time="0"/>
  <testcase classname="org.bukkit.PerMaterialTest" name="testBlockHardness[332: GRASS]" time="0"/>
  <testcase classname="org.bukkit.PerMaterialTest" name="maxStackSize[332: GRASS]" time="0.001"/>
  <testcase classname="org.bukkit.PerMaterialTest" name="isTransparent[332: GRASS]" time="0"/>
  <testcase classname="org.bukkit.PerMaterialTest" name="testBlockDataCreation[332: GRASS]" time="0"/>
  <testcase classname="org.bukkit.PerMaterialTest" name="isBlock[332: GRASS]" time="0"/>
  <testcase classname="org.bukkit.PerMaterialTest" name="isSolid[332: GRASS]" time="0"/>
  <testcase classname="org.bukkit.PerMaterialTest" name="hasGravity[333: GRASS_BLOCK]" time="0"/>
  <testcase classname="org.bukkit.PerMaterialTest" name="isBurnable[333: GRASS_BLOCK]" time="0"/>
  <testcase classname="org.bukkit.PerMaterialTest" name="testInteractable[333: GRASS_BLOCK]" time="0"/>
  <testcase classname="org.bukkit.PerMaterialTest" name="testBlock[333: GRASS_BLOCK]" time="0"/>
  <testcase classname="org.bukkit.PerMaterialTest" name="isFuel[333: GRASS_BLOCK]" time="0"/>
  <testcase classname="org.bukkit.PerMaterialTest" name="testItem[333: GRASS_BLOCK]" time="0"/>
  <testcase classname="org.bukkit.PerMaterialTest" name="testBlastResistance[333: GRASS_BLOCK]" time="0.001"/>
  <testcase classname="org.bukkit.PerMaterialTest" name="isEdible[333: GRASS_BLOCK]" time="0"/>
  <testcase classname="org.bukkit.PerMaterialTest" name="maxDurability[333: GRASS_BLOCK]" time="0"/>
  <testcase classname="org.bukkit.PerMaterialTest" name="usesDurability[333: GRASS_BLOCK]" time="0"/>
  <testcase classname="org.bukkit.PerMaterialTest" name="isOccluding[333: GRASS_BLOCK]" time="0"/>
  <testcase classname="org.bukkit.PerMaterialTest" name="isRecord[333: GRASS_BLOCK]" time="0"/>
  <testcase classname="org.bukkit.PerMaterialTest" name="isFlammable[333: GRASS_BLOCK]" time="0"/>
  <testcase classname="org.bukkit.PerMaterialTest" name="testDurability[333: GRASS_BLOCK]" time="0"/>
  <testcase classname="org.bukkit.PerMaterialTest" name="testBlockHardness[333: GRASS_BLOCK]" time="0"/>
  <testcase classname="org.bukkit.PerMaterialTest" name="maxStackSize[333: GRASS_BLOCK]" time="0"/>
  <testcase classname="org.bukkit.PerMaterialTest" name="isTransparent[333: GRASS_BLOCK]" time="0"/>
  <testcase classname="org.bukkit.PerMaterialTest" name="testBlockDataCreation[333: GRASS_BLOCK]" time="0"/>
  <testcase classname="org.bukkit.PerMaterialTest" name="isBlock[333: GRASS_BLOCK]" time="0"/>
  <testcase classname="org.bukkit.PerMaterialTest" name="isSolid[333: GRASS_BLOCK]" time="0"/>
  <testcase classname="org.bukkit.PerMaterialTest" name="hasGravity[334: GRASS_PATH]" time="0"/>
  <testcase classname="org.bukkit.PerMaterialTest" name="isBurnable[334: GRASS_PATH]" time="0"/>
  <testcase classname="org.bukkit.PerMaterialTest" name="testInteractable[334: GRASS_PATH]" time="0"/>
  <testcase classname="org.bukkit.PerMaterialTest" name="testBlock[334: GRASS_PATH]" time="0"/>
  <testcase classname="org.bukkit.PerMaterialTest" name="isFuel[334: GRASS_PATH]" time="0"/>
  <testcase classname="org.bukkit.PerMaterialTest" name="testItem[334: GRASS_PATH]" time="0"/>
  <testcase classname="org.bukkit.PerMaterialTest" name="testBlastResistance[334: GRASS_PATH]" time="0"/>
  <testcase classname="org.bukkit.PerMaterialTest" name="isEdible[334: GRASS_PATH]" time="0"/>
  <testcase classname="org.bukkit.PerMaterialTest" name="maxDurability[334: GRASS_PATH]" time="0"/>
  <testcase classname="org.bukkit.PerMaterialTest" name="usesDurability[334: GRASS_PATH]" time="0"/>
  <testcase classname="org.bukkit.PerMaterialTest" name="isOccluding[334: GRASS_PATH]" time="0"/>
  <testcase classname="org.bukkit.PerMaterialTest" name="isRecord[334: GRASS_PATH]" time="0"/>
  <testcase classname="org.bukkit.PerMaterialTest" name="isFlammable[334: GRASS_PATH]" time="0.001"/>
  <testcase classname="org.bukkit.PerMaterialTest" name="testDurability[334: GRASS_PATH]" time="0"/>
  <testcase classname="org.bukkit.PerMaterialTest" name="testBlockHardness[334: GRASS_PATH]" time="0"/>
  <testcase classname="org.bukkit.PerMaterialTest" name="maxStackSize[334: GRASS_PATH]" time="0"/>
  <testcase classname="org.bukkit.PerMaterialTest" name="isTransparent[334: GRASS_PATH]" time="0"/>
  <testcase classname="org.bukkit.PerMaterialTest" name="testBlockDataCreation[334: GRASS_PATH]" time="0"/>
  <testcase classname="org.bukkit.PerMaterialTest" name="isBlock[334: GRASS_PATH]" time="0"/>
  <testcase classname="org.bukkit.PerMaterialTest" name="isSolid[334: GRASS_PATH]" time="0.001"/>
  <testcase classname="org.bukkit.PerMaterialTest" name="hasGravity[335: GRAVEL]" time="0"/>
  <testcase classname="org.bukkit.PerMaterialTest" name="isBurnable[335: GRAVEL]" time="0"/>
  <testcase classname="org.bukkit.PerMaterialTest" name="testInteractable[335: GRAVEL]" time="0"/>
  <testcase classname="org.bukkit.PerMaterialTest" name="testBlock[335: GRAVEL]" time="0"/>
  <testcase classname="org.bukkit.PerMaterialTest" name="isFuel[335: GRAVEL]" time="0.001"/>
  <testcase classname="org.bukkit.PerMaterialTest" name="testItem[335: GRAVEL]" time="0"/>
  <testcase classname="org.bukkit.PerMaterialTest" name="testBlastResistance[335: GRAVEL]" time="0"/>
  <testcase classname="org.bukkit.PerMaterialTest" name="isEdible[335: GRAVEL]" time="0"/>
  <testcase classname="org.bukkit.PerMaterialTest" name="maxDurability[335: GRAVEL]" time="0"/>
  <testcase classname="org.bukkit.PerMaterialTest" name="usesDurability[335: GRAVEL]" time="0"/>
  <testcase classname="org.bukkit.PerMaterialTest" name="isOccluding[335: GRAVEL]" time="0"/>
  <testcase classname="org.bukkit.PerMaterialTest" name="isRecord[335: GRAVEL]" time="0"/>
  <testcase classname="org.bukkit.PerMaterialTest" name="isFlammable[335: GRAVEL]" time="0.001"/>
  <testcase classname="org.bukkit.PerMaterialTest" name="testDurability[335: GRAVEL]" time="0"/>
  <testcase classname="org.bukkit.PerMaterialTest" name="testBlockHardness[335: GRAVEL]" time="0"/>
  <testcase classname="org.bukkit.PerMaterialTest" name="maxStackSize[335: GRAVEL]" time="0"/>
  <testcase classname="org.bukkit.PerMaterialTest" name="isTransparent[335: GRAVEL]" time="0"/>
  <testcase classname="org.bukkit.PerMaterialTest" name="testBlockDataCreation[335: GRAVEL]" time="0"/>
  <testcase classname="org.bukkit.PerMaterialTest" name="isBlock[335: GRAVEL]" time="0"/>
  <testcase classname="org.bukkit.PerMaterialTest" name="isSolid[335: GRAVEL]" time="0.001"/>
  <testcase classname="org.bukkit.PerMaterialTest" name="hasGravity[336: GRAY_BANNER]" time="0"/>
  <testcase classname="org.bukkit.PerMaterialTest" name="isBurnable[336: GRAY_BANNER]" time="0"/>
  <testcase classname="org.bukkit.PerMaterialTest" name="testInteractable[336: GRAY_BANNER]" time="0"/>
  <testcase classname="org.bukkit.PerMaterialTest" name="testBlock[336: GRAY_BANNER]" time="0"/>
  <testcase classname="org.bukkit.PerMaterialTest" name="isFuel[336: GRAY_BANNER]" time="0.001"/>
  <testcase classname="org.bukkit.PerMaterialTest" name="testItem[336: GRAY_BANNER]" time="0"/>
  <testcase classname="org.bukkit.PerMaterialTest" name="testBlastResistance[336: GRAY_BANNER]" time="0"/>
  <testcase classname="org.bukkit.PerMaterialTest" name="isEdible[336: GRAY_BANNER]" time="0"/>
  <testcase classname="org.bukkit.PerMaterialTest" name="maxDurability[336: GRAY_BANNER]" time="0"/>
  <testcase classname="org.bukkit.PerMaterialTest" name="usesDurability[336: GRAY_BANNER]" time="0"/>
  <testcase classname="org.bukkit.PerMaterialTest" name="isOccluding[336: GRAY_BANNER]" time="0"/>
  <testcase classname="org.bukkit.PerMaterialTest" name="isRecord[336: GRAY_BANNER]" time="0"/>
  <testcase classname="org.bukkit.PerMaterialTest" name="isFlammable[336: GRAY_BANNER]" time="0"/>
  <testcase classname="org.bukkit.PerMaterialTest" name="testDurability[336: GRAY_BANNER]" time="0"/>
  <testcase classname="org.bukkit.PerMaterialTest" name="testBlockHardness[336: GRAY_BANNER]" time="0"/>
  <testcase classname="org.bukkit.PerMaterialTest" name="maxStackSize[336: GRAY_BANNER]" time="0"/>
  <testcase classname="org.bukkit.PerMaterialTest" name="isTransparent[336: GRAY_BANNER]" time="0"/>
  <testcase classname="org.bukkit.PerMaterialTest" name="testBlockDataCreation[336: GRAY_BANNER]" time="0"/>
  <testcase classname="org.bukkit.PerMaterialTest" name="isBlock[336: GRAY_BANNER]" time="0"/>
  <testcase classname="org.bukkit.PerMaterialTest" name="isSolid[336: GRAY_BANNER]" time="0.001"/>
  <testcase classname="org.bukkit.PerMaterialTest" name="hasGravity[337: GRAY_BED]" time="0"/>
  <testcase classname="org.bukkit.PerMaterialTest" name="isBurnable[337: GRAY_BED]" time="0"/>
  <testcase classname="org.bukkit.PerMaterialTest" name="testInteractable[337: GRAY_BED]" time="0"/>
  <testcase classname="org.bukkit.PerMaterialTest" name="testBlock[337: GRAY_BED]" time="0"/>
  <testcase classname="org.bukkit.PerMaterialTest" name="isFuel[337: GRAY_BED]" time="0"/>
  <testcase classname="org.bukkit.PerMaterialTest" name="testItem[337: GRAY_BED]" time="0"/>
  <testcase classname="org.bukkit.PerMaterialTest" name="testBlastResistance[337: GRAY_BED]" time="0"/>
  <testcase classname="org.bukkit.PerMaterialTest" name="isEdible[337: GRAY_BED]" time="0"/>
  <testcase classname="org.bukkit.PerMaterialTest" name="maxDurability[337: GRAY_BED]" time="0"/>
  <testcase classname="org.bukkit.PerMaterialTest" name="usesDurability[337: GRAY_BED]" time="0"/>
  <testcase classname="org.bukkit.PerMaterialTest" name="isOccluding[337: GRAY_BED]" time="0"/>
  <testcase classname="org.bukkit.PerMaterialTest" name="isRecord[337: GRAY_BED]" time="0"/>
  <testcase classname="org.bukkit.PerMaterialTest" name="isFlammable[337: GRAY_BED]" time="0"/>
  <testcase classname="org.bukkit.PerMaterialTest" name="testDurability[337: GRAY_BED]" time="0"/>
  <testcase classname="org.bukkit.PerMaterialTest" name="testBlockHardness[337: GRAY_BED]" time="0"/>
  <testcase classname="org.bukkit.PerMaterialTest" name="maxStackSize[337: GRAY_BED]" time="0"/>
  <testcase classname="org.bukkit.PerMaterialTest" name="isTransparent[337: GRAY_BED]" time="0"/>
  <testcase classname="org.bukkit.PerMaterialTest" name="testBlockDataCreation[337: GRAY_BED]" time="0"/>
  <testcase classname="org.bukkit.PerMaterialTest" name="isBlock[337: GRAY_BED]" time="0"/>
  <testcase classname="org.bukkit.PerMaterialTest" name="isSolid[337: GRAY_BED]" time="0"/>
  <testcase classname="org.bukkit.PerMaterialTest" name="hasGravity[338: GRAY_CARPET]" time="0"/>
  <testcase classname="org.bukkit.PerMaterialTest" name="isBurnable[338: GRAY_CARPET]" time="0"/>
  <testcase classname="org.bukkit.PerMaterialTest" name="testInteractable[338: GRAY_CARPET]" time="0"/>
  <testcase classname="org.bukkit.PerMaterialTest" name="testBlock[338: GRAY_CARPET]" time="0"/>
  <testcase classname="org.bukkit.PerMaterialTest" name="isFuel[338: GRAY_CARPET]" time="0"/>
  <testcase classname="org.bukkit.PerMaterialTest" name="testItem[338: GRAY_CARPET]" time="0.001"/>
  <testcase classname="org.bukkit.PerMaterialTest" name="testBlastResistance[338: GRAY_CARPET]" time="0"/>
  <testcase classname="org.bukkit.PerMaterialTest" name="isEdible[338: GRAY_CARPET]" time="0"/>
  <testcase classname="org.bukkit.PerMaterialTest" name="maxDurability[338: GRAY_CARPET]" time="0"/>
  <testcase classname="org.bukkit.PerMaterialTest" name="usesDurability[338: GRAY_CARPET]" time="0"/>
  <testcase classname="org.bukkit.PerMaterialTest" name="isOccluding[338: GRAY_CARPET]" time="0"/>
  <testcase classname="org.bukkit.PerMaterialTest" name="isRecord[338: GRAY_CARPET]" time="0"/>
  <testcase classname="org.bukkit.PerMaterialTest" name="isFlammable[338: GRAY_CARPET]" time="0"/>
  <testcase classname="org.bukkit.PerMaterialTest" name="testDurability[338: GRAY_CARPET]" time="0"/>
  <testcase classname="org.bukkit.PerMaterialTest" name="testBlockHardness[338: GRAY_CARPET]" time="0"/>
  <testcase classname="org.bukkit.PerMaterialTest" name="maxStackSize[338: GRAY_CARPET]" time="0"/>
  <testcase classname="org.bukkit.PerMaterialTest" name="isTransparent[338: GRAY_CARPET]" time="0"/>
  <testcase classname="org.bukkit.PerMaterialTest" name="testBlockDataCreation[338: GRAY_CARPET]" time="0"/>
  <testcase classname="org.bukkit.PerMaterialTest" name="isBlock[338: GRAY_CARPET]" time="0"/>
  <testcase classname="org.bukkit.PerMaterialTest" name="isSolid[338: GRAY_CARPET]" time="0"/>
  <testcase classname="org.bukkit.PerMaterialTest" name="hasGravity[339: GRAY_CONCRETE]" time="0"/>
  <testcase classname="org.bukkit.PerMaterialTest" name="isBurnable[339: GRAY_CONCRETE]" time="0"/>
  <testcase classname="org.bukkit.PerMaterialTest" name="testInteractable[339: GRAY_CONCRETE]" time="0"/>
  <testcase classname="org.bukkit.PerMaterialTest" name="testBlock[339: GRAY_CONCRETE]" time="0"/>
  <testcase classname="org.bukkit.PerMaterialTest" name="isFuel[339: GRAY_CONCRETE]" time="0"/>
  <testcase classname="org.bukkit.PerMaterialTest" name="testItem[339: GRAY_CONCRETE]" time="0.001"/>
  <testcase classname="org.bukkit.PerMaterialTest" name="testBlastResistance[339: GRAY_CONCRETE]" time="0"/>
  <testcase classname="org.bukkit.PerMaterialTest" name="isEdible[339: GRAY_CONCRETE]" time="0"/>
  <testcase classname="org.bukkit.PerMaterialTest" name="maxDurability[339: GRAY_CONCRETE]" time="0"/>
  <testcase classname="org.bukkit.PerMaterialTest" name="usesDurability[339: GRAY_CONCRETE]" time="0"/>
  <testcase classname="org.bukkit.PerMaterialTest" name="isOccluding[339: GRAY_CONCRETE]" time="0"/>
  <testcase classname="org.bukkit.PerMaterialTest" name="isRecord[339: GRAY_CONCRETE]" time="0"/>
  <testcase classname="org.bukkit.PerMaterialTest" name="isFlammable[339: GRAY_CONCRETE]" time="0"/>
  <testcase classname="org.bukkit.PerMaterialTest" name="testDurability[339: GRAY_CONCRETE]" time="0"/>
  <testcase classname="org.bukkit.PerMaterialTest" name="testBlockHardness[339: GRAY_CONCRETE]" time="0"/>
  <testcase classname="org.bukkit.PerMaterialTest" name="maxStackSize[339: GRAY_CONCRETE]" time="0"/>
  <testcase classname="org.bukkit.PerMaterialTest" name="isTransparent[339: GRAY_CONCRETE]" time="0"/>
  <testcase classname="org.bukkit.PerMaterialTest" name="testBlockDataCreation[339: GRAY_CONCRETE]" time="0"/>
  <testcase classname="org.bukkit.PerMaterialTest" name="isBlock[339: GRAY_CONCRETE]" time="0"/>
  <testcase classname="org.bukkit.PerMaterialTest" name="isSolid[339: GRAY_CONCRETE]" time="0.001"/>
  <testcase classname="org.bukkit.PerMaterialTest" name="hasGravity[340: GRAY_CONCRETE_POWDER]" time="0"/>
  <testcase classname="org.bukkit.PerMaterialTest" name="isBurnable[340: GRAY_CONCRETE_POWDER]" time="0"/>
  <testcase classname="org.bukkit.PerMaterialTest" name="testInteractable[340: GRAY_CONCRETE_POWDER]" time="0"/>
  <testcase classname="org.bukkit.PerMaterialTest" name="testBlock[340: GRAY_CONCRETE_POWDER]" time="0"/>
  <testcase classname="org.bukkit.PerMaterialTest" name="isFuel[340: GRAY_CONCRETE_POWDER]" time="0"/>
  <testcase classname="org.bukkit.PerMaterialTest" name="testItem[340: GRAY_CONCRETE_POWDER]" time="0"/>
  <testcase classname="org.bukkit.PerMaterialTest" name="testBlastResistance[340: GRAY_CONCRETE_POWDER]" time="0"/>
  <testcase classname="org.bukkit.PerMaterialTest" name="isEdible[340: GRAY_CONCRETE_POWDER]" time="0"/>
  <testcase classname="org.bukkit.PerMaterialTest" name="maxDurability[340: GRAY_CONCRETE_POWDER]" time="0"/>
  <testcase classname="org.bukkit.PerMaterialTest" name="usesDurability[340: GRAY_CONCRETE_POWDER]" time="0"/>
  <testcase classname="org.bukkit.PerMaterialTest" name="isOccluding[340: GRAY_CONCRETE_POWDER]" time="0"/>
  <testcase classname="org.bukkit.PerMaterialTest" name="isRecord[340: GRAY_CONCRETE_POWDER]" time="0"/>
  <testcase classname="org.bukkit.PerMaterialTest" name="isFlammable[340: GRAY_CONCRETE_POWDER]" time="0"/>
  <testcase classname="org.bukkit.PerMaterialTest" name="testDurability[340: GRAY_CONCRETE_POWDER]" time="0"/>
  <testcase classname="org.bukkit.PerMaterialTest" name="testBlockHardness[340: GRAY_CONCRETE_POWDER]" time="0"/>
  <testcase classname="org.bukkit.PerMaterialTest" name="maxStackSize[340: GRAY_CONCRETE_POWDER]" time="0"/>
  <testcase classname="org.bukkit.PerMaterialTest" name="isTransparent[340: GRAY_CONCRETE_POWDER]" time="0"/>
  <testcase classname="org.bukkit.PerMaterialTest" name="testBlockDataCreation[340: GRAY_CONCRETE_POWDER]" time="0"/>
  <testcase classname="org.bukkit.PerMaterialTest" name="isBlock[340: GRAY_CONCRETE_POWDER]" time="0"/>
  <testcase classname="org.bukkit.PerMaterialTest" name="isSolid[340: GRAY_CONCRETE_POWDER]" time="0"/>
  <testcase classname="org.bukkit.PerMaterialTest" name="hasGravity[341: GRAY_DYE]" time="0"/>
  <testcase classname="org.bukkit.PerMaterialTest" name="isBurnable[341: GRAY_DYE]" time="0"/>
  <testcase classname="org.bukkit.PerMaterialTest" name="testInteractable[341: GRAY_DYE]" time="0"/>
  <testcase classname="org.bukkit.PerMaterialTest" name="testBlock[341: GRAY_DYE]" time="0"/>
  <testcase classname="org.bukkit.PerMaterialTest" name="isFuel[341: GRAY_DYE]" time="0"/>
  <testcase classname="org.bukkit.PerMaterialTest" name="testItem[341: GRAY_DYE]" time="0.001"/>
  <testcase classname="org.bukkit.PerMaterialTest" name="testBlastResistance[341: GRAY_DYE]" time="0"/>
  <testcase classname="org.bukkit.PerMaterialTest" name="isEdible[341: GRAY_DYE]" time="0"/>
  <testcase classname="org.bukkit.PerMaterialTest" name="maxDurability[341: GRAY_DYE]" time="0"/>
  <testcase classname="org.bukkit.PerMaterialTest" name="usesDurability[341: GRAY_DYE]" time="0"/>
  <testcase classname="org.bukkit.PerMaterialTest" name="isOccluding[341: GRAY_DYE]" time="0"/>
  <testcase classname="org.bukkit.PerMaterialTest" name="isRecord[341: GRAY_DYE]" time="0"/>
  <testcase classname="org.bukkit.PerMaterialTest" name="isFlammable[341: GRAY_DYE]" time="0"/>
  <testcase classname="org.bukkit.PerMaterialTest" name="testDurability[341: GRAY_DYE]" time="0.001"/>
  <testcase classname="org.bukkit.PerMaterialTest" name="testBlockHardness[341: GRAY_DYE]" time="0"/>
  <testcase classname="org.bukkit.PerMaterialTest" name="maxStackSize[341: GRAY_DYE]" time="0"/>
  <testcase classname="org.bukkit.PerMaterialTest" name="isTransparent[341: GRAY_DYE]" time="0"/>
  <testcase classname="org.bukkit.PerMaterialTest" name="testBlockDataCreation[341: GRAY_DYE]" time="0"/>
  <testcase classname="org.bukkit.PerMaterialTest" name="isBlock[341: GRAY_DYE]" time="0"/>
  <testcase classname="org.bukkit.PerMaterialTest" name="isSolid[341: GRAY_DYE]" time="0"/>
  <testcase classname="org.bukkit.PerMaterialTest" name="hasGravity[342: GRAY_GLAZED_TERRACOTTA]" time="0"/>
  <testcase classname="org.bukkit.PerMaterialTest" name="isBurnable[342: GRAY_GLAZED_TERRACOTTA]" time="0"/>
  <testcase classname="org.bukkit.PerMaterialTest" name="testInteractable[342: GRAY_GLAZED_TERRACOTTA]" time="0"/>
  <testcase classname="org.bukkit.PerMaterialTest" name="testBlock[342: GRAY_GLAZED_TERRACOTTA]" time="0"/>
  <testcase classname="org.bukkit.PerMaterialTest" name="isFuel[342: GRAY_GLAZED_TERRACOTTA]" time="0"/>
  <testcase classname="org.bukkit.PerMaterialTest" name="testItem[342: GRAY_GLAZED_TERRACOTTA]" time="0"/>
  <testcase classname="org.bukkit.PerMaterialTest" name="testBlastResistance[342: GRAY_GLAZED_TERRACOTTA]" time="0"/>
  <testcase classname="org.bukkit.PerMaterialTest" name="isEdible[342: GRAY_GLAZED_TERRACOTTA]" time="0"/>
  <testcase classname="org.bukkit.PerMaterialTest" name="maxDurability[342: GRAY_GLAZED_TERRACOTTA]" time="0"/>
  <testcase classname="org.bukkit.PerMaterialTest" name="usesDurability[342: GRAY_GLAZED_TERRACOTTA]" time="0"/>
  <testcase classname="org.bukkit.PerMaterialTest" name="isOccluding[342: GRAY_GLAZED_TERRACOTTA]" time="0"/>
  <testcase classname="org.bukkit.PerMaterialTest" name="isRecord[342: GRAY_GLAZED_TERRACOTTA]" time="0"/>
  <testcase classname="org.bukkit.PerMaterialTest" name="isFlammable[342: GRAY_GLAZED_TERRACOTTA]" time="0"/>
  <testcase classname="org.bukkit.PerMaterialTest" name="testDurability[342: GRAY_GLAZED_TERRACOTTA]" time="0.001"/>
  <testcase classname="org.bukkit.PerMaterialTest" name="testBlockHardness[342: GRAY_GLAZED_TERRACOTTA]" time="0"/>
  <testcase classname="org.bukkit.PerMaterialTest" name="maxStackSize[342: GRAY_GLAZED_TERRACOTTA]" time="0"/>
  <testcase classname="org.bukkit.PerMaterialTest" name="isTransparent[342: GRAY_GLAZED_TERRACOTTA]" time="0"/>
  <testcase classname="org.bukkit.PerMaterialTest" name="testBlockDataCreation[342: GRAY_GLAZED_TERRACOTTA]" time="0"/>
  <testcase classname="org.bukkit.PerMaterialTest" name="isBlock[342: GRAY_GLAZED_TERRACOTTA]" time="0"/>
  <testcase classname="org.bukkit.PerMaterialTest" name="isSolid[342: GRAY_GLAZED_TERRACOTTA]" time="0"/>
  <testcase classname="org.bukkit.PerMaterialTest" name="hasGravity[343: GRAY_SHULKER_BOX]" time="0"/>
  <testcase classname="org.bukkit.PerMaterialTest" name="isBurnable[343: GRAY_SHULKER_BOX]" time="0"/>
  <testcase classname="org.bukkit.PerMaterialTest" name="testInteractable[343: GRAY_SHULKER_BOX]" time="0"/>
  <testcase classname="org.bukkit.PerMaterialTest" name="testBlock[343: GRAY_SHULKER_BOX]" time="0"/>
  <testcase classname="org.bukkit.PerMaterialTest" name="isFuel[343: GRAY_SHULKER_BOX]" time="0"/>
  <testcase classname="org.bukkit.PerMaterialTest" name="testItem[343: GRAY_SHULKER_BOX]" time="0"/>
  <testcase classname="org.bukkit.PerMaterialTest" name="testBlastResistance[343: GRAY_SHULKER_BOX]" time="0"/>
  <testcase classname="org.bukkit.PerMaterialTest" name="isEdible[343: GRAY_SHULKER_BOX]" time="0"/>
  <testcase classname="org.bukkit.PerMaterialTest" name="maxDurability[343: GRAY_SHULKER_BOX]" time="0"/>
  <testcase classname="org.bukkit.PerMaterialTest" name="usesDurability[343: GRAY_SHULKER_BOX]" time="0"/>
  <testcase classname="org.bukkit.PerMaterialTest" name="isOccluding[343: GRAY_SHULKER_BOX]" time="0"/>
  <testcase classname="org.bukkit.PerMaterialTest" name="isRecord[343: GRAY_SHULKER_BOX]" time="0"/>
  <testcase classname="org.bukkit.PerMaterialTest" name="isFlammable[343: GRAY_SHULKER_BOX]" time="0"/>
  <testcase classname="org.bukkit.PerMaterialTest" name="testDurability[343: GRAY_SHULKER_BOX]" time="0"/>
  <testcase classname="org.bukkit.PerMaterialTest" name="testBlockHardness[343: GRAY_SHULKER_BOX]" time="0"/>
  <testcase classname="org.bukkit.PerMaterialTest" name="maxStackSize[343: GRAY_SHULKER_BOX]" time="0"/>
  <testcase classname="org.bukkit.PerMaterialTest" name="isTransparent[343: GRAY_SHULKER_BOX]" time="0"/>
  <testcase classname="org.bukkit.PerMaterialTest" name="testBlockDataCreation[343: GRAY_SHULKER_BOX]" time="0"/>
  <testcase classname="org.bukkit.PerMaterialTest" name="isBlock[343: GRAY_SHULKER_BOX]" time="0"/>
  <testcase classname="org.bukkit.PerMaterialTest" name="isSolid[343: GRAY_SHULKER_BOX]" time="0"/>
  <testcase classname="org.bukkit.PerMaterialTest" name="hasGravity[344: GRAY_STAINED_GLASS]" time="0"/>
  <testcase classname="org.bukkit.PerMaterialTest" name="isBurnable[344: GRAY_STAINED_GLASS]" time="0"/>
  <testcase classname="org.bukkit.PerMaterialTest" name="testInteractable[344: GRAY_STAINED_GLASS]" time="0"/>
  <testcase classname="org.bukkit.PerMaterialTest" name="testBlock[344: GRAY_STAINED_GLASS]" time="0"/>
  <testcase classname="org.bukkit.PerMaterialTest" name="isFuel[344: GRAY_STAINED_GLASS]" time="0"/>
  <testcase classname="org.bukkit.PerMaterialTest" name="testItem[344: GRAY_STAINED_GLASS]" time="0.001"/>
  <testcase classname="org.bukkit.PerMaterialTest" name="testBlastResistance[344: GRAY_STAINED_GLASS]" time="0"/>
  <testcase classname="org.bukkit.PerMaterialTest" name="isEdible[344: GRAY_STAINED_GLASS]" time="0"/>
  <testcase classname="org.bukkit.PerMaterialTest" name="maxDurability[344: GRAY_STAINED_GLASS]" time="0"/>
  <testcase classname="org.bukkit.PerMaterialTest" name="usesDurability[344: GRAY_STAINED_GLASS]" time="0"/>
  <testcase classname="org.bukkit.PerMaterialTest" name="isOccluding[344: GRAY_STAINED_GLASS]" time="0"/>
  <testcase classname="org.bukkit.PerMaterialTest" name="isRecord[344: GRAY_STAINED_GLASS]" time="0"/>
  <testcase classname="org.bukkit.PerMaterialTest" name="isFlammable[344: GRAY_STAINED_GLASS]" time="0"/>
  <testcase classname="org.bukkit.PerMaterialTest" name="testDurability[344: GRAY_STAINED_GLASS]" time="0"/>
  <testcase classname="org.bukkit.PerMaterialTest" name="testBlockHardness[344: GRAY_STAINED_GLASS]" time="0"/>
  <testcase classname="org.bukkit.PerMaterialTest" name="maxStackSize[344: GRAY_STAINED_GLASS]" time="0"/>
  <testcase classname="org.bukkit.PerMaterialTest" name="isTransparent[344: GRAY_STAINED_GLASS]" time="0"/>
  <testcase classname="org.bukkit.PerMaterialTest" name="testBlockDataCreation[344: GRAY_STAINED_GLASS]" time="0"/>
  <testcase classname="org.bukkit.PerMaterialTest" name="isBlock[344: GRAY_STAINED_GLASS]" time="0"/>
  <testcase classname="org.bukkit.PerMaterialTest" name="isSolid[344: GRAY_STAINED_GLASS]" time="0"/>
  <testcase classname="org.bukkit.PerMaterialTest" name="hasGravity[345: GRAY_STAINED_GLASS_PANE]" time="0"/>
  <testcase classname="org.bukkit.PerMaterialTest" name="isBurnable[345: GRAY_STAINED_GLASS_PANE]" time="0"/>
  <testcase classname="org.bukkit.PerMaterialTest" name="testInteractable[345: GRAY_STAINED_GLASS_PANE]" time="0"/>
  <testcase classname="org.bukkit.PerMaterialTest" name="testBlock[345: GRAY_STAINED_GLASS_PANE]" time="0"/>
  <testcase classname="org.bukkit.PerMaterialTest" name="isFuel[345: GRAY_STAINED_GLASS_PANE]" time="0"/>
  <testcase classname="org.bukkit.PerMaterialTest" name="testItem[345: GRAY_STAINED_GLASS_PANE]" time="0"/>
  <testcase classname="org.bukkit.PerMaterialTest" name="testBlastResistance[345: GRAY_STAINED_GLASS_PANE]" time="0"/>
  <testcase classname="org.bukkit.PerMaterialTest" name="isEdible[345: GRAY_STAINED_GLASS_PANE]" time="0"/>
  <testcase classname="org.bukkit.PerMaterialTest" name="maxDurability[345: GRAY_STAINED_GLASS_PANE]" time="0"/>
  <testcase classname="org.bukkit.PerMaterialTest" name="usesDurability[345: GRAY_STAINED_GLASS_PANE]" time="0"/>
  <testcase classname="org.bukkit.PerMaterialTest" name="isOccluding[345: GRAY_STAINED_GLASS_PANE]" time="0"/>
  <testcase classname="org.bukkit.PerMaterialTest" name="isRecord[345: GRAY_STAINED_GLASS_PANE]" time="0.001"/>
  <testcase classname="org.bukkit.PerMaterialTest" name="isFlammable[345: GRAY_STAINED_GLASS_PANE]" time="0"/>
  <testcase classname="org.bukkit.PerMaterialTest" name="testDurability[345: GRAY_STAINED_GLASS_PANE]" time="0"/>
  <testcase classname="org.bukkit.PerMaterialTest" name="testBlockHardness[345: GRAY_STAINED_GLASS_PANE]" time="0"/>
  <testcase classname="org.bukkit.PerMaterialTest" name="maxStackSize[345: GRAY_STAINED_GLASS_PANE]" time="0"/>
  <testcase classname="org.bukkit.PerMaterialTest" name="isTransparent[345: GRAY_STAINED_GLASS_PANE]" time="0"/>
  <testcase classname="org.bukkit.PerMaterialTest" name="testBlockDataCreation[345: GRAY_STAINED_GLASS_PANE]" time="0"/>
  <testcase classname="org.bukkit.PerMaterialTest" name="isBlock[345: GRAY_STAINED_GLASS_PANE]" time="0.001"/>
  <testcase classname="org.bukkit.PerMaterialTest" name="isSolid[345: GRAY_STAINED_GLASS_PANE]" time="0"/>
  <testcase classname="org.bukkit.PerMaterialTest" name="hasGravity[346: GRAY_TERRACOTTA]" time="0"/>
  <testcase classname="org.bukkit.PerMaterialTest" name="isBurnable[346: GRAY_TERRACOTTA]" time="0"/>
  <testcase classname="org.bukkit.PerMaterialTest" name="testInteractable[346: GRAY_TERRACOTTA]" time="0"/>
  <testcase classname="org.bukkit.PerMaterialTest" name="testBlock[346: GRAY_TERRACOTTA]" time="0"/>
  <testcase classname="org.bukkit.PerMaterialTest" name="isFuel[346: GRAY_TERRACOTTA]" time="0.001"/>
  <testcase classname="org.bukkit.PerMaterialTest" name="testItem[346: GRAY_TERRACOTTA]" time="0"/>
  <testcase classname="org.bukkit.PerMaterialTest" name="testBlastResistance[346: GRAY_TERRACOTTA]" time="0"/>
  <testcase classname="org.bukkit.PerMaterialTest" name="isEdible[346: GRAY_TERRACOTTA]" time="0"/>
  <testcase classname="org.bukkit.PerMaterialTest" name="maxDurability[346: GRAY_TERRACOTTA]" time="0"/>
  <testcase classname="org.bukkit.PerMaterialTest" name="usesDurability[346: GRAY_TERRACOTTA]" time="0"/>
  <testcase classname="org.bukkit.PerMaterialTest" name="isOccluding[346: GRAY_TERRACOTTA]" time="0"/>
  <testcase classname="org.bukkit.PerMaterialTest" name="isRecord[346: GRAY_TERRACOTTA]" time="0"/>
  <testcase classname="org.bukkit.PerMaterialTest" name="isFlammable[346: GRAY_TERRACOTTA]" time="0"/>
  <testcase classname="org.bukkit.PerMaterialTest" name="testDurability[346: GRAY_TERRACOTTA]" time="0"/>
  <testcase classname="org.bukkit.PerMaterialTest" name="testBlockHardness[346: GRAY_TERRACOTTA]" time="0"/>
  <testcase classname="org.bukkit.PerMaterialTest" name="maxStackSize[346: GRAY_TERRACOTTA]" time="0"/>
  <testcase classname="org.bukkit.PerMaterialTest" name="isTransparent[346: GRAY_TERRACOTTA]" time="0"/>
  <testcase classname="org.bukkit.PerMaterialTest" name="testBlockDataCreation[346: GRAY_TERRACOTTA]" time="0"/>
  <testcase classname="org.bukkit.PerMaterialTest" name="isBlock[346: GRAY_TERRACOTTA]" time="0"/>
  <testcase classname="org.bukkit.PerMaterialTest" name="isSolid[346: GRAY_TERRACOTTA]" time="0"/>
  <testcase classname="org.bukkit.PerMaterialTest" name="hasGravity[347: GRAY_WALL_BANNER]" time="0"/>
  <testcase classname="org.bukkit.PerMaterialTest" name="isBurnable[347: GRAY_WALL_BANNER]" time="0"/>
  <testcase classname="org.bukkit.PerMaterialTest" name="testInteractable[347: GRAY_WALL_BANNER]" time="0"/>
  <testcase classname="org.bukkit.PerMaterialTest" name="testBlock[347: GRAY_WALL_BANNER]" time="0"/>
  <testcase classname="org.bukkit.PerMaterialTest" name="isFuel[347: GRAY_WALL_BANNER]" time="0.001"/>
  <testcase classname="org.bukkit.PerMaterialTest" name="testItem[347: GRAY_WALL_BANNER]" time="0"/>
  <testcase classname="org.bukkit.PerMaterialTest" name="testBlastResistance[347: GRAY_WALL_BANNER]" time="0"/>
  <testcase classname="org.bukkit.PerMaterialTest" name="isEdible[347: GRAY_WALL_BANNER]" time="0"/>
  <testcase classname="org.bukkit.PerMaterialTest" name="maxDurability[347: GRAY_WALL_BANNER]" time="0"/>
  <testcase classname="org.bukkit.PerMaterialTest" name="usesDurability[347: GRAY_WALL_BANNER]" time="0"/>
  <testcase classname="org.bukkit.PerMaterialTest" name="isOccluding[347: GRAY_WALL_BANNER]" time="0"/>
  <testcase classname="org.bukkit.PerMaterialTest" name="isRecord[347: GRAY_WALL_BANNER]" time="0"/>
  <testcase classname="org.bukkit.PerMaterialTest" name="isFlammable[347: GRAY_WALL_BANNER]" time="0"/>
  <testcase classname="org.bukkit.PerMaterialTest" name="testDurability[347: GRAY_WALL_BANNER]" time="0"/>
  <testcase classname="org.bukkit.PerMaterialTest" name="testBlockHardness[347: GRAY_WALL_BANNER]" time="0"/>
  <testcase classname="org.bukkit.PerMaterialTest" name="maxStackSize[347: GRAY_WALL_BANNER]" time="0.005"/>
  <testcase classname="org.bukkit.PerMaterialTest" name="isTransparent[347: GRAY_WALL_BANNER]" time="0.04"/>
  <testcase classname="org.bukkit.PerMaterialTest" name="testBlockDataCreation[347: GRAY_WALL_BANNER]" time="0"/>
  <testcase classname="org.bukkit.PerMaterialTest" name="isBlock[347: GRAY_WALL_BANNER]" time="0"/>
  <testcase classname="org.bukkit.PerMaterialTest" name="isSolid[347: GRAY_WALL_BANNER]" time="0"/>
  <testcase classname="org.bukkit.PerMaterialTest" name="hasGravity[348: GRAY_WOOL]" time="0"/>
  <testcase classname="org.bukkit.PerMaterialTest" name="isBurnable[348: GRAY_WOOL]" time="0"/>
  <testcase classname="org.bukkit.PerMaterialTest" name="testInteractable[348: GRAY_WOOL]" time="0"/>
  <testcase classname="org.bukkit.PerMaterialTest" name="testBlock[348: GRAY_WOOL]" time="0"/>
  <testcase classname="org.bukkit.PerMaterialTest" name="isFuel[348: GRAY_WOOL]" time="0"/>
  <testcase classname="org.bukkit.PerMaterialTest" name="testItem[348: GRAY_WOOL]" time="0"/>
  <testcase classname="org.bukkit.PerMaterialTest" name="testBlastResistance[348: GRAY_WOOL]" time="0"/>
  <testcase classname="org.bukkit.PerMaterialTest" name="isEdible[348: GRAY_WOOL]" time="0"/>
  <testcase classname="org.bukkit.PerMaterialTest" name="maxDurability[348: GRAY_WOOL]" time="0"/>
  <testcase classname="org.bukkit.PerMaterialTest" name="usesDurability[348: GRAY_WOOL]" time="0"/>
  <testcase classname="org.bukkit.PerMaterialTest" name="isOccluding[348: GRAY_WOOL]" time="0"/>
  <testcase classname="org.bukkit.PerMaterialTest" name="isRecord[348: GRAY_WOOL]" time="0"/>
  <testcase classname="org.bukkit.PerMaterialTest" name="isFlammable[348: GRAY_WOOL]" time="0"/>
  <testcase classname="org.bukkit.PerMaterialTest" name="testDurability[348: GRAY_WOOL]" time="0"/>
  <testcase classname="org.bukkit.PerMaterialTest" name="testBlockHardness[348: GRAY_WOOL]" time="0"/>
  <testcase classname="org.bukkit.PerMaterialTest" name="maxStackSize[348: GRAY_WOOL]" time="0"/>
  <testcase classname="org.bukkit.PerMaterialTest" name="isTransparent[348: GRAY_WOOL]" time="0"/>
  <testcase classname="org.bukkit.PerMaterialTest" name="testBlockDataCreation[348: GRAY_WOOL]" time="0"/>
  <testcase classname="org.bukkit.PerMaterialTest" name="isBlock[348: GRAY_WOOL]" time="0"/>
  <testcase classname="org.bukkit.PerMaterialTest" name="isSolid[348: GRAY_WOOL]" time="0"/>
  <testcase classname="org.bukkit.PerMaterialTest" name="hasGravity[349: GREEN_BANNER]" time="0"/>
  <testcase classname="org.bukkit.PerMaterialTest" name="isBurnable[349: GREEN_BANNER]" time="0"/>
  <testcase classname="org.bukkit.PerMaterialTest" name="testInteractable[349: GREEN_BANNER]" time="0"/>
  <testcase classname="org.bukkit.PerMaterialTest" name="testBlock[349: GREEN_BANNER]" time="0"/>
  <testcase classname="org.bukkit.PerMaterialTest" name="isFuel[349: GREEN_BANNER]" time="0"/>
  <testcase classname="org.bukkit.PerMaterialTest" name="testItem[349: GREEN_BANNER]" time="0"/>
  <testcase classname="org.bukkit.PerMaterialTest" name="testBlastResistance[349: GREEN_BANNER]" time="0"/>
  <testcase classname="org.bukkit.PerMaterialTest" name="isEdible[349: GREEN_BANNER]" time="0"/>
  <testcase classname="org.bukkit.PerMaterialTest" name="maxDurability[349: GREEN_BANNER]" time="0"/>
  <testcase classname="org.bukkit.PerMaterialTest" name="usesDurability[349: GREEN_BANNER]" time="0"/>
  <testcase classname="org.bukkit.PerMaterialTest" name="isOccluding[349: GREEN_BANNER]" time="0"/>
  <testcase classname="org.bukkit.PerMaterialTest" name="isRecord[349: GREEN_BANNER]" time="0"/>
  <testcase classname="org.bukkit.PerMaterialTest" name="isFlammable[349: GREEN_BANNER]" time="0"/>
  <testcase classname="org.bukkit.PerMaterialTest" name="testDurability[349: GREEN_BANNER]" time="0"/>
  <testcase classname="org.bukkit.PerMaterialTest" name="testBlockHardness[349: GREEN_BANNER]" time="0"/>
  <testcase classname="org.bukkit.PerMaterialTest" name="maxStackSize[349: GREEN_BANNER]" time="0"/>
  <testcase classname="org.bukkit.PerMaterialTest" name="isTransparent[349: GREEN_BANNER]" time="0"/>
  <testcase classname="org.bukkit.PerMaterialTest" name="testBlockDataCreation[349: GREEN_BANNER]" time="0"/>
  <testcase classname="org.bukkit.PerMaterialTest" name="isBlock[349: GREEN_BANNER]" time="0"/>
  <testcase classname="org.bukkit.PerMaterialTest" name="isSolid[349: GREEN_BANNER]" time="0"/>
  <testcase classname="org.bukkit.PerMaterialTest" name="hasGravity[350: GREEN_BED]" time="0"/>
  <testcase classname="org.bukkit.PerMaterialTest" name="isBurnable[350: GREEN_BED]" time="0"/>
  <testcase classname="org.bukkit.PerMaterialTest" name="testInteractable[350: GREEN_BED]" time="0"/>
  <testcase classname="org.bukkit.PerMaterialTest" name="testBlock[350: GREEN_BED]" time="0"/>
  <testcase classname="org.bukkit.PerMaterialTest" name="isFuel[350: GREEN_BED]" time="0"/>
  <testcase classname="org.bukkit.PerMaterialTest" name="testItem[350: GREEN_BED]" time="0"/>
  <testcase classname="org.bukkit.PerMaterialTest" name="testBlastResistance[350: GREEN_BED]" time="0"/>
  <testcase classname="org.bukkit.PerMaterialTest" name="isEdible[350: GREEN_BED]" time="0"/>
  <testcase classname="org.bukkit.PerMaterialTest" name="maxDurability[350: GREEN_BED]" time="0"/>
  <testcase classname="org.bukkit.PerMaterialTest" name="usesDurability[350: GREEN_BED]" time="0.001"/>
  <testcase classname="org.bukkit.PerMaterialTest" name="isOccluding[350: GREEN_BED]" time="0"/>
  <testcase classname="org.bukkit.PerMaterialTest" name="isRecord[350: GREEN_BED]" time="0"/>
  <testcase classname="org.bukkit.PerMaterialTest" name="isFlammable[350: GREEN_BED]" time="0"/>
  <testcase classname="org.bukkit.PerMaterialTest" name="testDurability[350: GREEN_BED]" time="0"/>
  <testcase classname="org.bukkit.PerMaterialTest" name="testBlockHardness[350: GREEN_BED]" time="0"/>
  <testcase classname="org.bukkit.PerMaterialTest" name="maxStackSize[350: GREEN_BED]" time="0"/>
  <testcase classname="org.bukkit.PerMaterialTest" name="isTransparent[350: GREEN_BED]" time="0"/>
  <testcase classname="org.bukkit.PerMaterialTest" name="testBlockDataCreation[350: GREEN_BED]" time="0"/>
  <testcase classname="org.bukkit.PerMaterialTest" name="isBlock[350: GREEN_BED]" time="0"/>
  <testcase classname="org.bukkit.PerMaterialTest" name="isSolid[350: GREEN_BED]" time="0"/>
  <testcase classname="org.bukkit.PerMaterialTest" name="hasGravity[351: GREEN_CARPET]" time="0"/>
  <testcase classname="org.bukkit.PerMaterialTest" name="isBurnable[351: GREEN_CARPET]" time="0"/>
  <testcase classname="org.bukkit.PerMaterialTest" name="testInteractable[351: GREEN_CARPET]" time="0"/>
  <testcase classname="org.bukkit.PerMaterialTest" name="testBlock[351: GREEN_CARPET]" time="0"/>
  <testcase classname="org.bukkit.PerMaterialTest" name="isFuel[351: GREEN_CARPET]" time="0"/>
  <testcase classname="org.bukkit.PerMaterialTest" name="testItem[351: GREEN_CARPET]" time="0"/>
  <testcase classname="org.bukkit.PerMaterialTest" name="testBlastResistance[351: GREEN_CARPET]" time="0"/>
  <testcase classname="org.bukkit.PerMaterialTest" name="isEdible[351: GREEN_CARPET]" time="0"/>
  <testcase classname="org.bukkit.PerMaterialTest" name="maxDurability[351: GREEN_CARPET]" time="0"/>
  <testcase classname="org.bukkit.PerMaterialTest" name="usesDurability[351: GREEN_CARPET]" time="0"/>
  <testcase classname="org.bukkit.PerMaterialTest" name="isOccluding[351: GREEN_CARPET]" time="0"/>
  <testcase classname="org.bukkit.PerMaterialTest" name="isRecord[351: GREEN_CARPET]" time="0"/>
  <testcase classname="org.bukkit.PerMaterialTest" name="isFlammable[351: GREEN_CARPET]" time="0"/>
  <testcase classname="org.bukkit.PerMaterialTest" name="testDurability[351: GREEN_CARPET]" time="0"/>
  <testcase classname="org.bukkit.PerMaterialTest" name="testBlockHardness[351: GREEN_CARPET]" time="0"/>
  <testcase classname="org.bukkit.PerMaterialTest" name="maxStackSize[351: GREEN_CARPET]" time="0"/>
  <testcase classname="org.bukkit.PerMaterialTest" name="isTransparent[351: GREEN_CARPET]" time="0"/>
  <testcase classname="org.bukkit.PerMaterialTest" name="testBlockDataCreation[351: GREEN_CARPET]" time="0"/>
  <testcase classname="org.bukkit.PerMaterialTest" name="isBlock[351: GREEN_CARPET]" time="0"/>
  <testcase classname="org.bukkit.PerMaterialTest" name="isSolid[351: GREEN_CARPET]" time="0"/>
  <testcase classname="org.bukkit.PerMaterialTest" name="hasGravity[352: GREEN_CONCRETE]" time="0"/>
  <testcase classname="org.bukkit.PerMaterialTest" name="isBurnable[352: GREEN_CONCRETE]" time="0"/>
  <testcase classname="org.bukkit.PerMaterialTest" name="testInteractable[352: GREEN_CONCRETE]" time="0"/>
  <testcase classname="org.bukkit.PerMaterialTest" name="testBlock[352: GREEN_CONCRETE]" time="0"/>
  <testcase classname="org.bukkit.PerMaterialTest" name="isFuel[352: GREEN_CONCRETE]" time="0"/>
  <testcase classname="org.bukkit.PerMaterialTest" name="testItem[352: GREEN_CONCRETE]" time="0"/>
  <testcase classname="org.bukkit.PerMaterialTest" name="testBlastResistance[352: GREEN_CONCRETE]" time="0"/>
  <testcase classname="org.bukkit.PerMaterialTest" name="isEdible[352: GREEN_CONCRETE]" time="0"/>
  <testcase classname="org.bukkit.PerMaterialTest" name="maxDurability[352: GREEN_CONCRETE]" time="0"/>
  <testcase classname="org.bukkit.PerMaterialTest" name="usesDurability[352: GREEN_CONCRETE]" time="0"/>
  <testcase classname="org.bukkit.PerMaterialTest" name="isOccluding[352: GREEN_CONCRETE]" time="0"/>
  <testcase classname="org.bukkit.PerMaterialTest" name="isRecord[352: GREEN_CONCRETE]" time="0"/>
  <testcase classname="org.bukkit.PerMaterialTest" name="isFlammable[352: GREEN_CONCRETE]" time="0"/>
  <testcase classname="org.bukkit.PerMaterialTest" name="testDurability[352: GREEN_CONCRETE]" time="0"/>
  <testcase classname="org.bukkit.PerMaterialTest" name="testBlockHardness[352: GREEN_CONCRETE]" time="0.001"/>
  <testcase classname="org.bukkit.PerMaterialTest" name="maxStackSize[352: GREEN_CONCRETE]" time="0"/>
  <testcase classname="org.bukkit.PerMaterialTest" name="isTransparent[352: GREEN_CONCRETE]" time="0"/>
  <testcase classname="org.bukkit.PerMaterialTest" name="testBlockDataCreation[352: GREEN_CONCRETE]" time="0"/>
  <testcase classname="org.bukkit.PerMaterialTest" name="isBlock[352: GREEN_CONCRETE]" time="0"/>
  <testcase classname="org.bukkit.PerMaterialTest" name="isSolid[352: GREEN_CONCRETE]" time="0"/>
  <testcase classname="org.bukkit.PerMaterialTest" name="hasGravity[353: GREEN_CONCRETE_POWDER]" time="0"/>
  <testcase classname="org.bukkit.PerMaterialTest" name="isBurnable[353: GREEN_CONCRETE_POWDER]" time="0"/>
  <testcase classname="org.bukkit.PerMaterialTest" name="testInteractable[353: GREEN_CONCRETE_POWDER]" time="0"/>
  <testcase classname="org.bukkit.PerMaterialTest" name="testBlock[353: GREEN_CONCRETE_POWDER]" time="0"/>
  <testcase classname="org.bukkit.PerMaterialTest" name="isFuel[353: GREEN_CONCRETE_POWDER]" time="0"/>
  <testcase classname="org.bukkit.PerMaterialTest" name="testItem[353: GREEN_CONCRETE_POWDER]" time="0"/>
  <testcase classname="org.bukkit.PerMaterialTest" name="testBlastResistance[353: GREEN_CONCRETE_POWDER]" time="0.001"/>
  <testcase classname="org.bukkit.PerMaterialTest" name="isEdible[353: GREEN_CONCRETE_POWDER]" time="0"/>
  <testcase classname="org.bukkit.PerMaterialTest" name="maxDurability[353: GREEN_CONCRETE_POWDER]" time="0"/>
  <testcase classname="org.bukkit.PerMaterialTest" name="usesDurability[353: GREEN_CONCRETE_POWDER]" time="0"/>
  <testcase classname="org.bukkit.PerMaterialTest" name="isOccluding[353: GREEN_CONCRETE_POWDER]" time="0"/>
  <testcase classname="org.bukkit.PerMaterialTest" name="isRecord[353: GREEN_CONCRETE_POWDER]" time="0"/>
  <testcase classname="org.bukkit.PerMaterialTest" name="isFlammable[353: GREEN_CONCRETE_POWDER]" time="0"/>
  <testcase classname="org.bukkit.PerMaterialTest" name="testDurability[353: GREEN_CONCRETE_POWDER]" time="0"/>
  <testcase classname="org.bukkit.PerMaterialTest" name="testBlockHardness[353: GREEN_CONCRETE_POWDER]" time="0"/>
  <testcase classname="org.bukkit.PerMaterialTest" name="maxStackSize[353: GREEN_CONCRETE_POWDER]" time="0"/>
  <testcase classname="org.bukkit.PerMaterialTest" name="isTransparent[353: GREEN_CONCRETE_POWDER]" time="0"/>
  <testcase classname="org.bukkit.PerMaterialTest" name="testBlockDataCreation[353: GREEN_CONCRETE_POWDER]" time="0"/>
  <testcase classname="org.bukkit.PerMaterialTest" name="isBlock[353: GREEN_CONCRETE_POWDER]" time="0"/>
  <testcase classname="org.bukkit.PerMaterialTest" name="isSolid[353: GREEN_CONCRETE_POWDER]" time="0"/>
  <testcase classname="org.bukkit.PerMaterialTest" name="hasGravity[354: GREEN_GLAZED_TERRACOTTA]" time="0.001"/>
  <testcase classname="org.bukkit.PerMaterialTest" name="isBurnable[354: GREEN_GLAZED_TERRACOTTA]" time="0"/>
  <testcase classname="org.bukkit.PerMaterialTest" name="testInteractable[354: GREEN_GLAZED_TERRACOTTA]" time="0"/>
  <testcase classname="org.bukkit.PerMaterialTest" name="testBlock[354: GREEN_GLAZED_TERRACOTTA]" time="0"/>
  <testcase classname="org.bukkit.PerMaterialTest" name="isFuel[354: GREEN_GLAZED_TERRACOTTA]" time="0"/>
  <testcase classname="org.bukkit.PerMaterialTest" name="testItem[354: GREEN_GLAZED_TERRACOTTA]" time="0"/>
  <testcase classname="org.bukkit.PerMaterialTest" name="testBlastResistance[354: GREEN_GLAZED_TERRACOTTA]" time="0.001"/>
  <testcase classname="org.bukkit.PerMaterialTest" name="isEdible[354: GREEN_GLAZED_TERRACOTTA]" time="0"/>
  <testcase classname="org.bukkit.PerMaterialTest" name="maxDurability[354: GREEN_GLAZED_TERRACOTTA]" time="0"/>
  <testcase classname="org.bukkit.PerMaterialTest" name="usesDurability[354: GREEN_GLAZED_TERRACOTTA]" time="0"/>
  <testcase classname="org.bukkit.PerMaterialTest" name="isOccluding[354: GREEN_GLAZED_TERRACOTTA]" time="0"/>
  <testcase classname="org.bukkit.PerMaterialTest" name="isRecord[354: GREEN_GLAZED_TERRACOTTA]" time="0"/>
  <testcase classname="org.bukkit.PerMaterialTest" name="isFlammable[354: GREEN_GLAZED_TERRACOTTA]" time="0"/>
  <testcase classname="org.bukkit.PerMaterialTest" name="testDurability[354: GREEN_GLAZED_TERRACOTTA]" time="0.001"/>
  <testcase classname="org.bukkit.PerMaterialTest" name="testBlockHardness[354: GREEN_GLAZED_TERRACOTTA]" time="0"/>
  <testcase classname="org.bukkit.PerMaterialTest" name="maxStackSize[354: GREEN_GLAZED_TERRACOTTA]" time="0"/>
  <testcase classname="org.bukkit.PerMaterialTest" name="isTransparent[354: GREEN_GLAZED_TERRACOTTA]" time="0"/>
  <testcase classname="org.bukkit.PerMaterialTest" name="testBlockDataCreation[354: GREEN_GLAZED_TERRACOTTA]" time="0"/>
  <testcase classname="org.bukkit.PerMaterialTest" name="isBlock[354: GREEN_GLAZED_TERRACOTTA]" time="0"/>
  <testcase classname="org.bukkit.PerMaterialTest" name="isSolid[354: GREEN_GLAZED_TERRACOTTA]" time="0"/>
  <testcase classname="org.bukkit.PerMaterialTest" name="hasGravity[355: GREEN_SHULKER_BOX]" time="0"/>
  <testcase classname="org.bukkit.PerMaterialTest" name="isBurnable[355: GREEN_SHULKER_BOX]" time="0"/>
  <testcase classname="org.bukkit.PerMaterialTest" name="testInteractable[355: GREEN_SHULKER_BOX]" time="0"/>
  <testcase classname="org.bukkit.PerMaterialTest" name="testBlock[355: GREEN_SHULKER_BOX]" time="0"/>
  <testcase classname="org.bukkit.PerMaterialTest" name="isFuel[355: GREEN_SHULKER_BOX]" time="0"/>
  <testcase classname="org.bukkit.PerMaterialTest" name="testItem[355: GREEN_SHULKER_BOX]" time="0"/>
  <testcase classname="org.bukkit.PerMaterialTest" name="testBlastResistance[355: GREEN_SHULKER_BOX]" time="0"/>
  <testcase classname="org.bukkit.PerMaterialTest" name="isEdible[355: GREEN_SHULKER_BOX]" time="0"/>
  <testcase classname="org.bukkit.PerMaterialTest" name="maxDurability[355: GREEN_SHULKER_BOX]" time="0"/>
  <testcase classname="org.bukkit.PerMaterialTest" name="usesDurability[355: GREEN_SHULKER_BOX]" time="0"/>
  <testcase classname="org.bukkit.PerMaterialTest" name="isOccluding[355: GREEN_SHULKER_BOX]" time="0"/>
  <testcase classname="org.bukkit.PerMaterialTest" name="isRecord[355: GREEN_SHULKER_BOX]" time="0"/>
  <testcase classname="org.bukkit.PerMaterialTest" name="isFlammable[355: GREEN_SHULKER_BOX]" time="0"/>
  <testcase classname="org.bukkit.PerMaterialTest" name="testDurability[355: GREEN_SHULKER_BOX]" time="0.001"/>
  <testcase classname="org.bukkit.PerMaterialTest" name="testBlockHardness[355: GREEN_SHULKER_BOX]" time="0"/>
  <testcase classname="org.bukkit.PerMaterialTest" name="maxStackSize[355: GREEN_SHULKER_BOX]" time="0"/>
  <testcase classname="org.bukkit.PerMaterialTest" name="isTransparent[355: GREEN_SHULKER_BOX]" time="0"/>
  <testcase classname="org.bukkit.PerMaterialTest" name="testBlockDataCreation[355: GREEN_SHULKER_BOX]" time="0"/>
  <testcase classname="org.bukkit.PerMaterialTest" name="isBlock[355: GREEN_SHULKER_BOX]" time="0"/>
  <testcase classname="org.bukkit.PerMaterialTest" name="isSolid[355: GREEN_SHULKER_BOX]" time="0"/>
  <testcase classname="org.bukkit.PerMaterialTest" name="hasGravity[356: GREEN_STAINED_GLASS]" time="0"/>
  <testcase classname="org.bukkit.PerMaterialTest" name="isBurnable[356: GREEN_STAINED_GLASS]" time="0"/>
  <testcase classname="org.bukkit.PerMaterialTest" name="testInteractable[356: GREEN_STAINED_GLASS]" time="0"/>
  <testcase classname="org.bukkit.PerMaterialTest" name="testBlock[356: GREEN_STAINED_GLASS]" time="0"/>
  <testcase classname="org.bukkit.PerMaterialTest" name="isFuel[356: GREEN_STAINED_GLASS]" time="0"/>
  <testcase classname="org.bukkit.PerMaterialTest" name="testItem[356: GREEN_STAINED_GLASS]" time="0.001"/>
  <testcase classname="org.bukkit.PerMaterialTest" name="testBlastResistance[356: GREEN_STAINED_GLASS]" time="0"/>
  <testcase classname="org.bukkit.PerMaterialTest" name="isEdible[356: GREEN_STAINED_GLASS]" time="0"/>
  <testcase classname="org.bukkit.PerMaterialTest" name="maxDurability[356: GREEN_STAINED_GLASS]" time="0"/>
  <testcase classname="org.bukkit.PerMaterialTest" name="usesDurability[356: GREEN_STAINED_GLASS]" time="0"/>
  <testcase classname="org.bukkit.PerMaterialTest" name="isOccluding[356: GREEN_STAINED_GLASS]" time="0"/>
  <testcase classname="org.bukkit.PerMaterialTest" name="isRecord[356: GREEN_STAINED_GLASS]" time="0"/>
  <testcase classname="org.bukkit.PerMaterialTest" name="isFlammable[356: GREEN_STAINED_GLASS]" time="0"/>
  <testcase classname="org.bukkit.PerMaterialTest" name="testDurability[356: GREEN_STAINED_GLASS]" time="0"/>
  <testcase classname="org.bukkit.PerMaterialTest" name="testBlockHardness[356: GREEN_STAINED_GLASS]" time="0"/>
  <testcase classname="org.bukkit.PerMaterialTest" name="maxStackSize[356: GREEN_STAINED_GLASS]" time="0"/>
  <testcase classname="org.bukkit.PerMaterialTest" name="isTransparent[356: GREEN_STAINED_GLASS]" time="0"/>
  <testcase classname="org.bukkit.PerMaterialTest" name="testBlockDataCreation[356: GREEN_STAINED_GLASS]" time="0"/>
  <testcase classname="org.bukkit.PerMaterialTest" name="isBlock[356: GREEN_STAINED_GLASS]" time="0"/>
  <testcase classname="org.bukkit.PerMaterialTest" name="isSolid[356: GREEN_STAINED_GLASS]" time="0"/>
  <testcase classname="org.bukkit.PerMaterialTest" name="hasGravity[357: GREEN_STAINED_GLASS_PANE]" time="0"/>
  <testcase classname="org.bukkit.PerMaterialTest" name="isBurnable[357: GREEN_STAINED_GLASS_PANE]" time="0"/>
  <testcase classname="org.bukkit.PerMaterialTest" name="testInteractable[357: GREEN_STAINED_GLASS_PANE]" time="0"/>
  <testcase classname="org.bukkit.PerMaterialTest" name="testBlock[357: GREEN_STAINED_GLASS_PANE]" time="0"/>
  <testcase classname="org.bukkit.PerMaterialTest" name="isFuel[357: GREEN_STAINED_GLASS_PANE]" time="0"/>
  <testcase classname="org.bukkit.PerMaterialTest" name="testItem[357: GREEN_STAINED_GLASS_PANE]" time="0.001"/>
  <testcase classname="org.bukkit.PerMaterialTest" name="testBlastResistance[357: GREEN_STAINED_GLASS_PANE]" time="0"/>
  <testcase classname="org.bukkit.PerMaterialTest" name="isEdible[357: GREEN_STAINED_GLASS_PANE]" time="0"/>
  <testcase classname="org.bukkit.PerMaterialTest" name="maxDurability[357: GREEN_STAINED_GLASS_PANE]" time="0"/>
  <testcase classname="org.bukkit.PerMaterialTest" name="usesDurability[357: GREEN_STAINED_GLASS_PANE]" time="0"/>
  <testcase classname="org.bukkit.PerMaterialTest" name="isOccluding[357: GREEN_STAINED_GLASS_PANE]" time="0"/>
  <testcase classname="org.bukkit.PerMaterialTest" name="isRecord[357: GREEN_STAINED_GLASS_PANE]" time="0"/>
  <testcase classname="org.bukkit.PerMaterialTest" name="isFlammable[357: GREEN_STAINED_GLASS_PANE]" time="0"/>
  <testcase classname="org.bukkit.PerMaterialTest" name="testDurability[357: GREEN_STAINED_GLASS_PANE]" time="0"/>
  <testcase classname="org.bukkit.PerMaterialTest" name="testBlockHardness[357: GREEN_STAINED_GLASS_PANE]" time="0"/>
  <testcase classname="org.bukkit.PerMaterialTest" name="maxStackSize[357: GREEN_STAINED_GLASS_PANE]" time="0"/>
  <testcase classname="org.bukkit.PerMaterialTest" name="isTransparent[357: GREEN_STAINED_GLASS_PANE]" time="0"/>
  <testcase classname="org.bukkit.PerMaterialTest" name="testBlockDataCreation[357: GREEN_STAINED_GLASS_PANE]" time="0"/>
  <testcase classname="org.bukkit.PerMaterialTest" name="isBlock[357: GREEN_STAINED_GLASS_PANE]" time="0"/>
  <testcase classname="org.bukkit.PerMaterialTest" name="isSolid[357: GREEN_STAINED_GLASS_PANE]" time="0.001"/>
  <testcase classname="org.bukkit.PerMaterialTest" name="hasGravity[358: GREEN_TERRACOTTA]" time="0"/>
  <testcase classname="org.bukkit.PerMaterialTest" name="isBurnable[358: GREEN_TERRACOTTA]" time="0"/>
  <testcase classname="org.bukkit.PerMaterialTest" name="testInteractable[358: GREEN_TERRACOTTA]" time="0"/>
  <testcase classname="org.bukkit.PerMaterialTest" name="testBlock[358: GREEN_TERRACOTTA]" time="0"/>
  <testcase classname="org.bukkit.PerMaterialTest" name="isFuel[358: GREEN_TERRACOTTA]" time="0"/>
  <testcase classname="org.bukkit.PerMaterialTest" name="testItem[358: GREEN_TERRACOTTA]" time="0"/>
  <testcase classname="org.bukkit.PerMaterialTest" name="testBlastResistance[358: GREEN_TERRACOTTA]" time="0"/>
  <testcase classname="org.bukkit.PerMaterialTest" name="isEdible[358: GREEN_TERRACOTTA]" time="0"/>
  <testcase classname="org.bukkit.PerMaterialTest" name="maxDurability[358: GREEN_TERRACOTTA]" time="0"/>
  <testcase classname="org.bukkit.PerMaterialTest" name="usesDurability[358: GREEN_TERRACOTTA]" time="0"/>
  <testcase classname="org.bukkit.PerMaterialTest" name="isOccluding[358: GREEN_TERRACOTTA]" time="0"/>
  <testcase classname="org.bukkit.PerMaterialTest" name="isRecord[358: GREEN_TERRACOTTA]" time="0"/>
  <testcase classname="org.bukkit.PerMaterialTest" name="isFlammable[358: GREEN_TERRACOTTA]" time="0"/>
  <testcase classname="org.bukkit.PerMaterialTest" name="testDurability[358: GREEN_TERRACOTTA]" time="0"/>
  <testcase classname="org.bukkit.PerMaterialTest" name="testBlockHardness[358: GREEN_TERRACOTTA]" time="0"/>
  <testcase classname="org.bukkit.PerMaterialTest" name="maxStackSize[358: GREEN_TERRACOTTA]" time="0"/>
  <testcase classname="org.bukkit.PerMaterialTest" name="isTransparent[358: GREEN_TERRACOTTA]" time="0"/>
  <testcase classname="org.bukkit.PerMaterialTest" name="testBlockDataCreation[358: GREEN_TERRACOTTA]" time="0"/>
  <testcase classname="org.bukkit.PerMaterialTest" name="isBlock[358: GREEN_TERRACOTTA]" time="0"/>
  <testcase classname="org.bukkit.PerMaterialTest" name="isSolid[358: GREEN_TERRACOTTA]" time="0.001"/>
  <testcase classname="org.bukkit.PerMaterialTest" name="hasGravity[359: GREEN_WALL_BANNER]" time="0"/>
  <testcase classname="org.bukkit.PerMaterialTest" name="isBurnable[359: GREEN_WALL_BANNER]" time="0"/>
  <testcase classname="org.bukkit.PerMaterialTest" name="testInteractable[359: GREEN_WALL_BANNER]" time="0"/>
  <testcase classname="org.bukkit.PerMaterialTest" name="testBlock[359: GREEN_WALL_BANNER]" time="0"/>
  <testcase classname="org.bukkit.PerMaterialTest" name="isFuel[359: GREEN_WALL_BANNER]" time="0"/>
  <testcase classname="org.bukkit.PerMaterialTest" name="testItem[359: GREEN_WALL_BANNER]" time="0"/>
  <testcase classname="org.bukkit.PerMaterialTest" name="testBlastResistance[359: GREEN_WALL_BANNER]" time="0"/>
  <testcase classname="org.bukkit.PerMaterialTest" name="isEdible[359: GREEN_WALL_BANNER]" time="0"/>
  <testcase classname="org.bukkit.PerMaterialTest" name="maxDurability[359: GREEN_WALL_BANNER]" time="0"/>
  <testcase classname="org.bukkit.PerMaterialTest" name="usesDurability[359: GREEN_WALL_BANNER]" time="0"/>
  <testcase classname="org.bukkit.PerMaterialTest" name="isOccluding[359: GREEN_WALL_BANNER]" time="0"/>
  <testcase classname="org.bukkit.PerMaterialTest" name="isRecord[359: GREEN_WALL_BANNER]" time="0"/>
  <testcase classname="org.bukkit.PerMaterialTest" name="isFlammable[359: GREEN_WALL_BANNER]" time="0"/>
  <testcase classname="org.bukkit.PerMaterialTest" name="testDurability[359: GREEN_WALL_BANNER]" time="0"/>
  <testcase classname="org.bukkit.PerMaterialTest" name="testBlockHardness[359: GREEN_WALL_BANNER]" time="0"/>
  <testcase classname="org.bukkit.PerMaterialTest" name="maxStackSize[359: GREEN_WALL_BANNER]" time="0"/>
  <testcase classname="org.bukkit.PerMaterialTest" name="isTransparent[359: GREEN_WALL_BANNER]" time="0"/>
  <testcase classname="org.bukkit.PerMaterialTest" name="testBlockDataCreation[359: GREEN_WALL_BANNER]" time="0"/>
  <testcase classname="org.bukkit.PerMaterialTest" name="isBlock[359: GREEN_WALL_BANNER]" time="0"/>
  <testcase classname="org.bukkit.PerMaterialTest" name="isSolid[359: GREEN_WALL_BANNER]" time="0"/>
  <testcase classname="org.bukkit.PerMaterialTest" name="hasGravity[360: GREEN_WOOL]" time="0.001"/>
  <testcase classname="org.bukkit.PerMaterialTest" name="isBurnable[360: GREEN_WOOL]" time="0"/>
  <testcase classname="org.bukkit.PerMaterialTest" name="testInteractable[360: GREEN_WOOL]" time="0"/>
  <testcase classname="org.bukkit.PerMaterialTest" name="testBlock[360: GREEN_WOOL]" time="0"/>
  <testcase classname="org.bukkit.PerMaterialTest" name="isFuel[360: GREEN_WOOL]" time="0"/>
  <testcase classname="org.bukkit.PerMaterialTest" name="testItem[360: GREEN_WOOL]" time="0"/>
  <testcase classname="org.bukkit.PerMaterialTest" name="testBlastResistance[360: GREEN_WOOL]" time="0.001"/>
  <testcase classname="org.bukkit.PerMaterialTest" name="isEdible[360: GREEN_WOOL]" time="0"/>
  <testcase classname="org.bukkit.PerMaterialTest" name="maxDurability[360: GREEN_WOOL]" time="0"/>
  <testcase classname="org.bukkit.PerMaterialTest" name="usesDurability[360: GREEN_WOOL]" time="0"/>
  <testcase classname="org.bukkit.PerMaterialTest" name="isOccluding[360: GREEN_WOOL]" time="0"/>
  <testcase classname="org.bukkit.PerMaterialTest" name="isRecord[360: GREEN_WOOL]" time="0"/>
  <testcase classname="org.bukkit.PerMaterialTest" name="isFlammable[360: GREEN_WOOL]" time="0"/>
  <testcase classname="org.bukkit.PerMaterialTest" name="testDurability[360: GREEN_WOOL]" time="0"/>
  <testcase classname="org.bukkit.PerMaterialTest" name="testBlockHardness[360: GREEN_WOOL]" time="0"/>
  <testcase classname="org.bukkit.PerMaterialTest" name="maxStackSize[360: GREEN_WOOL]" time="0"/>
  <testcase classname="org.bukkit.PerMaterialTest" name="isTransparent[360: GREEN_WOOL]" time="0"/>
  <testcase classname="org.bukkit.PerMaterialTest" name="testBlockDataCreation[360: GREEN_WOOL]" time="0"/>
  <testcase classname="org.bukkit.PerMaterialTest" name="isBlock[360: GREEN_WOOL]" time="0"/>
  <testcase classname="org.bukkit.PerMaterialTest" name="isSolid[360: GREEN_WOOL]" time="0"/>
  <testcase classname="org.bukkit.PerMaterialTest" name="hasGravity[361: GUARDIAN_SPAWN_EGG]" time="0"/>
  <testcase classname="org.bukkit.PerMaterialTest" name="isBurnable[361: GUARDIAN_SPAWN_EGG]" time="0"/>
  <testcase classname="org.bukkit.PerMaterialTest" name="testInteractable[361: GUARDIAN_SPAWN_EGG]" time="0"/>
  <testcase classname="org.bukkit.PerMaterialTest" name="testBlock[361: GUARDIAN_SPAWN_EGG]" time="0"/>
  <testcase classname="org.bukkit.PerMaterialTest" name="isFuel[361: GUARDIAN_SPAWN_EGG]" time="0"/>
  <testcase classname="org.bukkit.PerMaterialTest" name="testItem[361: GUARDIAN_SPAWN_EGG]" time="0"/>
  <testcase classname="org.bukkit.PerMaterialTest" name="testBlastResistance[361: GUARDIAN_SPAWN_EGG]" time="0"/>
  <testcase classname="org.bukkit.PerMaterialTest" name="isEdible[361: GUARDIAN_SPAWN_EGG]" time="0.001"/>
  <testcase classname="org.bukkit.PerMaterialTest" name="maxDurability[361: GUARDIAN_SPAWN_EGG]" time="0"/>
  <testcase classname="org.bukkit.PerMaterialTest" name="usesDurability[361: GUARDIAN_SPAWN_EGG]" time="0"/>
  <testcase classname="org.bukkit.PerMaterialTest" name="isOccluding[361: GUARDIAN_SPAWN_EGG]" time="0"/>
  <testcase classname="org.bukkit.PerMaterialTest" name="isRecord[361: GUARDIAN_SPAWN_EGG]" time="0"/>
  <testcase classname="org.bukkit.PerMaterialTest" name="isFlammable[361: GUARDIAN_SPAWN_EGG]" time="0"/>
  <testcase classname="org.bukkit.PerMaterialTest" name="testDurability[361: GUARDIAN_SPAWN_EGG]" time="0"/>
  <testcase classname="org.bukkit.PerMaterialTest" name="testBlockHardness[361: GUARDIAN_SPAWN_EGG]" time="0"/>
  <testcase classname="org.bukkit.PerMaterialTest" name="maxStackSize[361: GUARDIAN_SPAWN_EGG]" time="0.001"/>
  <testcase classname="org.bukkit.PerMaterialTest" name="isTransparent[361: GUARDIAN_SPAWN_EGG]" time="0"/>
  <testcase classname="org.bukkit.PerMaterialTest" name="testBlockDataCreation[361: GUARDIAN_SPAWN_EGG]" time="0"/>
  <testcase classname="org.bukkit.PerMaterialTest" name="isBlock[361: GUARDIAN_SPAWN_EGG]" time="0"/>
  <testcase classname="org.bukkit.PerMaterialTest" name="isSolid[361: GUARDIAN_SPAWN_EGG]" time="0"/>
  <testcase classname="org.bukkit.PerMaterialTest" name="hasGravity[362: GUNPOWDER]" time="0"/>
  <testcase classname="org.bukkit.PerMaterialTest" name="isBurnable[362: GUNPOWDER]" time="0"/>
  <testcase classname="org.bukkit.PerMaterialTest" name="testInteractable[362: GUNPOWDER]" time="0.001"/>
  <testcase classname="org.bukkit.PerMaterialTest" name="testBlock[362: GUNPOWDER]" time="0"/>
  <testcase classname="org.bukkit.PerMaterialTest" name="isFuel[362: GUNPOWDER]" time="0"/>
  <testcase classname="org.bukkit.PerMaterialTest" name="testItem[362: GUNPOWDER]" time="0"/>
  <testcase classname="org.bukkit.PerMaterialTest" name="testBlastResistance[362: GUNPOWDER]" time="0"/>
  <testcase classname="org.bukkit.PerMaterialTest" name="isEdible[362: GUNPOWDER]" time="0"/>
  <testcase classname="org.bukkit.PerMaterialTest" name="maxDurability[362: GUNPOWDER]" time="0"/>
  <testcase classname="org.bukkit.PerMaterialTest" name="usesDurability[362: GUNPOWDER]" time="0"/>
  <testcase classname="org.bukkit.PerMaterialTest" name="isOccluding[362: GUNPOWDER]" time="0"/>
  <testcase classname="org.bukkit.PerMaterialTest" name="isRecord[362: GUNPOWDER]" time="0"/>
  <testcase classname="org.bukkit.PerMaterialTest" name="isFlammable[362: GUNPOWDER]" time="0"/>
  <testcase classname="org.bukkit.PerMaterialTest" name="testDurability[362: GUNPOWDER]" time="0"/>
  <testcase classname="org.bukkit.PerMaterialTest" name="testBlockHardness[362: GUNPOWDER]" time="0"/>
  <testcase classname="org.bukkit.PerMaterialTest" name="maxStackSize[362: GUNPOWDER]" time="0"/>
  <testcase classname="org.bukkit.PerMaterialTest" name="isTransparent[362: GUNPOWDER]" time="0"/>
  <testcase classname="org.bukkit.PerMaterialTest" name="testBlockDataCreation[362: GUNPOWDER]" time="0"/>
  <testcase classname="org.bukkit.PerMaterialTest" name="isBlock[362: GUNPOWDER]" time="0"/>
  <testcase classname="org.bukkit.PerMaterialTest" name="isSolid[362: GUNPOWDER]" time="0"/>
  <testcase classname="org.bukkit.PerMaterialTest" name="hasGravity[363: HAY_BLOCK]" time="0"/>
  <testcase classname="org.bukkit.PerMaterialTest" name="isBurnable[363: HAY_BLOCK]" time="0"/>
  <testcase classname="org.bukkit.PerMaterialTest" name="testInteractable[363: HAY_BLOCK]" time="0"/>
  <testcase classname="org.bukkit.PerMaterialTest" name="testBlock[363: HAY_BLOCK]" time="0"/>
  <testcase classname="org.bukkit.PerMaterialTest" name="isFuel[363: HAY_BLOCK]" time="0"/>
  <testcase classname="org.bukkit.PerMaterialTest" name="testItem[363: HAY_BLOCK]" time="0"/>
  <testcase classname="org.bukkit.PerMaterialTest" name="testBlastResistance[363: HAY_BLOCK]" time="0"/>
  <testcase classname="org.bukkit.PerMaterialTest" name="isEdible[363: HAY_BLOCK]" time="0"/>
  <testcase classname="org.bukkit.PerMaterialTest" name="maxDurability[363: HAY_BLOCK]" time="0"/>
  <testcase classname="org.bukkit.PerMaterialTest" name="usesDurability[363: HAY_BLOCK]" time="0"/>
  <testcase classname="org.bukkit.PerMaterialTest" name="isOccluding[363: HAY_BLOCK]" time="0.001"/>
  <testcase classname="org.bukkit.PerMaterialTest" name="isRecord[363: HAY_BLOCK]" time="0"/>
  <testcase classname="org.bukkit.PerMaterialTest" name="isFlammable[363: HAY_BLOCK]" time="0"/>
  <testcase classname="org.bukkit.PerMaterialTest" name="testDurability[363: HAY_BLOCK]" time="0"/>
  <testcase classname="org.bukkit.PerMaterialTest" name="testBlockHardness[363: HAY_BLOCK]" time="0"/>
  <testcase classname="org.bukkit.PerMaterialTest" name="maxStackSize[363: HAY_BLOCK]" time="0"/>
  <testcase classname="org.bukkit.PerMaterialTest" name="isTransparent[363: HAY_BLOCK]" time="0"/>
  <testcase classname="org.bukkit.PerMaterialTest" name="testBlockDataCreation[363: HAY_BLOCK]" time="0.001"/>
  <testcase classname="org.bukkit.PerMaterialTest" name="isBlock[363: HAY_BLOCK]" time="0"/>
  <testcase classname="org.bukkit.PerMaterialTest" name="isSolid[363: HAY_BLOCK]" time="0"/>
  <testcase classname="org.bukkit.PerMaterialTest" name="hasGravity[364: HEART_OF_THE_SEA]" time="0"/>
  <testcase classname="org.bukkit.PerMaterialTest" name="isBurnable[364: HEART_OF_THE_SEA]" time="0"/>
  <testcase classname="org.bukkit.PerMaterialTest" name="testInteractable[364: HEART_OF_THE_SEA]" time="0"/>
  <testcase classname="org.bukkit.PerMaterialTest" name="testBlock[364: HEART_OF_THE_SEA]" time="0"/>
  <testcase classname="org.bukkit.PerMaterialTest" name="isFuel[364: HEART_OF_THE_SEA]" time="0.001"/>
  <testcase classname="org.bukkit.PerMaterialTest" name="testItem[364: HEART_OF_THE_SEA]" time="0"/>
  <testcase classname="org.bukkit.PerMaterialTest" name="testBlastResistance[364: HEART_OF_THE_SEA]" time="0"/>
  <testcase classname="org.bukkit.PerMaterialTest" name="isEdible[364: HEART_OF_THE_SEA]" time="0"/>
  <testcase classname="org.bukkit.PerMaterialTest" name="maxDurability[364: HEART_OF_THE_SEA]" time="0"/>
  <testcase classname="org.bukkit.PerMaterialTest" name="usesDurability[364: HEART_OF_THE_SEA]" time="0"/>
  <testcase classname="org.bukkit.PerMaterialTest" name="isOccluding[364: HEART_OF_THE_SEA]" time="0"/>
  <testcase classname="org.bukkit.PerMaterialTest" name="isRecord[364: HEART_OF_THE_SEA]" time="0"/>
  <testcase classname="org.bukkit.PerMaterialTest" name="isFlammable[364: HEART_OF_THE_SEA]" time="0"/>
  <testcase classname="org.bukkit.PerMaterialTest" name="testDurability[364: HEART_OF_THE_SEA]" time="0"/>
  <testcase classname="org.bukkit.PerMaterialTest" name="testBlockHardness[364: HEART_OF_THE_SEA]" time="0"/>
  <testcase classname="org.bukkit.PerMaterialTest" name="maxStackSize[364: HEART_OF_THE_SEA]" time="0"/>
  <testcase classname="org.bukkit.PerMaterialTest" name="isTransparent[364: HEART_OF_THE_SEA]" time="0"/>
  <testcase classname="org.bukkit.PerMaterialTest" name="testBlockDataCreation[364: HEART_OF_THE_SEA]" time="0"/>
  <testcase classname="org.bukkit.PerMaterialTest" name="isBlock[364: HEART_OF_THE_SEA]" time="0"/>
  <testcase classname="org.bukkit.PerMaterialTest" name="isSolid[364: HEART_OF_THE_SEA]" time="0"/>
  <testcase classname="org.bukkit.PerMaterialTest" name="hasGravity[365: HEAVY_WEIGHTED_PRESSURE_PLATE]" time="0"/>
  <testcase classname="org.bukkit.PerMaterialTest" name="isBurnable[365: HEAVY_WEIGHTED_PRESSURE_PLATE]" time="0"/>
  <testcase classname="org.bukkit.PerMaterialTest" name="testInteractable[365: HEAVY_WEIGHTED_PRESSURE_PLATE]" time="0"/>
  <testcase classname="org.bukkit.PerMaterialTest" name="testBlock[365: HEAVY_WEIGHTED_PRESSURE_PLATE]" time="0"/>
  <testcase classname="org.bukkit.PerMaterialTest" name="isFuel[365: HEAVY_WEIGHTED_PRESSURE_PLATE]" time="0.001"/>
  <testcase classname="org.bukkit.PerMaterialTest" name="testItem[365: HEAVY_WEIGHTED_PRESSURE_PLATE]" time="0"/>
  <testcase classname="org.bukkit.PerMaterialTest" name="testBlastResistance[365: HEAVY_WEIGHTED_PRESSURE_PLATE]" time="0"/>
  <testcase classname="org.bukkit.PerMaterialTest" name="isEdible[365: HEAVY_WEIGHTED_PRESSURE_PLATE]" time="0"/>
  <testcase classname="org.bukkit.PerMaterialTest" name="maxDurability[365: HEAVY_WEIGHTED_PRESSURE_PLATE]" time="0"/>
  <testcase classname="org.bukkit.PerMaterialTest" name="usesDurability[365: HEAVY_WEIGHTED_PRESSURE_PLATE]" time="0"/>
  <testcase classname="org.bukkit.PerMaterialTest" name="isOccluding[365: HEAVY_WEIGHTED_PRESSURE_PLATE]" time="0"/>
  <testcase classname="org.bukkit.PerMaterialTest" name="isRecord[365: HEAVY_WEIGHTED_PRESSURE_PLATE]" time="0"/>
  <testcase classname="org.bukkit.PerMaterialTest" name="isFlammable[365: HEAVY_WEIGHTED_PRESSURE_PLATE]" time="0"/>
  <testcase classname="org.bukkit.PerMaterialTest" name="testDurability[365: HEAVY_WEIGHTED_PRESSURE_PLATE]" time="0"/>
  <testcase classname="org.bukkit.PerMaterialTest" name="testBlockHardness[365: HEAVY_WEIGHTED_PRESSURE_PLATE]" time="0"/>
  <testcase classname="org.bukkit.PerMaterialTest" name="maxStackSize[365: HEAVY_WEIGHTED_PRESSURE_PLATE]" time="0"/>
  <testcase classname="org.bukkit.PerMaterialTest" name="isTransparent[365: HEAVY_WEIGHTED_PRESSURE_PLATE]" time="0"/>
  <testcase classname="org.bukkit.PerMaterialTest" name="testBlockDataCreation[365: HEAVY_WEIGHTED_PRESSURE_PLATE]" time="0"/>
  <testcase classname="org.bukkit.PerMaterialTest" name="isBlock[365: HEAVY_WEIGHTED_PRESSURE_PLATE]" time="0"/>
  <testcase classname="org.bukkit.PerMaterialTest" name="isSolid[365: HEAVY_WEIGHTED_PRESSURE_PLATE]" time="0"/>
  <testcase classname="org.bukkit.PerMaterialTest" name="hasGravity[366: HOPPER]" time="0"/>
  <testcase classname="org.bukkit.PerMaterialTest" name="isBurnable[366: HOPPER]" time="0"/>
  <testcase classname="org.bukkit.PerMaterialTest" name="testInteractable[366: HOPPER]" time="0.001"/>
  <testcase classname="org.bukkit.PerMaterialTest" name="testBlock[366: HOPPER]" time="0"/>
  <testcase classname="org.bukkit.PerMaterialTest" name="isFuel[366: HOPPER]" time="0"/>
  <testcase classname="org.bukkit.PerMaterialTest" name="testItem[366: HOPPER]" time="0"/>
  <testcase classname="org.bukkit.PerMaterialTest" name="testBlastResistance[366: HOPPER]" time="0"/>
  <testcase classname="org.bukkit.PerMaterialTest" name="isEdible[366: HOPPER]" time="0"/>
  <testcase classname="org.bukkit.PerMaterialTest" name="maxDurability[366: HOPPER]" time="0"/>
  <testcase classname="org.bukkit.PerMaterialTest" name="usesDurability[366: HOPPER]" time="0"/>
  <testcase classname="org.bukkit.PerMaterialTest" name="isOccluding[366: HOPPER]" time="0"/>
  <testcase classname="org.bukkit.PerMaterialTest" name="isRecord[366: HOPPER]" time="0"/>
  <testcase classname="org.bukkit.PerMaterialTest" name="isFlammable[366: HOPPER]" time="0"/>
  <testcase classname="org.bukkit.PerMaterialTest" name="testDurability[366: HOPPER]" time="0"/>
  <testcase classname="org.bukkit.PerMaterialTest" name="testBlockHardness[366: HOPPER]" time="0"/>
  <testcase classname="org.bukkit.PerMaterialTest" name="maxStackSize[366: HOPPER]" time="0"/>
  <testcase classname="org.bukkit.PerMaterialTest" name="isTransparent[366: HOPPER]" time="0.001"/>
  <testcase classname="org.bukkit.PerMaterialTest" name="testBlockDataCreation[366: HOPPER]" time="0"/>
  <testcase classname="org.bukkit.PerMaterialTest" name="isBlock[366: HOPPER]" time="0"/>
  <testcase classname="org.bukkit.PerMaterialTest" name="isSolid[366: HOPPER]" time="0"/>
  <testcase classname="org.bukkit.PerMaterialTest" name="hasGravity[367: HOPPER_MINECART]" time="0"/>
  <testcase classname="org.bukkit.PerMaterialTest" name="isBurnable[367: HOPPER_MINECART]" time="0"/>
  <testcase classname="org.bukkit.PerMaterialTest" name="testInteractable[367: HOPPER_MINECART]" time="0"/>
  <testcase classname="org.bukkit.PerMaterialTest" name="testBlock[367: HOPPER_MINECART]" time="0"/>
  <testcase classname="org.bukkit.PerMaterialTest" name="isFuel[367: HOPPER_MINECART]" time="0"/>
  <testcase classname="org.bukkit.PerMaterialTest" name="testItem[367: HOPPER_MINECART]" time="0"/>
  <testcase classname="org.bukkit.PerMaterialTest" name="testBlastResistance[367: HOPPER_MINECART]" time="0"/>
  <testcase classname="org.bukkit.PerMaterialTest" name="isEdible[367: HOPPER_MINECART]" time="0"/>
  <testcase classname="org.bukkit.PerMaterialTest" name="maxDurability[367: HOPPER_MINECART]" time="0"/>
  <testcase classname="org.bukkit.PerMaterialTest" name="usesDurability[367: HOPPER_MINECART]" time="0"/>
  <testcase classname="org.bukkit.PerMaterialTest" name="isOccluding[367: HOPPER_MINECART]" time="0.001"/>
  <testcase classname="org.bukkit.PerMaterialTest" name="isRecord[367: HOPPER_MINECART]" time="0"/>
  <testcase classname="org.bukkit.PerMaterialTest" name="isFlammable[367: HOPPER_MINECART]" time="0"/>
  <testcase classname="org.bukkit.PerMaterialTest" name="testDurability[367: HOPPER_MINECART]" time="0"/>
  <testcase classname="org.bukkit.PerMaterialTest" name="testBlockHardness[367: HOPPER_MINECART]" time="0"/>
  <testcase classname="org.bukkit.PerMaterialTest" name="maxStackSize[367: HOPPER_MINECART]" time="0"/>
  <testcase classname="org.bukkit.PerMaterialTest" name="isTransparent[367: HOPPER_MINECART]" time="0"/>
  <testcase classname="org.bukkit.PerMaterialTest" name="testBlockDataCreation[367: HOPPER_MINECART]" time="0"/>
  <testcase classname="org.bukkit.PerMaterialTest" name="isBlock[367: HOPPER_MINECART]" time="0"/>
  <testcase classname="org.bukkit.PerMaterialTest" name="isSolid[367: HOPPER_MINECART]" time="0"/>
  <testcase classname="org.bukkit.PerMaterialTest" name="hasGravity[368: HORN_CORAL]" time="0"/>
  <testcase classname="org.bukkit.PerMaterialTest" name="isBurnable[368: HORN_CORAL]" time="0"/>
  <testcase classname="org.bukkit.PerMaterialTest" name="testInteractable[368: HORN_CORAL]" time="0"/>
  <testcase classname="org.bukkit.PerMaterialTest" name="testBlock[368: HORN_CORAL]" time="0"/>
  <testcase classname="org.bukkit.PerMaterialTest" name="isFuel[368: HORN_CORAL]" time="0.001"/>
  <testcase classname="org.bukkit.PerMaterialTest" name="testItem[368: HORN_CORAL]" time="0"/>
  <testcase classname="org.bukkit.PerMaterialTest" name="testBlastResistance[368: HORN_CORAL]" time="0"/>
  <testcase classname="org.bukkit.PerMaterialTest" name="isEdible[368: HORN_CORAL]" time="0"/>
  <testcase classname="org.bukkit.PerMaterialTest" name="maxDurability[368: HORN_CORAL]" time="0"/>
  <testcase classname="org.bukkit.PerMaterialTest" name="usesDurability[368: HORN_CORAL]" time="0"/>
  <testcase classname="org.bukkit.PerMaterialTest" name="isOccluding[368: HORN_CORAL]" time="0"/>
  <testcase classname="org.bukkit.PerMaterialTest" name="isRecord[368: HORN_CORAL]" time="0.001"/>
  <testcase classname="org.bukkit.PerMaterialTest" name="isFlammable[368: HORN_CORAL]" time="0"/>
  <testcase classname="org.bukkit.PerMaterialTest" name="testDurability[368: HORN_CORAL]" time="0"/>
  <testcase classname="org.bukkit.PerMaterialTest" name="testBlockHardness[368: HORN_CORAL]" time="0"/>
  <testcase classname="org.bukkit.PerMaterialTest" name="maxStackSize[368: HORN_CORAL]" time="0"/>
  <testcase classname="org.bukkit.PerMaterialTest" name="isTransparent[368: HORN_CORAL]" time="0"/>
  <testcase classname="org.bukkit.PerMaterialTest" name="testBlockDataCreation[368: HORN_CORAL]" time="0"/>
  <testcase classname="org.bukkit.PerMaterialTest" name="isBlock[368: HORN_CORAL]" time="0"/>
  <testcase classname="org.bukkit.PerMaterialTest" name="isSolid[368: HORN_CORAL]" time="0"/>
  <testcase classname="org.bukkit.PerMaterialTest" name="hasGravity[369: HORN_CORAL_BLOCK]" time="0"/>
  <testcase classname="org.bukkit.PerMaterialTest" name="isBurnable[369: HORN_CORAL_BLOCK]" time="0"/>
  <testcase classname="org.bukkit.PerMaterialTest" name="testInteractable[369: HORN_CORAL_BLOCK]" time="0"/>
  <testcase classname="org.bukkit.PerMaterialTest" name="testBlock[369: HORN_CORAL_BLOCK]" time="0"/>
  <testcase classname="org.bukkit.PerMaterialTest" name="isFuel[369: HORN_CORAL_BLOCK]" time="0.001"/>
  <testcase classname="org.bukkit.PerMaterialTest" name="testItem[369: HORN_CORAL_BLOCK]" time="0"/>
  <testcase classname="org.bukkit.PerMaterialTest" name="testBlastResistance[369: HORN_CORAL_BLOCK]" time="0"/>
  <testcase classname="org.bukkit.PerMaterialTest" name="isEdible[369: HORN_CORAL_BLOCK]" time="0"/>
  <testcase classname="org.bukkit.PerMaterialTest" name="maxDurability[369: HORN_CORAL_BLOCK]" time="0"/>
  <testcase classname="org.bukkit.PerMaterialTest" name="usesDurability[369: HORN_CORAL_BLOCK]" time="0"/>
  <testcase classname="org.bukkit.PerMaterialTest" name="isOccluding[369: HORN_CORAL_BLOCK]" time="0"/>
  <testcase classname="org.bukkit.PerMaterialTest" name="isRecord[369: HORN_CORAL_BLOCK]" time="0"/>
  <testcase classname="org.bukkit.PerMaterialTest" name="isFlammable[369: HORN_CORAL_BLOCK]" time="0.001"/>
  <testcase classname="org.bukkit.PerMaterialTest" name="testDurability[369: HORN_CORAL_BLOCK]" time="0"/>
  <testcase classname="org.bukkit.PerMaterialTest" name="testBlockHardness[369: HORN_CORAL_BLOCK]" time="0"/>
  <testcase classname="org.bukkit.PerMaterialTest" name="maxStackSize[369: HORN_CORAL_BLOCK]" time="0"/>
  <testcase classname="org.bukkit.PerMaterialTest" name="isTransparent[369: HORN_CORAL_BLOCK]" time="0"/>
  <testcase classname="org.bukkit.PerMaterialTest" name="testBlockDataCreation[369: HORN_CORAL_BLOCK]" time="0"/>
  <testcase classname="org.bukkit.PerMaterialTest" name="isBlock[369: HORN_CORAL_BLOCK]" time="0"/>
  <testcase classname="org.bukkit.PerMaterialTest" name="isSolid[369: HORN_CORAL_BLOCK]" time="0"/>
  <testcase classname="org.bukkit.PerMaterialTest" name="hasGravity[370: HORN_CORAL_FAN]" time="0"/>
  <testcase classname="org.bukkit.PerMaterialTest" name="isBurnable[370: HORN_CORAL_FAN]" time="0"/>
  <testcase classname="org.bukkit.PerMaterialTest" name="testInteractable[370: HORN_CORAL_FAN]" time="0"/>
  <testcase classname="org.bukkit.PerMaterialTest" name="testBlock[370: HORN_CORAL_FAN]" time="0"/>
  <testcase classname="org.bukkit.PerMaterialTest" name="isFuel[370: HORN_CORAL_FAN]" time="0"/>
  <testcase classname="org.bukkit.PerMaterialTest" name="testItem[370: HORN_CORAL_FAN]" time="0"/>
  <testcase classname="org.bukkit.PerMaterialTest" name="testBlastResistance[370: HORN_CORAL_FAN]" time="0"/>
  <testcase classname="org.bukkit.PerMaterialTest" name="isEdible[370: HORN_CORAL_FAN]" time="0"/>
  <testcase classname="org.bukkit.PerMaterialTest" name="maxDurability[370: HORN_CORAL_FAN]" time="0"/>
  <testcase classname="org.bukkit.PerMaterialTest" name="usesDurability[370: HORN_CORAL_FAN]" time="0"/>
  <testcase classname="org.bukkit.PerMaterialTest" name="isOccluding[370: HORN_CORAL_FAN]" time="0"/>
  <testcase classname="org.bukkit.PerMaterialTest" name="isRecord[370: HORN_CORAL_FAN]" time="0"/>
  <testcase classname="org.bukkit.PerMaterialTest" name="isFlammable[370: HORN_CORAL_FAN]" time="0.001"/>
  <testcase classname="org.bukkit.PerMaterialTest" name="testDurability[370: HORN_CORAL_FAN]" time="0"/>
  <testcase classname="org.bukkit.PerMaterialTest" name="testBlockHardness[370: HORN_CORAL_FAN]" time="0"/>
  <testcase classname="org.bukkit.PerMaterialTest" name="maxStackSize[370: HORN_CORAL_FAN]" time="0"/>
  <testcase classname="org.bukkit.PerMaterialTest" name="isTransparent[370: HORN_CORAL_FAN]" time="0"/>
  <testcase classname="org.bukkit.PerMaterialTest" name="testBlockDataCreation[370: HORN_CORAL_FAN]" time="0"/>
  <testcase classname="org.bukkit.PerMaterialTest" name="isBlock[370: HORN_CORAL_FAN]" time="0"/>
  <testcase classname="org.bukkit.PerMaterialTest" name="isSolid[370: HORN_CORAL_FAN]" time="0"/>
  <testcase classname="org.bukkit.PerMaterialTest" name="hasGravity[371: HORN_CORAL_WALL_FAN]" time="0"/>
  <testcase classname="org.bukkit.PerMaterialTest" name="isBurnable[371: HORN_CORAL_WALL_FAN]" time="0"/>
  <testcase classname="org.bukkit.PerMaterialTest" name="testInteractable[371: HORN_CORAL_WALL_FAN]" time="0"/>
  <testcase classname="org.bukkit.PerMaterialTest" name="testBlock[371: HORN_CORAL_WALL_FAN]" time="0"/>
  <testcase classname="org.bukkit.PerMaterialTest" name="isFuel[371: HORN_CORAL_WALL_FAN]" time="0"/>
  <testcase classname="org.bukkit.PerMaterialTest" name="testItem[371: HORN_CORAL_WALL_FAN]" time="0.001"/>
  <testcase classname="org.bukkit.PerMaterialTest" name="testBlastResistance[371: HORN_CORAL_WALL_FAN]" time="0"/>
  <testcase classname="org.bukkit.PerMaterialTest" name="isEdible[371: HORN_CORAL_WALL_FAN]" time="0"/>
  <testcase classname="org.bukkit.PerMaterialTest" name="maxDurability[371: HORN_CORAL_WALL_FAN]" time="0"/>
  <testcase classname="org.bukkit.PerMaterialTest" name="usesDurability[371: HORN_CORAL_WALL_FAN]" time="0"/>
  <testcase classname="org.bukkit.PerMaterialTest" name="isOccluding[371: HORN_CORAL_WALL_FAN]" time="0"/>
  <testcase classname="org.bukkit.PerMaterialTest" name="isRecord[371: HORN_CORAL_WALL_FAN]" time="0"/>
  <testcase classname="org.bukkit.PerMaterialTest" name="isFlammable[371: HORN_CORAL_WALL_FAN]" time="0"/>
  <testcase classname="org.bukkit.PerMaterialTest" name="testDurability[371: HORN_CORAL_WALL_FAN]" time="0"/>
  <testcase classname="org.bukkit.PerMaterialTest" name="testBlockHardness[371: HORN_CORAL_WALL_FAN]" time="0"/>
  <testcase classname="org.bukkit.PerMaterialTest" name="maxStackSize[371: HORN_CORAL_WALL_FAN]" time="0"/>
  <testcase classname="org.bukkit.PerMaterialTest" name="isTransparent[371: HORN_CORAL_WALL_FAN]" time="0"/>
  <testcase classname="org.bukkit.PerMaterialTest" name="testBlockDataCreation[371: HORN_CORAL_WALL_FAN]" time="0"/>
  <testcase classname="org.bukkit.PerMaterialTest" name="isBlock[371: HORN_CORAL_WALL_FAN]" time="0"/>
  <testcase classname="org.bukkit.PerMaterialTest" name="isSolid[371: HORN_CORAL_WALL_FAN]" time="0"/>
  <testcase classname="org.bukkit.PerMaterialTest" name="hasGravity[372: HORSE_SPAWN_EGG]" time="0"/>
  <testcase classname="org.bukkit.PerMaterialTest" name="isBurnable[372: HORSE_SPAWN_EGG]" time="0"/>
  <testcase classname="org.bukkit.PerMaterialTest" name="testInteractable[372: HORSE_SPAWN_EGG]" time="0"/>
  <testcase classname="org.bukkit.PerMaterialTest" name="testBlock[372: HORSE_SPAWN_EGG]" time="0"/>
  <testcase classname="org.bukkit.PerMaterialTest" name="isFuel[372: HORSE_SPAWN_EGG]" time="0"/>
  <testcase classname="org.bukkit.PerMaterialTest" name="testItem[372: HORSE_SPAWN_EGG]" time="0"/>
  <testcase classname="org.bukkit.PerMaterialTest" name="testBlastResistance[372: HORSE_SPAWN_EGG]" time="0"/>
  <testcase classname="org.bukkit.PerMaterialTest" name="isEdible[372: HORSE_SPAWN_EGG]" time="0"/>
  <testcase classname="org.bukkit.PerMaterialTest" name="maxDurability[372: HORSE_SPAWN_EGG]" time="0"/>
  <testcase classname="org.bukkit.PerMaterialTest" name="usesDurability[372: HORSE_SPAWN_EGG]" time="0"/>
  <testcase classname="org.bukkit.PerMaterialTest" name="isOccluding[372: HORSE_SPAWN_EGG]" time="0"/>
  <testcase classname="org.bukkit.PerMaterialTest" name="isRecord[372: HORSE_SPAWN_EGG]" time="0"/>
  <testcase classname="org.bukkit.PerMaterialTest" name="isFlammable[372: HORSE_SPAWN_EGG]" time="0"/>
  <testcase classname="org.bukkit.PerMaterialTest" name="testDurability[372: HORSE_SPAWN_EGG]" time="0"/>
  <testcase classname="org.bukkit.PerMaterialTest" name="testBlockHardness[372: HORSE_SPAWN_EGG]" time="0"/>
  <testcase classname="org.bukkit.PerMaterialTest" name="maxStackSize[372: HORSE_SPAWN_EGG]" time="0"/>
  <testcase classname="org.bukkit.PerMaterialTest" name="isTransparent[372: HORSE_SPAWN_EGG]" time="0"/>
  <testcase classname="org.bukkit.PerMaterialTest" name="testBlockDataCreation[372: HORSE_SPAWN_EGG]" time="0"/>
  <testcase classname="org.bukkit.PerMaterialTest" name="isBlock[372: HORSE_SPAWN_EGG]" time="0"/>
  <testcase classname="org.bukkit.PerMaterialTest" name="isSolid[372: HORSE_SPAWN_EGG]" time="0"/>
  <testcase classname="org.bukkit.PerMaterialTest" name="hasGravity[373: HUSK_SPAWN_EGG]" time="0"/>
  <testcase classname="org.bukkit.PerMaterialTest" name="isBurnable[373: HUSK_SPAWN_EGG]" time="0"/>
  <testcase classname="org.bukkit.PerMaterialTest" name="testInteractable[373: HUSK_SPAWN_EGG]" time="0.001"/>
  <testcase classname="org.bukkit.PerMaterialTest" name="testBlock[373: HUSK_SPAWN_EGG]" time="0"/>
  <testcase classname="org.bukkit.PerMaterialTest" name="isFuel[373: HUSK_SPAWN_EGG]" time="0"/>
  <testcase classname="org.bukkit.PerMaterialTest" name="testItem[373: HUSK_SPAWN_EGG]" time="0"/>
  <testcase classname="org.bukkit.PerMaterialTest" name="testBlastResistance[373: HUSK_SPAWN_EGG]" time="0"/>
  <testcase classname="org.bukkit.PerMaterialTest" name="isEdible[373: HUSK_SPAWN_EGG]" time="0"/>
  <testcase classname="org.bukkit.PerMaterialTest" name="maxDurability[373: HUSK_SPAWN_EGG]" time="0"/>
  <testcase classname="org.bukkit.PerMaterialTest" name="usesDurability[373: HUSK_SPAWN_EGG]" time="0"/>
  <testcase classname="org.bukkit.PerMaterialTest" name="isOccluding[373: HUSK_SPAWN_EGG]" time="0"/>
  <testcase classname="org.bukkit.PerMaterialTest" name="isRecord[373: HUSK_SPAWN_EGG]" time="0"/>
  <testcase classname="org.bukkit.PerMaterialTest" name="isFlammable[373: HUSK_SPAWN_EGG]" time="0"/>
  <testcase classname="org.bukkit.PerMaterialTest" name="testDurability[373: HUSK_SPAWN_EGG]" time="0"/>
  <testcase classname="org.bukkit.PerMaterialTest" name="testBlockHardness[373: HUSK_SPAWN_EGG]" time="0"/>
  <testcase classname="org.bukkit.PerMaterialTest" name="maxStackSize[373: HUSK_SPAWN_EGG]" time="0"/>
  <testcase classname="org.bukkit.PerMaterialTest" name="isTransparent[373: HUSK_SPAWN_EGG]" time="0.001"/>
  <testcase classname="org.bukkit.PerMaterialTest" name="testBlockDataCreation[373: HUSK_SPAWN_EGG]" time="0"/>
  <testcase classname="org.bukkit.PerMaterialTest" name="isBlock[373: HUSK_SPAWN_EGG]" time="0"/>
  <testcase classname="org.bukkit.PerMaterialTest" name="isSolid[373: HUSK_SPAWN_EGG]" time="0"/>
  <testcase classname="org.bukkit.PerMaterialTest" name="hasGravity[374: ICE]" time="0"/>
  <testcase classname="org.bukkit.PerMaterialTest" name="isBurnable[374: ICE]" time="0"/>
  <testcase classname="org.bukkit.PerMaterialTest" name="testInteractable[374: ICE]" time="0"/>
  <testcase classname="org.bukkit.PerMaterialTest" name="testBlock[374: ICE]" time="0"/>
  <testcase classname="org.bukkit.PerMaterialTest" name="isFuel[374: ICE]" time="0"/>
  <testcase classname="org.bukkit.PerMaterialTest" name="testItem[374: ICE]" time="0"/>
  <testcase classname="org.bukkit.PerMaterialTest" name="testBlastResistance[374: ICE]" time="0"/>
  <testcase classname="org.bukkit.PerMaterialTest" name="isEdible[374: ICE]" time="0"/>
  <testcase classname="org.bukkit.PerMaterialTest" name="maxDurability[374: ICE]" time="0"/>
  <testcase classname="org.bukkit.PerMaterialTest" name="usesDurability[374: ICE]" time="0"/>
  <testcase classname="org.bukkit.PerMaterialTest" name="isOccluding[374: ICE]" time="0.001"/>
  <testcase classname="org.bukkit.PerMaterialTest" name="isRecord[374: ICE]" time="0"/>
  <testcase classname="org.bukkit.PerMaterialTest" name="isFlammable[374: ICE]" time="0"/>
  <testcase classname="org.bukkit.PerMaterialTest" name="testDurability[374: ICE]" time="0"/>
  <testcase classname="org.bukkit.PerMaterialTest" name="testBlockHardness[374: ICE]" time="0"/>
  <testcase classname="org.bukkit.PerMaterialTest" name="maxStackSize[374: ICE]" time="0"/>
  <testcase classname="org.bukkit.PerMaterialTest" name="isTransparent[374: ICE]" time="0"/>
  <testcase classname="org.bukkit.PerMaterialTest" name="testBlockDataCreation[374: ICE]" time="0"/>
  <testcase classname="org.bukkit.PerMaterialTest" name="isBlock[374: ICE]" time="0"/>
  <testcase classname="org.bukkit.PerMaterialTest" name="isSolid[374: ICE]" time="0"/>
  <testcase classname="org.bukkit.PerMaterialTest" name="hasGravity[375: INFESTED_CHISELED_STONE_BRICKS]" time="0"/>
  <testcase classname="org.bukkit.PerMaterialTest" name="isBurnable[375: INFESTED_CHISELED_STONE_BRICKS]" time="0"/>
  <testcase classname="org.bukkit.PerMaterialTest" name="testInteractable[375: INFESTED_CHISELED_STONE_BRICKS]" time="0"/>
  <testcase classname="org.bukkit.PerMaterialTest" name="testBlock[375: INFESTED_CHISELED_STONE_BRICKS]" time="0.001"/>
  <testcase classname="org.bukkit.PerMaterialTest" name="isFuel[375: INFESTED_CHISELED_STONE_BRICKS]" time="0"/>
  <testcase classname="org.bukkit.PerMaterialTest" name="testItem[375: INFESTED_CHISELED_STONE_BRICKS]" time="0"/>
  <testcase classname="org.bukkit.PerMaterialTest" name="testBlastResistance[375: INFESTED_CHISELED_STONE_BRICKS]" time="0"/>
  <testcase classname="org.bukkit.PerMaterialTest" name="isEdible[375: INFESTED_CHISELED_STONE_BRICKS]" time="0"/>
  <testcase classname="org.bukkit.PerMaterialTest" name="maxDurability[375: INFESTED_CHISELED_STONE_BRICKS]" time="0"/>
  <testcase classname="org.bukkit.PerMaterialTest" name="usesDurability[375: INFESTED_CHISELED_STONE_BRICKS]" time="0.001"/>
  <testcase classname="org.bukkit.PerMaterialTest" name="isOccluding[375: INFESTED_CHISELED_STONE_BRICKS]" time="0"/>
  <testcase classname="org.bukkit.PerMaterialTest" name="isRecord[375: INFESTED_CHISELED_STONE_BRICKS]" time="0"/>
  <testcase classname="org.bukkit.PerMaterialTest" name="isFlammable[375: INFESTED_CHISELED_STONE_BRICKS]" time="0"/>
  <testcase classname="org.bukkit.PerMaterialTest" name="testDurability[375: INFESTED_CHISELED_STONE_BRICKS]" time="0"/>
  <testcase classname="org.bukkit.PerMaterialTest" name="testBlockHardness[375: INFESTED_CHISELED_STONE_BRICKS]" time="0"/>
  <testcase classname="org.bukkit.PerMaterialTest" name="maxStackSize[375: INFESTED_CHISELED_STONE_BRICKS]" time="0"/>
  <testcase classname="org.bukkit.PerMaterialTest" name="isTransparent[375: INFESTED_CHISELED_STONE_BRICKS]" time="0"/>
  <testcase classname="org.bukkit.PerMaterialTest" name="testBlockDataCreation[375: INFESTED_CHISELED_STONE_BRICKS]" time="0"/>
  <testcase classname="org.bukkit.PerMaterialTest" name="isBlock[375: INFESTED_CHISELED_STONE_BRICKS]" time="0"/>
  <testcase classname="org.bukkit.PerMaterialTest" name="isSolid[375: INFESTED_CHISELED_STONE_BRICKS]" time="0"/>
  <testcase classname="org.bukkit.PerMaterialTest" name="hasGravity[376: INFESTED_COBBLESTONE]" time="0"/>
  <testcase classname="org.bukkit.PerMaterialTest" name="isBurnable[376: INFESTED_COBBLESTONE]" time="0"/>
  <testcase classname="org.bukkit.PerMaterialTest" name="testInteractable[376: INFESTED_COBBLESTONE]" time="0.001"/>
  <testcase classname="org.bukkit.PerMaterialTest" name="testBlock[376: INFESTED_COBBLESTONE]" time="0"/>
  <testcase classname="org.bukkit.PerMaterialTest" name="isFuel[376: INFESTED_COBBLESTONE]" time="0"/>
  <testcase classname="org.bukkit.PerMaterialTest" name="testItem[376: INFESTED_COBBLESTONE]" time="0"/>
  <testcase classname="org.bukkit.PerMaterialTest" name="testBlastResistance[376: INFESTED_COBBLESTONE]" time="0"/>
  <testcase classname="org.bukkit.PerMaterialTest" name="isEdible[376: INFESTED_COBBLESTONE]" time="0"/>
  <testcase classname="org.bukkit.PerMaterialTest" name="maxDurability[376: INFESTED_COBBLESTONE]" time="0"/>
  <testcase classname="org.bukkit.PerMaterialTest" name="usesDurability[376: INFESTED_COBBLESTONE]" time="0"/>
  <testcase classname="org.bukkit.PerMaterialTest" name="isOccluding[376: INFESTED_COBBLESTONE]" time="0"/>
  <testcase classname="org.bukkit.PerMaterialTest" name="isRecord[376: INFESTED_COBBLESTONE]" time="0"/>
  <testcase classname="org.bukkit.PerMaterialTest" name="isFlammable[376: INFESTED_COBBLESTONE]" time="0"/>
  <testcase classname="org.bukkit.PerMaterialTest" name="testDurability[376: INFESTED_COBBLESTONE]" time="0"/>
  <testcase classname="org.bukkit.PerMaterialTest" name="testBlockHardness[376: INFESTED_COBBLESTONE]" time="0"/>
  <testcase classname="org.bukkit.PerMaterialTest" name="maxStackSize[376: INFESTED_COBBLESTONE]" time="0"/>
  <testcase classname="org.bukkit.PerMaterialTest" name="isTransparent[376: INFESTED_COBBLESTONE]" time="0"/>
  <testcase classname="org.bukkit.PerMaterialTest" name="testBlockDataCreation[376: INFESTED_COBBLESTONE]" time="0"/>
  <testcase classname="org.bukkit.PerMaterialTest" name="isBlock[376: INFESTED_COBBLESTONE]" time="0"/>
  <testcase classname="org.bukkit.PerMaterialTest" name="isSolid[376: INFESTED_COBBLESTONE]" time="0"/>
  <testcase classname="org.bukkit.PerMaterialTest" name="hasGravity[377: INFESTED_CRACKED_STONE_BRICKS]" time="0"/>
  <testcase classname="org.bukkit.PerMaterialTest" name="isBurnable[377: INFESTED_CRACKED_STONE_BRICKS]" time="0"/>
  <testcase classname="org.bukkit.PerMaterialTest" name="testInteractable[377: INFESTED_CRACKED_STONE_BRICKS]" time="0"/>
  <testcase classname="org.bukkit.PerMaterialTest" name="testBlock[377: INFESTED_CRACKED_STONE_BRICKS]" time="0"/>
  <testcase classname="org.bukkit.PerMaterialTest" name="isFuel[377: INFESTED_CRACKED_STONE_BRICKS]" time="0"/>
  <testcase classname="org.bukkit.PerMaterialTest" name="testItem[377: INFESTED_CRACKED_STONE_BRICKS]" time="0"/>
  <testcase classname="org.bukkit.PerMaterialTest" name="testBlastResistance[377: INFESTED_CRACKED_STONE_BRICKS]" time="0"/>
  <testcase classname="org.bukkit.PerMaterialTest" name="isEdible[377: INFESTED_CRACKED_STONE_BRICKS]" time="0"/>
  <testcase classname="org.bukkit.PerMaterialTest" name="maxDurability[377: INFESTED_CRACKED_STONE_BRICKS]" time="0.001"/>
  <testcase classname="org.bukkit.PerMaterialTest" name="usesDurability[377: INFESTED_CRACKED_STONE_BRICKS]" time="0"/>
  <testcase classname="org.bukkit.PerMaterialTest" name="isOccluding[377: INFESTED_CRACKED_STONE_BRICKS]" time="0"/>
  <testcase classname="org.bukkit.PerMaterialTest" name="isRecord[377: INFESTED_CRACKED_STONE_BRICKS]" time="0"/>
  <testcase classname="org.bukkit.PerMaterialTest" name="isFlammable[377: INFESTED_CRACKED_STONE_BRICKS]" time="0"/>
  <testcase classname="org.bukkit.PerMaterialTest" name="testDurability[377: INFESTED_CRACKED_STONE_BRICKS]" time="0"/>
  <testcase classname="org.bukkit.PerMaterialTest" name="testBlockHardness[377: INFESTED_CRACKED_STONE_BRICKS]" time="0"/>
  <testcase classname="org.bukkit.PerMaterialTest" name="maxStackSize[377: INFESTED_CRACKED_STONE_BRICKS]" time="0.001"/>
  <testcase classname="org.bukkit.PerMaterialTest" name="isTransparent[377: INFESTED_CRACKED_STONE_BRICKS]" time="0"/>
  <testcase classname="org.bukkit.PerMaterialTest" name="testBlockDataCreation[377: INFESTED_CRACKED_STONE_BRICKS]" time="0"/>
  <testcase classname="org.bukkit.PerMaterialTest" name="isBlock[377: INFESTED_CRACKED_STONE_BRICKS]" time="0"/>
  <testcase classname="org.bukkit.PerMaterialTest" name="isSolid[377: INFESTED_CRACKED_STONE_BRICKS]" time="0"/>
  <testcase classname="org.bukkit.PerMaterialTest" name="hasGravity[378: INFESTED_MOSSY_STONE_BRICKS]" time="0"/>
  <testcase classname="org.bukkit.PerMaterialTest" name="isBurnable[378: INFESTED_MOSSY_STONE_BRICKS]" time="0"/>
  <testcase classname="org.bukkit.PerMaterialTest" name="testInteractable[378: INFESTED_MOSSY_STONE_BRICKS]" time="0.001"/>
  <testcase classname="org.bukkit.PerMaterialTest" name="testBlock[378: INFESTED_MOSSY_STONE_BRICKS]" time="0"/>
  <testcase classname="org.bukkit.PerMaterialTest" name="isFuel[378: INFESTED_MOSSY_STONE_BRICKS]" time="0"/>
  <testcase classname="org.bukkit.PerMaterialTest" name="testItem[378: INFESTED_MOSSY_STONE_BRICKS]" time="0"/>
  <testcase classname="org.bukkit.PerMaterialTest" name="testBlastResistance[378: INFESTED_MOSSY_STONE_BRICKS]" time="0"/>
  <testcase classname="org.bukkit.PerMaterialTest" name="isEdible[378: INFESTED_MOSSY_STONE_BRICKS]" time="0.003"/>
  <testcase classname="org.bukkit.PerMaterialTest" name="maxDurability[378: INFESTED_MOSSY_STONE_BRICKS]" time="0"/>
  <testcase classname="org.bukkit.PerMaterialTest" name="usesDurability[378: INFESTED_MOSSY_STONE_BRICKS]" time="0"/>
  <testcase classname="org.bukkit.PerMaterialTest" name="isOccluding[378: INFESTED_MOSSY_STONE_BRICKS]" time="0"/>
  <testcase classname="org.bukkit.PerMaterialTest" name="isRecord[378: INFESTED_MOSSY_STONE_BRICKS]" time="0"/>
  <testcase classname="org.bukkit.PerMaterialTest" name="isFlammable[378: INFESTED_MOSSY_STONE_BRICKS]" time="0"/>
  <testcase classname="org.bukkit.PerMaterialTest" name="testDurability[378: INFESTED_MOSSY_STONE_BRICKS]" time="0"/>
  <testcase classname="org.bukkit.PerMaterialTest" name="testBlockHardness[378: INFESTED_MOSSY_STONE_BRICKS]" time="0"/>
  <testcase classname="org.bukkit.PerMaterialTest" name="maxStackSize[378: INFESTED_MOSSY_STONE_BRICKS]" time="0"/>
  <testcase classname="org.bukkit.PerMaterialTest" name="isTransparent[378: INFESTED_MOSSY_STONE_BRICKS]" time="0"/>
  <testcase classname="org.bukkit.PerMaterialTest" name="testBlockDataCreation[378: INFESTED_MOSSY_STONE_BRICKS]" time="0.001"/>
  <testcase classname="org.bukkit.PerMaterialTest" name="isBlock[378: INFESTED_MOSSY_STONE_BRICKS]" time="0"/>
  <testcase classname="org.bukkit.PerMaterialTest" name="isSolid[378: INFESTED_MOSSY_STONE_BRICKS]" time="0"/>
  <testcase classname="org.bukkit.PerMaterialTest" name="hasGravity[379: INFESTED_STONE]" time="0"/>
  <testcase classname="org.bukkit.PerMaterialTest" name="isBurnable[379: INFESTED_STONE]" time="0"/>
  <testcase classname="org.bukkit.PerMaterialTest" name="testInteractable[379: INFESTED_STONE]" time="0"/>
  <testcase classname="org.bukkit.PerMaterialTest" name="testBlock[379: INFESTED_STONE]" time="0"/>
  <testcase classname="org.bukkit.PerMaterialTest" name="isFuel[379: INFESTED_STONE]" time="0"/>
  <testcase classname="org.bukkit.PerMaterialTest" name="testItem[379: INFESTED_STONE]" time="0"/>
  <testcase classname="org.bukkit.PerMaterialTest" name="testBlastResistance[379: INFESTED_STONE]" time="0"/>
  <testcase classname="org.bukkit.PerMaterialTest" name="isEdible[379: INFESTED_STONE]" time="0"/>
  <testcase classname="org.bukkit.PerMaterialTest" name="maxDurability[379: INFESTED_STONE]" time="0"/>
  <testcase classname="org.bukkit.PerMaterialTest" name="usesDurability[379: INFESTED_STONE]" time="0"/>
  <testcase classname="org.bukkit.PerMaterialTest" name="isOccluding[379: INFESTED_STONE]" time="0"/>
  <testcase classname="org.bukkit.PerMaterialTest" name="isRecord[379: INFESTED_STONE]" time="0"/>
  <testcase classname="org.bukkit.PerMaterialTest" name="isFlammable[379: INFESTED_STONE]" time="0"/>
  <testcase classname="org.bukkit.PerMaterialTest" name="testDurability[379: INFESTED_STONE]" time="0"/>
  <testcase classname="org.bukkit.PerMaterialTest" name="testBlockHardness[379: INFESTED_STONE]" time="0"/>
  <testcase classname="org.bukkit.PerMaterialTest" name="maxStackSize[379: INFESTED_STONE]" time="0.001"/>
  <testcase classname="org.bukkit.PerMaterialTest" name="isTransparent[379: INFESTED_STONE]" time="0"/>
  <testcase classname="org.bukkit.PerMaterialTest" name="testBlockDataCreation[379: INFESTED_STONE]" time="0"/>
  <testcase classname="org.bukkit.PerMaterialTest" name="isBlock[379: INFESTED_STONE]" time="0"/>
  <testcase classname="org.bukkit.PerMaterialTest" name="isSolid[379: INFESTED_STONE]" time="0"/>
  <testcase classname="org.bukkit.PerMaterialTest" name="hasGravity[380: INFESTED_STONE_BRICKS]" time="0"/>
  <testcase classname="org.bukkit.PerMaterialTest" name="isBurnable[380: INFESTED_STONE_BRICKS]" time="0"/>
  <testcase classname="org.bukkit.PerMaterialTest" name="testInteractable[380: INFESTED_STONE_BRICKS]" time="0"/>
  <testcase classname="org.bukkit.PerMaterialTest" name="testBlock[380: INFESTED_STONE_BRICKS]" time="0"/>
  <testcase classname="org.bukkit.PerMaterialTest" name="isFuel[380: INFESTED_STONE_BRICKS]" time="0"/>
  <testcase classname="org.bukkit.PerMaterialTest" name="testItem[380: INFESTED_STONE_BRICKS]" time="0"/>
  <testcase classname="org.bukkit.PerMaterialTest" name="testBlastResistance[380: INFESTED_STONE_BRICKS]" time="0"/>
  <testcase classname="org.bukkit.PerMaterialTest" name="isEdible[380: INFESTED_STONE_BRICKS]" time="0"/>
  <testcase classname="org.bukkit.PerMaterialTest" name="maxDurability[380: INFESTED_STONE_BRICKS]" time="0"/>
  <testcase classname="org.bukkit.PerMaterialTest" name="usesDurability[380: INFESTED_STONE_BRICKS]" time="0"/>
  <testcase classname="org.bukkit.PerMaterialTest" name="isOccluding[380: INFESTED_STONE_BRICKS]" time="0"/>
  <testcase classname="org.bukkit.PerMaterialTest" name="isRecord[380: INFESTED_STONE_BRICKS]" time="0"/>
  <testcase classname="org.bukkit.PerMaterialTest" name="isFlammable[380: INFESTED_STONE_BRICKS]" time="0"/>
  <testcase classname="org.bukkit.PerMaterialTest" name="testDurability[380: INFESTED_STONE_BRICKS]" time="0"/>
  <testcase classname="org.bukkit.PerMaterialTest" name="testBlockHardness[380: INFESTED_STONE_BRICKS]" time="0"/>
  <testcase classname="org.bukkit.PerMaterialTest" name="maxStackSize[380: INFESTED_STONE_BRICKS]" time="0.001"/>
  <testcase classname="org.bukkit.PerMaterialTest" name="isTransparent[380: INFESTED_STONE_BRICKS]" time="0"/>
  <testcase classname="org.bukkit.PerMaterialTest" name="testBlockDataCreation[380: INFESTED_STONE_BRICKS]" time="0"/>
  <testcase classname="org.bukkit.PerMaterialTest" name="isBlock[380: INFESTED_STONE_BRICKS]" time="0"/>
  <testcase classname="org.bukkit.PerMaterialTest" name="isSolid[380: INFESTED_STONE_BRICKS]" time="0"/>
  <testcase classname="org.bukkit.PerMaterialTest" name="hasGravity[381: INK_SAC]" time="0"/>
  <testcase classname="org.bukkit.PerMaterialTest" name="isBurnable[381: INK_SAC]" time="0"/>
  <testcase classname="org.bukkit.PerMaterialTest" name="testInteractable[381: INK_SAC]" time="0.001"/>
  <testcase classname="org.bukkit.PerMaterialTest" name="testBlock[381: INK_SAC]" time="0"/>
  <testcase classname="org.bukkit.PerMaterialTest" name="isFuel[381: INK_SAC]" time="0"/>
  <testcase classname="org.bukkit.PerMaterialTest" name="testItem[381: INK_SAC]" time="0"/>
  <testcase classname="org.bukkit.PerMaterialTest" name="testBlastResistance[381: INK_SAC]" time="0"/>
  <testcase classname="org.bukkit.PerMaterialTest" name="isEdible[381: INK_SAC]" time="0"/>
  <testcase classname="org.bukkit.PerMaterialTest" name="maxDurability[381: INK_SAC]" time="0"/>
  <testcase classname="org.bukkit.PerMaterialTest" name="usesDurability[381: INK_SAC]" time="0"/>
  <testcase classname="org.bukkit.PerMaterialTest" name="isOccluding[381: INK_SAC]" time="0"/>
  <testcase classname="org.bukkit.PerMaterialTest" name="isRecord[381: INK_SAC]" time="0"/>
  <testcase classname="org.bukkit.PerMaterialTest" name="isFlammable[381: INK_SAC]" time="0"/>
  <testcase classname="org.bukkit.PerMaterialTest" name="testDurability[381: INK_SAC]" time="0"/>
  <testcase classname="org.bukkit.PerMaterialTest" name="testBlockHardness[381: INK_SAC]" time="0"/>
  <testcase classname="org.bukkit.PerMaterialTest" name="maxStackSize[381: INK_SAC]" time="0"/>
  <testcase classname="org.bukkit.PerMaterialTest" name="isTransparent[381: INK_SAC]" time="0.001"/>
  <testcase classname="org.bukkit.PerMaterialTest" name="testBlockDataCreation[381: INK_SAC]" time="0"/>
  <testcase classname="org.bukkit.PerMaterialTest" name="isBlock[381: INK_SAC]" time="0"/>
  <testcase classname="org.bukkit.PerMaterialTest" name="isSolid[381: INK_SAC]" time="0"/>
  <testcase classname="org.bukkit.PerMaterialTest" name="hasGravity[382: IRON_AXE]" time="0"/>
  <testcase classname="org.bukkit.PerMaterialTest" name="isBurnable[382: IRON_AXE]" time="0"/>
  <testcase classname="org.bukkit.PerMaterialTest" name="testInteractable[382: IRON_AXE]" time="0"/>
  <testcase classname="org.bukkit.PerMaterialTest" name="testBlock[382: IRON_AXE]" time="0"/>
  <testcase classname="org.bukkit.PerMaterialTest" name="isFuel[382: IRON_AXE]" time="0.001"/>
  <testcase classname="org.bukkit.PerMaterialTest" name="testItem[382: IRON_AXE]" time="0"/>
  <testcase classname="org.bukkit.PerMaterialTest" name="testBlastResistance[382: IRON_AXE]" time="0"/>
  <testcase classname="org.bukkit.PerMaterialTest" name="isEdible[382: IRON_AXE]" time="0"/>
  <testcase classname="org.bukkit.PerMaterialTest" name="maxDurability[382: IRON_AXE]" time="0"/>
  <testcase classname="org.bukkit.PerMaterialTest" name="usesDurability[382: IRON_AXE]" time="0"/>
  <testcase classname="org.bukkit.PerMaterialTest" name="isOccluding[382: IRON_AXE]" time="0"/>
  <testcase classname="org.bukkit.PerMaterialTest" name="isRecord[382: IRON_AXE]" time="0.001"/>
  <testcase classname="org.bukkit.PerMaterialTest" name="isFlammable[382: IRON_AXE]" time="0"/>
  <testcase classname="org.bukkit.PerMaterialTest" name="testDurability[382: IRON_AXE]" time="0"/>
  <testcase classname="org.bukkit.PerMaterialTest" name="testBlockHardness[382: IRON_AXE]" time="0"/>
  <testcase classname="org.bukkit.PerMaterialTest" name="maxStackSize[382: IRON_AXE]" time="0"/>
  <testcase classname="org.bukkit.PerMaterialTest" name="isTransparent[382: IRON_AXE]" time="0"/>
  <testcase classname="org.bukkit.PerMaterialTest" name="testBlockDataCreation[382: IRON_AXE]" time="0"/>
  <testcase classname="org.bukkit.PerMaterialTest" name="isBlock[382: IRON_AXE]" time="0"/>
  <testcase classname="org.bukkit.PerMaterialTest" name="isSolid[382: IRON_AXE]" time="0.001"/>
  <testcase classname="org.bukkit.PerMaterialTest" name="hasGravity[383: IRON_BARS]" time="0"/>
  <testcase classname="org.bukkit.PerMaterialTest" name="isBurnable[383: IRON_BARS]" time="0"/>
  <testcase classname="org.bukkit.PerMaterialTest" name="testInteractable[383: IRON_BARS]" time="0"/>
  <testcase classname="org.bukkit.PerMaterialTest" name="testBlock[383: IRON_BARS]" time="0"/>
  <testcase classname="org.bukkit.PerMaterialTest" name="isFuel[383: IRON_BARS]" time="0"/>
  <testcase classname="org.bukkit.PerMaterialTest" name="testItem[383: IRON_BARS]" time="0.001"/>
  <testcase classname="org.bukkit.PerMaterialTest" name="testBlastResistance[383: IRON_BARS]" time="0"/>
  <testcase classname="org.bukkit.PerMaterialTest" name="isEdible[383: IRON_BARS]" time="0"/>
  <testcase classname="org.bukkit.PerMaterialTest" name="maxDurability[383: IRON_BARS]" time="0"/>
  <testcase classname="org.bukkit.PerMaterialTest" name="usesDurability[383: IRON_BARS]" time="0"/>
  <testcase classname="org.bukkit.PerMaterialTest" name="isOccluding[383: IRON_BARS]" time="0"/>
  <testcase classname="org.bukkit.PerMaterialTest" name="isRecord[383: IRON_BARS]" time="0"/>
  <testcase classname="org.bukkit.PerMaterialTest" name="isFlammable[383: IRON_BARS]" time="0"/>
  <testcase classname="org.bukkit.PerMaterialTest" name="testDurability[383: IRON_BARS]" time="0.001"/>
  <testcase classname="org.bukkit.PerMaterialTest" name="testBlockHardness[383: IRON_BARS]" time="0"/>
  <testcase classname="org.bukkit.PerMaterialTest" name="maxStackSize[383: IRON_BARS]" time="0"/>
  <testcase classname="org.bukkit.PerMaterialTest" name="isTransparent[383: IRON_BARS]" time="0"/>
  <testcase classname="org.bukkit.PerMaterialTest" name="testBlockDataCreation[383: IRON_BARS]" time="0"/>
  <testcase classname="org.bukkit.PerMaterialTest" name="isBlock[383: IRON_BARS]" time="0"/>
  <testcase classname="org.bukkit.PerMaterialTest" name="isSolid[383: IRON_BARS]" time="0"/>
  <testcase classname="org.bukkit.PerMaterialTest" name="hasGravity[384: IRON_BLOCK]" time="0.001"/>
  <testcase classname="org.bukkit.PerMaterialTest" name="isBurnable[384: IRON_BLOCK]" time="0"/>
  <testcase classname="org.bukkit.PerMaterialTest" name="testInteractable[384: IRON_BLOCK]" time="0"/>
  <testcase classname="org.bukkit.PerMaterialTest" name="testBlock[384: IRON_BLOCK]" time="0"/>
  <testcase classname="org.bukkit.PerMaterialTest" name="isFuel[384: IRON_BLOCK]" time="0"/>
  <testcase classname="org.bukkit.PerMaterialTest" name="testItem[384: IRON_BLOCK]" time="0"/>
  <testcase classname="org.bukkit.PerMaterialTest" name="testBlastResistance[384: IRON_BLOCK]" time="0.001"/>
  <testcase classname="org.bukkit.PerMaterialTest" name="isEdible[384: IRON_BLOCK]" time="0"/>
  <testcase classname="org.bukkit.PerMaterialTest" name="maxDurability[384: IRON_BLOCK]" time="0"/>
  <testcase classname="org.bukkit.PerMaterialTest" name="usesDurability[384: IRON_BLOCK]" time="0"/>
  <testcase classname="org.bukkit.PerMaterialTest" name="isOccluding[384: IRON_BLOCK]" time="0"/>
  <testcase classname="org.bukkit.PerMaterialTest" name="isRecord[384: IRON_BLOCK]" time="0"/>
  <testcase classname="org.bukkit.PerMaterialTest" name="isFlammable[384: IRON_BLOCK]" time="0"/>
  <testcase classname="org.bukkit.PerMaterialTest" name="testDurability[384: IRON_BLOCK]" time="0"/>
  <testcase classname="org.bukkit.PerMaterialTest" name="testBlockHardness[384: IRON_BLOCK]" time="0.001"/>
  <testcase classname="org.bukkit.PerMaterialTest" name="maxStackSize[384: IRON_BLOCK]" time="0"/>
  <testcase classname="org.bukkit.PerMaterialTest" name="isTransparent[384: IRON_BLOCK]" time="0"/>
  <testcase classname="org.bukkit.PerMaterialTest" name="testBlockDataCreation[384: IRON_BLOCK]" time="0"/>
  <testcase classname="org.bukkit.PerMaterialTest" name="isBlock[384: IRON_BLOCK]" time="0"/>
  <testcase classname="org.bukkit.PerMaterialTest" name="isSolid[384: IRON_BLOCK]" time="0"/>
  <testcase classname="org.bukkit.PerMaterialTest" name="hasGravity[385: IRON_BOOTS]" time="0"/>
  <testcase classname="org.bukkit.PerMaterialTest" name="isBurnable[385: IRON_BOOTS]" time="0"/>
  <testcase classname="org.bukkit.PerMaterialTest" name="testInteractable[385: IRON_BOOTS]" time="0"/>
  <testcase classname="org.bukkit.PerMaterialTest" name="testBlock[385: IRON_BOOTS]" time="0"/>
  <testcase classname="org.bukkit.PerMaterialTest" name="isFuel[385: IRON_BOOTS]" time="0"/>
  <testcase classname="org.bukkit.PerMaterialTest" name="testItem[385: IRON_BOOTS]" time="0"/>
  <testcase classname="org.bukkit.PerMaterialTest" name="testBlastResistance[385: IRON_BOOTS]" time="0"/>
  <testcase classname="org.bukkit.PerMaterialTest" name="isEdible[385: IRON_BOOTS]" time="0.001"/>
  <testcase classname="org.bukkit.PerMaterialTest" name="maxDurability[385: IRON_BOOTS]" time="0"/>
  <testcase classname="org.bukkit.PerMaterialTest" name="usesDurability[385: IRON_BOOTS]" time="0"/>
  <testcase classname="org.bukkit.PerMaterialTest" name="isOccluding[385: IRON_BOOTS]" time="0"/>
  <testcase classname="org.bukkit.PerMaterialTest" name="isRecord[385: IRON_BOOTS]" time="0"/>
  <testcase classname="org.bukkit.PerMaterialTest" name="isFlammable[385: IRON_BOOTS]" time="0"/>
  <testcase classname="org.bukkit.PerMaterialTest" name="testDurability[385: IRON_BOOTS]" time="0"/>
  <testcase classname="org.bukkit.PerMaterialTest" name="testBlockHardness[385: IRON_BOOTS]" time="0"/>
  <testcase classname="org.bukkit.PerMaterialTest" name="maxStackSize[385: IRON_BOOTS]" time="0.001"/>
  <testcase classname="org.bukkit.PerMaterialTest" name="isTransparent[385: IRON_BOOTS]" time="0"/>
  <testcase classname="org.bukkit.PerMaterialTest" name="testBlockDataCreation[385: IRON_BOOTS]" time="0"/>
  <testcase classname="org.bukkit.PerMaterialTest" name="isBlock[385: IRON_BOOTS]" time="0"/>
  <testcase classname="org.bukkit.PerMaterialTest" name="isSolid[385: IRON_BOOTS]" time="0"/>
  <testcase classname="org.bukkit.PerMaterialTest" name="hasGravity[386: IRON_CHESTPLATE]" time="0"/>
  <testcase classname="org.bukkit.PerMaterialTest" name="isBurnable[386: IRON_CHESTPLATE]" time="0"/>
  <testcase classname="org.bukkit.PerMaterialTest" name="testInteractable[386: IRON_CHESTPLATE]" time="0"/>
  <testcase classname="org.bukkit.PerMaterialTest" name="testBlock[386: IRON_CHESTPLATE]" time="0.001"/>
  <testcase classname="org.bukkit.PerMaterialTest" name="isFuel[386: IRON_CHESTPLATE]" time="0"/>
  <testcase classname="org.bukkit.PerMaterialTest" name="testItem[386: IRON_CHESTPLATE]" time="0"/>
  <testcase classname="org.bukkit.PerMaterialTest" name="testBlastResistance[386: IRON_CHESTPLATE]" time="0"/>
  <testcase classname="org.bukkit.PerMaterialTest" name="isEdible[386: IRON_CHESTPLATE]" time="0"/>
  <testcase classname="org.bukkit.PerMaterialTest" name="maxDurability[386: IRON_CHESTPLATE]" time="0"/>
  <testcase classname="org.bukkit.PerMaterialTest" name="usesDurability[386: IRON_CHESTPLATE]" time="0"/>
  <testcase classname="org.bukkit.PerMaterialTest" name="isOccluding[386: IRON_CHESTPLATE]" time="0"/>
  <testcase classname="org.bukkit.PerMaterialTest" name="isRecord[386: IRON_CHESTPLATE]" time="0"/>
  <testcase classname="org.bukkit.PerMaterialTest" name="isFlammable[386: IRON_CHESTPLATE]" time="0"/>
  <testcase classname="org.bukkit.PerMaterialTest" name="testDurability[386: IRON_CHESTPLATE]" time="0"/>
  <testcase classname="org.bukkit.PerMaterialTest" name="testBlockHardness[386: IRON_CHESTPLATE]" time="0"/>
  <testcase classname="org.bukkit.PerMaterialTest" name="maxStackSize[386: IRON_CHESTPLATE]" time="0"/>
  <testcase classname="org.bukkit.PerMaterialTest" name="isTransparent[386: IRON_CHESTPLATE]" time="0"/>
  <testcase classname="org.bukkit.PerMaterialTest" name="testBlockDataCreation[386: IRON_CHESTPLATE]" time="0.001"/>
  <testcase classname="org.bukkit.PerMaterialTest" name="isBlock[386: IRON_CHESTPLATE]" time="0"/>
  <testcase classname="org.bukkit.PerMaterialTest" name="isSolid[386: IRON_CHESTPLATE]" time="0"/>
  <testcase classname="org.bukkit.PerMaterialTest" name="hasGravity[387: IRON_DOOR]" time="0"/>
  <testcase classname="org.bukkit.PerMaterialTest" name="isBurnable[387: IRON_DOOR]" time="0"/>
  <testcase classname="org.bukkit.PerMaterialTest" name="testInteractable[387: IRON_DOOR]" time="0"/>
  <testcase classname="org.bukkit.PerMaterialTest" name="testBlock[387: IRON_DOOR]" time="0"/>
  <testcase classname="org.bukkit.PerMaterialTest" name="isFuel[387: IRON_DOOR]" time="0.001"/>
  <testcase classname="org.bukkit.PerMaterialTest" name="testItem[387: IRON_DOOR]" time="0"/>
  <testcase classname="org.bukkit.PerMaterialTest" name="testBlastResistance[387: IRON_DOOR]" time="0"/>
  <testcase classname="org.bukkit.PerMaterialTest" name="isEdible[387: IRON_DOOR]" time="0"/>
  <testcase classname="org.bukkit.PerMaterialTest" name="maxDurability[387: IRON_DOOR]" time="0"/>
  <testcase classname="org.bukkit.PerMaterialTest" name="usesDurability[387: IRON_DOOR]" time="0"/>
  <testcase classname="org.bukkit.PerMaterialTest" name="isOccluding[387: IRON_DOOR]" time="0"/>
  <testcase classname="org.bukkit.PerMaterialTest" name="isRecord[387: IRON_DOOR]" time="0.001"/>
  <testcase classname="org.bukkit.PerMaterialTest" name="isFlammable[387: IRON_DOOR]" time="0"/>
  <testcase classname="org.bukkit.PerMaterialTest" name="testDurability[387: IRON_DOOR]" time="0"/>
  <testcase classname="org.bukkit.PerMaterialTest" name="testBlockHardness[387: IRON_DOOR]" time="0"/>
  <testcase classname="org.bukkit.PerMaterialTest" name="maxStackSize[387: IRON_DOOR]" time="0"/>
  <testcase classname="org.bukkit.PerMaterialTest" name="isTransparent[387: IRON_DOOR]" time="0"/>
  <testcase classname="org.bukkit.PerMaterialTest" name="testBlockDataCreation[387: IRON_DOOR]" time="0"/>
  <testcase classname="org.bukkit.PerMaterialTest" name="isBlock[387: IRON_DOOR]" time="0"/>
  <testcase classname="org.bukkit.PerMaterialTest" name="isSolid[387: IRON_DOOR]" time="0"/>
  <testcase classname="org.bukkit.PerMaterialTest" name="hasGravity[388: IRON_HELMET]" time="0"/>
  <testcase classname="org.bukkit.PerMaterialTest" name="isBurnable[388: IRON_HELMET]" time="0"/>
  <testcase classname="org.bukkit.PerMaterialTest" name="testInteractable[388: IRON_HELMET]" time="0"/>
  <testcase classname="org.bukkit.PerMaterialTest" name="testBlock[388: IRON_HELMET]" time="0"/>
  <testcase classname="org.bukkit.PerMaterialTest" name="isFuel[388: IRON_HELMET]" time="0"/>
  <testcase classname="org.bukkit.PerMaterialTest" name="testItem[388: IRON_HELMET]" time="0.001"/>
  <testcase classname="org.bukkit.PerMaterialTest" name="testBlastResistance[388: IRON_HELMET]" time="0"/>
  <testcase classname="org.bukkit.PerMaterialTest" name="isEdible[388: IRON_HELMET]" time="0"/>
  <testcase classname="org.bukkit.PerMaterialTest" name="maxDurability[388: IRON_HELMET]" time="0"/>
  <testcase classname="org.bukkit.PerMaterialTest" name="usesDurability[388: IRON_HELMET]" time="0"/>
  <testcase classname="org.bukkit.PerMaterialTest" name="isOccluding[388: IRON_HELMET]" time="0"/>
  <testcase classname="org.bukkit.PerMaterialTest" name="isRecord[388: IRON_HELMET]" time="0"/>
  <testcase classname="org.bukkit.PerMaterialTest" name="isFlammable[388: IRON_HELMET]" time="0"/>
  <testcase classname="org.bukkit.PerMaterialTest" name="testDurability[388: IRON_HELMET]" time="0.001"/>
  <testcase classname="org.bukkit.PerMaterialTest" name="testBlockHardness[388: IRON_HELMET]" time="0"/>
  <testcase classname="org.bukkit.PerMaterialTest" name="maxStackSize[388: IRON_HELMET]" time="0"/>
  <testcase classname="org.bukkit.PerMaterialTest" name="isTransparent[388: IRON_HELMET]" time="0"/>
  <testcase classname="org.bukkit.PerMaterialTest" name="testBlockDataCreation[388: IRON_HELMET]" time="0"/>
  <testcase classname="org.bukkit.PerMaterialTest" name="isBlock[388: IRON_HELMET]" time="0"/>
  <testcase classname="org.bukkit.PerMaterialTest" name="isSolid[388: IRON_HELMET]" time="0"/>
  <testcase classname="org.bukkit.PerMaterialTest" name="hasGravity[389: IRON_HOE]" time="0"/>
  <testcase classname="org.bukkit.PerMaterialTest" name="isBurnable[389: IRON_HOE]" time="0"/>
  <testcase classname="org.bukkit.PerMaterialTest" name="testInteractable[389: IRON_HOE]" time="0"/>
  <testcase classname="org.bukkit.PerMaterialTest" name="testBlock[389: IRON_HOE]" time="0"/>
  <testcase classname="org.bukkit.PerMaterialTest" name="isFuel[389: IRON_HOE]" time="0"/>
  <testcase classname="org.bukkit.PerMaterialTest" name="testItem[389: IRON_HOE]" time="0"/>
  <testcase classname="org.bukkit.PerMaterialTest" name="testBlastResistance[389: IRON_HOE]" time="0"/>
  <testcase classname="org.bukkit.PerMaterialTest" name="isEdible[389: IRON_HOE]" time="0"/>
  <testcase classname="org.bukkit.PerMaterialTest" name="maxDurability[389: IRON_HOE]" time="0"/>
  <testcase classname="org.bukkit.PerMaterialTest" name="usesDurability[389: IRON_HOE]" time="0"/>
  <testcase classname="org.bukkit.PerMaterialTest" name="isOccluding[389: IRON_HOE]" time="0"/>
  <testcase classname="org.bukkit.PerMaterialTest" name="isRecord[389: IRON_HOE]" time="0"/>
  <testcase classname="org.bukkit.PerMaterialTest" name="isFlammable[389: IRON_HOE]" time="0"/>
  <testcase classname="org.bukkit.PerMaterialTest" name="testDurability[389: IRON_HOE]" time="0"/>
  <testcase classname="org.bukkit.PerMaterialTest" name="testBlockHardness[389: IRON_HOE]" time="0"/>
  <testcase classname="org.bukkit.PerMaterialTest" name="maxStackSize[389: IRON_HOE]" time="0.001"/>
  <testcase classname="org.bukkit.PerMaterialTest" name="isTransparent[389: IRON_HOE]" time="0"/>
  <testcase classname="org.bukkit.PerMaterialTest" name="testBlockDataCreation[389: IRON_HOE]" time="0"/>
  <testcase classname="org.bukkit.PerMaterialTest" name="isBlock[389: IRON_HOE]" time="0"/>
  <testcase classname="org.bukkit.PerMaterialTest" name="isSolid[389: IRON_HOE]" time="0"/>
  <testcase classname="org.bukkit.PerMaterialTest" name="hasGravity[390: IRON_HORSE_ARMOR]" time="0"/>
  <testcase classname="org.bukkit.PerMaterialTest" name="isBurnable[390: IRON_HORSE_ARMOR]" time="0"/>
  <testcase classname="org.bukkit.PerMaterialTest" name="testInteractable[390: IRON_HORSE_ARMOR]" time="0"/>
  <testcase classname="org.bukkit.PerMaterialTest" name="testBlock[390: IRON_HORSE_ARMOR]" time="0"/>
  <testcase classname="org.bukkit.PerMaterialTest" name="isFuel[390: IRON_HORSE_ARMOR]" time="0"/>
  <testcase classname="org.bukkit.PerMaterialTest" name="testItem[390: IRON_HORSE_ARMOR]" time="0"/>
  <testcase classname="org.bukkit.PerMaterialTest" name="testBlastResistance[390: IRON_HORSE_ARMOR]" time="0"/>
  <testcase classname="org.bukkit.PerMaterialTest" name="isEdible[390: IRON_HORSE_ARMOR]" time="0"/>
  <testcase classname="org.bukkit.PerMaterialTest" name="maxDurability[390: IRON_HORSE_ARMOR]" time="0"/>
  <testcase classname="org.bukkit.PerMaterialTest" name="usesDurability[390: IRON_HORSE_ARMOR]" time="0"/>
  <testcase classname="org.bukkit.PerMaterialTest" name="isOccluding[390: IRON_HORSE_ARMOR]" time="0"/>
  <testcase classname="org.bukkit.PerMaterialTest" name="isRecord[390: IRON_HORSE_ARMOR]" time="0"/>
  <testcase classname="org.bukkit.PerMaterialTest" name="isFlammable[390: IRON_HORSE_ARMOR]" time="0"/>
  <testcase classname="org.bukkit.PerMaterialTest" name="testDurability[390: IRON_HORSE_ARMOR]" time="0"/>
  <testcase classname="org.bukkit.PerMaterialTest" name="testBlockHardness[390: IRON_HORSE_ARMOR]" time="0"/>
  <testcase classname="org.bukkit.PerMaterialTest" name="maxStackSize[390: IRON_HORSE_ARMOR]" time="0"/>
  <testcase classname="org.bukkit.PerMaterialTest" name="isTransparent[390: IRON_HORSE_ARMOR]" time="0"/>
  <testcase classname="org.bukkit.PerMaterialTest" name="testBlockDataCreation[390: IRON_HORSE_ARMOR]" time="0"/>
  <testcase classname="org.bukkit.PerMaterialTest" name="isBlock[390: IRON_HORSE_ARMOR]" time="0"/>
  <testcase classname="org.bukkit.PerMaterialTest" name="isSolid[390: IRON_HORSE_ARMOR]" time="0"/>
  <testcase classname="org.bukkit.PerMaterialTest" name="hasGravity[391: IRON_INGOT]" time="0"/>
  <testcase classname="org.bukkit.PerMaterialTest" name="isBurnable[391: IRON_INGOT]" time="0"/>
  <testcase classname="org.bukkit.PerMaterialTest" name="testInteractable[391: IRON_INGOT]" time="0"/>
  <testcase classname="org.bukkit.PerMaterialTest" name="testBlock[391: IRON_INGOT]" time="0"/>
  <testcase classname="org.bukkit.PerMaterialTest" name="isFuel[391: IRON_INGOT]" time="0.001"/>
  <testcase classname="org.bukkit.PerMaterialTest" name="testItem[391: IRON_INGOT]" time="0"/>
  <testcase classname="org.bukkit.PerMaterialTest" name="testBlastResistance[391: IRON_INGOT]" time="0"/>
  <testcase classname="org.bukkit.PerMaterialTest" name="isEdible[391: IRON_INGOT]" time="0"/>
  <testcase classname="org.bukkit.PerMaterialTest" name="maxDurability[391: IRON_INGOT]" time="0"/>
  <testcase classname="org.bukkit.PerMaterialTest" name="usesDurability[391: IRON_INGOT]" time="0"/>
  <testcase classname="org.bukkit.PerMaterialTest" name="isOccluding[391: IRON_INGOT]" time="0"/>
  <testcase classname="org.bukkit.PerMaterialTest" name="isRecord[391: IRON_INGOT]" time="0"/>
  <testcase classname="org.bukkit.PerMaterialTest" name="isFlammable[391: IRON_INGOT]" time="0.001"/>
  <testcase classname="org.bukkit.PerMaterialTest" name="testDurability[391: IRON_INGOT]" time="0"/>
  <testcase classname="org.bukkit.PerMaterialTest" name="testBlockHardness[391: IRON_INGOT]" time="0"/>
  <testcase classname="org.bukkit.PerMaterialTest" name="maxStackSize[391: IRON_INGOT]" time="0"/>
  <testcase classname="org.bukkit.PerMaterialTest" name="isTransparent[391: IRON_INGOT]" time="0"/>
  <testcase classname="org.bukkit.PerMaterialTest" name="testBlockDataCreation[391: IRON_INGOT]" time="0"/>
  <testcase classname="org.bukkit.PerMaterialTest" name="isBlock[391: IRON_INGOT]" time="0"/>
  <testcase classname="org.bukkit.PerMaterialTest" name="isSolid[391: IRON_INGOT]" time="0"/>
  <testcase classname="org.bukkit.PerMaterialTest" name="hasGravity[392: IRON_LEGGINGS]" time="0"/>
  <testcase classname="org.bukkit.PerMaterialTest" name="isBurnable[392: IRON_LEGGINGS]" time="0"/>
  <testcase classname="org.bukkit.PerMaterialTest" name="testInteractable[392: IRON_LEGGINGS]" time="0"/>
  <testcase classname="org.bukkit.PerMaterialTest" name="testBlock[392: IRON_LEGGINGS]" time="0"/>
  <testcase classname="org.bukkit.PerMaterialTest" name="isFuel[392: IRON_LEGGINGS]" time="0"/>
  <testcase classname="org.bukkit.PerMaterialTest" name="testItem[392: IRON_LEGGINGS]" time="0"/>
  <testcase classname="org.bukkit.PerMaterialTest" name="testBlastResistance[392: IRON_LEGGINGS]" time="0"/>
  <testcase classname="org.bukkit.PerMaterialTest" name="isEdible[392: IRON_LEGGINGS]" time="0"/>
  <testcase classname="org.bukkit.PerMaterialTest" name="maxDurability[392: IRON_LEGGINGS]" time="0"/>
  <testcase classname="org.bukkit.PerMaterialTest" name="usesDurability[392: IRON_LEGGINGS]" time="0"/>
  <testcase classname="org.bukkit.PerMaterialTest" name="isOccluding[392: IRON_LEGGINGS]" time="0"/>
  <testcase classname="org.bukkit.PerMaterialTest" name="isRecord[392: IRON_LEGGINGS]" time="0"/>
  <testcase classname="org.bukkit.PerMaterialTest" name="isFlammable[392: IRON_LEGGINGS]" time="0"/>
  <testcase classname="org.bukkit.PerMaterialTest" name="testDurability[392: IRON_LEGGINGS]" time="0"/>
  <testcase classname="org.bukkit.PerMaterialTest" name="testBlockHardness[392: IRON_LEGGINGS]" time="0.001"/>
  <testcase classname="org.bukkit.PerMaterialTest" name="maxStackSize[392: IRON_LEGGINGS]" time="0"/>
  <testcase classname="org.bukkit.PerMaterialTest" name="isTransparent[392: IRON_LEGGINGS]" time="0"/>
  <testcase classname="org.bukkit.PerMaterialTest" name="testBlockDataCreation[392: IRON_LEGGINGS]" time="0"/>
  <testcase classname="org.bukkit.PerMaterialTest" name="isBlock[392: IRON_LEGGINGS]" time="0"/>
  <testcase classname="org.bukkit.PerMaterialTest" name="isSolid[392: IRON_LEGGINGS]" time="0"/>
  <testcase classname="org.bukkit.PerMaterialTest" name="hasGravity[393: IRON_NUGGET]" time="0"/>
  <testcase classname="org.bukkit.PerMaterialTest" name="isBurnable[393: IRON_NUGGET]" time="0"/>
  <testcase classname="org.bukkit.PerMaterialTest" name="testInteractable[393: IRON_NUGGET]" time="0"/>
  <testcase classname="org.bukkit.PerMaterialTest" name="testBlock[393: IRON_NUGGET]" time="0"/>
  <testcase classname="org.bukkit.PerMaterialTest" name="isFuel[393: IRON_NUGGET]" time="0"/>
  <testcase classname="org.bukkit.PerMaterialTest" name="testItem[393: IRON_NUGGET]" time="0"/>
  <testcase classname="org.bukkit.PerMaterialTest" name="testBlastResistance[393: IRON_NUGGET]" time="0"/>
  <testcase classname="org.bukkit.PerMaterialTest" name="isEdible[393: IRON_NUGGET]" time="0"/>
  <testcase classname="org.bukkit.PerMaterialTest" name="maxDurability[393: IRON_NUGGET]" time="0.001"/>
  <testcase classname="org.bukkit.PerMaterialTest" name="usesDurability[393: IRON_NUGGET]" time="0"/>
  <testcase classname="org.bukkit.PerMaterialTest" name="isOccluding[393: IRON_NUGGET]" time="0"/>
  <testcase classname="org.bukkit.PerMaterialTest" name="isRecord[393: IRON_NUGGET]" time="0"/>
  <testcase classname="org.bukkit.PerMaterialTest" name="isFlammable[393: IRON_NUGGET]" time="0"/>
  <testcase classname="org.bukkit.PerMaterialTest" name="testDurability[393: IRON_NUGGET]" time="0"/>
  <testcase classname="org.bukkit.PerMaterialTest" name="testBlockHardness[393: IRON_NUGGET]" time="0"/>
  <testcase classname="org.bukkit.PerMaterialTest" name="maxStackSize[393: IRON_NUGGET]" time="0"/>
  <testcase classname="org.bukkit.PerMaterialTest" name="isTransparent[393: IRON_NUGGET]" time="0.001"/>
  <testcase classname="org.bukkit.PerMaterialTest" name="testBlockDataCreation[393: IRON_NUGGET]" time="0"/>
  <testcase classname="org.bukkit.PerMaterialTest" name="isBlock[393: IRON_NUGGET]" time="0"/>
  <testcase classname="org.bukkit.PerMaterialTest" name="isSolid[393: IRON_NUGGET]" time="0"/>
  <testcase classname="org.bukkit.PerMaterialTest" name="hasGravity[394: IRON_ORE]" time="0"/>
  <testcase classname="org.bukkit.PerMaterialTest" name="isBurnable[394: IRON_ORE]" time="0"/>
  <testcase classname="org.bukkit.PerMaterialTest" name="testInteractable[394: IRON_ORE]" time="0"/>
  <testcase classname="org.bukkit.PerMaterialTest" name="testBlock[394: IRON_ORE]" time="0"/>
  <testcase classname="org.bukkit.PerMaterialTest" name="isFuel[394: IRON_ORE]" time="0"/>
  <testcase classname="org.bukkit.PerMaterialTest" name="testItem[394: IRON_ORE]" time="0"/>
  <testcase classname="org.bukkit.PerMaterialTest" name="testBlastResistance[394: IRON_ORE]" time="0"/>
  <testcase classname="org.bukkit.PerMaterialTest" name="isEdible[394: IRON_ORE]" time="0"/>
  <testcase classname="org.bukkit.PerMaterialTest" name="maxDurability[394: IRON_ORE]" time="0"/>
  <testcase classname="org.bukkit.PerMaterialTest" name="usesDurability[394: IRON_ORE]" time="0"/>
  <testcase classname="org.bukkit.PerMaterialTest" name="isOccluding[394: IRON_ORE]" time="0.001"/>
  <testcase classname="org.bukkit.PerMaterialTest" name="isRecord[394: IRON_ORE]" time="0"/>
  <testcase classname="org.bukkit.PerMaterialTest" name="isFlammable[394: IRON_ORE]" time="0"/>
  <testcase classname="org.bukkit.PerMaterialTest" name="testDurability[394: IRON_ORE]" time="0"/>
  <testcase classname="org.bukkit.PerMaterialTest" name="testBlockHardness[394: IRON_ORE]" time="0"/>
  <testcase classname="org.bukkit.PerMaterialTest" name="maxStackSize[394: IRON_ORE]" time="0.004"/>
  <testcase classname="org.bukkit.PerMaterialTest" name="isTransparent[394: IRON_ORE]" time="0"/>
  <testcase classname="org.bukkit.PerMaterialTest" name="testBlockDataCreation[394: IRON_ORE]" time="0"/>
  <testcase classname="org.bukkit.PerMaterialTest" name="isBlock[394: IRON_ORE]" time="0"/>
  <testcase classname="org.bukkit.PerMaterialTest" name="isSolid[394: IRON_ORE]" time="0"/>
  <testcase classname="org.bukkit.PerMaterialTest" name="hasGravity[395: IRON_PICKAXE]" time="0"/>
  <testcase classname="org.bukkit.PerMaterialTest" name="isBurnable[395: IRON_PICKAXE]" time="0"/>
  <testcase classname="org.bukkit.PerMaterialTest" name="testInteractable[395: IRON_PICKAXE]" time="0"/>
  <testcase classname="org.bukkit.PerMaterialTest" name="testBlock[395: IRON_PICKAXE]" time="0"/>
  <testcase classname="org.bukkit.PerMaterialTest" name="isFuel[395: IRON_PICKAXE]" time="0"/>
  <testcase classname="org.bukkit.PerMaterialTest" name="testItem[395: IRON_PICKAXE]" time="0"/>
  <testcase classname="org.bukkit.PerMaterialTest" name="testBlastResistance[395: IRON_PICKAXE]" time="0"/>
  <testcase classname="org.bukkit.PerMaterialTest" name="isEdible[395: IRON_PICKAXE]" time="0"/>
  <testcase classname="org.bukkit.PerMaterialTest" name="maxDurability[395: IRON_PICKAXE]" time="0"/>
  <testcase classname="org.bukkit.PerMaterialTest" name="usesDurability[395: IRON_PICKAXE]" time="0"/>
  <testcase classname="org.bukkit.PerMaterialTest" name="isOccluding[395: IRON_PICKAXE]" time="0"/>
  <testcase classname="org.bukkit.PerMaterialTest" name="isRecord[395: IRON_PICKAXE]" time="0"/>
  <testcase classname="org.bukkit.PerMaterialTest" name="isFlammable[395: IRON_PICKAXE]" time="0"/>
  <testcase classname="org.bukkit.PerMaterialTest" name="testDurability[395: IRON_PICKAXE]" time="0"/>
  <testcase classname="org.bukkit.PerMaterialTest" name="testBlockHardness[395: IRON_PICKAXE]" time="0"/>
  <testcase classname="org.bukkit.PerMaterialTest" name="maxStackSize[395: IRON_PICKAXE]" time="0"/>
  <testcase classname="org.bukkit.PerMaterialTest" name="isTransparent[395: IRON_PICKAXE]" time="0"/>
  <testcase classname="org.bukkit.PerMaterialTest" name="testBlockDataCreation[395: IRON_PICKAXE]" time="0"/>
  <testcase classname="org.bukkit.PerMaterialTest" name="isBlock[395: IRON_PICKAXE]" time="0"/>
  <testcase classname="org.bukkit.PerMaterialTest" name="isSolid[395: IRON_PICKAXE]" time="0"/>
  <testcase classname="org.bukkit.PerMaterialTest" name="hasGravity[396: IRON_SHOVEL]" time="0"/>
  <testcase classname="org.bukkit.PerMaterialTest" name="isBurnable[396: IRON_SHOVEL]" time="0"/>
  <testcase classname="org.bukkit.PerMaterialTest" name="testInteractable[396: IRON_SHOVEL]" time="0"/>
  <testcase classname="org.bukkit.PerMaterialTest" name="testBlock[396: IRON_SHOVEL]" time="0"/>
  <testcase classname="org.bukkit.PerMaterialTest" name="isFuel[396: IRON_SHOVEL]" time="0"/>
  <testcase classname="org.bukkit.PerMaterialTest" name="testItem[396: IRON_SHOVEL]" time="0"/>
  <testcase classname="org.bukkit.PerMaterialTest" name="testBlastResistance[396: IRON_SHOVEL]" time="0"/>
  <testcase classname="org.bukkit.PerMaterialTest" name="isEdible[396: IRON_SHOVEL]" time="0"/>
  <testcase classname="org.bukkit.PerMaterialTest" name="maxDurability[396: IRON_SHOVEL]" time="0"/>
  <testcase classname="org.bukkit.PerMaterialTest" name="usesDurability[396: IRON_SHOVEL]" time="0"/>
  <testcase classname="org.bukkit.PerMaterialTest" name="isOccluding[396: IRON_SHOVEL]" time="0"/>
  <testcase classname="org.bukkit.PerMaterialTest" name="isRecord[396: IRON_SHOVEL]" time="0"/>
  <testcase classname="org.bukkit.PerMaterialTest" name="isFlammable[396: IRON_SHOVEL]" time="0"/>
  <testcase classname="org.bukkit.PerMaterialTest" name="testDurability[396: IRON_SHOVEL]" time="0"/>
  <testcase classname="org.bukkit.PerMaterialTest" name="testBlockHardness[396: IRON_SHOVEL]" time="0"/>
  <testcase classname="org.bukkit.PerMaterialTest" name="maxStackSize[396: IRON_SHOVEL]" time="0.001"/>
  <testcase classname="org.bukkit.PerMaterialTest" name="isTransparent[396: IRON_SHOVEL]" time="0"/>
  <testcase classname="org.bukkit.PerMaterialTest" name="testBlockDataCreation[396: IRON_SHOVEL]" time="0"/>
  <testcase classname="org.bukkit.PerMaterialTest" name="isBlock[396: IRON_SHOVEL]" time="0"/>
  <testcase classname="org.bukkit.PerMaterialTest" name="isSolid[396: IRON_SHOVEL]" time="0"/>
  <testcase classname="org.bukkit.PerMaterialTest" name="hasGravity[397: IRON_SWORD]" time="0"/>
  <testcase classname="org.bukkit.PerMaterialTest" name="isBurnable[397: IRON_SWORD]" time="0"/>
  <testcase classname="org.bukkit.PerMaterialTest" name="testInteractable[397: IRON_SWORD]" time="0"/>
  <testcase classname="org.bukkit.PerMaterialTest" name="testBlock[397: IRON_SWORD]" time="0"/>
  <testcase classname="org.bukkit.PerMaterialTest" name="isFuel[397: IRON_SWORD]" time="0"/>
  <testcase classname="org.bukkit.PerMaterialTest" name="testItem[397: IRON_SWORD]" time="0"/>
  <testcase classname="org.bukkit.PerMaterialTest" name="testBlastResistance[397: IRON_SWORD]" time="0"/>
  <testcase classname="org.bukkit.PerMaterialTest" name="isEdible[397: IRON_SWORD]" time="0"/>
  <testcase classname="org.bukkit.PerMaterialTest" name="maxDurability[397: IRON_SWORD]" time="0"/>
  <testcase classname="org.bukkit.PerMaterialTest" name="usesDurability[397: IRON_SWORD]" time="0.001"/>
  <testcase classname="org.bukkit.PerMaterialTest" name="isOccluding[397: IRON_SWORD]" time="0"/>
  <testcase classname="org.bukkit.PerMaterialTest" name="isRecord[397: IRON_SWORD]" time="0"/>
  <testcase classname="org.bukkit.PerMaterialTest" name="isFlammable[397: IRON_SWORD]" time="0"/>
  <testcase classname="org.bukkit.PerMaterialTest" name="testDurability[397: IRON_SWORD]" time="0"/>
  <testcase classname="org.bukkit.PerMaterialTest" name="testBlockHardness[397: IRON_SWORD]" time="0"/>
  <testcase classname="org.bukkit.PerMaterialTest" name="maxStackSize[397: IRON_SWORD]" time="0"/>
  <testcase classname="org.bukkit.PerMaterialTest" name="isTransparent[397: IRON_SWORD]" time="0"/>
  <testcase classname="org.bukkit.PerMaterialTest" name="testBlockDataCreation[397: IRON_SWORD]" time="0"/>
  <testcase classname="org.bukkit.PerMaterialTest" name="isBlock[397: IRON_SWORD]" time="0"/>
  <testcase classname="org.bukkit.PerMaterialTest" name="isSolid[397: IRON_SWORD]" time="0"/>
  <testcase classname="org.bukkit.PerMaterialTest" name="hasGravity[398: IRON_TRAPDOOR]" time="0"/>
  <testcase classname="org.bukkit.PerMaterialTest" name="isBurnable[398: IRON_TRAPDOOR]" time="0"/>
  <testcase classname="org.bukkit.PerMaterialTest" name="testInteractable[398: IRON_TRAPDOOR]" time="0"/>
  <testcase classname="org.bukkit.PerMaterialTest" name="testBlock[398: IRON_TRAPDOOR]" time="0"/>
  <testcase classname="org.bukkit.PerMaterialTest" name="isFuel[398: IRON_TRAPDOOR]" time="0.001"/>
  <testcase classname="org.bukkit.PerMaterialTest" name="testItem[398: IRON_TRAPDOOR]" time="0"/>
  <testcase classname="org.bukkit.PerMaterialTest" name="testBlastResistance[398: IRON_TRAPDOOR]" time="0"/>
  <testcase classname="org.bukkit.PerMaterialTest" name="isEdible[398: IRON_TRAPDOOR]" time="0"/>
  <testcase classname="org.bukkit.PerMaterialTest" name="maxDurability[398: IRON_TRAPDOOR]" time="0"/>
  <testcase classname="org.bukkit.PerMaterialTest" name="usesDurability[398: IRON_TRAPDOOR]" time="0"/>
  <testcase classname="org.bukkit.PerMaterialTest" name="isOccluding[398: IRON_TRAPDOOR]" time="0"/>
  <testcase classname="org.bukkit.PerMaterialTest" name="isRecord[398: IRON_TRAPDOOR]" time="0"/>
  <testcase classname="org.bukkit.PerMaterialTest" name="isFlammable[398: IRON_TRAPDOOR]" time="0"/>
  <testcase classname="org.bukkit.PerMaterialTest" name="testDurability[398: IRON_TRAPDOOR]" time="0"/>
  <testcase classname="org.bukkit.PerMaterialTest" name="testBlockHardness[398: IRON_TRAPDOOR]" time="0"/>
  <testcase classname="org.bukkit.PerMaterialTest" name="maxStackSize[398: IRON_TRAPDOOR]" time="0"/>
  <testcase classname="org.bukkit.PerMaterialTest" name="isTransparent[398: IRON_TRAPDOOR]" time="0"/>
  <testcase classname="org.bukkit.PerMaterialTest" name="testBlockDataCreation[398: IRON_TRAPDOOR]" time="0"/>
  <testcase classname="org.bukkit.PerMaterialTest" name="isBlock[398: IRON_TRAPDOOR]" time="0.001"/>
  <testcase classname="org.bukkit.PerMaterialTest" name="isSolid[398: IRON_TRAPDOOR]" time="0"/>
  <testcase classname="org.bukkit.PerMaterialTest" name="hasGravity[399: ITEM_FRAME]" time="0"/>
  <testcase classname="org.bukkit.PerMaterialTest" name="isBurnable[399: ITEM_FRAME]" time="0"/>
  <testcase classname="org.bukkit.PerMaterialTest" name="testInteractable[399: ITEM_FRAME]" time="0"/>
  <testcase classname="org.bukkit.PerMaterialTest" name="testBlock[399: ITEM_FRAME]" time="0"/>
  <testcase classname="org.bukkit.PerMaterialTest" name="isFuel[399: ITEM_FRAME]" time="0"/>
  <testcase classname="org.bukkit.PerMaterialTest" name="testItem[399: ITEM_FRAME]" time="0"/>
  <testcase classname="org.bukkit.PerMaterialTest" name="testBlastResistance[399: ITEM_FRAME]" time="0"/>
  <testcase classname="org.bukkit.PerMaterialTest" name="isEdible[399: ITEM_FRAME]" time="0"/>
  <testcase classname="org.bukkit.PerMaterialTest" name="maxDurability[399: ITEM_FRAME]" time="0"/>
  <testcase classname="org.bukkit.PerMaterialTest" name="usesDurability[399: ITEM_FRAME]" time="0"/>
  <testcase classname="org.bukkit.PerMaterialTest" name="isOccluding[399: ITEM_FRAME]" time="0"/>
  <testcase classname="org.bukkit.PerMaterialTest" name="isRecord[399: ITEM_FRAME]" time="0"/>
  <testcase classname="org.bukkit.PerMaterialTest" name="isFlammable[399: ITEM_FRAME]" time="0"/>
  <testcase classname="org.bukkit.PerMaterialTest" name="testDurability[399: ITEM_FRAME]" time="0"/>
  <testcase classname="org.bukkit.PerMaterialTest" name="testBlockHardness[399: ITEM_FRAME]" time="0"/>
  <testcase classname="org.bukkit.PerMaterialTest" name="maxStackSize[399: ITEM_FRAME]" time="0"/>
  <testcase classname="org.bukkit.PerMaterialTest" name="isTransparent[399: ITEM_FRAME]" time="0"/>
  <testcase classname="org.bukkit.PerMaterialTest" name="testBlockDataCreation[399: ITEM_FRAME]" time="0"/>
  <testcase classname="org.bukkit.PerMaterialTest" name="isBlock[399: ITEM_FRAME]" time="0.001"/>
  <testcase classname="org.bukkit.PerMaterialTest" name="isSolid[399: ITEM_FRAME]" time="0"/>
  <testcase classname="org.bukkit.PerMaterialTest" name="hasGravity[400: JACK_O_LANTERN]" time="0"/>
  <testcase classname="org.bukkit.PerMaterialTest" name="isBurnable[400: JACK_O_LANTERN]" time="0"/>
  <testcase classname="org.bukkit.PerMaterialTest" name="testInteractable[400: JACK_O_LANTERN]" time="0"/>
  <testcase classname="org.bukkit.PerMaterialTest" name="testBlock[400: JACK_O_LANTERN]" time="0"/>
  <testcase classname="org.bukkit.PerMaterialTest" name="isFuel[400: JACK_O_LANTERN]" time="0"/>
  <testcase classname="org.bukkit.PerMaterialTest" name="testItem[400: JACK_O_LANTERN]" time="0"/>
  <testcase classname="org.bukkit.PerMaterialTest" name="testBlastResistance[400: JACK_O_LANTERN]" time="0"/>
  <testcase classname="org.bukkit.PerMaterialTest" name="isEdible[400: JACK_O_LANTERN]" time="0"/>
  <testcase classname="org.bukkit.PerMaterialTest" name="maxDurability[400: JACK_O_LANTERN]" time="0"/>
  <testcase classname="org.bukkit.PerMaterialTest" name="usesDurability[400: JACK_O_LANTERN]" time="0"/>
  <testcase classname="org.bukkit.PerMaterialTest" name="isOccluding[400: JACK_O_LANTERN]" time="0"/>
  <testcase classname="org.bukkit.PerMaterialTest" name="isRecord[400: JACK_O_LANTERN]" time="0"/>
  <testcase classname="org.bukkit.PerMaterialTest" name="isFlammable[400: JACK_O_LANTERN]" time="0"/>
  <testcase classname="org.bukkit.PerMaterialTest" name="testDurability[400: JACK_O_LANTERN]" time="0"/>
  <testcase classname="org.bukkit.PerMaterialTest" name="testBlockHardness[400: JACK_O_LANTERN]" time="0"/>
  <testcase classname="org.bukkit.PerMaterialTest" name="maxStackSize[400: JACK_O_LANTERN]" time="0"/>
  <testcase classname="org.bukkit.PerMaterialTest" name="isTransparent[400: JACK_O_LANTERN]" time="0"/>
  <testcase classname="org.bukkit.PerMaterialTest" name="testBlockDataCreation[400: JACK_O_LANTERN]" time="0"/>
  <testcase classname="org.bukkit.PerMaterialTest" name="isBlock[400: JACK_O_LANTERN]" time="0"/>
  <testcase classname="org.bukkit.PerMaterialTest" name="isSolid[400: JACK_O_LANTERN]" time="0"/>
  <testcase classname="org.bukkit.PerMaterialTest" name="hasGravity[401: JUKEBOX]" time="0"/>
  <testcase classname="org.bukkit.PerMaterialTest" name="isBurnable[401: JUKEBOX]" time="0"/>
  <testcase classname="org.bukkit.PerMaterialTest" name="testInteractable[401: JUKEBOX]" time="0"/>
  <testcase classname="org.bukkit.PerMaterialTest" name="testBlock[401: JUKEBOX]" time="0"/>
  <testcase classname="org.bukkit.PerMaterialTest" name="isFuel[401: JUKEBOX]" time="0"/>
  <testcase classname="org.bukkit.PerMaterialTest" name="testItem[401: JUKEBOX]" time="0"/>
  <testcase classname="org.bukkit.PerMaterialTest" name="testBlastResistance[401: JUKEBOX]" time="0"/>
  <testcase classname="org.bukkit.PerMaterialTest" name="isEdible[401: JUKEBOX]" time="0"/>
  <testcase classname="org.bukkit.PerMaterialTest" name="maxDurability[401: JUKEBOX]" time="0"/>
  <testcase classname="org.bukkit.PerMaterialTest" name="usesDurability[401: JUKEBOX]" time="0"/>
  <testcase classname="org.bukkit.PerMaterialTest" name="isOccluding[401: JUKEBOX]" time="0"/>
  <testcase classname="org.bukkit.PerMaterialTest" name="isRecord[401: JUKEBOX]" time="0"/>
  <testcase classname="org.bukkit.PerMaterialTest" name="isFlammable[401: JUKEBOX]" time="0"/>
  <testcase classname="org.bukkit.PerMaterialTest" name="testDurability[401: JUKEBOX]" time="0"/>
  <testcase classname="org.bukkit.PerMaterialTest" name="testBlockHardness[401: JUKEBOX]" time="0"/>
  <testcase classname="org.bukkit.PerMaterialTest" name="maxStackSize[401: JUKEBOX]" time="0"/>
  <testcase classname="org.bukkit.PerMaterialTest" name="isTransparent[401: JUKEBOX]" time="0"/>
  <testcase classname="org.bukkit.PerMaterialTest" name="testBlockDataCreation[401: JUKEBOX]" time="0"/>
  <testcase classname="org.bukkit.PerMaterialTest" name="isBlock[401: JUKEBOX]" time="0"/>
  <testcase classname="org.bukkit.PerMaterialTest" name="isSolid[401: JUKEBOX]" time="0"/>
  <testcase classname="org.bukkit.PerMaterialTest" name="hasGravity[402: JUNGLE_BOAT]" time="0"/>
  <testcase classname="org.bukkit.PerMaterialTest" name="isBurnable[402: JUNGLE_BOAT]" time="0"/>
  <testcase classname="org.bukkit.PerMaterialTest" name="testInteractable[402: JUNGLE_BOAT]" time="0"/>
  <testcase classname="org.bukkit.PerMaterialTest" name="testBlock[402: JUNGLE_BOAT]" time="0"/>
  <testcase classname="org.bukkit.PerMaterialTest" name="isFuel[402: JUNGLE_BOAT]" time="0"/>
  <testcase classname="org.bukkit.PerMaterialTest" name="testItem[402: JUNGLE_BOAT]" time="0"/>
  <testcase classname="org.bukkit.PerMaterialTest" name="testBlastResistance[402: JUNGLE_BOAT]" time="0"/>
  <testcase classname="org.bukkit.PerMaterialTest" name="isEdible[402: JUNGLE_BOAT]" time="0"/>
  <testcase classname="org.bukkit.PerMaterialTest" name="maxDurability[402: JUNGLE_BOAT]" time="0"/>
  <testcase classname="org.bukkit.PerMaterialTest" name="usesDurability[402: JUNGLE_BOAT]" time="0"/>
  <testcase classname="org.bukkit.PerMaterialTest" name="isOccluding[402: JUNGLE_BOAT]" time="0"/>
  <testcase classname="org.bukkit.PerMaterialTest" name="isRecord[402: JUNGLE_BOAT]" time="0"/>
  <testcase classname="org.bukkit.PerMaterialTest" name="isFlammable[402: JUNGLE_BOAT]" time="0"/>
  <testcase classname="org.bukkit.PerMaterialTest" name="testDurability[402: JUNGLE_BOAT]" time="0"/>
  <testcase classname="org.bukkit.PerMaterialTest" name="testBlockHardness[402: JUNGLE_BOAT]" time="0"/>
  <testcase classname="org.bukkit.PerMaterialTest" name="maxStackSize[402: JUNGLE_BOAT]" time="0"/>
  <testcase classname="org.bukkit.PerMaterialTest" name="isTransparent[402: JUNGLE_BOAT]" time="0"/>
  <testcase classname="org.bukkit.PerMaterialTest" name="testBlockDataCreation[402: JUNGLE_BOAT]" time="0"/>
  <testcase classname="org.bukkit.PerMaterialTest" name="isBlock[402: JUNGLE_BOAT]" time="0"/>
  <testcase classname="org.bukkit.PerMaterialTest" name="isSolid[402: JUNGLE_BOAT]" time="0"/>
  <testcase classname="org.bukkit.PerMaterialTest" name="hasGravity[403: JUNGLE_BUTTON]" time="0"/>
  <testcase classname="org.bukkit.PerMaterialTest" name="isBurnable[403: JUNGLE_BUTTON]" time="0"/>
  <testcase classname="org.bukkit.PerMaterialTest" name="testInteractable[403: JUNGLE_BUTTON]" time="0"/>
  <testcase classname="org.bukkit.PerMaterialTest" name="testBlock[403: JUNGLE_BUTTON]" time="0"/>
  <testcase classname="org.bukkit.PerMaterialTest" name="isFuel[403: JUNGLE_BUTTON]" time="0"/>
  <testcase classname="org.bukkit.PerMaterialTest" name="testItem[403: JUNGLE_BUTTON]" time="0"/>
  <testcase classname="org.bukkit.PerMaterialTest" name="testBlastResistance[403: JUNGLE_BUTTON]" time="0"/>
  <testcase classname="org.bukkit.PerMaterialTest" name="isEdible[403: JUNGLE_BUTTON]" time="0"/>
  <testcase classname="org.bukkit.PerMaterialTest" name="maxDurability[403: JUNGLE_BUTTON]" time="0"/>
  <testcase classname="org.bukkit.PerMaterialTest" name="usesDurability[403: JUNGLE_BUTTON]" time="0"/>
  <testcase classname="org.bukkit.PerMaterialTest" name="isOccluding[403: JUNGLE_BUTTON]" time="0"/>
  <testcase classname="org.bukkit.PerMaterialTest" name="isRecord[403: JUNGLE_BUTTON]" time="0"/>
  <testcase classname="org.bukkit.PerMaterialTest" name="isFlammable[403: JUNGLE_BUTTON]" time="0"/>
  <testcase classname="org.bukkit.PerMaterialTest" name="testDurability[403: JUNGLE_BUTTON]" time="0"/>
  <testcase classname="org.bukkit.PerMaterialTest" name="testBlockHardness[403: JUNGLE_BUTTON]" time="0"/>
  <testcase classname="org.bukkit.PerMaterialTest" name="maxStackSize[403: JUNGLE_BUTTON]" time="0"/>
  <testcase classname="org.bukkit.PerMaterialTest" name="isTransparent[403: JUNGLE_BUTTON]" time="0"/>
  <testcase classname="org.bukkit.PerMaterialTest" name="testBlockDataCreation[403: JUNGLE_BUTTON]" time="0"/>
  <testcase classname="org.bukkit.PerMaterialTest" name="isBlock[403: JUNGLE_BUTTON]" time="0"/>
  <testcase classname="org.bukkit.PerMaterialTest" name="isSolid[403: JUNGLE_BUTTON]" time="0"/>
  <testcase classname="org.bukkit.PerMaterialTest" name="hasGravity[404: JUNGLE_DOOR]" time="0"/>
  <testcase classname="org.bukkit.PerMaterialTest" name="isBurnable[404: JUNGLE_DOOR]" time="0"/>
  <testcase classname="org.bukkit.PerMaterialTest" name="testInteractable[404: JUNGLE_DOOR]" time="0"/>
  <testcase classname="org.bukkit.PerMaterialTest" name="testBlock[404: JUNGLE_DOOR]" time="4.711"/>
  <testcase classname="org.bukkit.PerMaterialTest" name="isFuel[404: JUNGLE_DOOR]" time="0"/>
  <testcase classname="org.bukkit.PerMaterialTest" name="testItem[404: JUNGLE_DOOR]" time="0"/>
  <testcase classname="org.bukkit.PerMaterialTest" name="testBlastResistance[404: JUNGLE_DOOR]" time="0"/>
  <testcase classname="org.bukkit.PerMaterialTest" name="isEdible[404: JUNGLE_DOOR]" time="0"/>
  <testcase classname="org.bukkit.PerMaterialTest" name="maxDurability[404: JUNGLE_DOOR]" time="0"/>
  <testcase classname="org.bukkit.PerMaterialTest" name="usesDurability[404: JUNGLE_DOOR]" time="0"/>
  <testcase classname="org.bukkit.PerMaterialTest" name="isOccluding[404: JUNGLE_DOOR]" time="0"/>
  <testcase classname="org.bukkit.PerMaterialTest" name="isRecord[404: JUNGLE_DOOR]" time="0"/>
  <testcase classname="org.bukkit.PerMaterialTest" name="isFlammable[404: JUNGLE_DOOR]" time="0"/>
  <testcase classname="org.bukkit.PerMaterialTest" name="testDurability[404: JUNGLE_DOOR]" time="0"/>
  <testcase classname="org.bukkit.PerMaterialTest" name="testBlockHardness[404: JUNGLE_DOOR]" time="0"/>
  <testcase classname="org.bukkit.PerMaterialTest" name="maxStackSize[404: JUNGLE_DOOR]" time="0"/>
  <testcase classname="org.bukkit.PerMaterialTest" name="isTransparent[404: JUNGLE_DOOR]" time="0"/>
  <testcase classname="org.bukkit.PerMaterialTest" name="testBlockDataCreation[404: JUNGLE_DOOR]" time="0.066"/>
  <testcase classname="org.bukkit.PerMaterialTest" name="isBlock[404: JUNGLE_DOOR]" time="0"/>
  <testcase classname="org.bukkit.PerMaterialTest" name="isSolid[404: JUNGLE_DOOR]" time="0"/>
  <testcase classname="org.bukkit.PerMaterialTest" name="hasGravity[405: JUNGLE_FENCE]" time="0"/>
  <testcase classname="org.bukkit.PerMaterialTest" name="isBurnable[405: JUNGLE_FENCE]" time="0"/>
  <testcase classname="org.bukkit.PerMaterialTest" name="testInteractable[405: JUNGLE_FENCE]" time="0"/>
  <testcase classname="org.bukkit.PerMaterialTest" name="testBlock[405: JUNGLE_FENCE]" time="0"/>
  <testcase classname="org.bukkit.PerMaterialTest" name="isFuel[405: JUNGLE_FENCE]" time="0"/>
  <testcase classname="org.bukkit.PerMaterialTest" name="testItem[405: JUNGLE_FENCE]" time="0"/>
  <testcase classname="org.bukkit.PerMaterialTest" name="testBlastResistance[405: JUNGLE_FENCE]" time="0"/>
  <testcase classname="org.bukkit.PerMaterialTest" name="isEdible[405: JUNGLE_FENCE]" time="0"/>
  <testcase classname="org.bukkit.PerMaterialTest" name="maxDurability[405: JUNGLE_FENCE]" time="0"/>
  <testcase classname="org.bukkit.PerMaterialTest" name="usesDurability[405: JUNGLE_FENCE]" time="0"/>
  <testcase classname="org.bukkit.PerMaterialTest" name="isOccluding[405: JUNGLE_FENCE]" time="0"/>
  <testcase classname="org.bukkit.PerMaterialTest" name="isRecord[405: JUNGLE_FENCE]" time="0"/>
  <testcase classname="org.bukkit.PerMaterialTest" name="isFlammable[405: JUNGLE_FENCE]" time="0"/>
  <testcase classname="org.bukkit.PerMaterialTest" name="testDurability[405: JUNGLE_FENCE]" time="0"/>
  <testcase classname="org.bukkit.PerMaterialTest" name="testBlockHardness[405: JUNGLE_FENCE]" time="0"/>
  <testcase classname="org.bukkit.PerMaterialTest" name="maxStackSize[405: JUNGLE_FENCE]" time="0"/>
  <testcase classname="org.bukkit.PerMaterialTest" name="isTransparent[405: JUNGLE_FENCE]" time="0"/>
  <testcase classname="org.bukkit.PerMaterialTest" name="testBlockDataCreation[405: JUNGLE_FENCE]" time="0"/>
  <testcase classname="org.bukkit.PerMaterialTest" name="isBlock[405: JUNGLE_FENCE]" time="0"/>
  <testcase classname="org.bukkit.PerMaterialTest" name="isSolid[405: JUNGLE_FENCE]" time="0"/>
  <testcase classname="org.bukkit.PerMaterialTest" name="hasGravity[406: JUNGLE_FENCE_GATE]" time="0"/>
  <testcase classname="org.bukkit.PerMaterialTest" name="isBurnable[406: JUNGLE_FENCE_GATE]" time="0"/>
  <testcase classname="org.bukkit.PerMaterialTest" name="testInteractable[406: JUNGLE_FENCE_GATE]" time="0"/>
  <testcase classname="org.bukkit.PerMaterialTest" name="testBlock[406: JUNGLE_FENCE_GATE]" time="0"/>
  <testcase classname="org.bukkit.PerMaterialTest" name="isFuel[406: JUNGLE_FENCE_GATE]" time="0"/>
  <testcase classname="org.bukkit.PerMaterialTest" name="testItem[406: JUNGLE_FENCE_GATE]" time="0"/>
  <testcase classname="org.bukkit.PerMaterialTest" name="testBlastResistance[406: JUNGLE_FENCE_GATE]" time="0"/>
  <testcase classname="org.bukkit.PerMaterialTest" name="isEdible[406: JUNGLE_FENCE_GATE]" time="0"/>
  <testcase classname="org.bukkit.PerMaterialTest" name="maxDurability[406: JUNGLE_FENCE_GATE]" time="0"/>
  <testcase classname="org.bukkit.PerMaterialTest" name="usesDurability[406: JUNGLE_FENCE_GATE]" time="0"/>
  <testcase classname="org.bukkit.PerMaterialTest" name="isOccluding[406: JUNGLE_FENCE_GATE]" time="0"/>
  <testcase classname="org.bukkit.PerMaterialTest" name="isRecord[406: JUNGLE_FENCE_GATE]" time="0"/>
  <testcase classname="org.bukkit.PerMaterialTest" name="isFlammable[406: JUNGLE_FENCE_GATE]" time="0"/>
  <testcase classname="org.bukkit.PerMaterialTest" name="testDurability[406: JUNGLE_FENCE_GATE]" time="0.001"/>
  <testcase classname="org.bukkit.PerMaterialTest" name="testBlockHardness[406: JUNGLE_FENCE_GATE]" time="0"/>
  <testcase classname="org.bukkit.PerMaterialTest" name="maxStackSize[406: JUNGLE_FENCE_GATE]" time="0"/>
  <testcase classname="org.bukkit.PerMaterialTest" name="isTransparent[406: JUNGLE_FENCE_GATE]" time="0"/>
  <testcase classname="org.bukkit.PerMaterialTest" name="testBlockDataCreation[406: JUNGLE_FENCE_GATE]" time="0"/>
  <testcase classname="org.bukkit.PerMaterialTest" name="isBlock[406: JUNGLE_FENCE_GATE]" time="0"/>
  <testcase classname="org.bukkit.PerMaterialTest" name="isSolid[406: JUNGLE_FENCE_GATE]" time="0"/>
  <testcase classname="org.bukkit.PerMaterialTest" name="hasGravity[407: JUNGLE_LEAVES]" time="0"/>
  <testcase classname="org.bukkit.PerMaterialTest" name="isBurnable[407: JUNGLE_LEAVES]" time="0"/>
  <testcase classname="org.bukkit.PerMaterialTest" name="testInteractable[407: JUNGLE_LEAVES]" time="0"/>
  <testcase classname="org.bukkit.PerMaterialTest" name="testBlock[407: JUNGLE_LEAVES]" time="0"/>
  <testcase classname="org.bukkit.PerMaterialTest" name="isFuel[407: JUNGLE_LEAVES]" time="0"/>
  <testcase classname="org.bukkit.PerMaterialTest" name="testItem[407: JUNGLE_LEAVES]" time="0"/>
  <testcase classname="org.bukkit.PerMaterialTest" name="testBlastResistance[407: JUNGLE_LEAVES]" time="0"/>
  <testcase classname="org.bukkit.PerMaterialTest" name="isEdible[407: JUNGLE_LEAVES]" time="0"/>
  <testcase classname="org.bukkit.PerMaterialTest" name="maxDurability[407: JUNGLE_LEAVES]" time="0"/>
  <testcase classname="org.bukkit.PerMaterialTest" name="usesDurability[407: JUNGLE_LEAVES]" time="0"/>
  <testcase classname="org.bukkit.PerMaterialTest" name="isOccluding[407: JUNGLE_LEAVES]" time="0"/>
  <testcase classname="org.bukkit.PerMaterialTest" name="isRecord[407: JUNGLE_LEAVES]" time="0"/>
  <testcase classname="org.bukkit.PerMaterialTest" name="isFlammable[407: JUNGLE_LEAVES]" time="0"/>
  <testcase classname="org.bukkit.PerMaterialTest" name="testDurability[407: JUNGLE_LEAVES]" time="0"/>
  <testcase classname="org.bukkit.PerMaterialTest" name="testBlockHardness[407: JUNGLE_LEAVES]" time="0.001"/>
  <testcase classname="org.bukkit.PerMaterialTest" name="maxStackSize[407: JUNGLE_LEAVES]" time="0"/>
  <testcase classname="org.bukkit.PerMaterialTest" name="isTransparent[407: JUNGLE_LEAVES]" time="0"/>
  <testcase classname="org.bukkit.PerMaterialTest" name="testBlockDataCreation[407: JUNGLE_LEAVES]" time="0"/>
  <testcase classname="org.bukkit.PerMaterialTest" name="isBlock[407: JUNGLE_LEAVES]" time="0"/>
  <testcase classname="org.bukkit.PerMaterialTest" name="isSolid[407: JUNGLE_LEAVES]" time="0"/>
  <testcase classname="org.bukkit.PerMaterialTest" name="hasGravity[408: JUNGLE_LOG]" time="0"/>
  <testcase classname="org.bukkit.PerMaterialTest" name="isBurnable[408: JUNGLE_LOG]" time="0"/>
  <testcase classname="org.bukkit.PerMaterialTest" name="testInteractable[408: JUNGLE_LOG]" time="0"/>
  <testcase classname="org.bukkit.PerMaterialTest" name="testBlock[408: JUNGLE_LOG]" time="0"/>
  <testcase classname="org.bukkit.PerMaterialTest" name="isFuel[408: JUNGLE_LOG]" time="0"/>
  <testcase classname="org.bukkit.PerMaterialTest" name="testItem[408: JUNGLE_LOG]" time="0.001"/>
  <testcase classname="org.bukkit.PerMaterialTest" name="testBlastResistance[408: JUNGLE_LOG]" time="0"/>
  <testcase classname="org.bukkit.PerMaterialTest" name="isEdible[408: JUNGLE_LOG]" time="0"/>
  <testcase classname="org.bukkit.PerMaterialTest" name="maxDurability[408: JUNGLE_LOG]" time="0"/>
  <testcase classname="org.bukkit.PerMaterialTest" name="usesDurability[408: JUNGLE_LOG]" time="0"/>
  <testcase classname="org.bukkit.PerMaterialTest" name="isOccluding[408: JUNGLE_LOG]" time="0"/>
  <testcase classname="org.bukkit.PerMaterialTest" name="isRecord[408: JUNGLE_LOG]" time="0"/>
  <testcase classname="org.bukkit.PerMaterialTest" name="isFlammable[408: JUNGLE_LOG]" time="0"/>
  <testcase classname="org.bukkit.PerMaterialTest" name="testDurability[408: JUNGLE_LOG]" time="0"/>
  <testcase classname="org.bukkit.PerMaterialTest" name="testBlockHardness[408: JUNGLE_LOG]" time="0"/>
  <testcase classname="org.bukkit.PerMaterialTest" name="maxStackSize[408: JUNGLE_LOG]" time="0"/>
  <testcase classname="org.bukkit.PerMaterialTest" name="isTransparent[408: JUNGLE_LOG]" time="0"/>
  <testcase classname="org.bukkit.PerMaterialTest" name="testBlockDataCreation[408: JUNGLE_LOG]" time="0"/>
  <testcase classname="org.bukkit.PerMaterialTest" name="isBlock[408: JUNGLE_LOG]" time="0"/>
  <testcase classname="org.bukkit.PerMaterialTest" name="isSolid[408: JUNGLE_LOG]" time="0"/>
  <testcase classname="org.bukkit.PerMaterialTest" name="hasGravity[409: JUNGLE_PLANKS]" time="0"/>
  <testcase classname="org.bukkit.PerMaterialTest" name="isBurnable[409: JUNGLE_PLANKS]" time="0"/>
  <testcase classname="org.bukkit.PerMaterialTest" name="testInteractable[409: JUNGLE_PLANKS]" time="0"/>
  <testcase classname="org.bukkit.PerMaterialTest" name="testBlock[409: JUNGLE_PLANKS]" time="0"/>
  <testcase classname="org.bukkit.PerMaterialTest" name="isFuel[409: JUNGLE_PLANKS]" time="0"/>
  <testcase classname="org.bukkit.PerMaterialTest" name="testItem[409: JUNGLE_PLANKS]" time="0"/>
  <testcase classname="org.bukkit.PerMaterialTest" name="testBlastResistance[409: JUNGLE_PLANKS]" time="0"/>
  <testcase classname="org.bukkit.PerMaterialTest" name="isEdible[409: JUNGLE_PLANKS]" time="0"/>
  <testcase classname="org.bukkit.PerMaterialTest" name="maxDurability[409: JUNGLE_PLANKS]" time="0"/>
  <testcase classname="org.bukkit.PerMaterialTest" name="usesDurability[409: JUNGLE_PLANKS]" time="0"/>
  <testcase classname="org.bukkit.PerMaterialTest" name="isOccluding[409: JUNGLE_PLANKS]" time="0"/>
  <testcase classname="org.bukkit.PerMaterialTest" name="isRecord[409: JUNGLE_PLANKS]" time="0"/>
  <testcase classname="org.bukkit.PerMaterialTest" name="isFlammable[409: JUNGLE_PLANKS]" time="0"/>
  <testcase classname="org.bukkit.PerMaterialTest" name="testDurability[409: JUNGLE_PLANKS]" time="0"/>
  <testcase classname="org.bukkit.PerMaterialTest" name="testBlockHardness[409: JUNGLE_PLANKS]" time="0.001"/>
  <testcase classname="org.bukkit.PerMaterialTest" name="maxStackSize[409: JUNGLE_PLANKS]" time="0"/>
  <testcase classname="org.bukkit.PerMaterialTest" name="isTransparent[409: JUNGLE_PLANKS]" time="0"/>
  <testcase classname="org.bukkit.PerMaterialTest" name="testBlockDataCreation[409: JUNGLE_PLANKS]" time="0"/>
  <testcase classname="org.bukkit.PerMaterialTest" name="isBlock[409: JUNGLE_PLANKS]" time="0"/>
  <testcase classname="org.bukkit.PerMaterialTest" name="isSolid[409: JUNGLE_PLANKS]" time="0"/>
  <testcase classname="org.bukkit.PerMaterialTest" name="hasGravity[410: JUNGLE_PRESSURE_PLATE]" time="0"/>
  <testcase classname="org.bukkit.PerMaterialTest" name="isBurnable[410: JUNGLE_PRESSURE_PLATE]" time="0"/>
  <testcase classname="org.bukkit.PerMaterialTest" name="testInteractable[410: JUNGLE_PRESSURE_PLATE]" time="0"/>
  <testcase classname="org.bukkit.PerMaterialTest" name="testBlock[410: JUNGLE_PRESSURE_PLATE]" time="0"/>
  <testcase classname="org.bukkit.PerMaterialTest" name="isFuel[410: JUNGLE_PRESSURE_PLATE]" time="0.001"/>
  <testcase classname="org.bukkit.PerMaterialTest" name="testItem[410: JUNGLE_PRESSURE_PLATE]" time="0"/>
  <testcase classname="org.bukkit.PerMaterialTest" name="testBlastResistance[410: JUNGLE_PRESSURE_PLATE]" time="0"/>
  <testcase classname="org.bukkit.PerMaterialTest" name="isEdible[410: JUNGLE_PRESSURE_PLATE]" time="0"/>
  <testcase classname="org.bukkit.PerMaterialTest" name="maxDurability[410: JUNGLE_PRESSURE_PLATE]" time="0"/>
  <testcase classname="org.bukkit.PerMaterialTest" name="usesDurability[410: JUNGLE_PRESSURE_PLATE]" time="0"/>
  <testcase classname="org.bukkit.PerMaterialTest" name="isOccluding[410: JUNGLE_PRESSURE_PLATE]" time="0"/>
  <testcase classname="org.bukkit.PerMaterialTest" name="isRecord[410: JUNGLE_PRESSURE_PLATE]" time="0"/>
  <testcase classname="org.bukkit.PerMaterialTest" name="isFlammable[410: JUNGLE_PRESSURE_PLATE]" time="0"/>
  <testcase classname="org.bukkit.PerMaterialTest" name="testDurability[410: JUNGLE_PRESSURE_PLATE]" time="0"/>
  <testcase classname="org.bukkit.PerMaterialTest" name="testBlockHardness[410: JUNGLE_PRESSURE_PLATE]" time="0"/>
  <testcase classname="org.bukkit.PerMaterialTest" name="maxStackSize[410: JUNGLE_PRESSURE_PLATE]" time="0"/>
  <testcase classname="org.bukkit.PerMaterialTest" name="isTransparent[410: JUNGLE_PRESSURE_PLATE]" time="0"/>
  <testcase classname="org.bukkit.PerMaterialTest" name="testBlockDataCreation[410: JUNGLE_PRESSURE_PLATE]" time="0"/>
  <testcase classname="org.bukkit.PerMaterialTest" name="isBlock[410: JUNGLE_PRESSURE_PLATE]" time="0"/>
  <testcase classname="org.bukkit.PerMaterialTest" name="isSolid[410: JUNGLE_PRESSURE_PLATE]" time="0"/>
  <testcase classname="org.bukkit.PerMaterialTest" name="hasGravity[411: JUNGLE_SAPLING]" time="0"/>
  <testcase classname="org.bukkit.PerMaterialTest" name="isBurnable[411: JUNGLE_SAPLING]" time="0"/>
  <testcase classname="org.bukkit.PerMaterialTest" name="testInteractable[411: JUNGLE_SAPLING]" time="0"/>
  <testcase classname="org.bukkit.PerMaterialTest" name="testBlock[411: JUNGLE_SAPLING]" time="0"/>
  <testcase classname="org.bukkit.PerMaterialTest" name="isFuel[411: JUNGLE_SAPLING]" time="0"/>
  <testcase classname="org.bukkit.PerMaterialTest" name="testItem[411: JUNGLE_SAPLING]" time="0"/>
  <testcase classname="org.bukkit.PerMaterialTest" name="testBlastResistance[411: JUNGLE_SAPLING]" time="0"/>
  <testcase classname="org.bukkit.PerMaterialTest" name="isEdible[411: JUNGLE_SAPLING]" time="0"/>
  <testcase classname="org.bukkit.PerMaterialTest" name="maxDurability[411: JUNGLE_SAPLING]" time="0"/>
  <testcase classname="org.bukkit.PerMaterialTest" name="usesDurability[411: JUNGLE_SAPLING]" time="0"/>
  <testcase classname="org.bukkit.PerMaterialTest" name="isOccluding[411: JUNGLE_SAPLING]" time="0"/>
  <testcase classname="org.bukkit.PerMaterialTest" name="isRecord[411: JUNGLE_SAPLING]" time="0"/>
  <testcase classname="org.bukkit.PerMaterialTest" name="isFlammable[411: JUNGLE_SAPLING]" time="0"/>
  <testcase classname="org.bukkit.PerMaterialTest" name="testDurability[411: JUNGLE_SAPLING]" time="0"/>
  <testcase classname="org.bukkit.PerMaterialTest" name="testBlockHardness[411: JUNGLE_SAPLING]" time="0"/>
  <testcase classname="org.bukkit.PerMaterialTest" name="maxStackSize[411: JUNGLE_SAPLING]" time="0"/>
  <testcase classname="org.bukkit.PerMaterialTest" name="isTransparent[411: JUNGLE_SAPLING]" time="0"/>
  <testcase classname="org.bukkit.PerMaterialTest" name="testBlockDataCreation[411: JUNGLE_SAPLING]" time="0"/>
  <testcase classname="org.bukkit.PerMaterialTest" name="isBlock[411: JUNGLE_SAPLING]" time="0"/>
  <testcase classname="org.bukkit.PerMaterialTest" name="isSolid[411: JUNGLE_SAPLING]" time="0.001"/>
  <testcase classname="org.bukkit.PerMaterialTest" name="hasGravity[412: JUNGLE_SLAB]" time="0"/>
  <testcase classname="org.bukkit.PerMaterialTest" name="isBurnable[412: JUNGLE_SLAB]" time="0"/>
  <testcase classname="org.bukkit.PerMaterialTest" name="testInteractable[412: JUNGLE_SLAB]" time="0"/>
  <testcase classname="org.bukkit.PerMaterialTest" name="testBlock[412: JUNGLE_SLAB]" time="0"/>
  <testcase classname="org.bukkit.PerMaterialTest" name="isFuel[412: JUNGLE_SLAB]" time="0"/>
  <testcase classname="org.bukkit.PerMaterialTest" name="testItem[412: JUNGLE_SLAB]" time="0"/>
  <testcase classname="org.bukkit.PerMaterialTest" name="testBlastResistance[412: JUNGLE_SLAB]" time="0"/>
  <testcase classname="org.bukkit.PerMaterialTest" name="isEdible[412: JUNGLE_SLAB]" time="0"/>
  <testcase classname="org.bukkit.PerMaterialTest" name="maxDurability[412: JUNGLE_SLAB]" time="0"/>
  <testcase classname="org.bukkit.PerMaterialTest" name="usesDurability[412: JUNGLE_SLAB]" time="0"/>
  <testcase classname="org.bukkit.PerMaterialTest" name="isOccluding[412: JUNGLE_SLAB]" time="0"/>
  <testcase classname="org.bukkit.PerMaterialTest" name="isRecord[412: JUNGLE_SLAB]" time="0"/>
  <testcase classname="org.bukkit.PerMaterialTest" name="isFlammable[412: JUNGLE_SLAB]" time="0"/>
  <testcase classname="org.bukkit.PerMaterialTest" name="testDurability[412: JUNGLE_SLAB]" time="0"/>
  <testcase classname="org.bukkit.PerMaterialTest" name="testBlockHardness[412: JUNGLE_SLAB]" time="0"/>
  <testcase classname="org.bukkit.PerMaterialTest" name="maxStackSize[412: JUNGLE_SLAB]" time="0"/>
  <testcase classname="org.bukkit.PerMaterialTest" name="isTransparent[412: JUNGLE_SLAB]" time="0"/>
  <testcase classname="org.bukkit.PerMaterialTest" name="testBlockDataCreation[412: JUNGLE_SLAB]" time="0"/>
  <testcase classname="org.bukkit.PerMaterialTest" name="isBlock[412: JUNGLE_SLAB]" time="0"/>
  <testcase classname="org.bukkit.PerMaterialTest" name="isSolid[412: JUNGLE_SLAB]" time="0"/>
  <testcase classname="org.bukkit.PerMaterialTest" name="hasGravity[413: JUNGLE_STAIRS]" time="0"/>
  <testcase classname="org.bukkit.PerMaterialTest" name="isBurnable[413: JUNGLE_STAIRS]" time="0"/>
  <testcase classname="org.bukkit.PerMaterialTest" name="testInteractable[413: JUNGLE_STAIRS]" time="0"/>
  <testcase classname="org.bukkit.PerMaterialTest" name="testBlock[413: JUNGLE_STAIRS]" time="0"/>
  <testcase classname="org.bukkit.PerMaterialTest" name="isFuel[413: JUNGLE_STAIRS]" time="0"/>
  <testcase classname="org.bukkit.PerMaterialTest" name="testItem[413: JUNGLE_STAIRS]" time="0"/>
  <testcase classname="org.bukkit.PerMaterialTest" name="testBlastResistance[413: JUNGLE_STAIRS]" time="0"/>
  <testcase classname="org.bukkit.PerMaterialTest" name="isEdible[413: JUNGLE_STAIRS]" time="0"/>
  <testcase classname="org.bukkit.PerMaterialTest" name="maxDurability[413: JUNGLE_STAIRS]" time="0"/>
  <testcase classname="org.bukkit.PerMaterialTest" name="usesDurability[413: JUNGLE_STAIRS]" time="0"/>
  <testcase classname="org.bukkit.PerMaterialTest" name="isOccluding[413: JUNGLE_STAIRS]" time="0.001"/>
  <testcase classname="org.bukkit.PerMaterialTest" name="isRecord[413: JUNGLE_STAIRS]" time="0"/>
  <testcase classname="org.bukkit.PerMaterialTest" name="isFlammable[413: JUNGLE_STAIRS]" time="0"/>
  <testcase classname="org.bukkit.PerMaterialTest" name="testDurability[413: JUNGLE_STAIRS]" time="0"/>
  <testcase classname="org.bukkit.PerMaterialTest" name="testBlockHardness[413: JUNGLE_STAIRS]" time="0"/>
  <testcase classname="org.bukkit.PerMaterialTest" name="maxStackSize[413: JUNGLE_STAIRS]" time="0"/>
  <testcase classname="org.bukkit.PerMaterialTest" name="isTransparent[413: JUNGLE_STAIRS]" time="0"/>
  <testcase classname="org.bukkit.PerMaterialTest" name="testBlockDataCreation[413: JUNGLE_STAIRS]" time="0"/>
  <testcase classname="org.bukkit.PerMaterialTest" name="isBlock[413: JUNGLE_STAIRS]" time="0"/>
  <testcase classname="org.bukkit.PerMaterialTest" name="isSolid[413: JUNGLE_STAIRS]" time="0"/>
  <testcase classname="org.bukkit.PerMaterialTest" name="hasGravity[414: JUNGLE_TRAPDOOR]" time="0"/>
  <testcase classname="org.bukkit.PerMaterialTest" name="isBurnable[414: JUNGLE_TRAPDOOR]" time="0"/>
  <testcase classname="org.bukkit.PerMaterialTest" name="testInteractable[414: JUNGLE_TRAPDOOR]" time="0"/>
  <testcase classname="org.bukkit.PerMaterialTest" name="testBlock[414: JUNGLE_TRAPDOOR]" time="0"/>
  <testcase classname="org.bukkit.PerMaterialTest" name="isFuel[414: JUNGLE_TRAPDOOR]" time="0"/>
  <testcase classname="org.bukkit.PerMaterialTest" name="testItem[414: JUNGLE_TRAPDOOR]" time="0"/>
  <testcase classname="org.bukkit.PerMaterialTest" name="testBlastResistance[414: JUNGLE_TRAPDOOR]" time="0"/>
  <testcase classname="org.bukkit.PerMaterialTest" name="isEdible[414: JUNGLE_TRAPDOOR]" time="0"/>
  <testcase classname="org.bukkit.PerMaterialTest" name="maxDurability[414: JUNGLE_TRAPDOOR]" time="0"/>
  <testcase classname="org.bukkit.PerMaterialTest" name="usesDurability[414: JUNGLE_TRAPDOOR]" time="0"/>
  <testcase classname="org.bukkit.PerMaterialTest" name="isOccluding[414: JUNGLE_TRAPDOOR]" time="0"/>
  <testcase classname="org.bukkit.PerMaterialTest" name="isRecord[414: JUNGLE_TRAPDOOR]" time="0"/>
  <testcase classname="org.bukkit.PerMaterialTest" name="isFlammable[414: JUNGLE_TRAPDOOR]" time="0"/>
  <testcase classname="org.bukkit.PerMaterialTest" name="testDurability[414: JUNGLE_TRAPDOOR]" time="0"/>
  <testcase classname="org.bukkit.PerMaterialTest" name="testBlockHardness[414: JUNGLE_TRAPDOOR]" time="0"/>
  <testcase classname="org.bukkit.PerMaterialTest" name="maxStackSize[414: JUNGLE_TRAPDOOR]" time="0"/>
  <testcase classname="org.bukkit.PerMaterialTest" name="isTransparent[414: JUNGLE_TRAPDOOR]" time="0"/>
  <testcase classname="org.bukkit.PerMaterialTest" name="testBlockDataCreation[414: JUNGLE_TRAPDOOR]" time="0"/>
  <testcase classname="org.bukkit.PerMaterialTest" name="isBlock[414: JUNGLE_TRAPDOOR]" time="0"/>
  <testcase classname="org.bukkit.PerMaterialTest" name="isSolid[414: JUNGLE_TRAPDOOR]" time="0"/>
  <testcase classname="org.bukkit.PerMaterialTest" name="hasGravity[415: JUNGLE_WOOD]" time="0.001"/>
  <testcase classname="org.bukkit.PerMaterialTest" name="isBurnable[415: JUNGLE_WOOD]" time="0"/>
  <testcase classname="org.bukkit.PerMaterialTest" name="testInteractable[415: JUNGLE_WOOD]" time="0"/>
  <testcase classname="org.bukkit.PerMaterialTest" name="testBlock[415: JUNGLE_WOOD]" time="0"/>
  <testcase classname="org.bukkit.PerMaterialTest" name="isFuel[415: JUNGLE_WOOD]" time="0"/>
  <testcase classname="org.bukkit.PerMaterialTest" name="testItem[415: JUNGLE_WOOD]" time="0"/>
  <testcase classname="org.bukkit.PerMaterialTest" name="testBlastResistance[415: JUNGLE_WOOD]" time="0"/>
  <testcase classname="org.bukkit.PerMaterialTest" name="isEdible[415: JUNGLE_WOOD]" time="0"/>
  <testcase classname="org.bukkit.PerMaterialTest" name="maxDurability[415: JUNGLE_WOOD]" time="0"/>
  <testcase classname="org.bukkit.PerMaterialTest" name="usesDurability[415: JUNGLE_WOOD]" time="0"/>
  <testcase classname="org.bukkit.PerMaterialTest" name="isOccluding[415: JUNGLE_WOOD]" time="0"/>
  <testcase classname="org.bukkit.PerMaterialTest" name="isRecord[415: JUNGLE_WOOD]" time="0.001"/>
  <testcase classname="org.bukkit.PerMaterialTest" name="isFlammable[415: JUNGLE_WOOD]" time="0"/>
  <testcase classname="org.bukkit.PerMaterialTest" name="testDurability[415: JUNGLE_WOOD]" time="0"/>
  <testcase classname="org.bukkit.PerMaterialTest" name="testBlockHardness[415: JUNGLE_WOOD]" time="0"/>
  <testcase classname="org.bukkit.PerMaterialTest" name="maxStackSize[415: JUNGLE_WOOD]" time="0"/>
  <testcase classname="org.bukkit.PerMaterialTest" name="isTransparent[415: JUNGLE_WOOD]" time="0"/>
  <testcase classname="org.bukkit.PerMaterialTest" name="testBlockDataCreation[415: JUNGLE_WOOD]" time="0"/>
  <testcase classname="org.bukkit.PerMaterialTest" name="isBlock[415: JUNGLE_WOOD]" time="0"/>
  <testcase classname="org.bukkit.PerMaterialTest" name="isSolid[415: JUNGLE_WOOD]" time="0"/>
  <testcase classname="org.bukkit.PerMaterialTest" name="hasGravity[416: KELP]" time="0"/>
  <testcase classname="org.bukkit.PerMaterialTest" name="isBurnable[416: KELP]" time="0"/>
  <testcase classname="org.bukkit.PerMaterialTest" name="testInteractable[416: KELP]" time="0.001"/>
  <testcase classname="org.bukkit.PerMaterialTest" name="testBlock[416: KELP]" time="0"/>
  <testcase classname="org.bukkit.PerMaterialTest" name="isFuel[416: KELP]" time="0"/>
  <testcase classname="org.bukkit.PerMaterialTest" name="testItem[416: KELP]" time="0"/>
  <testcase classname="org.bukkit.PerMaterialTest" name="testBlastResistance[416: KELP]" time="0"/>
  <testcase classname="org.bukkit.PerMaterialTest" name="isEdible[416: KELP]" time="0"/>
  <testcase classname="org.bukkit.PerMaterialTest" name="maxDurability[416: KELP]" time="0"/>
  <testcase classname="org.bukkit.PerMaterialTest" name="usesDurability[416: KELP]" time="0"/>
  <testcase classname="org.bukkit.PerMaterialTest" name="isOccluding[416: KELP]" time="0"/>
  <testcase classname="org.bukkit.PerMaterialTest" name="isRecord[416: KELP]" time="0"/>
  <testcase classname="org.bukkit.PerMaterialTest" name="isFlammable[416: KELP]" time="0.001"/>
  <testcase classname="org.bukkit.PerMaterialTest" name="testDurability[416: KELP]" time="0"/>
  <testcase classname="org.bukkit.PerMaterialTest" name="testBlockHardness[416: KELP]" time="0"/>
  <testcase classname="org.bukkit.PerMaterialTest" name="maxStackSize[416: KELP]" time="0"/>
  <testcase classname="org.bukkit.PerMaterialTest" name="isTransparent[416: KELP]" time="0"/>
  <testcase classname="org.bukkit.PerMaterialTest" name="testBlockDataCreation[416: KELP]" time="0"/>
  <testcase classname="org.bukkit.PerMaterialTest" name="isBlock[416: KELP]" time="0"/>
  <testcase classname="org.bukkit.PerMaterialTest" name="isSolid[416: KELP]" time="0"/>
  <testcase classname="org.bukkit.PerMaterialTest" name="hasGravity[417: KELP_PLANT]" time="0"/>
  <testcase classname="org.bukkit.PerMaterialTest" name="isBurnable[417: KELP_PLANT]" time="0"/>
  <testcase classname="org.bukkit.PerMaterialTest" name="testInteractable[417: KELP_PLANT]" time="0"/>
  <testcase classname="org.bukkit.PerMaterialTest" name="testBlock[417: KELP_PLANT]" time="0.001"/>
  <testcase classname="org.bukkit.PerMaterialTest" name="isFuel[417: KELP_PLANT]" time="0"/>
  <testcase classname="org.bukkit.PerMaterialTest" name="testItem[417: KELP_PLANT]" time="0"/>
  <testcase classname="org.bukkit.PerMaterialTest" name="testBlastResistance[417: KELP_PLANT]" time="0"/>
  <testcase classname="org.bukkit.PerMaterialTest" name="isEdible[417: KELP_PLANT]" time="0"/>
  <testcase classname="org.bukkit.PerMaterialTest" name="maxDurability[417: KELP_PLANT]" time="0"/>
  <testcase classname="org.bukkit.PerMaterialTest" name="usesDurability[417: KELP_PLANT]" time="0"/>
  <testcase classname="org.bukkit.PerMaterialTest" name="isOccluding[417: KELP_PLANT]" time="0"/>
  <testcase classname="org.bukkit.PerMaterialTest" name="isRecord[417: KELP_PLANT]" time="0"/>
  <testcase classname="org.bukkit.PerMaterialTest" name="isFlammable[417: KELP_PLANT]" time="0"/>
  <testcase classname="org.bukkit.PerMaterialTest" name="testDurability[417: KELP_PLANT]" time="0"/>
  <testcase classname="org.bukkit.PerMaterialTest" name="testBlockHardness[417: KELP_PLANT]" time="0"/>
  <testcase classname="org.bukkit.PerMaterialTest" name="maxStackSize[417: KELP_PLANT]" time="0"/>
  <testcase classname="org.bukkit.PerMaterialTest" name="isTransparent[417: KELP_PLANT]" time="0"/>
  <testcase classname="org.bukkit.PerMaterialTest" name="testBlockDataCreation[417: KELP_PLANT]" time="0"/>
  <testcase classname="org.bukkit.PerMaterialTest" name="isBlock[417: KELP_PLANT]" time="0"/>
  <testcase classname="org.bukkit.PerMaterialTest" name="isSolid[417: KELP_PLANT]" time="0"/>
  <testcase classname="org.bukkit.PerMaterialTest" name="hasGravity[418: KNOWLEDGE_BOOK]" time="0"/>
  <testcase classname="org.bukkit.PerMaterialTest" name="isBurnable[418: KNOWLEDGE_BOOK]" time="0"/>
  <testcase classname="org.bukkit.PerMaterialTest" name="testInteractable[418: KNOWLEDGE_BOOK]" time="0"/>
  <testcase classname="org.bukkit.PerMaterialTest" name="testBlock[418: KNOWLEDGE_BOOK]" time="0"/>
  <testcase classname="org.bukkit.PerMaterialTest" name="isFuel[418: KNOWLEDGE_BOOK]" time="0.001"/>
  <testcase classname="org.bukkit.PerMaterialTest" name="testItem[418: KNOWLEDGE_BOOK]" time="0"/>
  <testcase classname="org.bukkit.PerMaterialTest" name="testBlastResistance[418: KNOWLEDGE_BOOK]" time="0"/>
  <testcase classname="org.bukkit.PerMaterialTest" name="isEdible[418: KNOWLEDGE_BOOK]" time="0"/>
  <testcase classname="org.bukkit.PerMaterialTest" name="maxDurability[418: KNOWLEDGE_BOOK]" time="0"/>
  <testcase classname="org.bukkit.PerMaterialTest" name="usesDurability[418: KNOWLEDGE_BOOK]" time="0"/>
  <testcase classname="org.bukkit.PerMaterialTest" name="isOccluding[418: KNOWLEDGE_BOOK]" time="0"/>
  <testcase classname="org.bukkit.PerMaterialTest" name="isRecord[418: KNOWLEDGE_BOOK]" time="0"/>
  <testcase classname="org.bukkit.PerMaterialTest" name="isFlammable[418: KNOWLEDGE_BOOK]" time="0"/>
  <testcase classname="org.bukkit.PerMaterialTest" name="testDurability[418: KNOWLEDGE_BOOK]" time="0"/>
  <testcase classname="org.bukkit.PerMaterialTest" name="testBlockHardness[418: KNOWLEDGE_BOOK]" time="0"/>
  <testcase classname="org.bukkit.PerMaterialTest" name="maxStackSize[418: KNOWLEDGE_BOOK]" time="0"/>
  <testcase classname="org.bukkit.PerMaterialTest" name="isTransparent[418: KNOWLEDGE_BOOK]" time="0"/>
  <testcase classname="org.bukkit.PerMaterialTest" name="testBlockDataCreation[418: KNOWLEDGE_BOOK]" time="0"/>
  <testcase classname="org.bukkit.PerMaterialTest" name="isBlock[418: KNOWLEDGE_BOOK]" time="0"/>
  <testcase classname="org.bukkit.PerMaterialTest" name="isSolid[418: KNOWLEDGE_BOOK]" time="0"/>
  <testcase classname="org.bukkit.PerMaterialTest" name="hasGravity[419: LADDER]" time="0"/>
  <testcase classname="org.bukkit.PerMaterialTest" name="isBurnable[419: LADDER]" time="0"/>
  <testcase classname="org.bukkit.PerMaterialTest" name="testInteractable[419: LADDER]" time="0"/>
  <testcase classname="org.bukkit.PerMaterialTest" name="testBlock[419: LADDER]" time="0"/>
  <testcase classname="org.bukkit.PerMaterialTest" name="isFuel[419: LADDER]" time="0"/>
  <testcase classname="org.bukkit.PerMaterialTest" name="testItem[419: LADDER]" time="0"/>
  <testcase classname="org.bukkit.PerMaterialTest" name="testBlastResistance[419: LADDER]" time="0"/>
  <testcase classname="org.bukkit.PerMaterialTest" name="isEdible[419: LADDER]" time="0"/>
  <testcase classname="org.bukkit.PerMaterialTest" name="maxDurability[419: LADDER]" time="0"/>
  <testcase classname="org.bukkit.PerMaterialTest" name="usesDurability[419: LADDER]" time="0"/>
  <testcase classname="org.bukkit.PerMaterialTest" name="isOccluding[419: LADDER]" time="0"/>
  <testcase classname="org.bukkit.PerMaterialTest" name="isRecord[419: LADDER]" time="0"/>
  <testcase classname="org.bukkit.PerMaterialTest" name="isFlammable[419: LADDER]" time="0"/>
  <testcase classname="org.bukkit.PerMaterialTest" name="testDurability[419: LADDER]" time="0"/>
  <testcase classname="org.bukkit.PerMaterialTest" name="testBlockHardness[419: LADDER]" time="0"/>
  <testcase classname="org.bukkit.PerMaterialTest" name="maxStackSize[419: LADDER]" time="0"/>
  <testcase classname="org.bukkit.PerMaterialTest" name="isTransparent[419: LADDER]" time="0"/>
  <testcase classname="org.bukkit.PerMaterialTest" name="testBlockDataCreation[419: LADDER]" time="0"/>
  <testcase classname="org.bukkit.PerMaterialTest" name="isBlock[419: LADDER]" time="0"/>
  <testcase classname="org.bukkit.PerMaterialTest" name="isSolid[419: LADDER]" time="0"/>
  <testcase classname="org.bukkit.PerMaterialTest" name="hasGravity[420: LAPIS_BLOCK]" time="0"/>
  <testcase classname="org.bukkit.PerMaterialTest" name="isBurnable[420: LAPIS_BLOCK]" time="0"/>
  <testcase classname="org.bukkit.PerMaterialTest" name="testInteractable[420: LAPIS_BLOCK]" time="0"/>
  <testcase classname="org.bukkit.PerMaterialTest" name="testBlock[420: LAPIS_BLOCK]" time="0.161"/>
  <testcase classname="org.bukkit.PerMaterialTest" name="isFuel[420: LAPIS_BLOCK]" time="0"/>
  <testcase classname="org.bukkit.PerMaterialTest" name="testItem[420: LAPIS_BLOCK]" time="0"/>
  <testcase classname="org.bukkit.PerMaterialTest" name="testBlastResistance[420: LAPIS_BLOCK]" time="0"/>
  <testcase classname="org.bukkit.PerMaterialTest" name="isEdible[420: LAPIS_BLOCK]" time="0"/>
  <testcase classname="org.bukkit.PerMaterialTest" name="maxDurability[420: LAPIS_BLOCK]" time="0.001"/>
  <testcase classname="org.bukkit.PerMaterialTest" name="usesDurability[420: LAPIS_BLOCK]" time="0"/>
  <testcase classname="org.bukkit.PerMaterialTest" name="isOccluding[420: LAPIS_BLOCK]" time="0"/>
  <testcase classname="org.bukkit.PerMaterialTest" name="isRecord[420: LAPIS_BLOCK]" time="0"/>
  <testcase classname="org.bukkit.PerMaterialTest" name="isFlammable[420: LAPIS_BLOCK]" time="0"/>
  <testcase classname="org.bukkit.PerMaterialTest" name="testDurability[420: LAPIS_BLOCK]" time="0"/>
  <testcase classname="org.bukkit.PerMaterialTest" name="testBlockHardness[420: LAPIS_BLOCK]" time="0"/>
  <testcase classname="org.bukkit.PerMaterialTest" name="maxStackSize[420: LAPIS_BLOCK]" time="0"/>
  <testcase classname="org.bukkit.PerMaterialTest" name="isTransparent[420: LAPIS_BLOCK]" time="0"/>
  <testcase classname="org.bukkit.PerMaterialTest" name="testBlockDataCreation[420: LAPIS_BLOCK]" time="0.006"/>
  <testcase classname="org.bukkit.PerMaterialTest" name="isBlock[420: LAPIS_BLOCK]" time="0"/>
  <testcase classname="org.bukkit.PerMaterialTest" name="isSolid[420: LAPIS_BLOCK]" time="0"/>
  <testcase classname="org.bukkit.PerMaterialTest" name="hasGravity[421: LAPIS_LAZULI]" time="0"/>
  <testcase classname="org.bukkit.PerMaterialTest" name="isBurnable[421: LAPIS_LAZULI]" time="0"/>
  <testcase classname="org.bukkit.PerMaterialTest" name="testInteractable[421: LAPIS_LAZULI]" time="0"/>
  <testcase classname="org.bukkit.PerMaterialTest" name="testBlock[421: LAPIS_LAZULI]" time="0"/>
  <testcase classname="org.bukkit.PerMaterialTest" name="isFuel[421: LAPIS_LAZULI]" time="0"/>
  <testcase classname="org.bukkit.PerMaterialTest" name="testItem[421: LAPIS_LAZULI]" time="0"/>
  <testcase classname="org.bukkit.PerMaterialTest" name="testBlastResistance[421: LAPIS_LAZULI]" time="0.001"/>
  <testcase classname="org.bukkit.PerMaterialTest" name="isEdible[421: LAPIS_LAZULI]" time="0"/>
  <testcase classname="org.bukkit.PerMaterialTest" name="maxDurability[421: LAPIS_LAZULI]" time="0"/>
  <testcase classname="org.bukkit.PerMaterialTest" name="usesDurability[421: LAPIS_LAZULI]" time="0"/>
  <testcase classname="org.bukkit.PerMaterialTest" name="isOccluding[421: LAPIS_LAZULI]" time="0"/>
  <testcase classname="org.bukkit.PerMaterialTest" name="isRecord[421: LAPIS_LAZULI]" time="0"/>
  <testcase classname="org.bukkit.PerMaterialTest" name="isFlammable[421: LAPIS_LAZULI]" time="0"/>
  <testcase classname="org.bukkit.PerMaterialTest" name="testDurability[421: LAPIS_LAZULI]" time="0"/>
  <testcase classname="org.bukkit.PerMaterialTest" name="testBlockHardness[421: LAPIS_LAZULI]" time="0"/>
  <testcase classname="org.bukkit.PerMaterialTest" name="maxStackSize[421: LAPIS_LAZULI]" time="0"/>
  <testcase classname="org.bukkit.PerMaterialTest" name="isTransparent[421: LAPIS_LAZULI]" time="0"/>
  <testcase classname="org.bukkit.PerMaterialTest" name="testBlockDataCreation[421: LAPIS_LAZULI]" time="0"/>
  <testcase classname="org.bukkit.PerMaterialTest" name="isBlock[421: LAPIS_LAZULI]" time="0"/>
  <testcase classname="org.bukkit.PerMaterialTest" name="isSolid[421: LAPIS_LAZULI]" time="0"/>
  <testcase classname="org.bukkit.PerMaterialTest" name="hasGravity[422: LAPIS_ORE]" time="0"/>
  <testcase classname="org.bukkit.PerMaterialTest" name="isBurnable[422: LAPIS_ORE]" time="0"/>
  <testcase classname="org.bukkit.PerMaterialTest" name="testInteractable[422: LAPIS_ORE]" time="0"/>
  <testcase classname="org.bukkit.PerMaterialTest" name="testBlock[422: LAPIS_ORE]" time="0.001"/>
  <testcase classname="org.bukkit.PerMaterialTest" name="isFuel[422: LAPIS_ORE]" time="0"/>
  <testcase classname="org.bukkit.PerMaterialTest" name="testItem[422: LAPIS_ORE]" time="0"/>
  <testcase classname="org.bukkit.PerMaterialTest" name="testBlastResistance[422: LAPIS_ORE]" time="0.001"/>
  <testcase classname="org.bukkit.PerMaterialTest" name="isEdible[422: LAPIS_ORE]" time="0"/>
  <testcase classname="org.bukkit.PerMaterialTest" name="maxDurability[422: LAPIS_ORE]" time="0"/>
  <testcase classname="org.bukkit.PerMaterialTest" name="usesDurability[422: LAPIS_ORE]" time="0"/>
  <testcase classname="org.bukkit.PerMaterialTest" name="isOccluding[422: LAPIS_ORE]" time="0"/>
  <testcase classname="org.bukkit.PerMaterialTest" name="isRecord[422: LAPIS_ORE]" time="0"/>
  <testcase classname="org.bukkit.PerMaterialTest" name="isFlammable[422: LAPIS_ORE]" time="0"/>
  <testcase classname="org.bukkit.PerMaterialTest" name="testDurability[422: LAPIS_ORE]" time="0"/>
  <testcase classname="org.bukkit.PerMaterialTest" name="testBlockHardness[422: LAPIS_ORE]" time="0"/>
  <testcase classname="org.bukkit.PerMaterialTest" name="maxStackSize[422: LAPIS_ORE]" time="0"/>
  <testcase classname="org.bukkit.PerMaterialTest" name="isTransparent[422: LAPIS_ORE]" time="0.014"/>
  <testcase classname="org.bukkit.PerMaterialTest" name="testBlockDataCreation[422: LAPIS_ORE]" time="0"/>
  <testcase classname="org.bukkit.PerMaterialTest" name="isBlock[422: LAPIS_ORE]" time="0"/>
  <testcase classname="org.bukkit.PerMaterialTest" name="isSolid[422: LAPIS_ORE]" time="0"/>
  <testcase classname="org.bukkit.PerMaterialTest" name="hasGravity[423: LARGE_FERN]" time="0"/>
  <testcase classname="org.bukkit.PerMaterialTest" name="isBurnable[423: LARGE_FERN]" time="0"/>
  <testcase classname="org.bukkit.PerMaterialTest" name="testInteractable[423: LARGE_FERN]" time="0.002"/>
  <testcase classname="org.bukkit.PerMaterialTest" name="testBlock[423: LARGE_FERN]" time="0"/>
  <testcase classname="org.bukkit.PerMaterialTest" name="isFuel[423: LARGE_FERN]" time="0"/>
  <testcase classname="org.bukkit.PerMaterialTest" name="testItem[423: LARGE_FERN]" time="0"/>
  <testcase classname="org.bukkit.PerMaterialTest" name="testBlastResistance[423: LARGE_FERN]" time="0"/>
  <testcase classname="org.bukkit.PerMaterialTest" name="isEdible[423: LARGE_FERN]" time="0"/>
  <testcase classname="org.bukkit.PerMaterialTest" name="maxDurability[423: LARGE_FERN]" time="0"/>
  <testcase classname="org.bukkit.PerMaterialTest" name="usesDurability[423: LARGE_FERN]" time="0"/>
  <testcase classname="org.bukkit.PerMaterialTest" name="isOccluding[423: LARGE_FERN]" time="0"/>
  <testcase classname="org.bukkit.PerMaterialTest" name="isRecord[423: LARGE_FERN]" time="0"/>
  <testcase classname="org.bukkit.PerMaterialTest" name="isFlammable[423: LARGE_FERN]" time="0"/>
  <testcase classname="org.bukkit.PerMaterialTest" name="testDurability[423: LARGE_FERN]" time="0"/>
  <testcase classname="org.bukkit.PerMaterialTest" name="testBlockHardness[423: LARGE_FERN]" time="0"/>
  <testcase classname="org.bukkit.PerMaterialTest" name="maxStackSize[423: LARGE_FERN]" time="0.001"/>
  <testcase classname="org.bukkit.PerMaterialTest" name="isTransparent[423: LARGE_FERN]" time="0"/>
  <testcase classname="org.bukkit.PerMaterialTest" name="testBlockDataCreation[423: LARGE_FERN]" time="0"/>
  <testcase classname="org.bukkit.PerMaterialTest" name="isBlock[423: LARGE_FERN]" time="0"/>
  <testcase classname="org.bukkit.PerMaterialTest" name="isSolid[423: LARGE_FERN]" time="0"/>
  <testcase classname="org.bukkit.PerMaterialTest" name="hasGravity[424: LAVA]" time="0"/>
  <testcase classname="org.bukkit.PerMaterialTest" name="isBurnable[424: LAVA]" time="0"/>
  <testcase classname="org.bukkit.PerMaterialTest" name="testInteractable[424: LAVA]" time="0"/>
  <testcase classname="org.bukkit.PerMaterialTest" name="testBlock[424: LAVA]" time="0"/>
  <testcase classname="org.bukkit.PerMaterialTest" name="isFuel[424: LAVA]" time="0"/>
  <testcase classname="org.bukkit.PerMaterialTest" name="testItem[424: LAVA]" time="0"/>
  <testcase classname="org.bukkit.PerMaterialTest" name="testBlastResistance[424: LAVA]" time="0"/>
  <testcase classname="org.bukkit.PerMaterialTest" name="isEdible[424: LAVA]" time="0"/>
  <testcase classname="org.bukkit.PerMaterialTest" name="maxDurability[424: LAVA]" time="0"/>
  <testcase classname="org.bukkit.PerMaterialTest" name="usesDurability[424: LAVA]" time="0"/>
  <testcase classname="org.bukkit.PerMaterialTest" name="isOccluding[424: LAVA]" time="0"/>
  <testcase classname="org.bukkit.PerMaterialTest" name="isRecord[424: LAVA]" time="0"/>
  <testcase classname="org.bukkit.PerMaterialTest" name="isFlammable[424: LAVA]" time="0"/>
  <testcase classname="org.bukkit.PerMaterialTest" name="testDurability[424: LAVA]" time="0"/>
  <testcase classname="org.bukkit.PerMaterialTest" name="testBlockHardness[424: LAVA]" time="0"/>
  <testcase classname="org.bukkit.PerMaterialTest" name="maxStackSize[424: LAVA]" time="0"/>
  <testcase classname="org.bukkit.PerMaterialTest" name="isTransparent[424: LAVA]" time="0"/>
  <testcase classname="org.bukkit.PerMaterialTest" name="testBlockDataCreation[424: LAVA]" time="0"/>
  <testcase classname="org.bukkit.PerMaterialTest" name="isBlock[424: LAVA]" time="0"/>
  <testcase classname="org.bukkit.PerMaterialTest" name="isSolid[424: LAVA]" time="0"/>
  <testcase classname="org.bukkit.PerMaterialTest" name="hasGravity[425: LAVA_BUCKET]" time="0.001"/>
  <testcase classname="org.bukkit.PerMaterialTest" name="isBurnable[425: LAVA_BUCKET]" time="0"/>
  <testcase classname="org.bukkit.PerMaterialTest" name="testInteractable[425: LAVA_BUCKET]" time="0"/>
  <testcase classname="org.bukkit.PerMaterialTest" name="testBlock[425: LAVA_BUCKET]" time="0"/>
  <testcase classname="org.bukkit.PerMaterialTest" name="isFuel[425: LAVA_BUCKET]" time="0"/>
  <testcase classname="org.bukkit.PerMaterialTest" name="testItem[425: LAVA_BUCKET]" time="0"/>
  <testcase classname="org.bukkit.PerMaterialTest" name="testBlastResistance[425: LAVA_BUCKET]" time="0"/>
  <testcase classname="org.bukkit.PerMaterialTest" name="isEdible[425: LAVA_BUCKET]" time="0"/>
  <testcase classname="org.bukkit.PerMaterialTest" name="maxDurability[425: LAVA_BUCKET]" time="0"/>
  <testcase classname="org.bukkit.PerMaterialTest" name="usesDurability[425: LAVA_BUCKET]" time="0"/>
  <testcase classname="org.bukkit.PerMaterialTest" name="isOccluding[425: LAVA_BUCKET]" time="0"/>
  <testcase classname="org.bukkit.PerMaterialTest" name="isRecord[425: LAVA_BUCKET]" time="0"/>
  <testcase classname="org.bukkit.PerMaterialTest" name="isFlammable[425: LAVA_BUCKET]" time="0"/>
  <testcase classname="org.bukkit.PerMaterialTest" name="testDurability[425: LAVA_BUCKET]" time="0"/>
  <testcase classname="org.bukkit.PerMaterialTest" name="testBlockHardness[425: LAVA_BUCKET]" time="0"/>
  <testcase classname="org.bukkit.PerMaterialTest" name="maxStackSize[425: LAVA_BUCKET]" time="0"/>
  <testcase classname="org.bukkit.PerMaterialTest" name="isTransparent[425: LAVA_BUCKET]" time="0"/>
  <testcase classname="org.bukkit.PerMaterialTest" name="testBlockDataCreation[425: LAVA_BUCKET]" time="0"/>
  <testcase classname="org.bukkit.PerMaterialTest" name="isBlock[425: LAVA_BUCKET]" time="0"/>
  <testcase classname="org.bukkit.PerMaterialTest" name="isSolid[425: LAVA_BUCKET]" time="0"/>
  <testcase classname="org.bukkit.PerMaterialTest" name="hasGravity[426: LEAD]" time="0"/>
  <testcase classname="org.bukkit.PerMaterialTest" name="isBurnable[426: LEAD]" time="0"/>
  <testcase classname="org.bukkit.PerMaterialTest" name="testInteractable[426: LEAD]" time="0"/>
  <testcase classname="org.bukkit.PerMaterialTest" name="testBlock[426: LEAD]" time="0"/>
  <testcase classname="org.bukkit.PerMaterialTest" name="isFuel[426: LEAD]" time="0"/>
  <testcase classname="org.bukkit.PerMaterialTest" name="testItem[426: LEAD]" time="0"/>
  <testcase classname="org.bukkit.PerMaterialTest" name="testBlastResistance[426: LEAD]" time="0.009"/>
  <testcase classname="org.bukkit.PerMaterialTest" name="isEdible[426: LEAD]" time="0"/>
  <testcase classname="org.bukkit.PerMaterialTest" name="maxDurability[426: LEAD]" time="0"/>
  <testcase classname="org.bukkit.PerMaterialTest" name="usesDurability[426: LEAD]" time="0"/>
  <testcase classname="org.bukkit.PerMaterialTest" name="isOccluding[426: LEAD]" time="0.001"/>
  <testcase classname="org.bukkit.PerMaterialTest" name="isRecord[426: LEAD]" time="0"/>
  <testcase classname="org.bukkit.PerMaterialTest" name="isFlammable[426: LEAD]" time="0"/>
  <testcase classname="org.bukkit.PerMaterialTest" name="testDurability[426: LEAD]" time="0"/>
  <testcase classname="org.bukkit.PerMaterialTest" name="testBlockHardness[426: LEAD]" time="0"/>
  <testcase classname="org.bukkit.PerMaterialTest" name="maxStackSize[426: LEAD]" time="0"/>
  <testcase classname="org.bukkit.PerMaterialTest" name="isTransparent[426: LEAD]" time="0"/>
  <testcase classname="org.bukkit.PerMaterialTest" name="testBlockDataCreation[426: LEAD]" time="0"/>
  <testcase classname="org.bukkit.PerMaterialTest" name="isBlock[426: LEAD]" time="0.001"/>
  <testcase classname="org.bukkit.PerMaterialTest" name="isSolid[426: LEAD]" time="0"/>
  <testcase classname="org.bukkit.PerMaterialTest" name="hasGravity[427: LEATHER]" time="0"/>
  <testcase classname="org.bukkit.PerMaterialTest" name="isBurnable[427: LEATHER]" time="0"/>
  <testcase classname="org.bukkit.PerMaterialTest" name="testInteractable[427: LEATHER]" time="0"/>
  <testcase classname="org.bukkit.PerMaterialTest" name="testBlock[427: LEATHER]" time="0"/>
  <testcase classname="org.bukkit.PerMaterialTest" name="isFuel[427: LEATHER]" time="0"/>
  <testcase classname="org.bukkit.PerMaterialTest" name="testItem[427: LEATHER]" time="0.001"/>
  <testcase classname="org.bukkit.PerMaterialTest" name="testBlastResistance[427: LEATHER]" time="0"/>
  <testcase classname="org.bukkit.PerMaterialTest" name="isEdible[427: LEATHER]" time="0"/>
  <testcase classname="org.bukkit.PerMaterialTest" name="maxDurability[427: LEATHER]" time="0"/>
  <testcase classname="org.bukkit.PerMaterialTest" name="usesDurability[427: LEATHER]" time="0"/>
  <testcase classname="org.bukkit.PerMaterialTest" name="isOccluding[427: LEATHER]" time="0"/>
  <testcase classname="org.bukkit.PerMaterialTest" name="isRecord[427: LEATHER]" time="0"/>
  <testcase classname="org.bukkit.PerMaterialTest" name="isFlammable[427: LEATHER]" time="0"/>
  <testcase classname="org.bukkit.PerMaterialTest" name="testDurability[427: LEATHER]" time="0"/>
  <testcase classname="org.bukkit.PerMaterialTest" name="testBlockHardness[427: LEATHER]" time="0"/>
  <testcase classname="org.bukkit.PerMaterialTest" name="maxStackSize[427: LEATHER]" time="0"/>
  <testcase classname="org.bukkit.PerMaterialTest" name="isTransparent[427: LEATHER]" time="0"/>
  <testcase classname="org.bukkit.PerMaterialTest" name="testBlockDataCreation[427: LEATHER]" time="0"/>
  <testcase classname="org.bukkit.PerMaterialTest" name="isBlock[427: LEATHER]" time="0"/>
  <testcase classname="org.bukkit.PerMaterialTest" name="isSolid[427: LEATHER]" time="0"/>
  <testcase classname="org.bukkit.PerMaterialTest" name="hasGravity[428: LEATHER_BOOTS]" time="0"/>
  <testcase classname="org.bukkit.PerMaterialTest" name="isBurnable[428: LEATHER_BOOTS]" time="0"/>
  <testcase classname="org.bukkit.PerMaterialTest" name="testInteractable[428: LEATHER_BOOTS]" time="0"/>
  <testcase classname="org.bukkit.PerMaterialTest" name="testBlock[428: LEATHER_BOOTS]" time="0"/>
  <testcase classname="org.bukkit.PerMaterialTest" name="isFuel[428: LEATHER_BOOTS]" time="0"/>
  <testcase classname="org.bukkit.PerMaterialTest" name="testItem[428: LEATHER_BOOTS]" time="0"/>
  <testcase classname="org.bukkit.PerMaterialTest" name="testBlastResistance[428: LEATHER_BOOTS]" time="0.001"/>
  <testcase classname="org.bukkit.PerMaterialTest" name="isEdible[428: LEATHER_BOOTS]" time="0"/>
  <testcase classname="org.bukkit.PerMaterialTest" name="maxDurability[428: LEATHER_BOOTS]" time="0"/>
  <testcase classname="org.bukkit.PerMaterialTest" name="usesDurability[428: LEATHER_BOOTS]" time="0"/>
  <testcase classname="org.bukkit.PerMaterialTest" name="isOccluding[428: LEATHER_BOOTS]" time="0"/>
  <testcase classname="org.bukkit.PerMaterialTest" name="isRecord[428: LEATHER_BOOTS]" time="0"/>
  <testcase classname="org.bukkit.PerMaterialTest" name="isFlammable[428: LEATHER_BOOTS]" time="0"/>
  <testcase classname="org.bukkit.PerMaterialTest" name="testDurability[428: LEATHER_BOOTS]" time="0"/>
  <testcase classname="org.bukkit.PerMaterialTest" name="testBlockHardness[428: LEATHER_BOOTS]" time="0"/>
  <testcase classname="org.bukkit.PerMaterialTest" name="maxStackSize[428: LEATHER_BOOTS]" time="0"/>
  <testcase classname="org.bukkit.PerMaterialTest" name="isTransparent[428: LEATHER_BOOTS]" time="0"/>
  <testcase classname="org.bukkit.PerMaterialTest" name="testBlockDataCreation[428: LEATHER_BOOTS]" time="0"/>
  <testcase classname="org.bukkit.PerMaterialTest" name="isBlock[428: LEATHER_BOOTS]" time="0"/>
  <testcase classname="org.bukkit.PerMaterialTest" name="isSolid[428: LEATHER_BOOTS]" time="0"/>
  <testcase classname="org.bukkit.PerMaterialTest" name="hasGravity[429: LEATHER_CHESTPLATE]" time="0"/>
  <testcase classname="org.bukkit.PerMaterialTest" name="isBurnable[429: LEATHER_CHESTPLATE]" time="0"/>
  <testcase classname="org.bukkit.PerMaterialTest" name="testInteractable[429: LEATHER_CHESTPLATE]" time="0.001"/>
  <testcase classname="org.bukkit.PerMaterialTest" name="testBlock[429: LEATHER_CHESTPLATE]" time="0"/>
  <testcase classname="org.bukkit.PerMaterialTest" name="isFuel[429: LEATHER_CHESTPLATE]" time="0"/>
  <testcase classname="org.bukkit.PerMaterialTest" name="testItem[429: LEATHER_CHESTPLATE]" time="0"/>
  <testcase classname="org.bukkit.PerMaterialTest" name="testBlastResistance[429: LEATHER_CHESTPLATE]" time="0"/>
  <testcase classname="org.bukkit.PerMaterialTest" name="isEdible[429: LEATHER_CHESTPLATE]" time="0"/>
  <testcase classname="org.bukkit.PerMaterialTest" name="maxDurability[429: LEATHER_CHESTPLATE]" time="0.001"/>
  <testcase classname="org.bukkit.PerMaterialTest" name="usesDurability[429: LEATHER_CHESTPLATE]" time="0"/>
  <testcase classname="org.bukkit.PerMaterialTest" name="isOccluding[429: LEATHER_CHESTPLATE]" time="0"/>
  <testcase classname="org.bukkit.PerMaterialTest" name="isRecord[429: LEATHER_CHESTPLATE]" time="0"/>
  <testcase classname="org.bukkit.PerMaterialTest" name="isFlammable[429: LEATHER_CHESTPLATE]" time="0"/>
  <testcase classname="org.bukkit.PerMaterialTest" name="testDurability[429: LEATHER_CHESTPLATE]" time="0"/>
  <testcase classname="org.bukkit.PerMaterialTest" name="testBlockHardness[429: LEATHER_CHESTPLATE]" time="0"/>
  <testcase classname="org.bukkit.PerMaterialTest" name="maxStackSize[429: LEATHER_CHESTPLATE]" time="0"/>
  <testcase classname="org.bukkit.PerMaterialTest" name="isTransparent[429: LEATHER_CHESTPLATE]" time="0"/>
  <testcase classname="org.bukkit.PerMaterialTest" name="testBlockDataCreation[429: LEATHER_CHESTPLATE]" time="0"/>
  <testcase classname="org.bukkit.PerMaterialTest" name="isBlock[429: LEATHER_CHESTPLATE]" time="0"/>
  <testcase classname="org.bukkit.PerMaterialTest" name="isSolid[429: LEATHER_CHESTPLATE]" time="0"/>
  <testcase classname="org.bukkit.PerMaterialTest" name="hasGravity[430: LEATHER_HELMET]" time="0"/>
  <testcase classname="org.bukkit.PerMaterialTest" name="isBurnable[430: LEATHER_HELMET]" time="0"/>
  <testcase classname="org.bukkit.PerMaterialTest" name="testInteractable[430: LEATHER_HELMET]" time="0"/>
  <testcase classname="org.bukkit.PerMaterialTest" name="testBlock[430: LEATHER_HELMET]" time="0"/>
  <testcase classname="org.bukkit.PerMaterialTest" name="isFuel[430: LEATHER_HELMET]" time="0.001"/>
  <testcase classname="org.bukkit.PerMaterialTest" name="testItem[430: LEATHER_HELMET]" time="0"/>
  <testcase classname="org.bukkit.PerMaterialTest" name="testBlastResistance[430: LEATHER_HELMET]" time="0"/>
  <testcase classname="org.bukkit.PerMaterialTest" name="isEdible[430: LEATHER_HELMET]" time="0"/>
  <testcase classname="org.bukkit.PerMaterialTest" name="maxDurability[430: LEATHER_HELMET]" time="0"/>
  <testcase classname="org.bukkit.PerMaterialTest" name="usesDurability[430: LEATHER_HELMET]" time="0"/>
  <testcase classname="org.bukkit.PerMaterialTest" name="isOccluding[430: LEATHER_HELMET]" time="0"/>
  <testcase classname="org.bukkit.PerMaterialTest" name="isRecord[430: LEATHER_HELMET]" time="0"/>
  <testcase classname="org.bukkit.PerMaterialTest" name="isFlammable[430: LEATHER_HELMET]" time="0"/>
  <testcase classname="org.bukkit.PerMaterialTest" name="testDurability[430: LEATHER_HELMET]" time="0"/>
  <testcase classname="org.bukkit.PerMaterialTest" name="testBlockHardness[430: LEATHER_HELMET]" time="0"/>
  <testcase classname="org.bukkit.PerMaterialTest" name="maxStackSize[430: LEATHER_HELMET]" time="0"/>
  <testcase classname="org.bukkit.PerMaterialTest" name="isTransparent[430: LEATHER_HELMET]" time="0.001"/>
  <testcase classname="org.bukkit.PerMaterialTest" name="testBlockDataCreation[430: LEATHER_HELMET]" time="0"/>
  <testcase classname="org.bukkit.PerMaterialTest" name="isBlock[430: LEATHER_HELMET]" time="0"/>
  <testcase classname="org.bukkit.PerMaterialTest" name="isSolid[430: LEATHER_HELMET]" time="0"/>
  <testcase classname="org.bukkit.PerMaterialTest" name="hasGravity[431: LEATHER_LEGGINGS]" time="0"/>
  <testcase classname="org.bukkit.PerMaterialTest" name="isBurnable[431: LEATHER_LEGGINGS]" time="0"/>
  <testcase classname="org.bukkit.PerMaterialTest" name="testInteractable[431: LEATHER_LEGGINGS]" time="0"/>
  <testcase classname="org.bukkit.PerMaterialTest" name="testBlock[431: LEATHER_LEGGINGS]" time="0"/>
  <testcase classname="org.bukkit.PerMaterialTest" name="isFuel[431: LEATHER_LEGGINGS]" time="0.001"/>
  <testcase classname="org.bukkit.PerMaterialTest" name="testItem[431: LEATHER_LEGGINGS]" time="0"/>
  <testcase classname="org.bukkit.PerMaterialTest" name="testBlastResistance[431: LEATHER_LEGGINGS]" time="0"/>
  <testcase classname="org.bukkit.PerMaterialTest" name="isEdible[431: LEATHER_LEGGINGS]" time="0"/>
  <testcase classname="org.bukkit.PerMaterialTest" name="maxDurability[431: LEATHER_LEGGINGS]" time="0"/>
  <testcase classname="org.bukkit.PerMaterialTest" name="usesDurability[431: LEATHER_LEGGINGS]" time="0"/>
  <testcase classname="org.bukkit.PerMaterialTest" name="isOccluding[431: LEATHER_LEGGINGS]" time="0"/>
  <testcase classname="org.bukkit.PerMaterialTest" name="isRecord[431: LEATHER_LEGGINGS]" time="0"/>
  <testcase classname="org.bukkit.PerMaterialTest" name="isFlammable[431: LEATHER_LEGGINGS]" time="0"/>
  <testcase classname="org.bukkit.PerMaterialTest" name="testDurability[431: LEATHER_LEGGINGS]" time="0"/>
  <testcase classname="org.bukkit.PerMaterialTest" name="testBlockHardness[431: LEATHER_LEGGINGS]" time="0"/>
  <testcase classname="org.bukkit.PerMaterialTest" name="maxStackSize[431: LEATHER_LEGGINGS]" time="0"/>
  <testcase classname="org.bukkit.PerMaterialTest" name="isTransparent[431: LEATHER_LEGGINGS]" time="0"/>
  <testcase classname="org.bukkit.PerMaterialTest" name="testBlockDataCreation[431: LEATHER_LEGGINGS]" time="0"/>
  <testcase classname="org.bukkit.PerMaterialTest" name="isBlock[431: LEATHER_LEGGINGS]" time="0.001"/>
  <testcase classname="org.bukkit.PerMaterialTest" name="isSolid[431: LEATHER_LEGGINGS]" time="0"/>
  <testcase classname="org.bukkit.PerMaterialTest" name="hasGravity[432: LEVER]" time="0"/>
  <testcase classname="org.bukkit.PerMaterialTest" name="isBurnable[432: LEVER]" time="0"/>
  <testcase classname="org.bukkit.PerMaterialTest" name="testInteractable[432: LEVER]" time="0"/>
  <testcase classname="org.bukkit.PerMaterialTest" name="testBlock[432: LEVER]" time="0"/>
  <testcase classname="org.bukkit.PerMaterialTest" name="isFuel[432: LEVER]" time="0.001"/>
  <testcase classname="org.bukkit.PerMaterialTest" name="testItem[432: LEVER]" time="0"/>
  <testcase classname="org.bukkit.PerMaterialTest" name="testBlastResistance[432: LEVER]" time="0"/>
  <testcase classname="org.bukkit.PerMaterialTest" name="isEdible[432: LEVER]" time="0"/>
  <testcase classname="org.bukkit.PerMaterialTest" name="maxDurability[432: LEVER]" time="0"/>
  <testcase classname="org.bukkit.PerMaterialTest" name="usesDurability[432: LEVER]" time="0"/>
  <testcase classname="org.bukkit.PerMaterialTest" name="isOccluding[432: LEVER]" time="0"/>
  <testcase classname="org.bukkit.PerMaterialTest" name="isRecord[432: LEVER]" time="0"/>
  <testcase classname="org.bukkit.PerMaterialTest" name="isFlammable[432: LEVER]" time="0"/>
  <testcase classname="org.bukkit.PerMaterialTest" name="testDurability[432: LEVER]" time="0"/>
  <testcase classname="org.bukkit.PerMaterialTest" name="testBlockHardness[432: LEVER]" time="0"/>
  <testcase classname="org.bukkit.PerMaterialTest" name="maxStackSize[432: LEVER]" time="0"/>
  <testcase classname="org.bukkit.PerMaterialTest" name="isTransparent[432: LEVER]" time="0"/>
  <testcase classname="org.bukkit.PerMaterialTest" name="testBlockDataCreation[432: LEVER]" time="0"/>
  <testcase classname="org.bukkit.PerMaterialTest" name="isBlock[432: LEVER]" time="0"/>
  <testcase classname="org.bukkit.PerMaterialTest" name="isSolid[432: LEVER]" time="0"/>
  <testcase classname="org.bukkit.PerMaterialTest" name="hasGravity[433: LIGHT_BLUE_BANNER]" time="0"/>
  <testcase classname="org.bukkit.PerMaterialTest" name="isBurnable[433: LIGHT_BLUE_BANNER]" time="0"/>
  <testcase classname="org.bukkit.PerMaterialTest" name="testInteractable[433: LIGHT_BLUE_BANNER]" time="0"/>
  <testcase classname="org.bukkit.PerMaterialTest" name="testBlock[433: LIGHT_BLUE_BANNER]" time="0"/>
  <testcase classname="org.bukkit.PerMaterialTest" name="isFuel[433: LIGHT_BLUE_BANNER]" time="0.001"/>
  <testcase classname="org.bukkit.PerMaterialTest" name="testItem[433: LIGHT_BLUE_BANNER]" time="0"/>
  <testcase classname="org.bukkit.PerMaterialTest" name="testBlastResistance[433: LIGHT_BLUE_BANNER]" time="0"/>
  <testcase classname="org.bukkit.PerMaterialTest" name="isEdible[433: LIGHT_BLUE_BANNER]" time="0"/>
  <testcase classname="org.bukkit.PerMaterialTest" name="maxDurability[433: LIGHT_BLUE_BANNER]" time="0"/>
  <testcase classname="org.bukkit.PerMaterialTest" name="usesDurability[433: LIGHT_BLUE_BANNER]" time="0"/>
  <testcase classname="org.bukkit.PerMaterialTest" name="isOccluding[433: LIGHT_BLUE_BANNER]" time="0"/>
  <testcase classname="org.bukkit.PerMaterialTest" name="isRecord[433: LIGHT_BLUE_BANNER]" time="0"/>
  <testcase classname="org.bukkit.PerMaterialTest" name="isFlammable[433: LIGHT_BLUE_BANNER]" time="0"/>
  <testcase classname="org.bukkit.PerMaterialTest" name="testDurability[433: LIGHT_BLUE_BANNER]" time="0"/>
  <testcase classname="org.bukkit.PerMaterialTest" name="testBlockHardness[433: LIGHT_BLUE_BANNER]" time="0"/>
  <testcase classname="org.bukkit.PerMaterialTest" name="maxStackSize[433: LIGHT_BLUE_BANNER]" time="0"/>
  <testcase classname="org.bukkit.PerMaterialTest" name="isTransparent[433: LIGHT_BLUE_BANNER]" time="0"/>
  <testcase classname="org.bukkit.PerMaterialTest" name="testBlockDataCreation[433: LIGHT_BLUE_BANNER]" time="0.001"/>
  <testcase classname="org.bukkit.PerMaterialTest" name="isBlock[433: LIGHT_BLUE_BANNER]" time="0"/>
  <testcase classname="org.bukkit.PerMaterialTest" name="isSolid[433: LIGHT_BLUE_BANNER]" time="0"/>
  <testcase classname="org.bukkit.PerMaterialTest" name="hasGravity[434: LIGHT_BLUE_BED]" time="0"/>
  <testcase classname="org.bukkit.PerMaterialTest" name="isBurnable[434: LIGHT_BLUE_BED]" time="0"/>
  <testcase classname="org.bukkit.PerMaterialTest" name="testInteractable[434: LIGHT_BLUE_BED]" time="0"/>
  <testcase classname="org.bukkit.PerMaterialTest" name="testBlock[434: LIGHT_BLUE_BED]" time="0"/>
  <testcase classname="org.bukkit.PerMaterialTest" name="isFuel[434: LIGHT_BLUE_BED]" time="0"/>
  <testcase classname="org.bukkit.PerMaterialTest" name="testItem[434: LIGHT_BLUE_BED]" time="0"/>
  <testcase classname="org.bukkit.PerMaterialTest" name="testBlastResistance[434: LIGHT_BLUE_BED]" time="0"/>
  <testcase classname="org.bukkit.PerMaterialTest" name="isEdible[434: LIGHT_BLUE_BED]" time="0"/>
  <testcase classname="org.bukkit.PerMaterialTest" name="maxDurability[434: LIGHT_BLUE_BED]" time="0"/>
  <testcase classname="org.bukkit.PerMaterialTest" name="usesDurability[434: LIGHT_BLUE_BED]" time="0"/>
  <testcase classname="org.bukkit.PerMaterialTest" name="isOccluding[434: LIGHT_BLUE_BED]" time="0"/>
  <testcase classname="org.bukkit.PerMaterialTest" name="isRecord[434: LIGHT_BLUE_BED]" time="0"/>
  <testcase classname="org.bukkit.PerMaterialTest" name="isFlammable[434: LIGHT_BLUE_BED]" time="0"/>
  <testcase classname="org.bukkit.PerMaterialTest" name="testDurability[434: LIGHT_BLUE_BED]" time="0"/>
  <testcase classname="org.bukkit.PerMaterialTest" name="testBlockHardness[434: LIGHT_BLUE_BED]" time="0"/>
  <testcase classname="org.bukkit.PerMaterialTest" name="maxStackSize[434: LIGHT_BLUE_BED]" time="0.001"/>
  <testcase classname="org.bukkit.PerMaterialTest" name="isTransparent[434: LIGHT_BLUE_BED]" time="0"/>
  <testcase classname="org.bukkit.PerMaterialTest" name="testBlockDataCreation[434: LIGHT_BLUE_BED]" time="0"/>
  <testcase classname="org.bukkit.PerMaterialTest" name="isBlock[434: LIGHT_BLUE_BED]" time="0"/>
  <testcase classname="org.bukkit.PerMaterialTest" name="isSolid[434: LIGHT_BLUE_BED]" time="0"/>
  <testcase classname="org.bukkit.PerMaterialTest" name="hasGravity[435: LIGHT_BLUE_CARPET]" time="0"/>
  <testcase classname="org.bukkit.PerMaterialTest" name="isBurnable[435: LIGHT_BLUE_CARPET]" time="0"/>
  <testcase classname="org.bukkit.PerMaterialTest" name="testInteractable[435: LIGHT_BLUE_CARPET]" time="0.001"/>
  <testcase classname="org.bukkit.PerMaterialTest" name="testBlock[435: LIGHT_BLUE_CARPET]" time="0"/>
  <testcase classname="org.bukkit.PerMaterialTest" name="isFuel[435: LIGHT_BLUE_CARPET]" time="0"/>
  <testcase classname="org.bukkit.PerMaterialTest" name="testItem[435: LIGHT_BLUE_CARPET]" time="0"/>
  <testcase classname="org.bukkit.PerMaterialTest" name="testBlastResistance[435: LIGHT_BLUE_CARPET]" time="0"/>
  <testcase classname="org.bukkit.PerMaterialTest" name="isEdible[435: LIGHT_BLUE_CARPET]" time="0"/>
  <testcase classname="org.bukkit.PerMaterialTest" name="maxDurability[435: LIGHT_BLUE_CARPET]" time="0.001"/>
  <testcase classname="org.bukkit.PerMaterialTest" name="usesDurability[435: LIGHT_BLUE_CARPET]" time="0"/>
  <testcase classname="org.bukkit.PerMaterialTest" name="isOccluding[435: LIGHT_BLUE_CARPET]" time="0"/>
  <testcase classname="org.bukkit.PerMaterialTest" name="isRecord[435: LIGHT_BLUE_CARPET]" time="0"/>
  <testcase classname="org.bukkit.PerMaterialTest" name="isFlammable[435: LIGHT_BLUE_CARPET]" time="0"/>
  <testcase classname="org.bukkit.PerMaterialTest" name="testDurability[435: LIGHT_BLUE_CARPET]" time="0"/>
  <testcase classname="org.bukkit.PerMaterialTest" name="testBlockHardness[435: LIGHT_BLUE_CARPET]" time="0"/>
  <testcase classname="org.bukkit.PerMaterialTest" name="maxStackSize[435: LIGHT_BLUE_CARPET]" time="0.001"/>
  <testcase classname="org.bukkit.PerMaterialTest" name="isTransparent[435: LIGHT_BLUE_CARPET]" time="0"/>
  <testcase classname="org.bukkit.PerMaterialTest" name="testBlockDataCreation[435: LIGHT_BLUE_CARPET]" time="0"/>
  <testcase classname="org.bukkit.PerMaterialTest" name="isBlock[435: LIGHT_BLUE_CARPET]" time="0"/>
  <testcase classname="org.bukkit.PerMaterialTest" name="isSolid[435: LIGHT_BLUE_CARPET]" time="0"/>
  <testcase classname="org.bukkit.PerMaterialTest" name="hasGravity[436: LIGHT_BLUE_CONCRETE]" time="0"/>
  <testcase classname="org.bukkit.PerMaterialTest" name="isBurnable[436: LIGHT_BLUE_CONCRETE]" time="0"/>
  <testcase classname="org.bukkit.PerMaterialTest" name="testInteractable[436: LIGHT_BLUE_CONCRETE]" time="0.001"/>
  <testcase classname="org.bukkit.PerMaterialTest" name="testBlock[436: LIGHT_BLUE_CONCRETE]" time="0"/>
  <testcase classname="org.bukkit.PerMaterialTest" name="isFuel[436: LIGHT_BLUE_CONCRETE]" time="0"/>
  <testcase classname="org.bukkit.PerMaterialTest" name="testItem[436: LIGHT_BLUE_CONCRETE]" time="0"/>
  <testcase classname="org.bukkit.PerMaterialTest" name="testBlastResistance[436: LIGHT_BLUE_CONCRETE]" time="0"/>
  <testcase classname="org.bukkit.PerMaterialTest" name="isEdible[436: LIGHT_BLUE_CONCRETE]" time="0"/>
  <testcase classname="org.bukkit.PerMaterialTest" name="maxDurability[436: LIGHT_BLUE_CONCRETE]" time="0.001"/>
  <testcase classname="org.bukkit.PerMaterialTest" name="usesDurability[436: LIGHT_BLUE_CONCRETE]" time="0"/>
  <testcase classname="org.bukkit.PerMaterialTest" name="isOccluding[436: LIGHT_BLUE_CONCRETE]" time="0"/>
  <testcase classname="org.bukkit.PerMaterialTest" name="isRecord[436: LIGHT_BLUE_CONCRETE]" time="0"/>
  <testcase classname="org.bukkit.PerMaterialTest" name="isFlammable[436: LIGHT_BLUE_CONCRETE]" time="0"/>
  <testcase classname="org.bukkit.PerMaterialTest" name="testDurability[436: LIGHT_BLUE_CONCRETE]" time="0"/>
  <testcase classname="org.bukkit.PerMaterialTest" name="testBlockHardness[436: LIGHT_BLUE_CONCRETE]" time="0"/>
  <testcase classname="org.bukkit.PerMaterialTest" name="maxStackSize[436: LIGHT_BLUE_CONCRETE]" time="0"/>
  <testcase classname="org.bukkit.PerMaterialTest" name="isTransparent[436: LIGHT_BLUE_CONCRETE]" time="0"/>
  <testcase classname="org.bukkit.PerMaterialTest" name="testBlockDataCreation[436: LIGHT_BLUE_CONCRETE]" time="0"/>
  <testcase classname="org.bukkit.PerMaterialTest" name="isBlock[436: LIGHT_BLUE_CONCRETE]" time="0"/>
  <testcase classname="org.bukkit.PerMaterialTest" name="isSolid[436: LIGHT_BLUE_CONCRETE]" time="0"/>
  <testcase classname="org.bukkit.PerMaterialTest" name="hasGravity[437: LIGHT_BLUE_CONCRETE_POWDER]" time="0"/>
  <testcase classname="org.bukkit.PerMaterialTest" name="isBurnable[437: LIGHT_BLUE_CONCRETE_POWDER]" time="0"/>
  <testcase classname="org.bukkit.PerMaterialTest" name="testInteractable[437: LIGHT_BLUE_CONCRETE_POWDER]" time="0"/>
  <testcase classname="org.bukkit.PerMaterialTest" name="testBlock[437: LIGHT_BLUE_CONCRETE_POWDER]" time="0"/>
  <testcase classname="org.bukkit.PerMaterialTest" name="isFuel[437: LIGHT_BLUE_CONCRETE_POWDER]" time="0.001"/>
  <testcase classname="org.bukkit.PerMaterialTest" name="testItem[437: LIGHT_BLUE_CONCRETE_POWDER]" time="0"/>
  <testcase classname="org.bukkit.PerMaterialTest" name="testBlastResistance[437: LIGHT_BLUE_CONCRETE_POWDER]" time="0"/>
  <testcase classname="org.bukkit.PerMaterialTest" name="isEdible[437: LIGHT_BLUE_CONCRETE_POWDER]" time="0"/>
  <testcase classname="org.bukkit.PerMaterialTest" name="maxDurability[437: LIGHT_BLUE_CONCRETE_POWDER]" time="0"/>
  <testcase classname="org.bukkit.PerMaterialTest" name="usesDurability[437: LIGHT_BLUE_CONCRETE_POWDER]" time="0"/>
  <testcase classname="org.bukkit.PerMaterialTest" name="isOccluding[437: LIGHT_BLUE_CONCRETE_POWDER]" time="0"/>
  <testcase classname="org.bukkit.PerMaterialTest" name="isRecord[437: LIGHT_BLUE_CONCRETE_POWDER]" time="0.001"/>
  <testcase classname="org.bukkit.PerMaterialTest" name="isFlammable[437: LIGHT_BLUE_CONCRETE_POWDER]" time="0"/>
  <testcase classname="org.bukkit.PerMaterialTest" name="testDurability[437: LIGHT_BLUE_CONCRETE_POWDER]" time="0"/>
  <testcase classname="org.bukkit.PerMaterialTest" name="testBlockHardness[437: LIGHT_BLUE_CONCRETE_POWDER]" time="0"/>
  <testcase classname="org.bukkit.PerMaterialTest" name="maxStackSize[437: LIGHT_BLUE_CONCRETE_POWDER]" time="0"/>
  <testcase classname="org.bukkit.PerMaterialTest" name="isTransparent[437: LIGHT_BLUE_CONCRETE_POWDER]" time="0"/>
  <testcase classname="org.bukkit.PerMaterialTest" name="testBlockDataCreation[437: LIGHT_BLUE_CONCRETE_POWDER]" time="0"/>
  <testcase classname="org.bukkit.PerMaterialTest" name="isBlock[437: LIGHT_BLUE_CONCRETE_POWDER]" time="0"/>
  <testcase classname="org.bukkit.PerMaterialTest" name="isSolid[437: LIGHT_BLUE_CONCRETE_POWDER]" time="0"/>
  <testcase classname="org.bukkit.PerMaterialTest" name="hasGravity[438: LIGHT_BLUE_DYE]" time="0"/>
  <testcase classname="org.bukkit.PerMaterialTest" name="isBurnable[438: LIGHT_BLUE_DYE]" time="0"/>
  <testcase classname="org.bukkit.PerMaterialTest" name="testInteractable[438: LIGHT_BLUE_DYE]" time="0"/>
  <testcase classname="org.bukkit.PerMaterialTest" name="testBlock[438: LIGHT_BLUE_DYE]" time="0"/>
  <testcase classname="org.bukkit.PerMaterialTest" name="isFuel[438: LIGHT_BLUE_DYE]" time="0"/>
  <testcase classname="org.bukkit.PerMaterialTest" name="testItem[438: LIGHT_BLUE_DYE]" time="0"/>
  <testcase classname="org.bukkit.PerMaterialTest" name="testBlastResistance[438: LIGHT_BLUE_DYE]" time="0"/>
  <testcase classname="org.bukkit.PerMaterialTest" name="isEdible[438: LIGHT_BLUE_DYE]" time="0"/>
  <testcase classname="org.bukkit.PerMaterialTest" name="maxDurability[438: LIGHT_BLUE_DYE]" time="0"/>
  <testcase classname="org.bukkit.PerMaterialTest" name="usesDurability[438: LIGHT_BLUE_DYE]" time="0"/>
  <testcase classname="org.bukkit.PerMaterialTest" name="isOccluding[438: LIGHT_BLUE_DYE]" time="0.001"/>
  <testcase classname="org.bukkit.PerMaterialTest" name="isRecord[438: LIGHT_BLUE_DYE]" time="0"/>
  <testcase classname="org.bukkit.PerMaterialTest" name="isFlammable[438: LIGHT_BLUE_DYE]" time="0"/>
  <testcase classname="org.bukkit.PerMaterialTest" name="testDurability[438: LIGHT_BLUE_DYE]" time="0"/>
  <testcase classname="org.bukkit.PerMaterialTest" name="testBlockHardness[438: LIGHT_BLUE_DYE]" time="0"/>
  <testcase classname="org.bukkit.PerMaterialTest" name="maxStackSize[438: LIGHT_BLUE_DYE]" time="0"/>
  <testcase classname="org.bukkit.PerMaterialTest" name="isTransparent[438: LIGHT_BLUE_DYE]" time="0"/>
  <testcase classname="org.bukkit.PerMaterialTest" name="testBlockDataCreation[438: LIGHT_BLUE_DYE]" time="0"/>
  <testcase classname="org.bukkit.PerMaterialTest" name="isBlock[438: LIGHT_BLUE_DYE]" time="0"/>
  <testcase classname="org.bukkit.PerMaterialTest" name="isSolid[438: LIGHT_BLUE_DYE]" time="0"/>
  <testcase classname="org.bukkit.PerMaterialTest" name="hasGravity[439: LIGHT_BLUE_GLAZED_TERRACOTTA]" time="0"/>
  <testcase classname="org.bukkit.PerMaterialTest" name="isBurnable[439: LIGHT_BLUE_GLAZED_TERRACOTTA]" time="0"/>
  <testcase classname="org.bukkit.PerMaterialTest" name="testInteractable[439: LIGHT_BLUE_GLAZED_TERRACOTTA]" time="0"/>
  <testcase classname="org.bukkit.PerMaterialTest" name="testBlock[439: LIGHT_BLUE_GLAZED_TERRACOTTA]" time="0"/>
  <testcase classname="org.bukkit.PerMaterialTest" name="isFuel[439: LIGHT_BLUE_GLAZED_TERRACOTTA]" time="0.001"/>
  <testcase classname="org.bukkit.PerMaterialTest" name="testItem[439: LIGHT_BLUE_GLAZED_TERRACOTTA]" time="0"/>
  <testcase classname="org.bukkit.PerMaterialTest" name="testBlastResistance[439: LIGHT_BLUE_GLAZED_TERRACOTTA]" time="0"/>
  <testcase classname="org.bukkit.PerMaterialTest" name="isEdible[439: LIGHT_BLUE_GLAZED_TERRACOTTA]" time="0"/>
  <testcase classname="org.bukkit.PerMaterialTest" name="maxDurability[439: LIGHT_BLUE_GLAZED_TERRACOTTA]" time="0"/>
  <testcase classname="org.bukkit.PerMaterialTest" name="usesDurability[439: LIGHT_BLUE_GLAZED_TERRACOTTA]" time="0"/>
  <testcase classname="org.bukkit.PerMaterialTest" name="isOccluding[439: LIGHT_BLUE_GLAZED_TERRACOTTA]" time="0.001"/>
  <testcase classname="org.bukkit.PerMaterialTest" name="isRecord[439: LIGHT_BLUE_GLAZED_TERRACOTTA]" time="0"/>
  <testcase classname="org.bukkit.PerMaterialTest" name="isFlammable[439: LIGHT_BLUE_GLAZED_TERRACOTTA]" time="0"/>
  <testcase classname="org.bukkit.PerMaterialTest" name="testDurability[439: LIGHT_BLUE_GLAZED_TERRACOTTA]" time="0"/>
  <testcase classname="org.bukkit.PerMaterialTest" name="testBlockHardness[439: LIGHT_BLUE_GLAZED_TERRACOTTA]" time="0"/>
  <testcase classname="org.bukkit.PerMaterialTest" name="maxStackSize[439: LIGHT_BLUE_GLAZED_TERRACOTTA]" time="0"/>
  <testcase classname="org.bukkit.PerMaterialTest" name="isTransparent[439: LIGHT_BLUE_GLAZED_TERRACOTTA]" time="0"/>
  <testcase classname="org.bukkit.PerMaterialTest" name="testBlockDataCreation[439: LIGHT_BLUE_GLAZED_TERRACOTTA]" time="0"/>
  <testcase classname="org.bukkit.PerMaterialTest" name="isBlock[439: LIGHT_BLUE_GLAZED_TERRACOTTA]" time="0"/>
  <testcase classname="org.bukkit.PerMaterialTest" name="isSolid[439: LIGHT_BLUE_GLAZED_TERRACOTTA]" time="0"/>
  <testcase classname="org.bukkit.PerMaterialTest" name="hasGravity[440: LIGHT_BLUE_SHULKER_BOX]" time="0"/>
  <testcase classname="org.bukkit.PerMaterialTest" name="isBurnable[440: LIGHT_BLUE_SHULKER_BOX]" time="0"/>
  <testcase classname="org.bukkit.PerMaterialTest" name="testInteractable[440: LIGHT_BLUE_SHULKER_BOX]" time="0"/>
  <testcase classname="org.bukkit.PerMaterialTest" name="testBlock[440: LIGHT_BLUE_SHULKER_BOX]" time="0.001"/>
  <testcase classname="org.bukkit.PerMaterialTest" name="isFuel[440: LIGHT_BLUE_SHULKER_BOX]" time="0"/>
  <testcase classname="org.bukkit.PerMaterialTest" name="testItem[440: LIGHT_BLUE_SHULKER_BOX]" time="0"/>
  <testcase classname="org.bukkit.PerMaterialTest" name="testBlastResistance[440: LIGHT_BLUE_SHULKER_BOX]" time="0"/>
  <testcase classname="org.bukkit.PerMaterialTest" name="isEdible[440: LIGHT_BLUE_SHULKER_BOX]" time="0"/>
  <testcase classname="org.bukkit.PerMaterialTest" name="maxDurability[440: LIGHT_BLUE_SHULKER_BOX]" time="0"/>
  <testcase classname="org.bukkit.PerMaterialTest" name="usesDurability[440: LIGHT_BLUE_SHULKER_BOX]" time="0"/>
  <testcase classname="org.bukkit.PerMaterialTest" name="isOccluding[440: LIGHT_BLUE_SHULKER_BOX]" time="0"/>
  <testcase classname="org.bukkit.PerMaterialTest" name="isRecord[440: LIGHT_BLUE_SHULKER_BOX]" time="0"/>
  <testcase classname="org.bukkit.PerMaterialTest" name="isFlammable[440: LIGHT_BLUE_SHULKER_BOX]" time="0"/>
  <testcase classname="org.bukkit.PerMaterialTest" name="testDurability[440: LIGHT_BLUE_SHULKER_BOX]" time="0"/>
  <testcase classname="org.bukkit.PerMaterialTest" name="testBlockHardness[440: LIGHT_BLUE_SHULKER_BOX]" time="0"/>
  <testcase classname="org.bukkit.PerMaterialTest" name="maxStackSize[440: LIGHT_BLUE_SHULKER_BOX]" time="0"/>
  <testcase classname="org.bukkit.PerMaterialTest" name="isTransparent[440: LIGHT_BLUE_SHULKER_BOX]" time="0"/>
  <testcase classname="org.bukkit.PerMaterialTest" name="testBlockDataCreation[440: LIGHT_BLUE_SHULKER_BOX]" time="0"/>
  <testcase classname="org.bukkit.PerMaterialTest" name="isBlock[440: LIGHT_BLUE_SHULKER_BOX]" time="0"/>
  <testcase classname="org.bukkit.PerMaterialTest" name="isSolid[440: LIGHT_BLUE_SHULKER_BOX]" time="0"/>
  <testcase classname="org.bukkit.PerMaterialTest" name="hasGravity[441: LIGHT_BLUE_STAINED_GLASS]" time="0"/>
  <testcase classname="org.bukkit.PerMaterialTest" name="isBurnable[441: LIGHT_BLUE_STAINED_GLASS]" time="0"/>
  <testcase classname="org.bukkit.PerMaterialTest" name="testInteractable[441: LIGHT_BLUE_STAINED_GLASS]" time="0"/>
  <testcase classname="org.bukkit.PerMaterialTest" name="testBlock[441: LIGHT_BLUE_STAINED_GLASS]" time="0"/>
  <testcase classname="org.bukkit.PerMaterialTest" name="isFuel[441: LIGHT_BLUE_STAINED_GLASS]" time="0"/>
  <testcase classname="org.bukkit.PerMaterialTest" name="testItem[441: LIGHT_BLUE_STAINED_GLASS]" time="0"/>
  <testcase classname="org.bukkit.PerMaterialTest" name="testBlastResistance[441: LIGHT_BLUE_STAINED_GLASS]" time="0.001"/>
  <testcase classname="org.bukkit.PerMaterialTest" name="isEdible[441: LIGHT_BLUE_STAINED_GLASS]" time="0"/>
  <testcase classname="org.bukkit.PerMaterialTest" name="maxDurability[441: LIGHT_BLUE_STAINED_GLASS]" time="0"/>
  <testcase classname="org.bukkit.PerMaterialTest" name="usesDurability[441: LIGHT_BLUE_STAINED_GLASS]" time="0"/>
  <testcase classname="org.bukkit.PerMaterialTest" name="isOccluding[441: LIGHT_BLUE_STAINED_GLASS]" time="0"/>
  <testcase classname="org.bukkit.PerMaterialTest" name="isRecord[441: LIGHT_BLUE_STAINED_GLASS]" time="0"/>
  <testcase classname="org.bukkit.PerMaterialTest" name="isFlammable[441: LIGHT_BLUE_STAINED_GLASS]" time="0"/>
  <testcase classname="org.bukkit.PerMaterialTest" name="testDurability[441: LIGHT_BLUE_STAINED_GLASS]" time="0"/>
  <testcase classname="org.bukkit.PerMaterialTest" name="testBlockHardness[441: LIGHT_BLUE_STAINED_GLASS]" time="0"/>
  <testcase classname="org.bukkit.PerMaterialTest" name="maxStackSize[441: LIGHT_BLUE_STAINED_GLASS]" time="0"/>
  <testcase classname="org.bukkit.PerMaterialTest" name="isTransparent[441: LIGHT_BLUE_STAINED_GLASS]" time="0"/>
  <testcase classname="org.bukkit.PerMaterialTest" name="testBlockDataCreation[441: LIGHT_BLUE_STAINED_GLASS]" time="0"/>
  <testcase classname="org.bukkit.PerMaterialTest" name="isBlock[441: LIGHT_BLUE_STAINED_GLASS]" time="0"/>
  <testcase classname="org.bukkit.PerMaterialTest" name="isSolid[441: LIGHT_BLUE_STAINED_GLASS]" time="0"/>
  <testcase classname="org.bukkit.PerMaterialTest" name="hasGravity[442: LIGHT_BLUE_STAINED_GLASS_PANE]" time="0"/>
  <testcase classname="org.bukkit.PerMaterialTest" name="isBurnable[442: LIGHT_BLUE_STAINED_GLASS_PANE]" time="0"/>
  <testcase classname="org.bukkit.PerMaterialTest" name="testInteractable[442: LIGHT_BLUE_STAINED_GLASS_PANE]" time="0"/>
  <testcase classname="org.bukkit.PerMaterialTest" name="testBlock[442: LIGHT_BLUE_STAINED_GLASS_PANE]" time="0"/>
  <testcase classname="org.bukkit.PerMaterialTest" name="isFuel[442: LIGHT_BLUE_STAINED_GLASS_PANE]" time="0"/>
  <testcase classname="org.bukkit.PerMaterialTest" name="testItem[442: LIGHT_BLUE_STAINED_GLASS_PANE]" time="0"/>
  <testcase classname="org.bukkit.PerMaterialTest" name="testBlastResistance[442: LIGHT_BLUE_STAINED_GLASS_PANE]" time="0"/>
  <testcase classname="org.bukkit.PerMaterialTest" name="isEdible[442: LIGHT_BLUE_STAINED_GLASS_PANE]" time="0"/>
  <testcase classname="org.bukkit.PerMaterialTest" name="maxDurability[442: LIGHT_BLUE_STAINED_GLASS_PANE]" time="0"/>
  <testcase classname="org.bukkit.PerMaterialTest" name="usesDurability[442: LIGHT_BLUE_STAINED_GLASS_PANE]" time="0"/>
  <testcase classname="org.bukkit.PerMaterialTest" name="isOccluding[442: LIGHT_BLUE_STAINED_GLASS_PANE]" time="0"/>
  <testcase classname="org.bukkit.PerMaterialTest" name="isRecord[442: LIGHT_BLUE_STAINED_GLASS_PANE]" time="0"/>
  <testcase classname="org.bukkit.PerMaterialTest" name="isFlammable[442: LIGHT_BLUE_STAINED_GLASS_PANE]" time="0.001"/>
  <testcase classname="org.bukkit.PerMaterialTest" name="testDurability[442: LIGHT_BLUE_STAINED_GLASS_PANE]" time="0"/>
  <testcase classname="org.bukkit.PerMaterialTest" name="testBlockHardness[442: LIGHT_BLUE_STAINED_GLASS_PANE]" time="0"/>
  <testcase classname="org.bukkit.PerMaterialTest" name="maxStackSize[442: LIGHT_BLUE_STAINED_GLASS_PANE]" time="0"/>
  <testcase classname="org.bukkit.PerMaterialTest" name="isTransparent[442: LIGHT_BLUE_STAINED_GLASS_PANE]" time="0"/>
  <testcase classname="org.bukkit.PerMaterialTest" name="testBlockDataCreation[442: LIGHT_BLUE_STAINED_GLASS_PANE]" time="0"/>
  <testcase classname="org.bukkit.PerMaterialTest" name="isBlock[442: LIGHT_BLUE_STAINED_GLASS_PANE]" time="0"/>
  <testcase classname="org.bukkit.PerMaterialTest" name="isSolid[442: LIGHT_BLUE_STAINED_GLASS_PANE]" time="0"/>
  <testcase classname="org.bukkit.PerMaterialTest" name="hasGravity[443: LIGHT_BLUE_TERRACOTTA]" time="0"/>
  <testcase classname="org.bukkit.PerMaterialTest" name="isBurnable[443: LIGHT_BLUE_TERRACOTTA]" time="0"/>
  <testcase classname="org.bukkit.PerMaterialTest" name="testInteractable[443: LIGHT_BLUE_TERRACOTTA]" time="0.001"/>
  <testcase classname="org.bukkit.PerMaterialTest" name="testBlock[443: LIGHT_BLUE_TERRACOTTA]" time="0"/>
  <testcase classname="org.bukkit.PerMaterialTest" name="isFuel[443: LIGHT_BLUE_TERRACOTTA]" time="0"/>
  <testcase classname="org.bukkit.PerMaterialTest" name="testItem[443: LIGHT_BLUE_TERRACOTTA]" time="0"/>
  <testcase classname="org.bukkit.PerMaterialTest" name="testBlastResistance[443: LIGHT_BLUE_TERRACOTTA]" time="0"/>
  <testcase classname="org.bukkit.PerMaterialTest" name="isEdible[443: LIGHT_BLUE_TERRACOTTA]" time="0"/>
  <testcase classname="org.bukkit.PerMaterialTest" name="maxDurability[443: LIGHT_BLUE_TERRACOTTA]" time="0"/>
  <testcase classname="org.bukkit.PerMaterialTest" name="usesDurability[443: LIGHT_BLUE_TERRACOTTA]" time="0"/>
  <testcase classname="org.bukkit.PerMaterialTest" name="isOccluding[443: LIGHT_BLUE_TERRACOTTA]" time="0"/>
  <testcase classname="org.bukkit.PerMaterialTest" name="isRecord[443: LIGHT_BLUE_TERRACOTTA]" time="0"/>
  <testcase classname="org.bukkit.PerMaterialTest" name="isFlammable[443: LIGHT_BLUE_TERRACOTTA]" time="0"/>
  <testcase classname="org.bukkit.PerMaterialTest" name="testDurability[443: LIGHT_BLUE_TERRACOTTA]" time="0"/>
  <testcase classname="org.bukkit.PerMaterialTest" name="testBlockHardness[443: LIGHT_BLUE_TERRACOTTA]" time="0"/>
  <testcase classname="org.bukkit.PerMaterialTest" name="maxStackSize[443: LIGHT_BLUE_TERRACOTTA]" time="0.001"/>
  <testcase classname="org.bukkit.PerMaterialTest" name="isTransparent[443: LIGHT_BLUE_TERRACOTTA]" time="0"/>
  <testcase classname="org.bukkit.PerMaterialTest" name="testBlockDataCreation[443: LIGHT_BLUE_TERRACOTTA]" time="0"/>
  <testcase classname="org.bukkit.PerMaterialTest" name="isBlock[443: LIGHT_BLUE_TERRACOTTA]" time="0"/>
  <testcase classname="org.bukkit.PerMaterialTest" name="isSolid[443: LIGHT_BLUE_TERRACOTTA]" time="0"/>
  <testcase classname="org.bukkit.PerMaterialTest" name="hasGravity[444: LIGHT_BLUE_WALL_BANNER]" time="0"/>
  <testcase classname="org.bukkit.PerMaterialTest" name="isBurnable[444: LIGHT_BLUE_WALL_BANNER]" time="0"/>
  <testcase classname="org.bukkit.PerMaterialTest" name="testInteractable[444: LIGHT_BLUE_WALL_BANNER]" time="0.001"/>
  <testcase classname="org.bukkit.PerMaterialTest" name="testBlock[444: LIGHT_BLUE_WALL_BANNER]" time="0"/>
  <testcase classname="org.bukkit.PerMaterialTest" name="isFuel[444: LIGHT_BLUE_WALL_BANNER]" time="0"/>
  <testcase classname="org.bukkit.PerMaterialTest" name="testItem[444: LIGHT_BLUE_WALL_BANNER]" time="0"/>
  <testcase classname="org.bukkit.PerMaterialTest" name="testBlastResistance[444: LIGHT_BLUE_WALL_BANNER]" time="0"/>
  <testcase classname="org.bukkit.PerMaterialTest" name="isEdible[444: LIGHT_BLUE_WALL_BANNER]" time="0"/>
  <testcase classname="org.bukkit.PerMaterialTest" name="maxDurability[444: LIGHT_BLUE_WALL_BANNER]" time="0.001"/>
  <testcase classname="org.bukkit.PerMaterialTest" name="usesDurability[444: LIGHT_BLUE_WALL_BANNER]" time="0"/>
  <testcase classname="org.bukkit.PerMaterialTest" name="isOccluding[444: LIGHT_BLUE_WALL_BANNER]" time="0"/>
  <testcase classname="org.bukkit.PerMaterialTest" name="isRecord[444: LIGHT_BLUE_WALL_BANNER]" time="0"/>
  <testcase classname="org.bukkit.PerMaterialTest" name="isFlammable[444: LIGHT_BLUE_WALL_BANNER]" time="0"/>
  <testcase classname="org.bukkit.PerMaterialTest" name="testDurability[444: LIGHT_BLUE_WALL_BANNER]" time="0"/>
  <testcase classname="org.bukkit.PerMaterialTest" name="testBlockHardness[444: LIGHT_BLUE_WALL_BANNER]" time="0"/>
  <testcase classname="org.bukkit.PerMaterialTest" name="maxStackSize[444: LIGHT_BLUE_WALL_BANNER]" time="0"/>
  <testcase classname="org.bukkit.PerMaterialTest" name="isTransparent[444: LIGHT_BLUE_WALL_BANNER]" time="0"/>
  <testcase classname="org.bukkit.PerMaterialTest" name="testBlockDataCreation[444: LIGHT_BLUE_WALL_BANNER]" time="0"/>
  <testcase classname="org.bukkit.PerMaterialTest" name="isBlock[444: LIGHT_BLUE_WALL_BANNER]" time="0.001"/>
  <testcase classname="org.bukkit.PerMaterialTest" name="isSolid[444: LIGHT_BLUE_WALL_BANNER]" time="0"/>
  <testcase classname="org.bukkit.PerMaterialTest" name="hasGravity[445: LIGHT_BLUE_WOOL]" time="0"/>
  <testcase classname="org.bukkit.PerMaterialTest" name="isBurnable[445: LIGHT_BLUE_WOOL]" time="0"/>
  <testcase classname="org.bukkit.PerMaterialTest" name="testInteractable[445: LIGHT_BLUE_WOOL]" time="0.001"/>
  <testcase classname="org.bukkit.PerMaterialTest" name="testBlock[445: LIGHT_BLUE_WOOL]" time="0"/>
  <testcase classname="org.bukkit.PerMaterialTest" name="isFuel[445: LIGHT_BLUE_WOOL]" time="0"/>
  <testcase classname="org.bukkit.PerMaterialTest" name="testItem[445: LIGHT_BLUE_WOOL]" time="0"/>
  <testcase classname="org.bukkit.PerMaterialTest" name="testBlastResistance[445: LIGHT_BLUE_WOOL]" time="0"/>
  <testcase classname="org.bukkit.PerMaterialTest" name="isEdible[445: LIGHT_BLUE_WOOL]" time="0"/>
  <testcase classname="org.bukkit.PerMaterialTest" name="maxDurability[445: LIGHT_BLUE_WOOL]" time="0.001"/>
  <testcase classname="org.bukkit.PerMaterialTest" name="usesDurability[445: LIGHT_BLUE_WOOL]" time="0"/>
  <testcase classname="org.bukkit.PerMaterialTest" name="isOccluding[445: LIGHT_BLUE_WOOL]" time="0"/>
  <testcase classname="org.bukkit.PerMaterialTest" name="isRecord[445: LIGHT_BLUE_WOOL]" time="0"/>
  <testcase classname="org.bukkit.PerMaterialTest" name="isFlammable[445: LIGHT_BLUE_WOOL]" time="0"/>
  <testcase classname="org.bukkit.PerMaterialTest" name="testDurability[445: LIGHT_BLUE_WOOL]" time="0"/>
  <testcase classname="org.bukkit.PerMaterialTest" name="testBlockHardness[445: LIGHT_BLUE_WOOL]" time="0"/>
  <testcase classname="org.bukkit.PerMaterialTest" name="maxStackSize[445: LIGHT_BLUE_WOOL]" time="0.001"/>
  <testcase classname="org.bukkit.PerMaterialTest" name="isTransparent[445: LIGHT_BLUE_WOOL]" time="0"/>
  <testcase classname="org.bukkit.PerMaterialTest" name="testBlockDataCreation[445: LIGHT_BLUE_WOOL]" time="0"/>
  <testcase classname="org.bukkit.PerMaterialTest" name="isBlock[445: LIGHT_BLUE_WOOL]" time="0"/>
  <testcase classname="org.bukkit.PerMaterialTest" name="isSolid[445: LIGHT_BLUE_WOOL]" time="0"/>
  <testcase classname="org.bukkit.PerMaterialTest" name="hasGravity[446: LIGHT_GRAY_BANNER]" time="0"/>
  <testcase classname="org.bukkit.PerMaterialTest" name="isBurnable[446: LIGHT_GRAY_BANNER]" time="0"/>
  <testcase classname="org.bukkit.PerMaterialTest" name="testInteractable[446: LIGHT_GRAY_BANNER]" time="0.001"/>
  <testcase classname="org.bukkit.PerMaterialTest" name="testBlock[446: LIGHT_GRAY_BANNER]" time="0"/>
  <testcase classname="org.bukkit.PerMaterialTest" name="isFuel[446: LIGHT_GRAY_BANNER]" time="0"/>
  <testcase classname="org.bukkit.PerMaterialTest" name="testItem[446: LIGHT_GRAY_BANNER]" time="0"/>
  <testcase classname="org.bukkit.PerMaterialTest" name="testBlastResistance[446: LIGHT_GRAY_BANNER]" time="0"/>
  <testcase classname="org.bukkit.PerMaterialTest" name="isEdible[446: LIGHT_GRAY_BANNER]" time="0"/>
  <testcase classname="org.bukkit.PerMaterialTest" name="maxDurability[446: LIGHT_GRAY_BANNER]" time="0.001"/>
  <testcase classname="org.bukkit.PerMaterialTest" name="usesDurability[446: LIGHT_GRAY_BANNER]" time="0"/>
  <testcase classname="org.bukkit.PerMaterialTest" name="isOccluding[446: LIGHT_GRAY_BANNER]" time="0"/>
  <testcase classname="org.bukkit.PerMaterialTest" name="isRecord[446: LIGHT_GRAY_BANNER]" time="0"/>
  <testcase classname="org.bukkit.PerMaterialTest" name="isFlammable[446: LIGHT_GRAY_BANNER]" time="0"/>
  <testcase classname="org.bukkit.PerMaterialTest" name="testDurability[446: LIGHT_GRAY_BANNER]" time="0"/>
  <testcase classname="org.bukkit.PerMaterialTest" name="testBlockHardness[446: LIGHT_GRAY_BANNER]" time="0"/>
  <testcase classname="org.bukkit.PerMaterialTest" name="maxStackSize[446: LIGHT_GRAY_BANNER]" time="0"/>
  <testcase classname="org.bukkit.PerMaterialTest" name="isTransparent[446: LIGHT_GRAY_BANNER]" time="0"/>
  <testcase classname="org.bukkit.PerMaterialTest" name="testBlockDataCreation[446: LIGHT_GRAY_BANNER]" time="0"/>
  <testcase classname="org.bukkit.PerMaterialTest" name="isBlock[446: LIGHT_GRAY_BANNER]" time="0"/>
  <testcase classname="org.bukkit.PerMaterialTest" name="isSolid[446: LIGHT_GRAY_BANNER]" time="0.001"/>
  <testcase classname="org.bukkit.PerMaterialTest" name="hasGravity[447: LIGHT_GRAY_BED]" time="0"/>
  <testcase classname="org.bukkit.PerMaterialTest" name="isBurnable[447: LIGHT_GRAY_BED]" time="0"/>
  <testcase classname="org.bukkit.PerMaterialTest" name="testInteractable[447: LIGHT_GRAY_BED]" time="0"/>
  <testcase classname="org.bukkit.PerMaterialTest" name="testBlock[447: LIGHT_GRAY_BED]" time="0"/>
  <testcase classname="org.bukkit.PerMaterialTest" name="isFuel[447: LIGHT_GRAY_BED]" time="0.001"/>
  <testcase classname="org.bukkit.PerMaterialTest" name="testItem[447: LIGHT_GRAY_BED]" time="0"/>
  <testcase classname="org.bukkit.PerMaterialTest" name="testBlastResistance[447: LIGHT_GRAY_BED]" time="0"/>
  <testcase classname="org.bukkit.PerMaterialTest" name="isEdible[447: LIGHT_GRAY_BED]" time="0"/>
  <testcase classname="org.bukkit.PerMaterialTest" name="maxDurability[447: LIGHT_GRAY_BED]" time="0"/>
  <testcase classname="org.bukkit.PerMaterialTest" name="usesDurability[447: LIGHT_GRAY_BED]" time="0"/>
  <testcase classname="org.bukkit.PerMaterialTest" name="isOccluding[447: LIGHT_GRAY_BED]" time="0"/>
  <testcase classname="org.bukkit.PerMaterialTest" name="isRecord[447: LIGHT_GRAY_BED]" time="0"/>
  <testcase classname="org.bukkit.PerMaterialTest" name="isFlammable[447: LIGHT_GRAY_BED]" time="0"/>
  <testcase classname="org.bukkit.PerMaterialTest" name="testDurability[447: LIGHT_GRAY_BED]" time="0"/>
  <testcase classname="org.bukkit.PerMaterialTest" name="testBlockHardness[447: LIGHT_GRAY_BED]" time="0"/>
  <testcase classname="org.bukkit.PerMaterialTest" name="maxStackSize[447: LIGHT_GRAY_BED]" time="0"/>
  <testcase classname="org.bukkit.PerMaterialTest" name="isTransparent[447: LIGHT_GRAY_BED]" time="0"/>
  <testcase classname="org.bukkit.PerMaterialTest" name="testBlockDataCreation[447: LIGHT_GRAY_BED]" time="0"/>
  <testcase classname="org.bukkit.PerMaterialTest" name="isBlock[447: LIGHT_GRAY_BED]" time="0"/>
  <testcase classname="org.bukkit.PerMaterialTest" name="isSolid[447: LIGHT_GRAY_BED]" time="0"/>
  <testcase classname="org.bukkit.PerMaterialTest" name="hasGravity[448: LIGHT_GRAY_CARPET]" time="0"/>
  <testcase classname="org.bukkit.PerMaterialTest" name="isBurnable[448: LIGHT_GRAY_CARPET]" time="0"/>
  <testcase classname="org.bukkit.PerMaterialTest" name="testInteractable[448: LIGHT_GRAY_CARPET]" time="0"/>
  <testcase classname="org.bukkit.PerMaterialTest" name="testBlock[448: LIGHT_GRAY_CARPET]" time="0"/>
  <testcase classname="org.bukkit.PerMaterialTest" name="isFuel[448: LIGHT_GRAY_CARPET]" time="0.001"/>
  <testcase classname="org.bukkit.PerMaterialTest" name="testItem[448: LIGHT_GRAY_CARPET]" time="0"/>
  <testcase classname="org.bukkit.PerMaterialTest" name="testBlastResistance[448: LIGHT_GRAY_CARPET]" time="0"/>
  <testcase classname="org.bukkit.PerMaterialTest" name="isEdible[448: LIGHT_GRAY_CARPET]" time="0"/>
  <testcase classname="org.bukkit.PerMaterialTest" name="maxDurability[448: LIGHT_GRAY_CARPET]" time="0"/>
  <testcase classname="org.bukkit.PerMaterialTest" name="usesDurability[448: LIGHT_GRAY_CARPET]" time="0"/>
  <testcase classname="org.bukkit.PerMaterialTest" name="isOccluding[448: LIGHT_GRAY_CARPET]" time="0"/>
  <testcase classname="org.bukkit.PerMaterialTest" name="isRecord[448: LIGHT_GRAY_CARPET]" time="0"/>
  <testcase classname="org.bukkit.PerMaterialTest" name="isFlammable[448: LIGHT_GRAY_CARPET]" time="0"/>
  <testcase classname="org.bukkit.PerMaterialTest" name="testDurability[448: LIGHT_GRAY_CARPET]" time="0"/>
  <testcase classname="org.bukkit.PerMaterialTest" name="testBlockHardness[448: LIGHT_GRAY_CARPET]" time="0"/>
  <testcase classname="org.bukkit.PerMaterialTest" name="maxStackSize[448: LIGHT_GRAY_CARPET]" time="0"/>
  <testcase classname="org.bukkit.PerMaterialTest" name="isTransparent[448: LIGHT_GRAY_CARPET]" time="0"/>
  <testcase classname="org.bukkit.PerMaterialTest" name="testBlockDataCreation[448: LIGHT_GRAY_CARPET]" time="0.001"/>
  <testcase classname="org.bukkit.PerMaterialTest" name="isBlock[448: LIGHT_GRAY_CARPET]" time="0"/>
  <testcase classname="org.bukkit.PerMaterialTest" name="isSolid[448: LIGHT_GRAY_CARPET]" time="0"/>
  <testcase classname="org.bukkit.PerMaterialTest" name="hasGravity[449: LIGHT_GRAY_CONCRETE]" time="0"/>
  <testcase classname="org.bukkit.PerMaterialTest" name="isBurnable[449: LIGHT_GRAY_CONCRETE]" time="0"/>
  <testcase classname="org.bukkit.PerMaterialTest" name="testInteractable[449: LIGHT_GRAY_CONCRETE]" time="0"/>
  <testcase classname="org.bukkit.PerMaterialTest" name="testBlock[449: LIGHT_GRAY_CONCRETE]" time="0"/>
  <testcase classname="org.bukkit.PerMaterialTest" name="isFuel[449: LIGHT_GRAY_CONCRETE]" time="0.001"/>
  <testcase classname="org.bukkit.PerMaterialTest" name="testItem[449: LIGHT_GRAY_CONCRETE]" time="0"/>
  <testcase classname="org.bukkit.PerMaterialTest" name="testBlastResistance[449: LIGHT_GRAY_CONCRETE]" time="0"/>
  <testcase classname="org.bukkit.PerMaterialTest" name="isEdible[449: LIGHT_GRAY_CONCRETE]" time="0"/>
  <testcase classname="org.bukkit.PerMaterialTest" name="maxDurability[449: LIGHT_GRAY_CONCRETE]" time="0"/>
  <testcase classname="org.bukkit.PerMaterialTest" name="usesDurability[449: LIGHT_GRAY_CONCRETE]" time="0"/>
  <testcase classname="org.bukkit.PerMaterialTest" name="isOccluding[449: LIGHT_GRAY_CONCRETE]" time="0"/>
  <testcase classname="org.bukkit.PerMaterialTest" name="isRecord[449: LIGHT_GRAY_CONCRETE]" time="0.001"/>
  <testcase classname="org.bukkit.PerMaterialTest" name="isFlammable[449: LIGHT_GRAY_CONCRETE]" time="0"/>
  <testcase classname="org.bukkit.PerMaterialTest" name="testDurability[449: LIGHT_GRAY_CONCRETE]" time="0"/>
  <testcase classname="org.bukkit.PerMaterialTest" name="testBlockHardness[449: LIGHT_GRAY_CONCRETE]" time="0"/>
  <testcase classname="org.bukkit.PerMaterialTest" name="maxStackSize[449: LIGHT_GRAY_CONCRETE]" time="0"/>
  <testcase classname="org.bukkit.PerMaterialTest" name="isTransparent[449: LIGHT_GRAY_CONCRETE]" time="0"/>
  <testcase classname="org.bukkit.PerMaterialTest" name="testBlockDataCreation[449: LIGHT_GRAY_CONCRETE]" time="0"/>
  <testcase classname="org.bukkit.PerMaterialTest" name="isBlock[449: LIGHT_GRAY_CONCRETE]" time="0.001"/>
  <testcase classname="org.bukkit.PerMaterialTest" name="isSolid[449: LIGHT_GRAY_CONCRETE]" time="0"/>
  <testcase classname="org.bukkit.PerMaterialTest" name="hasGravity[450: LIGHT_GRAY_CONCRETE_POWDER]" time="0"/>
  <testcase classname="org.bukkit.PerMaterialTest" name="isBurnable[450: LIGHT_GRAY_CONCRETE_POWDER]" time="0"/>
  <testcase classname="org.bukkit.PerMaterialTest" name="testInteractable[450: LIGHT_GRAY_CONCRETE_POWDER]" time="0"/>
  <testcase classname="org.bukkit.PerMaterialTest" name="testBlock[450: LIGHT_GRAY_CONCRETE_POWDER]" time="0"/>
  <testcase classname="org.bukkit.PerMaterialTest" name="isFuel[450: LIGHT_GRAY_CONCRETE_POWDER]" time="0.001"/>
  <testcase classname="org.bukkit.PerMaterialTest" name="testItem[450: LIGHT_GRAY_CONCRETE_POWDER]" time="0"/>
  <testcase classname="org.bukkit.PerMaterialTest" name="testBlastResistance[450: LIGHT_GRAY_CONCRETE_POWDER]" time="0"/>
  <testcase classname="org.bukkit.PerMaterialTest" name="isEdible[450: LIGHT_GRAY_CONCRETE_POWDER]" time="0"/>
  <testcase classname="org.bukkit.PerMaterialTest" name="maxDurability[450: LIGHT_GRAY_CONCRETE_POWDER]" time="0"/>
  <testcase classname="org.bukkit.PerMaterialTest" name="usesDurability[450: LIGHT_GRAY_CONCRETE_POWDER]" time="0"/>
  <testcase classname="org.bukkit.PerMaterialTest" name="isOccluding[450: LIGHT_GRAY_CONCRETE_POWDER]" time="0"/>
  <testcase classname="org.bukkit.PerMaterialTest" name="isRecord[450: LIGHT_GRAY_CONCRETE_POWDER]" time="0"/>
  <testcase classname="org.bukkit.PerMaterialTest" name="isFlammable[450: LIGHT_GRAY_CONCRETE_POWDER]" time="0"/>
  <testcase classname="org.bukkit.PerMaterialTest" name="testDurability[450: LIGHT_GRAY_CONCRETE_POWDER]" time="0"/>
  <testcase classname="org.bukkit.PerMaterialTest" name="testBlockHardness[450: LIGHT_GRAY_CONCRETE_POWDER]" time="0.001"/>
  <testcase classname="org.bukkit.PerMaterialTest" name="maxStackSize[450: LIGHT_GRAY_CONCRETE_POWDER]" time="0"/>
  <testcase classname="org.bukkit.PerMaterialTest" name="isTransparent[450: LIGHT_GRAY_CONCRETE_POWDER]" time="0"/>
  <testcase classname="org.bukkit.PerMaterialTest" name="testBlockDataCreation[450: LIGHT_GRAY_CONCRETE_POWDER]" time="0"/>
  <testcase classname="org.bukkit.PerMaterialTest" name="isBlock[450: LIGHT_GRAY_CONCRETE_POWDER]" time="0"/>
  <testcase classname="org.bukkit.PerMaterialTest" name="isSolid[450: LIGHT_GRAY_CONCRETE_POWDER]" time="0"/>
  <testcase classname="org.bukkit.PerMaterialTest" name="hasGravity[451: LIGHT_GRAY_DYE]" time="0"/>
  <testcase classname="org.bukkit.PerMaterialTest" name="isBurnable[451: LIGHT_GRAY_DYE]" time="0"/>
  <testcase classname="org.bukkit.PerMaterialTest" name="testInteractable[451: LIGHT_GRAY_DYE]" time="0"/>
  <testcase classname="org.bukkit.PerMaterialTest" name="testBlock[451: LIGHT_GRAY_DYE]" time="0"/>
  <testcase classname="org.bukkit.PerMaterialTest" name="isFuel[451: LIGHT_GRAY_DYE]" time="0"/>
  <testcase classname="org.bukkit.PerMaterialTest" name="testItem[451: LIGHT_GRAY_DYE]" time="0"/>
  <testcase classname="org.bukkit.PerMaterialTest" name="testBlastResistance[451: LIGHT_GRAY_DYE]" time="0"/>
  <testcase classname="org.bukkit.PerMaterialTest" name="isEdible[451: LIGHT_GRAY_DYE]" time="0"/>
  <testcase classname="org.bukkit.PerMaterialTest" name="maxDurability[451: LIGHT_GRAY_DYE]" time="0"/>
  <testcase classname="org.bukkit.PerMaterialTest" name="usesDurability[451: LIGHT_GRAY_DYE]" time="0"/>
  <testcase classname="org.bukkit.PerMaterialTest" name="isOccluding[451: LIGHT_GRAY_DYE]" time="0"/>
  <testcase classname="org.bukkit.PerMaterialTest" name="isRecord[451: LIGHT_GRAY_DYE]" time="0"/>
  <testcase classname="org.bukkit.PerMaterialTest" name="isFlammable[451: LIGHT_GRAY_DYE]" time="0.001"/>
  <testcase classname="org.bukkit.PerMaterialTest" name="testDurability[451: LIGHT_GRAY_DYE]" time="0"/>
  <testcase classname="org.bukkit.PerMaterialTest" name="testBlockHardness[451: LIGHT_GRAY_DYE]" time="0"/>
  <testcase classname="org.bukkit.PerMaterialTest" name="maxStackSize[451: LIGHT_GRAY_DYE]" time="0"/>
  <testcase classname="org.bukkit.PerMaterialTest" name="isTransparent[451: LIGHT_GRAY_DYE]" time="0"/>
  <testcase classname="org.bukkit.PerMaterialTest" name="testBlockDataCreation[451: LIGHT_GRAY_DYE]" time="0"/>
  <testcase classname="org.bukkit.PerMaterialTest" name="isBlock[451: LIGHT_GRAY_DYE]" time="0"/>
  <testcase classname="org.bukkit.PerMaterialTest" name="isSolid[451: LIGHT_GRAY_DYE]" time="0"/>
  <testcase classname="org.bukkit.PerMaterialTest" name="hasGravity[452: LIGHT_GRAY_GLAZED_TERRACOTTA]" time="0"/>
  <testcase classname="org.bukkit.PerMaterialTest" name="isBurnable[452: LIGHT_GRAY_GLAZED_TERRACOTTA]" time="0"/>
  <testcase classname="org.bukkit.PerMaterialTest" name="testInteractable[452: LIGHT_GRAY_GLAZED_TERRACOTTA]" time="0"/>
  <testcase classname="org.bukkit.PerMaterialTest" name="testBlock[452: LIGHT_GRAY_GLAZED_TERRACOTTA]" time="0"/>
  <testcase classname="org.bukkit.PerMaterialTest" name="isFuel[452: LIGHT_GRAY_GLAZED_TERRACOTTA]" time="0"/>
  <testcase classname="org.bukkit.PerMaterialTest" name="testItem[452: LIGHT_GRAY_GLAZED_TERRACOTTA]" time="0.001"/>
  <testcase classname="org.bukkit.PerMaterialTest" name="testBlastResistance[452: LIGHT_GRAY_GLAZED_TERRACOTTA]" time="0"/>
  <testcase classname="org.bukkit.PerMaterialTest" name="isEdible[452: LIGHT_GRAY_GLAZED_TERRACOTTA]" time="0"/>
  <testcase classname="org.bukkit.PerMaterialTest" name="maxDurability[452: LIGHT_GRAY_GLAZED_TERRACOTTA]" time="0"/>
  <testcase classname="org.bukkit.PerMaterialTest" name="usesDurability[452: LIGHT_GRAY_GLAZED_TERRACOTTA]" time="0"/>
  <testcase classname="org.bukkit.PerMaterialTest" name="isOccluding[452: LIGHT_GRAY_GLAZED_TERRACOTTA]" time="0"/>
  <testcase classname="org.bukkit.PerMaterialTest" name="isRecord[452: LIGHT_GRAY_GLAZED_TERRACOTTA]" time="0"/>
  <testcase classname="org.bukkit.PerMaterialTest" name="isFlammable[452: LIGHT_GRAY_GLAZED_TERRACOTTA]" time="0"/>
  <testcase classname="org.bukkit.PerMaterialTest" name="testDurability[452: LIGHT_GRAY_GLAZED_TERRACOTTA]" time="0"/>
  <testcase classname="org.bukkit.PerMaterialTest" name="testBlockHardness[452: LIGHT_GRAY_GLAZED_TERRACOTTA]" time="0"/>
  <testcase classname="org.bukkit.PerMaterialTest" name="maxStackSize[452: LIGHT_GRAY_GLAZED_TERRACOTTA]" time="0"/>
  <testcase classname="org.bukkit.PerMaterialTest" name="isTransparent[452: LIGHT_GRAY_GLAZED_TERRACOTTA]" time="0"/>
  <testcase classname="org.bukkit.PerMaterialTest" name="testBlockDataCreation[452: LIGHT_GRAY_GLAZED_TERRACOTTA]" time="0"/>
  <testcase classname="org.bukkit.PerMaterialTest" name="isBlock[452: LIGHT_GRAY_GLAZED_TERRACOTTA]" time="0"/>
  <testcase classname="org.bukkit.PerMaterialTest" name="isSolid[452: LIGHT_GRAY_GLAZED_TERRACOTTA]" time="0"/>
  <testcase classname="org.bukkit.PerMaterialTest" name="hasGravity[453: LIGHT_GRAY_SHULKER_BOX]" time="0"/>
  <testcase classname="org.bukkit.PerMaterialTest" name="isBurnable[453: LIGHT_GRAY_SHULKER_BOX]" time="0"/>
  <testcase classname="org.bukkit.PerMaterialTest" name="testInteractable[453: LIGHT_GRAY_SHULKER_BOX]" time="0"/>
  <testcase classname="org.bukkit.PerMaterialTest" name="testBlock[453: LIGHT_GRAY_SHULKER_BOX]" time="0.001"/>
  <testcase classname="org.bukkit.PerMaterialTest" name="isFuel[453: LIGHT_GRAY_SHULKER_BOX]" time="0"/>
  <testcase classname="org.bukkit.PerMaterialTest" name="testItem[453: LIGHT_GRAY_SHULKER_BOX]" time="0"/>
  <testcase classname="org.bukkit.PerMaterialTest" name="testBlastResistance[453: LIGHT_GRAY_SHULKER_BOX]" time="0"/>
  <testcase classname="org.bukkit.PerMaterialTest" name="isEdible[453: LIGHT_GRAY_SHULKER_BOX]" time="0"/>
  <testcase classname="org.bukkit.PerMaterialTest" name="maxDurability[453: LIGHT_GRAY_SHULKER_BOX]" time="0"/>
  <testcase classname="org.bukkit.PerMaterialTest" name="usesDurability[453: LIGHT_GRAY_SHULKER_BOX]" time="0.001"/>
  <testcase classname="org.bukkit.PerMaterialTest" name="isOccluding[453: LIGHT_GRAY_SHULKER_BOX]" time="0"/>
  <testcase classname="org.bukkit.PerMaterialTest" name="isRecord[453: LIGHT_GRAY_SHULKER_BOX]" time="0"/>
  <testcase classname="org.bukkit.PerMaterialTest" name="isFlammable[453: LIGHT_GRAY_SHULKER_BOX]" time="0"/>
  <testcase classname="org.bukkit.PerMaterialTest" name="testDurability[453: LIGHT_GRAY_SHULKER_BOX]" time="0"/>
  <testcase classname="org.bukkit.PerMaterialTest" name="testBlockHardness[453: LIGHT_GRAY_SHULKER_BOX]" time="0"/>
  <testcase classname="org.bukkit.PerMaterialTest" name="maxStackSize[453: LIGHT_GRAY_SHULKER_BOX]" time="0"/>
  <testcase classname="org.bukkit.PerMaterialTest" name="isTransparent[453: LIGHT_GRAY_SHULKER_BOX]" time="0.001"/>
  <testcase classname="org.bukkit.PerMaterialTest" name="testBlockDataCreation[453: LIGHT_GRAY_SHULKER_BOX]" time="0"/>
  <testcase classname="org.bukkit.PerMaterialTest" name="isBlock[453: LIGHT_GRAY_SHULKER_BOX]" time="0"/>
  <testcase classname="org.bukkit.PerMaterialTest" name="isSolid[453: LIGHT_GRAY_SHULKER_BOX]" time="0"/>
  <testcase classname="org.bukkit.PerMaterialTest" name="hasGravity[454: LIGHT_GRAY_STAINED_GLASS]" time="0"/>
  <testcase classname="org.bukkit.PerMaterialTest" name="isBurnable[454: LIGHT_GRAY_STAINED_GLASS]" time="0"/>
  <testcase classname="org.bukkit.PerMaterialTest" name="testInteractable[454: LIGHT_GRAY_STAINED_GLASS]" time="0"/>
  <testcase classname="org.bukkit.PerMaterialTest" name="testBlock[454: LIGHT_GRAY_STAINED_GLASS]" time="0"/>
  <testcase classname="org.bukkit.PerMaterialTest" name="isFuel[454: LIGHT_GRAY_STAINED_GLASS]" time="0"/>
  <testcase classname="org.bukkit.PerMaterialTest" name="testItem[454: LIGHT_GRAY_STAINED_GLASS]" time="0"/>
  <testcase classname="org.bukkit.PerMaterialTest" name="testBlastResistance[454: LIGHT_GRAY_STAINED_GLASS]" time="0"/>
  <testcase classname="org.bukkit.PerMaterialTest" name="isEdible[454: LIGHT_GRAY_STAINED_GLASS]" time="0"/>
  <testcase classname="org.bukkit.PerMaterialTest" name="maxDurability[454: LIGHT_GRAY_STAINED_GLASS]" time="0"/>
  <testcase classname="org.bukkit.PerMaterialTest" name="usesDurability[454: LIGHT_GRAY_STAINED_GLASS]" time="0"/>
  <testcase classname="org.bukkit.PerMaterialTest" name="isOccluding[454: LIGHT_GRAY_STAINED_GLASS]" time="0"/>
  <testcase classname="org.bukkit.PerMaterialTest" name="isRecord[454: LIGHT_GRAY_STAINED_GLASS]" time="0"/>
  <testcase classname="org.bukkit.PerMaterialTest" name="isFlammable[454: LIGHT_GRAY_STAINED_GLASS]" time="0"/>
  <testcase classname="org.bukkit.PerMaterialTest" name="testDurability[454: LIGHT_GRAY_STAINED_GLASS]" time="0"/>
  <testcase classname="org.bukkit.PerMaterialTest" name="testBlockHardness[454: LIGHT_GRAY_STAINED_GLASS]" time="0"/>
  <testcase classname="org.bukkit.PerMaterialTest" name="maxStackSize[454: LIGHT_GRAY_STAINED_GLASS]" time="0.001"/>
  <testcase classname="org.bukkit.PerMaterialTest" name="isTransparent[454: LIGHT_GRAY_STAINED_GLASS]" time="0"/>
  <testcase classname="org.bukkit.PerMaterialTest" name="testBlockDataCreation[454: LIGHT_GRAY_STAINED_GLASS]" time="0"/>
  <testcase classname="org.bukkit.PerMaterialTest" name="isBlock[454: LIGHT_GRAY_STAINED_GLASS]" time="0"/>
  <testcase classname="org.bukkit.PerMaterialTest" name="isSolid[454: LIGHT_GRAY_STAINED_GLASS]" time="0"/>
  <testcase classname="org.bukkit.PerMaterialTest" name="hasGravity[455: LIGHT_GRAY_STAINED_GLASS_PANE]" time="0.001"/>
  <testcase classname="org.bukkit.PerMaterialTest" name="isBurnable[455: LIGHT_GRAY_STAINED_GLASS_PANE]" time="0"/>
  <testcase classname="org.bukkit.PerMaterialTest" name="testInteractable[455: LIGHT_GRAY_STAINED_GLASS_PANE]" time="0"/>
  <testcase classname="org.bukkit.PerMaterialTest" name="testBlock[455: LIGHT_GRAY_STAINED_GLASS_PANE]" time="0"/>
  <testcase classname="org.bukkit.PerMaterialTest" name="isFuel[455: LIGHT_GRAY_STAINED_GLASS_PANE]" time="0"/>
  <testcase classname="org.bukkit.PerMaterialTest" name="testItem[455: LIGHT_GRAY_STAINED_GLASS_PANE]" time="0.001"/>
  <testcase classname="org.bukkit.PerMaterialTest" name="testBlastResistance[455: LIGHT_GRAY_STAINED_GLASS_PANE]" time="0"/>
  <testcase classname="org.bukkit.PerMaterialTest" name="isEdible[455: LIGHT_GRAY_STAINED_GLASS_PANE]" time="0"/>
  <testcase classname="org.bukkit.PerMaterialTest" name="maxDurability[455: LIGHT_GRAY_STAINED_GLASS_PANE]" time="0"/>
  <testcase classname="org.bukkit.PerMaterialTest" name="usesDurability[455: LIGHT_GRAY_STAINED_GLASS_PANE]" time="0"/>
  <testcase classname="org.bukkit.PerMaterialTest" name="isOccluding[455: LIGHT_GRAY_STAINED_GLASS_PANE]" time="0"/>
  <testcase classname="org.bukkit.PerMaterialTest" name="isRecord[455: LIGHT_GRAY_STAINED_GLASS_PANE]" time="0"/>
  <testcase classname="org.bukkit.PerMaterialTest" name="isFlammable[455: LIGHT_GRAY_STAINED_GLASS_PANE]" time="0.001"/>
  <testcase classname="org.bukkit.PerMaterialTest" name="testDurability[455: LIGHT_GRAY_STAINED_GLASS_PANE]" time="0"/>
  <testcase classname="org.bukkit.PerMaterialTest" name="testBlockHardness[455: LIGHT_GRAY_STAINED_GLASS_PANE]" time="0"/>
  <testcase classname="org.bukkit.PerMaterialTest" name="maxStackSize[455: LIGHT_GRAY_STAINED_GLASS_PANE]" time="0"/>
  <testcase classname="org.bukkit.PerMaterialTest" name="isTransparent[455: LIGHT_GRAY_STAINED_GLASS_PANE]" time="0"/>
  <testcase classname="org.bukkit.PerMaterialTest" name="testBlockDataCreation[455: LIGHT_GRAY_STAINED_GLASS_PANE]" time="0"/>
  <testcase classname="org.bukkit.PerMaterialTest" name="isBlock[455: LIGHT_GRAY_STAINED_GLASS_PANE]" time="0"/>
  <testcase classname="org.bukkit.PerMaterialTest" name="isSolid[455: LIGHT_GRAY_STAINED_GLASS_PANE]" time="0.001"/>
  <testcase classname="org.bukkit.PerMaterialTest" name="hasGravity[456: LIGHT_GRAY_TERRACOTTA]" time="0"/>
  <testcase classname="org.bukkit.PerMaterialTest" name="isBurnable[456: LIGHT_GRAY_TERRACOTTA]" time="0"/>
  <testcase classname="org.bukkit.PerMaterialTest" name="testInteractable[456: LIGHT_GRAY_TERRACOTTA]" time="0"/>
  <testcase classname="org.bukkit.PerMaterialTest" name="testBlock[456: LIGHT_GRAY_TERRACOTTA]" time="0"/>
  <testcase classname="org.bukkit.PerMaterialTest" name="isFuel[456: LIGHT_GRAY_TERRACOTTA]" time="0.001"/>
  <testcase classname="org.bukkit.PerMaterialTest" name="testItem[456: LIGHT_GRAY_TERRACOTTA]" time="0"/>
  <testcase classname="org.bukkit.PerMaterialTest" name="testBlastResistance[456: LIGHT_GRAY_TERRACOTTA]" time="0"/>
  <testcase classname="org.bukkit.PerMaterialTest" name="isEdible[456: LIGHT_GRAY_TERRACOTTA]" time="0"/>
  <testcase classname="org.bukkit.PerMaterialTest" name="maxDurability[456: LIGHT_GRAY_TERRACOTTA]" time="0"/>
  <testcase classname="org.bukkit.PerMaterialTest" name="usesDurability[456: LIGHT_GRAY_TERRACOTTA]" time="0"/>
  <testcase classname="org.bukkit.PerMaterialTest" name="isOccluding[456: LIGHT_GRAY_TERRACOTTA]" time="0"/>
  <testcase classname="org.bukkit.PerMaterialTest" name="isRecord[456: LIGHT_GRAY_TERRACOTTA]" time="0"/>
  <testcase classname="org.bukkit.PerMaterialTest" name="isFlammable[456: LIGHT_GRAY_TERRACOTTA]" time="0"/>
  <testcase classname="org.bukkit.PerMaterialTest" name="testDurability[456: LIGHT_GRAY_TERRACOTTA]" time="0"/>
  <testcase classname="org.bukkit.PerMaterialTest" name="testBlockHardness[456: LIGHT_GRAY_TERRACOTTA]" time="0"/>
  <testcase classname="org.bukkit.PerMaterialTest" name="maxStackSize[456: LIGHT_GRAY_TERRACOTTA]" time="0"/>
  <testcase classname="org.bukkit.PerMaterialTest" name="isTransparent[456: LIGHT_GRAY_TERRACOTTA]" time="0"/>
  <testcase classname="org.bukkit.PerMaterialTest" name="testBlockDataCreation[456: LIGHT_GRAY_TERRACOTTA]" time="0"/>
  <testcase classname="org.bukkit.PerMaterialTest" name="isBlock[456: LIGHT_GRAY_TERRACOTTA]" time="0"/>
  <testcase classname="org.bukkit.PerMaterialTest" name="isSolid[456: LIGHT_GRAY_TERRACOTTA]" time="0"/>
  <testcase classname="org.bukkit.PerMaterialTest" name="hasGravity[457: LIGHT_GRAY_WALL_BANNER]" time="0"/>
  <testcase classname="org.bukkit.PerMaterialTest" name="isBurnable[457: LIGHT_GRAY_WALL_BANNER]" time="0"/>
  <testcase classname="org.bukkit.PerMaterialTest" name="testInteractable[457: LIGHT_GRAY_WALL_BANNER]" time="0"/>
  <testcase classname="org.bukkit.PerMaterialTest" name="testBlock[457: LIGHT_GRAY_WALL_BANNER]" time="0"/>
  <testcase classname="org.bukkit.PerMaterialTest" name="isFuel[457: LIGHT_GRAY_WALL_BANNER]" time="0"/>
  <testcase classname="org.bukkit.PerMaterialTest" name="testItem[457: LIGHT_GRAY_WALL_BANNER]" time="0"/>
  <testcase classname="org.bukkit.PerMaterialTest" name="testBlastResistance[457: LIGHT_GRAY_WALL_BANNER]" time="0.001"/>
  <testcase classname="org.bukkit.PerMaterialTest" name="isEdible[457: LIGHT_GRAY_WALL_BANNER]" time="0"/>
  <testcase classname="org.bukkit.PerMaterialTest" name="maxDurability[457: LIGHT_GRAY_WALL_BANNER]" time="0"/>
  <testcase classname="org.bukkit.PerMaterialTest" name="usesDurability[457: LIGHT_GRAY_WALL_BANNER]" time="0"/>
  <testcase classname="org.bukkit.PerMaterialTest" name="isOccluding[457: LIGHT_GRAY_WALL_BANNER]" time="0"/>
  <testcase classname="org.bukkit.PerMaterialTest" name="isRecord[457: LIGHT_GRAY_WALL_BANNER]" time="0"/>
  <testcase classname="org.bukkit.PerMaterialTest" name="isFlammable[457: LIGHT_GRAY_WALL_BANNER]" time="0.001"/>
  <testcase classname="org.bukkit.PerMaterialTest" name="testDurability[457: LIGHT_GRAY_WALL_BANNER]" time="0"/>
  <testcase classname="org.bukkit.PerMaterialTest" name="testBlockHardness[457: LIGHT_GRAY_WALL_BANNER]" time="0"/>
  <testcase classname="org.bukkit.PerMaterialTest" name="maxStackSize[457: LIGHT_GRAY_WALL_BANNER]" time="0"/>
  <testcase classname="org.bukkit.PerMaterialTest" name="isTransparent[457: LIGHT_GRAY_WALL_BANNER]" time="0"/>
  <testcase classname="org.bukkit.PerMaterialTest" name="testBlockDataCreation[457: LIGHT_GRAY_WALL_BANNER]" time="0"/>
  <testcase classname="org.bukkit.PerMaterialTest" name="isBlock[457: LIGHT_GRAY_WALL_BANNER]" time="0"/>
  <testcase classname="org.bukkit.PerMaterialTest" name="isSolid[457: LIGHT_GRAY_WALL_BANNER]" time="0"/>
  <testcase classname="org.bukkit.PerMaterialTest" name="hasGravity[458: LIGHT_GRAY_WOOL]" time="0"/>
  <testcase classname="org.bukkit.PerMaterialTest" name="isBurnable[458: LIGHT_GRAY_WOOL]" time="0"/>
  <testcase classname="org.bukkit.PerMaterialTest" name="testInteractable[458: LIGHT_GRAY_WOOL]" time="0"/>
  <testcase classname="org.bukkit.PerMaterialTest" name="testBlock[458: LIGHT_GRAY_WOOL]" time="0"/>
  <testcase classname="org.bukkit.PerMaterialTest" name="isFuel[458: LIGHT_GRAY_WOOL]" time="0"/>
  <testcase classname="org.bukkit.PerMaterialTest" name="testItem[458: LIGHT_GRAY_WOOL]" time="0"/>
  <testcase classname="org.bukkit.PerMaterialTest" name="testBlastResistance[458: LIGHT_GRAY_WOOL]" time="0"/>
  <testcase classname="org.bukkit.PerMaterialTest" name="isEdible[458: LIGHT_GRAY_WOOL]" time="0"/>
  <testcase classname="org.bukkit.PerMaterialTest" name="maxDurability[458: LIGHT_GRAY_WOOL]" time="0"/>
  <testcase classname="org.bukkit.PerMaterialTest" name="usesDurability[458: LIGHT_GRAY_WOOL]" time="0"/>
  <testcase classname="org.bukkit.PerMaterialTest" name="isOccluding[458: LIGHT_GRAY_WOOL]" time="0"/>
  <testcase classname="org.bukkit.PerMaterialTest" name="isRecord[458: LIGHT_GRAY_WOOL]" time="0"/>
  <testcase classname="org.bukkit.PerMaterialTest" name="isFlammable[458: LIGHT_GRAY_WOOL]" time="0"/>
  <testcase classname="org.bukkit.PerMaterialTest" name="testDurability[458: LIGHT_GRAY_WOOL]" time="0.001"/>
  <testcase classname="org.bukkit.PerMaterialTest" name="testBlockHardness[458: LIGHT_GRAY_WOOL]" time="0"/>
  <testcase classname="org.bukkit.PerMaterialTest" name="maxStackSize[458: LIGHT_GRAY_WOOL]" time="0"/>
  <testcase classname="org.bukkit.PerMaterialTest" name="isTransparent[458: LIGHT_GRAY_WOOL]" time="0"/>
  <testcase classname="org.bukkit.PerMaterialTest" name="testBlockDataCreation[458: LIGHT_GRAY_WOOL]" time="0"/>
  <testcase classname="org.bukkit.PerMaterialTest" name="isBlock[458: LIGHT_GRAY_WOOL]" time="0"/>
  <testcase classname="org.bukkit.PerMaterialTest" name="isSolid[458: LIGHT_GRAY_WOOL]" time="0"/>
  <testcase classname="org.bukkit.PerMaterialTest" name="hasGravity[459: LIGHT_WEIGHTED_PRESSURE_PLATE]" time="0"/>
  <testcase classname="org.bukkit.PerMaterialTest" name="isBurnable[459: LIGHT_WEIGHTED_PRESSURE_PLATE]" time="0"/>
  <testcase classname="org.bukkit.PerMaterialTest" name="testInteractable[459: LIGHT_WEIGHTED_PRESSURE_PLATE]" time="0"/>
  <testcase classname="org.bukkit.PerMaterialTest" name="testBlock[459: LIGHT_WEIGHTED_PRESSURE_PLATE]" time="0"/>
  <testcase classname="org.bukkit.PerMaterialTest" name="isFuel[459: LIGHT_WEIGHTED_PRESSURE_PLATE]" time="0"/>
  <testcase classname="org.bukkit.PerMaterialTest" name="testItem[459: LIGHT_WEIGHTED_PRESSURE_PLATE]" time="0.001"/>
  <testcase classname="org.bukkit.PerMaterialTest" name="testBlastResistance[459: LIGHT_WEIGHTED_PRESSURE_PLATE]" time="0"/>
  <testcase classname="org.bukkit.PerMaterialTest" name="isEdible[459: LIGHT_WEIGHTED_PRESSURE_PLATE]" time="0"/>
  <testcase classname="org.bukkit.PerMaterialTest" name="maxDurability[459: LIGHT_WEIGHTED_PRESSURE_PLATE]" time="0"/>
  <testcase classname="org.bukkit.PerMaterialTest" name="usesDurability[459: LIGHT_WEIGHTED_PRESSURE_PLATE]" time="0"/>
  <testcase classname="org.bukkit.PerMaterialTest" name="isOccluding[459: LIGHT_WEIGHTED_PRESSURE_PLATE]" time="0"/>
  <testcase classname="org.bukkit.PerMaterialTest" name="isRecord[459: LIGHT_WEIGHTED_PRESSURE_PLATE]" time="0"/>
  <testcase classname="org.bukkit.PerMaterialTest" name="isFlammable[459: LIGHT_WEIGHTED_PRESSURE_PLATE]" time="0"/>
  <testcase classname="org.bukkit.PerMaterialTest" name="testDurability[459: LIGHT_WEIGHTED_PRESSURE_PLATE]" time="0"/>
  <testcase classname="org.bukkit.PerMaterialTest" name="testBlockHardness[459: LIGHT_WEIGHTED_PRESSURE_PLATE]" time="0"/>
  <testcase classname="org.bukkit.PerMaterialTest" name="maxStackSize[459: LIGHT_WEIGHTED_PRESSURE_PLATE]" time="0"/>
  <testcase classname="org.bukkit.PerMaterialTest" name="isTransparent[459: LIGHT_WEIGHTED_PRESSURE_PLATE]" time="0"/>
  <testcase classname="org.bukkit.PerMaterialTest" name="testBlockDataCreation[459: LIGHT_WEIGHTED_PRESSURE_PLATE]" time="0"/>
  <testcase classname="org.bukkit.PerMaterialTest" name="isBlock[459: LIGHT_WEIGHTED_PRESSURE_PLATE]" time="0"/>
  <testcase classname="org.bukkit.PerMaterialTest" name="isSolid[459: LIGHT_WEIGHTED_PRESSURE_PLATE]" time="0.001"/>
  <testcase classname="org.bukkit.PerMaterialTest" name="hasGravity[460: LILAC]" time="0"/>
  <testcase classname="org.bukkit.PerMaterialTest" name="isBurnable[460: LILAC]" time="0"/>
  <testcase classname="org.bukkit.PerMaterialTest" name="testInteractable[460: LILAC]" time="0"/>
  <testcase classname="org.bukkit.PerMaterialTest" name="testBlock[460: LILAC]" time="0"/>
  <testcase classname="org.bukkit.PerMaterialTest" name="isFuel[460: LILAC]" time="0.001"/>
  <testcase classname="org.bukkit.PerMaterialTest" name="testItem[460: LILAC]" time="0"/>
  <testcase classname="org.bukkit.PerMaterialTest" name="testBlastResistance[460: LILAC]" time="0"/>
  <testcase classname="org.bukkit.PerMaterialTest" name="isEdible[460: LILAC]" time="0"/>
  <testcase classname="org.bukkit.PerMaterialTest" name="maxDurability[460: LILAC]" time="0"/>
  <testcase classname="org.bukkit.PerMaterialTest" name="usesDurability[460: LILAC]" time="0"/>
  <testcase classname="org.bukkit.PerMaterialTest" name="isOccluding[460: LILAC]" time="0"/>
  <testcase classname="org.bukkit.PerMaterialTest" name="isRecord[460: LILAC]" time="0"/>
  <testcase classname="org.bukkit.PerMaterialTest" name="isFlammable[460: LILAC]" time="0"/>
  <testcase classname="org.bukkit.PerMaterialTest" name="testDurability[460: LILAC]" time="0"/>
  <testcase classname="org.bukkit.PerMaterialTest" name="testBlockHardness[460: LILAC]" time="0"/>
  <testcase classname="org.bukkit.PerMaterialTest" name="maxStackSize[460: LILAC]" time="0"/>
  <testcase classname="org.bukkit.PerMaterialTest" name="isTransparent[460: LILAC]" time="0"/>
  <testcase classname="org.bukkit.PerMaterialTest" name="testBlockDataCreation[460: LILAC]" time="0"/>
  <testcase classname="org.bukkit.PerMaterialTest" name="isBlock[460: LILAC]" time="0"/>
  <testcase classname="org.bukkit.PerMaterialTest" name="isSolid[460: LILAC]" time="0.001"/>
  <testcase classname="org.bukkit.PerMaterialTest" name="hasGravity[461: LILY_PAD]" time="0"/>
  <testcase classname="org.bukkit.PerMaterialTest" name="isBurnable[461: LILY_PAD]" time="0"/>
  <testcase classname="org.bukkit.PerMaterialTest" name="testInteractable[461: LILY_PAD]" time="0"/>
  <testcase classname="org.bukkit.PerMaterialTest" name="testBlock[461: LILY_PAD]" time="0"/>
  <testcase classname="org.bukkit.PerMaterialTest" name="isFuel[461: LILY_PAD]" time="0.001"/>
  <testcase classname="org.bukkit.PerMaterialTest" name="testItem[461: LILY_PAD]" time="0"/>
  <testcase classname="org.bukkit.PerMaterialTest" name="testBlastResistance[461: LILY_PAD]" time="0"/>
  <testcase classname="org.bukkit.PerMaterialTest" name="isEdible[461: LILY_PAD]" time="0"/>
  <testcase classname="org.bukkit.PerMaterialTest" name="maxDurability[461: LILY_PAD]" time="0"/>
  <testcase classname="org.bukkit.PerMaterialTest" name="usesDurability[461: LILY_PAD]" time="0"/>
  <testcase classname="org.bukkit.PerMaterialTest" name="isOccluding[461: LILY_PAD]" time="0"/>
  <testcase classname="org.bukkit.PerMaterialTest" name="isRecord[461: LILY_PAD]" time="0"/>
  <testcase classname="org.bukkit.PerMaterialTest" name="isFlammable[461: LILY_PAD]" time="0.001"/>
  <testcase classname="org.bukkit.PerMaterialTest" name="testDurability[461: LILY_PAD]" time="0"/>
  <testcase classname="org.bukkit.PerMaterialTest" name="testBlockHardness[461: LILY_PAD]" time="0"/>
  <testcase classname="org.bukkit.PerMaterialTest" name="maxStackSize[461: LILY_PAD]" time="0.001"/>
  <testcase classname="org.bukkit.PerMaterialTest" name="isTransparent[461: LILY_PAD]" time="0"/>
  <testcase classname="org.bukkit.PerMaterialTest" name="testBlockDataCreation[461: LILY_PAD]" time="0"/>
  <testcase classname="org.bukkit.PerMaterialTest" name="isBlock[461: LILY_PAD]" time="0"/>
  <testcase classname="org.bukkit.PerMaterialTest" name="isSolid[461: LILY_PAD]" time="0"/>
  <testcase classname="org.bukkit.PerMaterialTest" name="hasGravity[462: LIME_BANNER]" time="0"/>
  <testcase classname="org.bukkit.PerMaterialTest" name="isBurnable[462: LIME_BANNER]" time="0.001"/>
  <testcase classname="org.bukkit.PerMaterialTest" name="testInteractable[462: LIME_BANNER]" time="0"/>
  <testcase classname="org.bukkit.PerMaterialTest" name="testBlock[462: LIME_BANNER]" time="0"/>
  <testcase classname="org.bukkit.PerMaterialTest" name="isFuel[462: LIME_BANNER]" time="0"/>
  <testcase classname="org.bukkit.PerMaterialTest" name="testItem[462: LIME_BANNER]" time="0"/>
  <testcase classname="org.bukkit.PerMaterialTest" name="testBlastResistance[462: LIME_BANNER]" time="0"/>
  <testcase classname="org.bukkit.PerMaterialTest" name="isEdible[462: LIME_BANNER]" time="0.001"/>
  <testcase classname="org.bukkit.PerMaterialTest" name="maxDurability[462: LIME_BANNER]" time="0"/>
  <testcase classname="org.bukkit.PerMaterialTest" name="usesDurability[462: LIME_BANNER]" time="0"/>
  <testcase classname="org.bukkit.PerMaterialTest" name="isOccluding[462: LIME_BANNER]" time="0"/>
  <testcase classname="org.bukkit.PerMaterialTest" name="isRecord[462: LIME_BANNER]" time="0"/>
  <testcase classname="org.bukkit.PerMaterialTest" name="isFlammable[462: LIME_BANNER]" time="0"/>
  <testcase classname="org.bukkit.PerMaterialTest" name="testDurability[462: LIME_BANNER]" time="0"/>
  <testcase classname="org.bukkit.PerMaterialTest" name="testBlockHardness[462: LIME_BANNER]" time="0"/>
  <testcase classname="org.bukkit.PerMaterialTest" name="maxStackSize[462: LIME_BANNER]" time="0.001"/>
  <testcase classname="org.bukkit.PerMaterialTest" name="isTransparent[462: LIME_BANNER]" time="0"/>
  <testcase classname="org.bukkit.PerMaterialTest" name="testBlockDataCreation[462: LIME_BANNER]" time="0"/>
  <testcase classname="org.bukkit.PerMaterialTest" name="isBlock[462: LIME_BANNER]" time="0"/>
  <testcase classname="org.bukkit.PerMaterialTest" name="isSolid[462: LIME_BANNER]" time="0"/>
  <testcase classname="org.bukkit.PerMaterialTest" name="hasGravity[463: LIME_BED]" time="0"/>
  <testcase classname="org.bukkit.PerMaterialTest" name="isBurnable[463: LIME_BED]" time="0"/>
  <testcase classname="org.bukkit.PerMaterialTest" name="testInteractable[463: LIME_BED]" time="0.001"/>
  <testcase classname="org.bukkit.PerMaterialTest" name="testBlock[463: LIME_BED]" time="0"/>
  <testcase classname="org.bukkit.PerMaterialTest" name="isFuel[463: LIME_BED]" time="0"/>
  <testcase classname="org.bukkit.PerMaterialTest" name="testItem[463: LIME_BED]" time="0"/>
  <testcase classname="org.bukkit.PerMaterialTest" name="testBlastResistance[463: LIME_BED]" time="0"/>
  <testcase classname="org.bukkit.PerMaterialTest" name="isEdible[463: LIME_BED]" time="0"/>
  <testcase classname="org.bukkit.PerMaterialTest" name="maxDurability[463: LIME_BED]" time="0.001"/>
  <testcase classname="org.bukkit.PerMaterialTest" name="usesDurability[463: LIME_BED]" time="0"/>
  <testcase classname="org.bukkit.PerMaterialTest" name="isOccluding[463: LIME_BED]" time="0"/>
  <testcase classname="org.bukkit.PerMaterialTest" name="isRecord[463: LIME_BED]" time="0"/>
  <testcase classname="org.bukkit.PerMaterialTest" name="isFlammable[463: LIME_BED]" time="0"/>
  <testcase classname="org.bukkit.PerMaterialTest" name="testDurability[463: LIME_BED]" time="0"/>
  <testcase classname="org.bukkit.PerMaterialTest" name="testBlockHardness[463: LIME_BED]" time="0"/>
  <testcase classname="org.bukkit.PerMaterialTest" name="maxStackSize[463: LIME_BED]" time="0"/>
  <testcase classname="org.bukkit.PerMaterialTest" name="isTransparent[463: LIME_BED]" time="0"/>
  <testcase classname="org.bukkit.PerMaterialTest" name="testBlockDataCreation[463: LIME_BED]" time="0"/>
  <testcase classname="org.bukkit.PerMaterialTest" name="isBlock[463: LIME_BED]" time="0"/>
  <testcase classname="org.bukkit.PerMaterialTest" name="isSolid[463: LIME_BED]" time="0"/>
  <testcase classname="org.bukkit.PerMaterialTest" name="hasGravity[464: LIME_CARPET]" time="0"/>
  <testcase classname="org.bukkit.PerMaterialTest" name="isBurnable[464: LIME_CARPET]" time="0"/>
  <testcase classname="org.bukkit.PerMaterialTest" name="testInteractable[464: LIME_CARPET]" time="0"/>
  <testcase classname="org.bukkit.PerMaterialTest" name="testBlock[464: LIME_CARPET]" time="0"/>
  <testcase classname="org.bukkit.PerMaterialTest" name="isFuel[464: LIME_CARPET]" time="0"/>
  <testcase classname="org.bukkit.PerMaterialTest" name="testItem[464: LIME_CARPET]" time="0.001"/>
  <testcase classname="org.bukkit.PerMaterialTest" name="testBlastResistance[464: LIME_CARPET]" time="0"/>
  <testcase classname="org.bukkit.PerMaterialTest" name="isEdible[464: LIME_CARPET]" time="0"/>
  <testcase classname="org.bukkit.PerMaterialTest" name="maxDurability[464: LIME_CARPET]" time="0"/>
  <testcase classname="org.bukkit.PerMaterialTest" name="usesDurability[464: LIME_CARPET]" time="0"/>
  <testcase classname="org.bukkit.PerMaterialTest" name="isOccluding[464: LIME_CARPET]" time="0"/>
  <testcase classname="org.bukkit.PerMaterialTest" name="isRecord[464: LIME_CARPET]" time="0"/>
  <testcase classname="org.bukkit.PerMaterialTest" name="isFlammable[464: LIME_CARPET]" time="0"/>
  <testcase classname="org.bukkit.PerMaterialTest" name="testDurability[464: LIME_CARPET]" time="0"/>
  <testcase classname="org.bukkit.PerMaterialTest" name="testBlockHardness[464: LIME_CARPET]" time="0"/>
  <testcase classname="org.bukkit.PerMaterialTest" name="maxStackSize[464: LIME_CARPET]" time="0"/>
  <testcase classname="org.bukkit.PerMaterialTest" name="isTransparent[464: LIME_CARPET]" time="0"/>
  <testcase classname="org.bukkit.PerMaterialTest" name="testBlockDataCreation[464: LIME_CARPET]" time="0"/>
  <testcase classname="org.bukkit.PerMaterialTest" name="isBlock[464: LIME_CARPET]" time="0"/>
  <testcase classname="org.bukkit.PerMaterialTest" name="isSolid[464: LIME_CARPET]" time="0"/>
  <testcase classname="org.bukkit.PerMaterialTest" name="hasGravity[465: LIME_CONCRETE]" time="0"/>
  <testcase classname="org.bukkit.PerMaterialTest" name="isBurnable[465: LIME_CONCRETE]" time="0.013"/>
  <testcase classname="org.bukkit.PerMaterialTest" name="testInteractable[465: LIME_CONCRETE]" time="0"/>
  <testcase classname="org.bukkit.PerMaterialTest" name="testBlock[465: LIME_CONCRETE]" time="0.001"/>
  <testcase classname="org.bukkit.PerMaterialTest" name="isFuel[465: LIME_CONCRETE]" time="0"/>
  <testcase classname="org.bukkit.PerMaterialTest" name="testItem[465: LIME_CONCRETE]" time="0"/>
  <testcase classname="org.bukkit.PerMaterialTest" name="testBlastResistance[465: LIME_CONCRETE]" time="0"/>
  <testcase classname="org.bukkit.PerMaterialTest" name="isEdible[465: LIME_CONCRETE]" time="0"/>
  <testcase classname="org.bukkit.PerMaterialTest" name="maxDurability[465: LIME_CONCRETE]" time="0"/>
  <testcase classname="org.bukkit.PerMaterialTest" name="usesDurability[465: LIME_CONCRETE]" time="0.001"/>
  <testcase classname="org.bukkit.PerMaterialTest" name="isOccluding[465: LIME_CONCRETE]" time="0"/>
  <testcase classname="org.bukkit.PerMaterialTest" name="isRecord[465: LIME_CONCRETE]" time="0"/>
  <testcase classname="org.bukkit.PerMaterialTest" name="isFlammable[465: LIME_CONCRETE]" time="0"/>
  <testcase classname="org.bukkit.PerMaterialTest" name="testDurability[465: LIME_CONCRETE]" time="0"/>
  <testcase classname="org.bukkit.PerMaterialTest" name="testBlockHardness[465: LIME_CONCRETE]" time="0"/>
  <testcase classname="org.bukkit.PerMaterialTest" name="maxStackSize[465: LIME_CONCRETE]" time="0"/>
  <testcase classname="org.bukkit.PerMaterialTest" name="isTransparent[465: LIME_CONCRETE]" time="0.001"/>
  <testcase classname="org.bukkit.PerMaterialTest" name="testBlockDataCreation[465: LIME_CONCRETE]" time="0"/>
  <testcase classname="org.bukkit.PerMaterialTest" name="isBlock[465: LIME_CONCRETE]" time="0"/>
  <testcase classname="org.bukkit.PerMaterialTest" name="isSolid[465: LIME_CONCRETE]" time="0"/>
  <testcase classname="org.bukkit.PerMaterialTest" name="hasGravity[466: LIME_CONCRETE_POWDER]" time="0"/>
  <testcase classname="org.bukkit.PerMaterialTest" name="isBurnable[466: LIME_CONCRETE_POWDER]" time="0"/>
  <testcase classname="org.bukkit.PerMaterialTest" name="testInteractable[466: LIME_CONCRETE_POWDER]" time="0.001"/>
  <testcase classname="org.bukkit.PerMaterialTest" name="testBlock[466: LIME_CONCRETE_POWDER]" time="0"/>
  <testcase classname="org.bukkit.PerMaterialTest" name="isFuel[466: LIME_CONCRETE_POWDER]" time="0"/>
  <testcase classname="org.bukkit.PerMaterialTest" name="testItem[466: LIME_CONCRETE_POWDER]" time="0"/>
  <testcase classname="org.bukkit.PerMaterialTest" name="testBlastResistance[466: LIME_CONCRETE_POWDER]" time="0"/>
  <testcase classname="org.bukkit.PerMaterialTest" name="isEdible[466: LIME_CONCRETE_POWDER]" time="0"/>
  <testcase classname="org.bukkit.PerMaterialTest" name="maxDurability[466: LIME_CONCRETE_POWDER]" time="0.001"/>
  <testcase classname="org.bukkit.PerMaterialTest" name="usesDurability[466: LIME_CONCRETE_POWDER]" time="0"/>
  <testcase classname="org.bukkit.PerMaterialTest" name="isOccluding[466: LIME_CONCRETE_POWDER]" time="0"/>
  <testcase classname="org.bukkit.PerMaterialTest" name="isRecord[466: LIME_CONCRETE_POWDER]" time="0"/>
  <testcase classname="org.bukkit.PerMaterialTest" name="isFlammable[466: LIME_CONCRETE_POWDER]" time="0"/>
  <testcase classname="org.bukkit.PerMaterialTest" name="testDurability[466: LIME_CONCRETE_POWDER]" time="0"/>
  <testcase classname="org.bukkit.PerMaterialTest" name="testBlockHardness[466: LIME_CONCRETE_POWDER]" time="0"/>
  <testcase classname="org.bukkit.PerMaterialTest" name="maxStackSize[466: LIME_CONCRETE_POWDER]" time="0.001"/>
  <testcase classname="org.bukkit.PerMaterialTest" name="isTransparent[466: LIME_CONCRETE_POWDER]" time="0"/>
  <testcase classname="org.bukkit.PerMaterialTest" name="testBlockDataCreation[466: LIME_CONCRETE_POWDER]" time="0"/>
  <testcase classname="org.bukkit.PerMaterialTest" name="isBlock[466: LIME_CONCRETE_POWDER]" time="0"/>
  <testcase classname="org.bukkit.PerMaterialTest" name="isSolid[466: LIME_CONCRETE_POWDER]" time="0"/>
  <testcase classname="org.bukkit.PerMaterialTest" name="hasGravity[467: LIME_DYE]" time="0"/>
  <testcase classname="org.bukkit.PerMaterialTest" name="isBurnable[467: LIME_DYE]" time="0"/>
  <testcase classname="org.bukkit.PerMaterialTest" name="testInteractable[467: LIME_DYE]" time="0"/>
  <testcase classname="org.bukkit.PerMaterialTest" name="testBlock[467: LIME_DYE]" time="0"/>
  <testcase classname="org.bukkit.PerMaterialTest" name="isFuel[467: LIME_DYE]" time="0"/>
  <testcase classname="org.bukkit.PerMaterialTest" name="testItem[467: LIME_DYE]" time="0.001"/>
  <testcase classname="org.bukkit.PerMaterialTest" name="testBlastResistance[467: LIME_DYE]" time="0"/>
  <testcase classname="org.bukkit.PerMaterialTest" name="isEdible[467: LIME_DYE]" time="0"/>
  <testcase classname="org.bukkit.PerMaterialTest" name="maxDurability[467: LIME_DYE]" time="0"/>
  <testcase classname="org.bukkit.PerMaterialTest" name="usesDurability[467: LIME_DYE]" time="0"/>
  <testcase classname="org.bukkit.PerMaterialTest" name="isOccluding[467: LIME_DYE]" time="0"/>
  <testcase classname="org.bukkit.PerMaterialTest" name="isRecord[467: LIME_DYE]" time="0"/>
  <testcase classname="org.bukkit.PerMaterialTest" name="isFlammable[467: LIME_DYE]" time="0"/>
  <testcase classname="org.bukkit.PerMaterialTest" name="testDurability[467: LIME_DYE]" time="0"/>
  <testcase classname="org.bukkit.PerMaterialTest" name="testBlockHardness[467: LIME_DYE]" time="0"/>
  <testcase classname="org.bukkit.PerMaterialTest" name="maxStackSize[467: LIME_DYE]" time="0"/>
  <testcase classname="org.bukkit.PerMaterialTest" name="isTransparent[467: LIME_DYE]" time="0"/>
  <testcase classname="org.bukkit.PerMaterialTest" name="testBlockDataCreation[467: LIME_DYE]" time="0"/>
  <testcase classname="org.bukkit.PerMaterialTest" name="isBlock[467: LIME_DYE]" time="0"/>
  <testcase classname="org.bukkit.PerMaterialTest" name="isSolid[467: LIME_DYE]" time="0"/>
  <testcase classname="org.bukkit.PerMaterialTest" name="hasGravity[468: LIME_GLAZED_TERRACOTTA]" time="0"/>
  <testcase classname="org.bukkit.PerMaterialTest" name="isBurnable[468: LIME_GLAZED_TERRACOTTA]" time="0"/>
  <testcase classname="org.bukkit.PerMaterialTest" name="testInteractable[468: LIME_GLAZED_TERRACOTTA]" time="0"/>
  <testcase classname="org.bukkit.PerMaterialTest" name="testBlock[468: LIME_GLAZED_TERRACOTTA]" time="0"/>
  <testcase classname="org.bukkit.PerMaterialTest" name="isFuel[468: LIME_GLAZED_TERRACOTTA]" time="0"/>
  <testcase classname="org.bukkit.PerMaterialTest" name="testItem[468: LIME_GLAZED_TERRACOTTA]" time="0"/>
  <testcase classname="org.bukkit.PerMaterialTest" name="testBlastResistance[468: LIME_GLAZED_TERRACOTTA]" time="0"/>
  <testcase classname="org.bukkit.PerMaterialTest" name="isEdible[468: LIME_GLAZED_TERRACOTTA]" time="0"/>
  <testcase classname="org.bukkit.PerMaterialTest" name="maxDurability[468: LIME_GLAZED_TERRACOTTA]" time="0"/>
  <testcase classname="org.bukkit.PerMaterialTest" name="usesDurability[468: LIME_GLAZED_TERRACOTTA]" time="0"/>
  <testcase classname="org.bukkit.PerMaterialTest" name="isOccluding[468: LIME_GLAZED_TERRACOTTA]" time="0"/>
  <testcase classname="org.bukkit.PerMaterialTest" name="isRecord[468: LIME_GLAZED_TERRACOTTA]" time="0"/>
  <testcase classname="org.bukkit.PerMaterialTest" name="isFlammable[468: LIME_GLAZED_TERRACOTTA]" time="0"/>
  <testcase classname="org.bukkit.PerMaterialTest" name="testDurability[468: LIME_GLAZED_TERRACOTTA]" time="0"/>
  <testcase classname="org.bukkit.PerMaterialTest" name="testBlockHardness[468: LIME_GLAZED_TERRACOTTA]" time="0"/>
  <testcase classname="org.bukkit.PerMaterialTest" name="maxStackSize[468: LIME_GLAZED_TERRACOTTA]" time="0"/>
  <testcase classname="org.bukkit.PerMaterialTest" name="isTransparent[468: LIME_GLAZED_TERRACOTTA]" time="0"/>
  <testcase classname="org.bukkit.PerMaterialTest" name="testBlockDataCreation[468: LIME_GLAZED_TERRACOTTA]" time="0"/>
  <testcase classname="org.bukkit.PerMaterialTest" name="isBlock[468: LIME_GLAZED_TERRACOTTA]" time="0"/>
  <testcase classname="org.bukkit.PerMaterialTest" name="isSolid[468: LIME_GLAZED_TERRACOTTA]" time="0"/>
  <testcase classname="org.bukkit.PerMaterialTest" name="hasGravity[469: LIME_SHULKER_BOX]" time="0"/>
  <testcase classname="org.bukkit.PerMaterialTest" name="isBurnable[469: LIME_SHULKER_BOX]" time="0"/>
  <testcase classname="org.bukkit.PerMaterialTest" name="testInteractable[469: LIME_SHULKER_BOX]" time="0"/>
  <testcase classname="org.bukkit.PerMaterialTest" name="testBlock[469: LIME_SHULKER_BOX]" time="0"/>
  <testcase classname="org.bukkit.PerMaterialTest" name="isFuel[469: LIME_SHULKER_BOX]" time="0"/>
  <testcase classname="org.bukkit.PerMaterialTest" name="testItem[469: LIME_SHULKER_BOX]" time="0.001"/>
  <testcase classname="org.bukkit.PerMaterialTest" name="testBlastResistance[469: LIME_SHULKER_BOX]" time="0"/>
  <testcase classname="org.bukkit.PerMaterialTest" name="isEdible[469: LIME_SHULKER_BOX]" time="0"/>
  <testcase classname="org.bukkit.PerMaterialTest" name="maxDurability[469: LIME_SHULKER_BOX]" time="0"/>
  <testcase classname="org.bukkit.PerMaterialTest" name="usesDurability[469: LIME_SHULKER_BOX]" time="0"/>
  <testcase classname="org.bukkit.PerMaterialTest" name="isOccluding[469: LIME_SHULKER_BOX]" time="0"/>
  <testcase classname="org.bukkit.PerMaterialTest" name="isRecord[469: LIME_SHULKER_BOX]" time="0"/>
  <testcase classname="org.bukkit.PerMaterialTest" name="isFlammable[469: LIME_SHULKER_BOX]" time="0.001"/>
  <testcase classname="org.bukkit.PerMaterialTest" name="testDurability[469: LIME_SHULKER_BOX]" time="0"/>
  <testcase classname="org.bukkit.PerMaterialTest" name="testBlockHardness[469: LIME_SHULKER_BOX]" time="0"/>
  <testcase classname="org.bukkit.PerMaterialTest" name="maxStackSize[469: LIME_SHULKER_BOX]" time="0"/>
  <testcase classname="org.bukkit.PerMaterialTest" name="isTransparent[469: LIME_SHULKER_BOX]" time="0"/>
  <testcase classname="org.bukkit.PerMaterialTest" name="testBlockDataCreation[469: LIME_SHULKER_BOX]" time="0"/>
  <testcase classname="org.bukkit.PerMaterialTest" name="isBlock[469: LIME_SHULKER_BOX]" time="0"/>
  <testcase classname="org.bukkit.PerMaterialTest" name="isSolid[469: LIME_SHULKER_BOX]" time="0"/>
  <testcase classname="org.bukkit.PerMaterialTest" name="hasGravity[470: LIME_STAINED_GLASS]" time="0"/>
  <testcase classname="org.bukkit.PerMaterialTest" name="isBurnable[470: LIME_STAINED_GLASS]" time="0"/>
  <testcase classname="org.bukkit.PerMaterialTest" name="testInteractable[470: LIME_STAINED_GLASS]" time="0"/>
  <testcase classname="org.bukkit.PerMaterialTest" name="testBlock[470: LIME_STAINED_GLASS]" time="0"/>
  <testcase classname="org.bukkit.PerMaterialTest" name="isFuel[470: LIME_STAINED_GLASS]" time="0.001"/>
  <testcase classname="org.bukkit.PerMaterialTest" name="testItem[470: LIME_STAINED_GLASS]" time="0"/>
  <testcase classname="org.bukkit.PerMaterialTest" name="testBlastResistance[470: LIME_STAINED_GLASS]" time="0"/>
  <testcase classname="org.bukkit.PerMaterialTest" name="isEdible[470: LIME_STAINED_GLASS]" time="0"/>
  <testcase classname="org.bukkit.PerMaterialTest" name="maxDurability[470: LIME_STAINED_GLASS]" time="0"/>
  <testcase classname="org.bukkit.PerMaterialTest" name="usesDurability[470: LIME_STAINED_GLASS]" time="0"/>
  <testcase classname="org.bukkit.PerMaterialTest" name="isOccluding[470: LIME_STAINED_GLASS]" time="0"/>
  <testcase classname="org.bukkit.PerMaterialTest" name="isRecord[470: LIME_STAINED_GLASS]" time="0"/>
  <testcase classname="org.bukkit.PerMaterialTest" name="isFlammable[470: LIME_STAINED_GLASS]" time="0.001"/>
  <testcase classname="org.bukkit.PerMaterialTest" name="testDurability[470: LIME_STAINED_GLASS]" time="0"/>
  <testcase classname="org.bukkit.PerMaterialTest" name="testBlockHardness[470: LIME_STAINED_GLASS]" time="0"/>
  <testcase classname="org.bukkit.PerMaterialTest" name="maxStackSize[470: LIME_STAINED_GLASS]" time="0"/>
  <testcase classname="org.bukkit.PerMaterialTest" name="isTransparent[470: LIME_STAINED_GLASS]" time="0"/>
  <testcase classname="org.bukkit.PerMaterialTest" name="testBlockDataCreation[470: LIME_STAINED_GLASS]" time="0"/>
  <testcase classname="org.bukkit.PerMaterialTest" name="isBlock[470: LIME_STAINED_GLASS]" time="0"/>
  <testcase classname="org.bukkit.PerMaterialTest" name="isSolid[470: LIME_STAINED_GLASS]" time="0.001"/>
  <testcase classname="org.bukkit.PerMaterialTest" name="hasGravity[471: LIME_STAINED_GLASS_PANE]" time="0"/>
  <testcase classname="org.bukkit.PerMaterialTest" name="isBurnable[471: LIME_STAINED_GLASS_PANE]" time="0"/>
  <testcase classname="org.bukkit.PerMaterialTest" name="testInteractable[471: LIME_STAINED_GLASS_PANE]" time="0"/>
  <testcase classname="org.bukkit.PerMaterialTest" name="testBlock[471: LIME_STAINED_GLASS_PANE]" time="0"/>
  <testcase classname="org.bukkit.PerMaterialTest" name="isFuel[471: LIME_STAINED_GLASS_PANE]" time="0.001"/>
  <testcase classname="org.bukkit.PerMaterialTest" name="testItem[471: LIME_STAINED_GLASS_PANE]" time="0"/>
  <testcase classname="org.bukkit.PerMaterialTest" name="testBlastResistance[471: LIME_STAINED_GLASS_PANE]" time="0"/>
  <testcase classname="org.bukkit.PerMaterialTest" name="isEdible[471: LIME_STAINED_GLASS_PANE]" time="0"/>
  <testcase classname="org.bukkit.PerMaterialTest" name="maxDurability[471: LIME_STAINED_GLASS_PANE]" time="0"/>
  <testcase classname="org.bukkit.PerMaterialTest" name="usesDurability[471: LIME_STAINED_GLASS_PANE]" time="0"/>
  <testcase classname="org.bukkit.PerMaterialTest" name="isOccluding[471: LIME_STAINED_GLASS_PANE]" time="0"/>
  <testcase classname="org.bukkit.PerMaterialTest" name="isRecord[471: LIME_STAINED_GLASS_PANE]" time="0"/>
  <testcase classname="org.bukkit.PerMaterialTest" name="isFlammable[471: LIME_STAINED_GLASS_PANE]" time="0"/>
  <testcase classname="org.bukkit.PerMaterialTest" name="testDurability[471: LIME_STAINED_GLASS_PANE]" time="0"/>
  <testcase classname="org.bukkit.PerMaterialTest" name="testBlockHardness[471: LIME_STAINED_GLASS_PANE]" time="0"/>
  <testcase classname="org.bukkit.PerMaterialTest" name="maxStackSize[471: LIME_STAINED_GLASS_PANE]" time="0"/>
  <testcase classname="org.bukkit.PerMaterialTest" name="isTransparent[471: LIME_STAINED_GLASS_PANE]" time="0"/>
  <testcase classname="org.bukkit.PerMaterialTest" name="testBlockDataCreation[471: LIME_STAINED_GLASS_PANE]" time="0"/>
  <testcase classname="org.bukkit.PerMaterialTest" name="isBlock[471: LIME_STAINED_GLASS_PANE]" time="0.001"/>
  <testcase classname="org.bukkit.PerMaterialTest" name="isSolid[471: LIME_STAINED_GLASS_PANE]" time="0"/>
  <testcase classname="org.bukkit.PerMaterialTest" name="hasGravity[472: LIME_TERRACOTTA]" time="0"/>
  <testcase classname="org.bukkit.PerMaterialTest" name="isBurnable[472: LIME_TERRACOTTA]" time="0"/>
  <testcase classname="org.bukkit.PerMaterialTest" name="testInteractable[472: LIME_TERRACOTTA]" time="0"/>
  <testcase classname="org.bukkit.PerMaterialTest" name="testBlock[472: LIME_TERRACOTTA]" time="0"/>
  <testcase classname="org.bukkit.PerMaterialTest" name="isFuel[472: LIME_TERRACOTTA]" time="0.001"/>
  <testcase classname="org.bukkit.PerMaterialTest" name="testItem[472: LIME_TERRACOTTA]" time="0"/>
  <testcase classname="org.bukkit.PerMaterialTest" name="testBlastResistance[472: LIME_TERRACOTTA]" time="0"/>
  <testcase classname="org.bukkit.PerMaterialTest" name="isEdible[472: LIME_TERRACOTTA]" time="0"/>
  <testcase classname="org.bukkit.PerMaterialTest" name="maxDurability[472: LIME_TERRACOTTA]" time="0"/>
  <testcase classname="org.bukkit.PerMaterialTest" name="usesDurability[472: LIME_TERRACOTTA]" time="0"/>
  <testcase classname="org.bukkit.PerMaterialTest" name="isOccluding[472: LIME_TERRACOTTA]" time="0"/>
  <testcase classname="org.bukkit.PerMaterialTest" name="isRecord[472: LIME_TERRACOTTA]" time="0"/>
  <testcase classname="org.bukkit.PerMaterialTest" name="isFlammable[472: LIME_TERRACOTTA]" time="0"/>
  <testcase classname="org.bukkit.PerMaterialTest" name="testDurability[472: LIME_TERRACOTTA]" time="0"/>
  <testcase classname="org.bukkit.PerMaterialTest" name="testBlockHardness[472: LIME_TERRACOTTA]" time="0"/>
  <testcase classname="org.bukkit.PerMaterialTest" name="maxStackSize[472: LIME_TERRACOTTA]" time="0"/>
  <testcase classname="org.bukkit.PerMaterialTest" name="isTransparent[472: LIME_TERRACOTTA]" time="0"/>
  <testcase classname="org.bukkit.PerMaterialTest" name="testBlockDataCreation[472: LIME_TERRACOTTA]" time="0"/>
  <testcase classname="org.bukkit.PerMaterialTest" name="isBlock[472: LIME_TERRACOTTA]" time="0"/>
  <testcase classname="org.bukkit.PerMaterialTest" name="isSolid[472: LIME_TERRACOTTA]" time="0"/>
  <testcase classname="org.bukkit.PerMaterialTest" name="hasGravity[473: LIME_WALL_BANNER]" time="0"/>
  <testcase classname="org.bukkit.PerMaterialTest" name="isBurnable[473: LIME_WALL_BANNER]" time="0"/>
  <testcase classname="org.bukkit.PerMaterialTest" name="testInteractable[473: LIME_WALL_BANNER]" time="0"/>
  <testcase classname="org.bukkit.PerMaterialTest" name="testBlock[473: LIME_WALL_BANNER]" time="0.001"/>
  <testcase classname="org.bukkit.PerMaterialTest" name="isFuel[473: LIME_WALL_BANNER]" time="0"/>
  <testcase classname="org.bukkit.PerMaterialTest" name="testItem[473: LIME_WALL_BANNER]" time="0"/>
  <testcase classname="org.bukkit.PerMaterialTest" name="testBlastResistance[473: LIME_WALL_BANNER]" time="0"/>
  <testcase classname="org.bukkit.PerMaterialTest" name="isEdible[473: LIME_WALL_BANNER]" time="0"/>
  <testcase classname="org.bukkit.PerMaterialTest" name="maxDurability[473: LIME_WALL_BANNER]" time="0"/>
  <testcase classname="org.bukkit.PerMaterialTest" name="usesDurability[473: LIME_WALL_BANNER]" time="0"/>
  <testcase classname="org.bukkit.PerMaterialTest" name="isOccluding[473: LIME_WALL_BANNER]" time="0"/>
  <testcase classname="org.bukkit.PerMaterialTest" name="isRecord[473: LIME_WALL_BANNER]" time="0"/>
  <testcase classname="org.bukkit.PerMaterialTest" name="isFlammable[473: LIME_WALL_BANNER]" time="0"/>
  <testcase classname="org.bukkit.PerMaterialTest" name="testDurability[473: LIME_WALL_BANNER]" time="0"/>
  <testcase classname="org.bukkit.PerMaterialTest" name="testBlockHardness[473: LIME_WALL_BANNER]" time="0"/>
  <testcase classname="org.bukkit.PerMaterialTest" name="maxStackSize[473: LIME_WALL_BANNER]" time="0"/>
  <testcase classname="org.bukkit.PerMaterialTest" name="isTransparent[473: LIME_WALL_BANNER]" time="0"/>
  <testcase classname="org.bukkit.PerMaterialTest" name="testBlockDataCreation[473: LIME_WALL_BANNER]" time="0.001"/>
  <testcase classname="org.bukkit.PerMaterialTest" name="isBlock[473: LIME_WALL_BANNER]" time="0"/>
  <testcase classname="org.bukkit.PerMaterialTest" name="isSolid[473: LIME_WALL_BANNER]" time="0"/>
  <testcase classname="org.bukkit.PerMaterialTest" name="hasGravity[474: LIME_WOOL]" time="0"/>
  <testcase classname="org.bukkit.PerMaterialTest" name="isBurnable[474: LIME_WOOL]" time="0"/>
  <testcase classname="org.bukkit.PerMaterialTest" name="testInteractable[474: LIME_WOOL]" time="0"/>
  <testcase classname="org.bukkit.PerMaterialTest" name="testBlock[474: LIME_WOOL]" time="0"/>
  <testcase classname="org.bukkit.PerMaterialTest" name="isFuel[474: LIME_WOOL]" time="0.001"/>
  <testcase classname="org.bukkit.PerMaterialTest" name="testItem[474: LIME_WOOL]" time="0"/>
  <testcase classname="org.bukkit.PerMaterialTest" name="testBlastResistance[474: LIME_WOOL]" time="0"/>
  <testcase classname="org.bukkit.PerMaterialTest" name="isEdible[474: LIME_WOOL]" time="0"/>
  <testcase classname="org.bukkit.PerMaterialTest" name="maxDurability[474: LIME_WOOL]" time="0"/>
  <testcase classname="org.bukkit.PerMaterialTest" name="usesDurability[474: LIME_WOOL]" time="0.001"/>
  <testcase classname="org.bukkit.PerMaterialTest" name="isOccluding[474: LIME_WOOL]" time="0"/>
  <testcase classname="org.bukkit.PerMaterialTest" name="isRecord[474: LIME_WOOL]" time="0"/>
  <testcase classname="org.bukkit.PerMaterialTest" name="isFlammable[474: LIME_WOOL]" time="0"/>
  <testcase classname="org.bukkit.PerMaterialTest" name="testDurability[474: LIME_WOOL]" time="0"/>
  <testcase classname="org.bukkit.PerMaterialTest" name="testBlockHardness[474: LIME_WOOL]" time="0"/>
  <testcase classname="org.bukkit.PerMaterialTest" name="maxStackSize[474: LIME_WOOL]" time="0"/>
  <testcase classname="org.bukkit.PerMaterialTest" name="isTransparent[474: LIME_WOOL]" time="0"/>
  <testcase classname="org.bukkit.PerMaterialTest" name="testBlockDataCreation[474: LIME_WOOL]" time="0"/>
  <testcase classname="org.bukkit.PerMaterialTest" name="isBlock[474: LIME_WOOL]" time="0"/>
  <testcase classname="org.bukkit.PerMaterialTest" name="isSolid[474: LIME_WOOL]" time="0"/>
  <testcase classname="org.bukkit.PerMaterialTest" name="hasGravity[475: LINGERING_POTION]" time="0"/>
  <testcase classname="org.bukkit.PerMaterialTest" name="isBurnable[475: LINGERING_POTION]" time="0"/>
  <testcase classname="org.bukkit.PerMaterialTest" name="testInteractable[475: LINGERING_POTION]" time="0"/>
  <testcase classname="org.bukkit.PerMaterialTest" name="testBlock[475: LINGERING_POTION]" time="0"/>
  <testcase classname="org.bukkit.PerMaterialTest" name="isFuel[475: LINGERING_POTION]" time="0.001"/>
  <testcase classname="org.bukkit.PerMaterialTest" name="testItem[475: LINGERING_POTION]" time="0"/>
  <testcase classname="org.bukkit.PerMaterialTest" name="testBlastResistance[475: LINGERING_POTION]" time="0"/>
  <testcase classname="org.bukkit.PerMaterialTest" name="isEdible[475: LINGERING_POTION]" time="0"/>
  <testcase classname="org.bukkit.PerMaterialTest" name="maxDurability[475: LINGERING_POTION]" time="0"/>
  <testcase classname="org.bukkit.PerMaterialTest" name="usesDurability[475: LINGERING_POTION]" time="0"/>
  <testcase classname="org.bukkit.PerMaterialTest" name="isOccluding[475: LINGERING_POTION]" time="0"/>
  <testcase classname="org.bukkit.PerMaterialTest" name="isRecord[475: LINGERING_POTION]" time="0"/>
  <testcase classname="org.bukkit.PerMaterialTest" name="isFlammable[475: LINGERING_POTION]" time="0"/>
  <testcase classname="org.bukkit.PerMaterialTest" name="testDurability[475: LINGERING_POTION]" time="0"/>
  <testcase classname="org.bukkit.PerMaterialTest" name="testBlockHardness[475: LINGERING_POTION]" time="0"/>
  <testcase classname="org.bukkit.PerMaterialTest" name="maxStackSize[475: LINGERING_POTION]" time="0"/>
  <testcase classname="org.bukkit.PerMaterialTest" name="isTransparent[475: LINGERING_POTION]" time="0"/>
  <testcase classname="org.bukkit.PerMaterialTest" name="testBlockDataCreation[475: LINGERING_POTION]" time="0"/>
  <testcase classname="org.bukkit.PerMaterialTest" name="isBlock[475: LINGERING_POTION]" time="0"/>
  <testcase classname="org.bukkit.PerMaterialTest" name="isSolid[475: LINGERING_POTION]" time="0"/>
  <testcase classname="org.bukkit.PerMaterialTest" name="hasGravity[476: LLAMA_SPAWN_EGG]" time="0"/>
  <testcase classname="org.bukkit.PerMaterialTest" name="isBurnable[476: LLAMA_SPAWN_EGG]" time="0"/>
  <testcase classname="org.bukkit.PerMaterialTest" name="testInteractable[476: LLAMA_SPAWN_EGG]" time="0"/>
  <testcase classname="org.bukkit.PerMaterialTest" name="testBlock[476: LLAMA_SPAWN_EGG]" time="0"/>
  <testcase classname="org.bukkit.PerMaterialTest" name="isFuel[476: LLAMA_SPAWN_EGG]" time="0.001"/>
  <testcase classname="org.bukkit.PerMaterialTest" name="testItem[476: LLAMA_SPAWN_EGG]" time="0"/>
  <testcase classname="org.bukkit.PerMaterialTest" name="testBlastResistance[476: LLAMA_SPAWN_EGG]" time="0"/>
  <testcase classname="org.bukkit.PerMaterialTest" name="isEdible[476: LLAMA_SPAWN_EGG]" time="0"/>
  <testcase classname="org.bukkit.PerMaterialTest" name="maxDurability[476: LLAMA_SPAWN_EGG]" time="0"/>
  <testcase classname="org.bukkit.PerMaterialTest" name="usesDurability[476: LLAMA_SPAWN_EGG]" time="0"/>
  <testcase classname="org.bukkit.PerMaterialTest" name="isOccluding[476: LLAMA_SPAWN_EGG]" time="0"/>
  <testcase classname="org.bukkit.PerMaterialTest" name="isRecord[476: LLAMA_SPAWN_EGG]" time="0"/>
  <testcase classname="org.bukkit.PerMaterialTest" name="isFlammable[476: LLAMA_SPAWN_EGG]" time="0"/>
  <testcase classname="org.bukkit.PerMaterialTest" name="testDurability[476: LLAMA_SPAWN_EGG]" time="0"/>
  <testcase classname="org.bukkit.PerMaterialTest" name="testBlockHardness[476: LLAMA_SPAWN_EGG]" time="0"/>
  <testcase classname="org.bukkit.PerMaterialTest" name="maxStackSize[476: LLAMA_SPAWN_EGG]" time="0"/>
  <testcase classname="org.bukkit.PerMaterialTest" name="isTransparent[476: LLAMA_SPAWN_EGG]" time="0"/>
  <testcase classname="org.bukkit.PerMaterialTest" name="testBlockDataCreation[476: LLAMA_SPAWN_EGG]" time="0"/>
  <testcase classname="org.bukkit.PerMaterialTest" name="isBlock[476: LLAMA_SPAWN_EGG]" time="0"/>
  <testcase classname="org.bukkit.PerMaterialTest" name="isSolid[476: LLAMA_SPAWN_EGG]" time="0"/>
  <testcase classname="org.bukkit.PerMaterialTest" name="hasGravity[477: MAGENTA_BANNER]" time="0"/>
  <testcase classname="org.bukkit.PerMaterialTest" name="isBurnable[477: MAGENTA_BANNER]" time="0"/>
  <testcase classname="org.bukkit.PerMaterialTest" name="testInteractable[477: MAGENTA_BANNER]" time="0"/>
  <testcase classname="org.bukkit.PerMaterialTest" name="testBlock[477: MAGENTA_BANNER]" time="0"/>
  <testcase classname="org.bukkit.PerMaterialTest" name="isFuel[477: MAGENTA_BANNER]" time="0"/>
  <testcase classname="org.bukkit.PerMaterialTest" name="testItem[477: MAGENTA_BANNER]" time="0"/>
  <testcase classname="org.bukkit.PerMaterialTest" name="testBlastResistance[477: MAGENTA_BANNER]" time="0"/>
  <testcase classname="org.bukkit.PerMaterialTest" name="isEdible[477: MAGENTA_BANNER]" time="0"/>
  <testcase classname="org.bukkit.PerMaterialTest" name="maxDurability[477: MAGENTA_BANNER]" time="0"/>
  <testcase classname="org.bukkit.PerMaterialTest" name="usesDurability[477: MAGENTA_BANNER]" time="0"/>
  <testcase classname="org.bukkit.PerMaterialTest" name="isOccluding[477: MAGENTA_BANNER]" time="0"/>
  <testcase classname="org.bukkit.PerMaterialTest" name="isRecord[477: MAGENTA_BANNER]" time="0"/>
  <testcase classname="org.bukkit.PerMaterialTest" name="isFlammable[477: MAGENTA_BANNER]" time="0"/>
  <testcase classname="org.bukkit.PerMaterialTest" name="testDurability[477: MAGENTA_BANNER]" time="0"/>
  <testcase classname="org.bukkit.PerMaterialTest" name="testBlockHardness[477: MAGENTA_BANNER]" time="0"/>
  <testcase classname="org.bukkit.PerMaterialTest" name="maxStackSize[477: MAGENTA_BANNER]" time="0"/>
  <testcase classname="org.bukkit.PerMaterialTest" name="isTransparent[477: MAGENTA_BANNER]" time="0"/>
  <testcase classname="org.bukkit.PerMaterialTest" name="testBlockDataCreation[477: MAGENTA_BANNER]" time="0"/>
  <testcase classname="org.bukkit.PerMaterialTest" name="isBlock[477: MAGENTA_BANNER]" time="0"/>
  <testcase classname="org.bukkit.PerMaterialTest" name="isSolid[477: MAGENTA_BANNER]" time="0"/>
  <testcase classname="org.bukkit.PerMaterialTest" name="hasGravity[478: MAGENTA_BED]" time="0"/>
  <testcase classname="org.bukkit.PerMaterialTest" name="isBurnable[478: MAGENTA_BED]" time="0"/>
  <testcase classname="org.bukkit.PerMaterialTest" name="testInteractable[478: MAGENTA_BED]" time="0"/>
  <testcase classname="org.bukkit.PerMaterialTest" name="testBlock[478: MAGENTA_BED]" time="0"/>
  <testcase classname="org.bukkit.PerMaterialTest" name="isFuel[478: MAGENTA_BED]" time="0"/>
  <testcase classname="org.bukkit.PerMaterialTest" name="testItem[478: MAGENTA_BED]" time="0"/>
  <testcase classname="org.bukkit.PerMaterialTest" name="testBlastResistance[478: MAGENTA_BED]" time="0"/>
  <testcase classname="org.bukkit.PerMaterialTest" name="isEdible[478: MAGENTA_BED]" time="0"/>
  <testcase classname="org.bukkit.PerMaterialTest" name="maxDurability[478: MAGENTA_BED]" time="0"/>
  <testcase classname="org.bukkit.PerMaterialTest" name="usesDurability[478: MAGENTA_BED]" time="0"/>
  <testcase classname="org.bukkit.PerMaterialTest" name="isOccluding[478: MAGENTA_BED]" time="0"/>
  <testcase classname="org.bukkit.PerMaterialTest" name="isRecord[478: MAGENTA_BED]" time="0"/>
  <testcase classname="org.bukkit.PerMaterialTest" name="isFlammable[478: MAGENTA_BED]" time="0"/>
  <testcase classname="org.bukkit.PerMaterialTest" name="testDurability[478: MAGENTA_BED]" time="0"/>
  <testcase classname="org.bukkit.PerMaterialTest" name="testBlockHardness[478: MAGENTA_BED]" time="0"/>
  <testcase classname="org.bukkit.PerMaterialTest" name="maxStackSize[478: MAGENTA_BED]" time="0"/>
  <testcase classname="org.bukkit.PerMaterialTest" name="isTransparent[478: MAGENTA_BED]" time="0"/>
  <testcase classname="org.bukkit.PerMaterialTest" name="testBlockDataCreation[478: MAGENTA_BED]" time="0.001"/>
  <testcase classname="org.bukkit.PerMaterialTest" name="isBlock[478: MAGENTA_BED]" time="0"/>
  <testcase classname="org.bukkit.PerMaterialTest" name="isSolid[478: MAGENTA_BED]" time="0"/>
  <testcase classname="org.bukkit.PerMaterialTest" name="hasGravity[479: MAGENTA_CARPET]" time="0"/>
  <testcase classname="org.bukkit.PerMaterialTest" name="isBurnable[479: MAGENTA_CARPET]" time="0"/>
  <testcase classname="org.bukkit.PerMaterialTest" name="testInteractable[479: MAGENTA_CARPET]" time="0"/>
  <testcase classname="org.bukkit.PerMaterialTest" name="testBlock[479: MAGENTA_CARPET]" time="0"/>
  <testcase classname="org.bukkit.PerMaterialTest" name="isFuel[479: MAGENTA_CARPET]" time="0"/>
  <testcase classname="org.bukkit.PerMaterialTest" name="testItem[479: MAGENTA_CARPET]" time="0"/>
  <testcase classname="org.bukkit.PerMaterialTest" name="testBlastResistance[479: MAGENTA_CARPET]" time="0"/>
  <testcase classname="org.bukkit.PerMaterialTest" name="isEdible[479: MAGENTA_CARPET]" time="0"/>
  <testcase classname="org.bukkit.PerMaterialTest" name="maxDurability[479: MAGENTA_CARPET]" time="0"/>
  <testcase classname="org.bukkit.PerMaterialTest" name="usesDurability[479: MAGENTA_CARPET]" time="0.001"/>
  <testcase classname="org.bukkit.PerMaterialTest" name="isOccluding[479: MAGENTA_CARPET]" time="0"/>
  <testcase classname="org.bukkit.PerMaterialTest" name="isRecord[479: MAGENTA_CARPET]" time="0"/>
  <testcase classname="org.bukkit.PerMaterialTest" name="isFlammable[479: MAGENTA_CARPET]" time="0"/>
  <testcase classname="org.bukkit.PerMaterialTest" name="testDurability[479: MAGENTA_CARPET]" time="0"/>
  <testcase classname="org.bukkit.PerMaterialTest" name="testBlockHardness[479: MAGENTA_CARPET]" time="0"/>
  <testcase classname="org.bukkit.PerMaterialTest" name="maxStackSize[479: MAGENTA_CARPET]" time="0"/>
  <testcase classname="org.bukkit.PerMaterialTest" name="isTransparent[479: MAGENTA_CARPET]" time="0.001"/>
  <testcase classname="org.bukkit.PerMaterialTest" name="testBlockDataCreation[479: MAGENTA_CARPET]" time="0"/>
  <testcase classname="org.bukkit.PerMaterialTest" name="isBlock[479: MAGENTA_CARPET]" time="0"/>
  <testcase classname="org.bukkit.PerMaterialTest" name="isSolid[479: MAGENTA_CARPET]" time="0"/>
  <testcase classname="org.bukkit.PerMaterialTest" name="hasGravity[480: MAGENTA_CONCRETE]" time="0"/>
  <testcase classname="org.bukkit.PerMaterialTest" name="isBurnable[480: MAGENTA_CONCRETE]" time="0.001"/>
  <testcase classname="org.bukkit.PerMaterialTest" name="testInteractable[480: MAGENTA_CONCRETE]" time="0"/>
  <testcase classname="org.bukkit.PerMaterialTest" name="testBlock[480: MAGENTA_CONCRETE]" time="0"/>
  <testcase classname="org.bukkit.PerMaterialTest" name="isFuel[480: MAGENTA_CONCRETE]" time="0"/>
  <testcase classname="org.bukkit.PerMaterialTest" name="testItem[480: MAGENTA_CONCRETE]" time="0"/>
  <testcase classname="org.bukkit.PerMaterialTest" name="testBlastResistance[480: MAGENTA_CONCRETE]" time="0"/>
  <testcase classname="org.bukkit.PerMaterialTest" name="isEdible[480: MAGENTA_CONCRETE]" time="0"/>
  <testcase classname="org.bukkit.PerMaterialTest" name="maxDurability[480: MAGENTA_CONCRETE]" time="0"/>
  <testcase classname="org.bukkit.PerMaterialTest" name="usesDurability[480: MAGENTA_CONCRETE]" time="0"/>
  <testcase classname="org.bukkit.PerMaterialTest" name="isOccluding[480: MAGENTA_CONCRETE]" time="0"/>
  <testcase classname="org.bukkit.PerMaterialTest" name="isRecord[480: MAGENTA_CONCRETE]" time="0"/>
  <testcase classname="org.bukkit.PerMaterialTest" name="isFlammable[480: MAGENTA_CONCRETE]" time="0"/>
  <testcase classname="org.bukkit.PerMaterialTest" name="testDurability[480: MAGENTA_CONCRETE]" time="0"/>
  <testcase classname="org.bukkit.PerMaterialTest" name="testBlockHardness[480: MAGENTA_CONCRETE]" time="0"/>
  <testcase classname="org.bukkit.PerMaterialTest" name="maxStackSize[480: MAGENTA_CONCRETE]" time="0.001"/>
  <testcase classname="org.bukkit.PerMaterialTest" name="isTransparent[480: MAGENTA_CONCRETE]" time="0"/>
  <testcase classname="org.bukkit.PerMaterialTest" name="testBlockDataCreation[480: MAGENTA_CONCRETE]" time="0"/>
  <testcase classname="org.bukkit.PerMaterialTest" name="isBlock[480: MAGENTA_CONCRETE]" time="0"/>
  <testcase classname="org.bukkit.PerMaterialTest" name="isSolid[480: MAGENTA_CONCRETE]" time="0"/>
  <testcase classname="org.bukkit.PerMaterialTest" name="hasGravity[481: MAGENTA_CONCRETE_POWDER]" time="0"/>
  <testcase classname="org.bukkit.PerMaterialTest" name="isBurnable[481: MAGENTA_CONCRETE_POWDER]" time="0"/>
  <testcase classname="org.bukkit.PerMaterialTest" name="testInteractable[481: MAGENTA_CONCRETE_POWDER]" time="0"/>
  <testcase classname="org.bukkit.PerMaterialTest" name="testBlock[481: MAGENTA_CONCRETE_POWDER]" time="0"/>
  <testcase classname="org.bukkit.PerMaterialTest" name="isFuel[481: MAGENTA_CONCRETE_POWDER]" time="0"/>
  <testcase classname="org.bukkit.PerMaterialTest" name="testItem[481: MAGENTA_CONCRETE_POWDER]" time="0"/>
  <testcase classname="org.bukkit.PerMaterialTest" name="testBlastResistance[481: MAGENTA_CONCRETE_POWDER]" time="0"/>
  <testcase classname="org.bukkit.PerMaterialTest" name="isEdible[481: MAGENTA_CONCRETE_POWDER]" time="0.001"/>
  <testcase classname="org.bukkit.PerMaterialTest" name="maxDurability[481: MAGENTA_CONCRETE_POWDER]" time="0"/>
  <testcase classname="org.bukkit.PerMaterialTest" name="usesDurability[481: MAGENTA_CONCRETE_POWDER]" time="0"/>
  <testcase classname="org.bukkit.PerMaterialTest" name="isOccluding[481: MAGENTA_CONCRETE_POWDER]" time="0"/>
  <testcase classname="org.bukkit.PerMaterialTest" name="isRecord[481: MAGENTA_CONCRETE_POWDER]" time="0"/>
  <testcase classname="org.bukkit.PerMaterialTest" name="isFlammable[481: MAGENTA_CONCRETE_POWDER]" time="0"/>
  <testcase classname="org.bukkit.PerMaterialTest" name="testDurability[481: MAGENTA_CONCRETE_POWDER]" time="0"/>
  <testcase classname="org.bukkit.PerMaterialTest" name="testBlockHardness[481: MAGENTA_CONCRETE_POWDER]" time="0.001"/>
  <testcase classname="org.bukkit.PerMaterialTest" name="maxStackSize[481: MAGENTA_CONCRETE_POWDER]" time="0"/>
  <testcase classname="org.bukkit.PerMaterialTest" name="isTransparent[481: MAGENTA_CONCRETE_POWDER]" time="0"/>
  <testcase classname="org.bukkit.PerMaterialTest" name="testBlockDataCreation[481: MAGENTA_CONCRETE_POWDER]" time="0"/>
  <testcase classname="org.bukkit.PerMaterialTest" name="isBlock[481: MAGENTA_CONCRETE_POWDER]" time="0"/>
  <testcase classname="org.bukkit.PerMaterialTest" name="isSolid[481: MAGENTA_CONCRETE_POWDER]" time="0"/>
  <testcase classname="org.bukkit.PerMaterialTest" name="hasGravity[482: MAGENTA_DYE]" time="0"/>
  <testcase classname="org.bukkit.PerMaterialTest" name="isBurnable[482: MAGENTA_DYE]" time="0"/>
  <testcase classname="org.bukkit.PerMaterialTest" name="testInteractable[482: MAGENTA_DYE]" time="0"/>
  <testcase classname="org.bukkit.PerMaterialTest" name="testBlock[482: MAGENTA_DYE]" time="0"/>
  <testcase classname="org.bukkit.PerMaterialTest" name="isFuel[482: MAGENTA_DYE]" time="0"/>
  <testcase classname="org.bukkit.PerMaterialTest" name="testItem[482: MAGENTA_DYE]" time="0"/>
  <testcase classname="org.bukkit.PerMaterialTest" name="testBlastResistance[482: MAGENTA_DYE]" time="0"/>
  <testcase classname="org.bukkit.PerMaterialTest" name="isEdible[482: MAGENTA_DYE]" time="0"/>
  <testcase classname="org.bukkit.PerMaterialTest" name="maxDurability[482: MAGENTA_DYE]" time="0"/>
  <testcase classname="org.bukkit.PerMaterialTest" name="usesDurability[482: MAGENTA_DYE]" time="0"/>
  <testcase classname="org.bukkit.PerMaterialTest" name="isOccluding[482: MAGENTA_DYE]" time="0"/>
  <testcase classname="org.bukkit.PerMaterialTest" name="isRecord[482: MAGENTA_DYE]" time="0"/>
  <testcase classname="org.bukkit.PerMaterialTest" name="isFlammable[482: MAGENTA_DYE]" time="0"/>
  <testcase classname="org.bukkit.PerMaterialTest" name="testDurability[482: MAGENTA_DYE]" time="0"/>
  <testcase classname="org.bukkit.PerMaterialTest" name="testBlockHardness[482: MAGENTA_DYE]" time="0.001"/>
  <testcase classname="org.bukkit.PerMaterialTest" name="maxStackSize[482: MAGENTA_DYE]" time="0"/>
  <testcase classname="org.bukkit.PerMaterialTest" name="isTransparent[482: MAGENTA_DYE]" time="0"/>
  <testcase classname="org.bukkit.PerMaterialTest" name="testBlockDataCreation[482: MAGENTA_DYE]" time="0"/>
  <testcase classname="org.bukkit.PerMaterialTest" name="isBlock[482: MAGENTA_DYE]" time="0"/>
  <testcase classname="org.bukkit.PerMaterialTest" name="isSolid[482: MAGENTA_DYE]" time="0"/>
  <testcase classname="org.bukkit.PerMaterialTest" name="hasGravity[483: MAGENTA_GLAZED_TERRACOTTA]" time="0"/>
  <testcase classname="org.bukkit.PerMaterialTest" name="isBurnable[483: MAGENTA_GLAZED_TERRACOTTA]" time="0"/>
  <testcase classname="org.bukkit.PerMaterialTest" name="testInteractable[483: MAGENTA_GLAZED_TERRACOTTA]" time="0"/>
  <testcase classname="org.bukkit.PerMaterialTest" name="testBlock[483: MAGENTA_GLAZED_TERRACOTTA]" time="0"/>
  <testcase classname="org.bukkit.PerMaterialTest" name="isFuel[483: MAGENTA_GLAZED_TERRACOTTA]" time="0"/>
  <testcase classname="org.bukkit.PerMaterialTest" name="testItem[483: MAGENTA_GLAZED_TERRACOTTA]" time="0"/>
  <testcase classname="org.bukkit.PerMaterialTest" name="testBlastResistance[483: MAGENTA_GLAZED_TERRACOTTA]" time="0"/>
  <testcase classname="org.bukkit.PerMaterialTest" name="isEdible[483: MAGENTA_GLAZED_TERRACOTTA]" time="0.001"/>
  <testcase classname="org.bukkit.PerMaterialTest" name="maxDurability[483: MAGENTA_GLAZED_TERRACOTTA]" time="0"/>
  <testcase classname="org.bukkit.PerMaterialTest" name="usesDurability[483: MAGENTA_GLAZED_TERRACOTTA]" time="0"/>
  <testcase classname="org.bukkit.PerMaterialTest" name="isOccluding[483: MAGENTA_GLAZED_TERRACOTTA]" time="0"/>
  <testcase classname="org.bukkit.PerMaterialTest" name="isRecord[483: MAGENTA_GLAZED_TERRACOTTA]" time="0"/>
  <testcase classname="org.bukkit.PerMaterialTest" name="isFlammable[483: MAGENTA_GLAZED_TERRACOTTA]" time="0"/>
  <testcase classname="org.bukkit.PerMaterialTest" name="testDurability[483: MAGENTA_GLAZED_TERRACOTTA]" time="0"/>
  <testcase classname="org.bukkit.PerMaterialTest" name="testBlockHardness[483: MAGENTA_GLAZED_TERRACOTTA]" time="0"/>
  <testcase classname="org.bukkit.PerMaterialTest" name="maxStackSize[483: MAGENTA_GLAZED_TERRACOTTA]" time="0"/>
  <testcase classname="org.bukkit.PerMaterialTest" name="isTransparent[483: MAGENTA_GLAZED_TERRACOTTA]" time="0"/>
  <testcase classname="org.bukkit.PerMaterialTest" name="testBlockDataCreation[483: MAGENTA_GLAZED_TERRACOTTA]" time="0"/>
  <testcase classname="org.bukkit.PerMaterialTest" name="isBlock[483: MAGENTA_GLAZED_TERRACOTTA]" time="0"/>
  <testcase classname="org.bukkit.PerMaterialTest" name="isSolid[483: MAGENTA_GLAZED_TERRACOTTA]" time="0.001"/>
  <testcase classname="org.bukkit.PerMaterialTest" name="hasGravity[484: MAGENTA_SHULKER_BOX]" time="0"/>
  <testcase classname="org.bukkit.PerMaterialTest" name="isBurnable[484: MAGENTA_SHULKER_BOX]" time="0"/>
  <testcase classname="org.bukkit.PerMaterialTest" name="testInteractable[484: MAGENTA_SHULKER_BOX]" time="0"/>
  <testcase classname="org.bukkit.PerMaterialTest" name="testBlock[484: MAGENTA_SHULKER_BOX]" time="0"/>
  <testcase classname="org.bukkit.PerMaterialTest" name="isFuel[484: MAGENTA_SHULKER_BOX]" time="0"/>
  <testcase classname="org.bukkit.PerMaterialTest" name="testItem[484: MAGENTA_SHULKER_BOX]" time="0"/>
  <testcase classname="org.bukkit.PerMaterialTest" name="testBlastResistance[484: MAGENTA_SHULKER_BOX]" time="0"/>
  <testcase classname="org.bukkit.PerMaterialTest" name="isEdible[484: MAGENTA_SHULKER_BOX]" time="0"/>
  <testcase classname="org.bukkit.PerMaterialTest" name="maxDurability[484: MAGENTA_SHULKER_BOX]" time="0"/>
  <testcase classname="org.bukkit.PerMaterialTest" name="usesDurability[484: MAGENTA_SHULKER_BOX]" time="0"/>
  <testcase classname="org.bukkit.PerMaterialTest" name="isOccluding[484: MAGENTA_SHULKER_BOX]" time="0"/>
  <testcase classname="org.bukkit.PerMaterialTest" name="isRecord[484: MAGENTA_SHULKER_BOX]" time="0"/>
  <testcase classname="org.bukkit.PerMaterialTest" name="isFlammable[484: MAGENTA_SHULKER_BOX]" time="0.001"/>
  <testcase classname="org.bukkit.PerMaterialTest" name="testDurability[484: MAGENTA_SHULKER_BOX]" time="0"/>
  <testcase classname="org.bukkit.PerMaterialTest" name="testBlockHardness[484: MAGENTA_SHULKER_BOX]" time="0"/>
  <testcase classname="org.bukkit.PerMaterialTest" name="maxStackSize[484: MAGENTA_SHULKER_BOX]" time="0"/>
  <testcase classname="org.bukkit.PerMaterialTest" name="isTransparent[484: MAGENTA_SHULKER_BOX]" time="0"/>
  <testcase classname="org.bukkit.PerMaterialTest" name="testBlockDataCreation[484: MAGENTA_SHULKER_BOX]" time="0"/>
  <testcase classname="org.bukkit.PerMaterialTest" name="isBlock[484: MAGENTA_SHULKER_BOX]" time="0"/>
  <testcase classname="org.bukkit.PerMaterialTest" name="isSolid[484: MAGENTA_SHULKER_BOX]" time="0"/>
  <testcase classname="org.bukkit.PerMaterialTest" name="hasGravity[485: MAGENTA_STAINED_GLASS]" time="0"/>
  <testcase classname="org.bukkit.PerMaterialTest" name="isBurnable[485: MAGENTA_STAINED_GLASS]" time="0"/>
  <testcase classname="org.bukkit.PerMaterialTest" name="testInteractable[485: MAGENTA_STAINED_GLASS]" time="0"/>
  <testcase classname="org.bukkit.PerMaterialTest" name="testBlock[485: MAGENTA_STAINED_GLASS]" time="0"/>
  <testcase classname="org.bukkit.PerMaterialTest" name="isFuel[485: MAGENTA_STAINED_GLASS]" time="0.001"/>
  <testcase classname="org.bukkit.PerMaterialTest" name="testItem[485: MAGENTA_STAINED_GLASS]" time="0"/>
  <testcase classname="org.bukkit.PerMaterialTest" name="testBlastResistance[485: MAGENTA_STAINED_GLASS]" time="0"/>
  <testcase classname="org.bukkit.PerMaterialTest" name="isEdible[485: MAGENTA_STAINED_GLASS]" time="0"/>
  <testcase classname="org.bukkit.PerMaterialTest" name="maxDurability[485: MAGENTA_STAINED_GLASS]" time="0"/>
  <testcase classname="org.bukkit.PerMaterialTest" name="usesDurability[485: MAGENTA_STAINED_GLASS]" time="0"/>
  <testcase classname="org.bukkit.PerMaterialTest" name="isOccluding[485: MAGENTA_STAINED_GLASS]" time="0"/>
  <testcase classname="org.bukkit.PerMaterialTest" name="isRecord[485: MAGENTA_STAINED_GLASS]" time="0.001"/>
  <testcase classname="org.bukkit.PerMaterialTest" name="isFlammable[485: MAGENTA_STAINED_GLASS]" time="0"/>
  <testcase classname="org.bukkit.PerMaterialTest" name="testDurability[485: MAGENTA_STAINED_GLASS]" time="0"/>
  <testcase classname="org.bukkit.PerMaterialTest" name="testBlockHardness[485: MAGENTA_STAINED_GLASS]" time="0"/>
  <testcase classname="org.bukkit.PerMaterialTest" name="maxStackSize[485: MAGENTA_STAINED_GLASS]" time="0"/>
  <testcase classname="org.bukkit.PerMaterialTest" name="isTransparent[485: MAGENTA_STAINED_GLASS]" time="0"/>
  <testcase classname="org.bukkit.PerMaterialTest" name="testBlockDataCreation[485: MAGENTA_STAINED_GLASS]" time="0"/>
  <testcase classname="org.bukkit.PerMaterialTest" name="isBlock[485: MAGENTA_STAINED_GLASS]" time="0"/>
  <testcase classname="org.bukkit.PerMaterialTest" name="isSolid[485: MAGENTA_STAINED_GLASS]" time="0"/>
  <testcase classname="org.bukkit.PerMaterialTest" name="hasGravity[486: MAGENTA_STAINED_GLASS_PANE]" time="0"/>
  <testcase classname="org.bukkit.PerMaterialTest" name="isBurnable[486: MAGENTA_STAINED_GLASS_PANE]" time="0"/>
  <testcase classname="org.bukkit.PerMaterialTest" name="testInteractable[486: MAGENTA_STAINED_GLASS_PANE]" time="0"/>
  <testcase classname="org.bukkit.PerMaterialTest" name="testBlock[486: MAGENTA_STAINED_GLASS_PANE]" time="0"/>
  <testcase classname="org.bukkit.PerMaterialTest" name="isFuel[486: MAGENTA_STAINED_GLASS_PANE]" time="0.001"/>
  <testcase classname="org.bukkit.PerMaterialTest" name="testItem[486: MAGENTA_STAINED_GLASS_PANE]" time="0"/>
  <testcase classname="org.bukkit.PerMaterialTest" name="testBlastResistance[486: MAGENTA_STAINED_GLASS_PANE]" time="0"/>
  <testcase classname="org.bukkit.PerMaterialTest" name="isEdible[486: MAGENTA_STAINED_GLASS_PANE]" time="0"/>
  <testcase classname="org.bukkit.PerMaterialTest" name="maxDurability[486: MAGENTA_STAINED_GLASS_PANE]" time="0"/>
  <testcase classname="org.bukkit.PerMaterialTest" name="usesDurability[486: MAGENTA_STAINED_GLASS_PANE]" time="0"/>
  <testcase classname="org.bukkit.PerMaterialTest" name="isOccluding[486: MAGENTA_STAINED_GLASS_PANE]" time="0"/>
  <testcase classname="org.bukkit.PerMaterialTest" name="isRecord[486: MAGENTA_STAINED_GLASS_PANE]" time="0"/>
  <testcase classname="org.bukkit.PerMaterialTest" name="isFlammable[486: MAGENTA_STAINED_GLASS_PANE]" time="0"/>
  <testcase classname="org.bukkit.PerMaterialTest" name="testDurability[486: MAGENTA_STAINED_GLASS_PANE]" time="0"/>
  <testcase classname="org.bukkit.PerMaterialTest" name="testBlockHardness[486: MAGENTA_STAINED_GLASS_PANE]" time="0"/>
  <testcase classname="org.bukkit.PerMaterialTest" name="maxStackSize[486: MAGENTA_STAINED_GLASS_PANE]" time="0"/>
  <testcase classname="org.bukkit.PerMaterialTest" name="isTransparent[486: MAGENTA_STAINED_GLASS_PANE]" time="0"/>
  <testcase classname="org.bukkit.PerMaterialTest" name="testBlockDataCreation[486: MAGENTA_STAINED_GLASS_PANE]" time="0"/>
  <testcase classname="org.bukkit.PerMaterialTest" name="isBlock[486: MAGENTA_STAINED_GLASS_PANE]" time="0"/>
  <testcase classname="org.bukkit.PerMaterialTest" name="isSolid[486: MAGENTA_STAINED_GLASS_PANE]" time="0"/>
  <testcase classname="org.bukkit.PerMaterialTest" name="hasGravity[487: MAGENTA_TERRACOTTA]" time="0"/>
  <testcase classname="org.bukkit.PerMaterialTest" name="isBurnable[487: MAGENTA_TERRACOTTA]" time="0"/>
  <testcase classname="org.bukkit.PerMaterialTest" name="testInteractable[487: MAGENTA_TERRACOTTA]" time="0"/>
  <testcase classname="org.bukkit.PerMaterialTest" name="testBlock[487: MAGENTA_TERRACOTTA]" time="0"/>
  <testcase classname="org.bukkit.PerMaterialTest" name="isFuel[487: MAGENTA_TERRACOTTA]" time="0"/>
  <testcase classname="org.bukkit.PerMaterialTest" name="testItem[487: MAGENTA_TERRACOTTA]" time="0"/>
  <testcase classname="org.bukkit.PerMaterialTest" name="testBlastResistance[487: MAGENTA_TERRACOTTA]" time="0"/>
  <testcase classname="org.bukkit.PerMaterialTest" name="isEdible[487: MAGENTA_TERRACOTTA]" time="0"/>
  <testcase classname="org.bukkit.PerMaterialTest" name="maxDurability[487: MAGENTA_TERRACOTTA]" time="0"/>
  <testcase classname="org.bukkit.PerMaterialTest" name="usesDurability[487: MAGENTA_TERRACOTTA]" time="0"/>
  <testcase classname="org.bukkit.PerMaterialTest" name="isOccluding[487: MAGENTA_TERRACOTTA]" time="0"/>
  <testcase classname="org.bukkit.PerMaterialTest" name="isRecord[487: MAGENTA_TERRACOTTA]" time="0"/>
  <testcase classname="org.bukkit.PerMaterialTest" name="isFlammable[487: MAGENTA_TERRACOTTA]" time="0"/>
  <testcase classname="org.bukkit.PerMaterialTest" name="testDurability[487: MAGENTA_TERRACOTTA]" time="0"/>
  <testcase classname="org.bukkit.PerMaterialTest" name="testBlockHardness[487: MAGENTA_TERRACOTTA]" time="0"/>
  <testcase classname="org.bukkit.PerMaterialTest" name="maxStackSize[487: MAGENTA_TERRACOTTA]" time="0"/>
  <testcase classname="org.bukkit.PerMaterialTest" name="isTransparent[487: MAGENTA_TERRACOTTA]" time="0"/>
  <testcase classname="org.bukkit.PerMaterialTest" name="testBlockDataCreation[487: MAGENTA_TERRACOTTA]" time="0"/>
  <testcase classname="org.bukkit.PerMaterialTest" name="isBlock[487: MAGENTA_TERRACOTTA]" time="0"/>
  <testcase classname="org.bukkit.PerMaterialTest" name="isSolid[487: MAGENTA_TERRACOTTA]" time="0"/>
  <testcase classname="org.bukkit.PerMaterialTest" name="hasGravity[488: MAGENTA_WALL_BANNER]" time="0"/>
  <testcase classname="org.bukkit.PerMaterialTest" name="isBurnable[488: MAGENTA_WALL_BANNER]" time="0"/>
  <testcase classname="org.bukkit.PerMaterialTest" name="testInteractable[488: MAGENTA_WALL_BANNER]" time="0.001"/>
  <testcase classname="org.bukkit.PerMaterialTest" name="testBlock[488: MAGENTA_WALL_BANNER]" time="0"/>
  <testcase classname="org.bukkit.PerMaterialTest" name="isFuel[488: MAGENTA_WALL_BANNER]" time="0"/>
  <testcase classname="org.bukkit.PerMaterialTest" name="testItem[488: MAGENTA_WALL_BANNER]" time="0"/>
  <testcase classname="org.bukkit.PerMaterialTest" name="testBlastResistance[488: MAGENTA_WALL_BANNER]" time="0"/>
  <testcase classname="org.bukkit.PerMaterialTest" name="isEdible[488: MAGENTA_WALL_BANNER]" time="0"/>
  <testcase classname="org.bukkit.PerMaterialTest" name="maxDurability[488: MAGENTA_WALL_BANNER]" time="0"/>
  <testcase classname="org.bukkit.PerMaterialTest" name="usesDurability[488: MAGENTA_WALL_BANNER]" time="0"/>
  <testcase classname="org.bukkit.PerMaterialTest" name="isOccluding[488: MAGENTA_WALL_BANNER]" time="0"/>
  <testcase classname="org.bukkit.PerMaterialTest" name="isRecord[488: MAGENTA_WALL_BANNER]" time="0"/>
  <testcase classname="org.bukkit.PerMaterialTest" name="isFlammable[488: MAGENTA_WALL_BANNER]" time="0"/>
  <testcase classname="org.bukkit.PerMaterialTest" name="testDurability[488: MAGENTA_WALL_BANNER]" time="0.001"/>
  <testcase classname="org.bukkit.PerMaterialTest" name="testBlockHardness[488: MAGENTA_WALL_BANNER]" time="0"/>
  <testcase classname="org.bukkit.PerMaterialTest" name="maxStackSize[488: MAGENTA_WALL_BANNER]" time="0"/>
  <testcase classname="org.bukkit.PerMaterialTest" name="isTransparent[488: MAGENTA_WALL_BANNER]" time="0"/>
  <testcase classname="org.bukkit.PerMaterialTest" name="testBlockDataCreation[488: MAGENTA_WALL_BANNER]" time="0"/>
  <testcase classname="org.bukkit.PerMaterialTest" name="isBlock[488: MAGENTA_WALL_BANNER]" time="0"/>
  <testcase classname="org.bukkit.PerMaterialTest" name="isSolid[488: MAGENTA_WALL_BANNER]" time="0"/>
  <testcase classname="org.bukkit.PerMaterialTest" name="hasGravity[489: MAGENTA_WOOL]" time="0"/>
  <testcase classname="org.bukkit.PerMaterialTest" name="isBurnable[489: MAGENTA_WOOL]" time="0"/>
  <testcase classname="org.bukkit.PerMaterialTest" name="testInteractable[489: MAGENTA_WOOL]" time="0"/>
  <testcase classname="org.bukkit.PerMaterialTest" name="testBlock[489: MAGENTA_WOOL]" time="0"/>
  <testcase classname="org.bukkit.PerMaterialTest" name="isFuel[489: MAGENTA_WOOL]" time="0"/>
  <testcase classname="org.bukkit.PerMaterialTest" name="testItem[489: MAGENTA_WOOL]" time="0"/>
  <testcase classname="org.bukkit.PerMaterialTest" name="testBlastResistance[489: MAGENTA_WOOL]" time="0"/>
  <testcase classname="org.bukkit.PerMaterialTest" name="isEdible[489: MAGENTA_WOOL]" time="0"/>
  <testcase classname="org.bukkit.PerMaterialTest" name="maxDurability[489: MAGENTA_WOOL]" time="0"/>
  <testcase classname="org.bukkit.PerMaterialTest" name="usesDurability[489: MAGENTA_WOOL]" time="0"/>
  <testcase classname="org.bukkit.PerMaterialTest" name="isOccluding[489: MAGENTA_WOOL]" time="0"/>
  <testcase classname="org.bukkit.PerMaterialTest" name="isRecord[489: MAGENTA_WOOL]" time="0"/>
  <testcase classname="org.bukkit.PerMaterialTest" name="isFlammable[489: MAGENTA_WOOL]" time="0"/>
  <testcase classname="org.bukkit.PerMaterialTest" name="testDurability[489: MAGENTA_WOOL]" time="0"/>
  <testcase classname="org.bukkit.PerMaterialTest" name="testBlockHardness[489: MAGENTA_WOOL]" time="0"/>
  <testcase classname="org.bukkit.PerMaterialTest" name="maxStackSize[489: MAGENTA_WOOL]" time="0"/>
  <testcase classname="org.bukkit.PerMaterialTest" name="isTransparent[489: MAGENTA_WOOL]" time="0"/>
  <testcase classname="org.bukkit.PerMaterialTest" name="testBlockDataCreation[489: MAGENTA_WOOL]" time="0"/>
  <testcase classname="org.bukkit.PerMaterialTest" name="isBlock[489: MAGENTA_WOOL]" time="0"/>
  <testcase classname="org.bukkit.PerMaterialTest" name="isSolid[489: MAGENTA_WOOL]" time="0"/>
  <testcase classname="org.bukkit.PerMaterialTest" name="hasGravity[490: MAGMA_BLOCK]" time="0"/>
  <testcase classname="org.bukkit.PerMaterialTest" name="isBurnable[490: MAGMA_BLOCK]" time="0"/>
  <testcase classname="org.bukkit.PerMaterialTest" name="testInteractable[490: MAGMA_BLOCK]" time="0"/>
  <testcase classname="org.bukkit.PerMaterialTest" name="testBlock[490: MAGMA_BLOCK]" time="0"/>
  <testcase classname="org.bukkit.PerMaterialTest" name="isFuel[490: MAGMA_BLOCK]" time="0.001"/>
  <testcase classname="org.bukkit.PerMaterialTest" name="testItem[490: MAGMA_BLOCK]" time="0"/>
  <testcase classname="org.bukkit.PerMaterialTest" name="testBlastResistance[490: MAGMA_BLOCK]" time="0"/>
  <testcase classname="org.bukkit.PerMaterialTest" name="isEdible[490: MAGMA_BLOCK]" time="0"/>
  <testcase classname="org.bukkit.PerMaterialTest" name="maxDurability[490: MAGMA_BLOCK]" time="0"/>
  <testcase classname="org.bukkit.PerMaterialTest" name="usesDurability[490: MAGMA_BLOCK]" time="0"/>
  <testcase classname="org.bukkit.PerMaterialTest" name="isOccluding[490: MAGMA_BLOCK]" time="0"/>
  <testcase classname="org.bukkit.PerMaterialTest" name="isRecord[490: MAGMA_BLOCK]" time="0"/>
  <testcase classname="org.bukkit.PerMaterialTest" name="isFlammable[490: MAGMA_BLOCK]" time="0"/>
  <testcase classname="org.bukkit.PerMaterialTest" name="testDurability[490: MAGMA_BLOCK]" time="0"/>
  <testcase classname="org.bukkit.PerMaterialTest" name="testBlockHardness[490: MAGMA_BLOCK]" time="0"/>
  <testcase classname="org.bukkit.PerMaterialTest" name="maxStackSize[490: MAGMA_BLOCK]" time="0"/>
  <testcase classname="org.bukkit.PerMaterialTest" name="isTransparent[490: MAGMA_BLOCK]" time="0"/>
  <testcase classname="org.bukkit.PerMaterialTest" name="testBlockDataCreation[490: MAGMA_BLOCK]" time="0"/>
  <testcase classname="org.bukkit.PerMaterialTest" name="isBlock[490: MAGMA_BLOCK]" time="0"/>
  <testcase classname="org.bukkit.PerMaterialTest" name="isSolid[490: MAGMA_BLOCK]" time="0"/>
  <testcase classname="org.bukkit.PerMaterialTest" name="hasGravity[491: MAGMA_CREAM]" time="0"/>
  <testcase classname="org.bukkit.PerMaterialTest" name="isBurnable[491: MAGMA_CREAM]" time="0"/>
  <testcase classname="org.bukkit.PerMaterialTest" name="testInteractable[491: MAGMA_CREAM]" time="0"/>
  <testcase classname="org.bukkit.PerMaterialTest" name="testBlock[491: MAGMA_CREAM]" time="0"/>
  <testcase classname="org.bukkit.PerMaterialTest" name="isFuel[491: MAGMA_CREAM]" time="0"/>
  <testcase classname="org.bukkit.PerMaterialTest" name="testItem[491: MAGMA_CREAM]" time="0.001"/>
  <testcase classname="org.bukkit.PerMaterialTest" name="testBlastResistance[491: MAGMA_CREAM]" time="0"/>
  <testcase classname="org.bukkit.PerMaterialTest" name="isEdible[491: MAGMA_CREAM]" time="0"/>
  <testcase classname="org.bukkit.PerMaterialTest" name="maxDurability[491: MAGMA_CREAM]" time="0"/>
  <testcase classname="org.bukkit.PerMaterialTest" name="usesDurability[491: MAGMA_CREAM]" time="0"/>
  <testcase classname="org.bukkit.PerMaterialTest" name="isOccluding[491: MAGMA_CREAM]" time="0"/>
  <testcase classname="org.bukkit.PerMaterialTest" name="isRecord[491: MAGMA_CREAM]" time="0"/>
  <testcase classname="org.bukkit.PerMaterialTest" name="isFlammable[491: MAGMA_CREAM]" time="0"/>
  <testcase classname="org.bukkit.PerMaterialTest" name="testDurability[491: MAGMA_CREAM]" time="0"/>
  <testcase classname="org.bukkit.PerMaterialTest" name="testBlockHardness[491: MAGMA_CREAM]" time="0"/>
  <testcase classname="org.bukkit.PerMaterialTest" name="maxStackSize[491: MAGMA_CREAM]" time="0"/>
  <testcase classname="org.bukkit.PerMaterialTest" name="isTransparent[491: MAGMA_CREAM]" time="0"/>
  <testcase classname="org.bukkit.PerMaterialTest" name="testBlockDataCreation[491: MAGMA_CREAM]" time="0"/>
  <testcase classname="org.bukkit.PerMaterialTest" name="isBlock[491: MAGMA_CREAM]" time="0"/>
  <testcase classname="org.bukkit.PerMaterialTest" name="isSolid[491: MAGMA_CREAM]" time="0"/>
  <testcase classname="org.bukkit.PerMaterialTest" name="hasGravity[492: MAGMA_CUBE_SPAWN_EGG]" time="0"/>
  <testcase classname="org.bukkit.PerMaterialTest" name="isBurnable[492: MAGMA_CUBE_SPAWN_EGG]" time="0"/>
  <testcase classname="org.bukkit.PerMaterialTest" name="testInteractable[492: MAGMA_CUBE_SPAWN_EGG]" time="0"/>
  <testcase classname="org.bukkit.PerMaterialTest" name="testBlock[492: MAGMA_CUBE_SPAWN_EGG]" time="0"/>
  <testcase classname="org.bukkit.PerMaterialTest" name="isFuel[492: MAGMA_CUBE_SPAWN_EGG]" time="0"/>
  <testcase classname="org.bukkit.PerMaterialTest" name="testItem[492: MAGMA_CUBE_SPAWN_EGG]" time="0"/>
  <testcase classname="org.bukkit.PerMaterialTest" name="testBlastResistance[492: MAGMA_CUBE_SPAWN_EGG]" time="0"/>
  <testcase classname="org.bukkit.PerMaterialTest" name="isEdible[492: MAGMA_CUBE_SPAWN_EGG]" time="0"/>
  <testcase classname="org.bukkit.PerMaterialTest" name="maxDurability[492: MAGMA_CUBE_SPAWN_EGG]" time="0"/>
  <testcase classname="org.bukkit.PerMaterialTest" name="usesDurability[492: MAGMA_CUBE_SPAWN_EGG]" time="0"/>
  <testcase classname="org.bukkit.PerMaterialTest" name="isOccluding[492: MAGMA_CUBE_SPAWN_EGG]" time="0"/>
  <testcase classname="org.bukkit.PerMaterialTest" name="isRecord[492: MAGMA_CUBE_SPAWN_EGG]" time="0"/>
  <testcase classname="org.bukkit.PerMaterialTest" name="isFlammable[492: MAGMA_CUBE_SPAWN_EGG]" time="0"/>
  <testcase classname="org.bukkit.PerMaterialTest" name="testDurability[492: MAGMA_CUBE_SPAWN_EGG]" time="0"/>
  <testcase classname="org.bukkit.PerMaterialTest" name="testBlockHardness[492: MAGMA_CUBE_SPAWN_EGG]" time="0"/>
  <testcase classname="org.bukkit.PerMaterialTest" name="maxStackSize[492: MAGMA_CUBE_SPAWN_EGG]" time="0"/>
  <testcase classname="org.bukkit.PerMaterialTest" name="isTransparent[492: MAGMA_CUBE_SPAWN_EGG]" time="0"/>
  <testcase classname="org.bukkit.PerMaterialTest" name="testBlockDataCreation[492: MAGMA_CUBE_SPAWN_EGG]" time="0"/>
  <testcase classname="org.bukkit.PerMaterialTest" name="isBlock[492: MAGMA_CUBE_SPAWN_EGG]" time="0"/>
  <testcase classname="org.bukkit.PerMaterialTest" name="isSolid[492: MAGMA_CUBE_SPAWN_EGG]" time="0"/>
  <testcase classname="org.bukkit.PerMaterialTest" name="hasGravity[493: MAP]" time="0"/>
  <testcase classname="org.bukkit.PerMaterialTest" name="isBurnable[493: MAP]" time="0"/>
  <testcase classname="org.bukkit.PerMaterialTest" name="testInteractable[493: MAP]" time="0"/>
  <testcase classname="org.bukkit.PerMaterialTest" name="testBlock[493: MAP]" time="0"/>
  <testcase classname="org.bukkit.PerMaterialTest" name="isFuel[493: MAP]" time="0"/>
  <testcase classname="org.bukkit.PerMaterialTest" name="testItem[493: MAP]" time="0"/>
  <testcase classname="org.bukkit.PerMaterialTest" name="testBlastResistance[493: MAP]" time="0"/>
  <testcase classname="org.bukkit.PerMaterialTest" name="isEdible[493: MAP]" time="0"/>
  <testcase classname="org.bukkit.PerMaterialTest" name="maxDurability[493: MAP]" time="0"/>
  <testcase classname="org.bukkit.PerMaterialTest" name="usesDurability[493: MAP]" time="0"/>
  <testcase classname="org.bukkit.PerMaterialTest" name="isOccluding[493: MAP]" time="0"/>
  <testcase classname="org.bukkit.PerMaterialTest" name="isRecord[493: MAP]" time="0"/>
  <testcase classname="org.bukkit.PerMaterialTest" name="isFlammable[493: MAP]" time="0"/>
  <testcase classname="org.bukkit.PerMaterialTest" name="testDurability[493: MAP]" time="0"/>
  <testcase classname="org.bukkit.PerMaterialTest" name="testBlockHardness[493: MAP]" time="0"/>
  <testcase classname="org.bukkit.PerMaterialTest" name="maxStackSize[493: MAP]" time="0"/>
  <testcase classname="org.bukkit.PerMaterialTest" name="isTransparent[493: MAP]" time="0"/>
  <testcase classname="org.bukkit.PerMaterialTest" name="testBlockDataCreation[493: MAP]" time="0"/>
  <testcase classname="org.bukkit.PerMaterialTest" name="isBlock[493: MAP]" time="0"/>
  <testcase classname="org.bukkit.PerMaterialTest" name="isSolid[493: MAP]" time="0"/>
  <testcase classname="org.bukkit.PerMaterialTest" name="hasGravity[494: MELON]" time="0"/>
  <testcase classname="org.bukkit.PerMaterialTest" name="isBurnable[494: MELON]" time="0.001"/>
  <testcase classname="org.bukkit.PerMaterialTest" name="testInteractable[494: MELON]" time="0"/>
  <testcase classname="org.bukkit.PerMaterialTest" name="testBlock[494: MELON]" time="0"/>
  <testcase classname="org.bukkit.PerMaterialTest" name="isFuel[494: MELON]" time="0"/>
  <testcase classname="org.bukkit.PerMaterialTest" name="testItem[494: MELON]" time="0"/>
  <testcase classname="org.bukkit.PerMaterialTest" name="testBlastResistance[494: MELON]" time="0"/>
  <testcase classname="org.bukkit.PerMaterialTest" name="isEdible[494: MELON]" time="0"/>
  <testcase classname="org.bukkit.PerMaterialTest" name="maxDurability[494: MELON]" time="0"/>
  <testcase classname="org.bukkit.PerMaterialTest" name="usesDurability[494: MELON]" time="0"/>
  <testcase classname="org.bukkit.PerMaterialTest" name="isOccluding[494: MELON]" time="0"/>
  <testcase classname="org.bukkit.PerMaterialTest" name="isRecord[494: MELON]" time="0"/>
  <testcase classname="org.bukkit.PerMaterialTest" name="isFlammable[494: MELON]" time="0.001"/>
  <testcase classname="org.bukkit.PerMaterialTest" name="testDurability[494: MELON]" time="0"/>
  <testcase classname="org.bukkit.PerMaterialTest" name="testBlockHardness[494: MELON]" time="0"/>
  <testcase classname="org.bukkit.PerMaterialTest" name="maxStackSize[494: MELON]" time="0"/>
  <testcase classname="org.bukkit.PerMaterialTest" name="isTransparent[494: MELON]" time="0"/>
  <testcase classname="org.bukkit.PerMaterialTest" name="testBlockDataCreation[494: MELON]" time="0"/>
  <testcase classname="org.bukkit.PerMaterialTest" name="isBlock[494: MELON]" time="0"/>
  <testcase classname="org.bukkit.PerMaterialTest" name="isSolid[494: MELON]" time="0.001"/>
  <testcase classname="org.bukkit.PerMaterialTest" name="hasGravity[495: MELON_SEEDS]" time="0"/>
  <testcase classname="org.bukkit.PerMaterialTest" name="isBurnable[495: MELON_SEEDS]" time="0"/>
  <testcase classname="org.bukkit.PerMaterialTest" name="testInteractable[495: MELON_SEEDS]" time="0"/>
  <testcase classname="org.bukkit.PerMaterialTest" name="testBlock[495: MELON_SEEDS]" time="0"/>
  <testcase classname="org.bukkit.PerMaterialTest" name="isFuel[495: MELON_SEEDS]" time="0"/>
  <testcase classname="org.bukkit.PerMaterialTest" name="testItem[495: MELON_SEEDS]" time="0"/>
  <testcase classname="org.bukkit.PerMaterialTest" name="testBlastResistance[495: MELON_SEEDS]" time="0"/>
  <testcase classname="org.bukkit.PerMaterialTest" name="isEdible[495: MELON_SEEDS]" time="0"/>
  <testcase classname="org.bukkit.PerMaterialTest" name="maxDurability[495: MELON_SEEDS]" time="0"/>
  <testcase classname="org.bukkit.PerMaterialTest" name="usesDurability[495: MELON_SEEDS]" time="0"/>
  <testcase classname="org.bukkit.PerMaterialTest" name="isOccluding[495: MELON_SEEDS]" time="0"/>
  <testcase classname="org.bukkit.PerMaterialTest" name="isRecord[495: MELON_SEEDS]" time="0"/>
  <testcase classname="org.bukkit.PerMaterialTest" name="isFlammable[495: MELON_SEEDS]" time="0"/>
  <testcase classname="org.bukkit.PerMaterialTest" name="testDurability[495: MELON_SEEDS]" time="0"/>
  <testcase classname="org.bukkit.PerMaterialTest" name="testBlockHardness[495: MELON_SEEDS]" time="0"/>
  <testcase classname="org.bukkit.PerMaterialTest" name="maxStackSize[495: MELON_SEEDS]" time="0"/>
  <testcase classname="org.bukkit.PerMaterialTest" name="isTransparent[495: MELON_SEEDS]" time="0"/>
  <testcase classname="org.bukkit.PerMaterialTest" name="testBlockDataCreation[495: MELON_SEEDS]" time="0"/>
  <testcase classname="org.bukkit.PerMaterialTest" name="isBlock[495: MELON_SEEDS]" time="0"/>
  <testcase classname="org.bukkit.PerMaterialTest" name="isSolid[495: MELON_SEEDS]" time="0"/>
  <testcase classname="org.bukkit.PerMaterialTest" name="hasGravity[496: MELON_SLICE]" time="0"/>
  <testcase classname="org.bukkit.PerMaterialTest" name="isBurnable[496: MELON_SLICE]" time="0"/>
  <testcase classname="org.bukkit.PerMaterialTest" name="testInteractable[496: MELON_SLICE]" time="0"/>
  <testcase classname="org.bukkit.PerMaterialTest" name="testBlock[496: MELON_SLICE]" time="0"/>
  <testcase classname="org.bukkit.PerMaterialTest" name="isFuel[496: MELON_SLICE]" time="0"/>
  <testcase classname="org.bukkit.PerMaterialTest" name="testItem[496: MELON_SLICE]" time="0"/>
  <testcase classname="org.bukkit.PerMaterialTest" name="testBlastResistance[496: MELON_SLICE]" time="0"/>
  <testcase classname="org.bukkit.PerMaterialTest" name="isEdible[496: MELON_SLICE]" time="0"/>
  <testcase classname="org.bukkit.PerMaterialTest" name="maxDurability[496: MELON_SLICE]" time="0"/>
  <testcase classname="org.bukkit.PerMaterialTest" name="usesDurability[496: MELON_SLICE]" time="0"/>
  <testcase classname="org.bukkit.PerMaterialTest" name="isOccluding[496: MELON_SLICE]" time="0"/>
  <testcase classname="org.bukkit.PerMaterialTest" name="isRecord[496: MELON_SLICE]" time="0"/>
  <testcase classname="org.bukkit.PerMaterialTest" name="isFlammable[496: MELON_SLICE]" time="0"/>
  <testcase classname="org.bukkit.PerMaterialTest" name="testDurability[496: MELON_SLICE]" time="0"/>
  <testcase classname="org.bukkit.PerMaterialTest" name="testBlockHardness[496: MELON_SLICE]" time="0"/>
  <testcase classname="org.bukkit.PerMaterialTest" name="maxStackSize[496: MELON_SLICE]" time="0"/>
  <testcase classname="org.bukkit.PerMaterialTest" name="isTransparent[496: MELON_SLICE]" time="0"/>
  <testcase classname="org.bukkit.PerMaterialTest" name="testBlockDataCreation[496: MELON_SLICE]" time="0"/>
  <testcase classname="org.bukkit.PerMaterialTest" name="isBlock[496: MELON_SLICE]" time="0.001"/>
  <testcase classname="org.bukkit.PerMaterialTest" name="isSolid[496: MELON_SLICE]" time="0"/>
  <testcase classname="org.bukkit.PerMaterialTest" name="hasGravity[497: MELON_STEM]" time="0"/>
  <testcase classname="org.bukkit.PerMaterialTest" name="isBurnable[497: MELON_STEM]" time="0"/>
  <testcase classname="org.bukkit.PerMaterialTest" name="testInteractable[497: MELON_STEM]" time="0.064"/>
  <testcase classname="org.bukkit.PerMaterialTest" name="testBlock[497: MELON_STEM]" time="0"/>
  <testcase classname="org.bukkit.PerMaterialTest" name="isFuel[497: MELON_STEM]" time="0"/>
  <testcase classname="org.bukkit.PerMaterialTest" name="testItem[497: MELON_STEM]" time="0"/>
  <testcase classname="org.bukkit.PerMaterialTest" name="testBlastResistance[497: MELON_STEM]" time="0"/>
  <testcase classname="org.bukkit.PerMaterialTest" name="isEdible[497: MELON_STEM]" time="0"/>
  <testcase classname="org.bukkit.PerMaterialTest" name="maxDurability[497: MELON_STEM]" time="0"/>
  <testcase classname="org.bukkit.PerMaterialTest" name="usesDurability[497: MELON_STEM]" time="0"/>
  <testcase classname="org.bukkit.PerMaterialTest" name="isOccluding[497: MELON_STEM]" time="0.001"/>
  <testcase classname="org.bukkit.PerMaterialTest" name="isRecord[497: MELON_STEM]" time="0"/>
  <testcase classname="org.bukkit.PerMaterialTest" name="isFlammable[497: MELON_STEM]" time="0"/>
  <testcase classname="org.bukkit.PerMaterialTest" name="testDurability[497: MELON_STEM]" time="0"/>
  <testcase classname="org.bukkit.PerMaterialTest" name="testBlockHardness[497: MELON_STEM]" time="0"/>
  <testcase classname="org.bukkit.PerMaterialTest" name="maxStackSize[497: MELON_STEM]" time="0"/>
  <testcase classname="org.bukkit.PerMaterialTest" name="isTransparent[497: MELON_STEM]" time="0"/>
  <testcase classname="org.bukkit.PerMaterialTest" name="testBlockDataCreation[497: MELON_STEM]" time="0"/>
  <testcase classname="org.bukkit.PerMaterialTest" name="isBlock[497: MELON_STEM]" time="0"/>
  <testcase classname="org.bukkit.PerMaterialTest" name="isSolid[497: MELON_STEM]" time="0"/>
  <testcase classname="org.bukkit.PerMaterialTest" name="hasGravity[498: MILK_BUCKET]" time="0"/>
  <testcase classname="org.bukkit.PerMaterialTest" name="isBurnable[498: MILK_BUCKET]" time="0"/>
  <testcase classname="org.bukkit.PerMaterialTest" name="testInteractable[498: MILK_BUCKET]" time="0"/>
  <testcase classname="org.bukkit.PerMaterialTest" name="testBlock[498: MILK_BUCKET]" time="0"/>
  <testcase classname="org.bukkit.PerMaterialTest" name="isFuel[498: MILK_BUCKET]" time="0.001"/>
  <testcase classname="org.bukkit.PerMaterialTest" name="testItem[498: MILK_BUCKET]" time="0"/>
  <testcase classname="org.bukkit.PerMaterialTest" name="testBlastResistance[498: MILK_BUCKET]" time="0"/>
  <testcase classname="org.bukkit.PerMaterialTest" name="isEdible[498: MILK_BUCKET]" time="0"/>
  <testcase classname="org.bukkit.PerMaterialTest" name="maxDurability[498: MILK_BUCKET]" time="0"/>
  <testcase classname="org.bukkit.PerMaterialTest" name="usesDurability[498: MILK_BUCKET]" time="0"/>
  <testcase classname="org.bukkit.PerMaterialTest" name="isOccluding[498: MILK_BUCKET]" time="0"/>
  <testcase classname="org.bukkit.PerMaterialTest" name="isRecord[498: MILK_BUCKET]" time="0"/>
  <testcase classname="org.bukkit.PerMaterialTest" name="isFlammable[498: MILK_BUCKET]" time="0.001"/>
  <testcase classname="org.bukkit.PerMaterialTest" name="testDurability[498: MILK_BUCKET]" time="0"/>
  <testcase classname="org.bukkit.PerMaterialTest" name="testBlockHardness[498: MILK_BUCKET]" time="0"/>
  <testcase classname="org.bukkit.PerMaterialTest" name="maxStackSize[498: MILK_BUCKET]" time="0"/>
  <testcase classname="org.bukkit.PerMaterialTest" name="isTransparent[498: MILK_BUCKET]" time="0"/>
  <testcase classname="org.bukkit.PerMaterialTest" name="testBlockDataCreation[498: MILK_BUCKET]" time="0"/>
  <testcase classname="org.bukkit.PerMaterialTest" name="isBlock[498: MILK_BUCKET]" time="0"/>
  <testcase classname="org.bukkit.PerMaterialTest" name="isSolid[498: MILK_BUCKET]" time="0"/>
  <testcase classname="org.bukkit.PerMaterialTest" name="hasGravity[499: MINECART]" time="0"/>
  <testcase classname="org.bukkit.PerMaterialTest" name="isBurnable[499: MINECART]" time="0"/>
  <testcase classname="org.bukkit.PerMaterialTest" name="testInteractable[499: MINECART]" time="0"/>
  <testcase classname="org.bukkit.PerMaterialTest" name="testBlock[499: MINECART]" time="0"/>
  <testcase classname="org.bukkit.PerMaterialTest" name="isFuel[499: MINECART]" time="0"/>
  <testcase classname="org.bukkit.PerMaterialTest" name="testItem[499: MINECART]" time="0"/>
  <testcase classname="org.bukkit.PerMaterialTest" name="testBlastResistance[499: MINECART]" time="0"/>
  <testcase classname="org.bukkit.PerMaterialTest" name="isEdible[499: MINECART]" time="0"/>
  <testcase classname="org.bukkit.PerMaterialTest" name="maxDurability[499: MINECART]" time="0"/>
  <testcase classname="org.bukkit.PerMaterialTest" name="usesDurability[499: MINECART]" time="0"/>
  <testcase classname="org.bukkit.PerMaterialTest" name="isOccluding[499: MINECART]" time="0"/>
  <testcase classname="org.bukkit.PerMaterialTest" name="isRecord[499: MINECART]" time="0"/>
  <testcase classname="org.bukkit.PerMaterialTest" name="isFlammable[499: MINECART]" time="0"/>
  <testcase classname="org.bukkit.PerMaterialTest" name="testDurability[499: MINECART]" time="0"/>
  <testcase classname="org.bukkit.PerMaterialTest" name="testBlockHardness[499: MINECART]" time="0"/>
  <testcase classname="org.bukkit.PerMaterialTest" name="maxStackSize[499: MINECART]" time="0"/>
  <testcase classname="org.bukkit.PerMaterialTest" name="isTransparent[499: MINECART]" time="0"/>
  <testcase classname="org.bukkit.PerMaterialTest" name="testBlockDataCreation[499: MINECART]" time="0"/>
  <testcase classname="org.bukkit.PerMaterialTest" name="isBlock[499: MINECART]" time="0"/>
  <testcase classname="org.bukkit.PerMaterialTest" name="isSolid[499: MINECART]" time="0"/>
  <testcase classname="org.bukkit.PerMaterialTest" name="hasGravity[500: MOOSHROOM_SPAWN_EGG]" time="0"/>
  <testcase classname="org.bukkit.PerMaterialTest" name="isBurnable[500: MOOSHROOM_SPAWN_EGG]" time="0"/>
  <testcase classname="org.bukkit.PerMaterialTest" name="testInteractable[500: MOOSHROOM_SPAWN_EGG]" time="0.001"/>
  <testcase classname="org.bukkit.PerMaterialTest" name="testBlock[500: MOOSHROOM_SPAWN_EGG]" time="0"/>
  <testcase classname="org.bukkit.PerMaterialTest" name="isFuel[500: MOOSHROOM_SPAWN_EGG]" time="0"/>
  <testcase classname="org.bukkit.PerMaterialTest" name="testItem[500: MOOSHROOM_SPAWN_EGG]" time="0"/>
  <testcase classname="org.bukkit.PerMaterialTest" name="testBlastResistance[500: MOOSHROOM_SPAWN_EGG]" time="0"/>
  <testcase classname="org.bukkit.PerMaterialTest" name="isEdible[500: MOOSHROOM_SPAWN_EGG]" time="0"/>
  <testcase classname="org.bukkit.PerMaterialTest" name="maxDurability[500: MOOSHROOM_SPAWN_EGG]" time="0"/>
  <testcase classname="org.bukkit.PerMaterialTest" name="usesDurability[500: MOOSHROOM_SPAWN_EGG]" time="0"/>
  <testcase classname="org.bukkit.PerMaterialTest" name="isOccluding[500: MOOSHROOM_SPAWN_EGG]" time="0"/>
  <testcase classname="org.bukkit.PerMaterialTest" name="isRecord[500: MOOSHROOM_SPAWN_EGG]" time="0"/>
  <testcase classname="org.bukkit.PerMaterialTest" name="isFlammable[500: MOOSHROOM_SPAWN_EGG]" time="0"/>
  <testcase classname="org.bukkit.PerMaterialTest" name="testDurability[500: MOOSHROOM_SPAWN_EGG]" time="0"/>
  <testcase classname="org.bukkit.PerMaterialTest" name="testBlockHardness[500: MOOSHROOM_SPAWN_EGG]" time="0"/>
  <testcase classname="org.bukkit.PerMaterialTest" name="maxStackSize[500: MOOSHROOM_SPAWN_EGG]" time="0"/>
  <testcase classname="org.bukkit.PerMaterialTest" name="isTransparent[500: MOOSHROOM_SPAWN_EGG]" time="0"/>
  <testcase classname="org.bukkit.PerMaterialTest" name="testBlockDataCreation[500: MOOSHROOM_SPAWN_EGG]" time="0"/>
  <testcase classname="org.bukkit.PerMaterialTest" name="isBlock[500: MOOSHROOM_SPAWN_EGG]" time="0"/>
  <testcase classname="org.bukkit.PerMaterialTest" name="isSolid[500: MOOSHROOM_SPAWN_EGG]" time="0"/>
  <testcase classname="org.bukkit.PerMaterialTest" name="hasGravity[501: MOSSY_COBBLESTONE]" time="0"/>
  <testcase classname="org.bukkit.PerMaterialTest" name="isBurnable[501: MOSSY_COBBLESTONE]" time="0"/>
  <testcase classname="org.bukkit.PerMaterialTest" name="testInteractable[501: MOSSY_COBBLESTONE]" time="0"/>
  <testcase classname="org.bukkit.PerMaterialTest" name="testBlock[501: MOSSY_COBBLESTONE]" time="0"/>
  <testcase classname="org.bukkit.PerMaterialTest" name="isFuel[501: MOSSY_COBBLESTONE]" time="0"/>
  <testcase classname="org.bukkit.PerMaterialTest" name="testItem[501: MOSSY_COBBLESTONE]" time="0"/>
  <testcase classname="org.bukkit.PerMaterialTest" name="testBlastResistance[501: MOSSY_COBBLESTONE]" time="0"/>
  <testcase classname="org.bukkit.PerMaterialTest" name="isEdible[501: MOSSY_COBBLESTONE]" time="0"/>
  <testcase classname="org.bukkit.PerMaterialTest" name="maxDurability[501: MOSSY_COBBLESTONE]" time="0"/>
  <testcase classname="org.bukkit.PerMaterialTest" name="usesDurability[501: MOSSY_COBBLESTONE]" time="0.001"/>
  <testcase classname="org.bukkit.PerMaterialTest" name="isOccluding[501: MOSSY_COBBLESTONE]" time="0"/>
  <testcase classname="org.bukkit.PerMaterialTest" name="isRecord[501: MOSSY_COBBLESTONE]" time="0"/>
  <testcase classname="org.bukkit.PerMaterialTest" name="isFlammable[501: MOSSY_COBBLESTONE]" time="0"/>
  <testcase classname="org.bukkit.PerMaterialTest" name="testDurability[501: MOSSY_COBBLESTONE]" time="0"/>
  <testcase classname="org.bukkit.PerMaterialTest" name="testBlockHardness[501: MOSSY_COBBLESTONE]" time="0"/>
  <testcase classname="org.bukkit.PerMaterialTest" name="maxStackSize[501: MOSSY_COBBLESTONE]" time="0"/>
  <testcase classname="org.bukkit.PerMaterialTest" name="isTransparent[501: MOSSY_COBBLESTONE]" time="0"/>
  <testcase classname="org.bukkit.PerMaterialTest" name="testBlockDataCreation[501: MOSSY_COBBLESTONE]" time="0"/>
  <testcase classname="org.bukkit.PerMaterialTest" name="isBlock[501: MOSSY_COBBLESTONE]" time="0"/>
  <testcase classname="org.bukkit.PerMaterialTest" name="isSolid[501: MOSSY_COBBLESTONE]" time="0"/>
  <testcase classname="org.bukkit.PerMaterialTest" name="hasGravity[502: MOSSY_COBBLESTONE_WALL]" time="0"/>
  <testcase classname="org.bukkit.PerMaterialTest" name="isBurnable[502: MOSSY_COBBLESTONE_WALL]" time="0"/>
  <testcase classname="org.bukkit.PerMaterialTest" name="testInteractable[502: MOSSY_COBBLESTONE_WALL]" time="0"/>
  <testcase classname="org.bukkit.PerMaterialTest" name="testBlock[502: MOSSY_COBBLESTONE_WALL]" time="0"/>
  <testcase classname="org.bukkit.PerMaterialTest" name="isFuel[502: MOSSY_COBBLESTONE_WALL]" time="0"/>
  <testcase classname="org.bukkit.PerMaterialTest" name="testItem[502: MOSSY_COBBLESTONE_WALL]" time="0"/>
  <testcase classname="org.bukkit.PerMaterialTest" name="testBlastResistance[502: MOSSY_COBBLESTONE_WALL]" time="0"/>
  <testcase classname="org.bukkit.PerMaterialTest" name="isEdible[502: MOSSY_COBBLESTONE_WALL]" time="0"/>
  <testcase classname="org.bukkit.PerMaterialTest" name="maxDurability[502: MOSSY_COBBLESTONE_WALL]" time="0"/>
  <testcase classname="org.bukkit.PerMaterialTest" name="usesDurability[502: MOSSY_COBBLESTONE_WALL]" time="0.001"/>
  <testcase classname="org.bukkit.PerMaterialTest" name="isOccluding[502: MOSSY_COBBLESTONE_WALL]" time="0"/>
  <testcase classname="org.bukkit.PerMaterialTest" name="isRecord[502: MOSSY_COBBLESTONE_WALL]" time="0"/>
  <testcase classname="org.bukkit.PerMaterialTest" name="isFlammable[502: MOSSY_COBBLESTONE_WALL]" time="0"/>
  <testcase classname="org.bukkit.PerMaterialTest" name="testDurability[502: MOSSY_COBBLESTONE_WALL]" time="0"/>
  <testcase classname="org.bukkit.PerMaterialTest" name="testBlockHardness[502: MOSSY_COBBLESTONE_WALL]" time="0"/>
  <testcase classname="org.bukkit.PerMaterialTest" name="maxStackSize[502: MOSSY_COBBLESTONE_WALL]" time="0"/>
  <testcase classname="org.bukkit.PerMaterialTest" name="isTransparent[502: MOSSY_COBBLESTONE_WALL]" time="0.001"/>
  <testcase classname="org.bukkit.PerMaterialTest" name="testBlockDataCreation[502: MOSSY_COBBLESTONE_WALL]" time="0"/>
  <testcase classname="org.bukkit.PerMaterialTest" name="isBlock[502: MOSSY_COBBLESTONE_WALL]" time="0"/>
  <testcase classname="org.bukkit.PerMaterialTest" name="isSolid[502: MOSSY_COBBLESTONE_WALL]" time="0"/>
  <testcase classname="org.bukkit.PerMaterialTest" name="hasGravity[503: MOSSY_STONE_BRICKS]" time="0"/>
  <testcase classname="org.bukkit.PerMaterialTest" name="isBurnable[503: MOSSY_STONE_BRICKS]" time="0"/>
  <testcase classname="org.bukkit.PerMaterialTest" name="testInteractable[503: MOSSY_STONE_BRICKS]" time="0"/>
  <testcase classname="org.bukkit.PerMaterialTest" name="testBlock[503: MOSSY_STONE_BRICKS]" time="0.001"/>
  <testcase classname="org.bukkit.PerMaterialTest" name="isFuel[503: MOSSY_STONE_BRICKS]" time="0"/>
  <testcase classname="org.bukkit.PerMaterialTest" name="testItem[503: MOSSY_STONE_BRICKS]" time="0"/>
  <testcase classname="org.bukkit.PerMaterialTest" name="testBlastResistance[503: MOSSY_STONE_BRICKS]" time="0"/>
  <testcase classname="org.bukkit.PerMaterialTest" name="isEdible[503: MOSSY_STONE_BRICKS]" time="0"/>
  <testcase classname="org.bukkit.PerMaterialTest" name="maxDurability[503: MOSSY_STONE_BRICKS]" time="0"/>
  <testcase classname="org.bukkit.PerMaterialTest" name="usesDurability[503: MOSSY_STONE_BRICKS]" time="0.001"/>
  <testcase classname="org.bukkit.PerMaterialTest" name="isOccluding[503: MOSSY_STONE_BRICKS]" time="0"/>
  <testcase classname="org.bukkit.PerMaterialTest" name="isRecord[503: MOSSY_STONE_BRICKS]" time="0"/>
  <testcase classname="org.bukkit.PerMaterialTest" name="isFlammable[503: MOSSY_STONE_BRICKS]" time="0"/>
  <testcase classname="org.bukkit.PerMaterialTest" name="testDurability[503: MOSSY_STONE_BRICKS]" time="0"/>
  <testcase classname="org.bukkit.PerMaterialTest" name="testBlockHardness[503: MOSSY_STONE_BRICKS]" time="0"/>
  <testcase classname="org.bukkit.PerMaterialTest" name="maxStackSize[503: MOSSY_STONE_BRICKS]" time="0"/>
  <testcase classname="org.bukkit.PerMaterialTest" name="isTransparent[503: MOSSY_STONE_BRICKS]" time="0.001"/>
  <testcase classname="org.bukkit.PerMaterialTest" name="testBlockDataCreation[503: MOSSY_STONE_BRICKS]" time="0"/>
  <testcase classname="org.bukkit.PerMaterialTest" name="isBlock[503: MOSSY_STONE_BRICKS]" time="0"/>
  <testcase classname="org.bukkit.PerMaterialTest" name="isSolid[503: MOSSY_STONE_BRICKS]" time="0"/>
  <testcase classname="org.bukkit.PerMaterialTest" name="hasGravity[504: MOVING_PISTON]" time="0"/>
  <testcase classname="org.bukkit.PerMaterialTest" name="isBurnable[504: MOVING_PISTON]" time="0"/>
  <testcase classname="org.bukkit.PerMaterialTest" name="testInteractable[504: MOVING_PISTON]" time="0.001"/>
  <testcase classname="org.bukkit.PerMaterialTest" name="testBlock[504: MOVING_PISTON]" time="0"/>
  <testcase classname="org.bukkit.PerMaterialTest" name="isFuel[504: MOVING_PISTON]" time="0"/>
  <testcase classname="org.bukkit.PerMaterialTest" name="testItem[504: MOVING_PISTON]" time="0"/>
  <testcase classname="org.bukkit.PerMaterialTest" name="testBlastResistance[504: MOVING_PISTON]" time="0.001"/>
  <testcase classname="org.bukkit.PerMaterialTest" name="isEdible[504: MOVING_PISTON]" time="0"/>
  <testcase classname="org.bukkit.PerMaterialTest" name="maxDurability[504: MOVING_PISTON]" time="0"/>
  <testcase classname="org.bukkit.PerMaterialTest" name="usesDurability[504: MOVING_PISTON]" time="0"/>
  <testcase classname="org.bukkit.PerMaterialTest" name="isOccluding[504: MOVING_PISTON]" time="0"/>
  <testcase classname="org.bukkit.PerMaterialTest" name="isRecord[504: MOVING_PISTON]" time="0"/>
  <testcase classname="org.bukkit.PerMaterialTest" name="isFlammable[504: MOVING_PISTON]" time="0"/>
  <testcase classname="org.bukkit.PerMaterialTest" name="testDurability[504: MOVING_PISTON]" time="0"/>
  <testcase classname="org.bukkit.PerMaterialTest" name="testBlockHardness[504: MOVING_PISTON]" time="0.001"/>
  <testcase classname="org.bukkit.PerMaterialTest" name="maxStackSize[504: MOVING_PISTON]" time="0"/>
  <testcase classname="org.bukkit.PerMaterialTest" name="isTransparent[504: MOVING_PISTON]" time="0"/>
  <testcase classname="org.bukkit.PerMaterialTest" name="testBlockDataCreation[504: MOVING_PISTON]" time="0"/>
  <testcase classname="org.bukkit.PerMaterialTest" name="isBlock[504: MOVING_PISTON]" time="0"/>
  <testcase classname="org.bukkit.PerMaterialTest" name="isSolid[504: MOVING_PISTON]" time="0"/>
  <testcase classname="org.bukkit.PerMaterialTest" name="hasGravity[505: MULE_SPAWN_EGG]" time="0"/>
  <testcase classname="org.bukkit.PerMaterialTest" name="isBurnable[505: MULE_SPAWN_EGG]" time="0"/>
  <testcase classname="org.bukkit.PerMaterialTest" name="testInteractable[505: MULE_SPAWN_EGG]" time="0"/>
  <testcase classname="org.bukkit.PerMaterialTest" name="testBlock[505: MULE_SPAWN_EGG]" time="0"/>
  <testcase classname="org.bukkit.PerMaterialTest" name="isFuel[505: MULE_SPAWN_EGG]" time="0"/>
  <testcase classname="org.bukkit.PerMaterialTest" name="testItem[505: MULE_SPAWN_EGG]" time="0"/>
  <testcase classname="org.bukkit.PerMaterialTest" name="testBlastResistance[505: MULE_SPAWN_EGG]" time="0"/>
  <testcase classname="org.bukkit.PerMaterialTest" name="isEdible[505: MULE_SPAWN_EGG]" time="0"/>
  <testcase classname="org.bukkit.PerMaterialTest" name="maxDurability[505: MULE_SPAWN_EGG]" time="0.001"/>
  <testcase classname="org.bukkit.PerMaterialTest" name="usesDurability[505: MULE_SPAWN_EGG]" time="0"/>
  <testcase classname="org.bukkit.PerMaterialTest" name="isOccluding[505: MULE_SPAWN_EGG]" time="0"/>
  <testcase classname="org.bukkit.PerMaterialTest" name="isRecord[505: MULE_SPAWN_EGG]" time="0"/>
  <testcase classname="org.bukkit.PerMaterialTest" name="isFlammable[505: MULE_SPAWN_EGG]" time="0"/>
  <testcase classname="org.bukkit.PerMaterialTest" name="testDurability[505: MULE_SPAWN_EGG]" time="0"/>
  <testcase classname="org.bukkit.PerMaterialTest" name="testBlockHardness[505: MULE_SPAWN_EGG]" time="0"/>
  <testcase classname="org.bukkit.PerMaterialTest" name="maxStackSize[505: MULE_SPAWN_EGG]" time="0"/>
  <testcase classname="org.bukkit.PerMaterialTest" name="isTransparent[505: MULE_SPAWN_EGG]" time="0"/>
  <testcase classname="org.bukkit.PerMaterialTest" name="testBlockDataCreation[505: MULE_SPAWN_EGG]" time="0"/>
  <testcase classname="org.bukkit.PerMaterialTest" name="isBlock[505: MULE_SPAWN_EGG]" time="0"/>
  <testcase classname="org.bukkit.PerMaterialTest" name="isSolid[505: MULE_SPAWN_EGG]" time="0"/>
  <testcase classname="org.bukkit.PerMaterialTest" name="hasGravity[506: MUSHROOM_STEM]" time="0"/>
  <testcase classname="org.bukkit.PerMaterialTest" name="isBurnable[506: MUSHROOM_STEM]" time="0"/>
  <testcase classname="org.bukkit.PerMaterialTest" name="testInteractable[506: MUSHROOM_STEM]" time="0"/>
  <testcase classname="org.bukkit.PerMaterialTest" name="testBlock[506: MUSHROOM_STEM]" time="0.001"/>
  <testcase classname="org.bukkit.PerMaterialTest" name="isFuel[506: MUSHROOM_STEM]" time="0"/>
  <testcase classname="org.bukkit.PerMaterialTest" name="testItem[506: MUSHROOM_STEM]" time="0"/>
  <testcase classname="org.bukkit.PerMaterialTest" name="testBlastResistance[506: MUSHROOM_STEM]" time="0"/>
  <testcase classname="org.bukkit.PerMaterialTest" name="isEdible[506: MUSHROOM_STEM]" time="0"/>
  <testcase classname="org.bukkit.PerMaterialTest" name="maxDurability[506: MUSHROOM_STEM]" time="0"/>
  <testcase classname="org.bukkit.PerMaterialTest" name="usesDurability[506: MUSHROOM_STEM]" time="0.001"/>
  <testcase classname="org.bukkit.PerMaterialTest" name="isOccluding[506: MUSHROOM_STEM]" time="0"/>
  <testcase classname="org.bukkit.PerMaterialTest" name="isRecord[506: MUSHROOM_STEM]" time="0"/>
  <testcase classname="org.bukkit.PerMaterialTest" name="isFlammable[506: MUSHROOM_STEM]" time="0"/>
  <testcase classname="org.bukkit.PerMaterialTest" name="testDurability[506: MUSHROOM_STEM]" time="0"/>
  <testcase classname="org.bukkit.PerMaterialTest" name="testBlockHardness[506: MUSHROOM_STEM]" time="0"/>
  <testcase classname="org.bukkit.PerMaterialTest" name="maxStackSize[506: MUSHROOM_STEM]" time="0"/>
  <testcase classname="org.bukkit.PerMaterialTest" name="isTransparent[506: MUSHROOM_STEM]" time="0"/>
  <testcase classname="org.bukkit.PerMaterialTest" name="testBlockDataCreation[506: MUSHROOM_STEM]" time="0"/>
  <testcase classname="org.bukkit.PerMaterialTest" name="isBlock[506: MUSHROOM_STEM]" time="0"/>
  <testcase classname="org.bukkit.PerMaterialTest" name="isSolid[506: MUSHROOM_STEM]" time="0"/>
  <testcase classname="org.bukkit.PerMaterialTest" name="hasGravity[507: MUSHROOM_STEW]" time="0"/>
  <testcase classname="org.bukkit.PerMaterialTest" name="isBurnable[507: MUSHROOM_STEW]" time="0"/>
  <testcase classname="org.bukkit.PerMaterialTest" name="testInteractable[507: MUSHROOM_STEW]" time="0"/>
  <testcase classname="org.bukkit.PerMaterialTest" name="testBlock[507: MUSHROOM_STEW]" time="0"/>
  <testcase classname="org.bukkit.PerMaterialTest" name="isFuel[507: MUSHROOM_STEW]" time="0.001"/>
  <testcase classname="org.bukkit.PerMaterialTest" name="testItem[507: MUSHROOM_STEW]" time="0"/>
  <testcase classname="org.bukkit.PerMaterialTest" name="testBlastResistance[507: MUSHROOM_STEW]" time="0"/>
  <testcase classname="org.bukkit.PerMaterialTest" name="isEdible[507: MUSHROOM_STEW]" time="0"/>
  <testcase classname="org.bukkit.PerMaterialTest" name="maxDurability[507: MUSHROOM_STEW]" time="0"/>
  <testcase classname="org.bukkit.PerMaterialTest" name="usesDurability[507: MUSHROOM_STEW]" time="0"/>
  <testcase classname="org.bukkit.PerMaterialTest" name="isOccluding[507: MUSHROOM_STEW]" time="0.001"/>
  <testcase classname="org.bukkit.PerMaterialTest" name="isRecord[507: MUSHROOM_STEW]" time="0"/>
  <testcase classname="org.bukkit.PerMaterialTest" name="isFlammable[507: MUSHROOM_STEW]" time="0"/>
  <testcase classname="org.bukkit.PerMaterialTest" name="testDurability[507: MUSHROOM_STEW]" time="0"/>
  <testcase classname="org.bukkit.PerMaterialTest" name="testBlockHardness[507: MUSHROOM_STEW]" time="0"/>
  <testcase classname="org.bukkit.PerMaterialTest" name="maxStackSize[507: MUSHROOM_STEW]" time="0"/>
  <testcase classname="org.bukkit.PerMaterialTest" name="isTransparent[507: MUSHROOM_STEW]" time="0"/>
  <testcase classname="org.bukkit.PerMaterialTest" name="testBlockDataCreation[507: MUSHROOM_STEW]" time="0"/>
  <testcase classname="org.bukkit.PerMaterialTest" name="isBlock[507: MUSHROOM_STEW]" time="0.001"/>
  <testcase classname="org.bukkit.PerMaterialTest" name="isSolid[507: MUSHROOM_STEW]" time="0"/>
  <testcase classname="org.bukkit.PerMaterialTest" name="hasGravity[508: MUSIC_DISC_11]" time="0"/>
  <testcase classname="org.bukkit.PerMaterialTest" name="isBurnable[508: MUSIC_DISC_11]" time="0"/>
  <testcase classname="org.bukkit.PerMaterialTest" name="testInteractable[508: MUSIC_DISC_11]" time="0"/>
  <testcase classname="org.bukkit.PerMaterialTest" name="testBlock[508: MUSIC_DISC_11]" time="0"/>
  <testcase classname="org.bukkit.PerMaterialTest" name="isFuel[508: MUSIC_DISC_11]" time="0"/>
  <testcase classname="org.bukkit.PerMaterialTest" name="testItem[508: MUSIC_DISC_11]" time="0"/>
  <testcase classname="org.bukkit.PerMaterialTest" name="testBlastResistance[508: MUSIC_DISC_11]" time="0"/>
  <testcase classname="org.bukkit.PerMaterialTest" name="isEdible[508: MUSIC_DISC_11]" time="0"/>
  <testcase classname="org.bukkit.PerMaterialTest" name="maxDurability[508: MUSIC_DISC_11]" time="0"/>
  <testcase classname="org.bukkit.PerMaterialTest" name="usesDurability[508: MUSIC_DISC_11]" time="0"/>
  <testcase classname="org.bukkit.PerMaterialTest" name="isOccluding[508: MUSIC_DISC_11]" time="0"/>
  <testcase classname="org.bukkit.PerMaterialTest" name="isRecord[508: MUSIC_DISC_11]" time="0"/>
  <testcase classname="org.bukkit.PerMaterialTest" name="isFlammable[508: MUSIC_DISC_11]" time="0"/>
  <testcase classname="org.bukkit.PerMaterialTest" name="testDurability[508: MUSIC_DISC_11]" time="0"/>
  <testcase classname="org.bukkit.PerMaterialTest" name="testBlockHardness[508: MUSIC_DISC_11]" time="0"/>
  <testcase classname="org.bukkit.PerMaterialTest" name="maxStackSize[508: MUSIC_DISC_11]" time="0"/>
  <testcase classname="org.bukkit.PerMaterialTest" name="isTransparent[508: MUSIC_DISC_11]" time="0"/>
  <testcase classname="org.bukkit.PerMaterialTest" name="testBlockDataCreation[508: MUSIC_DISC_11]" time="0"/>
  <testcase classname="org.bukkit.PerMaterialTest" name="isBlock[508: MUSIC_DISC_11]" time="0"/>
  <testcase classname="org.bukkit.PerMaterialTest" name="isSolid[508: MUSIC_DISC_11]" time="0"/>
  <testcase classname="org.bukkit.PerMaterialTest" name="hasGravity[509: MUSIC_DISC_13]" time="0.005"/>
  <testcase classname="org.bukkit.PerMaterialTest" name="isBurnable[509: MUSIC_DISC_13]" time="0"/>
  <testcase classname="org.bukkit.PerMaterialTest" name="testInteractable[509: MUSIC_DISC_13]" time="0"/>
  <testcase classname="org.bukkit.PerMaterialTest" name="testBlock[509: MUSIC_DISC_13]" time="0"/>
  <testcase classname="org.bukkit.PerMaterialTest" name="isFuel[509: MUSIC_DISC_13]" time="0"/>
  <testcase classname="org.bukkit.PerMaterialTest" name="testItem[509: MUSIC_DISC_13]" time="0"/>
  <testcase classname="org.bukkit.PerMaterialTest" name="testBlastResistance[509: MUSIC_DISC_13]" time="0"/>
  <testcase classname="org.bukkit.PerMaterialTest" name="isEdible[509: MUSIC_DISC_13]" time="0"/>
  <testcase classname="org.bukkit.PerMaterialTest" name="maxDurability[509: MUSIC_DISC_13]" time="0.001"/>
  <testcase classname="org.bukkit.PerMaterialTest" name="usesDurability[509: MUSIC_DISC_13]" time="0"/>
  <testcase classname="org.bukkit.PerMaterialTest" name="isOccluding[509: MUSIC_DISC_13]" time="0"/>
  <testcase classname="org.bukkit.PerMaterialTest" name="isRecord[509: MUSIC_DISC_13]" time="0"/>
  <testcase classname="org.bukkit.PerMaterialTest" name="isFlammable[509: MUSIC_DISC_13]" time="0"/>
  <testcase classname="org.bukkit.PerMaterialTest" name="testDurability[509: MUSIC_DISC_13]" time="0"/>
  <testcase classname="org.bukkit.PerMaterialTest" name="testBlockHardness[509: MUSIC_DISC_13]" time="0"/>
  <testcase classname="org.bukkit.PerMaterialTest" name="maxStackSize[509: MUSIC_DISC_13]" time="0"/>
  <testcase classname="org.bukkit.PerMaterialTest" name="isTransparent[509: MUSIC_DISC_13]" time="0"/>
  <testcase classname="org.bukkit.PerMaterialTest" name="testBlockDataCreation[509: MUSIC_DISC_13]" time="0"/>
  <testcase classname="org.bukkit.PerMaterialTest" name="isBlock[509: MUSIC_DISC_13]" time="0"/>
  <testcase classname="org.bukkit.PerMaterialTest" name="isSolid[509: MUSIC_DISC_13]" time="0"/>
  <testcase classname="org.bukkit.PerMaterialTest" name="hasGravity[510: MUSIC_DISC_BLOCKS]" time="0"/>
  <testcase classname="org.bukkit.PerMaterialTest" name="isBurnable[510: MUSIC_DISC_BLOCKS]" time="0"/>
  <testcase classname="org.bukkit.PerMaterialTest" name="testInteractable[510: MUSIC_DISC_BLOCKS]" time="0"/>
  <testcase classname="org.bukkit.PerMaterialTest" name="testBlock[510: MUSIC_DISC_BLOCKS]" time="0"/>
  <testcase classname="org.bukkit.PerMaterialTest" name="isFuel[510: MUSIC_DISC_BLOCKS]" time="0"/>
  <testcase classname="org.bukkit.PerMaterialTest" name="testItem[510: MUSIC_DISC_BLOCKS]" time="0"/>
  <testcase classname="org.bukkit.PerMaterialTest" name="testBlastResistance[510: MUSIC_DISC_BLOCKS]" time="0"/>
  <testcase classname="org.bukkit.PerMaterialTest" name="isEdible[510: MUSIC_DISC_BLOCKS]" time="0"/>
  <testcase classname="org.bukkit.PerMaterialTest" name="maxDurability[510: MUSIC_DISC_BLOCKS]" time="0"/>
  <testcase classname="org.bukkit.PerMaterialTest" name="usesDurability[510: MUSIC_DISC_BLOCKS]" time="0"/>
  <testcase classname="org.bukkit.PerMaterialTest" name="isOccluding[510: MUSIC_DISC_BLOCKS]" time="0"/>
  <testcase classname="org.bukkit.PerMaterialTest" name="isRecord[510: MUSIC_DISC_BLOCKS]" time="0"/>
  <testcase classname="org.bukkit.PerMaterialTest" name="isFlammable[510: MUSIC_DISC_BLOCKS]" time="0"/>
  <testcase classname="org.bukkit.PerMaterialTest" name="testDurability[510: MUSIC_DISC_BLOCKS]" time="0"/>
  <testcase classname="org.bukkit.PerMaterialTest" name="testBlockHardness[510: MUSIC_DISC_BLOCKS]" time="0"/>
  <testcase classname="org.bukkit.PerMaterialTest" name="maxStackSize[510: MUSIC_DISC_BLOCKS]" time="0"/>
  <testcase classname="org.bukkit.PerMaterialTest" name="isTransparent[510: MUSIC_DISC_BLOCKS]" time="0.001"/>
  <testcase classname="org.bukkit.PerMaterialTest" name="testBlockDataCreation[510: MUSIC_DISC_BLOCKS]" time="0"/>
  <testcase classname="org.bukkit.PerMaterialTest" name="isBlock[510: MUSIC_DISC_BLOCKS]" time="0"/>
  <testcase classname="org.bukkit.PerMaterialTest" name="isSolid[510: MUSIC_DISC_BLOCKS]" time="0"/>
  <testcase classname="org.bukkit.PerMaterialTest" name="hasGravity[511: MUSIC_DISC_CAT]" time="0"/>
  <testcase classname="org.bukkit.PerMaterialTest" name="isBurnable[511: MUSIC_DISC_CAT]" time="0"/>
  <testcase classname="org.bukkit.PerMaterialTest" name="testInteractable[511: MUSIC_DISC_CAT]" time="0"/>
  <testcase classname="org.bukkit.PerMaterialTest" name="testBlock[511: MUSIC_DISC_CAT]" time="0"/>
  <testcase classname="org.bukkit.PerMaterialTest" name="isFuel[511: MUSIC_DISC_CAT]" time="0"/>
  <testcase classname="org.bukkit.PerMaterialTest" name="testItem[511: MUSIC_DISC_CAT]" time="0"/>
  <testcase classname="org.bukkit.PerMaterialTest" name="testBlastResistance[511: MUSIC_DISC_CAT]" time="0"/>
  <testcase classname="org.bukkit.PerMaterialTest" name="isEdible[511: MUSIC_DISC_CAT]" time="0"/>
  <testcase classname="org.bukkit.PerMaterialTest" name="maxDurability[511: MUSIC_DISC_CAT]" time="0"/>
  <testcase classname="org.bukkit.PerMaterialTest" name="usesDurability[511: MUSIC_DISC_CAT]" time="0"/>
  <testcase classname="org.bukkit.PerMaterialTest" name="isOccluding[511: MUSIC_DISC_CAT]" time="0.001"/>
  <testcase classname="org.bukkit.PerMaterialTest" name="isRecord[511: MUSIC_DISC_CAT]" time="0"/>
  <testcase classname="org.bukkit.PerMaterialTest" name="isFlammable[511: MUSIC_DISC_CAT]" time="0"/>
  <testcase classname="org.bukkit.PerMaterialTest" name="testDurability[511: MUSIC_DISC_CAT]" time="0"/>
  <testcase classname="org.bukkit.PerMaterialTest" name="testBlockHardness[511: MUSIC_DISC_CAT]" time="0"/>
  <testcase classname="org.bukkit.PerMaterialTest" name="maxStackSize[511: MUSIC_DISC_CAT]" time="0"/>
  <testcase classname="org.bukkit.PerMaterialTest" name="isTransparent[511: MUSIC_DISC_CAT]" time="0"/>
  <testcase classname="org.bukkit.PerMaterialTest" name="testBlockDataCreation[511: MUSIC_DISC_CAT]" time="0"/>
  <testcase classname="org.bukkit.PerMaterialTest" name="isBlock[511: MUSIC_DISC_CAT]" time="0"/>
  <testcase classname="org.bukkit.PerMaterialTest" name="isSolid[511: MUSIC_DISC_CAT]" time="0"/>
  <testcase classname="org.bukkit.PerMaterialTest" name="hasGravity[512: MUSIC_DISC_CHIRP]" time="0"/>
  <testcase classname="org.bukkit.PerMaterialTest" name="isBurnable[512: MUSIC_DISC_CHIRP]" time="0"/>
  <testcase classname="org.bukkit.PerMaterialTest" name="testInteractable[512: MUSIC_DISC_CHIRP]" time="0"/>
  <testcase classname="org.bukkit.PerMaterialTest" name="testBlock[512: MUSIC_DISC_CHIRP]" time="0"/>
  <testcase classname="org.bukkit.PerMaterialTest" name="isFuel[512: MUSIC_DISC_CHIRP]" time="0.001"/>
  <testcase classname="org.bukkit.PerMaterialTest" name="testItem[512: MUSIC_DISC_CHIRP]" time="0"/>
  <testcase classname="org.bukkit.PerMaterialTest" name="testBlastResistance[512: MUSIC_DISC_CHIRP]" time="0"/>
  <testcase classname="org.bukkit.PerMaterialTest" name="isEdible[512: MUSIC_DISC_CHIRP]" time="0"/>
  <testcase classname="org.bukkit.PerMaterialTest" name="maxDurability[512: MUSIC_DISC_CHIRP]" time="0"/>
  <testcase classname="org.bukkit.PerMaterialTest" name="usesDurability[512: MUSIC_DISC_CHIRP]" time="0"/>
  <testcase classname="org.bukkit.PerMaterialTest" name="isOccluding[512: MUSIC_DISC_CHIRP]" time="0"/>
  <testcase classname="org.bukkit.PerMaterialTest" name="isRecord[512: MUSIC_DISC_CHIRP]" time="0"/>
  <testcase classname="org.bukkit.PerMaterialTest" name="isFlammable[512: MUSIC_DISC_CHIRP]" time="0"/>
  <testcase classname="org.bukkit.PerMaterialTest" name="testDurability[512: MUSIC_DISC_CHIRP]" time="0"/>
  <testcase classname="org.bukkit.PerMaterialTest" name="testBlockHardness[512: MUSIC_DISC_CHIRP]" time="0"/>
  <testcase classname="org.bukkit.PerMaterialTest" name="maxStackSize[512: MUSIC_DISC_CHIRP]" time="0"/>
  <testcase classname="org.bukkit.PerMaterialTest" name="isTransparent[512: MUSIC_DISC_CHIRP]" time="0"/>
  <testcase classname="org.bukkit.PerMaterialTest" name="testBlockDataCreation[512: MUSIC_DISC_CHIRP]" time="0"/>
  <testcase classname="org.bukkit.PerMaterialTest" name="isBlock[512: MUSIC_DISC_CHIRP]" time="0"/>
  <testcase classname="org.bukkit.PerMaterialTest" name="isSolid[512: MUSIC_DISC_CHIRP]" time="0.001"/>
  <testcase classname="org.bukkit.PerMaterialTest" name="hasGravity[513: MUSIC_DISC_FAR]" time="0"/>
  <testcase classname="org.bukkit.PerMaterialTest" name="isBurnable[513: MUSIC_DISC_FAR]" time="0"/>
  <testcase classname="org.bukkit.PerMaterialTest" name="testInteractable[513: MUSIC_DISC_FAR]" time="0"/>
  <testcase classname="org.bukkit.PerMaterialTest" name="testBlock[513: MUSIC_DISC_FAR]" time="0"/>
  <testcase classname="org.bukkit.PerMaterialTest" name="isFuel[513: MUSIC_DISC_FAR]" time="0"/>
  <testcase classname="org.bukkit.PerMaterialTest" name="testItem[513: MUSIC_DISC_FAR]" time="0"/>
  <testcase classname="org.bukkit.PerMaterialTest" name="testBlastResistance[513: MUSIC_DISC_FAR]" time="0"/>
  <testcase classname="org.bukkit.PerMaterialTest" name="isEdible[513: MUSIC_DISC_FAR]" time="0"/>
  <testcase classname="org.bukkit.PerMaterialTest" name="maxDurability[513: MUSIC_DISC_FAR]" time="0"/>
  <testcase classname="org.bukkit.PerMaterialTest" name="usesDurability[513: MUSIC_DISC_FAR]" time="0"/>
  <testcase classname="org.bukkit.PerMaterialTest" name="isOccluding[513: MUSIC_DISC_FAR]" time="0"/>
  <testcase classname="org.bukkit.PerMaterialTest" name="isRecord[513: MUSIC_DISC_FAR]" time="0"/>
  <testcase classname="org.bukkit.PerMaterialTest" name="isFlammable[513: MUSIC_DISC_FAR]" time="0"/>
  <testcase classname="org.bukkit.PerMaterialTest" name="testDurability[513: MUSIC_DISC_FAR]" time="0"/>
  <testcase classname="org.bukkit.PerMaterialTest" name="testBlockHardness[513: MUSIC_DISC_FAR]" time="0"/>
  <testcase classname="org.bukkit.PerMaterialTest" name="maxStackSize[513: MUSIC_DISC_FAR]" time="0"/>
  <testcase classname="org.bukkit.PerMaterialTest" name="isTransparent[513: MUSIC_DISC_FAR]" time="0"/>
  <testcase classname="org.bukkit.PerMaterialTest" name="testBlockDataCreation[513: MUSIC_DISC_FAR]" time="0"/>
  <testcase classname="org.bukkit.PerMaterialTest" name="isBlock[513: MUSIC_DISC_FAR]" time="0"/>
  <testcase classname="org.bukkit.PerMaterialTest" name="isSolid[513: MUSIC_DISC_FAR]" time="0"/>
  <testcase classname="org.bukkit.PerMaterialTest" name="hasGravity[514: MUSIC_DISC_MALL]" time="0"/>
  <testcase classname="org.bukkit.PerMaterialTest" name="isBurnable[514: MUSIC_DISC_MALL]" time="0"/>
  <testcase classname="org.bukkit.PerMaterialTest" name="testInteractable[514: MUSIC_DISC_MALL]" time="0"/>
  <testcase classname="org.bukkit.PerMaterialTest" name="testBlock[514: MUSIC_DISC_MALL]" time="0"/>
  <testcase classname="org.bukkit.PerMaterialTest" name="isFuel[514: MUSIC_DISC_MALL]" time="0"/>
  <testcase classname="org.bukkit.PerMaterialTest" name="testItem[514: MUSIC_DISC_MALL]" time="0"/>
  <testcase classname="org.bukkit.PerMaterialTest" name="testBlastResistance[514: MUSIC_DISC_MALL]" time="0"/>
  <testcase classname="org.bukkit.PerMaterialTest" name="isEdible[514: MUSIC_DISC_MALL]" time="0"/>
  <testcase classname="org.bukkit.PerMaterialTest" name="maxDurability[514: MUSIC_DISC_MALL]" time="0"/>
  <testcase classname="org.bukkit.PerMaterialTest" name="usesDurability[514: MUSIC_DISC_MALL]" time="0"/>
  <testcase classname="org.bukkit.PerMaterialTest" name="isOccluding[514: MUSIC_DISC_MALL]" time="0"/>
  <testcase classname="org.bukkit.PerMaterialTest" name="isRecord[514: MUSIC_DISC_MALL]" time="0"/>
  <testcase classname="org.bukkit.PerMaterialTest" name="isFlammable[514: MUSIC_DISC_MALL]" time="0"/>
  <testcase classname="org.bukkit.PerMaterialTest" name="testDurability[514: MUSIC_DISC_MALL]" time="0"/>
  <testcase classname="org.bukkit.PerMaterialTest" name="testBlockHardness[514: MUSIC_DISC_MALL]" time="0"/>
  <testcase classname="org.bukkit.PerMaterialTest" name="maxStackSize[514: MUSIC_DISC_MALL]" time="0"/>
  <testcase classname="org.bukkit.PerMaterialTest" name="isTransparent[514: MUSIC_DISC_MALL]" time="0"/>
  <testcase classname="org.bukkit.PerMaterialTest" name="testBlockDataCreation[514: MUSIC_DISC_MALL]" time="0"/>
  <testcase classname="org.bukkit.PerMaterialTest" name="isBlock[514: MUSIC_DISC_MALL]" time="0"/>
  <testcase classname="org.bukkit.PerMaterialTest" name="isSolid[514: MUSIC_DISC_MALL]" time="0"/>
  <testcase classname="org.bukkit.PerMaterialTest" name="hasGravity[515: MUSIC_DISC_MELLOHI]" time="0"/>
  <testcase classname="org.bukkit.PerMaterialTest" name="isBurnable[515: MUSIC_DISC_MELLOHI]" time="0"/>
  <testcase classname="org.bukkit.PerMaterialTest" name="testInteractable[515: MUSIC_DISC_MELLOHI]" time="0"/>
  <testcase classname="org.bukkit.PerMaterialTest" name="testBlock[515: MUSIC_DISC_MELLOHI]" time="0"/>
  <testcase classname="org.bukkit.PerMaterialTest" name="isFuel[515: MUSIC_DISC_MELLOHI]" time="0"/>
  <testcase classname="org.bukkit.PerMaterialTest" name="testItem[515: MUSIC_DISC_MELLOHI]" time="0"/>
  <testcase classname="org.bukkit.PerMaterialTest" name="testBlastResistance[515: MUSIC_DISC_MELLOHI]" time="0"/>
  <testcase classname="org.bukkit.PerMaterialTest" name="isEdible[515: MUSIC_DISC_MELLOHI]" time="0"/>
  <testcase classname="org.bukkit.PerMaterialTest" name="maxDurability[515: MUSIC_DISC_MELLOHI]" time="0"/>
  <testcase classname="org.bukkit.PerMaterialTest" name="usesDurability[515: MUSIC_DISC_MELLOHI]" time="0"/>
  <testcase classname="org.bukkit.PerMaterialTest" name="isOccluding[515: MUSIC_DISC_MELLOHI]" time="0"/>
  <testcase classname="org.bukkit.PerMaterialTest" name="isRecord[515: MUSIC_DISC_MELLOHI]" time="0"/>
  <testcase classname="org.bukkit.PerMaterialTest" name="isFlammable[515: MUSIC_DISC_MELLOHI]" time="0"/>
  <testcase classname="org.bukkit.PerMaterialTest" name="testDurability[515: MUSIC_DISC_MELLOHI]" time="0"/>
  <testcase classname="org.bukkit.PerMaterialTest" name="testBlockHardness[515: MUSIC_DISC_MELLOHI]" time="0"/>
  <testcase classname="org.bukkit.PerMaterialTest" name="maxStackSize[515: MUSIC_DISC_MELLOHI]" time="0"/>
  <testcase classname="org.bukkit.PerMaterialTest" name="isTransparent[515: MUSIC_DISC_MELLOHI]" time="0.001"/>
  <testcase classname="org.bukkit.PerMaterialTest" name="testBlockDataCreation[515: MUSIC_DISC_MELLOHI]" time="0"/>
  <testcase classname="org.bukkit.PerMaterialTest" name="isBlock[515: MUSIC_DISC_MELLOHI]" time="0"/>
  <testcase classname="org.bukkit.PerMaterialTest" name="isSolid[515: MUSIC_DISC_MELLOHI]" time="0"/>
  <testcase classname="org.bukkit.PerMaterialTest" name="hasGravity[516: MUSIC_DISC_STAL]" time="0"/>
  <testcase classname="org.bukkit.PerMaterialTest" name="isBurnable[516: MUSIC_DISC_STAL]" time="0"/>
  <testcase classname="org.bukkit.PerMaterialTest" name="testInteractable[516: MUSIC_DISC_STAL]" time="0"/>
  <testcase classname="org.bukkit.PerMaterialTest" name="testBlock[516: MUSIC_DISC_STAL]" time="0"/>
  <testcase classname="org.bukkit.PerMaterialTest" name="isFuel[516: MUSIC_DISC_STAL]" time="0.001"/>
  <testcase classname="org.bukkit.PerMaterialTest" name="testItem[516: MUSIC_DISC_STAL]" time="0"/>
  <testcase classname="org.bukkit.PerMaterialTest" name="testBlastResistance[516: MUSIC_DISC_STAL]" time="0"/>
  <testcase classname="org.bukkit.PerMaterialTest" name="isEdible[516: MUSIC_DISC_STAL]" time="0"/>
  <testcase classname="org.bukkit.PerMaterialTest" name="maxDurability[516: MUSIC_DISC_STAL]" time="0"/>
  <testcase classname="org.bukkit.PerMaterialTest" name="usesDurability[516: MUSIC_DISC_STAL]" time="0"/>
  <testcase classname="org.bukkit.PerMaterialTest" name="isOccluding[516: MUSIC_DISC_STAL]" time="0"/>
  <testcase classname="org.bukkit.PerMaterialTest" name="isRecord[516: MUSIC_DISC_STAL]" time="0"/>
  <testcase classname="org.bukkit.PerMaterialTest" name="isFlammable[516: MUSIC_DISC_STAL]" time="0"/>
  <testcase classname="org.bukkit.PerMaterialTest" name="testDurability[516: MUSIC_DISC_STAL]" time="0"/>
  <testcase classname="org.bukkit.PerMaterialTest" name="testBlockHardness[516: MUSIC_DISC_STAL]" time="0"/>
  <testcase classname="org.bukkit.PerMaterialTest" name="maxStackSize[516: MUSIC_DISC_STAL]" time="0"/>
  <testcase classname="org.bukkit.PerMaterialTest" name="isTransparent[516: MUSIC_DISC_STAL]" time="0"/>
  <testcase classname="org.bukkit.PerMaterialTest" name="testBlockDataCreation[516: MUSIC_DISC_STAL]" time="0"/>
  <testcase classname="org.bukkit.PerMaterialTest" name="isBlock[516: MUSIC_DISC_STAL]" time="0"/>
  <testcase classname="org.bukkit.PerMaterialTest" name="isSolid[516: MUSIC_DISC_STAL]" time="0"/>
  <testcase classname="org.bukkit.PerMaterialTest" name="hasGravity[517: MUSIC_DISC_STRAD]" time="0"/>
  <testcase classname="org.bukkit.PerMaterialTest" name="isBurnable[517: MUSIC_DISC_STRAD]" time="0"/>
  <testcase classname="org.bukkit.PerMaterialTest" name="testInteractable[517: MUSIC_DISC_STRAD]" time="0"/>
  <testcase classname="org.bukkit.PerMaterialTest" name="testBlock[517: MUSIC_DISC_STRAD]" time="0"/>
  <testcase classname="org.bukkit.PerMaterialTest" name="isFuel[517: MUSIC_DISC_STRAD]" time="0"/>
  <testcase classname="org.bukkit.PerMaterialTest" name="testItem[517: MUSIC_DISC_STRAD]" time="0"/>
  <testcase classname="org.bukkit.PerMaterialTest" name="testBlastResistance[517: MUSIC_DISC_STRAD]" time="0"/>
  <testcase classname="org.bukkit.PerMaterialTest" name="isEdible[517: MUSIC_DISC_STRAD]" time="0"/>
  <testcase classname="org.bukkit.PerMaterialTest" name="maxDurability[517: MUSIC_DISC_STRAD]" time="0"/>
  <testcase classname="org.bukkit.PerMaterialTest" name="usesDurability[517: MUSIC_DISC_STRAD]" time="0"/>
  <testcase classname="org.bukkit.PerMaterialTest" name="isOccluding[517: MUSIC_DISC_STRAD]" time="0.001"/>
  <testcase classname="org.bukkit.PerMaterialTest" name="isRecord[517: MUSIC_DISC_STRAD]" time="0"/>
  <testcase classname="org.bukkit.PerMaterialTest" name="isFlammable[517: MUSIC_DISC_STRAD]" time="0"/>
  <testcase classname="org.bukkit.PerMaterialTest" name="testDurability[517: MUSIC_DISC_STRAD]" time="0"/>
  <testcase classname="org.bukkit.PerMaterialTest" name="testBlockHardness[517: MUSIC_DISC_STRAD]" time="0"/>
  <testcase classname="org.bukkit.PerMaterialTest" name="maxStackSize[517: MUSIC_DISC_STRAD]" time="0"/>
  <testcase classname="org.bukkit.PerMaterialTest" name="isTransparent[517: MUSIC_DISC_STRAD]" time="0"/>
  <testcase classname="org.bukkit.PerMaterialTest" name="testBlockDataCreation[517: MUSIC_DISC_STRAD]" time="0"/>
  <testcase classname="org.bukkit.PerMaterialTest" name="isBlock[517: MUSIC_DISC_STRAD]" time="0"/>
  <testcase classname="org.bukkit.PerMaterialTest" name="isSolid[517: MUSIC_DISC_STRAD]" time="0"/>
  <testcase classname="org.bukkit.PerMaterialTest" name="hasGravity[518: MUSIC_DISC_WAIT]" time="0"/>
  <testcase classname="org.bukkit.PerMaterialTest" name="isBurnable[518: MUSIC_DISC_WAIT]" time="0"/>
  <testcase classname="org.bukkit.PerMaterialTest" name="testInteractable[518: MUSIC_DISC_WAIT]" time="0"/>
  <testcase classname="org.bukkit.PerMaterialTest" name="testBlock[518: MUSIC_DISC_WAIT]" time="0"/>
  <testcase classname="org.bukkit.PerMaterialTest" name="isFuel[518: MUSIC_DISC_WAIT]" time="0"/>
  <testcase classname="org.bukkit.PerMaterialTest" name="testItem[518: MUSIC_DISC_WAIT]" time="0"/>
  <testcase classname="org.bukkit.PerMaterialTest" name="testBlastResistance[518: MUSIC_DISC_WAIT]" time="0"/>
  <testcase classname="org.bukkit.PerMaterialTest" name="isEdible[518: MUSIC_DISC_WAIT]" time="0"/>
  <testcase classname="org.bukkit.PerMaterialTest" name="maxDurability[518: MUSIC_DISC_WAIT]" time="0"/>
  <testcase classname="org.bukkit.PerMaterialTest" name="usesDurability[518: MUSIC_DISC_WAIT]" time="0"/>
  <testcase classname="org.bukkit.PerMaterialTest" name="isOccluding[518: MUSIC_DISC_WAIT]" time="0"/>
  <testcase classname="org.bukkit.PerMaterialTest" name="isRecord[518: MUSIC_DISC_WAIT]" time="0"/>
  <testcase classname="org.bukkit.PerMaterialTest" name="isFlammable[518: MUSIC_DISC_WAIT]" time="0"/>
  <testcase classname="org.bukkit.PerMaterialTest" name="testDurability[518: MUSIC_DISC_WAIT]" time="0"/>
  <testcase classname="org.bukkit.PerMaterialTest" name="testBlockHardness[518: MUSIC_DISC_WAIT]" time="0"/>
  <testcase classname="org.bukkit.PerMaterialTest" name="maxStackSize[518: MUSIC_DISC_WAIT]" time="0"/>
  <testcase classname="org.bukkit.PerMaterialTest" name="isTransparent[518: MUSIC_DISC_WAIT]" time="0"/>
  <testcase classname="org.bukkit.PerMaterialTest" name="testBlockDataCreation[518: MUSIC_DISC_WAIT]" time="0"/>
  <testcase classname="org.bukkit.PerMaterialTest" name="isBlock[518: MUSIC_DISC_WAIT]" time="0"/>
  <testcase classname="org.bukkit.PerMaterialTest" name="isSolid[518: MUSIC_DISC_WAIT]" time="0"/>
  <testcase classname="org.bukkit.PerMaterialTest" name="hasGravity[519: MUSIC_DISC_WARD]" time="0"/>
  <testcase classname="org.bukkit.PerMaterialTest" name="isBurnable[519: MUSIC_DISC_WARD]" time="0"/>
  <testcase classname="org.bukkit.PerMaterialTest" name="testInteractable[519: MUSIC_DISC_WARD]" time="0.001"/>
  <testcase classname="org.bukkit.PerMaterialTest" name="testBlock[519: MUSIC_DISC_WARD]" time="0"/>
  <testcase classname="org.bukkit.PerMaterialTest" name="isFuel[519: MUSIC_DISC_WARD]" time="0"/>
  <testcase classname="org.bukkit.PerMaterialTest" name="testItem[519: MUSIC_DISC_WARD]" time="0"/>
  <testcase classname="org.bukkit.PerMaterialTest" name="testBlastResistance[519: MUSIC_DISC_WARD]" time="0"/>
  <testcase classname="org.bukkit.PerMaterialTest" name="isEdible[519: MUSIC_DISC_WARD]" time="0"/>
  <testcase classname="org.bukkit.PerMaterialTest" name="maxDurability[519: MUSIC_DISC_WARD]" time="0"/>
  <testcase classname="org.bukkit.PerMaterialTest" name="usesDurability[519: MUSIC_DISC_WARD]" time="0"/>
  <testcase classname="org.bukkit.PerMaterialTest" name="isOccluding[519: MUSIC_DISC_WARD]" time="0"/>
  <testcase classname="org.bukkit.PerMaterialTest" name="isRecord[519: MUSIC_DISC_WARD]" time="0"/>
  <testcase classname="org.bukkit.PerMaterialTest" name="isFlammable[519: MUSIC_DISC_WARD]" time="0"/>
  <testcase classname="org.bukkit.PerMaterialTest" name="testDurability[519: MUSIC_DISC_WARD]" time="0"/>
  <testcase classname="org.bukkit.PerMaterialTest" name="testBlockHardness[519: MUSIC_DISC_WARD]" time="0"/>
  <testcase classname="org.bukkit.PerMaterialTest" name="maxStackSize[519: MUSIC_DISC_WARD]" time="0"/>
  <testcase classname="org.bukkit.PerMaterialTest" name="isTransparent[519: MUSIC_DISC_WARD]" time="0.001"/>
  <testcase classname="org.bukkit.PerMaterialTest" name="testBlockDataCreation[519: MUSIC_DISC_WARD]" time="0"/>
  <testcase classname="org.bukkit.PerMaterialTest" name="isBlock[519: MUSIC_DISC_WARD]" time="0"/>
  <testcase classname="org.bukkit.PerMaterialTest" name="isSolid[519: MUSIC_DISC_WARD]" time="0"/>
  <testcase classname="org.bukkit.PerMaterialTest" name="hasGravity[520: MUTTON]" time="0"/>
  <testcase classname="org.bukkit.PerMaterialTest" name="isBurnable[520: MUTTON]" time="0"/>
  <testcase classname="org.bukkit.PerMaterialTest" name="testInteractable[520: MUTTON]" time="0"/>
  <testcase classname="org.bukkit.PerMaterialTest" name="testBlock[520: MUTTON]" time="0"/>
  <testcase classname="org.bukkit.PerMaterialTest" name="isFuel[520: MUTTON]" time="0.001"/>
  <testcase classname="org.bukkit.PerMaterialTest" name="testItem[520: MUTTON]" time="0"/>
  <testcase classname="org.bukkit.PerMaterialTest" name="testBlastResistance[520: MUTTON]" time="0"/>
  <testcase classname="org.bukkit.PerMaterialTest" name="isEdible[520: MUTTON]" time="0"/>
  <testcase classname="org.bukkit.PerMaterialTest" name="maxDurability[520: MUTTON]" time="0"/>
  <testcase classname="org.bukkit.PerMaterialTest" name="usesDurability[520: MUTTON]" time="0"/>
  <testcase classname="org.bukkit.PerMaterialTest" name="isOccluding[520: MUTTON]" time="0"/>
  <testcase classname="org.bukkit.PerMaterialTest" name="isRecord[520: MUTTON]" time="0.001"/>
  <testcase classname="org.bukkit.PerMaterialTest" name="isFlammable[520: MUTTON]" time="0"/>
  <testcase classname="org.bukkit.PerMaterialTest" name="testDurability[520: MUTTON]" time="0"/>
  <testcase classname="org.bukkit.PerMaterialTest" name="testBlockHardness[520: MUTTON]" time="0"/>
  <testcase classname="org.bukkit.PerMaterialTest" name="maxStackSize[520: MUTTON]" time="0"/>
  <testcase classname="org.bukkit.PerMaterialTest" name="isTransparent[520: MUTTON]" time="0"/>
  <testcase classname="org.bukkit.PerMaterialTest" name="testBlockDataCreation[520: MUTTON]" time="0"/>
  <testcase classname="org.bukkit.PerMaterialTest" name="isBlock[520: MUTTON]" time="0"/>
  <testcase classname="org.bukkit.PerMaterialTest" name="isSolid[520: MUTTON]" time="0"/>
  <testcase classname="org.bukkit.PerMaterialTest" name="hasGravity[521: MYCELIUM]" time="0"/>
  <testcase classname="org.bukkit.PerMaterialTest" name="isBurnable[521: MYCELIUM]" time="0"/>
  <testcase classname="org.bukkit.PerMaterialTest" name="testInteractable[521: MYCELIUM]" time="0"/>
  <testcase classname="org.bukkit.PerMaterialTest" name="testBlock[521: MYCELIUM]" time="0"/>
  <testcase classname="org.bukkit.PerMaterialTest" name="isFuel[521: MYCELIUM]" time="0"/>
  <testcase classname="org.bukkit.PerMaterialTest" name="testItem[521: MYCELIUM]" time="0"/>
  <testcase classname="org.bukkit.PerMaterialTest" name="testBlastResistance[521: MYCELIUM]" time="0"/>
  <testcase classname="org.bukkit.PerMaterialTest" name="isEdible[521: MYCELIUM]" time="0"/>
  <testcase classname="org.bukkit.PerMaterialTest" name="maxDurability[521: MYCELIUM]" time="0"/>
  <testcase classname="org.bukkit.PerMaterialTest" name="usesDurability[521: MYCELIUM]" time="0"/>
  <testcase classname="org.bukkit.PerMaterialTest" name="isOccluding[521: MYCELIUM]" time="0"/>
  <testcase classname="org.bukkit.PerMaterialTest" name="isRecord[521: MYCELIUM]" time="0"/>
  <testcase classname="org.bukkit.PerMaterialTest" name="isFlammable[521: MYCELIUM]" time="0"/>
  <testcase classname="org.bukkit.PerMaterialTest" name="testDurability[521: MYCELIUM]" time="0"/>
  <testcase classname="org.bukkit.PerMaterialTest" name="testBlockHardness[521: MYCELIUM]" time="0"/>
  <testcase classname="org.bukkit.PerMaterialTest" name="maxStackSize[521: MYCELIUM]" time="0"/>
  <testcase classname="org.bukkit.PerMaterialTest" name="isTransparent[521: MYCELIUM]" time="0"/>
  <testcase classname="org.bukkit.PerMaterialTest" name="testBlockDataCreation[521: MYCELIUM]" time="0"/>
  <testcase classname="org.bukkit.PerMaterialTest" name="isBlock[521: MYCELIUM]" time="0"/>
  <testcase classname="org.bukkit.PerMaterialTest" name="isSolid[521: MYCELIUM]" time="0"/>
  <testcase classname="org.bukkit.PerMaterialTest" name="hasGravity[522: NAME_TAG]" time="0"/>
  <testcase classname="org.bukkit.PerMaterialTest" name="isBurnable[522: NAME_TAG]" time="0"/>
  <testcase classname="org.bukkit.PerMaterialTest" name="testInteractable[522: NAME_TAG]" time="0"/>
  <testcase classname="org.bukkit.PerMaterialTest" name="testBlock[522: NAME_TAG]" time="0"/>
  <testcase classname="org.bukkit.PerMaterialTest" name="isFuel[522: NAME_TAG]" time="0"/>
  <testcase classname="org.bukkit.PerMaterialTest" name="testItem[522: NAME_TAG]" time="0"/>
  <testcase classname="org.bukkit.PerMaterialTest" name="testBlastResistance[522: NAME_TAG]" time="0.001"/>
  <testcase classname="org.bukkit.PerMaterialTest" name="isEdible[522: NAME_TAG]" time="0"/>
  <testcase classname="org.bukkit.PerMaterialTest" name="maxDurability[522: NAME_TAG]" time="0"/>
  <testcase classname="org.bukkit.PerMaterialTest" name="usesDurability[522: NAME_TAG]" time="0"/>
  <testcase classname="org.bukkit.PerMaterialTest" name="isOccluding[522: NAME_TAG]" time="0"/>
  <testcase classname="org.bukkit.PerMaterialTest" name="isRecord[522: NAME_TAG]" time="0"/>
  <testcase classname="org.bukkit.PerMaterialTest" name="isFlammable[522: NAME_TAG]" time="0"/>
  <testcase classname="org.bukkit.PerMaterialTest" name="testDurability[522: NAME_TAG]" time="0"/>
  <testcase classname="org.bukkit.PerMaterialTest" name="testBlockHardness[522: NAME_TAG]" time="0"/>
  <testcase classname="org.bukkit.PerMaterialTest" name="maxStackSize[522: NAME_TAG]" time="0"/>
  <testcase classname="org.bukkit.PerMaterialTest" name="isTransparent[522: NAME_TAG]" time="0"/>
  <testcase classname="org.bukkit.PerMaterialTest" name="testBlockDataCreation[522: NAME_TAG]" time="0"/>
  <testcase classname="org.bukkit.PerMaterialTest" name="isBlock[522: NAME_TAG]" time="0"/>
  <testcase classname="org.bukkit.PerMaterialTest" name="isSolid[522: NAME_TAG]" time="0"/>
  <testcase classname="org.bukkit.PerMaterialTest" name="hasGravity[523: NAUTILUS_SHELL]" time="0"/>
  <testcase classname="org.bukkit.PerMaterialTest" name="isBurnable[523: NAUTILUS_SHELL]" time="0"/>
  <testcase classname="org.bukkit.PerMaterialTest" name="testInteractable[523: NAUTILUS_SHELL]" time="0.001"/>
  <testcase classname="org.bukkit.PerMaterialTest" name="testBlock[523: NAUTILUS_SHELL]" time="0"/>
  <testcase classname="org.bukkit.PerMaterialTest" name="isFuel[523: NAUTILUS_SHELL]" time="0"/>
  <testcase classname="org.bukkit.PerMaterialTest" name="testItem[523: NAUTILUS_SHELL]" time="0"/>
  <testcase classname="org.bukkit.PerMaterialTest" name="testBlastResistance[523: NAUTILUS_SHELL]" time="0"/>
  <testcase classname="org.bukkit.PerMaterialTest" name="isEdible[523: NAUTILUS_SHELL]" time="0"/>
  <testcase classname="org.bukkit.PerMaterialTest" name="maxDurability[523: NAUTILUS_SHELL]" time="0"/>
  <testcase classname="org.bukkit.PerMaterialTest" name="usesDurability[523: NAUTILUS_SHELL]" time="0"/>
  <testcase classname="org.bukkit.PerMaterialTest" name="isOccluding[523: NAUTILUS_SHELL]" time="0"/>
  <testcase classname="org.bukkit.PerMaterialTest" name="isRecord[523: NAUTILUS_SHELL]" time="0"/>
  <testcase classname="org.bukkit.PerMaterialTest" name="isFlammable[523: NAUTILUS_SHELL]" time="0"/>
  <testcase classname="org.bukkit.PerMaterialTest" name="testDurability[523: NAUTILUS_SHELL]" time="0"/>
  <testcase classname="org.bukkit.PerMaterialTest" name="testBlockHardness[523: NAUTILUS_SHELL]" time="0"/>
  <testcase classname="org.bukkit.PerMaterialTest" name="maxStackSize[523: NAUTILUS_SHELL]" time="0"/>
  <testcase classname="org.bukkit.PerMaterialTest" name="isTransparent[523: NAUTILUS_SHELL]" time="0"/>
  <testcase classname="org.bukkit.PerMaterialTest" name="testBlockDataCreation[523: NAUTILUS_SHELL]" time="0"/>
  <testcase classname="org.bukkit.PerMaterialTest" name="isBlock[523: NAUTILUS_SHELL]" time="0"/>
  <testcase classname="org.bukkit.PerMaterialTest" name="isSolid[523: NAUTILUS_SHELL]" time="0"/>
  <testcase classname="org.bukkit.PerMaterialTest" name="hasGravity[524: NETHERRACK]" time="0"/>
  <testcase classname="org.bukkit.PerMaterialTest" name="isBurnable[524: NETHERRACK]" time="0"/>
  <testcase classname="org.bukkit.PerMaterialTest" name="testInteractable[524: NETHERRACK]" time="0"/>
  <testcase classname="org.bukkit.PerMaterialTest" name="testBlock[524: NETHERRACK]" time="0.001"/>
  <testcase classname="org.bukkit.PerMaterialTest" name="isFuel[524: NETHERRACK]" time="0"/>
  <testcase classname="org.bukkit.PerMaterialTest" name="testItem[524: NETHERRACK]" time="0"/>
  <testcase classname="org.bukkit.PerMaterialTest" name="testBlastResistance[524: NETHERRACK]" time="0"/>
  <testcase classname="org.bukkit.PerMaterialTest" name="isEdible[524: NETHERRACK]" time="0"/>
  <testcase classname="org.bukkit.PerMaterialTest" name="maxDurability[524: NETHERRACK]" time="0"/>
  <testcase classname="org.bukkit.PerMaterialTest" name="usesDurability[524: NETHERRACK]" time="0"/>
  <testcase classname="org.bukkit.PerMaterialTest" name="isOccluding[524: NETHERRACK]" time="0"/>
  <testcase classname="org.bukkit.PerMaterialTest" name="isRecord[524: NETHERRACK]" time="0"/>
  <testcase classname="org.bukkit.PerMaterialTest" name="isFlammable[524: NETHERRACK]" time="0"/>
  <testcase classname="org.bukkit.PerMaterialTest" name="testDurability[524: NETHERRACK]" time="0"/>
  <testcase classname="org.bukkit.PerMaterialTest" name="testBlockHardness[524: NETHERRACK]" time="0"/>
  <testcase classname="org.bukkit.PerMaterialTest" name="maxStackSize[524: NETHERRACK]" time="0"/>
  <testcase classname="org.bukkit.PerMaterialTest" name="isTransparent[524: NETHERRACK]" time="0.001"/>
  <testcase classname="org.bukkit.PerMaterialTest" name="testBlockDataCreation[524: NETHERRACK]" time="0"/>
  <testcase classname="org.bukkit.PerMaterialTest" name="isBlock[524: NETHERRACK]" time="0"/>
  <testcase classname="org.bukkit.PerMaterialTest" name="isSolid[524: NETHERRACK]" time="0"/>
  <testcase classname="org.bukkit.PerMaterialTest" name="hasGravity[525: NETHER_BRICK]" time="0"/>
  <testcase classname="org.bukkit.PerMaterialTest" name="isBurnable[525: NETHER_BRICK]" time="0"/>
  <testcase classname="org.bukkit.PerMaterialTest" name="testInteractable[525: NETHER_BRICK]" time="0"/>
  <testcase classname="org.bukkit.PerMaterialTest" name="testBlock[525: NETHER_BRICK]" time="0"/>
  <testcase classname="org.bukkit.PerMaterialTest" name="isFuel[525: NETHER_BRICK]" time="0.001"/>
  <testcase classname="org.bukkit.PerMaterialTest" name="testItem[525: NETHER_BRICK]" time="0"/>
  <testcase classname="org.bukkit.PerMaterialTest" name="testBlastResistance[525: NETHER_BRICK]" time="0"/>
  <testcase classname="org.bukkit.PerMaterialTest" name="isEdible[525: NETHER_BRICK]" time="0"/>
  <testcase classname="org.bukkit.PerMaterialTest" name="maxDurability[525: NETHER_BRICK]" time="0"/>
  <testcase classname="org.bukkit.PerMaterialTest" name="usesDurability[525: NETHER_BRICK]" time="0"/>
  <testcase classname="org.bukkit.PerMaterialTest" name="isOccluding[525: NETHER_BRICK]" time="0"/>
  <testcase classname="org.bukkit.PerMaterialTest" name="isRecord[525: NETHER_BRICK]" time="0"/>
  <testcase classname="org.bukkit.PerMaterialTest" name="isFlammable[525: NETHER_BRICK]" time="0"/>
  <testcase classname="org.bukkit.PerMaterialTest" name="testDurability[525: NETHER_BRICK]" time="0"/>
  <testcase classname="org.bukkit.PerMaterialTest" name="testBlockHardness[525: NETHER_BRICK]" time="0"/>
  <testcase classname="org.bukkit.PerMaterialTest" name="maxStackSize[525: NETHER_BRICK]" time="0"/>
  <testcase classname="org.bukkit.PerMaterialTest" name="isTransparent[525: NETHER_BRICK]" time="0"/>
  <testcase classname="org.bukkit.PerMaterialTest" name="testBlockDataCreation[525: NETHER_BRICK]" time="0"/>
  <testcase classname="org.bukkit.PerMaterialTest" name="isBlock[525: NETHER_BRICK]" time="0.001"/>
  <testcase classname="org.bukkit.PerMaterialTest" name="isSolid[525: NETHER_BRICK]" time="0"/>
  <testcase classname="org.bukkit.PerMaterialTest" name="hasGravity[526: NETHER_BRICKS]" time="0"/>
  <testcase classname="org.bukkit.PerMaterialTest" name="isBurnable[526: NETHER_BRICKS]" time="0"/>
  <testcase classname="org.bukkit.PerMaterialTest" name="testInteractable[526: NETHER_BRICKS]" time="0"/>
  <testcase classname="org.bukkit.PerMaterialTest" name="testBlock[526: NETHER_BRICKS]" time="0"/>
  <testcase classname="org.bukkit.PerMaterialTest" name="isFuel[526: NETHER_BRICKS]" time="0.001"/>
  <testcase classname="org.bukkit.PerMaterialTest" name="testItem[526: NETHER_BRICKS]" time="0"/>
  <testcase classname="org.bukkit.PerMaterialTest" name="testBlastResistance[526: NETHER_BRICKS]" time="0"/>
  <testcase classname="org.bukkit.PerMaterialTest" name="isEdible[526: NETHER_BRICKS]" time="0"/>
  <testcase classname="org.bukkit.PerMaterialTest" name="maxDurability[526: NETHER_BRICKS]" time="0"/>
  <testcase classname="org.bukkit.PerMaterialTest" name="usesDurability[526: NETHER_BRICKS]" time="0"/>
  <testcase classname="org.bukkit.PerMaterialTest" name="isOccluding[526: NETHER_BRICKS]" time="0"/>
  <testcase classname="org.bukkit.PerMaterialTest" name="isRecord[526: NETHER_BRICKS]" time="0"/>
  <testcase classname="org.bukkit.PerMaterialTest" name="isFlammable[526: NETHER_BRICKS]" time="0"/>
  <testcase classname="org.bukkit.PerMaterialTest" name="testDurability[526: NETHER_BRICKS]" time="0"/>
  <testcase classname="org.bukkit.PerMaterialTest" name="testBlockHardness[526: NETHER_BRICKS]" time="0"/>
  <testcase classname="org.bukkit.PerMaterialTest" name="maxStackSize[526: NETHER_BRICKS]" time="0"/>
  <testcase classname="org.bukkit.PerMaterialTest" name="isTransparent[526: NETHER_BRICKS]" time="0"/>
  <testcase classname="org.bukkit.PerMaterialTest" name="testBlockDataCreation[526: NETHER_BRICKS]" time="0"/>
  <testcase classname="org.bukkit.PerMaterialTest" name="isBlock[526: NETHER_BRICKS]" time="0"/>
  <testcase classname="org.bukkit.PerMaterialTest" name="isSolid[526: NETHER_BRICKS]" time="0"/>
  <testcase classname="org.bukkit.PerMaterialTest" name="hasGravity[527: NETHER_BRICK_FENCE]" time="0"/>
  <testcase classname="org.bukkit.PerMaterialTest" name="isBurnable[527: NETHER_BRICK_FENCE]" time="0"/>
  <testcase classname="org.bukkit.PerMaterialTest" name="testInteractable[527: NETHER_BRICK_FENCE]" time="0"/>
  <testcase classname="org.bukkit.PerMaterialTest" name="testBlock[527: NETHER_BRICK_FENCE]" time="0"/>
  <testcase classname="org.bukkit.PerMaterialTest" name="isFuel[527: NETHER_BRICK_FENCE]" time="0"/>
  <testcase classname="org.bukkit.PerMaterialTest" name="testItem[527: NETHER_BRICK_FENCE]" time="0"/>
  <testcase classname="org.bukkit.PerMaterialTest" name="testBlastResistance[527: NETHER_BRICK_FENCE]" time="0"/>
  <testcase classname="org.bukkit.PerMaterialTest" name="isEdible[527: NETHER_BRICK_FENCE]" time="0"/>
  <testcase classname="org.bukkit.PerMaterialTest" name="maxDurability[527: NETHER_BRICK_FENCE]" time="0"/>
  <testcase classname="org.bukkit.PerMaterialTest" name="usesDurability[527: NETHER_BRICK_FENCE]" time="0"/>
  <testcase classname="org.bukkit.PerMaterialTest" name="isOccluding[527: NETHER_BRICK_FENCE]" time="0"/>
  <testcase classname="org.bukkit.PerMaterialTest" name="isRecord[527: NETHER_BRICK_FENCE]" time="0"/>
  <testcase classname="org.bukkit.PerMaterialTest" name="isFlammable[527: NETHER_BRICK_FENCE]" time="0"/>
  <testcase classname="org.bukkit.PerMaterialTest" name="testDurability[527: NETHER_BRICK_FENCE]" time="0"/>
  <testcase classname="org.bukkit.PerMaterialTest" name="testBlockHardness[527: NETHER_BRICK_FENCE]" time="0"/>
  <testcase classname="org.bukkit.PerMaterialTest" name="maxStackSize[527: NETHER_BRICK_FENCE]" time="0"/>
  <testcase classname="org.bukkit.PerMaterialTest" name="isTransparent[527: NETHER_BRICK_FENCE]" time="0"/>
  <testcase classname="org.bukkit.PerMaterialTest" name="testBlockDataCreation[527: NETHER_BRICK_FENCE]" time="0"/>
  <testcase classname="org.bukkit.PerMaterialTest" name="isBlock[527: NETHER_BRICK_FENCE]" time="0"/>
  <testcase classname="org.bukkit.PerMaterialTest" name="isSolid[527: NETHER_BRICK_FENCE]" time="0"/>
  <testcase classname="org.bukkit.PerMaterialTest" name="hasGravity[528: NETHER_BRICK_SLAB]" time="0"/>
  <testcase classname="org.bukkit.PerMaterialTest" name="isBurnable[528: NETHER_BRICK_SLAB]" time="0"/>
  <testcase classname="org.bukkit.PerMaterialTest" name="testInteractable[528: NETHER_BRICK_SLAB]" time="0"/>
  <testcase classname="org.bukkit.PerMaterialTest" name="testBlock[528: NETHER_BRICK_SLAB]" time="0"/>
  <testcase classname="org.bukkit.PerMaterialTest" name="isFuel[528: NETHER_BRICK_SLAB]" time="0.001"/>
  <testcase classname="org.bukkit.PerMaterialTest" name="testItem[528: NETHER_BRICK_SLAB]" time="0"/>
  <testcase classname="org.bukkit.PerMaterialTest" name="testBlastResistance[528: NETHER_BRICK_SLAB]" time="0"/>
  <testcase classname="org.bukkit.PerMaterialTest" name="isEdible[528: NETHER_BRICK_SLAB]" time="0"/>
  <testcase classname="org.bukkit.PerMaterialTest" name="maxDurability[528: NETHER_BRICK_SLAB]" time="0"/>
  <testcase classname="org.bukkit.PerMaterialTest" name="usesDurability[528: NETHER_BRICK_SLAB]" time="0"/>
  <testcase classname="org.bukkit.PerMaterialTest" name="isOccluding[528: NETHER_BRICK_SLAB]" time="0"/>
  <testcase classname="org.bukkit.PerMaterialTest" name="isRecord[528: NETHER_BRICK_SLAB]" time="0"/>
  <testcase classname="org.bukkit.PerMaterialTest" name="isFlammable[528: NETHER_BRICK_SLAB]" time="0"/>
  <testcase classname="org.bukkit.PerMaterialTest" name="testDurability[528: NETHER_BRICK_SLAB]" time="0"/>
  <testcase classname="org.bukkit.PerMaterialTest" name="testBlockHardness[528: NETHER_BRICK_SLAB]" time="0"/>
  <testcase classname="org.bukkit.PerMaterialTest" name="maxStackSize[528: NETHER_BRICK_SLAB]" time="0"/>
  <testcase classname="org.bukkit.PerMaterialTest" name="isTransparent[528: NETHER_BRICK_SLAB]" time="0"/>
  <testcase classname="org.bukkit.PerMaterialTest" name="testBlockDataCreation[528: NETHER_BRICK_SLAB]" time="0"/>
  <testcase classname="org.bukkit.PerMaterialTest" name="isBlock[528: NETHER_BRICK_SLAB]" time="0.001"/>
  <testcase classname="org.bukkit.PerMaterialTest" name="isSolid[528: NETHER_BRICK_SLAB]" time="0"/>
  <testcase classname="org.bukkit.PerMaterialTest" name="hasGravity[529: NETHER_BRICK_STAIRS]" time="0"/>
  <testcase classname="org.bukkit.PerMaterialTest" name="isBurnable[529: NETHER_BRICK_STAIRS]" time="0"/>
  <testcase classname="org.bukkit.PerMaterialTest" name="testInteractable[529: NETHER_BRICK_STAIRS]" time="0"/>
  <testcase classname="org.bukkit.PerMaterialTest" name="testBlock[529: NETHER_BRICK_STAIRS]" time="0"/>
  <testcase classname="org.bukkit.PerMaterialTest" name="isFuel[529: NETHER_BRICK_STAIRS]" time="0.001"/>
  <testcase classname="org.bukkit.PerMaterialTest" name="testItem[529: NETHER_BRICK_STAIRS]" time="0"/>
  <testcase classname="org.bukkit.PerMaterialTest" name="testBlastResistance[529: NETHER_BRICK_STAIRS]" time="0"/>
  <testcase classname="org.bukkit.PerMaterialTest" name="isEdible[529: NETHER_BRICK_STAIRS]" time="0"/>
  <testcase classname="org.bukkit.PerMaterialTest" name="maxDurability[529: NETHER_BRICK_STAIRS]" time="0"/>
  <testcase classname="org.bukkit.PerMaterialTest" name="usesDurability[529: NETHER_BRICK_STAIRS]" time="0"/>
  <testcase classname="org.bukkit.PerMaterialTest" name="isOccluding[529: NETHER_BRICK_STAIRS]" time="0"/>
  <testcase classname="org.bukkit.PerMaterialTest" name="isRecord[529: NETHER_BRICK_STAIRS]" time="0"/>
  <testcase classname="org.bukkit.PerMaterialTest" name="isFlammable[529: NETHER_BRICK_STAIRS]" time="0"/>
  <testcase classname="org.bukkit.PerMaterialTest" name="testDurability[529: NETHER_BRICK_STAIRS]" time="0"/>
  <testcase classname="org.bukkit.PerMaterialTest" name="testBlockHardness[529: NETHER_BRICK_STAIRS]" time="0"/>
  <testcase classname="org.bukkit.PerMaterialTest" name="maxStackSize[529: NETHER_BRICK_STAIRS]" time="0"/>
  <testcase classname="org.bukkit.PerMaterialTest" name="isTransparent[529: NETHER_BRICK_STAIRS]" time="0"/>
  <testcase classname="org.bukkit.PerMaterialTest" name="testBlockDataCreation[529: NETHER_BRICK_STAIRS]" time="0"/>
  <testcase classname="org.bukkit.PerMaterialTest" name="isBlock[529: NETHER_BRICK_STAIRS]" time="0"/>
  <testcase classname="org.bukkit.PerMaterialTest" name="isSolid[529: NETHER_BRICK_STAIRS]" time="0"/>
  <testcase classname="org.bukkit.PerMaterialTest" name="hasGravity[530: NETHER_PORTAL]" time="0"/>
  <testcase classname="org.bukkit.PerMaterialTest" name="isBurnable[530: NETHER_PORTAL]" time="0"/>
  <testcase classname="org.bukkit.PerMaterialTest" name="testInteractable[530: NETHER_PORTAL]" time="0"/>
  <testcase classname="org.bukkit.PerMaterialTest" name="testBlock[530: NETHER_PORTAL]" time="0"/>
  <testcase classname="org.bukkit.PerMaterialTest" name="isFuel[530: NETHER_PORTAL]" time="0"/>
  <testcase classname="org.bukkit.PerMaterialTest" name="testItem[530: NETHER_PORTAL]" time="0"/>
  <testcase classname="org.bukkit.PerMaterialTest" name="testBlastResistance[530: NETHER_PORTAL]" time="0"/>
  <testcase classname="org.bukkit.PerMaterialTest" name="isEdible[530: NETHER_PORTAL]" time="0"/>
  <testcase classname="org.bukkit.PerMaterialTest" name="maxDurability[530: NETHER_PORTAL]" time="0"/>
  <testcase classname="org.bukkit.PerMaterialTest" name="usesDurability[530: NETHER_PORTAL]" time="0"/>
  <testcase classname="org.bukkit.PerMaterialTest" name="isOccluding[530: NETHER_PORTAL]" time="0"/>
  <testcase classname="org.bukkit.PerMaterialTest" name="isRecord[530: NETHER_PORTAL]" time="0"/>
  <testcase classname="org.bukkit.PerMaterialTest" name="isFlammable[530: NETHER_PORTAL]" time="0"/>
  <testcase classname="org.bukkit.PerMaterialTest" name="testDurability[530: NETHER_PORTAL]" time="0"/>
  <testcase classname="org.bukkit.PerMaterialTest" name="testBlockHardness[530: NETHER_PORTAL]" time="0"/>
  <testcase classname="org.bukkit.PerMaterialTest" name="maxStackSize[530: NETHER_PORTAL]" time="0"/>
  <testcase classname="org.bukkit.PerMaterialTest" name="isTransparent[530: NETHER_PORTAL]" time="0"/>
  <testcase classname="org.bukkit.PerMaterialTest" name="testBlockDataCreation[530: NETHER_PORTAL]" time="0.001"/>
  <testcase classname="org.bukkit.PerMaterialTest" name="isBlock[530: NETHER_PORTAL]" time="0"/>
  <testcase classname="org.bukkit.PerMaterialTest" name="isSolid[530: NETHER_PORTAL]" time="0"/>
  <testcase classname="org.bukkit.PerMaterialTest" name="hasGravity[531: NETHER_QUARTZ_ORE]" time="0"/>
  <testcase classname="org.bukkit.PerMaterialTest" name="isBurnable[531: NETHER_QUARTZ_ORE]" time="0"/>
  <testcase classname="org.bukkit.PerMaterialTest" name="testInteractable[531: NETHER_QUARTZ_ORE]" time="0"/>
  <testcase classname="org.bukkit.PerMaterialTest" name="testBlock[531: NETHER_QUARTZ_ORE]" time="0"/>
  <testcase classname="org.bukkit.PerMaterialTest" name="isFuel[531: NETHER_QUARTZ_ORE]" time="0.001"/>
  <testcase classname="org.bukkit.PerMaterialTest" name="testItem[531: NETHER_QUARTZ_ORE]" time="0"/>
  <testcase classname="org.bukkit.PerMaterialTest" name="testBlastResistance[531: NETHER_QUARTZ_ORE]" time="0"/>
  <testcase classname="org.bukkit.PerMaterialTest" name="isEdible[531: NETHER_QUARTZ_ORE]" time="0"/>
  <testcase classname="org.bukkit.PerMaterialTest" name="maxDurability[531: NETHER_QUARTZ_ORE]" time="0"/>
  <testcase classname="org.bukkit.PerMaterialTest" name="usesDurability[531: NETHER_QUARTZ_ORE]" time="0"/>
  <testcase classname="org.bukkit.PerMaterialTest" name="isOccluding[531: NETHER_QUARTZ_ORE]" time="0.001"/>
  <testcase classname="org.bukkit.PerMaterialTest" name="isRecord[531: NETHER_QUARTZ_ORE]" time="0"/>
  <testcase classname="org.bukkit.PerMaterialTest" name="isFlammable[531: NETHER_QUARTZ_ORE]" time="0"/>
  <testcase classname="org.bukkit.PerMaterialTest" name="testDurability[531: NETHER_QUARTZ_ORE]" time="0"/>
  <testcase classname="org.bukkit.PerMaterialTest" name="testBlockHardness[531: NETHER_QUARTZ_ORE]" time="0"/>
  <testcase classname="org.bukkit.PerMaterialTest" name="maxStackSize[531: NETHER_QUARTZ_ORE]" time="0"/>
  <testcase classname="org.bukkit.PerMaterialTest" name="isTransparent[531: NETHER_QUARTZ_ORE]" time="0"/>
  <testcase classname="org.bukkit.PerMaterialTest" name="testBlockDataCreation[531: NETHER_QUARTZ_ORE]" time="0.001"/>
  <testcase classname="org.bukkit.PerMaterialTest" name="isBlock[531: NETHER_QUARTZ_ORE]" time="0"/>
  <testcase classname="org.bukkit.PerMaterialTest" name="isSolid[531: NETHER_QUARTZ_ORE]" time="0"/>
  <testcase classname="org.bukkit.PerMaterialTest" name="hasGravity[532: NETHER_STAR]" time="0"/>
  <testcase classname="org.bukkit.PerMaterialTest" name="isBurnable[532: NETHER_STAR]" time="0"/>
  <testcase classname="org.bukkit.PerMaterialTest" name="testInteractable[532: NETHER_STAR]" time="0"/>
  <testcase classname="org.bukkit.PerMaterialTest" name="testBlock[532: NETHER_STAR]" time="0"/>
  <testcase classname="org.bukkit.PerMaterialTest" name="isFuel[532: NETHER_STAR]" time="0.001"/>
  <testcase classname="org.bukkit.PerMaterialTest" name="testItem[532: NETHER_STAR]" time="0"/>
  <testcase classname="org.bukkit.PerMaterialTest" name="testBlastResistance[532: NETHER_STAR]" time="0"/>
  <testcase classname="org.bukkit.PerMaterialTest" name="isEdible[532: NETHER_STAR]" time="0"/>
  <testcase classname="org.bukkit.PerMaterialTest" name="maxDurability[532: NETHER_STAR]" time="0"/>
  <testcase classname="org.bukkit.PerMaterialTest" name="usesDurability[532: NETHER_STAR]" time="0"/>
  <testcase classname="org.bukkit.PerMaterialTest" name="isOccluding[532: NETHER_STAR]" time="0"/>
  <testcase classname="org.bukkit.PerMaterialTest" name="isRecord[532: NETHER_STAR]" time="0"/>
  <testcase classname="org.bukkit.PerMaterialTest" name="isFlammable[532: NETHER_STAR]" time="0"/>
  <testcase classname="org.bukkit.PerMaterialTest" name="testDurability[532: NETHER_STAR]" time="0"/>
  <testcase classname="org.bukkit.PerMaterialTest" name="testBlockHardness[532: NETHER_STAR]" time="0"/>
  <testcase classname="org.bukkit.PerMaterialTest" name="maxStackSize[532: NETHER_STAR]" time="0"/>
  <testcase classname="org.bukkit.PerMaterialTest" name="isTransparent[532: NETHER_STAR]" time="0"/>
  <testcase classname="org.bukkit.PerMaterialTest" name="testBlockDataCreation[532: NETHER_STAR]" time="0"/>
  <testcase classname="org.bukkit.PerMaterialTest" name="isBlock[532: NETHER_STAR]" time="0"/>
  <testcase classname="org.bukkit.PerMaterialTest" name="isSolid[532: NETHER_STAR]" time="0"/>
  <testcase classname="org.bukkit.PerMaterialTest" name="hasGravity[533: NETHER_WART]" time="0"/>
  <testcase classname="org.bukkit.PerMaterialTest" name="isBurnable[533: NETHER_WART]" time="0"/>
  <testcase classname="org.bukkit.PerMaterialTest" name="testInteractable[533: NETHER_WART]" time="0"/>
  <testcase classname="org.bukkit.PerMaterialTest" name="testBlock[533: NETHER_WART]" time="0"/>
  <testcase classname="org.bukkit.PerMaterialTest" name="isFuel[533: NETHER_WART]" time="0.001"/>
  <testcase classname="org.bukkit.PerMaterialTest" name="testItem[533: NETHER_WART]" time="0"/>
  <testcase classname="org.bukkit.PerMaterialTest" name="testBlastResistance[533: NETHER_WART]" time="0"/>
  <testcase classname="org.bukkit.PerMaterialTest" name="isEdible[533: NETHER_WART]" time="0"/>
  <testcase classname="org.bukkit.PerMaterialTest" name="maxDurability[533: NETHER_WART]" time="0"/>
  <testcase classname="org.bukkit.PerMaterialTest" name="usesDurability[533: NETHER_WART]" time="0"/>
  <testcase classname="org.bukkit.PerMaterialTest" name="isOccluding[533: NETHER_WART]" time="0"/>
  <testcase classname="org.bukkit.PerMaterialTest" name="isRecord[533: NETHER_WART]" time="0"/>
  <testcase classname="org.bukkit.PerMaterialTest" name="isFlammable[533: NETHER_WART]" time="0"/>
  <testcase classname="org.bukkit.PerMaterialTest" name="testDurability[533: NETHER_WART]" time="0"/>
  <testcase classname="org.bukkit.PerMaterialTest" name="testBlockHardness[533: NETHER_WART]" time="0"/>
  <testcase classname="org.bukkit.PerMaterialTest" name="maxStackSize[533: NETHER_WART]" time="0"/>
  <testcase classname="org.bukkit.PerMaterialTest" name="isTransparent[533: NETHER_WART]" time="0"/>
  <testcase classname="org.bukkit.PerMaterialTest" name="testBlockDataCreation[533: NETHER_WART]" time="0"/>
  <testcase classname="org.bukkit.PerMaterialTest" name="isBlock[533: NETHER_WART]" time="0"/>
  <testcase classname="org.bukkit.PerMaterialTest" name="isSolid[533: NETHER_WART]" time="0"/>
  <testcase classname="org.bukkit.PerMaterialTest" name="hasGravity[534: NETHER_WART_BLOCK]" time="0"/>
  <testcase classname="org.bukkit.PerMaterialTest" name="isBurnable[534: NETHER_WART_BLOCK]" time="0"/>
  <testcase classname="org.bukkit.PerMaterialTest" name="testInteractable[534: NETHER_WART_BLOCK]" time="0"/>
  <testcase classname="org.bukkit.PerMaterialTest" name="testBlock[534: NETHER_WART_BLOCK]" time="0"/>
  <testcase classname="org.bukkit.PerMaterialTest" name="isFuel[534: NETHER_WART_BLOCK]" time="0.001"/>
  <testcase classname="org.bukkit.PerMaterialTest" name="testItem[534: NETHER_WART_BLOCK]" time="0"/>
  <testcase classname="org.bukkit.PerMaterialTest" name="testBlastResistance[534: NETHER_WART_BLOCK]" time="0"/>
  <testcase classname="org.bukkit.PerMaterialTest" name="isEdible[534: NETHER_WART_BLOCK]" time="0"/>
  <testcase classname="org.bukkit.PerMaterialTest" name="maxDurability[534: NETHER_WART_BLOCK]" time="0"/>
  <testcase classname="org.bukkit.PerMaterialTest" name="usesDurability[534: NETHER_WART_BLOCK]" time="0"/>
  <testcase classname="org.bukkit.PerMaterialTest" name="isOccluding[534: NETHER_WART_BLOCK]" time="0"/>
  <testcase classname="org.bukkit.PerMaterialTest" name="isRecord[534: NETHER_WART_BLOCK]" time="0.001"/>
  <testcase classname="org.bukkit.PerMaterialTest" name="isFlammable[534: NETHER_WART_BLOCK]" time="0"/>
  <testcase classname="org.bukkit.PerMaterialTest" name="testDurability[534: NETHER_WART_BLOCK]" time="0"/>
  <testcase classname="org.bukkit.PerMaterialTest" name="testBlockHardness[534: NETHER_WART_BLOCK]" time="0"/>
  <testcase classname="org.bukkit.PerMaterialTest" name="maxStackSize[534: NETHER_WART_BLOCK]" time="0"/>
  <testcase classname="org.bukkit.PerMaterialTest" name="isTransparent[534: NETHER_WART_BLOCK]" time="0"/>
  <testcase classname="org.bukkit.PerMaterialTest" name="testBlockDataCreation[534: NETHER_WART_BLOCK]" time="0"/>
  <testcase classname="org.bukkit.PerMaterialTest" name="isBlock[534: NETHER_WART_BLOCK]" time="0"/>
  <testcase classname="org.bukkit.PerMaterialTest" name="isSolid[534: NETHER_WART_BLOCK]" time="0"/>
  <testcase classname="org.bukkit.PerMaterialTest" name="hasGravity[535: NOTE_BLOCK]" time="0"/>
  <testcase classname="org.bukkit.PerMaterialTest" name="isBurnable[535: NOTE_BLOCK]" time="0"/>
  <testcase classname="org.bukkit.PerMaterialTest" name="testInteractable[535: NOTE_BLOCK]" time="0"/>
  <testcase classname="org.bukkit.PerMaterialTest" name="testBlock[535: NOTE_BLOCK]" time="0"/>
  <testcase classname="org.bukkit.PerMaterialTest" name="isFuel[535: NOTE_BLOCK]" time="0"/>
  <testcase classname="org.bukkit.PerMaterialTest" name="testItem[535: NOTE_BLOCK]" time="0"/>
  <testcase classname="org.bukkit.PerMaterialTest" name="testBlastResistance[535: NOTE_BLOCK]" time="0"/>
  <testcase classname="org.bukkit.PerMaterialTest" name="isEdible[535: NOTE_BLOCK]" time="0"/>
  <testcase classname="org.bukkit.PerMaterialTest" name="maxDurability[535: NOTE_BLOCK]" time="0"/>
  <testcase classname="org.bukkit.PerMaterialTest" name="usesDurability[535: NOTE_BLOCK]" time="0.001"/>
  <testcase classname="org.bukkit.PerMaterialTest" name="isOccluding[535: NOTE_BLOCK]" time="0"/>
  <testcase classname="org.bukkit.PerMaterialTest" name="isRecord[535: NOTE_BLOCK]" time="0"/>
  <testcase classname="org.bukkit.PerMaterialTest" name="isFlammable[535: NOTE_BLOCK]" time="0"/>
  <testcase classname="org.bukkit.PerMaterialTest" name="testDurability[535: NOTE_BLOCK]" time="0"/>
  <testcase classname="org.bukkit.PerMaterialTest" name="testBlockHardness[535: NOTE_BLOCK]" time="0"/>
  <testcase classname="org.bukkit.PerMaterialTest" name="maxStackSize[535: NOTE_BLOCK]" time="0"/>
  <testcase classname="org.bukkit.PerMaterialTest" name="isTransparent[535: NOTE_BLOCK]" time="0"/>
  <testcase classname="org.bukkit.PerMaterialTest" name="testBlockDataCreation[535: NOTE_BLOCK]" time="0"/>
  <testcase classname="org.bukkit.PerMaterialTest" name="isBlock[535: NOTE_BLOCK]" time="0"/>
  <testcase classname="org.bukkit.PerMaterialTest" name="isSolid[535: NOTE_BLOCK]" time="0"/>
  <testcase classname="org.bukkit.PerMaterialTest" name="hasGravity[536: OAK_BOAT]" time="0"/>
  <testcase classname="org.bukkit.PerMaterialTest" name="isBurnable[536: OAK_BOAT]" time="0"/>
  <testcase classname="org.bukkit.PerMaterialTest" name="testInteractable[536: OAK_BOAT]" time="0"/>
  <testcase classname="org.bukkit.PerMaterialTest" name="testBlock[536: OAK_BOAT]" time="0"/>
  <testcase classname="org.bukkit.PerMaterialTest" name="isFuel[536: OAK_BOAT]" time="0.001"/>
  <testcase classname="org.bukkit.PerMaterialTest" name="testItem[536: OAK_BOAT]" time="0"/>
  <testcase classname="org.bukkit.PerMaterialTest" name="testBlastResistance[536: OAK_BOAT]" time="0"/>
  <testcase classname="org.bukkit.PerMaterialTest" name="isEdible[536: OAK_BOAT]" time="0"/>
  <testcase classname="org.bukkit.PerMaterialTest" name="maxDurability[536: OAK_BOAT]" time="0"/>
  <testcase classname="org.bukkit.PerMaterialTest" name="usesDurability[536: OAK_BOAT]" time="0"/>
  <testcase classname="org.bukkit.PerMaterialTest" name="isOccluding[536: OAK_BOAT]" time="0"/>
  <testcase classname="org.bukkit.PerMaterialTest" name="isRecord[536: OAK_BOAT]" time="0.001"/>
  <testcase classname="org.bukkit.PerMaterialTest" name="isFlammable[536: OAK_BOAT]" time="0"/>
  <testcase classname="org.bukkit.PerMaterialTest" name="testDurability[536: OAK_BOAT]" time="0"/>
  <testcase classname="org.bukkit.PerMaterialTest" name="testBlockHardness[536: OAK_BOAT]" time="0"/>
  <testcase classname="org.bukkit.PerMaterialTest" name="maxStackSize[536: OAK_BOAT]" time="0"/>
  <testcase classname="org.bukkit.PerMaterialTest" name="isTransparent[536: OAK_BOAT]" time="0"/>
  <testcase classname="org.bukkit.PerMaterialTest" name="testBlockDataCreation[536: OAK_BOAT]" time="0"/>
  <testcase classname="org.bukkit.PerMaterialTest" name="isBlock[536: OAK_BOAT]" time="0"/>
  <testcase classname="org.bukkit.PerMaterialTest" name="isSolid[536: OAK_BOAT]" time="0.001"/>
  <testcase classname="org.bukkit.PerMaterialTest" name="hasGravity[537: OAK_BUTTON]" time="0"/>
  <testcase classname="org.bukkit.PerMaterialTest" name="isBurnable[537: OAK_BUTTON]" time="0"/>
  <testcase classname="org.bukkit.PerMaterialTest" name="testInteractable[537: OAK_BUTTON]" time="0"/>
  <testcase classname="org.bukkit.PerMaterialTest" name="testBlock[537: OAK_BUTTON]" time="0"/>
  <testcase classname="org.bukkit.PerMaterialTest" name="isFuel[537: OAK_BUTTON]" time="0"/>
  <testcase classname="org.bukkit.PerMaterialTest" name="testItem[537: OAK_BUTTON]" time="0.001"/>
  <testcase classname="org.bukkit.PerMaterialTest" name="testBlastResistance[537: OAK_BUTTON]" time="0"/>
  <testcase classname="org.bukkit.PerMaterialTest" name="isEdible[537: OAK_BUTTON]" time="0"/>
  <testcase classname="org.bukkit.PerMaterialTest" name="maxDurability[537: OAK_BUTTON]" time="0"/>
  <testcase classname="org.bukkit.PerMaterialTest" name="usesDurability[537: OAK_BUTTON]" time="0"/>
  <testcase classname="org.bukkit.PerMaterialTest" name="isOccluding[537: OAK_BUTTON]" time="0"/>
  <testcase classname="org.bukkit.PerMaterialTest" name="isRecord[537: OAK_BUTTON]" time="0"/>
  <testcase classname="org.bukkit.PerMaterialTest" name="isFlammable[537: OAK_BUTTON]" time="0"/>
  <testcase classname="org.bukkit.PerMaterialTest" name="testDurability[537: OAK_BUTTON]" time="0"/>
  <testcase classname="org.bukkit.PerMaterialTest" name="testBlockHardness[537: OAK_BUTTON]" time="0"/>
  <testcase classname="org.bukkit.PerMaterialTest" name="maxStackSize[537: OAK_BUTTON]" time="0"/>
  <testcase classname="org.bukkit.PerMaterialTest" name="isTransparent[537: OAK_BUTTON]" time="0"/>
  <testcase classname="org.bukkit.PerMaterialTest" name="testBlockDataCreation[537: OAK_BUTTON]" time="0"/>
  <testcase classname="org.bukkit.PerMaterialTest" name="isBlock[537: OAK_BUTTON]" time="0"/>
  <testcase classname="org.bukkit.PerMaterialTest" name="isSolid[537: OAK_BUTTON]" time="0"/>
  <testcase classname="org.bukkit.PerMaterialTest" name="hasGravity[538: OAK_DOOR]" time="0"/>
  <testcase classname="org.bukkit.PerMaterialTest" name="isBurnable[538: OAK_DOOR]" time="0"/>
  <testcase classname="org.bukkit.PerMaterialTest" name="testInteractable[538: OAK_DOOR]" time="0"/>
  <testcase classname="org.bukkit.PerMaterialTest" name="testBlock[538: OAK_DOOR]" time="0"/>
  <testcase classname="org.bukkit.PerMaterialTest" name="isFuel[538: OAK_DOOR]" time="0"/>
  <testcase classname="org.bukkit.PerMaterialTest" name="testItem[538: OAK_DOOR]" time="0"/>
  <testcase classname="org.bukkit.PerMaterialTest" name="testBlastResistance[538: OAK_DOOR]" time="0.001"/>
  <testcase classname="org.bukkit.PerMaterialTest" name="isEdible[538: OAK_DOOR]" time="0"/>
  <testcase classname="org.bukkit.PerMaterialTest" name="maxDurability[538: OAK_DOOR]" time="0"/>
  <testcase classname="org.bukkit.PerMaterialTest" name="usesDurability[538: OAK_DOOR]" time="0"/>
  <testcase classname="org.bukkit.PerMaterialTest" name="isOccluding[538: OAK_DOOR]" time="0"/>
  <testcase classname="org.bukkit.PerMaterialTest" name="isRecord[538: OAK_DOOR]" time="0"/>
  <testcase classname="org.bukkit.PerMaterialTest" name="isFlammable[538: OAK_DOOR]" time="0"/>
  <testcase classname="org.bukkit.PerMaterialTest" name="testDurability[538: OAK_DOOR]" time="0"/>
  <testcase classname="org.bukkit.PerMaterialTest" name="testBlockHardness[538: OAK_DOOR]" time="0.001"/>
  <testcase classname="org.bukkit.PerMaterialTest" name="maxStackSize[538: OAK_DOOR]" time="0"/>
  <testcase classname="org.bukkit.PerMaterialTest" name="isTransparent[538: OAK_DOOR]" time="0"/>
  <testcase classname="org.bukkit.PerMaterialTest" name="testBlockDataCreation[538: OAK_DOOR]" time="0"/>
  <testcase classname="org.bukkit.PerMaterialTest" name="isBlock[538: OAK_DOOR]" time="0"/>
  <testcase classname="org.bukkit.PerMaterialTest" name="isSolid[538: OAK_DOOR]" time="0"/>
  <testcase classname="org.bukkit.PerMaterialTest" name="hasGravity[539: OAK_FENCE]" time="0"/>
  <testcase classname="org.bukkit.PerMaterialTest" name="isBurnable[539: OAK_FENCE]" time="0"/>
  <testcase classname="org.bukkit.PerMaterialTest" name="testInteractable[539: OAK_FENCE]" time="0"/>
  <testcase classname="org.bukkit.PerMaterialTest" name="testBlock[539: OAK_FENCE]" time="0"/>
  <testcase classname="org.bukkit.PerMaterialTest" name="isFuel[539: OAK_FENCE]" time="0"/>
  <testcase classname="org.bukkit.PerMaterialTest" name="testItem[539: OAK_FENCE]" time="0"/>
  <testcase classname="org.bukkit.PerMaterialTest" name="testBlastResistance[539: OAK_FENCE]" time="0"/>
  <testcase classname="org.bukkit.PerMaterialTest" name="isEdible[539: OAK_FENCE]" time="0"/>
  <testcase classname="org.bukkit.PerMaterialTest" name="maxDurability[539: OAK_FENCE]" time="0"/>
  <testcase classname="org.bukkit.PerMaterialTest" name="usesDurability[539: OAK_FENCE]" time="0"/>
  <testcase classname="org.bukkit.PerMaterialTest" name="isOccluding[539: OAK_FENCE]" time="0"/>
  <testcase classname="org.bukkit.PerMaterialTest" name="isRecord[539: OAK_FENCE]" time="0"/>
  <testcase classname="org.bukkit.PerMaterialTest" name="isFlammable[539: OAK_FENCE]" time="0"/>
  <testcase classname="org.bukkit.PerMaterialTest" name="testDurability[539: OAK_FENCE]" time="0"/>
  <testcase classname="org.bukkit.PerMaterialTest" name="testBlockHardness[539: OAK_FENCE]" time="0"/>
  <testcase classname="org.bukkit.PerMaterialTest" name="maxStackSize[539: OAK_FENCE]" time="0"/>
  <testcase classname="org.bukkit.PerMaterialTest" name="isTransparent[539: OAK_FENCE]" time="0"/>
  <testcase classname="org.bukkit.PerMaterialTest" name="testBlockDataCreation[539: OAK_FENCE]" time="0"/>
  <testcase classname="org.bukkit.PerMaterialTest" name="isBlock[539: OAK_FENCE]" time="0"/>
  <testcase classname="org.bukkit.PerMaterialTest" name="isSolid[539: OAK_FENCE]" time="0"/>
  <testcase classname="org.bukkit.PerMaterialTest" name="hasGravity[540: OAK_FENCE_GATE]" time="0"/>
  <testcase classname="org.bukkit.PerMaterialTest" name="isBurnable[540: OAK_FENCE_GATE]" time="0.001"/>
  <testcase classname="org.bukkit.PerMaterialTest" name="testInteractable[540: OAK_FENCE_GATE]" time="0"/>
  <testcase classname="org.bukkit.PerMaterialTest" name="testBlock[540: OAK_FENCE_GATE]" time="0"/>
  <testcase classname="org.bukkit.PerMaterialTest" name="isFuel[540: OAK_FENCE_GATE]" time="0"/>
  <testcase classname="org.bukkit.PerMaterialTest" name="testItem[540: OAK_FENCE_GATE]" time="0"/>
  <testcase classname="org.bukkit.PerMaterialTest" name="testBlastResistance[540: OAK_FENCE_GATE]" time="0"/>
  <testcase classname="org.bukkit.PerMaterialTest" name="isEdible[540: OAK_FENCE_GATE]" time="0.001"/>
  <testcase classname="org.bukkit.PerMaterialTest" name="maxDurability[540: OAK_FENCE_GATE]" time="0"/>
  <testcase classname="org.bukkit.PerMaterialTest" name="usesDurability[540: OAK_FENCE_GATE]" time="0"/>
  <testcase classname="org.bukkit.PerMaterialTest" name="isOccluding[540: OAK_FENCE_GATE]" time="0"/>
  <testcase classname="org.bukkit.PerMaterialTest" name="isRecord[540: OAK_FENCE_GATE]" time="0"/>
  <testcase classname="org.bukkit.PerMaterialTest" name="isFlammable[540: OAK_FENCE_GATE]" time="0"/>
  <testcase classname="org.bukkit.PerMaterialTest" name="testDurability[540: OAK_FENCE_GATE]" time="0"/>
  <testcase classname="org.bukkit.PerMaterialTest" name="testBlockHardness[540: OAK_FENCE_GATE]" time="0"/>
  <testcase classname="org.bukkit.PerMaterialTest" name="maxStackSize[540: OAK_FENCE_GATE]" time="0"/>
  <testcase classname="org.bukkit.PerMaterialTest" name="isTransparent[540: OAK_FENCE_GATE]" time="0"/>
  <testcase classname="org.bukkit.PerMaterialTest" name="testBlockDataCreation[540: OAK_FENCE_GATE]" time="0"/>
  <testcase classname="org.bukkit.PerMaterialTest" name="isBlock[540: OAK_FENCE_GATE]" time="0"/>
  <testcase classname="org.bukkit.PerMaterialTest" name="isSolid[540: OAK_FENCE_GATE]" time="0"/>
  <testcase classname="org.bukkit.PerMaterialTest" name="hasGravity[541: OAK_LEAVES]" time="0"/>
  <testcase classname="org.bukkit.PerMaterialTest" name="isBurnable[541: OAK_LEAVES]" time="0"/>
  <testcase classname="org.bukkit.PerMaterialTest" name="testInteractable[541: OAK_LEAVES]" time="0"/>
  <testcase classname="org.bukkit.PerMaterialTest" name="testBlock[541: OAK_LEAVES]" time="0"/>
  <testcase classname="org.bukkit.PerMaterialTest" name="isFuel[541: OAK_LEAVES]" time="0"/>
  <testcase classname="org.bukkit.PerMaterialTest" name="testItem[541: OAK_LEAVES]" time="0"/>
  <testcase classname="org.bukkit.PerMaterialTest" name="testBlastResistance[541: OAK_LEAVES]" time="0"/>
  <testcase classname="org.bukkit.PerMaterialTest" name="isEdible[541: OAK_LEAVES]" time="0"/>
  <testcase classname="org.bukkit.PerMaterialTest" name="maxDurability[541: OAK_LEAVES]" time="0"/>
  <testcase classname="org.bukkit.PerMaterialTest" name="usesDurability[541: OAK_LEAVES]" time="0"/>
  <testcase classname="org.bukkit.PerMaterialTest" name="isOccluding[541: OAK_LEAVES]" time="0"/>
  <testcase classname="org.bukkit.PerMaterialTest" name="isRecord[541: OAK_LEAVES]" time="0"/>
  <testcase classname="org.bukkit.PerMaterialTest" name="isFlammable[541: OAK_LEAVES]" time="0"/>
  <testcase classname="org.bukkit.PerMaterialTest" name="testDurability[541: OAK_LEAVES]" time="0"/>
  <testcase classname="org.bukkit.PerMaterialTest" name="testBlockHardness[541: OAK_LEAVES]" time="0"/>
  <testcase classname="org.bukkit.PerMaterialTest" name="maxStackSize[541: OAK_LEAVES]" time="0.001"/>
  <testcase classname="org.bukkit.PerMaterialTest" name="isTransparent[541: OAK_LEAVES]" time="0"/>
  <testcase classname="org.bukkit.PerMaterialTest" name="testBlockDataCreation[541: OAK_LEAVES]" time="0"/>
  <testcase classname="org.bukkit.PerMaterialTest" name="isBlock[541: OAK_LEAVES]" time="0"/>
  <testcase classname="org.bukkit.PerMaterialTest" name="isSolid[541: OAK_LEAVES]" time="0"/>
  <testcase classname="org.bukkit.PerMaterialTest" name="hasGravity[542: OAK_LOG]" time="0"/>
  <testcase classname="org.bukkit.PerMaterialTest" name="isBurnable[542: OAK_LOG]" time="0"/>
  <testcase classname="org.bukkit.PerMaterialTest" name="testInteractable[542: OAK_LOG]" time="0.001"/>
  <testcase classname="org.bukkit.PerMaterialTest" name="testBlock[542: OAK_LOG]" time="0"/>
  <testcase classname="org.bukkit.PerMaterialTest" name="isFuel[542: OAK_LOG]" time="0"/>
  <testcase classname="org.bukkit.PerMaterialTest" name="testItem[542: OAK_LOG]" time="0"/>
  <testcase classname="org.bukkit.PerMaterialTest" name="testBlastResistance[542: OAK_LOG]" time="0"/>
  <testcase classname="org.bukkit.PerMaterialTest" name="isEdible[542: OAK_LOG]" time="0"/>
  <testcase classname="org.bukkit.PerMaterialTest" name="maxDurability[542: OAK_LOG]" time="0"/>
  <testcase classname="org.bukkit.PerMaterialTest" name="usesDurability[542: OAK_LOG]" time="0"/>
  <testcase classname="org.bukkit.PerMaterialTest" name="isOccluding[542: OAK_LOG]" time="0"/>
  <testcase classname="org.bukkit.PerMaterialTest" name="isRecord[542: OAK_LOG]" time="0"/>
  <testcase classname="org.bukkit.PerMaterialTest" name="isFlammable[542: OAK_LOG]" time="0"/>
  <testcase classname="org.bukkit.PerMaterialTest" name="testDurability[542: OAK_LOG]" time="0"/>
  <testcase classname="org.bukkit.PerMaterialTest" name="testBlockHardness[542: OAK_LOG]" time="0"/>
  <testcase classname="org.bukkit.PerMaterialTest" name="maxStackSize[542: OAK_LOG]" time="0.001"/>
  <testcase classname="org.bukkit.PerMaterialTest" name="isTransparent[542: OAK_LOG]" time="0"/>
  <testcase classname="org.bukkit.PerMaterialTest" name="testBlockDataCreation[542: OAK_LOG]" time="0"/>
  <testcase classname="org.bukkit.PerMaterialTest" name="isBlock[542: OAK_LOG]" time="0"/>
  <testcase classname="org.bukkit.PerMaterialTest" name="isSolid[542: OAK_LOG]" time="0"/>
  <testcase classname="org.bukkit.PerMaterialTest" name="hasGravity[543: OAK_PLANKS]" time="0"/>
  <testcase classname="org.bukkit.PerMaterialTest" name="isBurnable[543: OAK_PLANKS]" time="0"/>
  <testcase classname="org.bukkit.PerMaterialTest" name="testInteractable[543: OAK_PLANKS]" time="0.001"/>
  <testcase classname="org.bukkit.PerMaterialTest" name="testBlock[543: OAK_PLANKS]" time="0"/>
  <testcase classname="org.bukkit.PerMaterialTest" name="isFuel[543: OAK_PLANKS]" time="0"/>
  <testcase classname="org.bukkit.PerMaterialTest" name="testItem[543: OAK_PLANKS]" time="0"/>
  <testcase classname="org.bukkit.PerMaterialTest" name="testBlastResistance[543: OAK_PLANKS]" time="0"/>
  <testcase classname="org.bukkit.PerMaterialTest" name="isEdible[543: OAK_PLANKS]" time="0"/>
  <testcase classname="org.bukkit.PerMaterialTest" name="maxDurability[543: OAK_PLANKS]" time="0.001"/>
  <testcase classname="org.bukkit.PerMaterialTest" name="usesDurability[543: OAK_PLANKS]" time="0"/>
  <testcase classname="org.bukkit.PerMaterialTest" name="isOccluding[543: OAK_PLANKS]" time="0"/>
  <testcase classname="org.bukkit.PerMaterialTest" name="isRecord[543: OAK_PLANKS]" time="0"/>
  <testcase classname="org.bukkit.PerMaterialTest" name="isFlammable[543: OAK_PLANKS]" time="0"/>
  <testcase classname="org.bukkit.PerMaterialTest" name="testDurability[543: OAK_PLANKS]" time="0"/>
  <testcase classname="org.bukkit.PerMaterialTest" name="testBlockHardness[543: OAK_PLANKS]" time="0"/>
  <testcase classname="org.bukkit.PerMaterialTest" name="maxStackSize[543: OAK_PLANKS]" time="0.001"/>
  <testcase classname="org.bukkit.PerMaterialTest" name="isTransparent[543: OAK_PLANKS]" time="0"/>
  <testcase classname="org.bukkit.PerMaterialTest" name="testBlockDataCreation[543: OAK_PLANKS]" time="0"/>
  <testcase classname="org.bukkit.PerMaterialTest" name="isBlock[543: OAK_PLANKS]" time="0"/>
  <testcase classname="org.bukkit.PerMaterialTest" name="isSolid[543: OAK_PLANKS]" time="0"/>
  <testcase classname="org.bukkit.PerMaterialTest" name="hasGravity[544: OAK_PRESSURE_PLATE]" time="0"/>
  <testcase classname="org.bukkit.PerMaterialTest" name="isBurnable[544: OAK_PRESSURE_PLATE]" time="0"/>
  <testcase classname="org.bukkit.PerMaterialTest" name="testInteractable[544: OAK_PRESSURE_PLATE]" time="0.001"/>
  <testcase classname="org.bukkit.PerMaterialTest" name="testBlock[544: OAK_PRESSURE_PLATE]" time="0"/>
  <testcase classname="org.bukkit.PerMaterialTest" name="isFuel[544: OAK_PRESSURE_PLATE]" time="0"/>
  <testcase classname="org.bukkit.PerMaterialTest" name="testItem[544: OAK_PRESSURE_PLATE]" time="0"/>
  <testcase classname="org.bukkit.PerMaterialTest" name="testBlastResistance[544: OAK_PRESSURE_PLATE]" time="0"/>
  <testcase classname="org.bukkit.PerMaterialTest" name="isEdible[544: OAK_PRESSURE_PLATE]" time="0"/>
  <testcase classname="org.bukkit.PerMaterialTest" name="maxDurability[544: OAK_PRESSURE_PLATE]" time="0.001"/>
  <testcase classname="org.bukkit.PerMaterialTest" name="usesDurability[544: OAK_PRESSURE_PLATE]" time="0"/>
  <testcase classname="org.bukkit.PerMaterialTest" name="isOccluding[544: OAK_PRESSURE_PLATE]" time="0"/>
  <testcase classname="org.bukkit.PerMaterialTest" name="isRecord[544: OAK_PRESSURE_PLATE]" time="0"/>
  <testcase classname="org.bukkit.PerMaterialTest" name="isFlammable[544: OAK_PRESSURE_PLATE]" time="0"/>
  <testcase classname="org.bukkit.PerMaterialTest" name="testDurability[544: OAK_PRESSURE_PLATE]" time="0"/>
  <testcase classname="org.bukkit.PerMaterialTest" name="testBlockHardness[544: OAK_PRESSURE_PLATE]" time="0"/>
  <testcase classname="org.bukkit.PerMaterialTest" name="maxStackSize[544: OAK_PRESSURE_PLATE]" time="0.001"/>
  <testcase classname="org.bukkit.PerMaterialTest" name="isTransparent[544: OAK_PRESSURE_PLATE]" time="0"/>
  <testcase classname="org.bukkit.PerMaterialTest" name="testBlockDataCreation[544: OAK_PRESSURE_PLATE]" time="0"/>
  <testcase classname="org.bukkit.PerMaterialTest" name="isBlock[544: OAK_PRESSURE_PLATE]" time="0"/>
  <testcase classname="org.bukkit.PerMaterialTest" name="isSolid[544: OAK_PRESSURE_PLATE]" time="0"/>
  <testcase classname="org.bukkit.PerMaterialTest" name="hasGravity[545: OAK_SAPLING]" time="0"/>
  <testcase classname="org.bukkit.PerMaterialTest" name="isBurnable[545: OAK_SAPLING]" time="0"/>
  <testcase classname="org.bukkit.PerMaterialTest" name="testInteractable[545: OAK_SAPLING]" time="0.001"/>
  <testcase classname="org.bukkit.PerMaterialTest" name="testBlock[545: OAK_SAPLING]" time="0"/>
  <testcase classname="org.bukkit.PerMaterialTest" name="isFuel[545: OAK_SAPLING]" time="0"/>
  <testcase classname="org.bukkit.PerMaterialTest" name="testItem[545: OAK_SAPLING]" time="0"/>
  <testcase classname="org.bukkit.PerMaterialTest" name="testBlastResistance[545: OAK_SAPLING]" time="0"/>
  <testcase classname="org.bukkit.PerMaterialTest" name="isEdible[545: OAK_SAPLING]" time="0"/>
  <testcase classname="org.bukkit.PerMaterialTest" name="maxDurability[545: OAK_SAPLING]" time="0"/>
  <testcase classname="org.bukkit.PerMaterialTest" name="usesDurability[545: OAK_SAPLING]" time="0"/>
  <testcase classname="org.bukkit.PerMaterialTest" name="isOccluding[545: OAK_SAPLING]" time="0"/>
  <testcase classname="org.bukkit.PerMaterialTest" name="isRecord[545: OAK_SAPLING]" time="0"/>
  <testcase classname="org.bukkit.PerMaterialTest" name="isFlammable[545: OAK_SAPLING]" time="0"/>
  <testcase classname="org.bukkit.PerMaterialTest" name="testDurability[545: OAK_SAPLING]" time="0"/>
  <testcase classname="org.bukkit.PerMaterialTest" name="testBlockHardness[545: OAK_SAPLING]" time="0"/>
  <testcase classname="org.bukkit.PerMaterialTest" name="maxStackSize[545: OAK_SAPLING]" time="0.001"/>
  <testcase classname="org.bukkit.PerMaterialTest" name="isTransparent[545: OAK_SAPLING]" time="0"/>
  <testcase classname="org.bukkit.PerMaterialTest" name="testBlockDataCreation[545: OAK_SAPLING]" time="0"/>
  <testcase classname="org.bukkit.PerMaterialTest" name="isBlock[545: OAK_SAPLING]" time="0"/>
  <testcase classname="org.bukkit.PerMaterialTest" name="isSolid[545: OAK_SAPLING]" time="0"/>
  <testcase classname="org.bukkit.PerMaterialTest" name="hasGravity[546: OAK_SLAB]" time="0"/>
  <testcase classname="org.bukkit.PerMaterialTest" name="isBurnable[546: OAK_SLAB]" time="0"/>
  <testcase classname="org.bukkit.PerMaterialTest" name="testInteractable[546: OAK_SLAB]" time="0"/>
  <testcase classname="org.bukkit.PerMaterialTest" name="testBlock[546: OAK_SLAB]" time="0"/>
  <testcase classname="org.bukkit.PerMaterialTest" name="isFuel[546: OAK_SLAB]" time="0"/>
  <testcase classname="org.bukkit.PerMaterialTest" name="testItem[546: OAK_SLAB]" time="0"/>
  <testcase classname="org.bukkit.PerMaterialTest" name="testBlastResistance[546: OAK_SLAB]" time="0"/>
  <testcase classname="org.bukkit.PerMaterialTest" name="isEdible[546: OAK_SLAB]" time="0"/>
  <testcase classname="org.bukkit.PerMaterialTest" name="maxDurability[546: OAK_SLAB]" time="0"/>
  <testcase classname="org.bukkit.PerMaterialTest" name="usesDurability[546: OAK_SLAB]" time="0"/>
  <testcase classname="org.bukkit.PerMaterialTest" name="isOccluding[546: OAK_SLAB]" time="0"/>
  <testcase classname="org.bukkit.PerMaterialTest" name="isRecord[546: OAK_SLAB]" time="0"/>
  <testcase classname="org.bukkit.PerMaterialTest" name="isFlammable[546: OAK_SLAB]" time="0"/>
  <testcase classname="org.bukkit.PerMaterialTest" name="testDurability[546: OAK_SLAB]" time="0"/>
  <testcase classname="org.bukkit.PerMaterialTest" name="testBlockHardness[546: OAK_SLAB]" time="0"/>
  <testcase classname="org.bukkit.PerMaterialTest" name="maxStackSize[546: OAK_SLAB]" time="0.001"/>
  <testcase classname="org.bukkit.PerMaterialTest" name="isTransparent[546: OAK_SLAB]" time="0"/>
  <testcase classname="org.bukkit.PerMaterialTest" name="testBlockDataCreation[546: OAK_SLAB]" time="0"/>
  <testcase classname="org.bukkit.PerMaterialTest" name="isBlock[546: OAK_SLAB]" time="0"/>
  <testcase classname="org.bukkit.PerMaterialTest" name="isSolid[546: OAK_SLAB]" time="0"/>
  <testcase classname="org.bukkit.PerMaterialTest" name="hasGravity[547: OAK_STAIRS]" time="0"/>
  <testcase classname="org.bukkit.PerMaterialTest" name="isBurnable[547: OAK_STAIRS]" time="0"/>
  <testcase classname="org.bukkit.PerMaterialTest" name="testInteractable[547: OAK_STAIRS]" time="0.001"/>
  <testcase classname="org.bukkit.PerMaterialTest" name="testBlock[547: OAK_STAIRS]" time="0"/>
  <testcase classname="org.bukkit.PerMaterialTest" name="isFuel[547: OAK_STAIRS]" time="0"/>
  <testcase classname="org.bukkit.PerMaterialTest" name="testItem[547: OAK_STAIRS]" time="0"/>
  <testcase classname="org.bukkit.PerMaterialTest" name="testBlastResistance[547: OAK_STAIRS]" time="0"/>
  <testcase classname="org.bukkit.PerMaterialTest" name="isEdible[547: OAK_STAIRS]" time="0"/>
  <testcase classname="org.bukkit.PerMaterialTest" name="maxDurability[547: OAK_STAIRS]" time="0.001"/>
  <testcase classname="org.bukkit.PerMaterialTest" name="usesDurability[547: OAK_STAIRS]" time="0"/>
  <testcase classname="org.bukkit.PerMaterialTest" name="isOccluding[547: OAK_STAIRS]" time="0"/>
  <testcase classname="org.bukkit.PerMaterialTest" name="isRecord[547: OAK_STAIRS]" time="0"/>
  <testcase classname="org.bukkit.PerMaterialTest" name="isFlammable[547: OAK_STAIRS]" time="0"/>
  <testcase classname="org.bukkit.PerMaterialTest" name="testDurability[547: OAK_STAIRS]" time="0"/>
  <testcase classname="org.bukkit.PerMaterialTest" name="testBlockHardness[547: OAK_STAIRS]" time="0"/>
  <testcase classname="org.bukkit.PerMaterialTest" name="maxStackSize[547: OAK_STAIRS]" time="0"/>
  <testcase classname="org.bukkit.PerMaterialTest" name="isTransparent[547: OAK_STAIRS]" time="0"/>
  <testcase classname="org.bukkit.PerMaterialTest" name="testBlockDataCreation[547: OAK_STAIRS]" time="0"/>
  <testcase classname="org.bukkit.PerMaterialTest" name="isBlock[547: OAK_STAIRS]" time="0"/>
  <testcase classname="org.bukkit.PerMaterialTest" name="isSolid[547: OAK_STAIRS]" time="0"/>
  <testcase classname="org.bukkit.PerMaterialTest" name="hasGravity[548: OAK_TRAPDOOR]" time="0"/>
  <testcase classname="org.bukkit.PerMaterialTest" name="isBurnable[548: OAK_TRAPDOOR]" time="0"/>
  <testcase classname="org.bukkit.PerMaterialTest" name="testInteractable[548: OAK_TRAPDOOR]" time="0"/>
  <testcase classname="org.bukkit.PerMaterialTest" name="testBlock[548: OAK_TRAPDOOR]" time="0"/>
  <testcase classname="org.bukkit.PerMaterialTest" name="isFuel[548: OAK_TRAPDOOR]" time="0"/>
  <testcase classname="org.bukkit.PerMaterialTest" name="testItem[548: OAK_TRAPDOOR]" time="0"/>
  <testcase classname="org.bukkit.PerMaterialTest" name="testBlastResistance[548: OAK_TRAPDOOR]" time="0"/>
  <testcase classname="org.bukkit.PerMaterialTest" name="isEdible[548: OAK_TRAPDOOR]" time="0"/>
  <testcase classname="org.bukkit.PerMaterialTest" name="maxDurability[548: OAK_TRAPDOOR]" time="0"/>
  <testcase classname="org.bukkit.PerMaterialTest" name="usesDurability[548: OAK_TRAPDOOR]" time="0"/>
  <testcase classname="org.bukkit.PerMaterialTest" name="isOccluding[548: OAK_TRAPDOOR]" time="0"/>
  <testcase classname="org.bukkit.PerMaterialTest" name="isRecord[548: OAK_TRAPDOOR]" time="0"/>
  <testcase classname="org.bukkit.PerMaterialTest" name="isFlammable[548: OAK_TRAPDOOR]" time="0"/>
  <testcase classname="org.bukkit.PerMaterialTest" name="testDurability[548: OAK_TRAPDOOR]" time="0"/>
  <testcase classname="org.bukkit.PerMaterialTest" name="testBlockHardness[548: OAK_TRAPDOOR]" time="0"/>
  <testcase classname="org.bukkit.PerMaterialTest" name="maxStackSize[548: OAK_TRAPDOOR]" time="0"/>
  <testcase classname="org.bukkit.PerMaterialTest" name="isTransparent[548: OAK_TRAPDOOR]" time="0.001"/>
  <testcase classname="org.bukkit.PerMaterialTest" name="testBlockDataCreation[548: OAK_TRAPDOOR]" time="0"/>
  <testcase classname="org.bukkit.PerMaterialTest" name="isBlock[548: OAK_TRAPDOOR]" time="0"/>
  <testcase classname="org.bukkit.PerMaterialTest" name="isSolid[548: OAK_TRAPDOOR]" time="0"/>
  <testcase classname="org.bukkit.PerMaterialTest" name="hasGravity[549: OAK_WOOD]" time="0"/>
  <testcase classname="org.bukkit.PerMaterialTest" name="isBurnable[549: OAK_WOOD]" time="0"/>
  <testcase classname="org.bukkit.PerMaterialTest" name="testInteractable[549: OAK_WOOD]" time="0.001"/>
  <testcase classname="org.bukkit.PerMaterialTest" name="testBlock[549: OAK_WOOD]" time="0"/>
  <testcase classname="org.bukkit.PerMaterialTest" name="isFuel[549: OAK_WOOD]" time="0"/>
  <testcase classname="org.bukkit.PerMaterialTest" name="testItem[549: OAK_WOOD]" time="0"/>
  <testcase classname="org.bukkit.PerMaterialTest" name="testBlastResistance[549: OAK_WOOD]" time="0"/>
  <testcase classname="org.bukkit.PerMaterialTest" name="isEdible[549: OAK_WOOD]" time="0"/>
  <testcase classname="org.bukkit.PerMaterialTest" name="maxDurability[549: OAK_WOOD]" time="0"/>
  <testcase classname="org.bukkit.PerMaterialTest" name="usesDurability[549: OAK_WOOD]" time="0.001"/>
  <testcase classname="org.bukkit.PerMaterialTest" name="isOccluding[549: OAK_WOOD]" time="0"/>
  <testcase classname="org.bukkit.PerMaterialTest" name="isRecord[549: OAK_WOOD]" time="0"/>
  <testcase classname="org.bukkit.PerMaterialTest" name="isFlammable[549: OAK_WOOD]" time="0"/>
  <testcase classname="org.bukkit.PerMaterialTest" name="testDurability[549: OAK_WOOD]" time="0"/>
  <testcase classname="org.bukkit.PerMaterialTest" name="testBlockHardness[549: OAK_WOOD]" time="0"/>
  <testcase classname="org.bukkit.PerMaterialTest" name="maxStackSize[549: OAK_WOOD]" time="0"/>
  <testcase classname="org.bukkit.PerMaterialTest" name="isTransparent[549: OAK_WOOD]" time="0.001"/>
  <testcase classname="org.bukkit.PerMaterialTest" name="testBlockDataCreation[549: OAK_WOOD]" time="0"/>
  <testcase classname="org.bukkit.PerMaterialTest" name="isBlock[549: OAK_WOOD]" time="0"/>
  <testcase classname="org.bukkit.PerMaterialTest" name="isSolid[549: OAK_WOOD]" time="0"/>
  <testcase classname="org.bukkit.PerMaterialTest" name="hasGravity[550: OBSERVER]" time="0"/>
  <testcase classname="org.bukkit.PerMaterialTest" name="isBurnable[550: OBSERVER]" time="0"/>
  <testcase classname="org.bukkit.PerMaterialTest" name="testInteractable[550: OBSERVER]" time="0.001"/>
  <testcase classname="org.bukkit.PerMaterialTest" name="testBlock[550: OBSERVER]" time="0"/>
  <testcase classname="org.bukkit.PerMaterialTest" name="isFuel[550: OBSERVER]" time="0"/>
  <testcase classname="org.bukkit.PerMaterialTest" name="testItem[550: OBSERVER]" time="0"/>
  <testcase classname="org.bukkit.PerMaterialTest" name="testBlastResistance[550: OBSERVER]" time="0"/>
  <testcase classname="org.bukkit.PerMaterialTest" name="isEdible[550: OBSERVER]" time="0"/>
  <testcase classname="org.bukkit.PerMaterialTest" name="maxDurability[550: OBSERVER]" time="0"/>
  <testcase classname="org.bukkit.PerMaterialTest" name="usesDurability[550: OBSERVER]" time="0"/>
  <testcase classname="org.bukkit.PerMaterialTest" name="isOccluding[550: OBSERVER]" time="0"/>
  <testcase classname="org.bukkit.PerMaterialTest" name="isRecord[550: OBSERVER]" time="0"/>
  <testcase classname="org.bukkit.PerMaterialTest" name="isFlammable[550: OBSERVER]" time="0"/>
  <testcase classname="org.bukkit.PerMaterialTest" name="testDurability[550: OBSERVER]" time="0"/>
  <testcase classname="org.bukkit.PerMaterialTest" name="testBlockHardness[550: OBSERVER]" time="0"/>
  <testcase classname="org.bukkit.PerMaterialTest" name="maxStackSize[550: OBSERVER]" time="0.001"/>
  <testcase classname="org.bukkit.PerMaterialTest" name="isTransparent[550: OBSERVER]" time="0"/>
  <testcase classname="org.bukkit.PerMaterialTest" name="testBlockDataCreation[550: OBSERVER]" time="0"/>
  <testcase classname="org.bukkit.PerMaterialTest" name="isBlock[550: OBSERVER]" time="0"/>
  <testcase classname="org.bukkit.PerMaterialTest" name="isSolid[550: OBSERVER]" time="0"/>
  <testcase classname="org.bukkit.PerMaterialTest" name="hasGravity[551: OBSIDIAN]" time="0"/>
  <testcase classname="org.bukkit.PerMaterialTest" name="isBurnable[551: OBSIDIAN]" time="0"/>
  <testcase classname="org.bukkit.PerMaterialTest" name="testInteractable[551: OBSIDIAN]" time="0.001"/>
  <testcase classname="org.bukkit.PerMaterialTest" name="testBlock[551: OBSIDIAN]" time="0"/>
  <testcase classname="org.bukkit.PerMaterialTest" name="isFuel[551: OBSIDIAN]" time="0"/>
  <testcase classname="org.bukkit.PerMaterialTest" name="testItem[551: OBSIDIAN]" time="0"/>
  <testcase classname="org.bukkit.PerMaterialTest" name="testBlastResistance[551: OBSIDIAN]" time="0"/>
  <testcase classname="org.bukkit.PerMaterialTest" name="isEdible[551: OBSIDIAN]" time="0"/>
  <testcase classname="org.bukkit.PerMaterialTest" name="maxDurability[551: OBSIDIAN]" time="0.001"/>
  <testcase classname="org.bukkit.PerMaterialTest" name="usesDurability[551: OBSIDIAN]" time="0"/>
  <testcase classname="org.bukkit.PerMaterialTest" name="isOccluding[551: OBSIDIAN]" time="0"/>
  <testcase classname="org.bukkit.PerMaterialTest" name="isRecord[551: OBSIDIAN]" time="0"/>
  <testcase classname="org.bukkit.PerMaterialTest" name="isFlammable[551: OBSIDIAN]" time="0"/>
  <testcase classname="org.bukkit.PerMaterialTest" name="testDurability[551: OBSIDIAN]" time="0"/>
  <testcase classname="org.bukkit.PerMaterialTest" name="testBlockHardness[551: OBSIDIAN]" time="0"/>
  <testcase classname="org.bukkit.PerMaterialTest" name="maxStackSize[551: OBSIDIAN]" time="0.001"/>
  <testcase classname="org.bukkit.PerMaterialTest" name="isTransparent[551: OBSIDIAN]" time="0"/>
  <testcase classname="org.bukkit.PerMaterialTest" name="testBlockDataCreation[551: OBSIDIAN]" time="0"/>
  <testcase classname="org.bukkit.PerMaterialTest" name="isBlock[551: OBSIDIAN]" time="0"/>
  <testcase classname="org.bukkit.PerMaterialTest" name="isSolid[551: OBSIDIAN]" time="0"/>
  <testcase classname="org.bukkit.PerMaterialTest" name="hasGravity[552: OCELOT_SPAWN_EGG]" time="0"/>
  <testcase classname="org.bukkit.PerMaterialTest" name="isBurnable[552: OCELOT_SPAWN_EGG]" time="0"/>
  <testcase classname="org.bukkit.PerMaterialTest" name="testInteractable[552: OCELOT_SPAWN_EGG]" time="0"/>
  <testcase classname="org.bukkit.PerMaterialTest" name="testBlock[552: OCELOT_SPAWN_EGG]" time="0"/>
  <testcase classname="org.bukkit.PerMaterialTest" name="isFuel[552: OCELOT_SPAWN_EGG]" time="0"/>
  <testcase classname="org.bukkit.PerMaterialTest" name="testItem[552: OCELOT_SPAWN_EGG]" time="0"/>
  <testcase classname="org.bukkit.PerMaterialTest" name="testBlastResistance[552: OCELOT_SPAWN_EGG]" time="0"/>
  <testcase classname="org.bukkit.PerMaterialTest" name="isEdible[552: OCELOT_SPAWN_EGG]" time="0"/>
  <testcase classname="org.bukkit.PerMaterialTest" name="maxDurability[552: OCELOT_SPAWN_EGG]" time="0"/>
  <testcase classname="org.bukkit.PerMaterialTest" name="usesDurability[552: OCELOT_SPAWN_EGG]" time="0"/>
  <testcase classname="org.bukkit.PerMaterialTest" name="isOccluding[552: OCELOT_SPAWN_EGG]" time="0"/>
  <testcase classname="org.bukkit.PerMaterialTest" name="isRecord[552: OCELOT_SPAWN_EGG]" time="0"/>
  <testcase classname="org.bukkit.PerMaterialTest" name="isFlammable[552: OCELOT_SPAWN_EGG]" time="0"/>
  <testcase classname="org.bukkit.PerMaterialTest" name="testDurability[552: OCELOT_SPAWN_EGG]" time="0"/>
  <testcase classname="org.bukkit.PerMaterialTest" name="testBlockHardness[552: OCELOT_SPAWN_EGG]" time="0"/>
  <testcase classname="org.bukkit.PerMaterialTest" name="maxStackSize[552: OCELOT_SPAWN_EGG]" time="0"/>
  <testcase classname="org.bukkit.PerMaterialTest" name="isTransparent[552: OCELOT_SPAWN_EGG]" time="0"/>
  <testcase classname="org.bukkit.PerMaterialTest" name="testBlockDataCreation[552: OCELOT_SPAWN_EGG]" time="0"/>
  <testcase classname="org.bukkit.PerMaterialTest" name="isBlock[552: OCELOT_SPAWN_EGG]" time="0"/>
  <testcase classname="org.bukkit.PerMaterialTest" name="isSolid[552: OCELOT_SPAWN_EGG]" time="0"/>
  <testcase classname="org.bukkit.PerMaterialTest" name="hasGravity[553: ORANGE_BANNER]" time="0"/>
  <testcase classname="org.bukkit.PerMaterialTest" name="isBurnable[553: ORANGE_BANNER]" time="0"/>
  <testcase classname="org.bukkit.PerMaterialTest" name="testInteractable[553: ORANGE_BANNER]" time="0"/>
  <testcase classname="org.bukkit.PerMaterialTest" name="testBlock[553: ORANGE_BANNER]" time="0.001"/>
  <testcase classname="org.bukkit.PerMaterialTest" name="isFuel[553: ORANGE_BANNER]" time="0"/>
  <testcase classname="org.bukkit.PerMaterialTest" name="testItem[553: ORANGE_BANNER]" time="0"/>
  <testcase classname="org.bukkit.PerMaterialTest" name="testBlastResistance[553: ORANGE_BANNER]" time="0"/>
  <testcase classname="org.bukkit.PerMaterialTest" name="isEdible[553: ORANGE_BANNER]" time="0"/>
  <testcase classname="org.bukkit.PerMaterialTest" name="maxDurability[553: ORANGE_BANNER]" time="0"/>
  <testcase classname="org.bukkit.PerMaterialTest" name="usesDurability[553: ORANGE_BANNER]" time="0"/>
  <testcase classname="org.bukkit.PerMaterialTest" name="isOccluding[553: ORANGE_BANNER]" time="0"/>
  <testcase classname="org.bukkit.PerMaterialTest" name="isRecord[553: ORANGE_BANNER]" time="0"/>
  <testcase classname="org.bukkit.PerMaterialTest" name="isFlammable[553: ORANGE_BANNER]" time="0"/>
  <testcase classname="org.bukkit.PerMaterialTest" name="testDurability[553: ORANGE_BANNER]" time="0"/>
  <testcase classname="org.bukkit.PerMaterialTest" name="testBlockHardness[553: ORANGE_BANNER]" time="0"/>
  <testcase classname="org.bukkit.PerMaterialTest" name="maxStackSize[553: ORANGE_BANNER]" time="0"/>
  <testcase classname="org.bukkit.PerMaterialTest" name="isTransparent[553: ORANGE_BANNER]" time="0"/>
  <testcase classname="org.bukkit.PerMaterialTest" name="testBlockDataCreation[553: ORANGE_BANNER]" time="0"/>
  <testcase classname="org.bukkit.PerMaterialTest" name="isBlock[553: ORANGE_BANNER]" time="0"/>
  <testcase classname="org.bukkit.PerMaterialTest" name="isSolid[553: ORANGE_BANNER]" time="0"/>
  <testcase classname="org.bukkit.PerMaterialTest" name="hasGravity[554: ORANGE_BED]" time="0"/>
  <testcase classname="org.bukkit.PerMaterialTest" name="isBurnable[554: ORANGE_BED]" time="0"/>
  <testcase classname="org.bukkit.PerMaterialTest" name="testInteractable[554: ORANGE_BED]" time="0"/>
  <testcase classname="org.bukkit.PerMaterialTest" name="testBlock[554: ORANGE_BED]" time="0"/>
  <testcase classname="org.bukkit.PerMaterialTest" name="isFuel[554: ORANGE_BED]" time="0"/>
  <testcase classname="org.bukkit.PerMaterialTest" name="testItem[554: ORANGE_BED]" time="0"/>
  <testcase classname="org.bukkit.PerMaterialTest" name="testBlastResistance[554: ORANGE_BED]" time="0"/>
  <testcase classname="org.bukkit.PerMaterialTest" name="isEdible[554: ORANGE_BED]" time="0"/>
  <testcase classname="org.bukkit.PerMaterialTest" name="maxDurability[554: ORANGE_BED]" time="0"/>
  <testcase classname="org.bukkit.PerMaterialTest" name="usesDurability[554: ORANGE_BED]" time="0"/>
  <testcase classname="org.bukkit.PerMaterialTest" name="isOccluding[554: ORANGE_BED]" time="0"/>
  <testcase classname="org.bukkit.PerMaterialTest" name="isRecord[554: ORANGE_BED]" time="0"/>
  <testcase classname="org.bukkit.PerMaterialTest" name="isFlammable[554: ORANGE_BED]" time="0"/>
  <testcase classname="org.bukkit.PerMaterialTest" name="testDurability[554: ORANGE_BED]" time="0"/>
  <testcase classname="org.bukkit.PerMaterialTest" name="testBlockHardness[554: ORANGE_BED]" time="0"/>
  <testcase classname="org.bukkit.PerMaterialTest" name="maxStackSize[554: ORANGE_BED]" time="0"/>
  <testcase classname="org.bukkit.PerMaterialTest" name="isTransparent[554: ORANGE_BED]" time="0"/>
  <testcase classname="org.bukkit.PerMaterialTest" name="testBlockDataCreation[554: ORANGE_BED]" time="0.001"/>
  <testcase classname="org.bukkit.PerMaterialTest" name="isBlock[554: ORANGE_BED]" time="0"/>
  <testcase classname="org.bukkit.PerMaterialTest" name="isSolid[554: ORANGE_BED]" time="0"/>
  <testcase classname="org.bukkit.PerMaterialTest" name="hasGravity[555: ORANGE_CARPET]" time="0"/>
  <testcase classname="org.bukkit.PerMaterialTest" name="isBurnable[555: ORANGE_CARPET]" time="0"/>
  <testcase classname="org.bukkit.PerMaterialTest" name="testInteractable[555: ORANGE_CARPET]" time="0"/>
  <testcase classname="org.bukkit.PerMaterialTest" name="testBlock[555: ORANGE_CARPET]" time="0"/>
  <testcase classname="org.bukkit.PerMaterialTest" name="isFuel[555: ORANGE_CARPET]" time="0"/>
  <testcase classname="org.bukkit.PerMaterialTest" name="testItem[555: ORANGE_CARPET]" time="0"/>
  <testcase classname="org.bukkit.PerMaterialTest" name="testBlastResistance[555: ORANGE_CARPET]" time="0.681"/>
  <testcase classname="org.bukkit.PerMaterialTest" name="isEdible[555: ORANGE_CARPET]" time="0"/>
  <testcase classname="org.bukkit.PerMaterialTest" name="maxDurability[555: ORANGE_CARPET]" time="0"/>
  <testcase classname="org.bukkit.PerMaterialTest" name="usesDurability[555: ORANGE_CARPET]" time="0"/>
  <testcase classname="org.bukkit.PerMaterialTest" name="isOccluding[555: ORANGE_CARPET]" time="0"/>
  <testcase classname="org.bukkit.PerMaterialTest" name="isRecord[555: ORANGE_CARPET]" time="0"/>
  <testcase classname="org.bukkit.PerMaterialTest" name="isFlammable[555: ORANGE_CARPET]" time="0"/>
  <testcase classname="org.bukkit.PerMaterialTest" name="testDurability[555: ORANGE_CARPET]" time="0"/>
  <testcase classname="org.bukkit.PerMaterialTest" name="testBlockHardness[555: ORANGE_CARPET]" time="0"/>
  <testcase classname="org.bukkit.PerMaterialTest" name="maxStackSize[555: ORANGE_CARPET]" time="0"/>
  <testcase classname="org.bukkit.PerMaterialTest" name="isTransparent[555: ORANGE_CARPET]" time="0"/>
  <testcase classname="org.bukkit.PerMaterialTest" name="testBlockDataCreation[555: ORANGE_CARPET]" time="0"/>
  <testcase classname="org.bukkit.PerMaterialTest" name="isBlock[555: ORANGE_CARPET]" time="0"/>
  <testcase classname="org.bukkit.PerMaterialTest" name="isSolid[555: ORANGE_CARPET]" time="0"/>
  <testcase classname="org.bukkit.PerMaterialTest" name="hasGravity[556: ORANGE_CONCRETE]" time="0"/>
  <testcase classname="org.bukkit.PerMaterialTest" name="isBurnable[556: ORANGE_CONCRETE]" time="0"/>
  <testcase classname="org.bukkit.PerMaterialTest" name="testInteractable[556: ORANGE_CONCRETE]" time="0"/>
  <testcase classname="org.bukkit.PerMaterialTest" name="testBlock[556: ORANGE_CONCRETE]" time="0"/>
  <testcase classname="org.bukkit.PerMaterialTest" name="isFuel[556: ORANGE_CONCRETE]" time="0"/>
  <testcase classname="org.bukkit.PerMaterialTest" name="testItem[556: ORANGE_CONCRETE]" time="0"/>
  <testcase classname="org.bukkit.PerMaterialTest" name="testBlastResistance[556: ORANGE_CONCRETE]" time="0"/>
  <testcase classname="org.bukkit.PerMaterialTest" name="isEdible[556: ORANGE_CONCRETE]" time="0"/>
  <testcase classname="org.bukkit.PerMaterialTest" name="maxDurability[556: ORANGE_CONCRETE]" time="0"/>
  <testcase classname="org.bukkit.PerMaterialTest" name="usesDurability[556: ORANGE_CONCRETE]" time="0"/>
  <testcase classname="org.bukkit.PerMaterialTest" name="isOccluding[556: ORANGE_CONCRETE]" time="0"/>
  <testcase classname="org.bukkit.PerMaterialTest" name="isRecord[556: ORANGE_CONCRETE]" time="0"/>
  <testcase classname="org.bukkit.PerMaterialTest" name="isFlammable[556: ORANGE_CONCRETE]" time="0"/>
  <testcase classname="org.bukkit.PerMaterialTest" name="testDurability[556: ORANGE_CONCRETE]" time="0"/>
  <testcase classname="org.bukkit.PerMaterialTest" name="testBlockHardness[556: ORANGE_CONCRETE]" time="0"/>
  <testcase classname="org.bukkit.PerMaterialTest" name="maxStackSize[556: ORANGE_CONCRETE]" time="0.001"/>
  <testcase classname="org.bukkit.PerMaterialTest" name="isTransparent[556: ORANGE_CONCRETE]" time="0"/>
  <testcase classname="org.bukkit.PerMaterialTest" name="testBlockDataCreation[556: ORANGE_CONCRETE]" time="0"/>
  <testcase classname="org.bukkit.PerMaterialTest" name="isBlock[556: ORANGE_CONCRETE]" time="0"/>
  <testcase classname="org.bukkit.PerMaterialTest" name="isSolid[556: ORANGE_CONCRETE]" time="0"/>
  <testcase classname="org.bukkit.PerMaterialTest" name="hasGravity[557: ORANGE_CONCRETE_POWDER]" time="0"/>
  <testcase classname="org.bukkit.PerMaterialTest" name="isBurnable[557: ORANGE_CONCRETE_POWDER]" time="0"/>
  <testcase classname="org.bukkit.PerMaterialTest" name="testInteractable[557: ORANGE_CONCRETE_POWDER]" time="0"/>
  <testcase classname="org.bukkit.PerMaterialTest" name="testBlock[557: ORANGE_CONCRETE_POWDER]" time="0"/>
  <testcase classname="org.bukkit.PerMaterialTest" name="isFuel[557: ORANGE_CONCRETE_POWDER]" time="0"/>
  <testcase classname="org.bukkit.PerMaterialTest" name="testItem[557: ORANGE_CONCRETE_POWDER]" time="0"/>
  <testcase classname="org.bukkit.PerMaterialTest" name="testBlastResistance[557: ORANGE_CONCRETE_POWDER]" time="0"/>
  <testcase classname="org.bukkit.PerMaterialTest" name="isEdible[557: ORANGE_CONCRETE_POWDER]" time="0"/>
  <testcase classname="org.bukkit.PerMaterialTest" name="maxDurability[557: ORANGE_CONCRETE_POWDER]" time="0"/>
  <testcase classname="org.bukkit.PerMaterialTest" name="usesDurability[557: ORANGE_CONCRETE_POWDER]" time="0.001"/>
  <testcase classname="org.bukkit.PerMaterialTest" name="isOccluding[557: ORANGE_CONCRETE_POWDER]" time="0"/>
  <testcase classname="org.bukkit.PerMaterialTest" name="isRecord[557: ORANGE_CONCRETE_POWDER]" time="0"/>
  <testcase classname="org.bukkit.PerMaterialTest" name="isFlammable[557: ORANGE_CONCRETE_POWDER]" time="0"/>
  <testcase classname="org.bukkit.PerMaterialTest" name="testDurability[557: ORANGE_CONCRETE_POWDER]" time="0"/>
  <testcase classname="org.bukkit.PerMaterialTest" name="testBlockHardness[557: ORANGE_CONCRETE_POWDER]" time="0"/>
  <testcase classname="org.bukkit.PerMaterialTest" name="maxStackSize[557: ORANGE_CONCRETE_POWDER]" time="0"/>
  <testcase classname="org.bukkit.PerMaterialTest" name="isTransparent[557: ORANGE_CONCRETE_POWDER]" time="0"/>
  <testcase classname="org.bukkit.PerMaterialTest" name="testBlockDataCreation[557: ORANGE_CONCRETE_POWDER]" time="0"/>
  <testcase classname="org.bukkit.PerMaterialTest" name="isBlock[557: ORANGE_CONCRETE_POWDER]" time="0"/>
  <testcase classname="org.bukkit.PerMaterialTest" name="isSolid[557: ORANGE_CONCRETE_POWDER]" time="0"/>
  <testcase classname="org.bukkit.PerMaterialTest" name="hasGravity[558: ORANGE_DYE]" time="0"/>
  <testcase classname="org.bukkit.PerMaterialTest" name="isBurnable[558: ORANGE_DYE]" time="0"/>
  <testcase classname="org.bukkit.PerMaterialTest" name="testInteractable[558: ORANGE_DYE]" time="0"/>
  <testcase classname="org.bukkit.PerMaterialTest" name="testBlock[558: ORANGE_DYE]" time="0"/>
  <testcase classname="org.bukkit.PerMaterialTest" name="isFuel[558: ORANGE_DYE]" time="0"/>
  <testcase classname="org.bukkit.PerMaterialTest" name="testItem[558: ORANGE_DYE]" time="0.001"/>
  <testcase classname="org.bukkit.PerMaterialTest" name="testBlastResistance[558: ORANGE_DYE]" time="0"/>
  <testcase classname="org.bukkit.PerMaterialTest" name="isEdible[558: ORANGE_DYE]" time="0"/>
  <testcase classname="org.bukkit.PerMaterialTest" name="maxDurability[558: ORANGE_DYE]" time="0"/>
  <testcase classname="org.bukkit.PerMaterialTest" name="usesDurability[558: ORANGE_DYE]" time="0"/>
  <testcase classname="org.bukkit.PerMaterialTest" name="isOccluding[558: ORANGE_DYE]" time="0"/>
  <testcase classname="org.bukkit.PerMaterialTest" name="isRecord[558: ORANGE_DYE]" time="0"/>
  <testcase classname="org.bukkit.PerMaterialTest" name="isFlammable[558: ORANGE_DYE]" time="0"/>
  <testcase classname="org.bukkit.PerMaterialTest" name="testDurability[558: ORANGE_DYE]" time="0"/>
  <testcase classname="org.bukkit.PerMaterialTest" name="testBlockHardness[558: ORANGE_DYE]" time="0"/>
  <testcase classname="org.bukkit.PerMaterialTest" name="maxStackSize[558: ORANGE_DYE]" time="0"/>
  <testcase classname="org.bukkit.PerMaterialTest" name="isTransparent[558: ORANGE_DYE]" time="0"/>
  <testcase classname="org.bukkit.PerMaterialTest" name="testBlockDataCreation[558: ORANGE_DYE]" time="0"/>
  <testcase classname="org.bukkit.PerMaterialTest" name="isBlock[558: ORANGE_DYE]" time="0"/>
  <testcase classname="org.bukkit.PerMaterialTest" name="isSolid[558: ORANGE_DYE]" time="0"/>
  <testcase classname="org.bukkit.PerMaterialTest" name="hasGravity[559: ORANGE_GLAZED_TERRACOTTA]" time="0"/>
  <testcase classname="org.bukkit.PerMaterialTest" name="isBurnable[559: ORANGE_GLAZED_TERRACOTTA]" time="0"/>
  <testcase classname="org.bukkit.PerMaterialTest" name="testInteractable[559: ORANGE_GLAZED_TERRACOTTA]" time="0"/>
  <testcase classname="org.bukkit.PerMaterialTest" name="testBlock[559: ORANGE_GLAZED_TERRACOTTA]" time="0"/>
  <testcase classname="org.bukkit.PerMaterialTest" name="isFuel[559: ORANGE_GLAZED_TERRACOTTA]" time="0"/>
  <testcase classname="org.bukkit.PerMaterialTest" name="testItem[559: ORANGE_GLAZED_TERRACOTTA]" time="0"/>
  <testcase classname="org.bukkit.PerMaterialTest" name="testBlastResistance[559: ORANGE_GLAZED_TERRACOTTA]" time="0"/>
  <testcase classname="org.bukkit.PerMaterialTest" name="isEdible[559: ORANGE_GLAZED_TERRACOTTA]" time="0"/>
  <testcase classname="org.bukkit.PerMaterialTest" name="maxDurability[559: ORANGE_GLAZED_TERRACOTTA]" time="0"/>
  <testcase classname="org.bukkit.PerMaterialTest" name="usesDurability[559: ORANGE_GLAZED_TERRACOTTA]" time="0"/>
  <testcase classname="org.bukkit.PerMaterialTest" name="isOccluding[559: ORANGE_GLAZED_TERRACOTTA]" time="0"/>
  <testcase classname="org.bukkit.PerMaterialTest" name="isRecord[559: ORANGE_GLAZED_TERRACOTTA]" time="0"/>
  <testcase classname="org.bukkit.PerMaterialTest" name="isFlammable[559: ORANGE_GLAZED_TERRACOTTA]" time="0"/>
  <testcase classname="org.bukkit.PerMaterialTest" name="testDurability[559: ORANGE_GLAZED_TERRACOTTA]" time="0"/>
  <testcase classname="org.bukkit.PerMaterialTest" name="testBlockHardness[559: ORANGE_GLAZED_TERRACOTTA]" time="0"/>
  <testcase classname="org.bukkit.PerMaterialTest" name="maxStackSize[559: ORANGE_GLAZED_TERRACOTTA]" time="0"/>
  <testcase classname="org.bukkit.PerMaterialTest" name="isTransparent[559: ORANGE_GLAZED_TERRACOTTA]" time="0.001"/>
  <testcase classname="org.bukkit.PerMaterialTest" name="testBlockDataCreation[559: ORANGE_GLAZED_TERRACOTTA]" time="0"/>
  <testcase classname="org.bukkit.PerMaterialTest" name="isBlock[559: ORANGE_GLAZED_TERRACOTTA]" time="0"/>
  <testcase classname="org.bukkit.PerMaterialTest" name="isSolid[559: ORANGE_GLAZED_TERRACOTTA]" time="0"/>
  <testcase classname="org.bukkit.PerMaterialTest" name="hasGravity[560: ORANGE_SHULKER_BOX]" time="0.001"/>
  <testcase classname="org.bukkit.PerMaterialTest" name="isBurnable[560: ORANGE_SHULKER_BOX]" time="0"/>
  <testcase classname="org.bukkit.PerMaterialTest" name="testInteractable[560: ORANGE_SHULKER_BOX]" time="0"/>
  <testcase classname="org.bukkit.PerMaterialTest" name="testBlock[560: ORANGE_SHULKER_BOX]" time="0"/>
  <testcase classname="org.bukkit.PerMaterialTest" name="isFuel[560: ORANGE_SHULKER_BOX]" time="0.001"/>
  <testcase classname="org.bukkit.PerMaterialTest" name="testItem[560: ORANGE_SHULKER_BOX]" time="0"/>
  <testcase classname="org.bukkit.PerMaterialTest" name="testBlastResistance[560: ORANGE_SHULKER_BOX]" time="0"/>
  <testcase classname="org.bukkit.PerMaterialTest" name="isEdible[560: ORANGE_SHULKER_BOX]" time="0"/>
  <testcase classname="org.bukkit.PerMaterialTest" name="maxDurability[560: ORANGE_SHULKER_BOX]" time="0"/>
  <testcase classname="org.bukkit.PerMaterialTest" name="usesDurability[560: ORANGE_SHULKER_BOX]" time="0.001"/>
  <testcase classname="org.bukkit.PerMaterialTest" name="isOccluding[560: ORANGE_SHULKER_BOX]" time="0"/>
  <testcase classname="org.bukkit.PerMaterialTest" name="isRecord[560: ORANGE_SHULKER_BOX]" time="0"/>
  <testcase classname="org.bukkit.PerMaterialTest" name="isFlammable[560: ORANGE_SHULKER_BOX]" time="0"/>
  <testcase classname="org.bukkit.PerMaterialTest" name="testDurability[560: ORANGE_SHULKER_BOX]" time="0"/>
  <testcase classname="org.bukkit.PerMaterialTest" name="testBlockHardness[560: ORANGE_SHULKER_BOX]" time="0"/>
  <testcase classname="org.bukkit.PerMaterialTest" name="maxStackSize[560: ORANGE_SHULKER_BOX]" time="0"/>
  <testcase classname="org.bukkit.PerMaterialTest" name="isTransparent[560: ORANGE_SHULKER_BOX]" time="0"/>
  <testcase classname="org.bukkit.PerMaterialTest" name="testBlockDataCreation[560: ORANGE_SHULKER_BOX]" time="0"/>
  <testcase classname="org.bukkit.PerMaterialTest" name="isBlock[560: ORANGE_SHULKER_BOX]" time="0"/>
  <testcase classname="org.bukkit.PerMaterialTest" name="isSolid[560: ORANGE_SHULKER_BOX]" time="0"/>
  <testcase classname="org.bukkit.PerMaterialTest" name="hasGravity[561: ORANGE_STAINED_GLASS]" time="0"/>
  <testcase classname="org.bukkit.PerMaterialTest" name="isBurnable[561: ORANGE_STAINED_GLASS]" time="0"/>
  <testcase classname="org.bukkit.PerMaterialTest" name="testInteractable[561: ORANGE_STAINED_GLASS]" time="0.001"/>
  <testcase classname="org.bukkit.PerMaterialTest" name="testBlock[561: ORANGE_STAINED_GLASS]" time="0"/>
  <testcase classname="org.bukkit.PerMaterialTest" name="isFuel[561: ORANGE_STAINED_GLASS]" time="0"/>
  <testcase classname="org.bukkit.PerMaterialTest" name="testItem[561: ORANGE_STAINED_GLASS]" time="0"/>
  <testcase classname="org.bukkit.PerMaterialTest" name="testBlastResistance[561: ORANGE_STAINED_GLASS]" time="0"/>
  <testcase classname="org.bukkit.PerMaterialTest" name="isEdible[561: ORANGE_STAINED_GLASS]" time="0"/>
  <testcase classname="org.bukkit.PerMaterialTest" name="maxDurability[561: ORANGE_STAINED_GLASS]" time="0"/>
  <testcase classname="org.bukkit.PerMaterialTest" name="usesDurability[561: ORANGE_STAINED_GLASS]" time="0"/>
  <testcase classname="org.bukkit.PerMaterialTest" name="isOccluding[561: ORANGE_STAINED_GLASS]" time="0.001"/>
  <testcase classname="org.bukkit.PerMaterialTest" name="isRecord[561: ORANGE_STAINED_GLASS]" time="0"/>
  <testcase classname="org.bukkit.PerMaterialTest" name="isFlammable[561: ORANGE_STAINED_GLASS]" time="0"/>
  <testcase classname="org.bukkit.PerMaterialTest" name="testDurability[561: ORANGE_STAINED_GLASS]" time="0"/>
  <testcase classname="org.bukkit.PerMaterialTest" name="testBlockHardness[561: ORANGE_STAINED_GLASS]" time="0"/>
  <testcase classname="org.bukkit.PerMaterialTest" name="maxStackSize[561: ORANGE_STAINED_GLASS]" time="0.001"/>
  <testcase classname="org.bukkit.PerMaterialTest" name="isTransparent[561: ORANGE_STAINED_GLASS]" time="0"/>
  <testcase classname="org.bukkit.PerMaterialTest" name="testBlockDataCreation[561: ORANGE_STAINED_GLASS]" time="0"/>
  <testcase classname="org.bukkit.PerMaterialTest" name="isBlock[561: ORANGE_STAINED_GLASS]" time="0"/>
  <testcase classname="org.bukkit.PerMaterialTest" name="isSolid[561: ORANGE_STAINED_GLASS]" time="0.001"/>
  <testcase classname="org.bukkit.PerMaterialTest" name="hasGravity[562: ORANGE_STAINED_GLASS_PANE]" time="0"/>
  <testcase classname="org.bukkit.PerMaterialTest" name="isBurnable[562: ORANGE_STAINED_GLASS_PANE]" time="0"/>
  <testcase classname="org.bukkit.PerMaterialTest" name="testInteractable[562: ORANGE_STAINED_GLASS_PANE]" time="0"/>
  <testcase classname="org.bukkit.PerMaterialTest" name="testBlock[562: ORANGE_STAINED_GLASS_PANE]" time="0"/>
  <testcase classname="org.bukkit.PerMaterialTest" name="isFuel[562: ORANGE_STAINED_GLASS_PANE]" time="0"/>
  <testcase classname="org.bukkit.PerMaterialTest" name="testItem[562: ORANGE_STAINED_GLASS_PANE]" time="0"/>
  <testcase classname="org.bukkit.PerMaterialTest" name="testBlastResistance[562: ORANGE_STAINED_GLASS_PANE]" time="0"/>
  <testcase classname="org.bukkit.PerMaterialTest" name="isEdible[562: ORANGE_STAINED_GLASS_PANE]" time="0"/>
  <testcase classname="org.bukkit.PerMaterialTest" name="maxDurability[562: ORANGE_STAINED_GLASS_PANE]" time="0"/>
  <testcase classname="org.bukkit.PerMaterialTest" name="usesDurability[562: ORANGE_STAINED_GLASS_PANE]" time="0"/>
  <testcase classname="org.bukkit.PerMaterialTest" name="isOccluding[562: ORANGE_STAINED_GLASS_PANE]" time="0"/>
  <testcase classname="org.bukkit.PerMaterialTest" name="isRecord[562: ORANGE_STAINED_GLASS_PANE]" time="0"/>
  <testcase classname="org.bukkit.PerMaterialTest" name="isFlammable[562: ORANGE_STAINED_GLASS_PANE]" time="0.001"/>
  <testcase classname="org.bukkit.PerMaterialTest" name="testDurability[562: ORANGE_STAINED_GLASS_PANE]" time="0"/>
  <testcase classname="org.bukkit.PerMaterialTest" name="testBlockHardness[562: ORANGE_STAINED_GLASS_PANE]" time="0"/>
  <testcase classname="org.bukkit.PerMaterialTest" name="maxStackSize[562: ORANGE_STAINED_GLASS_PANE]" time="0"/>
  <testcase classname="org.bukkit.PerMaterialTest" name="isTransparent[562: ORANGE_STAINED_GLASS_PANE]" time="0"/>
  <testcase classname="org.bukkit.PerMaterialTest" name="testBlockDataCreation[562: ORANGE_STAINED_GLASS_PANE]" time="0"/>
  <testcase classname="org.bukkit.PerMaterialTest" name="isBlock[562: ORANGE_STAINED_GLASS_PANE]" time="0"/>
  <testcase classname="org.bukkit.PerMaterialTest" name="isSolid[562: ORANGE_STAINED_GLASS_PANE]" time="0"/>
  <testcase classname="org.bukkit.PerMaterialTest" name="hasGravity[563: ORANGE_TERRACOTTA]" time="0"/>
  <testcase classname="org.bukkit.PerMaterialTest" name="isBurnable[563: ORANGE_TERRACOTTA]" time="0.001"/>
  <testcase classname="org.bukkit.PerMaterialTest" name="testInteractable[563: ORANGE_TERRACOTTA]" time="0"/>
  <testcase classname="org.bukkit.PerMaterialTest" name="testBlock[563: ORANGE_TERRACOTTA]" time="0"/>
  <testcase classname="org.bukkit.PerMaterialTest" name="isFuel[563: ORANGE_TERRACOTTA]" time="0"/>
  <testcase classname="org.bukkit.PerMaterialTest" name="testItem[563: ORANGE_TERRACOTTA]" time="0"/>
  <testcase classname="org.bukkit.PerMaterialTest" name="testBlastResistance[563: ORANGE_TERRACOTTA]" time="0"/>
  <testcase classname="org.bukkit.PerMaterialTest" name="isEdible[563: ORANGE_TERRACOTTA]" time="0"/>
  <testcase classname="org.bukkit.PerMaterialTest" name="maxDurability[563: ORANGE_TERRACOTTA]" time="0"/>
  <testcase classname="org.bukkit.PerMaterialTest" name="usesDurability[563: ORANGE_TERRACOTTA]" time="0.001"/>
  <testcase classname="org.bukkit.PerMaterialTest" name="isOccluding[563: ORANGE_TERRACOTTA]" time="0"/>
  <testcase classname="org.bukkit.PerMaterialTest" name="isRecord[563: ORANGE_TERRACOTTA]" time="0"/>
  <testcase classname="org.bukkit.PerMaterialTest" name="isFlammable[563: ORANGE_TERRACOTTA]" time="0"/>
  <testcase classname="org.bukkit.PerMaterialTest" name="testDurability[563: ORANGE_TERRACOTTA]" time="0"/>
  <testcase classname="org.bukkit.PerMaterialTest" name="testBlockHardness[563: ORANGE_TERRACOTTA]" time="0.001"/>
  <testcase classname="org.bukkit.PerMaterialTest" name="maxStackSize[563: ORANGE_TERRACOTTA]" time="0"/>
  <testcase classname="org.bukkit.PerMaterialTest" name="isTransparent[563: ORANGE_TERRACOTTA]" time="0"/>
  <testcase classname="org.bukkit.PerMaterialTest" name="testBlockDataCreation[563: ORANGE_TERRACOTTA]" time="0"/>
  <testcase classname="org.bukkit.PerMaterialTest" name="isBlock[563: ORANGE_TERRACOTTA]" time="0.001"/>
  <testcase classname="org.bukkit.PerMaterialTest" name="isSolid[563: ORANGE_TERRACOTTA]" time="0"/>
  <testcase classname="org.bukkit.PerMaterialTest" name="hasGravity[564: ORANGE_TULIP]" time="0"/>
  <testcase classname="org.bukkit.PerMaterialTest" name="isBurnable[564: ORANGE_TULIP]" time="0"/>
  <testcase classname="org.bukkit.PerMaterialTest" name="testInteractable[564: ORANGE_TULIP]" time="0"/>
  <testcase classname="org.bukkit.PerMaterialTest" name="testBlock[564: ORANGE_TULIP]" time="0"/>
  <testcase classname="org.bukkit.PerMaterialTest" name="isFuel[564: ORANGE_TULIP]" time="0"/>
  <testcase classname="org.bukkit.PerMaterialTest" name="testItem[564: ORANGE_TULIP]" time="0"/>
  <testcase classname="org.bukkit.PerMaterialTest" name="testBlastResistance[564: ORANGE_TULIP]" time="0"/>
  <testcase classname="org.bukkit.PerMaterialTest" name="isEdible[564: ORANGE_TULIP]" time="0"/>
  <testcase classname="org.bukkit.PerMaterialTest" name="maxDurability[564: ORANGE_TULIP]" time="0"/>
  <testcase classname="org.bukkit.PerMaterialTest" name="usesDurability[564: ORANGE_TULIP]" time="0"/>
  <testcase classname="org.bukkit.PerMaterialTest" name="isOccluding[564: ORANGE_TULIP]" time="0"/>
  <testcase classname="org.bukkit.PerMaterialTest" name="isRecord[564: ORANGE_TULIP]" time="0"/>
  <testcase classname="org.bukkit.PerMaterialTest" name="isFlammable[564: ORANGE_TULIP]" time="0"/>
  <testcase classname="org.bukkit.PerMaterialTest" name="testDurability[564: ORANGE_TULIP]" time="0"/>
  <testcase classname="org.bukkit.PerMaterialTest" name="testBlockHardness[564: ORANGE_TULIP]" time="0"/>
  <testcase classname="org.bukkit.PerMaterialTest" name="maxStackSize[564: ORANGE_TULIP]" time="0"/>
  <testcase classname="org.bukkit.PerMaterialTest" name="isTransparent[564: ORANGE_TULIP]" time="0.001"/>
  <testcase classname="org.bukkit.PerMaterialTest" name="testBlockDataCreation[564: ORANGE_TULIP]" time="0"/>
  <testcase classname="org.bukkit.PerMaterialTest" name="isBlock[564: ORANGE_TULIP]" time="0"/>
  <testcase classname="org.bukkit.PerMaterialTest" name="isSolid[564: ORANGE_TULIP]" time="0"/>
  <testcase classname="org.bukkit.PerMaterialTest" name="hasGravity[565: ORANGE_WALL_BANNER]" time="0"/>
  <testcase classname="org.bukkit.PerMaterialTest" name="isBurnable[565: ORANGE_WALL_BANNER]" time="0.001"/>
  <testcase classname="org.bukkit.PerMaterialTest" name="testInteractable[565: ORANGE_WALL_BANNER]" time="0"/>
  <testcase classname="org.bukkit.PerMaterialTest" name="testBlock[565: ORANGE_WALL_BANNER]" time="0"/>
  <testcase classname="org.bukkit.PerMaterialTest" name="isFuel[565: ORANGE_WALL_BANNER]" time="0.001"/>
  <testcase classname="org.bukkit.PerMaterialTest" name="testItem[565: ORANGE_WALL_BANNER]" time="0"/>
  <testcase classname="org.bukkit.PerMaterialTest" name="testBlastResistance[565: ORANGE_WALL_BANNER]" time="0"/>
  <testcase classname="org.bukkit.PerMaterialTest" name="isEdible[565: ORANGE_WALL_BANNER]" time="0"/>
  <testcase classname="org.bukkit.PerMaterialTest" name="maxDurability[565: ORANGE_WALL_BANNER]" time="0"/>
  <testcase classname="org.bukkit.PerMaterialTest" name="usesDurability[565: ORANGE_WALL_BANNER]" time="0.001"/>
  <testcase classname="org.bukkit.PerMaterialTest" name="isOccluding[565: ORANGE_WALL_BANNER]" time="0"/>
  <testcase classname="org.bukkit.PerMaterialTest" name="isRecord[565: ORANGE_WALL_BANNER]" time="0"/>
  <testcase classname="org.bukkit.PerMaterialTest" name="isFlammable[565: ORANGE_WALL_BANNER]" time="0.001"/>
  <testcase classname="org.bukkit.PerMaterialTest" name="testDurability[565: ORANGE_WALL_BANNER]" time="0"/>
  <testcase classname="org.bukkit.PerMaterialTest" name="testBlockHardness[565: ORANGE_WALL_BANNER]" time="0"/>
  <testcase classname="org.bukkit.PerMaterialTest" name="maxStackSize[565: ORANGE_WALL_BANNER]" time="0"/>
  <testcase classname="org.bukkit.PerMaterialTest" name="isTransparent[565: ORANGE_WALL_BANNER]" time="0"/>
  <testcase classname="org.bukkit.PerMaterialTest" name="testBlockDataCreation[565: ORANGE_WALL_BANNER]" time="0"/>
  <testcase classname="org.bukkit.PerMaterialTest" name="isBlock[565: ORANGE_WALL_BANNER]" time="0"/>
  <testcase classname="org.bukkit.PerMaterialTest" name="isSolid[565: ORANGE_WALL_BANNER]" time="0"/>
  <testcase classname="org.bukkit.PerMaterialTest" name="hasGravity[566: ORANGE_WOOL]" time="0"/>
  <testcase classname="org.bukkit.PerMaterialTest" name="isBurnable[566: ORANGE_WOOL]" time="0"/>
  <testcase classname="org.bukkit.PerMaterialTest" name="testInteractable[566: ORANGE_WOOL]" time="0"/>
  <testcase classname="org.bukkit.PerMaterialTest" name="testBlock[566: ORANGE_WOOL]" time="0.001"/>
  <testcase classname="org.bukkit.PerMaterialTest" name="isFuel[566: ORANGE_WOOL]" time="0"/>
  <testcase classname="org.bukkit.PerMaterialTest" name="testItem[566: ORANGE_WOOL]" time="0"/>
  <testcase classname="org.bukkit.PerMaterialTest" name="testBlastResistance[566: ORANGE_WOOL]" time="0"/>
  <testcase classname="org.bukkit.PerMaterialTest" name="isEdible[566: ORANGE_WOOL]" time="0.001"/>
  <testcase classname="org.bukkit.PerMaterialTest" name="maxDurability[566: ORANGE_WOOL]" time="0"/>
  <testcase classname="org.bukkit.PerMaterialTest" name="usesDurability[566: ORANGE_WOOL]" time="0"/>
  <testcase classname="org.bukkit.PerMaterialTest" name="isOccluding[566: ORANGE_WOOL]" time="0"/>
  <testcase classname="org.bukkit.PerMaterialTest" name="isRecord[566: ORANGE_WOOL]" time="0"/>
  <testcase classname="org.bukkit.PerMaterialTest" name="isFlammable[566: ORANGE_WOOL]" time="0.001"/>
  <testcase classname="org.bukkit.PerMaterialTest" name="testDurability[566: ORANGE_WOOL]" time="0"/>
  <testcase classname="org.bukkit.PerMaterialTest" name="testBlockHardness[566: ORANGE_WOOL]" time="0"/>
  <testcase classname="org.bukkit.PerMaterialTest" name="maxStackSize[566: ORANGE_WOOL]" time="0"/>
  <testcase classname="org.bukkit.PerMaterialTest" name="isTransparent[566: ORANGE_WOOL]" time="0"/>
  <testcase classname="org.bukkit.PerMaterialTest" name="testBlockDataCreation[566: ORANGE_WOOL]" time="0"/>
  <testcase classname="org.bukkit.PerMaterialTest" name="isBlock[566: ORANGE_WOOL]" time="0"/>
  <testcase classname="org.bukkit.PerMaterialTest" name="isSolid[566: ORANGE_WOOL]" time="0"/>
  <testcase classname="org.bukkit.PerMaterialTest" name="hasGravity[567: OXEYE_DAISY]" time="0"/>
  <testcase classname="org.bukkit.PerMaterialTest" name="isBurnable[567: OXEYE_DAISY]" time="0.001"/>
  <testcase classname="org.bukkit.PerMaterialTest" name="testInteractable[567: OXEYE_DAISY]" time="0"/>
  <testcase classname="org.bukkit.PerMaterialTest" name="testBlock[567: OXEYE_DAISY]" time="0"/>
  <testcase classname="org.bukkit.PerMaterialTest" name="isFuel[567: OXEYE_DAISY]" time="0"/>
  <testcase classname="org.bukkit.PerMaterialTest" name="testItem[567: OXEYE_DAISY]" time="0.001"/>
  <testcase classname="org.bukkit.PerMaterialTest" name="testBlastResistance[567: OXEYE_DAISY]" time="0"/>
  <testcase classname="org.bukkit.PerMaterialTest" name="isEdible[567: OXEYE_DAISY]" time="0"/>
  <testcase classname="org.bukkit.PerMaterialTest" name="maxDurability[567: OXEYE_DAISY]" time="0"/>
  <testcase classname="org.bukkit.PerMaterialTest" name="usesDurability[567: OXEYE_DAISY]" time="0"/>
  <testcase classname="org.bukkit.PerMaterialTest" name="isOccluding[567: OXEYE_DAISY]" time="0.001"/>
  <testcase classname="org.bukkit.PerMaterialTest" name="isRecord[567: OXEYE_DAISY]" time="0"/>
  <testcase classname="org.bukkit.PerMaterialTest" name="isFlammable[567: OXEYE_DAISY]" time="0"/>
  <testcase classname="org.bukkit.PerMaterialTest" name="testDurability[567: OXEYE_DAISY]" time="0"/>
  <testcase classname="org.bukkit.PerMaterialTest" name="testBlockHardness[567: OXEYE_DAISY]" time="0"/>
  <testcase classname="org.bukkit.PerMaterialTest" name="maxStackSize[567: OXEYE_DAISY]" time="0.001"/>
  <testcase classname="org.bukkit.PerMaterialTest" name="isTransparent[567: OXEYE_DAISY]" time="0"/>
  <testcase classname="org.bukkit.PerMaterialTest" name="testBlockDataCreation[567: OXEYE_DAISY]" time="0"/>
  <testcase classname="org.bukkit.PerMaterialTest" name="isBlock[567: OXEYE_DAISY]" time="0"/>
  <testcase classname="org.bukkit.PerMaterialTest" name="isSolid[567: OXEYE_DAISY]" time="0"/>
  <testcase classname="org.bukkit.PerMaterialTest" name="hasGravity[568: PACKED_ICE]" time="0"/>
  <testcase classname="org.bukkit.PerMaterialTest" name="isBurnable[568: PACKED_ICE]" time="0"/>
  <testcase classname="org.bukkit.PerMaterialTest" name="testInteractable[568: PACKED_ICE]" time="0"/>
  <testcase classname="org.bukkit.PerMaterialTest" name="testBlock[568: PACKED_ICE]" time="0.001"/>
  <testcase classname="org.bukkit.PerMaterialTest" name="isFuel[568: PACKED_ICE]" time="0"/>
  <testcase classname="org.bukkit.PerMaterialTest" name="testItem[568: PACKED_ICE]" time="0"/>
  <testcase classname="org.bukkit.PerMaterialTest" name="testBlastResistance[568: PACKED_ICE]" time="0"/>
  <testcase classname="org.bukkit.PerMaterialTest" name="isEdible[568: PACKED_ICE]" time="0.001"/>
  <testcase classname="org.bukkit.PerMaterialTest" name="maxDurability[568: PACKED_ICE]" time="0"/>
  <testcase classname="org.bukkit.PerMaterialTest" name="usesDurability[568: PACKED_ICE]" time="0"/>
  <testcase classname="org.bukkit.PerMaterialTest" name="isOccluding[568: PACKED_ICE]" time="0.002"/>
  <testcase classname="org.bukkit.PerMaterialTest" name="isRecord[568: PACKED_ICE]" time="0"/>
  <testcase classname="org.bukkit.PerMaterialTest" name="isFlammable[568: PACKED_ICE]" time="0"/>
  <testcase classname="org.bukkit.PerMaterialTest" name="testDurability[568: PACKED_ICE]" time="0"/>
  <testcase classname="org.bukkit.PerMaterialTest" name="testBlockHardness[568: PACKED_ICE]" time="0"/>
  <testcase classname="org.bukkit.PerMaterialTest" name="maxStackSize[568: PACKED_ICE]" time="0"/>
  <testcase classname="org.bukkit.PerMaterialTest" name="isTransparent[568: PACKED_ICE]" time="0"/>
  <testcase classname="org.bukkit.PerMaterialTest" name="testBlockDataCreation[568: PACKED_ICE]" time="0"/>
  <testcase classname="org.bukkit.PerMaterialTest" name="isBlock[568: PACKED_ICE]" time="0"/>
  <testcase classname="org.bukkit.PerMaterialTest" name="isSolid[568: PACKED_ICE]" time="0"/>
  <testcase classname="org.bukkit.PerMaterialTest" name="hasGravity[569: PAINTING]" time="0"/>
  <testcase classname="org.bukkit.PerMaterialTest" name="isBurnable[569: PAINTING]" time="0"/>
  <testcase classname="org.bukkit.PerMaterialTest" name="testInteractable[569: PAINTING]" time="0"/>
  <testcase classname="org.bukkit.PerMaterialTest" name="testBlock[569: PAINTING]" time="0"/>
  <testcase classname="org.bukkit.PerMaterialTest" name="isFuel[569: PAINTING]" time="0"/>
  <testcase classname="org.bukkit.PerMaterialTest" name="testItem[569: PAINTING]" time="0"/>
  <testcase classname="org.bukkit.PerMaterialTest" name="testBlastResistance[569: PAINTING]" time="0"/>
  <testcase classname="org.bukkit.PerMaterialTest" name="isEdible[569: PAINTING]" time="0"/>
  <testcase classname="org.bukkit.PerMaterialTest" name="maxDurability[569: PAINTING]" time="0"/>
  <testcase classname="org.bukkit.PerMaterialTest" name="usesDurability[569: PAINTING]" time="0"/>
  <testcase classname="org.bukkit.PerMaterialTest" name="isOccluding[569: PAINTING]" time="0"/>
  <testcase classname="org.bukkit.PerMaterialTest" name="isRecord[569: PAINTING]" time="0"/>
  <testcase classname="org.bukkit.PerMaterialTest" name="isFlammable[569: PAINTING]" time="0"/>
  <testcase classname="org.bukkit.PerMaterialTest" name="testDurability[569: PAINTING]" time="0"/>
  <testcase classname="org.bukkit.PerMaterialTest" name="testBlockHardness[569: PAINTING]" time="0"/>
  <testcase classname="org.bukkit.PerMaterialTest" name="maxStackSize[569: PAINTING]" time="0"/>
  <testcase classname="org.bukkit.PerMaterialTest" name="isTransparent[569: PAINTING]" time="0"/>
  <testcase classname="org.bukkit.PerMaterialTest" name="testBlockDataCreation[569: PAINTING]" time="0"/>
  <testcase classname="org.bukkit.PerMaterialTest" name="isBlock[569: PAINTING]" time="0"/>
  <testcase classname="org.bukkit.PerMaterialTest" name="isSolid[569: PAINTING]" time="0.002"/>
  <testcase classname="org.bukkit.PerMaterialTest" name="hasGravity[570: PAPER]" time="0"/>
  <testcase classname="org.bukkit.PerMaterialTest" name="isBurnable[570: PAPER]" time="0"/>
  <testcase classname="org.bukkit.PerMaterialTest" name="testInteractable[570: PAPER]" time="0"/>
  <testcase classname="org.bukkit.PerMaterialTest" name="testBlock[570: PAPER]" time="0"/>
  <testcase classname="org.bukkit.PerMaterialTest" name="isFuel[570: PAPER]" time="0"/>
  <testcase classname="org.bukkit.PerMaterialTest" name="testItem[570: PAPER]" time="0"/>
  <testcase classname="org.bukkit.PerMaterialTest" name="testBlastResistance[570: PAPER]" time="0"/>
  <testcase classname="org.bukkit.PerMaterialTest" name="isEdible[570: PAPER]" time="0"/>
  <testcase classname="org.bukkit.PerMaterialTest" name="maxDurability[570: PAPER]" time="0"/>
  <testcase classname="org.bukkit.PerMaterialTest" name="usesDurability[570: PAPER]" time="0"/>
  <testcase classname="org.bukkit.PerMaterialTest" name="isOccluding[570: PAPER]" time="0"/>
  <testcase classname="org.bukkit.PerMaterialTest" name="isRecord[570: PAPER]" time="0"/>
  <testcase classname="org.bukkit.PerMaterialTest" name="isFlammable[570: PAPER]" time="0"/>
  <testcase classname="org.bukkit.PerMaterialTest" name="testDurability[570: PAPER]" time="0"/>
  <testcase classname="org.bukkit.PerMaterialTest" name="testBlockHardness[570: PAPER]" time="0"/>
  <testcase classname="org.bukkit.PerMaterialTest" name="maxStackSize[570: PAPER]" time="0"/>
  <testcase classname="org.bukkit.PerMaterialTest" name="isTransparent[570: PAPER]" time="0"/>
  <testcase classname="org.bukkit.PerMaterialTest" name="testBlockDataCreation[570: PAPER]" time="0"/>
  <testcase classname="org.bukkit.PerMaterialTest" name="isBlock[570: PAPER]" time="0.001"/>
  <testcase classname="org.bukkit.PerMaterialTest" name="isSolid[570: PAPER]" time="0"/>
  <testcase classname="org.bukkit.PerMaterialTest" name="hasGravity[571: PARROT_SPAWN_EGG]" time="0"/>
  <testcase classname="org.bukkit.PerMaterialTest" name="isBurnable[571: PARROT_SPAWN_EGG]" time="0"/>
  <testcase classname="org.bukkit.PerMaterialTest" name="testInteractable[571: PARROT_SPAWN_EGG]" time="0"/>
  <testcase classname="org.bukkit.PerMaterialTest" name="testBlock[571: PARROT_SPAWN_EGG]" time="0"/>
  <testcase classname="org.bukkit.PerMaterialTest" name="isFuel[571: PARROT_SPAWN_EGG]" time="0"/>
  <testcase classname="org.bukkit.PerMaterialTest" name="testItem[571: PARROT_SPAWN_EGG]" time="0"/>
  <testcase classname="org.bukkit.PerMaterialTest" name="testBlastResistance[571: PARROT_SPAWN_EGG]" time="0"/>
  <testcase classname="org.bukkit.PerMaterialTest" name="isEdible[571: PARROT_SPAWN_EGG]" time="0"/>
  <testcase classname="org.bukkit.PerMaterialTest" name="maxDurability[571: PARROT_SPAWN_EGG]" time="0"/>
  <testcase classname="org.bukkit.PerMaterialTest" name="usesDurability[571: PARROT_SPAWN_EGG]" time="0"/>
  <testcase classname="org.bukkit.PerMaterialTest" name="isOccluding[571: PARROT_SPAWN_EGG]" time="0"/>
  <testcase classname="org.bukkit.PerMaterialTest" name="isRecord[571: PARROT_SPAWN_EGG]" time="0"/>
  <testcase classname="org.bukkit.PerMaterialTest" name="isFlammable[571: PARROT_SPAWN_EGG]" time="0"/>
  <testcase classname="org.bukkit.PerMaterialTest" name="testDurability[571: PARROT_SPAWN_EGG]" time="0"/>
  <testcase classname="org.bukkit.PerMaterialTest" name="testBlockHardness[571: PARROT_SPAWN_EGG]" time="0"/>
  <testcase classname="org.bukkit.PerMaterialTest" name="maxStackSize[571: PARROT_SPAWN_EGG]" time="0"/>
  <testcase classname="org.bukkit.PerMaterialTest" name="isTransparent[571: PARROT_SPAWN_EGG]" time="0"/>
  <testcase classname="org.bukkit.PerMaterialTest" name="testBlockDataCreation[571: PARROT_SPAWN_EGG]" time="0"/>
  <testcase classname="org.bukkit.PerMaterialTest" name="isBlock[571: PARROT_SPAWN_EGG]" time="0"/>
  <testcase classname="org.bukkit.PerMaterialTest" name="isSolid[571: PARROT_SPAWN_EGG]" time="0"/>
  <testcase classname="org.bukkit.PerMaterialTest" name="hasGravity[572: PEONY]" time="0"/>
  <testcase classname="org.bukkit.PerMaterialTest" name="isBurnable[572: PEONY]" time="0"/>
  <testcase classname="org.bukkit.PerMaterialTest" name="testInteractable[572: PEONY]" time="0"/>
  <testcase classname="org.bukkit.PerMaterialTest" name="testBlock[572: PEONY]" time="0"/>
  <testcase classname="org.bukkit.PerMaterialTest" name="isFuel[572: PEONY]" time="0"/>
  <testcase classname="org.bukkit.PerMaterialTest" name="testItem[572: PEONY]" time="0"/>
  <testcase classname="org.bukkit.PerMaterialTest" name="testBlastResistance[572: PEONY]" time="0.001"/>
  <testcase classname="org.bukkit.PerMaterialTest" name="isEdible[572: PEONY]" time="0"/>
  <testcase classname="org.bukkit.PerMaterialTest" name="maxDurability[572: PEONY]" time="0"/>
  <testcase classname="org.bukkit.PerMaterialTest" name="usesDurability[572: PEONY]" time="0.001"/>
  <testcase classname="org.bukkit.PerMaterialTest" name="isOccluding[572: PEONY]" time="0"/>
  <testcase classname="org.bukkit.PerMaterialTest" name="isRecord[572: PEONY]" time="0"/>
  <testcase classname="org.bukkit.PerMaterialTest" name="isFlammable[572: PEONY]" time="0"/>
  <testcase classname="org.bukkit.PerMaterialTest" name="testDurability[572: PEONY]" time="0"/>
  <testcase classname="org.bukkit.PerMaterialTest" name="testBlockHardness[572: PEONY]" time="0"/>
  <testcase classname="org.bukkit.PerMaterialTest" name="maxStackSize[572: PEONY]" time="0"/>
  <testcase classname="org.bukkit.PerMaterialTest" name="isTransparent[572: PEONY]" time="0.001"/>
  <testcase classname="org.bukkit.PerMaterialTest" name="testBlockDataCreation[572: PEONY]" time="0"/>
  <testcase classname="org.bukkit.PerMaterialTest" name="isBlock[572: PEONY]" time="0"/>
  <testcase classname="org.bukkit.PerMaterialTest" name="isSolid[572: PEONY]" time="0"/>
  <testcase classname="org.bukkit.PerMaterialTest" name="hasGravity[573: PETRIFIED_OAK_SLAB]" time="0"/>
  <testcase classname="org.bukkit.PerMaterialTest" name="isBurnable[573: PETRIFIED_OAK_SLAB]" time="0.001"/>
  <testcase classname="org.bukkit.PerMaterialTest" name="testInteractable[573: PETRIFIED_OAK_SLAB]" time="0"/>
  <testcase classname="org.bukkit.PerMaterialTest" name="testBlock[573: PETRIFIED_OAK_SLAB]" time="0"/>
  <testcase classname="org.bukkit.PerMaterialTest" name="isFuel[573: PETRIFIED_OAK_SLAB]" time="0"/>
  <testcase classname="org.bukkit.PerMaterialTest" name="testItem[573: PETRIFIED_OAK_SLAB]" time="0"/>
  <testcase classname="org.bukkit.PerMaterialTest" name="testBlastResistance[573: PETRIFIED_OAK_SLAB]" time="0"/>
  <testcase classname="org.bukkit.PerMaterialTest" name="isEdible[573: PETRIFIED_OAK_SLAB]" time="0"/>
  <testcase classname="org.bukkit.PerMaterialTest" name="maxDurability[573: PETRIFIED_OAK_SLAB]" time="0"/>
  <testcase classname="org.bukkit.PerMaterialTest" name="usesDurability[573: PETRIFIED_OAK_SLAB]" time="0"/>
  <testcase classname="org.bukkit.PerMaterialTest" name="isOccluding[573: PETRIFIED_OAK_SLAB]" time="0"/>
  <testcase classname="org.bukkit.PerMaterialTest" name="isRecord[573: PETRIFIED_OAK_SLAB]" time="0"/>
  <testcase classname="org.bukkit.PerMaterialTest" name="isFlammable[573: PETRIFIED_OAK_SLAB]" time="0"/>
  <testcase classname="org.bukkit.PerMaterialTest" name="testDurability[573: PETRIFIED_OAK_SLAB]" time="0"/>
  <testcase classname="org.bukkit.PerMaterialTest" name="testBlockHardness[573: PETRIFIED_OAK_SLAB]" time="0"/>
  <testcase classname="org.bukkit.PerMaterialTest" name="maxStackSize[573: PETRIFIED_OAK_SLAB]" time="0"/>
  <testcase classname="org.bukkit.PerMaterialTest" name="isTransparent[573: PETRIFIED_OAK_SLAB]" time="0"/>
  <testcase classname="org.bukkit.PerMaterialTest" name="testBlockDataCreation[573: PETRIFIED_OAK_SLAB]" time="0.001"/>
  <testcase classname="org.bukkit.PerMaterialTest" name="isBlock[573: PETRIFIED_OAK_SLAB]" time="0"/>
  <testcase classname="org.bukkit.PerMaterialTest" name="isSolid[573: PETRIFIED_OAK_SLAB]" time="0"/>
  <testcase classname="org.bukkit.PerMaterialTest" name="hasGravity[574: PHANTOM_MEMBRANE]" time="0"/>
  <testcase classname="org.bukkit.PerMaterialTest" name="isBurnable[574: PHANTOM_MEMBRANE]" time="0"/>
  <testcase classname="org.bukkit.PerMaterialTest" name="testInteractable[574: PHANTOM_MEMBRANE]" time="0.002"/>
  <testcase classname="org.bukkit.PerMaterialTest" name="testBlock[574: PHANTOM_MEMBRANE]" time="0"/>
  <testcase classname="org.bukkit.PerMaterialTest" name="isFuel[574: PHANTOM_MEMBRANE]" time="0"/>
  <testcase classname="org.bukkit.PerMaterialTest" name="testItem[574: PHANTOM_MEMBRANE]" time="0"/>
  <testcase classname="org.bukkit.PerMaterialTest" name="testBlastResistance[574: PHANTOM_MEMBRANE]" time="0"/>
  <testcase classname="org.bukkit.PerMaterialTest" name="isEdible[574: PHANTOM_MEMBRANE]" time="0"/>
  <testcase classname="org.bukkit.PerMaterialTest" name="maxDurability[574: PHANTOM_MEMBRANE]" time="0"/>
  <testcase classname="org.bukkit.PerMaterialTest" name="usesDurability[574: PHANTOM_MEMBRANE]" time="0"/>
  <testcase classname="org.bukkit.PerMaterialTest" name="isOccluding[574: PHANTOM_MEMBRANE]" time="0"/>
  <testcase classname="org.bukkit.PerMaterialTest" name="isRecord[574: PHANTOM_MEMBRANE]" time="0"/>
  <testcase classname="org.bukkit.PerMaterialTest" name="isFlammable[574: PHANTOM_MEMBRANE]" time="0"/>
  <testcase classname="org.bukkit.PerMaterialTest" name="testDurability[574: PHANTOM_MEMBRANE]" time="0"/>
  <testcase classname="org.bukkit.PerMaterialTest" name="testBlockHardness[574: PHANTOM_MEMBRANE]" time="0"/>
  <testcase classname="org.bukkit.PerMaterialTest" name="maxStackSize[574: PHANTOM_MEMBRANE]" time="0"/>
  <testcase classname="org.bukkit.PerMaterialTest" name="isTransparent[574: PHANTOM_MEMBRANE]" time="0.001"/>
  <testcase classname="org.bukkit.PerMaterialTest" name="testBlockDataCreation[574: PHANTOM_MEMBRANE]" time="0"/>
  <testcase classname="org.bukkit.PerMaterialTest" name="isBlock[574: PHANTOM_MEMBRANE]" time="0"/>
  <testcase classname="org.bukkit.PerMaterialTest" name="isSolid[574: PHANTOM_MEMBRANE]" time="0"/>
  <testcase classname="org.bukkit.PerMaterialTest" name="hasGravity[575: PHANTOM_SPAWN_EGG]" time="0.001"/>
  <testcase classname="org.bukkit.PerMaterialTest" name="isBurnable[575: PHANTOM_SPAWN_EGG]" time="0"/>
  <testcase classname="org.bukkit.PerMaterialTest" name="testInteractable[575: PHANTOM_SPAWN_EGG]" time="0"/>
  <testcase classname="org.bukkit.PerMaterialTest" name="testBlock[575: PHANTOM_SPAWN_EGG]" time="0"/>
  <testcase classname="org.bukkit.PerMaterialTest" name="isFuel[575: PHANTOM_SPAWN_EGG]" time="0.001"/>
  <testcase classname="org.bukkit.PerMaterialTest" name="testItem[575: PHANTOM_SPAWN_EGG]" time="0"/>
  <testcase classname="org.bukkit.PerMaterialTest" name="testBlastResistance[575: PHANTOM_SPAWN_EGG]" time="0"/>
  <testcase classname="org.bukkit.PerMaterialTest" name="isEdible[575: PHANTOM_SPAWN_EGG]" time="0.001"/>
  <testcase classname="org.bukkit.PerMaterialTest" name="maxDurability[575: PHANTOM_SPAWN_EGG]" time="0"/>
  <testcase classname="org.bukkit.PerMaterialTest" name="usesDurability[575: PHANTOM_SPAWN_EGG]" time="0"/>
  <testcase classname="org.bukkit.PerMaterialTest" name="isOccluding[575: PHANTOM_SPAWN_EGG]" time="0"/>
  <testcase classname="org.bukkit.PerMaterialTest" name="isRecord[575: PHANTOM_SPAWN_EGG]" time="0"/>
  <testcase classname="org.bukkit.PerMaterialTest" name="isFlammable[575: PHANTOM_SPAWN_EGG]" time="0"/>
  <testcase classname="org.bukkit.PerMaterialTest" name="testDurability[575: PHANTOM_SPAWN_EGG]" time="0"/>
  <testcase classname="org.bukkit.PerMaterialTest" name="testBlockHardness[575: PHANTOM_SPAWN_EGG]" time="0"/>
  <testcase classname="org.bukkit.PerMaterialTest" name="maxStackSize[575: PHANTOM_SPAWN_EGG]" time="0"/>
  <testcase classname="org.bukkit.PerMaterialTest" name="isTransparent[575: PHANTOM_SPAWN_EGG]" time="0.001"/>
  <testcase classname="org.bukkit.PerMaterialTest" name="testBlockDataCreation[575: PHANTOM_SPAWN_EGG]" time="0"/>
  <testcase classname="org.bukkit.PerMaterialTest" name="isBlock[575: PHANTOM_SPAWN_EGG]" time="0"/>
  <testcase classname="org.bukkit.PerMaterialTest" name="isSolid[575: PHANTOM_SPAWN_EGG]" time="0"/>
  <testcase classname="org.bukkit.PerMaterialTest" name="hasGravity[576: PIG_SPAWN_EGG]" time="0"/>
  <testcase classname="org.bukkit.PerMaterialTest" name="isBurnable[576: PIG_SPAWN_EGG]" time="0"/>
  <testcase classname="org.bukkit.PerMaterialTest" name="testInteractable[576: PIG_SPAWN_EGG]" time="0"/>
  <testcase classname="org.bukkit.PerMaterialTest" name="testBlock[576: PIG_SPAWN_EGG]" time="0.001"/>
  <testcase classname="org.bukkit.PerMaterialTest" name="isFuel[576: PIG_SPAWN_EGG]" time="0"/>
  <testcase classname="org.bukkit.PerMaterialTest" name="testItem[576: PIG_SPAWN_EGG]" time="0"/>
  <testcase classname="org.bukkit.PerMaterialTest" name="testBlastResistance[576: PIG_SPAWN_EGG]" time="0"/>
  <testcase classname="org.bukkit.PerMaterialTest" name="isEdible[576: PIG_SPAWN_EGG]" time="0"/>
  <testcase classname="org.bukkit.PerMaterialTest" name="maxDurability[576: PIG_SPAWN_EGG]" time="0.001"/>
  <testcase classname="org.bukkit.PerMaterialTest" name="usesDurability[576: PIG_SPAWN_EGG]" time="0"/>
  <testcase classname="org.bukkit.PerMaterialTest" name="isOccluding[576: PIG_SPAWN_EGG]" time="0"/>
  <testcase classname="org.bukkit.PerMaterialTest" name="isRecord[576: PIG_SPAWN_EGG]" time="0"/>
  <testcase classname="org.bukkit.PerMaterialTest" name="isFlammable[576: PIG_SPAWN_EGG]" time="0"/>
  <testcase classname="org.bukkit.PerMaterialTest" name="testDurability[576: PIG_SPAWN_EGG]" time="0.001"/>
  <testcase classname="org.bukkit.PerMaterialTest" name="testBlockHardness[576: PIG_SPAWN_EGG]" time="0"/>
  <testcase classname="org.bukkit.PerMaterialTest" name="maxStackSize[576: PIG_SPAWN_EGG]" time="0"/>
  <testcase classname="org.bukkit.PerMaterialTest" name="isTransparent[576: PIG_SPAWN_EGG]" time="0"/>
  <testcase classname="org.bukkit.PerMaterialTest" name="testBlockDataCreation[576: PIG_SPAWN_EGG]" time="0"/>
  <testcase classname="org.bukkit.PerMaterialTest" name="isBlock[576: PIG_SPAWN_EGG]" time="0"/>
  <testcase classname="org.bukkit.PerMaterialTest" name="isSolid[576: PIG_SPAWN_EGG]" time="0"/>
  <testcase classname="org.bukkit.PerMaterialTest" name="hasGravity[577: PINK_BANNER]" time="0"/>
  <testcase classname="org.bukkit.PerMaterialTest" name="isBurnable[577: PINK_BANNER]" time="0"/>
  <testcase classname="org.bukkit.PerMaterialTest" name="testInteractable[577: PINK_BANNER]" time="0"/>
  <testcase classname="org.bukkit.PerMaterialTest" name="testBlock[577: PINK_BANNER]" time="0.001"/>
  <testcase classname="org.bukkit.PerMaterialTest" name="isFuel[577: PINK_BANNER]" time="0"/>
  <testcase classname="org.bukkit.PerMaterialTest" name="testItem[577: PINK_BANNER]" time="0"/>
  <testcase classname="org.bukkit.PerMaterialTest" name="testBlastResistance[577: PINK_BANNER]" time="0"/>
  <testcase classname="org.bukkit.PerMaterialTest" name="isEdible[577: PINK_BANNER]" time="0.001"/>
  <testcase classname="org.bukkit.PerMaterialTest" name="maxDurability[577: PINK_BANNER]" time="0"/>
  <testcase classname="org.bukkit.PerMaterialTest" name="usesDurability[577: PINK_BANNER]" time="0"/>
  <testcase classname="org.bukkit.PerMaterialTest" name="isOccluding[577: PINK_BANNER]" time="0"/>
  <testcase classname="org.bukkit.PerMaterialTest" name="isRecord[577: PINK_BANNER]" time="0"/>
  <testcase classname="org.bukkit.PerMaterialTest" name="isFlammable[577: PINK_BANNER]" time="0.001"/>
  <testcase classname="org.bukkit.PerMaterialTest" name="testDurability[577: PINK_BANNER]" time="0"/>
  <testcase classname="org.bukkit.PerMaterialTest" name="testBlockHardness[577: PINK_BANNER]" time="0"/>
  <testcase classname="org.bukkit.PerMaterialTest" name="maxStackSize[577: PINK_BANNER]" time="0"/>
  <testcase classname="org.bukkit.PerMaterialTest" name="isTransparent[577: PINK_BANNER]" time="0"/>
  <testcase classname="org.bukkit.PerMaterialTest" name="testBlockDataCreation[577: PINK_BANNER]" time="0"/>
  <testcase classname="org.bukkit.PerMaterialTest" name="isBlock[577: PINK_BANNER]" time="0"/>
  <testcase classname="org.bukkit.PerMaterialTest" name="isSolid[577: PINK_BANNER]" time="0"/>
  <testcase classname="org.bukkit.PerMaterialTest" name="hasGravity[578: PINK_BED]" time="0"/>
  <testcase classname="org.bukkit.PerMaterialTest" name="isBurnable[578: PINK_BED]" time="0"/>
  <testcase classname="org.bukkit.PerMaterialTest" name="testInteractable[578: PINK_BED]" time="0"/>
  <testcase classname="org.bukkit.PerMaterialTest" name="testBlock[578: PINK_BED]" time="0"/>
  <testcase classname="org.bukkit.PerMaterialTest" name="isFuel[578: PINK_BED]" time="0"/>
  <testcase classname="org.bukkit.PerMaterialTest" name="testItem[578: PINK_BED]" time="0.001"/>
  <testcase classname="org.bukkit.PerMaterialTest" name="testBlastResistance[578: PINK_BED]" time="0"/>
  <testcase classname="org.bukkit.PerMaterialTest" name="isEdible[578: PINK_BED]" time="0.001"/>
  <testcase classname="org.bukkit.PerMaterialTest" name="maxDurability[578: PINK_BED]" time="0"/>
  <testcase classname="org.bukkit.PerMaterialTest" name="usesDurability[578: PINK_BED]" time="0"/>
  <testcase classname="org.bukkit.PerMaterialTest" name="isOccluding[578: PINK_BED]" time="0"/>
  <testcase classname="org.bukkit.PerMaterialTest" name="isRecord[578: PINK_BED]" time="0"/>
  <testcase classname="org.bukkit.PerMaterialTest" name="isFlammable[578: PINK_BED]" time="0"/>
  <testcase classname="org.bukkit.PerMaterialTest" name="testDurability[578: PINK_BED]" time="0"/>
  <testcase classname="org.bukkit.PerMaterialTest" name="testBlockHardness[578: PINK_BED]" time="0"/>
  <testcase classname="org.bukkit.PerMaterialTest" name="maxStackSize[578: PINK_BED]" time="0.001"/>
  <testcase classname="org.bukkit.PerMaterialTest" name="isTransparent[578: PINK_BED]" time="0"/>
  <testcase classname="org.bukkit.PerMaterialTest" name="testBlockDataCreation[578: PINK_BED]" time="0"/>
  <testcase classname="org.bukkit.PerMaterialTest" name="isBlock[578: PINK_BED]" time="0"/>
  <testcase classname="org.bukkit.PerMaterialTest" name="isSolid[578: PINK_BED]" time="0"/>
  <testcase classname="org.bukkit.PerMaterialTest" name="hasGravity[579: PINK_CARPET]" time="0"/>
  <testcase classname="org.bukkit.PerMaterialTest" name="isBurnable[579: PINK_CARPET]" time="0"/>
  <testcase classname="org.bukkit.PerMaterialTest" name="testInteractable[579: PINK_CARPET]" time="0"/>
  <testcase classname="org.bukkit.PerMaterialTest" name="testBlock[579: PINK_CARPET]" time="0"/>
  <testcase classname="org.bukkit.PerMaterialTest" name="isFuel[579: PINK_CARPET]" time="0.001"/>
  <testcase classname="org.bukkit.PerMaterialTest" name="testItem[579: PINK_CARPET]" time="0"/>
  <testcase classname="org.bukkit.PerMaterialTest" name="testBlastResistance[579: PINK_CARPET]" time="0"/>
  <testcase classname="org.bukkit.PerMaterialTest" name="isEdible[579: PINK_CARPET]" time="0"/>
  <testcase classname="org.bukkit.PerMaterialTest" name="maxDurability[579: PINK_CARPET]" time="0"/>
  <testcase classname="org.bukkit.PerMaterialTest" name="usesDurability[579: PINK_CARPET]" time="0"/>
  <testcase classname="org.bukkit.PerMaterialTest" name="isOccluding[579: PINK_CARPET]" time="0"/>
  <testcase classname="org.bukkit.PerMaterialTest" name="isRecord[579: PINK_CARPET]" time="0"/>
  <testcase classname="org.bukkit.PerMaterialTest" name="isFlammable[579: PINK_CARPET]" time="0"/>
  <testcase classname="org.bukkit.PerMaterialTest" name="testDurability[579: PINK_CARPET]" time="0"/>
  <testcase classname="org.bukkit.PerMaterialTest" name="testBlockHardness[579: PINK_CARPET]" time="0.001"/>
  <testcase classname="org.bukkit.PerMaterialTest" name="maxStackSize[579: PINK_CARPET]" time="0"/>
  <testcase classname="org.bukkit.PerMaterialTest" name="isTransparent[579: PINK_CARPET]" time="0"/>
  <testcase classname="org.bukkit.PerMaterialTest" name="testBlockDataCreation[579: PINK_CARPET]" time="0"/>
  <testcase classname="org.bukkit.PerMaterialTest" name="isBlock[579: PINK_CARPET]" time="0.001"/>
  <testcase classname="org.bukkit.PerMaterialTest" name="isSolid[579: PINK_CARPET]" time="0"/>
  <testcase classname="org.bukkit.PerMaterialTest" name="hasGravity[580: PINK_CONCRETE]" time="0"/>
  <testcase classname="org.bukkit.PerMaterialTest" name="isBurnable[580: PINK_CONCRETE]" time="0"/>
  <testcase classname="org.bukkit.PerMaterialTest" name="testInteractable[580: PINK_CONCRETE]" time="0"/>
  <testcase classname="org.bukkit.PerMaterialTest" name="testBlock[580: PINK_CONCRETE]" time="0"/>
  <testcase classname="org.bukkit.PerMaterialTest" name="isFuel[580: PINK_CONCRETE]" time="0"/>
  <testcase classname="org.bukkit.PerMaterialTest" name="testItem[580: PINK_CONCRETE]" time="0"/>
  <testcase classname="org.bukkit.PerMaterialTest" name="testBlastResistance[580: PINK_CONCRETE]" time="0"/>
  <testcase classname="org.bukkit.PerMaterialTest" name="isEdible[580: PINK_CONCRETE]" time="0.001"/>
  <testcase classname="org.bukkit.PerMaterialTest" name="maxDurability[580: PINK_CONCRETE]" time="0"/>
  <testcase classname="org.bukkit.PerMaterialTest" name="usesDurability[580: PINK_CONCRETE]" time="0"/>
  <testcase classname="org.bukkit.PerMaterialTest" name="isOccluding[580: PINK_CONCRETE]" time="0"/>
  <testcase classname="org.bukkit.PerMaterialTest" name="isRecord[580: PINK_CONCRETE]" time="0"/>
  <testcase classname="org.bukkit.PerMaterialTest" name="isFlammable[580: PINK_CONCRETE]" time="0.001"/>
  <testcase classname="org.bukkit.PerMaterialTest" name="testDurability[580: PINK_CONCRETE]" time="0"/>
  <testcase classname="org.bukkit.PerMaterialTest" name="testBlockHardness[580: PINK_CONCRETE]" time="0"/>
  <testcase classname="org.bukkit.PerMaterialTest" name="maxStackSize[580: PINK_CONCRETE]" time="0"/>
  <testcase classname="org.bukkit.PerMaterialTest" name="isTransparent[580: PINK_CONCRETE]" time="0"/>
  <testcase classname="org.bukkit.PerMaterialTest" name="testBlockDataCreation[580: PINK_CONCRETE]" time="0"/>
  <testcase classname="org.bukkit.PerMaterialTest" name="isBlock[580: PINK_CONCRETE]" time="0"/>
  <testcase classname="org.bukkit.PerMaterialTest" name="isSolid[580: PINK_CONCRETE]" time="0"/>
  <testcase classname="org.bukkit.PerMaterialTest" name="hasGravity[581: PINK_CONCRETE_POWDER]" time="0"/>
  <testcase classname="org.bukkit.PerMaterialTest" name="isBurnable[581: PINK_CONCRETE_POWDER]" time="0"/>
  <testcase classname="org.bukkit.PerMaterialTest" name="testInteractable[581: PINK_CONCRETE_POWDER]" time="0"/>
  <testcase classname="org.bukkit.PerMaterialTest" name="testBlock[581: PINK_CONCRETE_POWDER]" time="0"/>
  <testcase classname="org.bukkit.PerMaterialTest" name="isFuel[581: PINK_CONCRETE_POWDER]" time="0"/>
  <testcase classname="org.bukkit.PerMaterialTest" name="testItem[581: PINK_CONCRETE_POWDER]" time="0.001"/>
  <testcase classname="org.bukkit.PerMaterialTest" name="testBlastResistance[581: PINK_CONCRETE_POWDER]" time="0"/>
  <testcase classname="org.bukkit.PerMaterialTest" name="isEdible[581: PINK_CONCRETE_POWDER]" time="0"/>
  <testcase classname="org.bukkit.PerMaterialTest" name="maxDurability[581: PINK_CONCRETE_POWDER]" time="0"/>
  <testcase classname="org.bukkit.PerMaterialTest" name="usesDurability[581: PINK_CONCRETE_POWDER]" time="0"/>
  <testcase classname="org.bukkit.PerMaterialTest" name="isOccluding[581: PINK_CONCRETE_POWDER]" time="0"/>
  <testcase classname="org.bukkit.PerMaterialTest" name="isRecord[581: PINK_CONCRETE_POWDER]" time="0"/>
  <testcase classname="org.bukkit.PerMaterialTest" name="isFlammable[581: PINK_CONCRETE_POWDER]" time="0"/>
  <testcase classname="org.bukkit.PerMaterialTest" name="testDurability[581: PINK_CONCRETE_POWDER]" time="0"/>
  <testcase classname="org.bukkit.PerMaterialTest" name="testBlockHardness[581: PINK_CONCRETE_POWDER]" time="0"/>
  <testcase classname="org.bukkit.PerMaterialTest" name="maxStackSize[581: PINK_CONCRETE_POWDER]" time="0"/>
  <testcase classname="org.bukkit.PerMaterialTest" name="isTransparent[581: PINK_CONCRETE_POWDER]" time="0"/>
  <testcase classname="org.bukkit.PerMaterialTest" name="testBlockDataCreation[581: PINK_CONCRETE_POWDER]" time="0"/>
  <testcase classname="org.bukkit.PerMaterialTest" name="isBlock[581: PINK_CONCRETE_POWDER]" time="0"/>
  <testcase classname="org.bukkit.PerMaterialTest" name="isSolid[581: PINK_CONCRETE_POWDER]" time="0.001"/>
  <testcase classname="org.bukkit.PerMaterialTest" name="hasGravity[582: PINK_DYE]" time="0"/>
  <testcase classname="org.bukkit.PerMaterialTest" name="isBurnable[582: PINK_DYE]" time="0"/>
  <testcase classname="org.bukkit.PerMaterialTest" name="testInteractable[582: PINK_DYE]" time="0"/>
  <testcase classname="org.bukkit.PerMaterialTest" name="testBlock[582: PINK_DYE]" time="0"/>
  <testcase classname="org.bukkit.PerMaterialTest" name="isFuel[582: PINK_DYE]" time="0.001"/>
  <testcase classname="org.bukkit.PerMaterialTest" name="testItem[582: PINK_DYE]" time="0"/>
  <testcase classname="org.bukkit.PerMaterialTest" name="testBlastResistance[582: PINK_DYE]" time="0"/>
  <testcase classname="org.bukkit.PerMaterialTest" name="isEdible[582: PINK_DYE]" time="0"/>
  <testcase classname="org.bukkit.PerMaterialTest" name="maxDurability[582: PINK_DYE]" time="0.001"/>
  <testcase classname="org.bukkit.PerMaterialTest" name="usesDurability[582: PINK_DYE]" time="0"/>
  <testcase classname="org.bukkit.PerMaterialTest" name="isOccluding[582: PINK_DYE]" time="0"/>
  <testcase classname="org.bukkit.PerMaterialTest" name="isRecord[582: PINK_DYE]" time="0"/>
  <testcase classname="org.bukkit.PerMaterialTest" name="isFlammable[582: PINK_DYE]" time="0"/>
  <testcase classname="org.bukkit.PerMaterialTest" name="testDurability[582: PINK_DYE]" time="0"/>
  <testcase classname="org.bukkit.PerMaterialTest" name="testBlockHardness[582: PINK_DYE]" time="0"/>
  <testcase classname="org.bukkit.PerMaterialTest" name="maxStackSize[582: PINK_DYE]" time="0"/>
  <testcase classname="org.bukkit.PerMaterialTest" name="isTransparent[582: PINK_DYE]" time="0"/>
  <testcase classname="org.bukkit.PerMaterialTest" name="testBlockDataCreation[582: PINK_DYE]" time="0"/>
  <testcase classname="org.bukkit.PerMaterialTest" name="isBlock[582: PINK_DYE]" time="0"/>
  <testcase classname="org.bukkit.PerMaterialTest" name="isSolid[582: PINK_DYE]" time="0"/>
  <testcase classname="org.bukkit.PerMaterialTest" name="hasGravity[583: PINK_GLAZED_TERRACOTTA]" time="0"/>
  <testcase classname="org.bukkit.PerMaterialTest" name="isBurnable[583: PINK_GLAZED_TERRACOTTA]" time="0"/>
  <testcase classname="org.bukkit.PerMaterialTest" name="testInteractable[583: PINK_GLAZED_TERRACOTTA]" time="0"/>
  <testcase classname="org.bukkit.PerMaterialTest" name="testBlock[583: PINK_GLAZED_TERRACOTTA]" time="0.001"/>
  <testcase classname="org.bukkit.PerMaterialTest" name="isFuel[583: PINK_GLAZED_TERRACOTTA]" time="0"/>
  <testcase classname="org.bukkit.PerMaterialTest" name="testItem[583: PINK_GLAZED_TERRACOTTA]" time="0"/>
  <testcase classname="org.bukkit.PerMaterialTest" name="testBlastResistance[583: PINK_GLAZED_TERRACOTTA]" time="0"/>
  <testcase classname="org.bukkit.PerMaterialTest" name="isEdible[583: PINK_GLAZED_TERRACOTTA]" time="0.001"/>
  <testcase classname="org.bukkit.PerMaterialTest" name="maxDurability[583: PINK_GLAZED_TERRACOTTA]" time="0"/>
  <testcase classname="org.bukkit.PerMaterialTest" name="usesDurability[583: PINK_GLAZED_TERRACOTTA]" time="0"/>
  <testcase classname="org.bukkit.PerMaterialTest" name="isOccluding[583: PINK_GLAZED_TERRACOTTA]" time="0"/>
  <testcase classname="org.bukkit.PerMaterialTest" name="isRecord[583: PINK_GLAZED_TERRACOTTA]" time="0"/>
  <testcase classname="org.bukkit.PerMaterialTest" name="isFlammable[583: PINK_GLAZED_TERRACOTTA]" time="0.001"/>
  <testcase classname="org.bukkit.PerMaterialTest" name="testDurability[583: PINK_GLAZED_TERRACOTTA]" time="0"/>
  <testcase classname="org.bukkit.PerMaterialTest" name="testBlockHardness[583: PINK_GLAZED_TERRACOTTA]" time="0"/>
  <testcase classname="org.bukkit.PerMaterialTest" name="maxStackSize[583: PINK_GLAZED_TERRACOTTA]" time="0"/>
  <testcase classname="org.bukkit.PerMaterialTest" name="isTransparent[583: PINK_GLAZED_TERRACOTTA]" time="0.001"/>
  <testcase classname="org.bukkit.PerMaterialTest" name="testBlockDataCreation[583: PINK_GLAZED_TERRACOTTA]" time="0"/>
  <testcase classname="org.bukkit.PerMaterialTest" name="isBlock[583: PINK_GLAZED_TERRACOTTA]" time="0"/>
  <testcase classname="org.bukkit.PerMaterialTest" name="isSolid[583: PINK_GLAZED_TERRACOTTA]" time="0"/>
  <testcase classname="org.bukkit.PerMaterialTest" name="hasGravity[584: PINK_SHULKER_BOX]" time="0"/>
  <testcase classname="org.bukkit.PerMaterialTest" name="isBurnable[584: PINK_SHULKER_BOX]" time="0"/>
  <testcase classname="org.bukkit.PerMaterialTest" name="testInteractable[584: PINK_SHULKER_BOX]" time="0"/>
  <testcase classname="org.bukkit.PerMaterialTest" name="testBlock[584: PINK_SHULKER_BOX]" time="0"/>
  <testcase classname="org.bukkit.PerMaterialTest" name="isFuel[584: PINK_SHULKER_BOX]" time="0"/>
  <testcase classname="org.bukkit.PerMaterialTest" name="testItem[584: PINK_SHULKER_BOX]" time="0"/>
  <testcase classname="org.bukkit.PerMaterialTest" name="testBlastResistance[584: PINK_SHULKER_BOX]" time="0"/>
  <testcase classname="org.bukkit.PerMaterialTest" name="isEdible[584: PINK_SHULKER_BOX]" time="0"/>
  <testcase classname="org.bukkit.PerMaterialTest" name="maxDurability[584: PINK_SHULKER_BOX]" time="0"/>
  <testcase classname="org.bukkit.PerMaterialTest" name="usesDurability[584: PINK_SHULKER_BOX]" time="0"/>
  <testcase classname="org.bukkit.PerMaterialTest" name="isOccluding[584: PINK_SHULKER_BOX]" time="0"/>
  <testcase classname="org.bukkit.PerMaterialTest" name="isRecord[584: PINK_SHULKER_BOX]" time="0"/>
  <testcase classname="org.bukkit.PerMaterialTest" name="isFlammable[584: PINK_SHULKER_BOX]" time="0"/>
  <testcase classname="org.bukkit.PerMaterialTest" name="testDurability[584: PINK_SHULKER_BOX]" time="0"/>
  <testcase classname="org.bukkit.PerMaterialTest" name="testBlockHardness[584: PINK_SHULKER_BOX]" time="0"/>
  <testcase classname="org.bukkit.PerMaterialTest" name="maxStackSize[584: PINK_SHULKER_BOX]" time="0"/>
  <testcase classname="org.bukkit.PerMaterialTest" name="isTransparent[584: PINK_SHULKER_BOX]" time="0"/>
  <testcase classname="org.bukkit.PerMaterialTest" name="testBlockDataCreation[584: PINK_SHULKER_BOX]" time="0"/>
  <testcase classname="org.bukkit.PerMaterialTest" name="isBlock[584: PINK_SHULKER_BOX]" time="0"/>
  <testcase classname="org.bukkit.PerMaterialTest" name="isSolid[584: PINK_SHULKER_BOX]" time="0.001"/>
  <testcase classname="org.bukkit.PerMaterialTest" name="hasGravity[585: PINK_STAINED_GLASS]" time="0"/>
  <testcase classname="org.bukkit.PerMaterialTest" name="isBurnable[585: PINK_STAINED_GLASS]" time="0"/>
  <testcase classname="org.bukkit.PerMaterialTest" name="testInteractable[585: PINK_STAINED_GLASS]" time="0"/>
  <testcase classname="org.bukkit.PerMaterialTest" name="testBlock[585: PINK_STAINED_GLASS]" time="0"/>
  <testcase classname="org.bukkit.PerMaterialTest" name="isFuel[585: PINK_STAINED_GLASS]" time="0"/>
  <testcase classname="org.bukkit.PerMaterialTest" name="testItem[585: PINK_STAINED_GLASS]" time="0"/>
  <testcase classname="org.bukkit.PerMaterialTest" name="testBlastResistance[585: PINK_STAINED_GLASS]" time="0"/>
  <testcase classname="org.bukkit.PerMaterialTest" name="isEdible[585: PINK_STAINED_GLASS]" time="0"/>
  <testcase classname="org.bukkit.PerMaterialTest" name="maxDurability[585: PINK_STAINED_GLASS]" time="0.001"/>
  <testcase classname="org.bukkit.PerMaterialTest" name="usesDurability[585: PINK_STAINED_GLASS]" time="0"/>
  <testcase classname="org.bukkit.PerMaterialTest" name="isOccluding[585: PINK_STAINED_GLASS]" time="0"/>
  <testcase classname="org.bukkit.PerMaterialTest" name="isRecord[585: PINK_STAINED_GLASS]" time="0"/>
  <testcase classname="org.bukkit.PerMaterialTest" name="isFlammable[585: PINK_STAINED_GLASS]" time="0"/>
  <testcase classname="org.bukkit.PerMaterialTest" name="testDurability[585: PINK_STAINED_GLASS]" time="0"/>
  <testcase classname="org.bukkit.PerMaterialTest" name="testBlockHardness[585: PINK_STAINED_GLASS]" time="0"/>
  <testcase classname="org.bukkit.PerMaterialTest" name="maxStackSize[585: PINK_STAINED_GLASS]" time="0"/>
  <testcase classname="org.bukkit.PerMaterialTest" name="isTransparent[585: PINK_STAINED_GLASS]" time="0"/>
  <testcase classname="org.bukkit.PerMaterialTest" name="testBlockDataCreation[585: PINK_STAINED_GLASS]" time="0.001"/>
  <testcase classname="org.bukkit.PerMaterialTest" name="isBlock[585: PINK_STAINED_GLASS]" time="0"/>
  <testcase classname="org.bukkit.PerMaterialTest" name="isSolid[585: PINK_STAINED_GLASS]" time="0"/>
  <testcase classname="org.bukkit.PerMaterialTest" name="hasGravity[586: PINK_STAINED_GLASS_PANE]" time="0"/>
  <testcase classname="org.bukkit.PerMaterialTest" name="isBurnable[586: PINK_STAINED_GLASS_PANE]" time="0"/>
  <testcase classname="org.bukkit.PerMaterialTest" name="testInteractable[586: PINK_STAINED_GLASS_PANE]" time="0"/>
  <testcase classname="org.bukkit.PerMaterialTest" name="testBlock[586: PINK_STAINED_GLASS_PANE]" time="0"/>
  <testcase classname="org.bukkit.PerMaterialTest" name="isFuel[586: PINK_STAINED_GLASS_PANE]" time="0"/>
  <testcase classname="org.bukkit.PerMaterialTest" name="testItem[586: PINK_STAINED_GLASS_PANE]" time="0"/>
  <testcase classname="org.bukkit.PerMaterialTest" name="testBlastResistance[586: PINK_STAINED_GLASS_PANE]" time="0"/>
  <testcase classname="org.bukkit.PerMaterialTest" name="isEdible[586: PINK_STAINED_GLASS_PANE]" time="0"/>
  <testcase classname="org.bukkit.PerMaterialTest" name="maxDurability[586: PINK_STAINED_GLASS_PANE]" time="0"/>
  <testcase classname="org.bukkit.PerMaterialTest" name="usesDurability[586: PINK_STAINED_GLASS_PANE]" time="0"/>
  <testcase classname="org.bukkit.PerMaterialTest" name="isOccluding[586: PINK_STAINED_GLASS_PANE]" time="0.001"/>
  <testcase classname="org.bukkit.PerMaterialTest" name="isRecord[586: PINK_STAINED_GLASS_PANE]" time="0"/>
  <testcase classname="org.bukkit.PerMaterialTest" name="isFlammable[586: PINK_STAINED_GLASS_PANE]" time="0"/>
  <testcase classname="org.bukkit.PerMaterialTest" name="testDurability[586: PINK_STAINED_GLASS_PANE]" time="0"/>
  <testcase classname="org.bukkit.PerMaterialTest" name="testBlockHardness[586: PINK_STAINED_GLASS_PANE]" time="0"/>
  <testcase classname="org.bukkit.PerMaterialTest" name="maxStackSize[586: PINK_STAINED_GLASS_PANE]" time="0.001"/>
  <testcase classname="org.bukkit.PerMaterialTest" name="isTransparent[586: PINK_STAINED_GLASS_PANE]" time="0"/>
  <testcase classname="org.bukkit.PerMaterialTest" name="testBlockDataCreation[586: PINK_STAINED_GLASS_PANE]" time="0"/>
  <testcase classname="org.bukkit.PerMaterialTest" name="isBlock[586: PINK_STAINED_GLASS_PANE]" time="0"/>
  <testcase classname="org.bukkit.PerMaterialTest" name="isSolid[586: PINK_STAINED_GLASS_PANE]" time="0"/>
  <testcase classname="org.bukkit.PerMaterialTest" name="hasGravity[587: PINK_TERRACOTTA]" time="0"/>
  <testcase classname="org.bukkit.PerMaterialTest" name="isBurnable[587: PINK_TERRACOTTA]" time="0"/>
  <testcase classname="org.bukkit.PerMaterialTest" name="testInteractable[587: PINK_TERRACOTTA]" time="0"/>
  <testcase classname="org.bukkit.PerMaterialTest" name="testBlock[587: PINK_TERRACOTTA]" time="0"/>
  <testcase classname="org.bukkit.PerMaterialTest" name="isFuel[587: PINK_TERRACOTTA]" time="0.001"/>
  <testcase classname="org.bukkit.PerMaterialTest" name="testItem[587: PINK_TERRACOTTA]" time="0"/>
  <testcase classname="org.bukkit.PerMaterialTest" name="testBlastResistance[587: PINK_TERRACOTTA]" time="0"/>
  <testcase classname="org.bukkit.PerMaterialTest" name="isEdible[587: PINK_TERRACOTTA]" time="0"/>
  <testcase classname="org.bukkit.PerMaterialTest" name="maxDurability[587: PINK_TERRACOTTA]" time="0"/>
  <testcase classname="org.bukkit.PerMaterialTest" name="usesDurability[587: PINK_TERRACOTTA]" time="0"/>
  <testcase classname="org.bukkit.PerMaterialTest" name="isOccluding[587: PINK_TERRACOTTA]" time="0"/>
  <testcase classname="org.bukkit.PerMaterialTest" name="isRecord[587: PINK_TERRACOTTA]" time="0"/>
  <testcase classname="org.bukkit.PerMaterialTest" name="isFlammable[587: PINK_TERRACOTTA]" time="0"/>
  <testcase classname="org.bukkit.PerMaterialTest" name="testDurability[587: PINK_TERRACOTTA]" time="0"/>
  <testcase classname="org.bukkit.PerMaterialTest" name="testBlockHardness[587: PINK_TERRACOTTA]" time="0"/>
  <testcase classname="org.bukkit.PerMaterialTest" name="maxStackSize[587: PINK_TERRACOTTA]" time="0"/>
  <testcase classname="org.bukkit.PerMaterialTest" name="isTransparent[587: PINK_TERRACOTTA]" time="0"/>
  <testcase classname="org.bukkit.PerMaterialTest" name="testBlockDataCreation[587: PINK_TERRACOTTA]" time="0"/>
  <testcase classname="org.bukkit.PerMaterialTest" name="isBlock[587: PINK_TERRACOTTA]" time="0"/>
  <testcase classname="org.bukkit.PerMaterialTest" name="isSolid[587: PINK_TERRACOTTA]" time="0"/>
  <testcase classname="org.bukkit.PerMaterialTest" name="hasGravity[588: PINK_TULIP]" time="0"/>
  <testcase classname="org.bukkit.PerMaterialTest" name="isBurnable[588: PINK_TULIP]" time="0"/>
  <testcase classname="org.bukkit.PerMaterialTest" name="testInteractable[588: PINK_TULIP]" time="0"/>
  <testcase classname="org.bukkit.PerMaterialTest" name="testBlock[588: PINK_TULIP]" time="0"/>
  <testcase classname="org.bukkit.PerMaterialTest" name="isFuel[588: PINK_TULIP]" time="0"/>
  <testcase classname="org.bukkit.PerMaterialTest" name="testItem[588: PINK_TULIP]" time="0"/>
  <testcase classname="org.bukkit.PerMaterialTest" name="testBlastResistance[588: PINK_TULIP]" time="0.001"/>
  <testcase classname="org.bukkit.PerMaterialTest" name="isEdible[588: PINK_TULIP]" time="0"/>
  <testcase classname="org.bukkit.PerMaterialTest" name="maxDurability[588: PINK_TULIP]" time="0"/>
  <testcase classname="org.bukkit.PerMaterialTest" name="usesDurability[588: PINK_TULIP]" time="0"/>
  <testcase classname="org.bukkit.PerMaterialTest" name="isOccluding[588: PINK_TULIP]" time="0"/>
  <testcase classname="org.bukkit.PerMaterialTest" name="isRecord[588: PINK_TULIP]" time="0.001"/>
  <testcase classname="org.bukkit.PerMaterialTest" name="isFlammable[588: PINK_TULIP]" time="0"/>
  <testcase classname="org.bukkit.PerMaterialTest" name="testDurability[588: PINK_TULIP]" time="0"/>
  <testcase classname="org.bukkit.PerMaterialTest" name="testBlockHardness[588: PINK_TULIP]" time="0"/>
  <testcase classname="org.bukkit.PerMaterialTest" name="maxStackSize[588: PINK_TULIP]" time="0"/>
  <testcase classname="org.bukkit.PerMaterialTest" name="isTransparent[588: PINK_TULIP]" time="0"/>
  <testcase classname="org.bukkit.PerMaterialTest" name="testBlockDataCreation[588: PINK_TULIP]" time="0"/>
  <testcase classname="org.bukkit.PerMaterialTest" name="isBlock[588: PINK_TULIP]" time="0"/>
  <testcase classname="org.bukkit.PerMaterialTest" name="isSolid[588: PINK_TULIP]" time="0"/>
  <testcase classname="org.bukkit.PerMaterialTest" name="hasGravity[589: PINK_WALL_BANNER]" time="0"/>
  <testcase classname="org.bukkit.PerMaterialTest" name="isBurnable[589: PINK_WALL_BANNER]" time="0"/>
  <testcase classname="org.bukkit.PerMaterialTest" name="testInteractable[589: PINK_WALL_BANNER]" time="0"/>
  <testcase classname="org.bukkit.PerMaterialTest" name="testBlock[589: PINK_WALL_BANNER]" time="0"/>
  <testcase classname="org.bukkit.PerMaterialTest" name="isFuel[589: PINK_WALL_BANNER]" time="0"/>
  <testcase classname="org.bukkit.PerMaterialTest" name="testItem[589: PINK_WALL_BANNER]" time="0"/>
  <testcase classname="org.bukkit.PerMaterialTest" name="testBlastResistance[589: PINK_WALL_BANNER]" time="0"/>
  <testcase classname="org.bukkit.PerMaterialTest" name="isEdible[589: PINK_WALL_BANNER]" time="0"/>
  <testcase classname="org.bukkit.PerMaterialTest" name="maxDurability[589: PINK_WALL_BANNER]" time="0"/>
  <testcase classname="org.bukkit.PerMaterialTest" name="usesDurability[589: PINK_WALL_BANNER]" time="0"/>
  <testcase classname="org.bukkit.PerMaterialTest" name="isOccluding[589: PINK_WALL_BANNER]" time="0"/>
  <testcase classname="org.bukkit.PerMaterialTest" name="isRecord[589: PINK_WALL_BANNER]" time="0"/>
  <testcase classname="org.bukkit.PerMaterialTest" name="isFlammable[589: PINK_WALL_BANNER]" time="0"/>
  <testcase classname="org.bukkit.PerMaterialTest" name="testDurability[589: PINK_WALL_BANNER]" time="0"/>
  <testcase classname="org.bukkit.PerMaterialTest" name="testBlockHardness[589: PINK_WALL_BANNER]" time="0"/>
  <testcase classname="org.bukkit.PerMaterialTest" name="maxStackSize[589: PINK_WALL_BANNER]" time="0"/>
  <testcase classname="org.bukkit.PerMaterialTest" name="isTransparent[589: PINK_WALL_BANNER]" time="0"/>
  <testcase classname="org.bukkit.PerMaterialTest" name="testBlockDataCreation[589: PINK_WALL_BANNER]" time="0"/>
  <testcase classname="org.bukkit.PerMaterialTest" name="isBlock[589: PINK_WALL_BANNER]" time="0"/>
  <testcase classname="org.bukkit.PerMaterialTest" name="isSolid[589: PINK_WALL_BANNER]" time="0"/>
  <testcase classname="org.bukkit.PerMaterialTest" name="hasGravity[590: PINK_WOOL]" time="0"/>
  <testcase classname="org.bukkit.PerMaterialTest" name="isBurnable[590: PINK_WOOL]" time="0"/>
  <testcase classname="org.bukkit.PerMaterialTest" name="testInteractable[590: PINK_WOOL]" time="0"/>
  <testcase classname="org.bukkit.PerMaterialTest" name="testBlock[590: PINK_WOOL]" time="0"/>
  <testcase classname="org.bukkit.PerMaterialTest" name="isFuel[590: PINK_WOOL]" time="0.001"/>
  <testcase classname="org.bukkit.PerMaterialTest" name="testItem[590: PINK_WOOL]" time="0"/>
  <testcase classname="org.bukkit.PerMaterialTest" name="testBlastResistance[590: PINK_WOOL]" time="0"/>
  <testcase classname="org.bukkit.PerMaterialTest" name="isEdible[590: PINK_WOOL]" time="0"/>
  <testcase classname="org.bukkit.PerMaterialTest" name="maxDurability[590: PINK_WOOL]" time="0.001"/>
  <testcase classname="org.bukkit.PerMaterialTest" name="usesDurability[590: PINK_WOOL]" time="0"/>
  <testcase classname="org.bukkit.PerMaterialTest" name="isOccluding[590: PINK_WOOL]" time="0"/>
  <testcase classname="org.bukkit.PerMaterialTest" name="isRecord[590: PINK_WOOL]" time="0"/>
  <testcase classname="org.bukkit.PerMaterialTest" name="isFlammable[590: PINK_WOOL]" time="0"/>
  <testcase classname="org.bukkit.PerMaterialTest" name="testDurability[590: PINK_WOOL]" time="0"/>
  <testcase classname="org.bukkit.PerMaterialTest" name="testBlockHardness[590: PINK_WOOL]" time="0"/>
  <testcase classname="org.bukkit.PerMaterialTest" name="maxStackSize[590: PINK_WOOL]" time="0"/>
  <testcase classname="org.bukkit.PerMaterialTest" name="isTransparent[590: PINK_WOOL]" time="0"/>
  <testcase classname="org.bukkit.PerMaterialTest" name="testBlockDataCreation[590: PINK_WOOL]" time="0"/>
  <testcase classname="org.bukkit.PerMaterialTest" name="isBlock[590: PINK_WOOL]" time="0.001"/>
  <testcase classname="org.bukkit.PerMaterialTest" name="isSolid[590: PINK_WOOL]" time="0"/>
  <testcase classname="org.bukkit.PerMaterialTest" name="hasGravity[591: PISTON]" time="0"/>
  <testcase classname="org.bukkit.PerMaterialTest" name="isBurnable[591: PISTON]" time="0"/>
  <testcase classname="org.bukkit.PerMaterialTest" name="testInteractable[591: PISTON]" time="0.001"/>
  <testcase classname="org.bukkit.PerMaterialTest" name="testBlock[591: PISTON]" time="0"/>
  <testcase classname="org.bukkit.PerMaterialTest" name="isFuel[591: PISTON]" time="0"/>
  <testcase classname="org.bukkit.PerMaterialTest" name="testItem[591: PISTON]" time="0.001"/>
  <testcase classname="org.bukkit.PerMaterialTest" name="testBlastResistance[591: PISTON]" time="0"/>
  <testcase classname="org.bukkit.PerMaterialTest" name="isEdible[591: PISTON]" time="0"/>
  <testcase classname="org.bukkit.PerMaterialTest" name="maxDurability[591: PISTON]" time="0"/>
  <testcase classname="org.bukkit.PerMaterialTest" name="usesDurability[591: PISTON]" time="0"/>
  <testcase classname="org.bukkit.PerMaterialTest" name="isOccluding[591: PISTON]" time="0.001"/>
  <testcase classname="org.bukkit.PerMaterialTest" name="isRecord[591: PISTON]" time="0"/>
  <testcase classname="org.bukkit.PerMaterialTest" name="isFlammable[591: PISTON]" time="0"/>
  <testcase classname="org.bukkit.PerMaterialTest" name="testDurability[591: PISTON]" time="0"/>
  <testcase classname="org.bukkit.PerMaterialTest" name="testBlockHardness[591: PISTON]" time="0"/>
  <testcase classname="org.bukkit.PerMaterialTest" name="maxStackSize[591: PISTON]" time="0.001"/>
  <testcase classname="org.bukkit.PerMaterialTest" name="isTransparent[591: PISTON]" time="0"/>
  <testcase classname="org.bukkit.PerMaterialTest" name="testBlockDataCreation[591: PISTON]" time="0"/>
  <testcase classname="org.bukkit.PerMaterialTest" name="isBlock[591: PISTON]" time="0"/>
  <testcase classname="org.bukkit.PerMaterialTest" name="isSolid[591: PISTON]" time="0"/>
  <testcase classname="org.bukkit.PerMaterialTest" name="hasGravity[592: PISTON_HEAD]" time="0.001"/>
  <testcase classname="org.bukkit.PerMaterialTest" name="isBurnable[592: PISTON_HEAD]" time="0"/>
  <testcase classname="org.bukkit.PerMaterialTest" name="testInteractable[592: PISTON_HEAD]" time="0"/>
  <testcase classname="org.bukkit.PerMaterialTest" name="testBlock[592: PISTON_HEAD]" time="0.001"/>
  <testcase classname="org.bukkit.PerMaterialTest" name="isFuel[592: PISTON_HEAD]" time="0"/>
  <testcase classname="org.bukkit.PerMaterialTest" name="testItem[592: PISTON_HEAD]" time="0"/>
  <testcase classname="org.bukkit.PerMaterialTest" name="testBlastResistance[592: PISTON_HEAD]" time="0"/>
  <testcase classname="org.bukkit.PerMaterialTest" name="isEdible[592: PISTON_HEAD]" time="0.001"/>
  <testcase classname="org.bukkit.PerMaterialTest" name="maxDurability[592: PISTON_HEAD]" time="0"/>
  <testcase classname="org.bukkit.PerMaterialTest" name="usesDurability[592: PISTON_HEAD]" time="0"/>
  <testcase classname="org.bukkit.PerMaterialTest" name="isOccluding[592: PISTON_HEAD]" time="0"/>
  <testcase classname="org.bukkit.PerMaterialTest" name="isRecord[592: PISTON_HEAD]" time="0"/>
  <testcase classname="org.bukkit.PerMaterialTest" name="isFlammable[592: PISTON_HEAD]" time="0"/>
  <testcase classname="org.bukkit.PerMaterialTest" name="testDurability[592: PISTON_HEAD]" time="0"/>
  <testcase classname="org.bukkit.PerMaterialTest" name="testBlockHardness[592: PISTON_HEAD]" time="0"/>
  <testcase classname="org.bukkit.PerMaterialTest" name="maxStackSize[592: PISTON_HEAD]" time="0"/>
  <testcase classname="org.bukkit.PerMaterialTest" name="isTransparent[592: PISTON_HEAD]" time="0"/>
  <testcase classname="org.bukkit.PerMaterialTest" name="testBlockDataCreation[592: PISTON_HEAD]" time="0.001"/>
  <testcase classname="org.bukkit.PerMaterialTest" name="isBlock[592: PISTON_HEAD]" time="0"/>
  <testcase classname="org.bukkit.PerMaterialTest" name="isSolid[592: PISTON_HEAD]" time="0"/>
  <testcase classname="org.bukkit.PerMaterialTest" name="hasGravity[593: PLAYER_HEAD]" time="0"/>
  <testcase classname="org.bukkit.PerMaterialTest" name="isBurnable[593: PLAYER_HEAD]" time="0"/>
  <testcase classname="org.bukkit.PerMaterialTest" name="testInteractable[593: PLAYER_HEAD]" time="0.001"/>
  <testcase classname="org.bukkit.PerMaterialTest" name="testBlock[593: PLAYER_HEAD]" time="0"/>
  <testcase classname="org.bukkit.PerMaterialTest" name="isFuel[593: PLAYER_HEAD]" time="0"/>
  <testcase classname="org.bukkit.PerMaterialTest" name="testItem[593: PLAYER_HEAD]" time="0"/>
  <testcase classname="org.bukkit.PerMaterialTest" name="testBlastResistance[593: PLAYER_HEAD]" time="0"/>
  <testcase classname="org.bukkit.PerMaterialTest" name="isEdible[593: PLAYER_HEAD]" time="0"/>
  <testcase classname="org.bukkit.PerMaterialTest" name="maxDurability[593: PLAYER_HEAD]" time="0"/>
  <testcase classname="org.bukkit.PerMaterialTest" name="usesDurability[593: PLAYER_HEAD]" time="0"/>
  <testcase classname="org.bukkit.PerMaterialTest" name="isOccluding[593: PLAYER_HEAD]" time="0.001"/>
  <testcase classname="org.bukkit.PerMaterialTest" name="isRecord[593: PLAYER_HEAD]" time="0"/>
  <testcase classname="org.bukkit.PerMaterialTest" name="isFlammable[593: PLAYER_HEAD]" time="0"/>
  <testcase classname="org.bukkit.PerMaterialTest" name="testDurability[593: PLAYER_HEAD]" time="0"/>
  <testcase classname="org.bukkit.PerMaterialTest" name="testBlockHardness[593: PLAYER_HEAD]" time="0"/>
  <testcase classname="org.bukkit.PerMaterialTest" name="maxStackSize[593: PLAYER_HEAD]" time="0.001"/>
  <testcase classname="org.bukkit.PerMaterialTest" name="isTransparent[593: PLAYER_HEAD]" time="0"/>
  <testcase classname="org.bukkit.PerMaterialTest" name="testBlockDataCreation[593: PLAYER_HEAD]" time="0"/>
  <testcase classname="org.bukkit.PerMaterialTest" name="isBlock[593: PLAYER_HEAD]" time="0"/>
  <testcase classname="org.bukkit.PerMaterialTest" name="isSolid[593: PLAYER_HEAD]" time="0"/>
  <testcase classname="org.bukkit.PerMaterialTest" name="hasGravity[594: PLAYER_WALL_HEAD]" time="0.001"/>
  <testcase classname="org.bukkit.PerMaterialTest" name="isBurnable[594: PLAYER_WALL_HEAD]" time="0"/>
  <testcase classname="org.bukkit.PerMaterialTest" name="testInteractable[594: PLAYER_WALL_HEAD]" time="0"/>
  <testcase classname="org.bukkit.PerMaterialTest" name="testBlock[594: PLAYER_WALL_HEAD]" time="0"/>
  <testcase classname="org.bukkit.PerMaterialTest" name="isFuel[594: PLAYER_WALL_HEAD]" time="0.001"/>
  <testcase classname="org.bukkit.PerMaterialTest" name="testItem[594: PLAYER_WALL_HEAD]" time="0"/>
  <testcase classname="org.bukkit.PerMaterialTest" name="testBlastResistance[594: PLAYER_WALL_HEAD]" time="0"/>
  <testcase classname="org.bukkit.PerMaterialTest" name="isEdible[594: PLAYER_WALL_HEAD]" time="0"/>
  <testcase classname="org.bukkit.PerMaterialTest" name="maxDurability[594: PLAYER_WALL_HEAD]" time="0"/>
  <testcase classname="org.bukkit.PerMaterialTest" name="usesDurability[594: PLAYER_WALL_HEAD]" time="0"/>
  <testcase classname="org.bukkit.PerMaterialTest" name="isOccluding[594: PLAYER_WALL_HEAD]" time="0"/>
  <testcase classname="org.bukkit.PerMaterialTest" name="isRecord[594: PLAYER_WALL_HEAD]" time="0"/>
  <testcase classname="org.bukkit.PerMaterialTest" name="isFlammable[594: PLAYER_WALL_HEAD]" time="0"/>
  <testcase classname="org.bukkit.PerMaterialTest" name="testDurability[594: PLAYER_WALL_HEAD]" time="0"/>
  <testcase classname="org.bukkit.PerMaterialTest" name="testBlockHardness[594: PLAYER_WALL_HEAD]" time="0"/>
  <testcase classname="org.bukkit.PerMaterialTest" name="maxStackSize[594: PLAYER_WALL_HEAD]" time="0"/>
  <testcase classname="org.bukkit.PerMaterialTest" name="isTransparent[594: PLAYER_WALL_HEAD]" time="0"/>
  <testcase classname="org.bukkit.PerMaterialTest" name="testBlockDataCreation[594: PLAYER_WALL_HEAD]" time="0"/>
  <testcase classname="org.bukkit.PerMaterialTest" name="isBlock[594: PLAYER_WALL_HEAD]" time="0"/>
  <testcase classname="org.bukkit.PerMaterialTest" name="isSolid[594: PLAYER_WALL_HEAD]" time="0"/>
  <testcase classname="org.bukkit.PerMaterialTest" name="hasGravity[595: PODZOL]" time="0"/>
  <testcase classname="org.bukkit.PerMaterialTest" name="isBurnable[595: PODZOL]" time="0"/>
  <testcase classname="org.bukkit.PerMaterialTest" name="testInteractable[595: PODZOL]" time="0"/>
  <testcase classname="org.bukkit.PerMaterialTest" name="testBlock[595: PODZOL]" time="0"/>
  <testcase classname="org.bukkit.PerMaterialTest" name="isFuel[595: PODZOL]" time="0"/>
  <testcase classname="org.bukkit.PerMaterialTest" name="testItem[595: PODZOL]" time="0"/>
  <testcase classname="org.bukkit.PerMaterialTest" name="testBlastResistance[595: PODZOL]" time="0"/>
  <testcase classname="org.bukkit.PerMaterialTest" name="isEdible[595: PODZOL]" time="0.001"/>
  <testcase classname="org.bukkit.PerMaterialTest" name="maxDurability[595: PODZOL]" time="0"/>
  <testcase classname="org.bukkit.PerMaterialTest" name="usesDurability[595: PODZOL]" time="0"/>
  <testcase classname="org.bukkit.PerMaterialTest" name="isOccluding[595: PODZOL]" time="0"/>
  <testcase classname="org.bukkit.PerMaterialTest" name="isRecord[595: PODZOL]" time="0"/>
  <testcase classname="org.bukkit.PerMaterialTest" name="isFlammable[595: PODZOL]" time="0.001"/>
  <testcase classname="org.bukkit.PerMaterialTest" name="testDurability[595: PODZOL]" time="0"/>
  <testcase classname="org.bukkit.PerMaterialTest" name="testBlockHardness[595: PODZOL]" time="0"/>
  <testcase classname="org.bukkit.PerMaterialTest" name="maxStackSize[595: PODZOL]" time="0"/>
  <testcase classname="org.bukkit.PerMaterialTest" name="isTransparent[595: PODZOL]" time="0"/>
  <testcase classname="org.bukkit.PerMaterialTest" name="testBlockDataCreation[595: PODZOL]" time="0.001"/>
  <testcase classname="org.bukkit.PerMaterialTest" name="isBlock[595: PODZOL]" time="0"/>
  <testcase classname="org.bukkit.PerMaterialTest" name="isSolid[595: PODZOL]" time="0"/>
  <testcase classname="org.bukkit.PerMaterialTest" name="hasGravity[596: POISONOUS_POTATO]" time="0"/>
  <testcase classname="org.bukkit.PerMaterialTest" name="isBurnable[596: POISONOUS_POTATO]" time="0"/>
  <testcase classname="org.bukkit.PerMaterialTest" name="testInteractable[596: POISONOUS_POTATO]" time="0"/>
  <testcase classname="org.bukkit.PerMaterialTest" name="testBlock[596: POISONOUS_POTATO]" time="0"/>
  <testcase classname="org.bukkit.PerMaterialTest" name="isFuel[596: POISONOUS_POTATO]" time="0"/>
  <testcase classname="org.bukkit.PerMaterialTest" name="testItem[596: POISONOUS_POTATO]" time="0"/>
  <testcase classname="org.bukkit.PerMaterialTest" name="testBlastResistance[596: POISONOUS_POTATO]" time="0.001"/>
  <testcase classname="org.bukkit.PerMaterialTest" name="isEdible[596: POISONOUS_POTATO]" time="0"/>
  <testcase classname="org.bukkit.PerMaterialTest" name="maxDurability[596: POISONOUS_POTATO]" time="0"/>
  <testcase classname="org.bukkit.PerMaterialTest" name="usesDurability[596: POISONOUS_POTATO]" time="0"/>
  <testcase classname="org.bukkit.PerMaterialTest" name="isOccluding[596: POISONOUS_POTATO]" time="0"/>
  <testcase classname="org.bukkit.PerMaterialTest" name="isRecord[596: POISONOUS_POTATO]" time="0.001"/>
  <testcase classname="org.bukkit.PerMaterialTest" name="isFlammable[596: POISONOUS_POTATO]" time="0"/>
  <testcase classname="org.bukkit.PerMaterialTest" name="testDurability[596: POISONOUS_POTATO]" time="0"/>
  <testcase classname="org.bukkit.PerMaterialTest" name="testBlockHardness[596: POISONOUS_POTATO]" time="0"/>
  <testcase classname="org.bukkit.PerMaterialTest" name="maxStackSize[596: POISONOUS_POTATO]" time="0"/>
  <testcase classname="org.bukkit.PerMaterialTest" name="isTransparent[596: POISONOUS_POTATO]" time="0"/>
  <testcase classname="org.bukkit.PerMaterialTest" name="testBlockDataCreation[596: POISONOUS_POTATO]" time="0"/>
  <testcase classname="org.bukkit.PerMaterialTest" name="isBlock[596: POISONOUS_POTATO]" time="0"/>
  <testcase classname="org.bukkit.PerMaterialTest" name="isSolid[596: POISONOUS_POTATO]" time="0"/>
  <testcase classname="org.bukkit.PerMaterialTest" name="hasGravity[597: POLAR_BEAR_SPAWN_EGG]" time="0"/>
  <testcase classname="org.bukkit.PerMaterialTest" name="isBurnable[597: POLAR_BEAR_SPAWN_EGG]" time="0.001"/>
  <testcase classname="org.bukkit.PerMaterialTest" name="testInteractable[597: POLAR_BEAR_SPAWN_EGG]" time="0"/>
  <testcase classname="org.bukkit.PerMaterialTest" name="testBlock[597: POLAR_BEAR_SPAWN_EGG]" time="0"/>
  <testcase classname="org.bukkit.PerMaterialTest" name="isFuel[597: POLAR_BEAR_SPAWN_EGG]" time="0"/>
  <testcase classname="org.bukkit.PerMaterialTest" name="testItem[597: POLAR_BEAR_SPAWN_EGG]" time="0.001"/>
  <testcase classname="org.bukkit.PerMaterialTest" name="testBlastResistance[597: POLAR_BEAR_SPAWN_EGG]" time="0"/>
  <testcase classname="org.bukkit.PerMaterialTest" name="isEdible[597: POLAR_BEAR_SPAWN_EGG]" time="0"/>
  <testcase classname="org.bukkit.PerMaterialTest" name="maxDurability[597: POLAR_BEAR_SPAWN_EGG]" time="0"/>
  <testcase classname="org.bukkit.PerMaterialTest" name="usesDurability[597: POLAR_BEAR_SPAWN_EGG]" time="0"/>
  <testcase classname="org.bukkit.PerMaterialTest" name="isOccluding[597: POLAR_BEAR_SPAWN_EGG]" time="0"/>
  <testcase classname="org.bukkit.PerMaterialTest" name="isRecord[597: POLAR_BEAR_SPAWN_EGG]" time="0"/>
  <testcase classname="org.bukkit.PerMaterialTest" name="isFlammable[597: POLAR_BEAR_SPAWN_EGG]" time="0"/>
  <testcase classname="org.bukkit.PerMaterialTest" name="testDurability[597: POLAR_BEAR_SPAWN_EGG]" time="0"/>
  <testcase classname="org.bukkit.PerMaterialTest" name="testBlockHardness[597: POLAR_BEAR_SPAWN_EGG]" time="0"/>
  <testcase classname="org.bukkit.PerMaterialTest" name="maxStackSize[597: POLAR_BEAR_SPAWN_EGG]" time="0"/>
  <testcase classname="org.bukkit.PerMaterialTest" name="isTransparent[597: POLAR_BEAR_SPAWN_EGG]" time="0"/>
  <testcase classname="org.bukkit.PerMaterialTest" name="testBlockDataCreation[597: POLAR_BEAR_SPAWN_EGG]" time="0"/>
  <testcase classname="org.bukkit.PerMaterialTest" name="isBlock[597: POLAR_BEAR_SPAWN_EGG]" time="0"/>
  <testcase classname="org.bukkit.PerMaterialTest" name="isSolid[597: POLAR_BEAR_SPAWN_EGG]" time="0"/>
  <testcase classname="org.bukkit.PerMaterialTest" name="hasGravity[598: POLISHED_ANDESITE]" time="0"/>
  <testcase classname="org.bukkit.PerMaterialTest" name="isBurnable[598: POLISHED_ANDESITE]" time="0"/>
  <testcase classname="org.bukkit.PerMaterialTest" name="testInteractable[598: POLISHED_ANDESITE]" time="0"/>
  <testcase classname="org.bukkit.PerMaterialTest" name="testBlock[598: POLISHED_ANDESITE]" time="0"/>
  <testcase classname="org.bukkit.PerMaterialTest" name="isFuel[598: POLISHED_ANDESITE]" time="0.001"/>
  <testcase classname="org.bukkit.PerMaterialTest" name="testItem[598: POLISHED_ANDESITE]" time="0"/>
  <testcase classname="org.bukkit.PerMaterialTest" name="testBlastResistance[598: POLISHED_ANDESITE]" time="0"/>
  <testcase classname="org.bukkit.PerMaterialTest" name="isEdible[598: POLISHED_ANDESITE]" time="0"/>
  <testcase classname="org.bukkit.PerMaterialTest" name="maxDurability[598: POLISHED_ANDESITE]" time="0.001"/>
  <testcase classname="org.bukkit.PerMaterialTest" name="usesDurability[598: POLISHED_ANDESITE]" time="0"/>
  <testcase classname="org.bukkit.PerMaterialTest" name="isOccluding[598: POLISHED_ANDESITE]" time="0"/>
  <testcase classname="org.bukkit.PerMaterialTest" name="isRecord[598: POLISHED_ANDESITE]" time="0"/>
  <testcase classname="org.bukkit.PerMaterialTest" name="isFlammable[598: POLISHED_ANDESITE]" time="0"/>
  <testcase classname="org.bukkit.PerMaterialTest" name="testDurability[598: POLISHED_ANDESITE]" time="0.001"/>
  <testcase classname="org.bukkit.PerMaterialTest" name="testBlockHardness[598: POLISHED_ANDESITE]" time="0"/>
  <testcase classname="org.bukkit.PerMaterialTest" name="maxStackSize[598: POLISHED_ANDESITE]" time="0"/>
  <testcase classname="org.bukkit.PerMaterialTest" name="isTransparent[598: POLISHED_ANDESITE]" time="0"/>
  <testcase classname="org.bukkit.PerMaterialTest" name="testBlockDataCreation[598: POLISHED_ANDESITE]" time="0"/>
  <testcase classname="org.bukkit.PerMaterialTest" name="isBlock[598: POLISHED_ANDESITE]" time="0"/>
  <testcase classname="org.bukkit.PerMaterialTest" name="isSolid[598: POLISHED_ANDESITE]" time="0"/>
  <testcase classname="org.bukkit.PerMaterialTest" name="hasGravity[599: POLISHED_DIORITE]" time="0"/>
  <testcase classname="org.bukkit.PerMaterialTest" name="isBurnable[599: POLISHED_DIORITE]" time="0"/>
  <testcase classname="org.bukkit.PerMaterialTest" name="testInteractable[599: POLISHED_DIORITE]" time="0.001"/>
  <testcase classname="org.bukkit.PerMaterialTest" name="testBlock[599: POLISHED_DIORITE]" time="0"/>
  <testcase classname="org.bukkit.PerMaterialTest" name="isFuel[599: POLISHED_DIORITE]" time="0"/>
  <testcase classname="org.bukkit.PerMaterialTest" name="testItem[599: POLISHED_DIORITE]" time="0"/>
  <testcase classname="org.bukkit.PerMaterialTest" name="testBlastResistance[599: POLISHED_DIORITE]" time="0.001"/>
  <testcase classname="org.bukkit.PerMaterialTest" name="isEdible[599: POLISHED_DIORITE]" time="0"/>
  <testcase classname="org.bukkit.PerMaterialTest" name="maxDurability[599: POLISHED_DIORITE]" time="0"/>
  <testcase classname="org.bukkit.PerMaterialTest" name="usesDurability[599: POLISHED_DIORITE]" time="0"/>
  <testcase classname="org.bukkit.PerMaterialTest" name="isOccluding[599: POLISHED_DIORITE]" time="0"/>
  <testcase classname="org.bukkit.PerMaterialTest" name="isRecord[599: POLISHED_DIORITE]" time="0.001"/>
  <testcase classname="org.bukkit.PerMaterialTest" name="isFlammable[599: POLISHED_DIORITE]" time="0"/>
  <testcase classname="org.bukkit.PerMaterialTest" name="testDurability[599: POLISHED_DIORITE]" time="0"/>
  <testcase classname="org.bukkit.PerMaterialTest" name="testBlockHardness[599: POLISHED_DIORITE]" time="0"/>
  <testcase classname="org.bukkit.PerMaterialTest" name="maxStackSize[599: POLISHED_DIORITE]" time="0.001"/>
  <testcase classname="org.bukkit.PerMaterialTest" name="isTransparent[599: POLISHED_DIORITE]" time="0"/>
  <testcase classname="org.bukkit.PerMaterialTest" name="testBlockDataCreation[599: POLISHED_DIORITE]" time="0"/>
  <testcase classname="org.bukkit.PerMaterialTest" name="isBlock[599: POLISHED_DIORITE]" time="0"/>
  <testcase classname="org.bukkit.PerMaterialTest" name="isSolid[599: POLISHED_DIORITE]" time="0"/>
  <testcase classname="org.bukkit.PerMaterialTest" name="hasGravity[600: POLISHED_GRANITE]" time="0.001"/>
  <testcase classname="org.bukkit.PerMaterialTest" name="isBurnable[600: POLISHED_GRANITE]" time="0"/>
  <testcase classname="org.bukkit.PerMaterialTest" name="testInteractable[600: POLISHED_GRANITE]" time="0"/>
  <testcase classname="org.bukkit.PerMaterialTest" name="testBlock[600: POLISHED_GRANITE]" time="0"/>
  <testcase classname="org.bukkit.PerMaterialTest" name="isFuel[600: POLISHED_GRANITE]" time="0.001"/>
  <testcase classname="org.bukkit.PerMaterialTest" name="testItem[600: POLISHED_GRANITE]" time="0"/>
  <testcase classname="org.bukkit.PerMaterialTest" name="testBlastResistance[600: POLISHED_GRANITE]" time="0"/>
  <testcase classname="org.bukkit.PerMaterialTest" name="isEdible[600: POLISHED_GRANITE]" time="0"/>
  <testcase classname="org.bukkit.PerMaterialTest" name="maxDurability[600: POLISHED_GRANITE]" time="0"/>
  <testcase classname="org.bukkit.PerMaterialTest" name="usesDurability[600: POLISHED_GRANITE]" time="0"/>
  <testcase classname="org.bukkit.PerMaterialTest" name="isOccluding[600: POLISHED_GRANITE]" time="0"/>
  <testcase classname="org.bukkit.PerMaterialTest" name="isRecord[600: POLISHED_GRANITE]" time="0"/>
  <testcase classname="org.bukkit.PerMaterialTest" name="isFlammable[600: POLISHED_GRANITE]" time="0"/>
  <testcase classname="org.bukkit.PerMaterialTest" name="testDurability[600: POLISHED_GRANITE]" time="0"/>
  <testcase classname="org.bukkit.PerMaterialTest" name="testBlockHardness[600: POLISHED_GRANITE]" time="0"/>
  <testcase classname="org.bukkit.PerMaterialTest" name="maxStackSize[600: POLISHED_GRANITE]" time="0"/>
  <testcase classname="org.bukkit.PerMaterialTest" name="isTransparent[600: POLISHED_GRANITE]" time="0"/>
  <testcase classname="org.bukkit.PerMaterialTest" name="testBlockDataCreation[600: POLISHED_GRANITE]" time="0"/>
  <testcase classname="org.bukkit.PerMaterialTest" name="isBlock[600: POLISHED_GRANITE]" time="0.001"/>
  <testcase classname="org.bukkit.PerMaterialTest" name="isSolid[600: POLISHED_GRANITE]" time="0"/>
  <testcase classname="org.bukkit.PerMaterialTest" name="hasGravity[601: POPPED_CHORUS_FRUIT]" time="0"/>
  <testcase classname="org.bukkit.PerMaterialTest" name="isBurnable[601: POPPED_CHORUS_FRUIT]" time="0"/>
  <testcase classname="org.bukkit.PerMaterialTest" name="testInteractable[601: POPPED_CHORUS_FRUIT]" time="0"/>
  <testcase classname="org.bukkit.PerMaterialTest" name="testBlock[601: POPPED_CHORUS_FRUIT]" time="0.001"/>
  <testcase classname="org.bukkit.PerMaterialTest" name="isFuel[601: POPPED_CHORUS_FRUIT]" time="0"/>
  <testcase classname="org.bukkit.PerMaterialTest" name="testItem[601: POPPED_CHORUS_FRUIT]" time="0"/>
  <testcase classname="org.bukkit.PerMaterialTest" name="testBlastResistance[601: POPPED_CHORUS_FRUIT]" time="0"/>
  <testcase classname="org.bukkit.PerMaterialTest" name="isEdible[601: POPPED_CHORUS_FRUIT]" time="0"/>
  <testcase classname="org.bukkit.PerMaterialTest" name="maxDurability[601: POPPED_CHORUS_FRUIT]" time="0"/>
  <testcase classname="org.bukkit.PerMaterialTest" name="usesDurability[601: POPPED_CHORUS_FRUIT]" time="0"/>
  <testcase classname="org.bukkit.PerMaterialTest" name="isOccluding[601: POPPED_CHORUS_FRUIT]" time="0"/>
  <testcase classname="org.bukkit.PerMaterialTest" name="isRecord[601: POPPED_CHORUS_FRUIT]" time="0"/>
  <testcase classname="org.bukkit.PerMaterialTest" name="isFlammable[601: POPPED_CHORUS_FRUIT]" time="0"/>
  <testcase classname="org.bukkit.PerMaterialTest" name="testDurability[601: POPPED_CHORUS_FRUIT]" time="0"/>
  <testcase classname="org.bukkit.PerMaterialTest" name="testBlockHardness[601: POPPED_CHORUS_FRUIT]" time="0"/>
  <testcase classname="org.bukkit.PerMaterialTest" name="maxStackSize[601: POPPED_CHORUS_FRUIT]" time="0"/>
  <testcase classname="org.bukkit.PerMaterialTest" name="isTransparent[601: POPPED_CHORUS_FRUIT]" time="0"/>
  <testcase classname="org.bukkit.PerMaterialTest" name="testBlockDataCreation[601: POPPED_CHORUS_FRUIT]" time="0"/>
  <testcase classname="org.bukkit.PerMaterialTest" name="isBlock[601: POPPED_CHORUS_FRUIT]" time="0"/>
  <testcase classname="org.bukkit.PerMaterialTest" name="isSolid[601: POPPED_CHORUS_FRUIT]" time="0"/>
  <testcase classname="org.bukkit.PerMaterialTest" name="hasGravity[602: POPPY]" time="0"/>
  <testcase classname="org.bukkit.PerMaterialTest" name="isBurnable[602: POPPY]" time="0"/>
  <testcase classname="org.bukkit.PerMaterialTest" name="testInteractable[602: POPPY]" time="0.001"/>
  <testcase classname="org.bukkit.PerMaterialTest" name="testBlock[602: POPPY]" time="0"/>
  <testcase classname="org.bukkit.PerMaterialTest" name="isFuel[602: POPPY]" time="0"/>
  <testcase classname="org.bukkit.PerMaterialTest" name="testItem[602: POPPY]" time="0"/>
  <testcase classname="org.bukkit.PerMaterialTest" name="testBlastResistance[602: POPPY]" time="0"/>
  <testcase classname="org.bukkit.PerMaterialTest" name="isEdible[602: POPPY]" time="0"/>
  <testcase classname="org.bukkit.PerMaterialTest" name="maxDurability[602: POPPY]" time="0"/>
  <testcase classname="org.bukkit.PerMaterialTest" name="usesDurability[602: POPPY]" time="0"/>
  <testcase classname="org.bukkit.PerMaterialTest" name="isOccluding[602: POPPY]" time="0"/>
  <testcase classname="org.bukkit.PerMaterialTest" name="isRecord[602: POPPY]" time="0"/>
  <testcase classname="org.bukkit.PerMaterialTest" name="isFlammable[602: POPPY]" time="0.001"/>
  <testcase classname="org.bukkit.PerMaterialTest" name="testDurability[602: POPPY]" time="0"/>
  <testcase classname="org.bukkit.PerMaterialTest" name="testBlockHardness[602: POPPY]" time="0"/>
  <testcase classname="org.bukkit.PerMaterialTest" name="maxStackSize[602: POPPY]" time="0"/>
  <testcase classname="org.bukkit.PerMaterialTest" name="isTransparent[602: POPPY]" time="0"/>
  <testcase classname="org.bukkit.PerMaterialTest" name="testBlockDataCreation[602: POPPY]" time="0"/>
  <testcase classname="org.bukkit.PerMaterialTest" name="isBlock[602: POPPY]" time="0"/>
  <testcase classname="org.bukkit.PerMaterialTest" name="isSolid[602: POPPY]" time="0"/>
  <testcase classname="org.bukkit.PerMaterialTest" name="hasGravity[603: PORKCHOP]" time="0"/>
  <testcase classname="org.bukkit.PerMaterialTest" name="isBurnable[603: PORKCHOP]" time="0"/>
  <testcase classname="org.bukkit.PerMaterialTest" name="testInteractable[603: PORKCHOP]" time="0.001"/>
  <testcase classname="org.bukkit.PerMaterialTest" name="testBlock[603: PORKCHOP]" time="0"/>
  <testcase classname="org.bukkit.PerMaterialTest" name="isFuel[603: PORKCHOP]" time="0"/>
  <testcase classname="org.bukkit.PerMaterialTest" name="testItem[603: PORKCHOP]" time="0"/>
  <testcase classname="org.bukkit.PerMaterialTest" name="testBlastResistance[603: PORKCHOP]" time="0"/>
  <testcase classname="org.bukkit.PerMaterialTest" name="isEdible[603: PORKCHOP]" time="0"/>
  <testcase classname="org.bukkit.PerMaterialTest" name="maxDurability[603: PORKCHOP]" time="0"/>
  <testcase classname="org.bukkit.PerMaterialTest" name="usesDurability[603: PORKCHOP]" time="0"/>
  <testcase classname="org.bukkit.PerMaterialTest" name="isOccluding[603: PORKCHOP]" time="0"/>
  <testcase classname="org.bukkit.PerMaterialTest" name="isRecord[603: PORKCHOP]" time="0"/>
  <testcase classname="org.bukkit.PerMaterialTest" name="isFlammable[603: PORKCHOP]" time="0.001"/>
  <testcase classname="org.bukkit.PerMaterialTest" name="testDurability[603: PORKCHOP]" time="0"/>
  <testcase classname="org.bukkit.PerMaterialTest" name="testBlockHardness[603: PORKCHOP]" time="0"/>
  <testcase classname="org.bukkit.PerMaterialTest" name="maxStackSize[603: PORKCHOP]" time="0"/>
  <testcase classname="org.bukkit.PerMaterialTest" name="isTransparent[603: PORKCHOP]" time="0"/>
  <testcase classname="org.bukkit.PerMaterialTest" name="testBlockDataCreation[603: PORKCHOP]" time="0.001"/>
  <testcase classname="org.bukkit.PerMaterialTest" name="isBlock[603: PORKCHOP]" time="0"/>
  <testcase classname="org.bukkit.PerMaterialTest" name="isSolid[603: PORKCHOP]" time="0"/>
  <testcase classname="org.bukkit.PerMaterialTest" name="hasGravity[604: POTATO]" time="0"/>
  <testcase classname="org.bukkit.PerMaterialTest" name="isBurnable[604: POTATO]" time="0"/>
  <testcase classname="org.bukkit.PerMaterialTest" name="testInteractable[604: POTATO]" time="0"/>
  <testcase classname="org.bukkit.PerMaterialTest" name="testBlock[604: POTATO]" time="0"/>
  <testcase classname="org.bukkit.PerMaterialTest" name="isFuel[604: POTATO]" time="0"/>
  <testcase classname="org.bukkit.PerMaterialTest" name="testItem[604: POTATO]" time="0"/>
  <testcase classname="org.bukkit.PerMaterialTest" name="testBlastResistance[604: POTATO]" time="0"/>
  <testcase classname="org.bukkit.PerMaterialTest" name="isEdible[604: POTATO]" time="0"/>
  <testcase classname="org.bukkit.PerMaterialTest" name="maxDurability[604: POTATO]" time="0"/>
  <testcase classname="org.bukkit.PerMaterialTest" name="usesDurability[604: POTATO]" time="0"/>
  <testcase classname="org.bukkit.PerMaterialTest" name="isOccluding[604: POTATO]" time="0"/>
  <testcase classname="org.bukkit.PerMaterialTest" name="isRecord[604: POTATO]" time="0"/>
  <testcase classname="org.bukkit.PerMaterialTest" name="isFlammable[604: POTATO]" time="0.001"/>
  <testcase classname="org.bukkit.PerMaterialTest" name="testDurability[604: POTATO]" time="0"/>
  <testcase classname="org.bukkit.PerMaterialTest" name="testBlockHardness[604: POTATO]" time="0"/>
  <testcase classname="org.bukkit.PerMaterialTest" name="maxStackSize[604: POTATO]" time="0"/>
  <testcase classname="org.bukkit.PerMaterialTest" name="isTransparent[604: POTATO]" time="0"/>
  <testcase classname="org.bukkit.PerMaterialTest" name="testBlockDataCreation[604: POTATO]" time="0.001"/>
  <testcase classname="org.bukkit.PerMaterialTest" name="isBlock[604: POTATO]" time="0"/>
  <testcase classname="org.bukkit.PerMaterialTest" name="isSolid[604: POTATO]" time="0"/>
  <testcase classname="org.bukkit.PerMaterialTest" name="hasGravity[605: POTATOES]" time="0"/>
  <testcase classname="org.bukkit.PerMaterialTest" name="isBurnable[605: POTATOES]" time="0"/>
  <testcase classname="org.bukkit.PerMaterialTest" name="testInteractable[605: POTATOES]" time="0.001"/>
  <testcase classname="org.bukkit.PerMaterialTest" name="testBlock[605: POTATOES]" time="0"/>
  <testcase classname="org.bukkit.PerMaterialTest" name="isFuel[605: POTATOES]" time="0"/>
  <testcase classname="org.bukkit.PerMaterialTest" name="testItem[605: POTATOES]" time="0"/>
  <testcase classname="org.bukkit.PerMaterialTest" name="testBlastResistance[605: POTATOES]" time="0"/>
  <testcase classname="org.bukkit.PerMaterialTest" name="isEdible[605: POTATOES]" time="0"/>
  <testcase classname="org.bukkit.PerMaterialTest" name="maxDurability[605: POTATOES]" time="0"/>
  <testcase classname="org.bukkit.PerMaterialTest" name="usesDurability[605: POTATOES]" time="0"/>
  <testcase classname="org.bukkit.PerMaterialTest" name="isOccluding[605: POTATOES]" time="0"/>
  <testcase classname="org.bukkit.PerMaterialTest" name="isRecord[605: POTATOES]" time="0"/>
  <testcase classname="org.bukkit.PerMaterialTest" name="isFlammable[605: POTATOES]" time="0"/>
  <testcase classname="org.bukkit.PerMaterialTest" name="testDurability[605: POTATOES]" time="0"/>
  <testcase classname="org.bukkit.PerMaterialTest" name="testBlockHardness[605: POTATOES]" time="0"/>
  <testcase classname="org.bukkit.PerMaterialTest" name="maxStackSize[605: POTATOES]" time="0"/>
  <testcase classname="org.bukkit.PerMaterialTest" name="isTransparent[605: POTATOES]" time="0.001"/>
  <testcase classname="org.bukkit.PerMaterialTest" name="testBlockDataCreation[605: POTATOES]" time="0"/>
  <testcase classname="org.bukkit.PerMaterialTest" name="isBlock[605: POTATOES]" time="0"/>
  <testcase classname="org.bukkit.PerMaterialTest" name="isSolid[605: POTATOES]" time="0"/>
  <testcase classname="org.bukkit.PerMaterialTest" name="hasGravity[606: POTION]" time="0"/>
  <testcase classname="org.bukkit.PerMaterialTest" name="isBurnable[606: POTION]" time="0"/>
  <testcase classname="org.bukkit.PerMaterialTest" name="testInteractable[606: POTION]" time="0"/>
  <testcase classname="org.bukkit.PerMaterialTest" name="testBlock[606: POTION]" time="0"/>
  <testcase classname="org.bukkit.PerMaterialTest" name="isFuel[606: POTION]" time="0"/>
  <testcase classname="org.bukkit.PerMaterialTest" name="testItem[606: POTION]" time="0.001"/>
  <testcase classname="org.bukkit.PerMaterialTest" name="testBlastResistance[606: POTION]" time="0"/>
  <testcase classname="org.bukkit.PerMaterialTest" name="isEdible[606: POTION]" time="0"/>
  <testcase classname="org.bukkit.PerMaterialTest" name="maxDurability[606: POTION]" time="0"/>
  <testcase classname="org.bukkit.PerMaterialTest" name="usesDurability[606: POTION]" time="0"/>
  <testcase classname="org.bukkit.PerMaterialTest" name="isOccluding[606: POTION]" time="0.001"/>
  <testcase classname="org.bukkit.PerMaterialTest" name="isRecord[606: POTION]" time="0"/>
  <testcase classname="org.bukkit.PerMaterialTest" name="isFlammable[606: POTION]" time="0"/>
  <testcase classname="org.bukkit.PerMaterialTest" name="testDurability[606: POTION]" time="0"/>
  <testcase classname="org.bukkit.PerMaterialTest" name="testBlockHardness[606: POTION]" time="0"/>
  <testcase classname="org.bukkit.PerMaterialTest" name="maxStackSize[606: POTION]" time="0.001"/>
  <testcase classname="org.bukkit.PerMaterialTest" name="isTransparent[606: POTION]" time="0"/>
  <testcase classname="org.bukkit.PerMaterialTest" name="testBlockDataCreation[606: POTION]" time="0"/>
  <testcase classname="org.bukkit.PerMaterialTest" name="isBlock[606: POTION]" time="0"/>
  <testcase classname="org.bukkit.PerMaterialTest" name="isSolid[606: POTION]" time="0"/>
  <testcase classname="org.bukkit.PerMaterialTest" name="hasGravity[607: POTTED_ACACIA_SAPLING]" time="0.001"/>
  <testcase classname="org.bukkit.PerMaterialTest" name="isBurnable[607: POTTED_ACACIA_SAPLING]" time="0"/>
  <testcase classname="org.bukkit.PerMaterialTest" name="testInteractable[607: POTTED_ACACIA_SAPLING]" time="0"/>
  <testcase classname="org.bukkit.PerMaterialTest" name="testBlock[607: POTTED_ACACIA_SAPLING]" time="0"/>
  <testcase classname="org.bukkit.PerMaterialTest" name="isFuel[607: POTTED_ACACIA_SAPLING]" time="0.001"/>
  <testcase classname="org.bukkit.PerMaterialTest" name="testItem[607: POTTED_ACACIA_SAPLING]" time="0"/>
  <testcase classname="org.bukkit.PerMaterialTest" name="testBlastResistance[607: POTTED_ACACIA_SAPLING]" time="0"/>
  <testcase classname="org.bukkit.PerMaterialTest" name="isEdible[607: POTTED_ACACIA_SAPLING]" time="0"/>
  <testcase classname="org.bukkit.PerMaterialTest" name="maxDurability[607: POTTED_ACACIA_SAPLING]" time="0"/>
  <testcase classname="org.bukkit.PerMaterialTest" name="usesDurability[607: POTTED_ACACIA_SAPLING]" time="0.001"/>
  <testcase classname="org.bukkit.PerMaterialTest" name="isOccluding[607: POTTED_ACACIA_SAPLING]" time="0"/>
  <testcase classname="org.bukkit.PerMaterialTest" name="isRecord[607: POTTED_ACACIA_SAPLING]" time="0"/>
  <testcase classname="org.bukkit.PerMaterialTest" name="isFlammable[607: POTTED_ACACIA_SAPLING]" time="0"/>
  <testcase classname="org.bukkit.PerMaterialTest" name="testDurability[607: POTTED_ACACIA_SAPLING]" time="0"/>
  <testcase classname="org.bukkit.PerMaterialTest" name="testBlockHardness[607: POTTED_ACACIA_SAPLING]" time="0.001"/>
  <testcase classname="org.bukkit.PerMaterialTest" name="maxStackSize[607: POTTED_ACACIA_SAPLING]" time="0"/>
  <testcase classname="org.bukkit.PerMaterialTest" name="isTransparent[607: POTTED_ACACIA_SAPLING]" time="0"/>
  <testcase classname="org.bukkit.PerMaterialTest" name="testBlockDataCreation[607: POTTED_ACACIA_SAPLING]" time="0"/>
  <testcase classname="org.bukkit.PerMaterialTest" name="isBlock[607: POTTED_ACACIA_SAPLING]" time="0"/>
  <testcase classname="org.bukkit.PerMaterialTest" name="isSolid[607: POTTED_ACACIA_SAPLING]" time="0.001"/>
  <testcase classname="org.bukkit.PerMaterialTest" name="hasGravity[608: POTTED_ALLIUM]" time="0"/>
  <testcase classname="org.bukkit.PerMaterialTest" name="isBurnable[608: POTTED_ALLIUM]" time="0"/>
  <testcase classname="org.bukkit.PerMaterialTest" name="testInteractable[608: POTTED_ALLIUM]" time="0"/>
  <testcase classname="org.bukkit.PerMaterialTest" name="testBlock[608: POTTED_ALLIUM]" time="0"/>
  <testcase classname="org.bukkit.PerMaterialTest" name="isFuel[608: POTTED_ALLIUM]" time="0.001"/>
  <testcase classname="org.bukkit.PerMaterialTest" name="testItem[608: POTTED_ALLIUM]" time="0"/>
  <testcase classname="org.bukkit.PerMaterialTest" name="testBlastResistance[608: POTTED_ALLIUM]" time="0"/>
  <testcase classname="org.bukkit.PerMaterialTest" name="isEdible[608: POTTED_ALLIUM]" time="0"/>
  <testcase classname="org.bukkit.PerMaterialTest" name="maxDurability[608: POTTED_ALLIUM]" time="0"/>
  <testcase classname="org.bukkit.PerMaterialTest" name="usesDurability[608: POTTED_ALLIUM]" time="0.001"/>
  <testcase classname="org.bukkit.PerMaterialTest" name="isOccluding[608: POTTED_ALLIUM]" time="0"/>
  <testcase classname="org.bukkit.PerMaterialTest" name="isRecord[608: POTTED_ALLIUM]" time="0.001"/>
  <testcase classname="org.bukkit.PerMaterialTest" name="isFlammable[608: POTTED_ALLIUM]" time="0"/>
  <testcase classname="org.bukkit.PerMaterialTest" name="testDurability[608: POTTED_ALLIUM]" time="0"/>
  <testcase classname="org.bukkit.PerMaterialTest" name="testBlockHardness[608: POTTED_ALLIUM]" time="0"/>
  <testcase classname="org.bukkit.PerMaterialTest" name="maxStackSize[608: POTTED_ALLIUM]" time="0"/>
  <testcase classname="org.bukkit.PerMaterialTest" name="isTransparent[608: POTTED_ALLIUM]" time="0"/>
  <testcase classname="org.bukkit.PerMaterialTest" name="testBlockDataCreation[608: POTTED_ALLIUM]" time="0"/>
  <testcase classname="org.bukkit.PerMaterialTest" name="isBlock[608: POTTED_ALLIUM]" time="0.001"/>
  <testcase classname="org.bukkit.PerMaterialTest" name="isSolid[608: POTTED_ALLIUM]" time="0"/>
  <testcase classname="org.bukkit.PerMaterialTest" name="hasGravity[609: POTTED_AZURE_BLUET]" time="0.001"/>
  <testcase classname="org.bukkit.PerMaterialTest" name="isBurnable[609: POTTED_AZURE_BLUET]" time="0"/>
  <testcase classname="org.bukkit.PerMaterialTest" name="testInteractable[609: POTTED_AZURE_BLUET]" time="0"/>
  <testcase classname="org.bukkit.PerMaterialTest" name="testBlock[609: POTTED_AZURE_BLUET]" time="0"/>
  <testcase classname="org.bukkit.PerMaterialTest" name="isFuel[609: POTTED_AZURE_BLUET]" time="0.001"/>
  <testcase classname="org.bukkit.PerMaterialTest" name="testItem[609: POTTED_AZURE_BLUET]" time="0"/>
  <testcase classname="org.bukkit.PerMaterialTest" name="testBlastResistance[609: POTTED_AZURE_BLUET]" time="0.001"/>
  <testcase classname="org.bukkit.PerMaterialTest" name="isEdible[609: POTTED_AZURE_BLUET]" time="0"/>
  <testcase classname="org.bukkit.PerMaterialTest" name="maxDurability[609: POTTED_AZURE_BLUET]" time="0"/>
  <testcase classname="org.bukkit.PerMaterialTest" name="usesDurability[609: POTTED_AZURE_BLUET]" time="0"/>
  <testcase classname="org.bukkit.PerMaterialTest" name="isOccluding[609: POTTED_AZURE_BLUET]" time="0"/>
  <testcase classname="org.bukkit.PerMaterialTest" name="isRecord[609: POTTED_AZURE_BLUET]" time="0.001"/>
  <testcase classname="org.bukkit.PerMaterialTest" name="isFlammable[609: POTTED_AZURE_BLUET]" time="0"/>
  <testcase classname="org.bukkit.PerMaterialTest" name="testDurability[609: POTTED_AZURE_BLUET]" time="0.001"/>
  <testcase classname="org.bukkit.PerMaterialTest" name="testBlockHardness[609: POTTED_AZURE_BLUET]" time="0"/>
  <testcase classname="org.bukkit.PerMaterialTest" name="maxStackSize[609: POTTED_AZURE_BLUET]" time="0"/>
  <testcase classname="org.bukkit.PerMaterialTest" name="isTransparent[609: POTTED_AZURE_BLUET]" time="0"/>
  <testcase classname="org.bukkit.PerMaterialTest" name="testBlockDataCreation[609: POTTED_AZURE_BLUET]" time="0"/>
  <testcase classname="org.bukkit.PerMaterialTest" name="isBlock[609: POTTED_AZURE_BLUET]" time="0"/>
  <testcase classname="org.bukkit.PerMaterialTest" name="isSolid[609: POTTED_AZURE_BLUET]" time="0"/>
  <testcase classname="org.bukkit.PerMaterialTest" name="hasGravity[610: POTTED_BIRCH_SAPLING]" time="0"/>
  <testcase classname="org.bukkit.PerMaterialTest" name="isBurnable[610: POTTED_BIRCH_SAPLING]" time="0"/>
  <testcase classname="org.bukkit.PerMaterialTest" name="testInteractable[610: POTTED_BIRCH_SAPLING]" time="0.001"/>
  <testcase classname="org.bukkit.PerMaterialTest" name="testBlock[610: POTTED_BIRCH_SAPLING]" time="0"/>
  <testcase classname="org.bukkit.PerMaterialTest" name="isFuel[610: POTTED_BIRCH_SAPLING]" time="0.001"/>
  <testcase classname="org.bukkit.PerMaterialTest" name="testItem[610: POTTED_BIRCH_SAPLING]" time="0"/>
  <testcase classname="org.bukkit.PerMaterialTest" name="testBlastResistance[610: POTTED_BIRCH_SAPLING]" time="0"/>
  <testcase classname="org.bukkit.PerMaterialTest" name="isEdible[610: POTTED_BIRCH_SAPLING]" time="0"/>
  <testcase classname="org.bukkit.PerMaterialTest" name="maxDurability[610: POTTED_BIRCH_SAPLING]" time="0.001"/>
  <testcase classname="org.bukkit.PerMaterialTest" name="usesDurability[610: POTTED_BIRCH_SAPLING]" time="0"/>
  <testcase classname="org.bukkit.PerMaterialTest" name="isOccluding[610: POTTED_BIRCH_SAPLING]" time="0"/>
  <testcase classname="org.bukkit.PerMaterialTest" name="isRecord[610: POTTED_BIRCH_SAPLING]" time="0"/>
  <testcase classname="org.bukkit.PerMaterialTest" name="isFlammable[610: POTTED_BIRCH_SAPLING]" time="0"/>
  <testcase classname="org.bukkit.PerMaterialTest" name="testDurability[610: POTTED_BIRCH_SAPLING]" time="0"/>
  <testcase classname="org.bukkit.PerMaterialTest" name="testBlockHardness[610: POTTED_BIRCH_SAPLING]" time="0"/>
  <testcase classname="org.bukkit.PerMaterialTest" name="maxStackSize[610: POTTED_BIRCH_SAPLING]" time="0.001"/>
  <testcase classname="org.bukkit.PerMaterialTest" name="isTransparent[610: POTTED_BIRCH_SAPLING]" time="0"/>
  <testcase classname="org.bukkit.PerMaterialTest" name="testBlockDataCreation[610: POTTED_BIRCH_SAPLING]" time="0.001"/>
  <testcase classname="org.bukkit.PerMaterialTest" name="isBlock[610: POTTED_BIRCH_SAPLING]" time="0"/>
  <testcase classname="org.bukkit.PerMaterialTest" name="isSolid[610: POTTED_BIRCH_SAPLING]" time="0"/>
  <testcase classname="org.bukkit.PerMaterialTest" name="hasGravity[611: POTTED_BLUE_ORCHID]" time="0"/>
  <testcase classname="org.bukkit.PerMaterialTest" name="isBurnable[611: POTTED_BLUE_ORCHID]" time="0"/>
  <testcase classname="org.bukkit.PerMaterialTest" name="testInteractable[611: POTTED_BLUE_ORCHID]" time="0"/>
  <testcase classname="org.bukkit.PerMaterialTest" name="testBlock[611: POTTED_BLUE_ORCHID]" time="0"/>
  <testcase classname="org.bukkit.PerMaterialTest" name="isFuel[611: POTTED_BLUE_ORCHID]" time="0"/>
  <testcase classname="org.bukkit.PerMaterialTest" name="testItem[611: POTTED_BLUE_ORCHID]" time="0.001"/>
  <testcase classname="org.bukkit.PerMaterialTest" name="testBlastResistance[611: POTTED_BLUE_ORCHID]" time="0"/>
  <testcase classname="org.bukkit.PerMaterialTest" name="isEdible[611: POTTED_BLUE_ORCHID]" time="0"/>
  <testcase classname="org.bukkit.PerMaterialTest" name="maxDurability[611: POTTED_BLUE_ORCHID]" time="0"/>
  <testcase classname="org.bukkit.PerMaterialTest" name="usesDurability[611: POTTED_BLUE_ORCHID]" time="0"/>
  <testcase classname="org.bukkit.PerMaterialTest" name="isOccluding[611: POTTED_BLUE_ORCHID]" time="0.001"/>
  <testcase classname="org.bukkit.PerMaterialTest" name="isRecord[611: POTTED_BLUE_ORCHID]" time="0"/>
  <testcase classname="org.bukkit.PerMaterialTest" name="isFlammable[611: POTTED_BLUE_ORCHID]" time="0.001"/>
  <testcase classname="org.bukkit.PerMaterialTest" name="testDurability[611: POTTED_BLUE_ORCHID]" time="0"/>
  <testcase classname="org.bukkit.PerMaterialTest" name="testBlockHardness[611: POTTED_BLUE_ORCHID]" time="0"/>
  <testcase classname="org.bukkit.PerMaterialTest" name="maxStackSize[611: POTTED_BLUE_ORCHID]" time="0"/>
  <testcase classname="org.bukkit.PerMaterialTest" name="isTransparent[611: POTTED_BLUE_ORCHID]" time="0"/>
  <testcase classname="org.bukkit.PerMaterialTest" name="testBlockDataCreation[611: POTTED_BLUE_ORCHID]" time="0"/>
  <testcase classname="org.bukkit.PerMaterialTest" name="isBlock[611: POTTED_BLUE_ORCHID]" time="0"/>
  <testcase classname="org.bukkit.PerMaterialTest" name="isSolid[611: POTTED_BLUE_ORCHID]" time="0.001"/>
  <testcase classname="org.bukkit.PerMaterialTest" name="hasGravity[612: POTTED_BROWN_MUSHROOM]" time="0"/>
  <testcase classname="org.bukkit.PerMaterialTest" name="isBurnable[612: POTTED_BROWN_MUSHROOM]" time="0.001"/>
  <testcase classname="org.bukkit.PerMaterialTest" name="testInteractable[612: POTTED_BROWN_MUSHROOM]" time="0"/>
  <testcase classname="org.bukkit.PerMaterialTest" name="testBlock[612: POTTED_BROWN_MUSHROOM]" time="0.001"/>
  <testcase classname="org.bukkit.PerMaterialTest" name="isFuel[612: POTTED_BROWN_MUSHROOM]" time="0"/>
  <testcase classname="org.bukkit.PerMaterialTest" name="testItem[612: POTTED_BROWN_MUSHROOM]" time="0"/>
  <testcase classname="org.bukkit.PerMaterialTest" name="testBlastResistance[612: POTTED_BROWN_MUSHROOM]" time="0"/>
  <testcase classname="org.bukkit.PerMaterialTest" name="isEdible[612: POTTED_BROWN_MUSHROOM]" time="0"/>
  <testcase classname="org.bukkit.PerMaterialTest" name="maxDurability[612: POTTED_BROWN_MUSHROOM]" time="0"/>
  <testcase classname="org.bukkit.PerMaterialTest" name="usesDurability[612: POTTED_BROWN_MUSHROOM]" time="0.001"/>
  <testcase classname="org.bukkit.PerMaterialTest" name="isOccluding[612: POTTED_BROWN_MUSHROOM]" time="0"/>
  <testcase classname="org.bukkit.PerMaterialTest" name="isRecord[612: POTTED_BROWN_MUSHROOM]" time="0"/>
  <testcase classname="org.bukkit.PerMaterialTest" name="isFlammable[612: POTTED_BROWN_MUSHROOM]" time="0"/>
  <testcase classname="org.bukkit.PerMaterialTest" name="testDurability[612: POTTED_BROWN_MUSHROOM]" time="0"/>
  <testcase classname="org.bukkit.PerMaterialTest" name="testBlockHardness[612: POTTED_BROWN_MUSHROOM]" time="0"/>
  <testcase classname="org.bukkit.PerMaterialTest" name="maxStackSize[612: POTTED_BROWN_MUSHROOM]" time="0"/>
  <testcase classname="org.bukkit.PerMaterialTest" name="isTransparent[612: POTTED_BROWN_MUSHROOM]" time="0.001"/>
  <testcase classname="org.bukkit.PerMaterialTest" name="testBlockDataCreation[612: POTTED_BROWN_MUSHROOM]" time="0"/>
  <testcase classname="org.bukkit.PerMaterialTest" name="isBlock[612: POTTED_BROWN_MUSHROOM]" time="0"/>
  <testcase classname="org.bukkit.PerMaterialTest" name="isSolid[612: POTTED_BROWN_MUSHROOM]" time="0"/>
  <testcase classname="org.bukkit.PerMaterialTest" name="hasGravity[613: POTTED_CACTUS]" time="0"/>
  <testcase classname="org.bukkit.PerMaterialTest" name="isBurnable[613: POTTED_CACTUS]" time="0"/>
  <testcase classname="org.bukkit.PerMaterialTest" name="testInteractable[613: POTTED_CACTUS]" time="0"/>
  <testcase classname="org.bukkit.PerMaterialTest" name="testBlock[613: POTTED_CACTUS]" time="0"/>
  <testcase classname="org.bukkit.PerMaterialTest" name="isFuel[613: POTTED_CACTUS]" time="0.001"/>
  <testcase classname="org.bukkit.PerMaterialTest" name="testItem[613: POTTED_CACTUS]" time="0"/>
  <testcase classname="org.bukkit.PerMaterialTest" name="testBlastResistance[613: POTTED_CACTUS]" time="0"/>
  <testcase classname="org.bukkit.PerMaterialTest" name="isEdible[613: POTTED_CACTUS]" time="0"/>
  <testcase classname="org.bukkit.PerMaterialTest" name="maxDurability[613: POTTED_CACTUS]" time="0"/>
  <testcase classname="org.bukkit.PerMaterialTest" name="usesDurability[613: POTTED_CACTUS]" time="0"/>
  <testcase classname="org.bukkit.PerMaterialTest" name="isOccluding[613: POTTED_CACTUS]" time="0"/>
  <testcase classname="org.bukkit.PerMaterialTest" name="isRecord[613: POTTED_CACTUS]" time="0.001"/>
  <testcase classname="org.bukkit.PerMaterialTest" name="isFlammable[613: POTTED_CACTUS]" time="0"/>
  <testcase classname="org.bukkit.PerMaterialTest" name="testDurability[613: POTTED_CACTUS]" time="0"/>
  <testcase classname="org.bukkit.PerMaterialTest" name="testBlockHardness[613: POTTED_CACTUS]" time="0"/>
  <testcase classname="org.bukkit.PerMaterialTest" name="maxStackSize[613: POTTED_CACTUS]" time="0"/>
  <testcase classname="org.bukkit.PerMaterialTest" name="isTransparent[613: POTTED_CACTUS]" time="0.001"/>
  <testcase classname="org.bukkit.PerMaterialTest" name="testBlockDataCreation[613: POTTED_CACTUS]" time="0"/>
  <testcase classname="org.bukkit.PerMaterialTest" name="isBlock[613: POTTED_CACTUS]" time="0.001"/>
  <testcase classname="org.bukkit.PerMaterialTest" name="isSolid[613: POTTED_CACTUS]" time="0"/>
  <testcase classname="org.bukkit.PerMaterialTest" name="hasGravity[614: POTTED_DANDELION]" time="0"/>
  <testcase classname="org.bukkit.PerMaterialTest" name="isBurnable[614: POTTED_DANDELION]" time="0"/>
  <testcase classname="org.bukkit.PerMaterialTest" name="testInteractable[614: POTTED_DANDELION]" time="0"/>
  <testcase classname="org.bukkit.PerMaterialTest" name="testBlock[614: POTTED_DANDELION]" time="0"/>
  <testcase classname="org.bukkit.PerMaterialTest" name="isFuel[614: POTTED_DANDELION]" time="0.001"/>
  <testcase classname="org.bukkit.PerMaterialTest" name="testItem[614: POTTED_DANDELION]" time="0"/>
  <testcase classname="org.bukkit.PerMaterialTest" name="testBlastResistance[614: POTTED_DANDELION]" time="0.001"/>
  <testcase classname="org.bukkit.PerMaterialTest" name="isEdible[614: POTTED_DANDELION]" time="0"/>
  <testcase classname="org.bukkit.PerMaterialTest" name="maxDurability[614: POTTED_DANDELION]" time="0"/>
  <testcase classname="org.bukkit.PerMaterialTest" name="usesDurability[614: POTTED_DANDELION]" time="0"/>
  <testcase classname="org.bukkit.PerMaterialTest" name="isOccluding[614: POTTED_DANDELION]" time="0"/>
  <testcase classname="org.bukkit.PerMaterialTest" name="isRecord[614: POTTED_DANDELION]" time="0.001"/>
  <testcase classname="org.bukkit.PerMaterialTest" name="isFlammable[614: POTTED_DANDELION]" time="0"/>
  <testcase classname="org.bukkit.PerMaterialTest" name="testDurability[614: POTTED_DANDELION]" time="0.001"/>
  <testcase classname="org.bukkit.PerMaterialTest" name="testBlockHardness[614: POTTED_DANDELION]" time="0"/>
  <testcase classname="org.bukkit.PerMaterialTest" name="maxStackSize[614: POTTED_DANDELION]" time="0"/>
  <testcase classname="org.bukkit.PerMaterialTest" name="isTransparent[614: POTTED_DANDELION]" time="0"/>
  <testcase classname="org.bukkit.PerMaterialTest" name="testBlockDataCreation[614: POTTED_DANDELION]" time="0"/>
  <testcase classname="org.bukkit.PerMaterialTest" name="isBlock[614: POTTED_DANDELION]" time="0.001"/>
  <testcase classname="org.bukkit.PerMaterialTest" name="isSolid[614: POTTED_DANDELION]" time="0"/>
  <testcase classname="org.bukkit.PerMaterialTest" name="hasGravity[615: POTTED_DARK_OAK_SAPLING]" time="0.001"/>
  <testcase classname="org.bukkit.PerMaterialTest" name="isBurnable[615: POTTED_DARK_OAK_SAPLING]" time="0"/>
  <testcase classname="org.bukkit.PerMaterialTest" name="testInteractable[615: POTTED_DARK_OAK_SAPLING]" time="0.001"/>
  <testcase classname="org.bukkit.PerMaterialTest" name="testBlock[615: POTTED_DARK_OAK_SAPLING]" time="0"/>
  <testcase classname="org.bukkit.PerMaterialTest" name="isFuel[615: POTTED_DARK_OAK_SAPLING]" time="0"/>
  <testcase classname="org.bukkit.PerMaterialTest" name="testItem[615: POTTED_DARK_OAK_SAPLING]" time="0"/>
  <testcase classname="org.bukkit.PerMaterialTest" name="testBlastResistance[615: POTTED_DARK_OAK_SAPLING]" time="0.001"/>
  <testcase classname="org.bukkit.PerMaterialTest" name="isEdible[615: POTTED_DARK_OAK_SAPLING]" time="0"/>
  <testcase classname="org.bukkit.PerMaterialTest" name="maxDurability[615: POTTED_DARK_OAK_SAPLING]" time="0"/>
  <testcase classname="org.bukkit.PerMaterialTest" name="usesDurability[615: POTTED_DARK_OAK_SAPLING]" time="0"/>
  <testcase classname="org.bukkit.PerMaterialTest" name="isOccluding[615: POTTED_DARK_OAK_SAPLING]" time="0.001"/>
  <testcase classname="org.bukkit.PerMaterialTest" name="isRecord[615: POTTED_DARK_OAK_SAPLING]" time="0"/>
  <testcase classname="org.bukkit.PerMaterialTest" name="isFlammable[615: POTTED_DARK_OAK_SAPLING]" time="0"/>
  <testcase classname="org.bukkit.PerMaterialTest" name="testDurability[615: POTTED_DARK_OAK_SAPLING]" time="0"/>
  <testcase classname="org.bukkit.PerMaterialTest" name="testBlockHardness[615: POTTED_DARK_OAK_SAPLING]" time="0"/>
  <testcase classname="org.bukkit.PerMaterialTest" name="maxStackSize[615: POTTED_DARK_OAK_SAPLING]" time="0"/>
  <testcase classname="org.bukkit.PerMaterialTest" name="isTransparent[615: POTTED_DARK_OAK_SAPLING]" time="0"/>
  <testcase classname="org.bukkit.PerMaterialTest" name="testBlockDataCreation[615: POTTED_DARK_OAK_SAPLING]" time="0.001"/>
  <testcase classname="org.bukkit.PerMaterialTest" name="isBlock[615: POTTED_DARK_OAK_SAPLING]" time="0"/>
  <testcase classname="org.bukkit.PerMaterialTest" name="isSolid[615: POTTED_DARK_OAK_SAPLING]" time="0"/>
  <testcase classname="org.bukkit.PerMaterialTest" name="hasGravity[616: POTTED_DEAD_BUSH]" time="0.001"/>
  <testcase classname="org.bukkit.PerMaterialTest" name="isBurnable[616: POTTED_DEAD_BUSH]" time="0"/>
  <testcase classname="org.bukkit.PerMaterialTest" name="testInteractable[616: POTTED_DEAD_BUSH]" time="0"/>
  <testcase classname="org.bukkit.PerMaterialTest" name="testBlock[616: POTTED_DEAD_BUSH]" time="0"/>
  <testcase classname="org.bukkit.PerMaterialTest" name="isFuel[616: POTTED_DEAD_BUSH]" time="0"/>
  <testcase classname="org.bukkit.PerMaterialTest" name="testItem[616: POTTED_DEAD_BUSH]" time="0"/>
  <testcase classname="org.bukkit.PerMaterialTest" name="testBlastResistance[616: POTTED_DEAD_BUSH]" time="0.001"/>
  <testcase classname="org.bukkit.PerMaterialTest" name="isEdible[616: POTTED_DEAD_BUSH]" time="0"/>
  <testcase classname="org.bukkit.PerMaterialTest" name="maxDurability[616: POTTED_DEAD_BUSH]" time="0"/>
  <testcase classname="org.bukkit.PerMaterialTest" name="usesDurability[616: POTTED_DEAD_BUSH]" time="0"/>
  <testcase classname="org.bukkit.PerMaterialTest" name="isOccluding[616: POTTED_DEAD_BUSH]" time="0"/>
  <testcase classname="org.bukkit.PerMaterialTest" name="isRecord[616: POTTED_DEAD_BUSH]" time="0"/>
  <testcase classname="org.bukkit.PerMaterialTest" name="isFlammable[616: POTTED_DEAD_BUSH]" time="0"/>
  <testcase classname="org.bukkit.PerMaterialTest" name="testDurability[616: POTTED_DEAD_BUSH]" time="0.001"/>
  <testcase classname="org.bukkit.PerMaterialTest" name="testBlockHardness[616: POTTED_DEAD_BUSH]" time="0"/>
  <testcase classname="org.bukkit.PerMaterialTest" name="maxStackSize[616: POTTED_DEAD_BUSH]" time="0"/>
  <testcase classname="org.bukkit.PerMaterialTest" name="isTransparent[616: POTTED_DEAD_BUSH]" time="0"/>
  <testcase classname="org.bukkit.PerMaterialTest" name="testBlockDataCreation[616: POTTED_DEAD_BUSH]" time="0"/>
  <testcase classname="org.bukkit.PerMaterialTest" name="isBlock[616: POTTED_DEAD_BUSH]" time="0"/>
  <testcase classname="org.bukkit.PerMaterialTest" name="isSolid[616: POTTED_DEAD_BUSH]" time="0"/>
  <testcase classname="org.bukkit.PerMaterialTest" name="hasGravity[617: POTTED_FERN]" time="0.001"/>
  <testcase classname="org.bukkit.PerMaterialTest" name="isBurnable[617: POTTED_FERN]" time="0"/>
  <testcase classname="org.bukkit.PerMaterialTest" name="testInteractable[617: POTTED_FERN]" time="0"/>
  <testcase classname="org.bukkit.PerMaterialTest" name="testBlock[617: POTTED_FERN]" time="0"/>
  <testcase classname="org.bukkit.PerMaterialTest" name="isFuel[617: POTTED_FERN]" time="0"/>
  <testcase classname="org.bukkit.PerMaterialTest" name="testItem[617: POTTED_FERN]" time="0"/>
  <testcase classname="org.bukkit.PerMaterialTest" name="testBlastResistance[617: POTTED_FERN]" time="0.001"/>
  <testcase classname="org.bukkit.PerMaterialTest" name="isEdible[617: POTTED_FERN]" time="0"/>
  <testcase classname="org.bukkit.PerMaterialTest" name="maxDurability[617: POTTED_FERN]" time="0"/>
  <testcase classname="org.bukkit.PerMaterialTest" name="usesDurability[617: POTTED_FERN]" time="0"/>
  <testcase classname="org.bukkit.PerMaterialTest" name="isOccluding[617: POTTED_FERN]" time="0"/>
  <testcase classname="org.bukkit.PerMaterialTest" name="isRecord[617: POTTED_FERN]" time="0"/>
  <testcase classname="org.bukkit.PerMaterialTest" name="isFlammable[617: POTTED_FERN]" time="0"/>
  <testcase classname="org.bukkit.PerMaterialTest" name="testDurability[617: POTTED_FERN]" time="0"/>
  <testcase classname="org.bukkit.PerMaterialTest" name="testBlockHardness[617: POTTED_FERN]" time="0"/>
  <testcase classname="org.bukkit.PerMaterialTest" name="maxStackSize[617: POTTED_FERN]" time="0"/>
  <testcase classname="org.bukkit.PerMaterialTest" name="isTransparent[617: POTTED_FERN]" time="0"/>
  <testcase classname="org.bukkit.PerMaterialTest" name="testBlockDataCreation[617: POTTED_FERN]" time="0.001"/>
  <testcase classname="org.bukkit.PerMaterialTest" name="isBlock[617: POTTED_FERN]" time="0"/>
  <testcase classname="org.bukkit.PerMaterialTest" name="isSolid[617: POTTED_FERN]" time="0"/>
  <testcase classname="org.bukkit.PerMaterialTest" name="hasGravity[618: POTTED_JUNGLE_SAPLING]" time="0"/>
  <testcase classname="org.bukkit.PerMaterialTest" name="isBurnable[618: POTTED_JUNGLE_SAPLING]" time="0"/>
  <testcase classname="org.bukkit.PerMaterialTest" name="testInteractable[618: POTTED_JUNGLE_SAPLING]" time="0"/>
  <testcase classname="org.bukkit.PerMaterialTest" name="testBlock[618: POTTED_JUNGLE_SAPLING]" time="0"/>
  <testcase classname="org.bukkit.PerMaterialTest" name="isFuel[618: POTTED_JUNGLE_SAPLING]" time="0.001"/>
  <testcase classname="org.bukkit.PerMaterialTest" name="testItem[618: POTTED_JUNGLE_SAPLING]" time="0"/>
  <testcase classname="org.bukkit.PerMaterialTest" name="testBlastResistance[618: POTTED_JUNGLE_SAPLING]" time="0.001"/>
  <testcase classname="org.bukkit.PerMaterialTest" name="isEdible[618: POTTED_JUNGLE_SAPLING]" time="0"/>
  <testcase classname="org.bukkit.PerMaterialTest" name="maxDurability[618: POTTED_JUNGLE_SAPLING]" time="0"/>
  <testcase classname="org.bukkit.PerMaterialTest" name="usesDurability[618: POTTED_JUNGLE_SAPLING]" time="0"/>
  <testcase classname="org.bukkit.PerMaterialTest" name="isOccluding[618: POTTED_JUNGLE_SAPLING]" time="0"/>
  <testcase classname="org.bukkit.PerMaterialTest" name="isRecord[618: POTTED_JUNGLE_SAPLING]" time="0"/>
  <testcase classname="org.bukkit.PerMaterialTest" name="isFlammable[618: POTTED_JUNGLE_SAPLING]" time="0"/>
  <testcase classname="org.bukkit.PerMaterialTest" name="testDurability[618: POTTED_JUNGLE_SAPLING]" time="0.001"/>
  <testcase classname="org.bukkit.PerMaterialTest" name="testBlockHardness[618: POTTED_JUNGLE_SAPLING]" time="0"/>
  <testcase classname="org.bukkit.PerMaterialTest" name="maxStackSize[618: POTTED_JUNGLE_SAPLING]" time="0"/>
  <testcase classname="org.bukkit.PerMaterialTest" name="isTransparent[618: POTTED_JUNGLE_SAPLING]" time="0"/>
  <testcase classname="org.bukkit.PerMaterialTest" name="testBlockDataCreation[618: POTTED_JUNGLE_SAPLING]" time="0"/>
  <testcase classname="org.bukkit.PerMaterialTest" name="isBlock[618: POTTED_JUNGLE_SAPLING]" time="0"/>
  <testcase classname="org.bukkit.PerMaterialTest" name="isSolid[618: POTTED_JUNGLE_SAPLING]" time="0"/>
  <testcase classname="org.bukkit.PerMaterialTest" name="hasGravity[619: POTTED_OAK_SAPLING]" time="0"/>
  <testcase classname="org.bukkit.PerMaterialTest" name="isBurnable[619: POTTED_OAK_SAPLING]" time="0"/>
  <testcase classname="org.bukkit.PerMaterialTest" name="testInteractable[619: POTTED_OAK_SAPLING]" time="0"/>
  <testcase classname="org.bukkit.PerMaterialTest" name="testBlock[619: POTTED_OAK_SAPLING]" time="0.001"/>
  <testcase classname="org.bukkit.PerMaterialTest" name="isFuel[619: POTTED_OAK_SAPLING]" time="0"/>
  <testcase classname="org.bukkit.PerMaterialTest" name="testItem[619: POTTED_OAK_SAPLING]" time="0"/>
  <testcase classname="org.bukkit.PerMaterialTest" name="testBlastResistance[619: POTTED_OAK_SAPLING]" time="0"/>
  <testcase classname="org.bukkit.PerMaterialTest" name="isEdible[619: POTTED_OAK_SAPLING]" time="0"/>
  <testcase classname="org.bukkit.PerMaterialTest" name="maxDurability[619: POTTED_OAK_SAPLING]" time="0"/>
  <testcase classname="org.bukkit.PerMaterialTest" name="usesDurability[619: POTTED_OAK_SAPLING]" time="0.001"/>
  <testcase classname="org.bukkit.PerMaterialTest" name="isOccluding[619: POTTED_OAK_SAPLING]" time="0"/>
  <testcase classname="org.bukkit.PerMaterialTest" name="isRecord[619: POTTED_OAK_SAPLING]" time="0"/>
  <testcase classname="org.bukkit.PerMaterialTest" name="isFlammable[619: POTTED_OAK_SAPLING]" time="0"/>
  <testcase classname="org.bukkit.PerMaterialTest" name="testDurability[619: POTTED_OAK_SAPLING]" time="0"/>
  <testcase classname="org.bukkit.PerMaterialTest" name="testBlockHardness[619: POTTED_OAK_SAPLING]" time="0"/>
  <testcase classname="org.bukkit.PerMaterialTest" name="maxStackSize[619: POTTED_OAK_SAPLING]" time="0"/>
  <testcase classname="org.bukkit.PerMaterialTest" name="isTransparent[619: POTTED_OAK_SAPLING]" time="0"/>
  <testcase classname="org.bukkit.PerMaterialTest" name="testBlockDataCreation[619: POTTED_OAK_SAPLING]" time="0"/>
  <testcase classname="org.bukkit.PerMaterialTest" name="isBlock[619: POTTED_OAK_SAPLING]" time="0"/>
  <testcase classname="org.bukkit.PerMaterialTest" name="isSolid[619: POTTED_OAK_SAPLING]" time="0"/>
  <testcase classname="org.bukkit.PerMaterialTest" name="hasGravity[620: POTTED_ORANGE_TULIP]" time="0"/>
  <testcase classname="org.bukkit.PerMaterialTest" name="isBurnable[620: POTTED_ORANGE_TULIP]" time="0"/>
  <testcase classname="org.bukkit.PerMaterialTest" name="testInteractable[620: POTTED_ORANGE_TULIP]" time="0"/>
  <testcase classname="org.bukkit.PerMaterialTest" name="testBlock[620: POTTED_ORANGE_TULIP]" time="0.001"/>
  <testcase classname="org.bukkit.PerMaterialTest" name="isFuel[620: POTTED_ORANGE_TULIP]" time="0"/>
  <testcase classname="org.bukkit.PerMaterialTest" name="testItem[620: POTTED_ORANGE_TULIP]" time="0.001"/>
  <testcase classname="org.bukkit.PerMaterialTest" name="testBlastResistance[620: POTTED_ORANGE_TULIP]" time="0"/>
  <testcase classname="org.bukkit.PerMaterialTest" name="isEdible[620: POTTED_ORANGE_TULIP]" time="0"/>
  <testcase classname="org.bukkit.PerMaterialTest" name="maxDurability[620: POTTED_ORANGE_TULIP]" time="0"/>
  <testcase classname="org.bukkit.PerMaterialTest" name="usesDurability[620: POTTED_ORANGE_TULIP]" time="0.001"/>
  <testcase classname="org.bukkit.PerMaterialTest" name="isOccluding[620: POTTED_ORANGE_TULIP]" time="0"/>
  <testcase classname="org.bukkit.PerMaterialTest" name="isRecord[620: POTTED_ORANGE_TULIP]" time="0"/>
  <testcase classname="org.bukkit.PerMaterialTest" name="isFlammable[620: POTTED_ORANGE_TULIP]" time="0"/>
  <testcase classname="org.bukkit.PerMaterialTest" name="testDurability[620: POTTED_ORANGE_TULIP]" time="0"/>
  <testcase classname="org.bukkit.PerMaterialTest" name="testBlockHardness[620: POTTED_ORANGE_TULIP]" time="0"/>
  <testcase classname="org.bukkit.PerMaterialTest" name="maxStackSize[620: POTTED_ORANGE_TULIP]" time="0"/>
  <testcase classname="org.bukkit.PerMaterialTest" name="isTransparent[620: POTTED_ORANGE_TULIP]" time="0"/>
  <testcase classname="org.bukkit.PerMaterialTest" name="testBlockDataCreation[620: POTTED_ORANGE_TULIP]" time="0"/>
  <testcase classname="org.bukkit.PerMaterialTest" name="isBlock[620: POTTED_ORANGE_TULIP]" time="0"/>
  <testcase classname="org.bukkit.PerMaterialTest" name="isSolid[620: POTTED_ORANGE_TULIP]" time="0"/>
  <testcase classname="org.bukkit.PerMaterialTest" name="hasGravity[621: POTTED_OXEYE_DAISY]" time="0"/>
  <testcase classname="org.bukkit.PerMaterialTest" name="isBurnable[621: POTTED_OXEYE_DAISY]" time="0"/>
  <testcase classname="org.bukkit.PerMaterialTest" name="testInteractable[621: POTTED_OXEYE_DAISY]" time="0"/>
  <testcase classname="org.bukkit.PerMaterialTest" name="testBlock[621: POTTED_OXEYE_DAISY]" time="0.001"/>
  <testcase classname="org.bukkit.PerMaterialTest" name="isFuel[621: POTTED_OXEYE_DAISY]" time="0"/>
  <testcase classname="org.bukkit.PerMaterialTest" name="testItem[621: POTTED_OXEYE_DAISY]" time="0"/>
  <testcase classname="org.bukkit.PerMaterialTest" name="testBlastResistance[621: POTTED_OXEYE_DAISY]" time="0"/>
  <testcase classname="org.bukkit.PerMaterialTest" name="isEdible[621: POTTED_OXEYE_DAISY]" time="0"/>
  <testcase classname="org.bukkit.PerMaterialTest" name="maxDurability[621: POTTED_OXEYE_DAISY]" time="0"/>
  <testcase classname="org.bukkit.PerMaterialTest" name="usesDurability[621: POTTED_OXEYE_DAISY]" time="0"/>
  <testcase classname="org.bukkit.PerMaterialTest" name="isOccluding[621: POTTED_OXEYE_DAISY]" time="0"/>
  <testcase classname="org.bukkit.PerMaterialTest" name="isRecord[621: POTTED_OXEYE_DAISY]" time="0"/>
  <testcase classname="org.bukkit.PerMaterialTest" name="isFlammable[621: POTTED_OXEYE_DAISY]" time="0"/>
  <testcase classname="org.bukkit.PerMaterialTest" name="testDurability[621: POTTED_OXEYE_DAISY]" time="0"/>
  <testcase classname="org.bukkit.PerMaterialTest" name="testBlockHardness[621: POTTED_OXEYE_DAISY]" time="0"/>
  <testcase classname="org.bukkit.PerMaterialTest" name="maxStackSize[621: POTTED_OXEYE_DAISY]" time="0"/>
  <testcase classname="org.bukkit.PerMaterialTest" name="isTransparent[621: POTTED_OXEYE_DAISY]" time="0"/>
  <testcase classname="org.bukkit.PerMaterialTest" name="testBlockDataCreation[621: POTTED_OXEYE_DAISY]" time="0"/>
  <testcase classname="org.bukkit.PerMaterialTest" name="isBlock[621: POTTED_OXEYE_DAISY]" time="0"/>
  <testcase classname="org.bukkit.PerMaterialTest" name="isSolid[621: POTTED_OXEYE_DAISY]" time="0"/>
  <testcase classname="org.bukkit.PerMaterialTest" name="hasGravity[622: POTTED_PINK_TULIP]" time="0"/>
  <testcase classname="org.bukkit.PerMaterialTest" name="isBurnable[622: POTTED_PINK_TULIP]" time="0"/>
  <testcase classname="org.bukkit.PerMaterialTest" name="testInteractable[622: POTTED_PINK_TULIP]" time="0"/>
  <testcase classname="org.bukkit.PerMaterialTest" name="testBlock[622: POTTED_PINK_TULIP]" time="0"/>
  <testcase classname="org.bukkit.PerMaterialTest" name="isFuel[622: POTTED_PINK_TULIP]" time="0"/>
  <testcase classname="org.bukkit.PerMaterialTest" name="testItem[622: POTTED_PINK_TULIP]" time="0"/>
  <testcase classname="org.bukkit.PerMaterialTest" name="testBlastResistance[622: POTTED_PINK_TULIP]" time="0"/>
  <testcase classname="org.bukkit.PerMaterialTest" name="isEdible[622: POTTED_PINK_TULIP]" time="0"/>
  <testcase classname="org.bukkit.PerMaterialTest" name="maxDurability[622: POTTED_PINK_TULIP]" time="0"/>
  <testcase classname="org.bukkit.PerMaterialTest" name="usesDurability[622: POTTED_PINK_TULIP]" time="0"/>
  <testcase classname="org.bukkit.PerMaterialTest" name="isOccluding[622: POTTED_PINK_TULIP]" time="0.001"/>
  <testcase classname="org.bukkit.PerMaterialTest" name="isRecord[622: POTTED_PINK_TULIP]" time="0"/>
  <testcase classname="org.bukkit.PerMaterialTest" name="isFlammable[622: POTTED_PINK_TULIP]" time="0"/>
  <testcase classname="org.bukkit.PerMaterialTest" name="testDurability[622: POTTED_PINK_TULIP]" time="0"/>
  <testcase classname="org.bukkit.PerMaterialTest" name="testBlockHardness[622: POTTED_PINK_TULIP]" time="0"/>
  <testcase classname="org.bukkit.PerMaterialTest" name="maxStackSize[622: POTTED_PINK_TULIP]" time="0"/>
  <testcase classname="org.bukkit.PerMaterialTest" name="isTransparent[622: POTTED_PINK_TULIP]" time="0"/>
  <testcase classname="org.bukkit.PerMaterialTest" name="testBlockDataCreation[622: POTTED_PINK_TULIP]" time="0"/>
  <testcase classname="org.bukkit.PerMaterialTest" name="isBlock[622: POTTED_PINK_TULIP]" time="0.001"/>
  <testcase classname="org.bukkit.PerMaterialTest" name="isSolid[622: POTTED_PINK_TULIP]" time="0"/>
  <testcase classname="org.bukkit.PerMaterialTest" name="hasGravity[623: POTTED_POPPY]" time="0"/>
  <testcase classname="org.bukkit.PerMaterialTest" name="isBurnable[623: POTTED_POPPY]" time="0"/>
  <testcase classname="org.bukkit.PerMaterialTest" name="testInteractable[623: POTTED_POPPY]" time="0"/>
  <testcase classname="org.bukkit.PerMaterialTest" name="testBlock[623: POTTED_POPPY]" time="0"/>
  <testcase classname="org.bukkit.PerMaterialTest" name="isFuel[623: POTTED_POPPY]" time="0.001"/>
  <testcase classname="org.bukkit.PerMaterialTest" name="testItem[623: POTTED_POPPY]" time="0"/>
  <testcase classname="org.bukkit.PerMaterialTest" name="testBlastResistance[623: POTTED_POPPY]" time="0"/>
  <testcase classname="org.bukkit.PerMaterialTest" name="isEdible[623: POTTED_POPPY]" time="0"/>
  <testcase classname="org.bukkit.PerMaterialTest" name="maxDurability[623: POTTED_POPPY]" time="0"/>
  <testcase classname="org.bukkit.PerMaterialTest" name="usesDurability[623: POTTED_POPPY]" time="0"/>
  <testcase classname="org.bukkit.PerMaterialTest" name="isOccluding[623: POTTED_POPPY]" time="0"/>
  <testcase classname="org.bukkit.PerMaterialTest" name="isRecord[623: POTTED_POPPY]" time="0"/>
  <testcase classname="org.bukkit.PerMaterialTest" name="isFlammable[623: POTTED_POPPY]" time="0"/>
  <testcase classname="org.bukkit.PerMaterialTest" name="testDurability[623: POTTED_POPPY]" time="0"/>
  <testcase classname="org.bukkit.PerMaterialTest" name="testBlockHardness[623: POTTED_POPPY]" time="0"/>
  <testcase classname="org.bukkit.PerMaterialTest" name="maxStackSize[623: POTTED_POPPY]" time="0"/>
  <testcase classname="org.bukkit.PerMaterialTest" name="isTransparent[623: POTTED_POPPY]" time="0"/>
  <testcase classname="org.bukkit.PerMaterialTest" name="testBlockDataCreation[623: POTTED_POPPY]" time="0"/>
  <testcase classname="org.bukkit.PerMaterialTest" name="isBlock[623: POTTED_POPPY]" time="0"/>
  <testcase classname="org.bukkit.PerMaterialTest" name="isSolid[623: POTTED_POPPY]" time="0"/>
  <testcase classname="org.bukkit.PerMaterialTest" name="hasGravity[624: POTTED_RED_MUSHROOM]" time="0.001"/>
  <testcase classname="org.bukkit.PerMaterialTest" name="isBurnable[624: POTTED_RED_MUSHROOM]" time="0"/>
  <testcase classname="org.bukkit.PerMaterialTest" name="testInteractable[624: POTTED_RED_MUSHROOM]" time="0"/>
  <testcase classname="org.bukkit.PerMaterialTest" name="testBlock[624: POTTED_RED_MUSHROOM]" time="0"/>
  <testcase classname="org.bukkit.PerMaterialTest" name="isFuel[624: POTTED_RED_MUSHROOM]" time="0"/>
  <testcase classname="org.bukkit.PerMaterialTest" name="testItem[624: POTTED_RED_MUSHROOM]" time="0"/>
  <testcase classname="org.bukkit.PerMaterialTest" name="testBlastResistance[624: POTTED_RED_MUSHROOM]" time="0"/>
  <testcase classname="org.bukkit.PerMaterialTest" name="isEdible[624: POTTED_RED_MUSHROOM]" time="0"/>
  <testcase classname="org.bukkit.PerMaterialTest" name="maxDurability[624: POTTED_RED_MUSHROOM]" time="0"/>
  <testcase classname="org.bukkit.PerMaterialTest" name="usesDurability[624: POTTED_RED_MUSHROOM]" time="0"/>
  <testcase classname="org.bukkit.PerMaterialTest" name="isOccluding[624: POTTED_RED_MUSHROOM]" time="0"/>
  <testcase classname="org.bukkit.PerMaterialTest" name="isRecord[624: POTTED_RED_MUSHROOM]" time="0"/>
  <testcase classname="org.bukkit.PerMaterialTest" name="isFlammable[624: POTTED_RED_MUSHROOM]" time="0"/>
  <testcase classname="org.bukkit.PerMaterialTest" name="testDurability[624: POTTED_RED_MUSHROOM]" time="0"/>
  <testcase classname="org.bukkit.PerMaterialTest" name="testBlockHardness[624: POTTED_RED_MUSHROOM]" time="0"/>
  <testcase classname="org.bukkit.PerMaterialTest" name="maxStackSize[624: POTTED_RED_MUSHROOM]" time="0"/>
  <testcase classname="org.bukkit.PerMaterialTest" name="isTransparent[624: POTTED_RED_MUSHROOM]" time="0"/>
  <testcase classname="org.bukkit.PerMaterialTest" name="testBlockDataCreation[624: POTTED_RED_MUSHROOM]" time="0"/>
  <testcase classname="org.bukkit.PerMaterialTest" name="isBlock[624: POTTED_RED_MUSHROOM]" time="0"/>
  <testcase classname="org.bukkit.PerMaterialTest" name="isSolid[624: POTTED_RED_MUSHROOM]" time="0"/>
  <testcase classname="org.bukkit.PerMaterialTest" name="hasGravity[625: POTTED_RED_TULIP]" time="0"/>
  <testcase classname="org.bukkit.PerMaterialTest" name="isBurnable[625: POTTED_RED_TULIP]" time="0"/>
  <testcase classname="org.bukkit.PerMaterialTest" name="testInteractable[625: POTTED_RED_TULIP]" time="0.001"/>
  <testcase classname="org.bukkit.PerMaterialTest" name="testBlock[625: POTTED_RED_TULIP]" time="0"/>
  <testcase classname="org.bukkit.PerMaterialTest" name="isFuel[625: POTTED_RED_TULIP]" time="0"/>
  <testcase classname="org.bukkit.PerMaterialTest" name="testItem[625: POTTED_RED_TULIP]" time="0"/>
  <testcase classname="org.bukkit.PerMaterialTest" name="testBlastResistance[625: POTTED_RED_TULIP]" time="0"/>
  <testcase classname="org.bukkit.PerMaterialTest" name="isEdible[625: POTTED_RED_TULIP]" time="0"/>
  <testcase classname="org.bukkit.PerMaterialTest" name="maxDurability[625: POTTED_RED_TULIP]" time="0"/>
  <testcase classname="org.bukkit.PerMaterialTest" name="usesDurability[625: POTTED_RED_TULIP]" time="0"/>
  <testcase classname="org.bukkit.PerMaterialTest" name="isOccluding[625: POTTED_RED_TULIP]" time="0"/>
  <testcase classname="org.bukkit.PerMaterialTest" name="isRecord[625: POTTED_RED_TULIP]" time="0"/>
  <testcase classname="org.bukkit.PerMaterialTest" name="isFlammable[625: POTTED_RED_TULIP]" time="0"/>
  <testcase classname="org.bukkit.PerMaterialTest" name="testDurability[625: POTTED_RED_TULIP]" time="0"/>
  <testcase classname="org.bukkit.PerMaterialTest" name="testBlockHardness[625: POTTED_RED_TULIP]" time="0"/>
  <testcase classname="org.bukkit.PerMaterialTest" name="maxStackSize[625: POTTED_RED_TULIP]" time="0"/>
  <testcase classname="org.bukkit.PerMaterialTest" name="isTransparent[625: POTTED_RED_TULIP]" time="0"/>
  <testcase classname="org.bukkit.PerMaterialTest" name="testBlockDataCreation[625: POTTED_RED_TULIP]" time="0"/>
  <testcase classname="org.bukkit.PerMaterialTest" name="isBlock[625: POTTED_RED_TULIP]" time="0"/>
  <testcase classname="org.bukkit.PerMaterialTest" name="isSolid[625: POTTED_RED_TULIP]" time="0"/>
  <testcase classname="org.bukkit.PerMaterialTest" name="hasGravity[626: POTTED_SPRUCE_SAPLING]" time="0"/>
  <testcase classname="org.bukkit.PerMaterialTest" name="isBurnable[626: POTTED_SPRUCE_SAPLING]" time="0"/>
  <testcase classname="org.bukkit.PerMaterialTest" name="testInteractable[626: POTTED_SPRUCE_SAPLING]" time="0"/>
  <testcase classname="org.bukkit.PerMaterialTest" name="testBlock[626: POTTED_SPRUCE_SAPLING]" time="0"/>
  <testcase classname="org.bukkit.PerMaterialTest" name="isFuel[626: POTTED_SPRUCE_SAPLING]" time="0"/>
  <testcase classname="org.bukkit.PerMaterialTest" name="testItem[626: POTTED_SPRUCE_SAPLING]" time="0"/>
  <testcase classname="org.bukkit.PerMaterialTest" name="testBlastResistance[626: POTTED_SPRUCE_SAPLING]" time="0"/>
  <testcase classname="org.bukkit.PerMaterialTest" name="isEdible[626: POTTED_SPRUCE_SAPLING]" time="0"/>
  <testcase classname="org.bukkit.PerMaterialTest" name="maxDurability[626: POTTED_SPRUCE_SAPLING]" time="0"/>
  <testcase classname="org.bukkit.PerMaterialTest" name="usesDurability[626: POTTED_SPRUCE_SAPLING]" time="0"/>
  <testcase classname="org.bukkit.PerMaterialTest" name="isOccluding[626: POTTED_SPRUCE_SAPLING]" time="0.001"/>
  <testcase classname="org.bukkit.PerMaterialTest" name="isRecord[626: POTTED_SPRUCE_SAPLING]" time="0"/>
  <testcase classname="org.bukkit.PerMaterialTest" name="isFlammable[626: POTTED_SPRUCE_SAPLING]" time="0"/>
  <testcase classname="org.bukkit.PerMaterialTest" name="testDurability[626: POTTED_SPRUCE_SAPLING]" time="0"/>
  <testcase classname="org.bukkit.PerMaterialTest" name="testBlockHardness[626: POTTED_SPRUCE_SAPLING]" time="0"/>
  <testcase classname="org.bukkit.PerMaterialTest" name="maxStackSize[626: POTTED_SPRUCE_SAPLING]" time="0"/>
  <testcase classname="org.bukkit.PerMaterialTest" name="isTransparent[626: POTTED_SPRUCE_SAPLING]" time="0"/>
  <testcase classname="org.bukkit.PerMaterialTest" name="testBlockDataCreation[626: POTTED_SPRUCE_SAPLING]" time="0"/>
  <testcase classname="org.bukkit.PerMaterialTest" name="isBlock[626: POTTED_SPRUCE_SAPLING]" time="0"/>
  <testcase classname="org.bukkit.PerMaterialTest" name="isSolid[626: POTTED_SPRUCE_SAPLING]" time="0"/>
  <testcase classname="org.bukkit.PerMaterialTest" name="hasGravity[627: POTTED_WHITE_TULIP]" time="0"/>
  <testcase classname="org.bukkit.PerMaterialTest" name="isBurnable[627: POTTED_WHITE_TULIP]" time="0"/>
  <testcase classname="org.bukkit.PerMaterialTest" name="testInteractable[627: POTTED_WHITE_TULIP]" time="0"/>
  <testcase classname="org.bukkit.PerMaterialTest" name="testBlock[627: POTTED_WHITE_TULIP]" time="0"/>
  <testcase classname="org.bukkit.PerMaterialTest" name="isFuel[627: POTTED_WHITE_TULIP]" time="0.001"/>
  <testcase classname="org.bukkit.PerMaterialTest" name="testItem[627: POTTED_WHITE_TULIP]" time="0"/>
  <testcase classname="org.bukkit.PerMaterialTest" name="testBlastResistance[627: POTTED_WHITE_TULIP]" time="0"/>
  <testcase classname="org.bukkit.PerMaterialTest" name="isEdible[627: POTTED_WHITE_TULIP]" time="0"/>
  <testcase classname="org.bukkit.PerMaterialTest" name="maxDurability[627: POTTED_WHITE_TULIP]" time="0"/>
  <testcase classname="org.bukkit.PerMaterialTest" name="usesDurability[627: POTTED_WHITE_TULIP]" time="0"/>
  <testcase classname="org.bukkit.PerMaterialTest" name="isOccluding[627: POTTED_WHITE_TULIP]" time="0"/>
  <testcase classname="org.bukkit.PerMaterialTest" name="isRecord[627: POTTED_WHITE_TULIP]" time="0"/>
  <testcase classname="org.bukkit.PerMaterialTest" name="isFlammable[627: POTTED_WHITE_TULIP]" time="0"/>
  <testcase classname="org.bukkit.PerMaterialTest" name="testDurability[627: POTTED_WHITE_TULIP]" time="0"/>
  <testcase classname="org.bukkit.PerMaterialTest" name="testBlockHardness[627: POTTED_WHITE_TULIP]" time="0"/>
  <testcase classname="org.bukkit.PerMaterialTest" name="maxStackSize[627: POTTED_WHITE_TULIP]" time="0"/>
  <testcase classname="org.bukkit.PerMaterialTest" name="isTransparent[627: POTTED_WHITE_TULIP]" time="0"/>
  <testcase classname="org.bukkit.PerMaterialTest" name="testBlockDataCreation[627: POTTED_WHITE_TULIP]" time="0"/>
  <testcase classname="org.bukkit.PerMaterialTest" name="isBlock[627: POTTED_WHITE_TULIP]" time="0"/>
  <testcase classname="org.bukkit.PerMaterialTest" name="isSolid[627: POTTED_WHITE_TULIP]" time="0"/>
  <testcase classname="org.bukkit.PerMaterialTest" name="hasGravity[628: POWERED_RAIL]" time="0"/>
  <testcase classname="org.bukkit.PerMaterialTest" name="isBurnable[628: POWERED_RAIL]" time="0"/>
  <testcase classname="org.bukkit.PerMaterialTest" name="testInteractable[628: POWERED_RAIL]" time="0"/>
  <testcase classname="org.bukkit.PerMaterialTest" name="testBlock[628: POWERED_RAIL]" time="0"/>
  <testcase classname="org.bukkit.PerMaterialTest" name="isFuel[628: POWERED_RAIL]" time="0"/>
  <testcase classname="org.bukkit.PerMaterialTest" name="testItem[628: POWERED_RAIL]" time="0.001"/>
  <testcase classname="org.bukkit.PerMaterialTest" name="testBlastResistance[628: POWERED_RAIL]" time="0"/>
  <testcase classname="org.bukkit.PerMaterialTest" name="isEdible[628: POWERED_RAIL]" time="0"/>
  <testcase classname="org.bukkit.PerMaterialTest" name="maxDurability[628: POWERED_RAIL]" time="0"/>
  <testcase classname="org.bukkit.PerMaterialTest" name="usesDurability[628: POWERED_RAIL]" time="0"/>
  <testcase classname="org.bukkit.PerMaterialTest" name="isOccluding[628: POWERED_RAIL]" time="0"/>
  <testcase classname="org.bukkit.PerMaterialTest" name="isRecord[628: POWERED_RAIL]" time="0"/>
  <testcase classname="org.bukkit.PerMaterialTest" name="isFlammable[628: POWERED_RAIL]" time="0"/>
  <testcase classname="org.bukkit.PerMaterialTest" name="testDurability[628: POWERED_RAIL]" time="0.001"/>
  <testcase classname="org.bukkit.PerMaterialTest" name="testBlockHardness[628: POWERED_RAIL]" time="0"/>
  <testcase classname="org.bukkit.PerMaterialTest" name="maxStackSize[628: POWERED_RAIL]" time="0"/>
  <testcase classname="org.bukkit.PerMaterialTest" name="isTransparent[628: POWERED_RAIL]" time="0"/>
  <testcase classname="org.bukkit.PerMaterialTest" name="testBlockDataCreation[628: POWERED_RAIL]" time="0"/>
  <testcase classname="org.bukkit.PerMaterialTest" name="isBlock[628: POWERED_RAIL]" time="0"/>
  <testcase classname="org.bukkit.PerMaterialTest" name="isSolid[628: POWERED_RAIL]" time="0"/>
  <testcase classname="org.bukkit.PerMaterialTest" name="hasGravity[629: PRISMARINE]" time="0.001"/>
  <testcase classname="org.bukkit.PerMaterialTest" name="isBurnable[629: PRISMARINE]" time="0"/>
  <testcase classname="org.bukkit.PerMaterialTest" name="testInteractable[629: PRISMARINE]" time="0"/>
  <testcase classname="org.bukkit.PerMaterialTest" name="testBlock[629: PRISMARINE]" time="0"/>
  <testcase classname="org.bukkit.PerMaterialTest" name="isFuel[629: PRISMARINE]" time="0"/>
  <testcase classname="org.bukkit.PerMaterialTest" name="testItem[629: PRISMARINE]" time="0"/>
  <testcase classname="org.bukkit.PerMaterialTest" name="testBlastResistance[629: PRISMARINE]" time="0.001"/>
  <testcase classname="org.bukkit.PerMaterialTest" name="isEdible[629: PRISMARINE]" time="0"/>
  <testcase classname="org.bukkit.PerMaterialTest" name="maxDurability[629: PRISMARINE]" time="0"/>
  <testcase classname="org.bukkit.PerMaterialTest" name="usesDurability[629: PRISMARINE]" time="0"/>
  <testcase classname="org.bukkit.PerMaterialTest" name="isOccluding[629: PRISMARINE]" time="0"/>
  <testcase classname="org.bukkit.PerMaterialTest" name="isRecord[629: PRISMARINE]" time="0"/>
  <testcase classname="org.bukkit.PerMaterialTest" name="isFlammable[629: PRISMARINE]" time="0"/>
  <testcase classname="org.bukkit.PerMaterialTest" name="testDurability[629: PRISMARINE]" time="0"/>
  <testcase classname="org.bukkit.PerMaterialTest" name="testBlockHardness[629: PRISMARINE]" time="0"/>
  <testcase classname="org.bukkit.PerMaterialTest" name="maxStackSize[629: PRISMARINE]" time="0"/>
  <testcase classname="org.bukkit.PerMaterialTest" name="isTransparent[629: PRISMARINE]" time="0"/>
  <testcase classname="org.bukkit.PerMaterialTest" name="testBlockDataCreation[629: PRISMARINE]" time="0"/>
  <testcase classname="org.bukkit.PerMaterialTest" name="isBlock[629: PRISMARINE]" time="0"/>
  <testcase classname="org.bukkit.PerMaterialTest" name="isSolid[629: PRISMARINE]" time="0"/>
  <testcase classname="org.bukkit.PerMaterialTest" name="hasGravity[630: PRISMARINE_BRICKS]" time="0.001"/>
  <testcase classname="org.bukkit.PerMaterialTest" name="isBurnable[630: PRISMARINE_BRICKS]" time="0"/>
  <testcase classname="org.bukkit.PerMaterialTest" name="testInteractable[630: PRISMARINE_BRICKS]" time="0"/>
  <testcase classname="org.bukkit.PerMaterialTest" name="testBlock[630: PRISMARINE_BRICKS]" time="0"/>
  <testcase classname="org.bukkit.PerMaterialTest" name="isFuel[630: PRISMARINE_BRICKS]" time="0"/>
  <testcase classname="org.bukkit.PerMaterialTest" name="testItem[630: PRISMARINE_BRICKS]" time="0"/>
  <testcase classname="org.bukkit.PerMaterialTest" name="testBlastResistance[630: PRISMARINE_BRICKS]" time="0.001"/>
  <testcase classname="org.bukkit.PerMaterialTest" name="isEdible[630: PRISMARINE_BRICKS]" time="0"/>
  <testcase classname="org.bukkit.PerMaterialTest" name="maxDurability[630: PRISMARINE_BRICKS]" time="0"/>
  <testcase classname="org.bukkit.PerMaterialTest" name="usesDurability[630: PRISMARINE_BRICKS]" time="0"/>
  <testcase classname="org.bukkit.PerMaterialTest" name="isOccluding[630: PRISMARINE_BRICKS]" time="0"/>
  <testcase classname="org.bukkit.PerMaterialTest" name="isRecord[630: PRISMARINE_BRICKS]" time="0"/>
  <testcase classname="org.bukkit.PerMaterialTest" name="isFlammable[630: PRISMARINE_BRICKS]" time="0"/>
  <testcase classname="org.bukkit.PerMaterialTest" name="testDurability[630: PRISMARINE_BRICKS]" time="0"/>
  <testcase classname="org.bukkit.PerMaterialTest" name="testBlockHardness[630: PRISMARINE_BRICKS]" time="0"/>
  <testcase classname="org.bukkit.PerMaterialTest" name="maxStackSize[630: PRISMARINE_BRICKS]" time="0"/>
  <testcase classname="org.bukkit.PerMaterialTest" name="isTransparent[630: PRISMARINE_BRICKS]" time="0"/>
  <testcase classname="org.bukkit.PerMaterialTest" name="testBlockDataCreation[630: PRISMARINE_BRICKS]" time="0"/>
  <testcase classname="org.bukkit.PerMaterialTest" name="isBlock[630: PRISMARINE_BRICKS]" time="0"/>
  <testcase classname="org.bukkit.PerMaterialTest" name="isSolid[630: PRISMARINE_BRICKS]" time="0"/>
  <testcase classname="org.bukkit.PerMaterialTest" name="hasGravity[631: PRISMARINE_BRICK_SLAB]" time="0"/>
  <testcase classname="org.bukkit.PerMaterialTest" name="isBurnable[631: PRISMARINE_BRICK_SLAB]" time="0"/>
  <testcase classname="org.bukkit.PerMaterialTest" name="testInteractable[631: PRISMARINE_BRICK_SLAB]" time="0"/>
  <testcase classname="org.bukkit.PerMaterialTest" name="testBlock[631: PRISMARINE_BRICK_SLAB]" time="0"/>
  <testcase classname="org.bukkit.PerMaterialTest" name="isFuel[631: PRISMARINE_BRICK_SLAB]" time="0"/>
  <testcase classname="org.bukkit.PerMaterialTest" name="testItem[631: PRISMARINE_BRICK_SLAB]" time="0"/>
  <testcase classname="org.bukkit.PerMaterialTest" name="testBlastResistance[631: PRISMARINE_BRICK_SLAB]" time="0.001"/>
  <testcase classname="org.bukkit.PerMaterialTest" name="isEdible[631: PRISMARINE_BRICK_SLAB]" time="0"/>
  <testcase classname="org.bukkit.PerMaterialTest" name="maxDurability[631: PRISMARINE_BRICK_SLAB]" time="0"/>
  <testcase classname="org.bukkit.PerMaterialTest" name="usesDurability[631: PRISMARINE_BRICK_SLAB]" time="0"/>
  <testcase classname="org.bukkit.PerMaterialTest" name="isOccluding[631: PRISMARINE_BRICK_SLAB]" time="0"/>
  <testcase classname="org.bukkit.PerMaterialTest" name="isRecord[631: PRISMARINE_BRICK_SLAB]" time="0"/>
  <testcase classname="org.bukkit.PerMaterialTest" name="isFlammable[631: PRISMARINE_BRICK_SLAB]" time="0"/>
  <testcase classname="org.bukkit.PerMaterialTest" name="testDurability[631: PRISMARINE_BRICK_SLAB]" time="0"/>
  <testcase classname="org.bukkit.PerMaterialTest" name="testBlockHardness[631: PRISMARINE_BRICK_SLAB]" time="0"/>
  <testcase classname="org.bukkit.PerMaterialTest" name="maxStackSize[631: PRISMARINE_BRICK_SLAB]" time="0"/>
  <testcase classname="org.bukkit.PerMaterialTest" name="isTransparent[631: PRISMARINE_BRICK_SLAB]" time="0"/>
  <testcase classname="org.bukkit.PerMaterialTest" name="testBlockDataCreation[631: PRISMARINE_BRICK_SLAB]" time="0"/>
  <testcase classname="org.bukkit.PerMaterialTest" name="isBlock[631: PRISMARINE_BRICK_SLAB]" time="0"/>
  <testcase classname="org.bukkit.PerMaterialTest" name="isSolid[631: PRISMARINE_BRICK_SLAB]" time="0"/>
  <testcase classname="org.bukkit.PerMaterialTest" name="hasGravity[632: PRISMARINE_BRICK_STAIRS]" time="0.001"/>
  <testcase classname="org.bukkit.PerMaterialTest" name="isBurnable[632: PRISMARINE_BRICK_STAIRS]" time="0"/>
  <testcase classname="org.bukkit.PerMaterialTest" name="testInteractable[632: PRISMARINE_BRICK_STAIRS]" time="0"/>
  <testcase classname="org.bukkit.PerMaterialTest" name="testBlock[632: PRISMARINE_BRICK_STAIRS]" time="0"/>
  <testcase classname="org.bukkit.PerMaterialTest" name="isFuel[632: PRISMARINE_BRICK_STAIRS]" time="0"/>
  <testcase classname="org.bukkit.PerMaterialTest" name="testItem[632: PRISMARINE_BRICK_STAIRS]" time="0"/>
  <testcase classname="org.bukkit.PerMaterialTest" name="testBlastResistance[632: PRISMARINE_BRICK_STAIRS]" time="0"/>
  <testcase classname="org.bukkit.PerMaterialTest" name="isEdible[632: PRISMARINE_BRICK_STAIRS]" time="0"/>
  <testcase classname="org.bukkit.PerMaterialTest" name="maxDurability[632: PRISMARINE_BRICK_STAIRS]" time="0"/>
  <testcase classname="org.bukkit.PerMaterialTest" name="usesDurability[632: PRISMARINE_BRICK_STAIRS]" time="0"/>
  <testcase classname="org.bukkit.PerMaterialTest" name="isOccluding[632: PRISMARINE_BRICK_STAIRS]" time="0"/>
  <testcase classname="org.bukkit.PerMaterialTest" name="isRecord[632: PRISMARINE_BRICK_STAIRS]" time="0"/>
  <testcase classname="org.bukkit.PerMaterialTest" name="isFlammable[632: PRISMARINE_BRICK_STAIRS]" time="0"/>
  <testcase classname="org.bukkit.PerMaterialTest" name="testDurability[632: PRISMARINE_BRICK_STAIRS]" time="0.001"/>
  <testcase classname="org.bukkit.PerMaterialTest" name="testBlockHardness[632: PRISMARINE_BRICK_STAIRS]" time="0"/>
  <testcase classname="org.bukkit.PerMaterialTest" name="maxStackSize[632: PRISMARINE_BRICK_STAIRS]" time="0"/>
  <testcase classname="org.bukkit.PerMaterialTest" name="isTransparent[632: PRISMARINE_BRICK_STAIRS]" time="0"/>
  <testcase classname="org.bukkit.PerMaterialTest" name="testBlockDataCreation[632: PRISMARINE_BRICK_STAIRS]" time="0"/>
  <testcase classname="org.bukkit.PerMaterialTest" name="isBlock[632: PRISMARINE_BRICK_STAIRS]" time="0"/>
  <testcase classname="org.bukkit.PerMaterialTest" name="isSolid[632: PRISMARINE_BRICK_STAIRS]" time="0"/>
  <testcase classname="org.bukkit.PerMaterialTest" name="hasGravity[633: PRISMARINE_CRYSTALS]" time="0"/>
  <testcase classname="org.bukkit.PerMaterialTest" name="isBurnable[633: PRISMARINE_CRYSTALS]" time="0"/>
  <testcase classname="org.bukkit.PerMaterialTest" name="testInteractable[633: PRISMARINE_CRYSTALS]" time="0"/>
  <testcase classname="org.bukkit.PerMaterialTest" name="testBlock[633: PRISMARINE_CRYSTALS]" time="0"/>
  <testcase classname="org.bukkit.PerMaterialTest" name="isFuel[633: PRISMARINE_CRYSTALS]" time="0"/>
  <testcase classname="org.bukkit.PerMaterialTest" name="testItem[633: PRISMARINE_CRYSTALS]" time="0"/>
  <testcase classname="org.bukkit.PerMaterialTest" name="testBlastResistance[633: PRISMARINE_CRYSTALS]" time="0.001"/>
  <testcase classname="org.bukkit.PerMaterialTest" name="isEdible[633: PRISMARINE_CRYSTALS]" time="0"/>
  <testcase classname="org.bukkit.PerMaterialTest" name="maxDurability[633: PRISMARINE_CRYSTALS]" time="0"/>
  <testcase classname="org.bukkit.PerMaterialTest" name="usesDurability[633: PRISMARINE_CRYSTALS]" time="0"/>
  <testcase classname="org.bukkit.PerMaterialTest" name="isOccluding[633: PRISMARINE_CRYSTALS]" time="0"/>
  <testcase classname="org.bukkit.PerMaterialTest" name="isRecord[633: PRISMARINE_CRYSTALS]" time="0"/>
  <testcase classname="org.bukkit.PerMaterialTest" name="isFlammable[633: PRISMARINE_CRYSTALS]" time="0"/>
  <testcase classname="org.bukkit.PerMaterialTest" name="testDurability[633: PRISMARINE_CRYSTALS]" time="0.001"/>
  <testcase classname="org.bukkit.PerMaterialTest" name="testBlockHardness[633: PRISMARINE_CRYSTALS]" time="0"/>
  <testcase classname="org.bukkit.PerMaterialTest" name="maxStackSize[633: PRISMARINE_CRYSTALS]" time="0"/>
  <testcase classname="org.bukkit.PerMaterialTest" name="isTransparent[633: PRISMARINE_CRYSTALS]" time="0"/>
  <testcase classname="org.bukkit.PerMaterialTest" name="testBlockDataCreation[633: PRISMARINE_CRYSTALS]" time="0"/>
  <testcase classname="org.bukkit.PerMaterialTest" name="isBlock[633: PRISMARINE_CRYSTALS]" time="0"/>
  <testcase classname="org.bukkit.PerMaterialTest" name="isSolid[633: PRISMARINE_CRYSTALS]" time="0"/>
  <testcase classname="org.bukkit.PerMaterialTest" name="hasGravity[634: PRISMARINE_SHARD]" time="0"/>
  <testcase classname="org.bukkit.PerMaterialTest" name="isBurnable[634: PRISMARINE_SHARD]" time="0"/>
  <testcase classname="org.bukkit.PerMaterialTest" name="testInteractable[634: PRISMARINE_SHARD]" time="0"/>
  <testcase classname="org.bukkit.PerMaterialTest" name="testBlock[634: PRISMARINE_SHARD]" time="0"/>
  <testcase classname="org.bukkit.PerMaterialTest" name="isFuel[634: PRISMARINE_SHARD]" time="0"/>
  <testcase classname="org.bukkit.PerMaterialTest" name="testItem[634: PRISMARINE_SHARD]" time="0"/>
  <testcase classname="org.bukkit.PerMaterialTest" name="testBlastResistance[634: PRISMARINE_SHARD]" time="0"/>
  <testcase classname="org.bukkit.PerMaterialTest" name="isEdible[634: PRISMARINE_SHARD]" time="0.001"/>
  <testcase classname="org.bukkit.PerMaterialTest" name="maxDurability[634: PRISMARINE_SHARD]" time="0"/>
  <testcase classname="org.bukkit.PerMaterialTest" name="usesDurability[634: PRISMARINE_SHARD]" time="0"/>
  <testcase classname="org.bukkit.PerMaterialTest" name="isOccluding[634: PRISMARINE_SHARD]" time="0"/>
  <testcase classname="org.bukkit.PerMaterialTest" name="isRecord[634: PRISMARINE_SHARD]" time="0"/>
  <testcase classname="org.bukkit.PerMaterialTest" name="isFlammable[634: PRISMARINE_SHARD]" time="0"/>
  <testcase classname="org.bukkit.PerMaterialTest" name="testDurability[634: PRISMARINE_SHARD]" time="0"/>
  <testcase classname="org.bukkit.PerMaterialTest" name="testBlockHardness[634: PRISMARINE_SHARD]" time="0"/>
  <testcase classname="org.bukkit.PerMaterialTest" name="maxStackSize[634: PRISMARINE_SHARD]" time="0.001"/>
  <testcase classname="org.bukkit.PerMaterialTest" name="isTransparent[634: PRISMARINE_SHARD]" time="0"/>
  <testcase classname="org.bukkit.PerMaterialTest" name="testBlockDataCreation[634: PRISMARINE_SHARD]" time="0"/>
  <testcase classname="org.bukkit.PerMaterialTest" name="isBlock[634: PRISMARINE_SHARD]" time="0"/>
  <testcase classname="org.bukkit.PerMaterialTest" name="isSolid[634: PRISMARINE_SHARD]" time="0"/>
  <testcase classname="org.bukkit.PerMaterialTest" name="hasGravity[635: PRISMARINE_SLAB]" time="0"/>
  <testcase classname="org.bukkit.PerMaterialTest" name="isBurnable[635: PRISMARINE_SLAB]" time="0"/>
  <testcase classname="org.bukkit.PerMaterialTest" name="testInteractable[635: PRISMARINE_SLAB]" time="0.001"/>
  <testcase classname="org.bukkit.PerMaterialTest" name="testBlock[635: PRISMARINE_SLAB]" time="0"/>
  <testcase classname="org.bukkit.PerMaterialTest" name="isFuel[635: PRISMARINE_SLAB]" time="0"/>
  <testcase classname="org.bukkit.PerMaterialTest" name="testItem[635: PRISMARINE_SLAB]" time="0"/>
  <testcase classname="org.bukkit.PerMaterialTest" name="testBlastResistance[635: PRISMARINE_SLAB]" time="0"/>
  <testcase classname="org.bukkit.PerMaterialTest" name="isEdible[635: PRISMARINE_SLAB]" time="0"/>
  <testcase classname="org.bukkit.PerMaterialTest" name="maxDurability[635: PRISMARINE_SLAB]" time="0.001"/>
  <testcase classname="org.bukkit.PerMaterialTest" name="usesDurability[635: PRISMARINE_SLAB]" time="0"/>
  <testcase classname="org.bukkit.PerMaterialTest" name="isOccluding[635: PRISMARINE_SLAB]" time="0"/>
  <testcase classname="org.bukkit.PerMaterialTest" name="isRecord[635: PRISMARINE_SLAB]" time="0"/>
  <testcase classname="org.bukkit.PerMaterialTest" name="isFlammable[635: PRISMARINE_SLAB]" time="0"/>
  <testcase classname="org.bukkit.PerMaterialTest" name="testDurability[635: PRISMARINE_SLAB]" time="0"/>
  <testcase classname="org.bukkit.PerMaterialTest" name="testBlockHardness[635: PRISMARINE_SLAB]" time="0"/>
  <testcase classname="org.bukkit.PerMaterialTest" name="maxStackSize[635: PRISMARINE_SLAB]" time="0.001"/>
  <testcase classname="org.bukkit.PerMaterialTest" name="isTransparent[635: PRISMARINE_SLAB]" time="0"/>
  <testcase classname="org.bukkit.PerMaterialTest" name="testBlockDataCreation[635: PRISMARINE_SLAB]" time="0"/>
  <testcase classname="org.bukkit.PerMaterialTest" name="isBlock[635: PRISMARINE_SLAB]" time="0"/>
  <testcase classname="org.bukkit.PerMaterialTest" name="isSolid[635: PRISMARINE_SLAB]" time="0"/>
  <testcase classname="org.bukkit.PerMaterialTest" name="hasGravity[636: PRISMARINE_STAIRS]" time="0"/>
  <testcase classname="org.bukkit.PerMaterialTest" name="isBurnable[636: PRISMARINE_STAIRS]" time="0"/>
  <testcase classname="org.bukkit.PerMaterialTest" name="testInteractable[636: PRISMARINE_STAIRS]" time="0.001"/>
  <testcase classname="org.bukkit.PerMaterialTest" name="testBlock[636: PRISMARINE_STAIRS]" time="0"/>
  <testcase classname="org.bukkit.PerMaterialTest" name="isFuel[636: PRISMARINE_STAIRS]" time="0"/>
  <testcase classname="org.bukkit.PerMaterialTest" name="testItem[636: PRISMARINE_STAIRS]" time="0"/>
  <testcase classname="org.bukkit.PerMaterialTest" name="testBlastResistance[636: PRISMARINE_STAIRS]" time="0"/>
  <testcase classname="org.bukkit.PerMaterialTest" name="isEdible[636: PRISMARINE_STAIRS]" time="0"/>
  <testcase classname="org.bukkit.PerMaterialTest" name="maxDurability[636: PRISMARINE_STAIRS]" time="0"/>
  <testcase classname="org.bukkit.PerMaterialTest" name="usesDurability[636: PRISMARINE_STAIRS]" time="0"/>
  <testcase classname="org.bukkit.PerMaterialTest" name="isOccluding[636: PRISMARINE_STAIRS]" time="0"/>
  <testcase classname="org.bukkit.PerMaterialTest" name="isRecord[636: PRISMARINE_STAIRS]" time="0"/>
  <testcase classname="org.bukkit.PerMaterialTest" name="isFlammable[636: PRISMARINE_STAIRS]" time="0"/>
  <testcase classname="org.bukkit.PerMaterialTest" name="testDurability[636: PRISMARINE_STAIRS]" time="0"/>
  <testcase classname="org.bukkit.PerMaterialTest" name="testBlockHardness[636: PRISMARINE_STAIRS]" time="0"/>
  <testcase classname="org.bukkit.PerMaterialTest" name="maxStackSize[636: PRISMARINE_STAIRS]" time="0.001"/>
  <testcase classname="org.bukkit.PerMaterialTest" name="isTransparent[636: PRISMARINE_STAIRS]" time="0"/>
  <testcase classname="org.bukkit.PerMaterialTest" name="testBlockDataCreation[636: PRISMARINE_STAIRS]" time="0"/>
  <testcase classname="org.bukkit.PerMaterialTest" name="isBlock[636: PRISMARINE_STAIRS]" time="0"/>
  <testcase classname="org.bukkit.PerMaterialTest" name="isSolid[636: PRISMARINE_STAIRS]" time="0"/>
  <testcase classname="org.bukkit.PerMaterialTest" name="hasGravity[637: PUFFERFISH]" time="0"/>
  <testcase classname="org.bukkit.PerMaterialTest" name="isBurnable[637: PUFFERFISH]" time="0"/>
  <testcase classname="org.bukkit.PerMaterialTest" name="testInteractable[637: PUFFERFISH]" time="0"/>
  <testcase classname="org.bukkit.PerMaterialTest" name="testBlock[637: PUFFERFISH]" time="0"/>
  <testcase classname="org.bukkit.PerMaterialTest" name="isFuel[637: PUFFERFISH]" time="0"/>
  <testcase classname="org.bukkit.PerMaterialTest" name="testItem[637: PUFFERFISH]" time="0"/>
  <testcase classname="org.bukkit.PerMaterialTest" name="testBlastResistance[637: PUFFERFISH]" time="0"/>
  <testcase classname="org.bukkit.PerMaterialTest" name="isEdible[637: PUFFERFISH]" time="0"/>
  <testcase classname="org.bukkit.PerMaterialTest" name="maxDurability[637: PUFFERFISH]" time="0"/>
  <testcase classname="org.bukkit.PerMaterialTest" name="usesDurability[637: PUFFERFISH]" time="0.001"/>
  <testcase classname="org.bukkit.PerMaterialTest" name="isOccluding[637: PUFFERFISH]" time="0"/>
  <testcase classname="org.bukkit.PerMaterialTest" name="isRecord[637: PUFFERFISH]" time="0"/>
  <testcase classname="org.bukkit.PerMaterialTest" name="isFlammable[637: PUFFERFISH]" time="0"/>
  <testcase classname="org.bukkit.PerMaterialTest" name="testDurability[637: PUFFERFISH]" time="0"/>
  <testcase classname="org.bukkit.PerMaterialTest" name="testBlockHardness[637: PUFFERFISH]" time="0"/>
  <testcase classname="org.bukkit.PerMaterialTest" name="maxStackSize[637: PUFFERFISH]" time="0"/>
  <testcase classname="org.bukkit.PerMaterialTest" name="isTransparent[637: PUFFERFISH]" time="0"/>
  <testcase classname="org.bukkit.PerMaterialTest" name="testBlockDataCreation[637: PUFFERFISH]" time="0"/>
  <testcase classname="org.bukkit.PerMaterialTest" name="isBlock[637: PUFFERFISH]" time="0"/>
  <testcase classname="org.bukkit.PerMaterialTest" name="isSolid[637: PUFFERFISH]" time="0"/>
  <testcase classname="org.bukkit.PerMaterialTest" name="hasGravity[638: PUFFERFISH_BUCKET]" time="0"/>
  <testcase classname="org.bukkit.PerMaterialTest" name="isBurnable[638: PUFFERFISH_BUCKET]" time="0"/>
  <testcase classname="org.bukkit.PerMaterialTest" name="testInteractable[638: PUFFERFISH_BUCKET]" time="0"/>
  <testcase classname="org.bukkit.PerMaterialTest" name="testBlock[638: PUFFERFISH_BUCKET]" time="0"/>
  <testcase classname="org.bukkit.PerMaterialTest" name="isFuel[638: PUFFERFISH_BUCKET]" time="0.001"/>
  <testcase classname="org.bukkit.PerMaterialTest" name="testItem[638: PUFFERFISH_BUCKET]" time="0"/>
  <testcase classname="org.bukkit.PerMaterialTest" name="testBlastResistance[638: PUFFERFISH_BUCKET]" time="0"/>
  <testcase classname="org.bukkit.PerMaterialTest" name="isEdible[638: PUFFERFISH_BUCKET]" time="0"/>
  <testcase classname="org.bukkit.PerMaterialTest" name="maxDurability[638: PUFFERFISH_BUCKET]" time="0"/>
  <testcase classname="org.bukkit.PerMaterialTest" name="usesDurability[638: PUFFERFISH_BUCKET]" time="0"/>
  <testcase classname="org.bukkit.PerMaterialTest" name="isOccluding[638: PUFFERFISH_BUCKET]" time="0"/>
  <testcase classname="org.bukkit.PerMaterialTest" name="isRecord[638: PUFFERFISH_BUCKET]" time="0"/>
  <testcase classname="org.bukkit.PerMaterialTest" name="isFlammable[638: PUFFERFISH_BUCKET]" time="0"/>
  <testcase classname="org.bukkit.PerMaterialTest" name="testDurability[638: PUFFERFISH_BUCKET]" time="0"/>
  <testcase classname="org.bukkit.PerMaterialTest" name="testBlockHardness[638: PUFFERFISH_BUCKET]" time="0"/>
  <testcase classname="org.bukkit.PerMaterialTest" name="maxStackSize[638: PUFFERFISH_BUCKET]" time="0"/>
  <testcase classname="org.bukkit.PerMaterialTest" name="isTransparent[638: PUFFERFISH_BUCKET]" time="0"/>
  <testcase classname="org.bukkit.PerMaterialTest" name="testBlockDataCreation[638: PUFFERFISH_BUCKET]" time="0"/>
  <testcase classname="org.bukkit.PerMaterialTest" name="isBlock[638: PUFFERFISH_BUCKET]" time="0"/>
  <testcase classname="org.bukkit.PerMaterialTest" name="isSolid[638: PUFFERFISH_BUCKET]" time="0.001"/>
  <testcase classname="org.bukkit.PerMaterialTest" name="hasGravity[639: PUFFERFISH_SPAWN_EGG]" time="0"/>
  <testcase classname="org.bukkit.PerMaterialTest" name="isBurnable[639: PUFFERFISH_SPAWN_EGG]" time="0"/>
  <testcase classname="org.bukkit.PerMaterialTest" name="testInteractable[639: PUFFERFISH_SPAWN_EGG]" time="0"/>
  <testcase classname="org.bukkit.PerMaterialTest" name="testBlock[639: PUFFERFISH_SPAWN_EGG]" time="0"/>
  <testcase classname="org.bukkit.PerMaterialTest" name="isFuel[639: PUFFERFISH_SPAWN_EGG]" time="0"/>
  <testcase classname="org.bukkit.PerMaterialTest" name="testItem[639: PUFFERFISH_SPAWN_EGG]" time="0.001"/>
  <testcase classname="org.bukkit.PerMaterialTest" name="testBlastResistance[639: PUFFERFISH_SPAWN_EGG]" time="0"/>
  <testcase classname="org.bukkit.PerMaterialTest" name="isEdible[639: PUFFERFISH_SPAWN_EGG]" time="0"/>
  <testcase classname="org.bukkit.PerMaterialTest" name="maxDurability[639: PUFFERFISH_SPAWN_EGG]" time="0"/>
  <testcase classname="org.bukkit.PerMaterialTest" name="usesDurability[639: PUFFERFISH_SPAWN_EGG]" time="0"/>
  <testcase classname="org.bukkit.PerMaterialTest" name="isOccluding[639: PUFFERFISH_SPAWN_EGG]" time="0"/>
  <testcase classname="org.bukkit.PerMaterialTest" name="isRecord[639: PUFFERFISH_SPAWN_EGG]" time="0"/>
  <testcase classname="org.bukkit.PerMaterialTest" name="isFlammable[639: PUFFERFISH_SPAWN_EGG]" time="0"/>
  <testcase classname="org.bukkit.PerMaterialTest" name="testDurability[639: PUFFERFISH_SPAWN_EGG]" time="0.001"/>
  <testcase classname="org.bukkit.PerMaterialTest" name="testBlockHardness[639: PUFFERFISH_SPAWN_EGG]" time="0"/>
  <testcase classname="org.bukkit.PerMaterialTest" name="maxStackSize[639: PUFFERFISH_SPAWN_EGG]" time="0"/>
  <testcase classname="org.bukkit.PerMaterialTest" name="isTransparent[639: PUFFERFISH_SPAWN_EGG]" time="0"/>
  <testcase classname="org.bukkit.PerMaterialTest" name="testBlockDataCreation[639: PUFFERFISH_SPAWN_EGG]" time="0"/>
  <testcase classname="org.bukkit.PerMaterialTest" name="isBlock[639: PUFFERFISH_SPAWN_EGG]" time="0"/>
  <testcase classname="org.bukkit.PerMaterialTest" name="isSolid[639: PUFFERFISH_SPAWN_EGG]" time="0"/>
  <testcase classname="org.bukkit.PerMaterialTest" name="hasGravity[640: PUMPKIN]" time="0.001"/>
  <testcase classname="org.bukkit.PerMaterialTest" name="isBurnable[640: PUMPKIN]" time="0"/>
  <testcase classname="org.bukkit.PerMaterialTest" name="testInteractable[640: PUMPKIN]" time="0"/>
  <testcase classname="org.bukkit.PerMaterialTest" name="testBlock[640: PUMPKIN]" time="0"/>
  <testcase classname="org.bukkit.PerMaterialTest" name="isFuel[640: PUMPKIN]" time="0"/>
  <testcase classname="org.bukkit.PerMaterialTest" name="testItem[640: PUMPKIN]" time="0.001"/>
  <testcase classname="org.bukkit.PerMaterialTest" name="testBlastResistance[640: PUMPKIN]" time="0"/>
  <testcase classname="org.bukkit.PerMaterialTest" name="isEdible[640: PUMPKIN]" time="0"/>
  <testcase classname="org.bukkit.PerMaterialTest" name="maxDurability[640: PUMPKIN]" time="0"/>
  <testcase classname="org.bukkit.PerMaterialTest" name="usesDurability[640: PUMPKIN]" time="0"/>
  <testcase classname="org.bukkit.PerMaterialTest" name="isOccluding[640: PUMPKIN]" time="0"/>
  <testcase classname="org.bukkit.PerMaterialTest" name="isRecord[640: PUMPKIN]" time="0"/>
  <testcase classname="org.bukkit.PerMaterialTest" name="isFlammable[640: PUMPKIN]" time="0"/>
  <testcase classname="org.bukkit.PerMaterialTest" name="testDurability[640: PUMPKIN]" time="0.001"/>
  <testcase classname="org.bukkit.PerMaterialTest" name="testBlockHardness[640: PUMPKIN]" time="0"/>
  <testcase classname="org.bukkit.PerMaterialTest" name="maxStackSize[640: PUMPKIN]" time="0"/>
  <testcase classname="org.bukkit.PerMaterialTest" name="isTransparent[640: PUMPKIN]" time="0"/>
  <testcase classname="org.bukkit.PerMaterialTest" name="testBlockDataCreation[640: PUMPKIN]" time="0"/>
  <testcase classname="org.bukkit.PerMaterialTest" name="isBlock[640: PUMPKIN]" time="0"/>
  <testcase classname="org.bukkit.PerMaterialTest" name="isSolid[640: PUMPKIN]" time="0"/>
  <testcase classname="org.bukkit.PerMaterialTest" name="hasGravity[641: PUMPKIN_PIE]" time="0"/>
  <testcase classname="org.bukkit.PerMaterialTest" name="isBurnable[641: PUMPKIN_PIE]" time="0"/>
  <testcase classname="org.bukkit.PerMaterialTest" name="testInteractable[641: PUMPKIN_PIE]" time="0"/>
  <testcase classname="org.bukkit.PerMaterialTest" name="testBlock[641: PUMPKIN_PIE]" time="0"/>
  <testcase classname="org.bukkit.PerMaterialTest" name="isFuel[641: PUMPKIN_PIE]" time="0"/>
  <testcase classname="org.bukkit.PerMaterialTest" name="testItem[641: PUMPKIN_PIE]" time="0"/>
  <testcase classname="org.bukkit.PerMaterialTest" name="testBlastResistance[641: PUMPKIN_PIE]" time="0.001"/>
  <testcase classname="org.bukkit.PerMaterialTest" name="isEdible[641: PUMPKIN_PIE]" time="0"/>
  <testcase classname="org.bukkit.PerMaterialTest" name="maxDurability[641: PUMPKIN_PIE]" time="0"/>
  <testcase classname="org.bukkit.PerMaterialTest" name="usesDurability[641: PUMPKIN_PIE]" time="0"/>
  <testcase classname="org.bukkit.PerMaterialTest" name="isOccluding[641: PUMPKIN_PIE]" time="0"/>
  <testcase classname="org.bukkit.PerMaterialTest" name="isRecord[641: PUMPKIN_PIE]" time="0"/>
  <testcase classname="org.bukkit.PerMaterialTest" name="isFlammable[641: PUMPKIN_PIE]" time="0"/>
  <testcase classname="org.bukkit.PerMaterialTest" name="testDurability[641: PUMPKIN_PIE]" time="0"/>
  <testcase classname="org.bukkit.PerMaterialTest" name="testBlockHardness[641: PUMPKIN_PIE]" time="0"/>
  <testcase classname="org.bukkit.PerMaterialTest" name="maxStackSize[641: PUMPKIN_PIE]" time="0"/>
  <testcase classname="org.bukkit.PerMaterialTest" name="isTransparent[641: PUMPKIN_PIE]" time="0"/>
  <testcase classname="org.bukkit.PerMaterialTest" name="testBlockDataCreation[641: PUMPKIN_PIE]" time="0"/>
  <testcase classname="org.bukkit.PerMaterialTest" name="isBlock[641: PUMPKIN_PIE]" time="0"/>
  <testcase classname="org.bukkit.PerMaterialTest" name="isSolid[641: PUMPKIN_PIE]" time="0"/>
  <testcase classname="org.bukkit.PerMaterialTest" name="hasGravity[642: PUMPKIN_SEEDS]" time="0"/>
  <testcase classname="org.bukkit.PerMaterialTest" name="isBurnable[642: PUMPKIN_SEEDS]" time="0"/>
  <testcase classname="org.bukkit.PerMaterialTest" name="testInteractable[642: PUMPKIN_SEEDS]" time="0"/>
  <testcase classname="org.bukkit.PerMaterialTest" name="testBlock[642: PUMPKIN_SEEDS]" time="0"/>
  <testcase classname="org.bukkit.PerMaterialTest" name="isFuel[642: PUMPKIN_SEEDS]" time="0"/>
  <testcase classname="org.bukkit.PerMaterialTest" name="testItem[642: PUMPKIN_SEEDS]" time="0"/>
  <testcase classname="org.bukkit.PerMaterialTest" name="testBlastResistance[642: PUMPKIN_SEEDS]" time="0"/>
  <testcase classname="org.bukkit.PerMaterialTest" name="isEdible[642: PUMPKIN_SEEDS]" time="0"/>
  <testcase classname="org.bukkit.PerMaterialTest" name="maxDurability[642: PUMPKIN_SEEDS]" time="0.001"/>
  <testcase classname="org.bukkit.PerMaterialTest" name="usesDurability[642: PUMPKIN_SEEDS]" time="0"/>
  <testcase classname="org.bukkit.PerMaterialTest" name="isOccluding[642: PUMPKIN_SEEDS]" time="0"/>
  <testcase classname="org.bukkit.PerMaterialTest" name="isRecord[642: PUMPKIN_SEEDS]" time="0"/>
  <testcase classname="org.bukkit.PerMaterialTest" name="isFlammable[642: PUMPKIN_SEEDS]" time="0"/>
  <testcase classname="org.bukkit.PerMaterialTest" name="testDurability[642: PUMPKIN_SEEDS]" time="0"/>
  <testcase classname="org.bukkit.PerMaterialTest" name="testBlockHardness[642: PUMPKIN_SEEDS]" time="0"/>
  <testcase classname="org.bukkit.PerMaterialTest" name="maxStackSize[642: PUMPKIN_SEEDS]" time="0"/>
  <testcase classname="org.bukkit.PerMaterialTest" name="isTransparent[642: PUMPKIN_SEEDS]" time="0.001"/>
  <testcase classname="org.bukkit.PerMaterialTest" name="testBlockDataCreation[642: PUMPKIN_SEEDS]" time="0"/>
  <testcase classname="org.bukkit.PerMaterialTest" name="isBlock[642: PUMPKIN_SEEDS]" time="0"/>
  <testcase classname="org.bukkit.PerMaterialTest" name="isSolid[642: PUMPKIN_SEEDS]" time="0"/>
  <testcase classname="org.bukkit.PerMaterialTest" name="hasGravity[643: PUMPKIN_STEM]" time="0"/>
  <testcase classname="org.bukkit.PerMaterialTest" name="isBurnable[643: PUMPKIN_STEM]" time="0"/>
  <testcase classname="org.bukkit.PerMaterialTest" name="testInteractable[643: PUMPKIN_STEM]" time="0"/>
  <testcase classname="org.bukkit.PerMaterialTest" name="testBlock[643: PUMPKIN_STEM]" time="0"/>
  <testcase classname="org.bukkit.PerMaterialTest" name="isFuel[643: PUMPKIN_STEM]" time="0"/>
  <testcase classname="org.bukkit.PerMaterialTest" name="testItem[643: PUMPKIN_STEM]" time="0"/>
  <testcase classname="org.bukkit.PerMaterialTest" name="testBlastResistance[643: PUMPKIN_STEM]" time="0"/>
  <testcase classname="org.bukkit.PerMaterialTest" name="isEdible[643: PUMPKIN_STEM]" time="0"/>
  <testcase classname="org.bukkit.PerMaterialTest" name="maxDurability[643: PUMPKIN_STEM]" time="0"/>
  <testcase classname="org.bukkit.PerMaterialTest" name="usesDurability[643: PUMPKIN_STEM]" time="0"/>
  <testcase classname="org.bukkit.PerMaterialTest" name="isOccluding[643: PUMPKIN_STEM]" time="0"/>
  <testcase classname="org.bukkit.PerMaterialTest" name="isRecord[643: PUMPKIN_STEM]" time="0"/>
  <testcase classname="org.bukkit.PerMaterialTest" name="isFlammable[643: PUMPKIN_STEM]" time="0"/>
  <testcase classname="org.bukkit.PerMaterialTest" name="testDurability[643: PUMPKIN_STEM]" time="0"/>
  <testcase classname="org.bukkit.PerMaterialTest" name="testBlockHardness[643: PUMPKIN_STEM]" time="0"/>
  <testcase classname="org.bukkit.PerMaterialTest" name="maxStackSize[643: PUMPKIN_STEM]" time="0"/>
  <testcase classname="org.bukkit.PerMaterialTest" name="isTransparent[643: PUMPKIN_STEM]" time="0"/>
  <testcase classname="org.bukkit.PerMaterialTest" name="testBlockDataCreation[643: PUMPKIN_STEM]" time="0"/>
  <testcase classname="org.bukkit.PerMaterialTest" name="isBlock[643: PUMPKIN_STEM]" time="0"/>
  <testcase classname="org.bukkit.PerMaterialTest" name="isSolid[643: PUMPKIN_STEM]" time="0"/>
  <testcase classname="org.bukkit.PerMaterialTest" name="hasGravity[644: PURPLE_BANNER]" time="0"/>
  <testcase classname="org.bukkit.PerMaterialTest" name="isBurnable[644: PURPLE_BANNER]" time="0"/>
  <testcase classname="org.bukkit.PerMaterialTest" name="testInteractable[644: PURPLE_BANNER]" time="0"/>
  <testcase classname="org.bukkit.PerMaterialTest" name="testBlock[644: PURPLE_BANNER]" time="0"/>
  <testcase classname="org.bukkit.PerMaterialTest" name="isFuel[644: PURPLE_BANNER]" time="0.001"/>
  <testcase classname="org.bukkit.PerMaterialTest" name="testItem[644: PURPLE_BANNER]" time="0"/>
  <testcase classname="org.bukkit.PerMaterialTest" name="testBlastResistance[644: PURPLE_BANNER]" time="0"/>
  <testcase classname="org.bukkit.PerMaterialTest" name="isEdible[644: PURPLE_BANNER]" time="0"/>
  <testcase classname="org.bukkit.PerMaterialTest" name="maxDurability[644: PURPLE_BANNER]" time="0"/>
  <testcase classname="org.bukkit.PerMaterialTest" name="usesDurability[644: PURPLE_BANNER]" time="0"/>
  <testcase classname="org.bukkit.PerMaterialTest" name="isOccluding[644: PURPLE_BANNER]" time="0"/>
  <testcase classname="org.bukkit.PerMaterialTest" name="isRecord[644: PURPLE_BANNER]" time="0.001"/>
  <testcase classname="org.bukkit.PerMaterialTest" name="isFlammable[644: PURPLE_BANNER]" time="0"/>
  <testcase classname="org.bukkit.PerMaterialTest" name="testDurability[644: PURPLE_BANNER]" time="0"/>
  <testcase classname="org.bukkit.PerMaterialTest" name="testBlockHardness[644: PURPLE_BANNER]" time="0"/>
  <testcase classname="org.bukkit.PerMaterialTest" name="maxStackSize[644: PURPLE_BANNER]" time="0"/>
  <testcase classname="org.bukkit.PerMaterialTest" name="isTransparent[644: PURPLE_BANNER]" time="0"/>
  <testcase classname="org.bukkit.PerMaterialTest" name="testBlockDataCreation[644: PURPLE_BANNER]" time="0"/>
  <testcase classname="org.bukkit.PerMaterialTest" name="isBlock[644: PURPLE_BANNER]" time="0.001"/>
  <testcase classname="org.bukkit.PerMaterialTest" name="isSolid[644: PURPLE_BANNER]" time="0"/>
  <testcase classname="org.bukkit.PerMaterialTest" name="hasGravity[645: PURPLE_BED]" time="0"/>
  <testcase classname="org.bukkit.PerMaterialTest" name="isBurnable[645: PURPLE_BED]" time="0"/>
  <testcase classname="org.bukkit.PerMaterialTest" name="testInteractable[645: PURPLE_BED]" time="0"/>
  <testcase classname="org.bukkit.PerMaterialTest" name="testBlock[645: PURPLE_BED]" time="0"/>
  <testcase classname="org.bukkit.PerMaterialTest" name="isFuel[645: PURPLE_BED]" time="0.001"/>
  <testcase classname="org.bukkit.PerMaterialTest" name="testItem[645: PURPLE_BED]" time="0"/>
  <testcase classname="org.bukkit.PerMaterialTest" name="testBlastResistance[645: PURPLE_BED]" time="0"/>
  <testcase classname="org.bukkit.PerMaterialTest" name="isEdible[645: PURPLE_BED]" time="0"/>
  <testcase classname="org.bukkit.PerMaterialTest" name="maxDurability[645: PURPLE_BED]" time="0"/>
  <testcase classname="org.bukkit.PerMaterialTest" name="usesDurability[645: PURPLE_BED]" time="0"/>
  <testcase classname="org.bukkit.PerMaterialTest" name="isOccluding[645: PURPLE_BED]" time="0"/>
  <testcase classname="org.bukkit.PerMaterialTest" name="isRecord[645: PURPLE_BED]" time="0"/>
  <testcase classname="org.bukkit.PerMaterialTest" name="isFlammable[645: PURPLE_BED]" time="0.001"/>
  <testcase classname="org.bukkit.PerMaterialTest" name="testDurability[645: PURPLE_BED]" time="0"/>
  <testcase classname="org.bukkit.PerMaterialTest" name="testBlockHardness[645: PURPLE_BED]" time="0"/>
  <testcase classname="org.bukkit.PerMaterialTest" name="maxStackSize[645: PURPLE_BED]" time="0"/>
  <testcase classname="org.bukkit.PerMaterialTest" name="isTransparent[645: PURPLE_BED]" time="0"/>
  <testcase classname="org.bukkit.PerMaterialTest" name="testBlockDataCreation[645: PURPLE_BED]" time="0"/>
  <testcase classname="org.bukkit.PerMaterialTest" name="isBlock[645: PURPLE_BED]" time="0"/>
  <testcase classname="org.bukkit.PerMaterialTest" name="isSolid[645: PURPLE_BED]" time="0"/>
  <testcase classname="org.bukkit.PerMaterialTest" name="hasGravity[646: PURPLE_CARPET]" time="0"/>
  <testcase classname="org.bukkit.PerMaterialTest" name="isBurnable[646: PURPLE_CARPET]" time="0"/>
  <testcase classname="org.bukkit.PerMaterialTest" name="testInteractable[646: PURPLE_CARPET]" time="0"/>
  <testcase classname="org.bukkit.PerMaterialTest" name="testBlock[646: PURPLE_CARPET]" time="0"/>
  <testcase classname="org.bukkit.PerMaterialTest" name="isFuel[646: PURPLE_CARPET]" time="0"/>
  <testcase classname="org.bukkit.PerMaterialTest" name="testItem[646: PURPLE_CARPET]" time="0.001"/>
  <testcase classname="org.bukkit.PerMaterialTest" name="testBlastResistance[646: PURPLE_CARPET]" time="0"/>
  <testcase classname="org.bukkit.PerMaterialTest" name="isEdible[646: PURPLE_CARPET]" time="0"/>
  <testcase classname="org.bukkit.PerMaterialTest" name="maxDurability[646: PURPLE_CARPET]" time="0"/>
  <testcase classname="org.bukkit.PerMaterialTest" name="usesDurability[646: PURPLE_CARPET]" time="0"/>
  <testcase classname="org.bukkit.PerMaterialTest" name="isOccluding[646: PURPLE_CARPET]" time="0"/>
  <testcase classname="org.bukkit.PerMaterialTest" name="isRecord[646: PURPLE_CARPET]" time="0"/>
  <testcase classname="org.bukkit.PerMaterialTest" name="isFlammable[646: PURPLE_CARPET]" time="0"/>
  <testcase classname="org.bukkit.PerMaterialTest" name="testDurability[646: PURPLE_CARPET]" time="0.001"/>
  <testcase classname="org.bukkit.PerMaterialTest" name="testBlockHardness[646: PURPLE_CARPET]" time="0"/>
  <testcase classname="org.bukkit.PerMaterialTest" name="maxStackSize[646: PURPLE_CARPET]" time="0"/>
  <testcase classname="org.bukkit.PerMaterialTest" name="isTransparent[646: PURPLE_CARPET]" time="0"/>
  <testcase classname="org.bukkit.PerMaterialTest" name="testBlockDataCreation[646: PURPLE_CARPET]" time="0"/>
  <testcase classname="org.bukkit.PerMaterialTest" name="isBlock[646: PURPLE_CARPET]" time="0"/>
  <testcase classname="org.bukkit.PerMaterialTest" name="isSolid[646: PURPLE_CARPET]" time="0"/>
  <testcase classname="org.bukkit.PerMaterialTest" name="hasGravity[647: PURPLE_CONCRETE]" time="0"/>
  <testcase classname="org.bukkit.PerMaterialTest" name="isBurnable[647: PURPLE_CONCRETE]" time="0"/>
  <testcase classname="org.bukkit.PerMaterialTest" name="testInteractable[647: PURPLE_CONCRETE]" time="0"/>
  <testcase classname="org.bukkit.PerMaterialTest" name="testBlock[647: PURPLE_CONCRETE]" time="0"/>
  <testcase classname="org.bukkit.PerMaterialTest" name="isFuel[647: PURPLE_CONCRETE]" time="0"/>
  <testcase classname="org.bukkit.PerMaterialTest" name="testItem[647: PURPLE_CONCRETE]" time="0"/>
  <testcase classname="org.bukkit.PerMaterialTest" name="testBlastResistance[647: PURPLE_CONCRETE]" time="0"/>
  <testcase classname="org.bukkit.PerMaterialTest" name="isEdible[647: PURPLE_CONCRETE]" time="0"/>
  <testcase classname="org.bukkit.PerMaterialTest" name="maxDurability[647: PURPLE_CONCRETE]" time="0"/>
  <testcase classname="org.bukkit.PerMaterialTest" name="usesDurability[647: PURPLE_CONCRETE]" time="0"/>
  <testcase classname="org.bukkit.PerMaterialTest" name="isOccluding[647: PURPLE_CONCRETE]" time="0"/>
  <testcase classname="org.bukkit.PerMaterialTest" name="isRecord[647: PURPLE_CONCRETE]" time="0"/>
  <testcase classname="org.bukkit.PerMaterialTest" name="isFlammable[647: PURPLE_CONCRETE]" time="0"/>
  <testcase classname="org.bukkit.PerMaterialTest" name="testDurability[647: PURPLE_CONCRETE]" time="0"/>
  <testcase classname="org.bukkit.PerMaterialTest" name="testBlockHardness[647: PURPLE_CONCRETE]" time="0"/>
  <testcase classname="org.bukkit.PerMaterialTest" name="maxStackSize[647: PURPLE_CONCRETE]" time="0"/>
  <testcase classname="org.bukkit.PerMaterialTest" name="isTransparent[647: PURPLE_CONCRETE]" time="0"/>
  <testcase classname="org.bukkit.PerMaterialTest" name="testBlockDataCreation[647: PURPLE_CONCRETE]" time="0"/>
  <testcase classname="org.bukkit.PerMaterialTest" name="isBlock[647: PURPLE_CONCRETE]" time="0"/>
  <testcase classname="org.bukkit.PerMaterialTest" name="isSolid[647: PURPLE_CONCRETE]" time="0"/>
  <testcase classname="org.bukkit.PerMaterialTest" name="hasGravity[648: PURPLE_CONCRETE_POWDER]" time="0.001"/>
  <testcase classname="org.bukkit.PerMaterialTest" name="isBurnable[648: PURPLE_CONCRETE_POWDER]" time="0"/>
  <testcase classname="org.bukkit.PerMaterialTest" name="testInteractable[648: PURPLE_CONCRETE_POWDER]" time="0"/>
  <testcase classname="org.bukkit.PerMaterialTest" name="testBlock[648: PURPLE_CONCRETE_POWDER]" time="0"/>
  <testcase classname="org.bukkit.PerMaterialTest" name="isFuel[648: PURPLE_CONCRETE_POWDER]" time="0"/>
  <testcase classname="org.bukkit.PerMaterialTest" name="testItem[648: PURPLE_CONCRETE_POWDER]" time="0"/>
  <testcase classname="org.bukkit.PerMaterialTest" name="testBlastResistance[648: PURPLE_CONCRETE_POWDER]" time="0.001"/>
  <testcase classname="org.bukkit.PerMaterialTest" name="isEdible[648: PURPLE_CONCRETE_POWDER]" time="0"/>
  <testcase classname="org.bukkit.PerMaterialTest" name="maxDurability[648: PURPLE_CONCRETE_POWDER]" time="0"/>
  <testcase classname="org.bukkit.PerMaterialTest" name="usesDurability[648: PURPLE_CONCRETE_POWDER]" time="0"/>
  <testcase classname="org.bukkit.PerMaterialTest" name="isOccluding[648: PURPLE_CONCRETE_POWDER]" time="0"/>
  <testcase classname="org.bukkit.PerMaterialTest" name="isRecord[648: PURPLE_CONCRETE_POWDER]" time="0"/>
  <testcase classname="org.bukkit.PerMaterialTest" name="isFlammable[648: PURPLE_CONCRETE_POWDER]" time="0"/>
  <testcase classname="org.bukkit.PerMaterialTest" name="testDurability[648: PURPLE_CONCRETE_POWDER]" time="0"/>
  <testcase classname="org.bukkit.PerMaterialTest" name="testBlockHardness[648: PURPLE_CONCRETE_POWDER]" time="0"/>
  <testcase classname="org.bukkit.PerMaterialTest" name="maxStackSize[648: PURPLE_CONCRETE_POWDER]" time="0"/>
  <testcase classname="org.bukkit.PerMaterialTest" name="isTransparent[648: PURPLE_CONCRETE_POWDER]" time="0"/>
  <testcase classname="org.bukkit.PerMaterialTest" name="testBlockDataCreation[648: PURPLE_CONCRETE_POWDER]" time="0"/>
  <testcase classname="org.bukkit.PerMaterialTest" name="isBlock[648: PURPLE_CONCRETE_POWDER]" time="0"/>
  <testcase classname="org.bukkit.PerMaterialTest" name="isSolid[648: PURPLE_CONCRETE_POWDER]" time="0"/>
  <testcase classname="org.bukkit.PerMaterialTest" name="hasGravity[649: PURPLE_DYE]" time="0.001"/>
  <testcase classname="org.bukkit.PerMaterialTest" name="isBurnable[649: PURPLE_DYE]" time="0"/>
  <testcase classname="org.bukkit.PerMaterialTest" name="testInteractable[649: PURPLE_DYE]" time="0"/>
  <testcase classname="org.bukkit.PerMaterialTest" name="testBlock[649: PURPLE_DYE]" time="0"/>
  <testcase classname="org.bukkit.PerMaterialTest" name="isFuel[649: PURPLE_DYE]" time="0"/>
  <testcase classname="org.bukkit.PerMaterialTest" name="testItem[649: PURPLE_DYE]" time="0"/>
  <testcase classname="org.bukkit.PerMaterialTest" name="testBlastResistance[649: PURPLE_DYE]" time="0"/>
  <testcase classname="org.bukkit.PerMaterialTest" name="isEdible[649: PURPLE_DYE]" time="0.001"/>
  <testcase classname="org.bukkit.PerMaterialTest" name="maxDurability[649: PURPLE_DYE]" time="0"/>
  <testcase classname="org.bukkit.PerMaterialTest" name="usesDurability[649: PURPLE_DYE]" time="0"/>
  <testcase classname="org.bukkit.PerMaterialTest" name="isOccluding[649: PURPLE_DYE]" time="0"/>
  <testcase classname="org.bukkit.PerMaterialTest" name="isRecord[649: PURPLE_DYE]" time="0"/>
  <testcase classname="org.bukkit.PerMaterialTest" name="isFlammable[649: PURPLE_DYE]" time="0"/>
  <testcase classname="org.bukkit.PerMaterialTest" name="testDurability[649: PURPLE_DYE]" time="0"/>
  <testcase classname="org.bukkit.PerMaterialTest" name="testBlockHardness[649: PURPLE_DYE]" time="0"/>
  <testcase classname="org.bukkit.PerMaterialTest" name="maxStackSize[649: PURPLE_DYE]" time="0.001"/>
  <testcase classname="org.bukkit.PerMaterialTest" name="isTransparent[649: PURPLE_DYE]" time="0"/>
  <testcase classname="org.bukkit.PerMaterialTest" name="testBlockDataCreation[649: PURPLE_DYE]" time="0"/>
  <testcase classname="org.bukkit.PerMaterialTest" name="isBlock[649: PURPLE_DYE]" time="0"/>
  <testcase classname="org.bukkit.PerMaterialTest" name="isSolid[649: PURPLE_DYE]" time="0"/>
  <testcase classname="org.bukkit.PerMaterialTest" name="hasGravity[650: PURPLE_GLAZED_TERRACOTTA]" time="0"/>
  <testcase classname="org.bukkit.PerMaterialTest" name="isBurnable[650: PURPLE_GLAZED_TERRACOTTA]" time="0"/>
  <testcase classname="org.bukkit.PerMaterialTest" name="testInteractable[650: PURPLE_GLAZED_TERRACOTTA]" time="0.001"/>
  <testcase classname="org.bukkit.PerMaterialTest" name="testBlock[650: PURPLE_GLAZED_TERRACOTTA]" time="0"/>
  <testcase classname="org.bukkit.PerMaterialTest" name="isFuel[650: PURPLE_GLAZED_TERRACOTTA]" time="0"/>
  <testcase classname="org.bukkit.PerMaterialTest" name="testItem[650: PURPLE_GLAZED_TERRACOTTA]" time="0"/>
  <testcase classname="org.bukkit.PerMaterialTest" name="testBlastResistance[650: PURPLE_GLAZED_TERRACOTTA]" time="0"/>
  <testcase classname="org.bukkit.PerMaterialTest" name="isEdible[650: PURPLE_GLAZED_TERRACOTTA]" time="0"/>
  <testcase classname="org.bukkit.PerMaterialTest" name="maxDurability[650: PURPLE_GLAZED_TERRACOTTA]" time="0"/>
  <testcase classname="org.bukkit.PerMaterialTest" name="usesDurability[650: PURPLE_GLAZED_TERRACOTTA]" time="0"/>
  <testcase classname="org.bukkit.PerMaterialTest" name="isOccluding[650: PURPLE_GLAZED_TERRACOTTA]" time="0"/>
  <testcase classname="org.bukkit.PerMaterialTest" name="isRecord[650: PURPLE_GLAZED_TERRACOTTA]" time="0"/>
  <testcase classname="org.bukkit.PerMaterialTest" name="isFlammable[650: PURPLE_GLAZED_TERRACOTTA]" time="0"/>
  <testcase classname="org.bukkit.PerMaterialTest" name="testDurability[650: PURPLE_GLAZED_TERRACOTTA]" time="0"/>
  <testcase classname="org.bukkit.PerMaterialTest" name="testBlockHardness[650: PURPLE_GLAZED_TERRACOTTA]" time="0"/>
  <testcase classname="org.bukkit.PerMaterialTest" name="maxStackSize[650: PURPLE_GLAZED_TERRACOTTA]" time="0.001"/>
  <testcase classname="org.bukkit.PerMaterialTest" name="isTransparent[650: PURPLE_GLAZED_TERRACOTTA]" time="0"/>
  <testcase classname="org.bukkit.PerMaterialTest" name="testBlockDataCreation[650: PURPLE_GLAZED_TERRACOTTA]" time="0"/>
  <testcase classname="org.bukkit.PerMaterialTest" name="isBlock[650: PURPLE_GLAZED_TERRACOTTA]" time="0"/>
  <testcase classname="org.bukkit.PerMaterialTest" name="isSolid[650: PURPLE_GLAZED_TERRACOTTA]" time="0"/>
  <testcase classname="org.bukkit.PerMaterialTest" name="hasGravity[651: PURPLE_SHULKER_BOX]" time="0"/>
  <testcase classname="org.bukkit.PerMaterialTest" name="isBurnable[651: PURPLE_SHULKER_BOX]" time="0"/>
  <testcase classname="org.bukkit.PerMaterialTest" name="testInteractable[651: PURPLE_SHULKER_BOX]" time="0"/>
  <testcase classname="org.bukkit.PerMaterialTest" name="testBlock[651: PURPLE_SHULKER_BOX]" time="0"/>
  <testcase classname="org.bukkit.PerMaterialTest" name="isFuel[651: PURPLE_SHULKER_BOX]" time="0"/>
  <testcase classname="org.bukkit.PerMaterialTest" name="testItem[651: PURPLE_SHULKER_BOX]" time="0"/>
  <testcase classname="org.bukkit.PerMaterialTest" name="testBlastResistance[651: PURPLE_SHULKER_BOX]" time="0"/>
  <testcase classname="org.bukkit.PerMaterialTest" name="isEdible[651: PURPLE_SHULKER_BOX]" time="0.001"/>
  <testcase classname="org.bukkit.PerMaterialTest" name="maxDurability[651: PURPLE_SHULKER_BOX]" time="0"/>
  <testcase classname="org.bukkit.PerMaterialTest" name="usesDurability[651: PURPLE_SHULKER_BOX]" time="0"/>
  <testcase classname="org.bukkit.PerMaterialTest" name="isOccluding[651: PURPLE_SHULKER_BOX]" time="0"/>
  <testcase classname="org.bukkit.PerMaterialTest" name="isRecord[651: PURPLE_SHULKER_BOX]" time="0"/>
  <testcase classname="org.bukkit.PerMaterialTest" name="isFlammable[651: PURPLE_SHULKER_BOX]" time="0"/>
  <testcase classname="org.bukkit.PerMaterialTest" name="testDurability[651: PURPLE_SHULKER_BOX]" time="0"/>
  <testcase classname="org.bukkit.PerMaterialTest" name="testBlockHardness[651: PURPLE_SHULKER_BOX]" time="0"/>
  <testcase classname="org.bukkit.PerMaterialTest" name="maxStackSize[651: PURPLE_SHULKER_BOX]" time="0.001"/>
  <testcase classname="org.bukkit.PerMaterialTest" name="isTransparent[651: PURPLE_SHULKER_BOX]" time="0"/>
  <testcase classname="org.bukkit.PerMaterialTest" name="testBlockDataCreation[651: PURPLE_SHULKER_BOX]" time="0"/>
  <testcase classname="org.bukkit.PerMaterialTest" name="isBlock[651: PURPLE_SHULKER_BOX]" time="0"/>
  <testcase classname="org.bukkit.PerMaterialTest" name="isSolid[651: PURPLE_SHULKER_BOX]" time="0"/>
  <testcase classname="org.bukkit.PerMaterialTest" name="hasGravity[652: PURPLE_STAINED_GLASS]" time="0"/>
  <testcase classname="org.bukkit.PerMaterialTest" name="isBurnable[652: PURPLE_STAINED_GLASS]" time="0"/>
  <testcase classname="org.bukkit.PerMaterialTest" name="testInteractable[652: PURPLE_STAINED_GLASS]" time="0.001"/>
  <testcase classname="org.bukkit.PerMaterialTest" name="testBlock[652: PURPLE_STAINED_GLASS]" time="0"/>
  <testcase classname="org.bukkit.PerMaterialTest" name="isFuel[652: PURPLE_STAINED_GLASS]" time="0"/>
  <testcase classname="org.bukkit.PerMaterialTest" name="testItem[652: PURPLE_STAINED_GLASS]" time="0"/>
  <testcase classname="org.bukkit.PerMaterialTest" name="testBlastResistance[652: PURPLE_STAINED_GLASS]" time="0"/>
  <testcase classname="org.bukkit.PerMaterialTest" name="isEdible[652: PURPLE_STAINED_GLASS]" time="0"/>
  <testcase classname="org.bukkit.PerMaterialTest" name="maxDurability[652: PURPLE_STAINED_GLASS]" time="0"/>
  <testcase classname="org.bukkit.PerMaterialTest" name="usesDurability[652: PURPLE_STAINED_GLASS]" time="0"/>
  <testcase classname="org.bukkit.PerMaterialTest" name="isOccluding[652: PURPLE_STAINED_GLASS]" time="0"/>
  <testcase classname="org.bukkit.PerMaterialTest" name="isRecord[652: PURPLE_STAINED_GLASS]" time="0"/>
  <testcase classname="org.bukkit.PerMaterialTest" name="isFlammable[652: PURPLE_STAINED_GLASS]" time="0"/>
  <testcase classname="org.bukkit.PerMaterialTest" name="testDurability[652: PURPLE_STAINED_GLASS]" time="0"/>
  <testcase classname="org.bukkit.PerMaterialTest" name="testBlockHardness[652: PURPLE_STAINED_GLASS]" time="0"/>
  <testcase classname="org.bukkit.PerMaterialTest" name="maxStackSize[652: PURPLE_STAINED_GLASS]" time="0.001"/>
  <testcase classname="org.bukkit.PerMaterialTest" name="isTransparent[652: PURPLE_STAINED_GLASS]" time="0"/>
  <testcase classname="org.bukkit.PerMaterialTest" name="testBlockDataCreation[652: PURPLE_STAINED_GLASS]" time="0"/>
  <testcase classname="org.bukkit.PerMaterialTest" name="isBlock[652: PURPLE_STAINED_GLASS]" time="0"/>
  <testcase classname="org.bukkit.PerMaterialTest" name="isSolid[652: PURPLE_STAINED_GLASS]" time="0"/>
  <testcase classname="org.bukkit.PerMaterialTest" name="hasGravity[653: PURPLE_STAINED_GLASS_PANE]" time="0"/>
  <testcase classname="org.bukkit.PerMaterialTest" name="isBurnable[653: PURPLE_STAINED_GLASS_PANE]" time="0"/>
  <testcase classname="org.bukkit.PerMaterialTest" name="testInteractable[653: PURPLE_STAINED_GLASS_PANE]" time="0.001"/>
  <testcase classname="org.bukkit.PerMaterialTest" name="testBlock[653: PURPLE_STAINED_GLASS_PANE]" time="0"/>
  <testcase classname="org.bukkit.PerMaterialTest" name="isFuel[653: PURPLE_STAINED_GLASS_PANE]" time="0"/>
  <testcase classname="org.bukkit.PerMaterialTest" name="testItem[653: PURPLE_STAINED_GLASS_PANE]" time="0"/>
  <testcase classname="org.bukkit.PerMaterialTest" name="testBlastResistance[653: PURPLE_STAINED_GLASS_PANE]" time="0"/>
  <testcase classname="org.bukkit.PerMaterialTest" name="isEdible[653: PURPLE_STAINED_GLASS_PANE]" time="0"/>
  <testcase classname="org.bukkit.PerMaterialTest" name="maxDurability[653: PURPLE_STAINED_GLASS_PANE]" time="0"/>
  <testcase classname="org.bukkit.PerMaterialTest" name="usesDurability[653: PURPLE_STAINED_GLASS_PANE]" time="0"/>
  <testcase classname="org.bukkit.PerMaterialTest" name="isOccluding[653: PURPLE_STAINED_GLASS_PANE]" time="0"/>
  <testcase classname="org.bukkit.PerMaterialTest" name="isRecord[653: PURPLE_STAINED_GLASS_PANE]" time="0"/>
  <testcase classname="org.bukkit.PerMaterialTest" name="isFlammable[653: PURPLE_STAINED_GLASS_PANE]" time="0"/>
  <testcase classname="org.bukkit.PerMaterialTest" name="testDurability[653: PURPLE_STAINED_GLASS_PANE]" time="0"/>
  <testcase classname="org.bukkit.PerMaterialTest" name="testBlockHardness[653: PURPLE_STAINED_GLASS_PANE]" time="0"/>
  <testcase classname="org.bukkit.PerMaterialTest" name="maxStackSize[653: PURPLE_STAINED_GLASS_PANE]" time="0"/>
  <testcase classname="org.bukkit.PerMaterialTest" name="isTransparent[653: PURPLE_STAINED_GLASS_PANE]" time="0"/>
  <testcase classname="org.bukkit.PerMaterialTest" name="testBlockDataCreation[653: PURPLE_STAINED_GLASS_PANE]" time="0"/>
  <testcase classname="org.bukkit.PerMaterialTest" name="isBlock[653: PURPLE_STAINED_GLASS_PANE]" time="0"/>
  <testcase classname="org.bukkit.PerMaterialTest" name="isSolid[653: PURPLE_STAINED_GLASS_PANE]" time="0"/>
  <testcase classname="org.bukkit.PerMaterialTest" name="hasGravity[654: PURPLE_TERRACOTTA]" time="0"/>
  <testcase classname="org.bukkit.PerMaterialTest" name="isBurnable[654: PURPLE_TERRACOTTA]" time="0.001"/>
  <testcase classname="org.bukkit.PerMaterialTest" name="testInteractable[654: PURPLE_TERRACOTTA]" time="0"/>
  <testcase classname="org.bukkit.PerMaterialTest" name="testBlock[654: PURPLE_TERRACOTTA]" time="0"/>
  <testcase classname="org.bukkit.PerMaterialTest" name="isFuel[654: PURPLE_TERRACOTTA]" time="0"/>
  <testcase classname="org.bukkit.PerMaterialTest" name="testItem[654: PURPLE_TERRACOTTA]" time="0"/>
  <testcase classname="org.bukkit.PerMaterialTest" name="testBlastResistance[654: PURPLE_TERRACOTTA]" time="0"/>
  <testcase classname="org.bukkit.PerMaterialTest" name="isEdible[654: PURPLE_TERRACOTTA]" time="0.001"/>
  <testcase classname="org.bukkit.PerMaterialTest" name="maxDurability[654: PURPLE_TERRACOTTA]" time="0"/>
  <testcase classname="org.bukkit.PerMaterialTest" name="usesDurability[654: PURPLE_TERRACOTTA]" time="0"/>
  <testcase classname="org.bukkit.PerMaterialTest" name="isOccluding[654: PURPLE_TERRACOTTA]" time="0"/>
  <testcase classname="org.bukkit.PerMaterialTest" name="isRecord[654: PURPLE_TERRACOTTA]" time="0"/>
  <testcase classname="org.bukkit.PerMaterialTest" name="isFlammable[654: PURPLE_TERRACOTTA]" time="0"/>
  <testcase classname="org.bukkit.PerMaterialTest" name="testDurability[654: PURPLE_TERRACOTTA]" time="0"/>
  <testcase classname="org.bukkit.PerMaterialTest" name="testBlockHardness[654: PURPLE_TERRACOTTA]" time="0"/>
  <testcase classname="org.bukkit.PerMaterialTest" name="maxStackSize[654: PURPLE_TERRACOTTA]" time="0"/>
  <testcase classname="org.bukkit.PerMaterialTest" name="isTransparent[654: PURPLE_TERRACOTTA]" time="0"/>
  <testcase classname="org.bukkit.PerMaterialTest" name="testBlockDataCreation[654: PURPLE_TERRACOTTA]" time="0"/>
  <testcase classname="org.bukkit.PerMaterialTest" name="isBlock[654: PURPLE_TERRACOTTA]" time="0"/>
  <testcase classname="org.bukkit.PerMaterialTest" name="isSolid[654: PURPLE_TERRACOTTA]" time="0"/>
  <testcase classname="org.bukkit.PerMaterialTest" name="hasGravity[655: PURPLE_WALL_BANNER]" time="0"/>
  <testcase classname="org.bukkit.PerMaterialTest" name="isBurnable[655: PURPLE_WALL_BANNER]" time="0.001"/>
  <testcase classname="org.bukkit.PerMaterialTest" name="testInteractable[655: PURPLE_WALL_BANNER]" time="0"/>
  <testcase classname="org.bukkit.PerMaterialTest" name="testBlock[655: PURPLE_WALL_BANNER]" time="0"/>
  <testcase classname="org.bukkit.PerMaterialTest" name="isFuel[655: PURPLE_WALL_BANNER]" time="0"/>
  <testcase classname="org.bukkit.PerMaterialTest" name="testItem[655: PURPLE_WALL_BANNER]" time="0"/>
  <testcase classname="org.bukkit.PerMaterialTest" name="testBlastResistance[655: PURPLE_WALL_BANNER]" time="0"/>
  <testcase classname="org.bukkit.PerMaterialTest" name="isEdible[655: PURPLE_WALL_BANNER]" time="0.001"/>
  <testcase classname="org.bukkit.PerMaterialTest" name="maxDurability[655: PURPLE_WALL_BANNER]" time="0"/>
  <testcase classname="org.bukkit.PerMaterialTest" name="usesDurability[655: PURPLE_WALL_BANNER]" time="0"/>
  <testcase classname="org.bukkit.PerMaterialTest" name="isOccluding[655: PURPLE_WALL_BANNER]" time="0"/>
  <testcase classname="org.bukkit.PerMaterialTest" name="isRecord[655: PURPLE_WALL_BANNER]" time="0"/>
  <testcase classname="org.bukkit.PerMaterialTest" name="isFlammable[655: PURPLE_WALL_BANNER]" time="0"/>
  <testcase classname="org.bukkit.PerMaterialTest" name="testDurability[655: PURPLE_WALL_BANNER]" time="0"/>
  <testcase classname="org.bukkit.PerMaterialTest" name="testBlockHardness[655: PURPLE_WALL_BANNER]" time="0"/>
  <testcase classname="org.bukkit.PerMaterialTest" name="maxStackSize[655: PURPLE_WALL_BANNER]" time="0.001"/>
  <testcase classname="org.bukkit.PerMaterialTest" name="isTransparent[655: PURPLE_WALL_BANNER]" time="0"/>
  <testcase classname="org.bukkit.PerMaterialTest" name="testBlockDataCreation[655: PURPLE_WALL_BANNER]" time="0"/>
  <testcase classname="org.bukkit.PerMaterialTest" name="isBlock[655: PURPLE_WALL_BANNER]" time="0"/>
  <testcase classname="org.bukkit.PerMaterialTest" name="isSolid[655: PURPLE_WALL_BANNER]" time="0"/>
  <testcase classname="org.bukkit.PerMaterialTest" name="hasGravity[656: PURPLE_WOOL]" time="0"/>
  <testcase classname="org.bukkit.PerMaterialTest" name="isBurnable[656: PURPLE_WOOL]" time="0"/>
  <testcase classname="org.bukkit.PerMaterialTest" name="testInteractable[656: PURPLE_WOOL]" time="0.001"/>
  <testcase classname="org.bukkit.PerMaterialTest" name="testBlock[656: PURPLE_WOOL]" time="0"/>
  <testcase classname="org.bukkit.PerMaterialTest" name="isFuel[656: PURPLE_WOOL]" time="0"/>
  <testcase classname="org.bukkit.PerMaterialTest" name="testItem[656: PURPLE_WOOL]" time="0"/>
  <testcase classname="org.bukkit.PerMaterialTest" name="testBlastResistance[656: PURPLE_WOOL]" time="0"/>
  <testcase classname="org.bukkit.PerMaterialTest" name="isEdible[656: PURPLE_WOOL]" time="0"/>
  <testcase classname="org.bukkit.PerMaterialTest" name="maxDurability[656: PURPLE_WOOL]" time="0"/>
  <testcase classname="org.bukkit.PerMaterialTest" name="usesDurability[656: PURPLE_WOOL]" time="0"/>
  <testcase classname="org.bukkit.PerMaterialTest" name="isOccluding[656: PURPLE_WOOL]" time="0"/>
  <testcase classname="org.bukkit.PerMaterialTest" name="isRecord[656: PURPLE_WOOL]" time="0"/>
  <testcase classname="org.bukkit.PerMaterialTest" name="isFlammable[656: PURPLE_WOOL]" time="0"/>
  <testcase classname="org.bukkit.PerMaterialTest" name="testDurability[656: PURPLE_WOOL]" time="0"/>
  <testcase classname="org.bukkit.PerMaterialTest" name="testBlockHardness[656: PURPLE_WOOL]" time="0"/>
  <testcase classname="org.bukkit.PerMaterialTest" name="maxStackSize[656: PURPLE_WOOL]" time="0"/>
  <testcase classname="org.bukkit.PerMaterialTest" name="isTransparent[656: PURPLE_WOOL]" time="0"/>
  <testcase classname="org.bukkit.PerMaterialTest" name="testBlockDataCreation[656: PURPLE_WOOL]" time="0"/>
  <testcase classname="org.bukkit.PerMaterialTest" name="isBlock[656: PURPLE_WOOL]" time="0"/>
  <testcase classname="org.bukkit.PerMaterialTest" name="isSolid[656: PURPLE_WOOL]" time="0"/>
  <testcase classname="org.bukkit.PerMaterialTest" name="hasGravity[657: PURPUR_BLOCK]" time="0"/>
  <testcase classname="org.bukkit.PerMaterialTest" name="isBurnable[657: PURPUR_BLOCK]" time="0"/>
  <testcase classname="org.bukkit.PerMaterialTest" name="testInteractable[657: PURPUR_BLOCK]" time="0"/>
  <testcase classname="org.bukkit.PerMaterialTest" name="testBlock[657: PURPUR_BLOCK]" time="0"/>
  <testcase classname="org.bukkit.PerMaterialTest" name="isFuel[657: PURPUR_BLOCK]" time="0"/>
  <testcase classname="org.bukkit.PerMaterialTest" name="testItem[657: PURPUR_BLOCK]" time="0"/>
  <testcase classname="org.bukkit.PerMaterialTest" name="testBlastResistance[657: PURPUR_BLOCK]" time="0"/>
  <testcase classname="org.bukkit.PerMaterialTest" name="isEdible[657: PURPUR_BLOCK]" time="0"/>
  <testcase classname="org.bukkit.PerMaterialTest" name="maxDurability[657: PURPUR_BLOCK]" time="0"/>
  <testcase classname="org.bukkit.PerMaterialTest" name="usesDurability[657: PURPUR_BLOCK]" time="0"/>
  <testcase classname="org.bukkit.PerMaterialTest" name="isOccluding[657: PURPUR_BLOCK]" time="0"/>
  <testcase classname="org.bukkit.PerMaterialTest" name="isRecord[657: PURPUR_BLOCK]" time="0"/>
  <testcase classname="org.bukkit.PerMaterialTest" name="isFlammable[657: PURPUR_BLOCK]" time="0"/>
  <testcase classname="org.bukkit.PerMaterialTest" name="testDurability[657: PURPUR_BLOCK]" time="0"/>
  <testcase classname="org.bukkit.PerMaterialTest" name="testBlockHardness[657: PURPUR_BLOCK]" time="0"/>
  <testcase classname="org.bukkit.PerMaterialTest" name="maxStackSize[657: PURPUR_BLOCK]" time="0"/>
  <testcase classname="org.bukkit.PerMaterialTest" name="isTransparent[657: PURPUR_BLOCK]" time="0.001"/>
  <testcase classname="org.bukkit.PerMaterialTest" name="testBlockDataCreation[657: PURPUR_BLOCK]" time="0"/>
  <testcase classname="org.bukkit.PerMaterialTest" name="isBlock[657: PURPUR_BLOCK]" time="0"/>
  <testcase classname="org.bukkit.PerMaterialTest" name="isSolid[657: PURPUR_BLOCK]" time="0"/>
  <testcase classname="org.bukkit.PerMaterialTest" name="hasGravity[658: PURPUR_PILLAR]" time="0"/>
  <testcase classname="org.bukkit.PerMaterialTest" name="isBurnable[658: PURPUR_PILLAR]" time="0"/>
  <testcase classname="org.bukkit.PerMaterialTest" name="testInteractable[658: PURPUR_PILLAR]" time="0"/>
  <testcase classname="org.bukkit.PerMaterialTest" name="testBlock[658: PURPUR_PILLAR]" time="0"/>
  <testcase classname="org.bukkit.PerMaterialTest" name="isFuel[658: PURPUR_PILLAR]" time="0"/>
  <testcase classname="org.bukkit.PerMaterialTest" name="testItem[658: PURPUR_PILLAR]" time="0"/>
  <testcase classname="org.bukkit.PerMaterialTest" name="testBlastResistance[658: PURPUR_PILLAR]" time="0"/>
  <testcase classname="org.bukkit.PerMaterialTest" name="isEdible[658: PURPUR_PILLAR]" time="0"/>
  <testcase classname="org.bukkit.PerMaterialTest" name="maxDurability[658: PURPUR_PILLAR]" time="0"/>
  <testcase classname="org.bukkit.PerMaterialTest" name="usesDurability[658: PURPUR_PILLAR]" time="0"/>
  <testcase classname="org.bukkit.PerMaterialTest" name="isOccluding[658: PURPUR_PILLAR]" time="0"/>
  <testcase classname="org.bukkit.PerMaterialTest" name="isRecord[658: PURPUR_PILLAR]" time="0"/>
  <testcase classname="org.bukkit.PerMaterialTest" name="isFlammable[658: PURPUR_PILLAR]" time="0"/>
  <testcase classname="org.bukkit.PerMaterialTest" name="testDurability[658: PURPUR_PILLAR]" time="0"/>
  <testcase classname="org.bukkit.PerMaterialTest" name="testBlockHardness[658: PURPUR_PILLAR]" time="0"/>
  <testcase classname="org.bukkit.PerMaterialTest" name="maxStackSize[658: PURPUR_PILLAR]" time="0"/>
  <testcase classname="org.bukkit.PerMaterialTest" name="isTransparent[658: PURPUR_PILLAR]" time="0"/>
  <testcase classname="org.bukkit.PerMaterialTest" name="testBlockDataCreation[658: PURPUR_PILLAR]" time="0"/>
  <testcase classname="org.bukkit.PerMaterialTest" name="isBlock[658: PURPUR_PILLAR]" time="0"/>
  <testcase classname="org.bukkit.PerMaterialTest" name="isSolid[658: PURPUR_PILLAR]" time="0"/>
  <testcase classname="org.bukkit.PerMaterialTest" name="hasGravity[659: PURPUR_SLAB]" time="0"/>
  <testcase classname="org.bukkit.PerMaterialTest" name="isBurnable[659: PURPUR_SLAB]" time="0"/>
  <testcase classname="org.bukkit.PerMaterialTest" name="testInteractable[659: PURPUR_SLAB]" time="0"/>
  <testcase classname="org.bukkit.PerMaterialTest" name="testBlock[659: PURPUR_SLAB]" time="0"/>
  <testcase classname="org.bukkit.PerMaterialTest" name="isFuel[659: PURPUR_SLAB]" time="0.001"/>
  <testcase classname="org.bukkit.PerMaterialTest" name="testItem[659: PURPUR_SLAB]" time="0"/>
  <testcase classname="org.bukkit.PerMaterialTest" name="testBlastResistance[659: PURPUR_SLAB]" time="0"/>
  <testcase classname="org.bukkit.PerMaterialTest" name="isEdible[659: PURPUR_SLAB]" time="0"/>
  <testcase classname="org.bukkit.PerMaterialTest" name="maxDurability[659: PURPUR_SLAB]" time="0"/>
  <testcase classname="org.bukkit.PerMaterialTest" name="usesDurability[659: PURPUR_SLAB]" time="0"/>
  <testcase classname="org.bukkit.PerMaterialTest" name="isOccluding[659: PURPUR_SLAB]" time="0.001"/>
  <testcase classname="org.bukkit.PerMaterialTest" name="isRecord[659: PURPUR_SLAB]" time="0"/>
  <testcase classname="org.bukkit.PerMaterialTest" name="isFlammable[659: PURPUR_SLAB]" time="0"/>
  <testcase classname="org.bukkit.PerMaterialTest" name="testDurability[659: PURPUR_SLAB]" time="0"/>
  <testcase classname="org.bukkit.PerMaterialTest" name="testBlockHardness[659: PURPUR_SLAB]" time="0"/>
  <testcase classname="org.bukkit.PerMaterialTest" name="maxStackSize[659: PURPUR_SLAB]" time="0"/>
  <testcase classname="org.bukkit.PerMaterialTest" name="isTransparent[659: PURPUR_SLAB]" time="0"/>
  <testcase classname="org.bukkit.PerMaterialTest" name="testBlockDataCreation[659: PURPUR_SLAB]" time="0"/>
  <testcase classname="org.bukkit.PerMaterialTest" name="isBlock[659: PURPUR_SLAB]" time="0"/>
  <testcase classname="org.bukkit.PerMaterialTest" name="isSolid[659: PURPUR_SLAB]" time="0"/>
  <testcase classname="org.bukkit.PerMaterialTest" name="hasGravity[660: PURPUR_STAIRS]" time="0"/>
  <testcase classname="org.bukkit.PerMaterialTest" name="isBurnable[660: PURPUR_STAIRS]" time="0"/>
  <testcase classname="org.bukkit.PerMaterialTest" name="testInteractable[660: PURPUR_STAIRS]" time="0"/>
  <testcase classname="org.bukkit.PerMaterialTest" name="testBlock[660: PURPUR_STAIRS]" time="0"/>
  <testcase classname="org.bukkit.PerMaterialTest" name="isFuel[660: PURPUR_STAIRS]" time="0.001"/>
  <testcase classname="org.bukkit.PerMaterialTest" name="testItem[660: PURPUR_STAIRS]" time="0"/>
  <testcase classname="org.bukkit.PerMaterialTest" name="testBlastResistance[660: PURPUR_STAIRS]" time="0"/>
  <testcase classname="org.bukkit.PerMaterialTest" name="isEdible[660: PURPUR_STAIRS]" time="0"/>
  <testcase classname="org.bukkit.PerMaterialTest" name="maxDurability[660: PURPUR_STAIRS]" time="0"/>
  <testcase classname="org.bukkit.PerMaterialTest" name="usesDurability[660: PURPUR_STAIRS]" time="0"/>
  <testcase classname="org.bukkit.PerMaterialTest" name="isOccluding[660: PURPUR_STAIRS]" time="0"/>
  <testcase classname="org.bukkit.PerMaterialTest" name="isRecord[660: PURPUR_STAIRS]" time="0"/>
  <testcase classname="org.bukkit.PerMaterialTest" name="isFlammable[660: PURPUR_STAIRS]" time="0"/>
  <testcase classname="org.bukkit.PerMaterialTest" name="testDurability[660: PURPUR_STAIRS]" time="0"/>
  <testcase classname="org.bukkit.PerMaterialTest" name="testBlockHardness[660: PURPUR_STAIRS]" time="0"/>
  <testcase classname="org.bukkit.PerMaterialTest" name="maxStackSize[660: PURPUR_STAIRS]" time="0"/>
  <testcase classname="org.bukkit.PerMaterialTest" name="isTransparent[660: PURPUR_STAIRS]" time="0"/>
  <testcase classname="org.bukkit.PerMaterialTest" name="testBlockDataCreation[660: PURPUR_STAIRS]" time="0"/>
  <testcase classname="org.bukkit.PerMaterialTest" name="isBlock[660: PURPUR_STAIRS]" time="0"/>
  <testcase classname="org.bukkit.PerMaterialTest" name="isSolid[660: PURPUR_STAIRS]" time="0"/>
  <testcase classname="org.bukkit.PerMaterialTest" name="hasGravity[661: QUARTZ]" time="0"/>
  <testcase classname="org.bukkit.PerMaterialTest" name="isBurnable[661: QUARTZ]" time="0"/>
  <testcase classname="org.bukkit.PerMaterialTest" name="testInteractable[661: QUARTZ]" time="0"/>
  <testcase classname="org.bukkit.PerMaterialTest" name="testBlock[661: QUARTZ]" time="0"/>
  <testcase classname="org.bukkit.PerMaterialTest" name="isFuel[661: QUARTZ]" time="0"/>
  <testcase classname="org.bukkit.PerMaterialTest" name="testItem[661: QUARTZ]" time="0"/>
  <testcase classname="org.bukkit.PerMaterialTest" name="testBlastResistance[661: QUARTZ]" time="0"/>
  <testcase classname="org.bukkit.PerMaterialTest" name="isEdible[661: QUARTZ]" time="0"/>
  <testcase classname="org.bukkit.PerMaterialTest" name="maxDurability[661: QUARTZ]" time="0"/>
  <testcase classname="org.bukkit.PerMaterialTest" name="usesDurability[661: QUARTZ]" time="0"/>
  <testcase classname="org.bukkit.PerMaterialTest" name="isOccluding[661: QUARTZ]" time="0"/>
  <testcase classname="org.bukkit.PerMaterialTest" name="isRecord[661: QUARTZ]" time="0"/>
  <testcase classname="org.bukkit.PerMaterialTest" name="isFlammable[661: QUARTZ]" time="0"/>
  <testcase classname="org.bukkit.PerMaterialTest" name="testDurability[661: QUARTZ]" time="0.001"/>
  <testcase classname="org.bukkit.PerMaterialTest" name="testBlockHardness[661: QUARTZ]" time="0"/>
  <testcase classname="org.bukkit.PerMaterialTest" name="maxStackSize[661: QUARTZ]" time="0"/>
  <testcase classname="org.bukkit.PerMaterialTest" name="isTransparent[661: QUARTZ]" time="0"/>
  <testcase classname="org.bukkit.PerMaterialTest" name="testBlockDataCreation[661: QUARTZ]" time="0"/>
  <testcase classname="org.bukkit.PerMaterialTest" name="isBlock[661: QUARTZ]" time="0"/>
  <testcase classname="org.bukkit.PerMaterialTest" name="isSolid[661: QUARTZ]" time="0"/>
  <testcase classname="org.bukkit.PerMaterialTest" name="hasGravity[662: QUARTZ_BLOCK]" time="0"/>
  <testcase classname="org.bukkit.PerMaterialTest" name="isBurnable[662: QUARTZ_BLOCK]" time="0"/>
  <testcase classname="org.bukkit.PerMaterialTest" name="testInteractable[662: QUARTZ_BLOCK]" time="0"/>
  <testcase classname="org.bukkit.PerMaterialTest" name="testBlock[662: QUARTZ_BLOCK]" time="0"/>
  <testcase classname="org.bukkit.PerMaterialTest" name="isFuel[662: QUARTZ_BLOCK]" time="0"/>
  <testcase classname="org.bukkit.PerMaterialTest" name="testItem[662: QUARTZ_BLOCK]" time="0"/>
  <testcase classname="org.bukkit.PerMaterialTest" name="testBlastResistance[662: QUARTZ_BLOCK]" time="0"/>
  <testcase classname="org.bukkit.PerMaterialTest" name="isEdible[662: QUARTZ_BLOCK]" time="0"/>
  <testcase classname="org.bukkit.PerMaterialTest" name="maxDurability[662: QUARTZ_BLOCK]" time="0"/>
  <testcase classname="org.bukkit.PerMaterialTest" name="usesDurability[662: QUARTZ_BLOCK]" time="0"/>
  <testcase classname="org.bukkit.PerMaterialTest" name="isOccluding[662: QUARTZ_BLOCK]" time="0"/>
  <testcase classname="org.bukkit.PerMaterialTest" name="isRecord[662: QUARTZ_BLOCK]" time="0"/>
  <testcase classname="org.bukkit.PerMaterialTest" name="isFlammable[662: QUARTZ_BLOCK]" time="0"/>
  <testcase classname="org.bukkit.PerMaterialTest" name="testDurability[662: QUARTZ_BLOCK]" time="0"/>
  <testcase classname="org.bukkit.PerMaterialTest" name="testBlockHardness[662: QUARTZ_BLOCK]" time="0"/>
  <testcase classname="org.bukkit.PerMaterialTest" name="maxStackSize[662: QUARTZ_BLOCK]" time="0"/>
  <testcase classname="org.bukkit.PerMaterialTest" name="isTransparent[662: QUARTZ_BLOCK]" time="0"/>
  <testcase classname="org.bukkit.PerMaterialTest" name="testBlockDataCreation[662: QUARTZ_BLOCK]" time="0"/>
  <testcase classname="org.bukkit.PerMaterialTest" name="isBlock[662: QUARTZ_BLOCK]" time="0"/>
  <testcase classname="org.bukkit.PerMaterialTest" name="isSolid[662: QUARTZ_BLOCK]" time="0"/>
  <testcase classname="org.bukkit.PerMaterialTest" name="hasGravity[663: QUARTZ_PILLAR]" time="0"/>
  <testcase classname="org.bukkit.PerMaterialTest" name="isBurnable[663: QUARTZ_PILLAR]" time="0.001"/>
  <testcase classname="org.bukkit.PerMaterialTest" name="testInteractable[663: QUARTZ_PILLAR]" time="0"/>
  <testcase classname="org.bukkit.PerMaterialTest" name="testBlock[663: QUARTZ_PILLAR]" time="0"/>
  <testcase classname="org.bukkit.PerMaterialTest" name="isFuel[663: QUARTZ_PILLAR]" time="0"/>
  <testcase classname="org.bukkit.PerMaterialTest" name="testItem[663: QUARTZ_PILLAR]" time="0"/>
  <testcase classname="org.bukkit.PerMaterialTest" name="testBlastResistance[663: QUARTZ_PILLAR]" time="0"/>
  <testcase classname="org.bukkit.PerMaterialTest" name="isEdible[663: QUARTZ_PILLAR]" time="0.001"/>
  <testcase classname="org.bukkit.PerMaterialTest" name="maxDurability[663: QUARTZ_PILLAR]" time="0"/>
  <testcase classname="org.bukkit.PerMaterialTest" name="usesDurability[663: QUARTZ_PILLAR]" time="0"/>
  <testcase classname="org.bukkit.PerMaterialTest" name="isOccluding[663: QUARTZ_PILLAR]" time="0"/>
  <testcase classname="org.bukkit.PerMaterialTest" name="isRecord[663: QUARTZ_PILLAR]" time="0"/>
  <testcase classname="org.bukkit.PerMaterialTest" name="isFlammable[663: QUARTZ_PILLAR]" time="0"/>
  <testcase classname="org.bukkit.PerMaterialTest" name="testDurability[663: QUARTZ_PILLAR]" time="0"/>
  <testcase classname="org.bukkit.PerMaterialTest" name="testBlockHardness[663: QUARTZ_PILLAR]" time="0"/>
  <testcase classname="org.bukkit.PerMaterialTest" name="maxStackSize[663: QUARTZ_PILLAR]" time="0.001"/>
  <testcase classname="org.bukkit.PerMaterialTest" name="isTransparent[663: QUARTZ_PILLAR]" time="0"/>
  <testcase classname="org.bukkit.PerMaterialTest" name="testBlockDataCreation[663: QUARTZ_PILLAR]" time="0"/>
  <testcase classname="org.bukkit.PerMaterialTest" name="isBlock[663: QUARTZ_PILLAR]" time="0"/>
  <testcase classname="org.bukkit.PerMaterialTest" name="isSolid[663: QUARTZ_PILLAR]" time="0"/>
  <testcase classname="org.bukkit.PerMaterialTest" name="hasGravity[664: QUARTZ_SLAB]" time="0"/>
  <testcase classname="org.bukkit.PerMaterialTest" name="isBurnable[664: QUARTZ_SLAB]" time="0"/>
  <testcase classname="org.bukkit.PerMaterialTest" name="testInteractable[664: QUARTZ_SLAB]" time="0"/>
  <testcase classname="org.bukkit.PerMaterialTest" name="testBlock[664: QUARTZ_SLAB]" time="0"/>
  <testcase classname="org.bukkit.PerMaterialTest" name="isFuel[664: QUARTZ_SLAB]" time="0"/>
  <testcase classname="org.bukkit.PerMaterialTest" name="testItem[664: QUARTZ_SLAB]" time="0"/>
  <testcase classname="org.bukkit.PerMaterialTest" name="testBlastResistance[664: QUARTZ_SLAB]" time="0"/>
  <testcase classname="org.bukkit.PerMaterialTest" name="isEdible[664: QUARTZ_SLAB]" time="0"/>
  <testcase classname="org.bukkit.PerMaterialTest" name="maxDurability[664: QUARTZ_SLAB]" time="0"/>
  <testcase classname="org.bukkit.PerMaterialTest" name="usesDurability[664: QUARTZ_SLAB]" time="0"/>
  <testcase classname="org.bukkit.PerMaterialTest" name="isOccluding[664: QUARTZ_SLAB]" time="0"/>
  <testcase classname="org.bukkit.PerMaterialTest" name="isRecord[664: QUARTZ_SLAB]" time="0"/>
  <testcase classname="org.bukkit.PerMaterialTest" name="isFlammable[664: QUARTZ_SLAB]" time="0"/>
  <testcase classname="org.bukkit.PerMaterialTest" name="testDurability[664: QUARTZ_SLAB]" time="0"/>
  <testcase classname="org.bukkit.PerMaterialTest" name="testBlockHardness[664: QUARTZ_SLAB]" time="0"/>
  <testcase classname="org.bukkit.PerMaterialTest" name="maxStackSize[664: QUARTZ_SLAB]" time="0.001"/>
  <testcase classname="org.bukkit.PerMaterialTest" name="isTransparent[664: QUARTZ_SLAB]" time="0"/>
  <testcase classname="org.bukkit.PerMaterialTest" name="testBlockDataCreation[664: QUARTZ_SLAB]" time="0"/>
  <testcase classname="org.bukkit.PerMaterialTest" name="isBlock[664: QUARTZ_SLAB]" time="0"/>
  <testcase classname="org.bukkit.PerMaterialTest" name="isSolid[664: QUARTZ_SLAB]" time="0"/>
  <testcase classname="org.bukkit.PerMaterialTest" name="hasGravity[665: QUARTZ_STAIRS]" time="0"/>
  <testcase classname="org.bukkit.PerMaterialTest" name="isBurnable[665: QUARTZ_STAIRS]" time="0"/>
  <testcase classname="org.bukkit.PerMaterialTest" name="testInteractable[665: QUARTZ_STAIRS]" time="0.001"/>
  <testcase classname="org.bukkit.PerMaterialTest" name="testBlock[665: QUARTZ_STAIRS]" time="0"/>
  <testcase classname="org.bukkit.PerMaterialTest" name="isFuel[665: QUARTZ_STAIRS]" time="0"/>
  <testcase classname="org.bukkit.PerMaterialTest" name="testItem[665: QUARTZ_STAIRS]" time="0"/>
  <testcase classname="org.bukkit.PerMaterialTest" name="testBlastResistance[665: QUARTZ_STAIRS]" time="0"/>
  <testcase classname="org.bukkit.PerMaterialTest" name="isEdible[665: QUARTZ_STAIRS]" time="0"/>
  <testcase classname="org.bukkit.PerMaterialTest" name="maxDurability[665: QUARTZ_STAIRS]" time="0"/>
  <testcase classname="org.bukkit.PerMaterialTest" name="usesDurability[665: QUARTZ_STAIRS]" time="0"/>
  <testcase classname="org.bukkit.PerMaterialTest" name="isOccluding[665: QUARTZ_STAIRS]" time="0"/>
  <testcase classname="org.bukkit.PerMaterialTest" name="isRecord[665: QUARTZ_STAIRS]" time="0"/>
  <testcase classname="org.bukkit.PerMaterialTest" name="isFlammable[665: QUARTZ_STAIRS]" time="0"/>
  <testcase classname="org.bukkit.PerMaterialTest" name="testDurability[665: QUARTZ_STAIRS]" time="0"/>
  <testcase classname="org.bukkit.PerMaterialTest" name="testBlockHardness[665: QUARTZ_STAIRS]" time="0"/>
  <testcase classname="org.bukkit.PerMaterialTest" name="maxStackSize[665: QUARTZ_STAIRS]" time="0"/>
  <testcase classname="org.bukkit.PerMaterialTest" name="isTransparent[665: QUARTZ_STAIRS]" time="0"/>
  <testcase classname="org.bukkit.PerMaterialTest" name="testBlockDataCreation[665: QUARTZ_STAIRS]" time="0"/>
  <testcase classname="org.bukkit.PerMaterialTest" name="isBlock[665: QUARTZ_STAIRS]" time="0"/>
  <testcase classname="org.bukkit.PerMaterialTest" name="isSolid[665: QUARTZ_STAIRS]" time="0"/>
  <testcase classname="org.bukkit.PerMaterialTest" name="hasGravity[666: RABBIT]" time="0"/>
  <testcase classname="org.bukkit.PerMaterialTest" name="isBurnable[666: RABBIT]" time="0"/>
  <testcase classname="org.bukkit.PerMaterialTest" name="testInteractable[666: RABBIT]" time="0"/>
  <testcase classname="org.bukkit.PerMaterialTest" name="testBlock[666: RABBIT]" time="0"/>
  <testcase classname="org.bukkit.PerMaterialTest" name="isFuel[666: RABBIT]" time="0.044"/>
  <testcase classname="org.bukkit.PerMaterialTest" name="testItem[666: RABBIT]" time="0"/>
  <testcase classname="org.bukkit.PerMaterialTest" name="testBlastResistance[666: RABBIT]" time="0.001"/>
  <testcase classname="org.bukkit.PerMaterialTest" name="isEdible[666: RABBIT]" time="0"/>
  <testcase classname="org.bukkit.PerMaterialTest" name="maxDurability[666: RABBIT]" time="0"/>
  <testcase classname="org.bukkit.PerMaterialTest" name="usesDurability[666: RABBIT]" time="0"/>
  <testcase classname="org.bukkit.PerMaterialTest" name="isOccluding[666: RABBIT]" time="0"/>
  <testcase classname="org.bukkit.PerMaterialTest" name="isRecord[666: RABBIT]" time="0"/>
  <testcase classname="org.bukkit.PerMaterialTest" name="isFlammable[666: RABBIT]" time="0"/>
  <testcase classname="org.bukkit.PerMaterialTest" name="testDurability[666: RABBIT]" time="0"/>
  <testcase classname="org.bukkit.PerMaterialTest" name="testBlockHardness[666: RABBIT]" time="0"/>
  <testcase classname="org.bukkit.PerMaterialTest" name="maxStackSize[666: RABBIT]" time="0"/>
  <testcase classname="org.bukkit.PerMaterialTest" name="isTransparent[666: RABBIT]" time="0"/>
  <testcase classname="org.bukkit.PerMaterialTest" name="testBlockDataCreation[666: RABBIT]" time="0"/>
  <testcase classname="org.bukkit.PerMaterialTest" name="isBlock[666: RABBIT]" time="0"/>
  <testcase classname="org.bukkit.PerMaterialTest" name="isSolid[666: RABBIT]" time="0"/>
  <testcase classname="org.bukkit.PerMaterialTest" name="hasGravity[667: RABBIT_FOOT]" time="0.001"/>
  <testcase classname="org.bukkit.PerMaterialTest" name="isBurnable[667: RABBIT_FOOT]" time="0"/>
  <testcase classname="org.bukkit.PerMaterialTest" name="testInteractable[667: RABBIT_FOOT]" time="0"/>
  <testcase classname="org.bukkit.PerMaterialTest" name="testBlock[667: RABBIT_FOOT]" time="0"/>
  <testcase classname="org.bukkit.PerMaterialTest" name="isFuel[667: RABBIT_FOOT]" time="0"/>
  <testcase classname="org.bukkit.PerMaterialTest" name="testItem[667: RABBIT_FOOT]" time="0"/>
  <testcase classname="org.bukkit.PerMaterialTest" name="testBlastResistance[667: RABBIT_FOOT]" time="0"/>
  <testcase classname="org.bukkit.PerMaterialTest" name="isEdible[667: RABBIT_FOOT]" time="0"/>
  <testcase classname="org.bukkit.PerMaterialTest" name="maxDurability[667: RABBIT_FOOT]" time="0"/>
  <testcase classname="org.bukkit.PerMaterialTest" name="usesDurability[667: RABBIT_FOOT]" time="0"/>
  <testcase classname="org.bukkit.PerMaterialTest" name="isOccluding[667: RABBIT_FOOT]" time="0.001"/>
  <testcase classname="org.bukkit.PerMaterialTest" name="isRecord[667: RABBIT_FOOT]" time="0"/>
  <testcase classname="org.bukkit.PerMaterialTest" name="isFlammable[667: RABBIT_FOOT]" time="0"/>
  <testcase classname="org.bukkit.PerMaterialTest" name="testDurability[667: RABBIT_FOOT]" time="0"/>
  <testcase classname="org.bukkit.PerMaterialTest" name="testBlockHardness[667: RABBIT_FOOT]" time="0"/>
  <testcase classname="org.bukkit.PerMaterialTest" name="maxStackSize[667: RABBIT_FOOT]" time="0"/>
  <testcase classname="org.bukkit.PerMaterialTest" name="isTransparent[667: RABBIT_FOOT]" time="0"/>
  <testcase classname="org.bukkit.PerMaterialTest" name="testBlockDataCreation[667: RABBIT_FOOT]" time="0"/>
  <testcase classname="org.bukkit.PerMaterialTest" name="isBlock[667: RABBIT_FOOT]" time="0"/>
  <testcase classname="org.bukkit.PerMaterialTest" name="isSolid[667: RABBIT_FOOT]" time="0"/>
  <testcase classname="org.bukkit.PerMaterialTest" name="hasGravity[668: RABBIT_HIDE]" time="0.001"/>
  <testcase classname="org.bukkit.PerMaterialTest" name="isBurnable[668: RABBIT_HIDE]" time="0"/>
  <testcase classname="org.bukkit.PerMaterialTest" name="testInteractable[668: RABBIT_HIDE]" time="0"/>
  <testcase classname="org.bukkit.PerMaterialTest" name="testBlock[668: RABBIT_HIDE]" time="0"/>
  <testcase classname="org.bukkit.PerMaterialTest" name="isFuel[668: RABBIT_HIDE]" time="0"/>
  <testcase classname="org.bukkit.PerMaterialTest" name="testItem[668: RABBIT_HIDE]" time="0"/>
  <testcase classname="org.bukkit.PerMaterialTest" name="testBlastResistance[668: RABBIT_HIDE]" time="0"/>
  <testcase classname="org.bukkit.PerMaterialTest" name="isEdible[668: RABBIT_HIDE]" time="0"/>
  <testcase classname="org.bukkit.PerMaterialTest" name="maxDurability[668: RABBIT_HIDE]" time="0"/>
  <testcase classname="org.bukkit.PerMaterialTest" name="usesDurability[668: RABBIT_HIDE]" time="0"/>
  <testcase classname="org.bukkit.PerMaterialTest" name="isOccluding[668: RABBIT_HIDE]" time="0"/>
  <testcase classname="org.bukkit.PerMaterialTest" name="isRecord[668: RABBIT_HIDE]" time="0"/>
  <testcase classname="org.bukkit.PerMaterialTest" name="isFlammable[668: RABBIT_HIDE]" time="0"/>
  <testcase classname="org.bukkit.PerMaterialTest" name="testDurability[668: RABBIT_HIDE]" time="0.001"/>
  <testcase classname="org.bukkit.PerMaterialTest" name="testBlockHardness[668: RABBIT_HIDE]" time="0"/>
  <testcase classname="org.bukkit.PerMaterialTest" name="maxStackSize[668: RABBIT_HIDE]" time="0"/>
  <testcase classname="org.bukkit.PerMaterialTest" name="isTransparent[668: RABBIT_HIDE]" time="0"/>
  <testcase classname="org.bukkit.PerMaterialTest" name="testBlockDataCreation[668: RABBIT_HIDE]" time="0"/>
  <testcase classname="org.bukkit.PerMaterialTest" name="isBlock[668: RABBIT_HIDE]" time="0"/>
  <testcase classname="org.bukkit.PerMaterialTest" name="isSolid[668: RABBIT_HIDE]" time="0"/>
  <testcase classname="org.bukkit.PerMaterialTest" name="hasGravity[669: RABBIT_SPAWN_EGG]" time="0.001"/>
  <testcase classname="org.bukkit.PerMaterialTest" name="isBurnable[669: RABBIT_SPAWN_EGG]" time="0"/>
  <testcase classname="org.bukkit.PerMaterialTest" name="testInteractable[669: RABBIT_SPAWN_EGG]" time="0"/>
  <testcase classname="org.bukkit.PerMaterialTest" name="testBlock[669: RABBIT_SPAWN_EGG]" time="0"/>
  <testcase classname="org.bukkit.PerMaterialTest" name="isFuel[669: RABBIT_SPAWN_EGG]" time="0"/>
  <testcase classname="org.bukkit.PerMaterialTest" name="testItem[669: RABBIT_SPAWN_EGG]" time="0"/>
  <testcase classname="org.bukkit.PerMaterialTest" name="testBlastResistance[669: RABBIT_SPAWN_EGG]" time="0.001"/>
  <testcase classname="org.bukkit.PerMaterialTest" name="isEdible[669: RABBIT_SPAWN_EGG]" time="0"/>
  <testcase classname="org.bukkit.PerMaterialTest" name="maxDurability[669: RABBIT_SPAWN_EGG]" time="0"/>
  <testcase classname="org.bukkit.PerMaterialTest" name="usesDurability[669: RABBIT_SPAWN_EGG]" time="0"/>
  <testcase classname="org.bukkit.PerMaterialTest" name="isOccluding[669: RABBIT_SPAWN_EGG]" time="0"/>
  <testcase classname="org.bukkit.PerMaterialTest" name="isRecord[669: RABBIT_SPAWN_EGG]" time="0"/>
  <testcase classname="org.bukkit.PerMaterialTest" name="isFlammable[669: RABBIT_SPAWN_EGG]" time="0"/>
  <testcase classname="org.bukkit.PerMaterialTest" name="testDurability[669: RABBIT_SPAWN_EGG]" time="0.001"/>
  <testcase classname="org.bukkit.PerMaterialTest" name="testBlockHardness[669: RABBIT_SPAWN_EGG]" time="0"/>
  <testcase classname="org.bukkit.PerMaterialTest" name="maxStackSize[669: RABBIT_SPAWN_EGG]" time="0"/>
  <testcase classname="org.bukkit.PerMaterialTest" name="isTransparent[669: RABBIT_SPAWN_EGG]" time="0.001"/>
  <testcase classname="org.bukkit.PerMaterialTest" name="testBlockDataCreation[669: RABBIT_SPAWN_EGG]" time="0"/>
  <testcase classname="org.bukkit.PerMaterialTest" name="isBlock[669: RABBIT_SPAWN_EGG]" time="0"/>
  <testcase classname="org.bukkit.PerMaterialTest" name="isSolid[669: RABBIT_SPAWN_EGG]" time="0"/>
  <testcase classname="org.bukkit.PerMaterialTest" name="hasGravity[670: RABBIT_STEW]" time="0"/>
  <testcase classname="org.bukkit.PerMaterialTest" name="isBurnable[670: RABBIT_STEW]" time="0"/>
  <testcase classname="org.bukkit.PerMaterialTest" name="testInteractable[670: RABBIT_STEW]" time="0"/>
  <testcase classname="org.bukkit.PerMaterialTest" name="testBlock[670: RABBIT_STEW]" time="0.001"/>
  <testcase classname="org.bukkit.PerMaterialTest" name="isFuel[670: RABBIT_STEW]" time="0"/>
  <testcase classname="org.bukkit.PerMaterialTest" name="testItem[670: RABBIT_STEW]" time="0"/>
  <testcase classname="org.bukkit.PerMaterialTest" name="testBlastResistance[670: RABBIT_STEW]" time="0"/>
  <testcase classname="org.bukkit.PerMaterialTest" name="isEdible[670: RABBIT_STEW]" time="0"/>
  <testcase classname="org.bukkit.PerMaterialTest" name="maxDurability[670: RABBIT_STEW]" time="0"/>
  <testcase classname="org.bukkit.PerMaterialTest" name="usesDurability[670: RABBIT_STEW]" time="0.001"/>
  <testcase classname="org.bukkit.PerMaterialTest" name="isOccluding[670: RABBIT_STEW]" time="0"/>
  <testcase classname="org.bukkit.PerMaterialTest" name="isRecord[670: RABBIT_STEW]" time="0"/>
  <testcase classname="org.bukkit.PerMaterialTest" name="isFlammable[670: RABBIT_STEW]" time="0"/>
  <testcase classname="org.bukkit.PerMaterialTest" name="testDurability[670: RABBIT_STEW]" time="0"/>
  <testcase classname="org.bukkit.PerMaterialTest" name="testBlockHardness[670: RABBIT_STEW]" time="0"/>
  <testcase classname="org.bukkit.PerMaterialTest" name="maxStackSize[670: RABBIT_STEW]" time="0"/>
  <testcase classname="org.bukkit.PerMaterialTest" name="isTransparent[670: RABBIT_STEW]" time="0.001"/>
  <testcase classname="org.bukkit.PerMaterialTest" name="testBlockDataCreation[670: RABBIT_STEW]" time="0"/>
  <testcase classname="org.bukkit.PerMaterialTest" name="isBlock[670: RABBIT_STEW]" time="0"/>
  <testcase classname="org.bukkit.PerMaterialTest" name="isSolid[670: RABBIT_STEW]" time="0"/>
  <testcase classname="org.bukkit.PerMaterialTest" name="hasGravity[671: RAIL]" time="0"/>
  <testcase classname="org.bukkit.PerMaterialTest" name="isBurnable[671: RAIL]" time="0"/>
  <testcase classname="org.bukkit.PerMaterialTest" name="testInteractable[671: RAIL]" time="0.002"/>
  <testcase classname="org.bukkit.PerMaterialTest" name="testBlock[671: RAIL]" time="0"/>
  <testcase classname="org.bukkit.PerMaterialTest" name="isFuel[671: RAIL]" time="0"/>
  <testcase classname="org.bukkit.PerMaterialTest" name="testItem[671: RAIL]" time="0"/>
  <testcase classname="org.bukkit.PerMaterialTest" name="testBlastResistance[671: RAIL]" time="0"/>
  <testcase classname="org.bukkit.PerMaterialTest" name="isEdible[671: RAIL]" time="0"/>
  <testcase classname="org.bukkit.PerMaterialTest" name="maxDurability[671: RAIL]" time="0.001"/>
  <testcase classname="org.bukkit.PerMaterialTest" name="usesDurability[671: RAIL]" time="0"/>
  <testcase classname="org.bukkit.PerMaterialTest" name="isOccluding[671: RAIL]" time="0"/>
  <testcase classname="org.bukkit.PerMaterialTest" name="isRecord[671: RAIL]" time="0"/>
  <testcase classname="org.bukkit.PerMaterialTest" name="isFlammable[671: RAIL]" time="0"/>
  <testcase classname="org.bukkit.PerMaterialTest" name="testDurability[671: RAIL]" time="0"/>
  <testcase classname="org.bukkit.PerMaterialTest" name="testBlockHardness[671: RAIL]" time="0"/>
  <testcase classname="org.bukkit.PerMaterialTest" name="maxStackSize[671: RAIL]" time="0.001"/>
  <testcase classname="org.bukkit.PerMaterialTest" name="isTransparent[671: RAIL]" time="0"/>
  <testcase classname="org.bukkit.PerMaterialTest" name="testBlockDataCreation[671: RAIL]" time="0"/>
  <testcase classname="org.bukkit.PerMaterialTest" name="isBlock[671: RAIL]" time="0.001"/>
  <testcase classname="org.bukkit.PerMaterialTest" name="isSolid[671: RAIL]" time="0"/>
  <testcase classname="org.bukkit.PerMaterialTest" name="hasGravity[672: REDSTONE]" time="0"/>
  <testcase classname="org.bukkit.PerMaterialTest" name="isBurnable[672: REDSTONE]" time="0"/>
  <testcase classname="org.bukkit.PerMaterialTest" name="testInteractable[672: REDSTONE]" time="0"/>
  <testcase classname="org.bukkit.PerMaterialTest" name="testBlock[672: REDSTONE]" time="0"/>
  <testcase classname="org.bukkit.PerMaterialTest" name="isFuel[672: REDSTONE]" time="0.001"/>
  <testcase classname="org.bukkit.PerMaterialTest" name="testItem[672: REDSTONE]" time="0"/>
  <testcase classname="org.bukkit.PerMaterialTest" name="testBlastResistance[672: REDSTONE]" time="0"/>
  <testcase classname="org.bukkit.PerMaterialTest" name="isEdible[672: REDSTONE]" time="0"/>
  <testcase classname="org.bukkit.PerMaterialTest" name="maxDurability[672: REDSTONE]" time="0"/>
  <testcase classname="org.bukkit.PerMaterialTest" name="usesDurability[672: REDSTONE]" time="0"/>
  <testcase classname="org.bukkit.PerMaterialTest" name="isOccluding[672: REDSTONE]" time="0"/>
  <testcase classname="org.bukkit.PerMaterialTest" name="isRecord[672: REDSTONE]" time="0"/>
  <testcase classname="org.bukkit.PerMaterialTest" name="isFlammable[672: REDSTONE]" time="0"/>
  <testcase classname="org.bukkit.PerMaterialTest" name="testDurability[672: REDSTONE]" time="0"/>
  <testcase classname="org.bukkit.PerMaterialTest" name="testBlockHardness[672: REDSTONE]" time="0"/>
  <testcase classname="org.bukkit.PerMaterialTest" name="maxStackSize[672: REDSTONE]" time="0"/>
  <testcase classname="org.bukkit.PerMaterialTest" name="isTransparent[672: REDSTONE]" time="0"/>
  <testcase classname="org.bukkit.PerMaterialTest" name="testBlockDataCreation[672: REDSTONE]" time="0"/>
  <testcase classname="org.bukkit.PerMaterialTest" name="isBlock[672: REDSTONE]" time="0"/>
  <testcase classname="org.bukkit.PerMaterialTest" name="isSolid[672: REDSTONE]" time="0"/>
  <testcase classname="org.bukkit.PerMaterialTest" name="hasGravity[673: REDSTONE_BLOCK]" time="0"/>
  <testcase classname="org.bukkit.PerMaterialTest" name="isBurnable[673: REDSTONE_BLOCK]" time="0.001"/>
  <testcase classname="org.bukkit.PerMaterialTest" name="testInteractable[673: REDSTONE_BLOCK]" time="0"/>
  <testcase classname="org.bukkit.PerMaterialTest" name="testBlock[673: REDSTONE_BLOCK]" time="0"/>
  <testcase classname="org.bukkit.PerMaterialTest" name="isFuel[673: REDSTONE_BLOCK]" time="0"/>
  <testcase classname="org.bukkit.PerMaterialTest" name="testItem[673: REDSTONE_BLOCK]" time="0"/>
  <testcase classname="org.bukkit.PerMaterialTest" name="testBlastResistance[673: REDSTONE_BLOCK]" time="0.001"/>
  <testcase classname="org.bukkit.PerMaterialTest" name="isEdible[673: REDSTONE_BLOCK]" time="0"/>
  <testcase classname="org.bukkit.PerMaterialTest" name="maxDurability[673: REDSTONE_BLOCK]" time="0"/>
  <testcase classname="org.bukkit.PerMaterialTest" name="usesDurability[673: REDSTONE_BLOCK]" time="0"/>
  <testcase classname="org.bukkit.PerMaterialTest" name="isOccluding[673: REDSTONE_BLOCK]" time="0"/>
  <testcase classname="org.bukkit.PerMaterialTest" name="isRecord[673: REDSTONE_BLOCK]" time="0"/>
  <testcase classname="org.bukkit.PerMaterialTest" name="isFlammable[673: REDSTONE_BLOCK]" time="0"/>
  <testcase classname="org.bukkit.PerMaterialTest" name="testDurability[673: REDSTONE_BLOCK]" time="0.001"/>
  <testcase classname="org.bukkit.PerMaterialTest" name="testBlockHardness[673: REDSTONE_BLOCK]" time="0"/>
  <testcase classname="org.bukkit.PerMaterialTest" name="maxStackSize[673: REDSTONE_BLOCK]" time="0"/>
  <testcase classname="org.bukkit.PerMaterialTest" name="isTransparent[673: REDSTONE_BLOCK]" time="0.001"/>
  <testcase classname="org.bukkit.PerMaterialTest" name="testBlockDataCreation[673: REDSTONE_BLOCK]" time="0"/>
  <testcase classname="org.bukkit.PerMaterialTest" name="isBlock[673: REDSTONE_BLOCK]" time="0"/>
  <testcase classname="org.bukkit.PerMaterialTest" name="isSolid[673: REDSTONE_BLOCK]" time="0.001"/>
  <testcase classname="org.bukkit.PerMaterialTest" name="hasGravity[674: REDSTONE_LAMP]" time="0"/>
  <testcase classname="org.bukkit.PerMaterialTest" name="isBurnable[674: REDSTONE_LAMP]" time="0"/>
  <testcase classname="org.bukkit.PerMaterialTest" name="testInteractable[674: REDSTONE_LAMP]" time="0.001"/>
  <testcase classname="org.bukkit.PerMaterialTest" name="testBlock[674: REDSTONE_LAMP]" time="0"/>
  <testcase classname="org.bukkit.PerMaterialTest" name="isFuel[674: REDSTONE_LAMP]" time="0.001"/>
  <testcase classname="org.bukkit.PerMaterialTest" name="testItem[674: REDSTONE_LAMP]" time="0"/>
  <testcase classname="org.bukkit.PerMaterialTest" name="testBlastResistance[674: REDSTONE_LAMP]" time="0"/>
  <testcase classname="org.bukkit.PerMaterialTest" name="isEdible[674: REDSTONE_LAMP]" time="0"/>
  <testcase classname="org.bukkit.PerMaterialTest" name="maxDurability[674: REDSTONE_LAMP]" time="0"/>
  <testcase classname="org.bukkit.PerMaterialTest" name="usesDurability[674: REDSTONE_LAMP]" time="0"/>
  <testcase classname="org.bukkit.PerMaterialTest" name="isOccluding[674: REDSTONE_LAMP]" time="0"/>
  <testcase classname="org.bukkit.PerMaterialTest" name="isRecord[674: REDSTONE_LAMP]" time="0"/>
  <testcase classname="org.bukkit.PerMaterialTest" name="isFlammable[674: REDSTONE_LAMP]" time="0"/>
  <testcase classname="org.bukkit.PerMaterialTest" name="testDurability[674: REDSTONE_LAMP]" time="0"/>
  <testcase classname="org.bukkit.PerMaterialTest" name="testBlockHardness[674: REDSTONE_LAMP]" time="0.001"/>
  <testcase classname="org.bukkit.PerMaterialTest" name="maxStackSize[674: REDSTONE_LAMP]" time="0"/>
  <testcase classname="org.bukkit.PerMaterialTest" name="isTransparent[674: REDSTONE_LAMP]" time="0"/>
  <testcase classname="org.bukkit.PerMaterialTest" name="testBlockDataCreation[674: REDSTONE_LAMP]" time="0.001"/>
  <testcase classname="org.bukkit.PerMaterialTest" name="isBlock[674: REDSTONE_LAMP]" time="0"/>
  <testcase classname="org.bukkit.PerMaterialTest" name="isSolid[674: REDSTONE_LAMP]" time="0"/>
  <testcase classname="org.bukkit.PerMaterialTest" name="hasGravity[675: REDSTONE_ORE]" time="0"/>
  <testcase classname="org.bukkit.PerMaterialTest" name="isBurnable[675: REDSTONE_ORE]" time="0"/>
  <testcase classname="org.bukkit.PerMaterialTest" name="testInteractable[675: REDSTONE_ORE]" time="0"/>
  <testcase classname="org.bukkit.PerMaterialTest" name="testBlock[675: REDSTONE_ORE]" time="0"/>
  <testcase classname="org.bukkit.PerMaterialTest" name="isFuel[675: REDSTONE_ORE]" time="0"/>
  <testcase classname="org.bukkit.PerMaterialTest" name="testItem[675: REDSTONE_ORE]" time="0"/>
  <testcase classname="org.bukkit.PerMaterialTest" name="testBlastResistance[675: REDSTONE_ORE]" time="0"/>
  <testcase classname="org.bukkit.PerMaterialTest" name="isEdible[675: REDSTONE_ORE]" time="0"/>
  <testcase classname="org.bukkit.PerMaterialTest" name="maxDurability[675: REDSTONE_ORE]" time="0"/>
  <testcase classname="org.bukkit.PerMaterialTest" name="usesDurability[675: REDSTONE_ORE]" time="0"/>
  <testcase classname="org.bukkit.PerMaterialTest" name="isOccluding[675: REDSTONE_ORE]" time="0"/>
  <testcase classname="org.bukkit.PerMaterialTest" name="isRecord[675: REDSTONE_ORE]" time="0"/>
  <testcase classname="org.bukkit.PerMaterialTest" name="isFlammable[675: REDSTONE_ORE]" time="0.001"/>
  <testcase classname="org.bukkit.PerMaterialTest" name="testDurability[675: REDSTONE_ORE]" time="0"/>
  <testcase classname="org.bukkit.PerMaterialTest" name="testBlockHardness[675: REDSTONE_ORE]" time="0"/>
  <testcase classname="org.bukkit.PerMaterialTest" name="maxStackSize[675: REDSTONE_ORE]" time="0.001"/>
  <testcase classname="org.bukkit.PerMaterialTest" name="isTransparent[675: REDSTONE_ORE]" time="0"/>
  <testcase classname="org.bukkit.PerMaterialTest" name="testBlockDataCreation[675: REDSTONE_ORE]" time="0"/>
  <testcase classname="org.bukkit.PerMaterialTest" name="isBlock[675: REDSTONE_ORE]" time="0.001"/>
  <testcase classname="org.bukkit.PerMaterialTest" name="isSolid[675: REDSTONE_ORE]" time="0"/>
  <testcase classname="org.bukkit.PerMaterialTest" name="hasGravity[676: REDSTONE_TORCH]" time="0"/>
  <testcase classname="org.bukkit.PerMaterialTest" name="isBurnable[676: REDSTONE_TORCH]" time="0"/>
  <testcase classname="org.bukkit.PerMaterialTest" name="testInteractable[676: REDSTONE_TORCH]" time="0"/>
  <testcase classname="org.bukkit.PerMaterialTest" name="testBlock[676: REDSTONE_TORCH]" time="0"/>
  <testcase classname="org.bukkit.PerMaterialTest" name="isFuel[676: REDSTONE_TORCH]" time="0"/>
  <testcase classname="org.bukkit.PerMaterialTest" name="testItem[676: REDSTONE_TORCH]" time="0"/>
  <testcase classname="org.bukkit.PerMaterialTest" name="testBlastResistance[676: REDSTONE_TORCH]" time="0.001"/>
  <testcase classname="org.bukkit.PerMaterialTest" name="isEdible[676: REDSTONE_TORCH]" time="0"/>
  <testcase classname="org.bukkit.PerMaterialTest" name="maxDurability[676: REDSTONE_TORCH]" time="0"/>
  <testcase classname="org.bukkit.PerMaterialTest" name="usesDurability[676: REDSTONE_TORCH]" time="0.001"/>
  <testcase classname="org.bukkit.PerMaterialTest" name="isOccluding[676: REDSTONE_TORCH]" time="0"/>
  <testcase classname="org.bukkit.PerMaterialTest" name="isRecord[676: REDSTONE_TORCH]" time="0"/>
  <testcase classname="org.bukkit.PerMaterialTest" name="isFlammable[676: REDSTONE_TORCH]" time="0"/>
  <testcase classname="org.bukkit.PerMaterialTest" name="testDurability[676: REDSTONE_TORCH]" time="0"/>
  <testcase classname="org.bukkit.PerMaterialTest" name="testBlockHardness[676: REDSTONE_TORCH]" time="0"/>
  <testcase classname="org.bukkit.PerMaterialTest" name="maxStackSize[676: REDSTONE_TORCH]" time="0"/>
  <testcase classname="org.bukkit.PerMaterialTest" name="isTransparent[676: REDSTONE_TORCH]" time="0"/>
  <testcase classname="org.bukkit.PerMaterialTest" name="testBlockDataCreation[676: REDSTONE_TORCH]" time="0"/>
  <testcase classname="org.bukkit.PerMaterialTest" name="isBlock[676: REDSTONE_TORCH]" time="0"/>
  <testcase classname="org.bukkit.PerMaterialTest" name="isSolid[676: REDSTONE_TORCH]" time="0.001"/>
  <testcase classname="org.bukkit.PerMaterialTest" name="hasGravity[677: REDSTONE_WALL_TORCH]" time="0"/>
  <testcase classname="org.bukkit.PerMaterialTest" name="isBurnable[677: REDSTONE_WALL_TORCH]" time="0"/>
  <testcase classname="org.bukkit.PerMaterialTest" name="testInteractable[677: REDSTONE_WALL_TORCH]" time="0.001"/>
  <testcase classname="org.bukkit.PerMaterialTest" name="testBlock[677: REDSTONE_WALL_TORCH]" time="0"/>
  <testcase classname="org.bukkit.PerMaterialTest" name="isFuel[677: REDSTONE_WALL_TORCH]" time="0.001"/>
  <testcase classname="org.bukkit.PerMaterialTest" name="testItem[677: REDSTONE_WALL_TORCH]" time="0"/>
  <testcase classname="org.bukkit.PerMaterialTest" name="testBlastResistance[677: REDSTONE_WALL_TORCH]" time="0"/>
  <testcase classname="org.bukkit.PerMaterialTest" name="isEdible[677: REDSTONE_WALL_TORCH]" time="0.001"/>
  <testcase classname="org.bukkit.PerMaterialTest" name="maxDurability[677: REDSTONE_WALL_TORCH]" time="0"/>
  <testcase classname="org.bukkit.PerMaterialTest" name="usesDurability[677: REDSTONE_WALL_TORCH]" time="0"/>
  <testcase classname="org.bukkit.PerMaterialTest" name="isOccluding[677: REDSTONE_WALL_TORCH]" time="0"/>
  <testcase classname="org.bukkit.PerMaterialTest" name="isRecord[677: REDSTONE_WALL_TORCH]" time="0"/>
  <testcase classname="org.bukkit.PerMaterialTest" name="isFlammable[677: REDSTONE_WALL_TORCH]" time="0"/>
  <testcase classname="org.bukkit.PerMaterialTest" name="testDurability[677: REDSTONE_WALL_TORCH]" time="0"/>
  <testcase classname="org.bukkit.PerMaterialTest" name="testBlockHardness[677: REDSTONE_WALL_TORCH]" time="0.001"/>
  <testcase classname="org.bukkit.PerMaterialTest" name="maxStackSize[677: REDSTONE_WALL_TORCH]" time="0"/>
  <testcase classname="org.bukkit.PerMaterialTest" name="isTransparent[677: REDSTONE_WALL_TORCH]" time="0"/>
  <testcase classname="org.bukkit.PerMaterialTest" name="testBlockDataCreation[677: REDSTONE_WALL_TORCH]" time="0.001"/>
  <testcase classname="org.bukkit.PerMaterialTest" name="isBlock[677: REDSTONE_WALL_TORCH]" time="0"/>
  <testcase classname="org.bukkit.PerMaterialTest" name="isSolid[677: REDSTONE_WALL_TORCH]" time="0"/>
  <testcase classname="org.bukkit.PerMaterialTest" name="hasGravity[678: REDSTONE_WIRE]" time="0"/>
  <testcase classname="org.bukkit.PerMaterialTest" name="isBurnable[678: REDSTONE_WIRE]" time="0"/>
  <testcase classname="org.bukkit.PerMaterialTest" name="testInteractable[678: REDSTONE_WIRE]" time="0"/>
  <testcase classname="org.bukkit.PerMaterialTest" name="testBlock[678: REDSTONE_WIRE]" time="0"/>
  <testcase classname="org.bukkit.PerMaterialTest" name="isFuel[678: REDSTONE_WIRE]" time="0"/>
  <testcase classname="org.bukkit.PerMaterialTest" name="testItem[678: REDSTONE_WIRE]" time="0.001"/>
  <testcase classname="org.bukkit.PerMaterialTest" name="testBlastResistance[678: REDSTONE_WIRE]" time="0"/>
  <testcase classname="org.bukkit.PerMaterialTest" name="isEdible[678: REDSTONE_WIRE]" time="0"/>
  <testcase classname="org.bukkit.PerMaterialTest" name="maxDurability[678: REDSTONE_WIRE]" time="0"/>
  <testcase classname="org.bukkit.PerMaterialTest" name="usesDurability[678: REDSTONE_WIRE]" time="0"/>
  <testcase classname="org.bukkit.PerMaterialTest" name="isOccluding[678: REDSTONE_WIRE]" time="0"/>
  <testcase classname="org.bukkit.PerMaterialTest" name="isRecord[678: REDSTONE_WIRE]" time="0"/>
  <testcase classname="org.bukkit.PerMaterialTest" name="isFlammable[678: REDSTONE_WIRE]" time="0"/>
  <testcase classname="org.bukkit.PerMaterialTest" name="testDurability[678: REDSTONE_WIRE]" time="0"/>
  <testcase classname="org.bukkit.PerMaterialTest" name="testBlockHardness[678: REDSTONE_WIRE]" time="0"/>
  <testcase classname="org.bukkit.PerMaterialTest" name="maxStackSize[678: REDSTONE_WIRE]" time="0.001"/>
  <testcase classname="org.bukkit.PerMaterialTest" name="isTransparent[678: REDSTONE_WIRE]" time="0"/>
  <testcase classname="org.bukkit.PerMaterialTest" name="testBlockDataCreation[678: REDSTONE_WIRE]" time="0"/>
  <testcase classname="org.bukkit.PerMaterialTest" name="isBlock[678: REDSTONE_WIRE]" time="0"/>
  <testcase classname="org.bukkit.PerMaterialTest" name="isSolid[678: REDSTONE_WIRE]" time="0"/>
  <testcase classname="org.bukkit.PerMaterialTest" name="hasGravity[679: RED_BANNER]" time="0"/>
  <testcase classname="org.bukkit.PerMaterialTest" name="isBurnable[679: RED_BANNER]" time="0"/>
  <testcase classname="org.bukkit.PerMaterialTest" name="testInteractable[679: RED_BANNER]" time="0.001"/>
  <testcase classname="org.bukkit.PerMaterialTest" name="testBlock[679: RED_BANNER]" time="0"/>
  <testcase classname="org.bukkit.PerMaterialTest" name="isFuel[679: RED_BANNER]" time="0"/>
  <testcase classname="org.bukkit.PerMaterialTest" name="testItem[679: RED_BANNER]" time="0"/>
  <testcase classname="org.bukkit.PerMaterialTest" name="testBlastResistance[679: RED_BANNER]" time="0"/>
  <testcase classname="org.bukkit.PerMaterialTest" name="isEdible[679: RED_BANNER]" time="0"/>
  <testcase classname="org.bukkit.PerMaterialTest" name="maxDurability[679: RED_BANNER]" time="0"/>
  <testcase classname="org.bukkit.PerMaterialTest" name="usesDurability[679: RED_BANNER]" time="0"/>
  <testcase classname="org.bukkit.PerMaterialTest" name="isOccluding[679: RED_BANNER]" time="0"/>
  <testcase classname="org.bukkit.PerMaterialTest" name="isRecord[679: RED_BANNER]" time="0.001"/>
  <testcase classname="org.bukkit.PerMaterialTest" name="isFlammable[679: RED_BANNER]" time="0"/>
  <testcase classname="org.bukkit.PerMaterialTest" name="testDurability[679: RED_BANNER]" time="0"/>
  <testcase classname="org.bukkit.PerMaterialTest" name="testBlockHardness[679: RED_BANNER]" time="0"/>
  <testcase classname="org.bukkit.PerMaterialTest" name="maxStackSize[679: RED_BANNER]" time="0"/>
  <testcase classname="org.bukkit.PerMaterialTest" name="isTransparent[679: RED_BANNER]" time="0"/>
  <testcase classname="org.bukkit.PerMaterialTest" name="testBlockDataCreation[679: RED_BANNER]" time="0"/>
  <testcase classname="org.bukkit.PerMaterialTest" name="isBlock[679: RED_BANNER]" time="0"/>
  <testcase classname="org.bukkit.PerMaterialTest" name="isSolid[679: RED_BANNER]" time="0"/>
  <testcase classname="org.bukkit.PerMaterialTest" name="hasGravity[680: RED_BED]" time="0"/>
  <testcase classname="org.bukkit.PerMaterialTest" name="isBurnable[680: RED_BED]" time="0"/>
  <testcase classname="org.bukkit.PerMaterialTest" name="testInteractable[680: RED_BED]" time="0"/>
  <testcase classname="org.bukkit.PerMaterialTest" name="testBlock[680: RED_BED]" time="0"/>
  <testcase classname="org.bukkit.PerMaterialTest" name="isFuel[680: RED_BED]" time="0.001"/>
  <testcase classname="org.bukkit.PerMaterialTest" name="testItem[680: RED_BED]" time="0"/>
  <testcase classname="org.bukkit.PerMaterialTest" name="testBlastResistance[680: RED_BED]" time="0"/>
  <testcase classname="org.bukkit.PerMaterialTest" name="isEdible[680: RED_BED]" time="0"/>
  <testcase classname="org.bukkit.PerMaterialTest" name="maxDurability[680: RED_BED]" time="0"/>
  <testcase classname="org.bukkit.PerMaterialTest" name="usesDurability[680: RED_BED]" time="0"/>
  <testcase classname="org.bukkit.PerMaterialTest" name="isOccluding[680: RED_BED]" time="0.001"/>
  <testcase classname="org.bukkit.PerMaterialTest" name="isRecord[680: RED_BED]" time="0"/>
  <testcase classname="org.bukkit.PerMaterialTest" name="isFlammable[680: RED_BED]" time="0"/>
  <testcase classname="org.bukkit.PerMaterialTest" name="testDurability[680: RED_BED]" time="0"/>
  <testcase classname="org.bukkit.PerMaterialTest" name="testBlockHardness[680: RED_BED]" time="0"/>
  <testcase classname="org.bukkit.PerMaterialTest" name="maxStackSize[680: RED_BED]" time="0"/>
  <testcase classname="org.bukkit.PerMaterialTest" name="isTransparent[680: RED_BED]" time="0"/>
  <testcase classname="org.bukkit.PerMaterialTest" name="testBlockDataCreation[680: RED_BED]" time="0"/>
  <testcase classname="org.bukkit.PerMaterialTest" name="isBlock[680: RED_BED]" time="0"/>
  <testcase classname="org.bukkit.PerMaterialTest" name="isSolid[680: RED_BED]" time="0"/>
  <testcase classname="org.bukkit.PerMaterialTest" name="hasGravity[681: RED_CARPET]" time="0.001"/>
  <testcase classname="org.bukkit.PerMaterialTest" name="isBurnable[681: RED_CARPET]" time="0"/>
  <testcase classname="org.bukkit.PerMaterialTest" name="testInteractable[681: RED_CARPET]" time="0"/>
  <testcase classname="org.bukkit.PerMaterialTest" name="testBlock[681: RED_CARPET]" time="0"/>
  <testcase classname="org.bukkit.PerMaterialTest" name="isFuel[681: RED_CARPET]" time="0"/>
  <testcase classname="org.bukkit.PerMaterialTest" name="testItem[681: RED_CARPET]" time="0"/>
  <testcase classname="org.bukkit.PerMaterialTest" name="testBlastResistance[681: RED_CARPET]" time="0.001"/>
  <testcase classname="org.bukkit.PerMaterialTest" name="isEdible[681: RED_CARPET]" time="0"/>
  <testcase classname="org.bukkit.PerMaterialTest" name="maxDurability[681: RED_CARPET]" time="0"/>
  <testcase classname="org.bukkit.PerMaterialTest" name="usesDurability[681: RED_CARPET]" time="0"/>
  <testcase classname="org.bukkit.PerMaterialTest" name="isOccluding[681: RED_CARPET]" time="0"/>
  <testcase classname="org.bukkit.PerMaterialTest" name="isRecord[681: RED_CARPET]" time="0"/>
  <testcase classname="org.bukkit.PerMaterialTest" name="isFlammable[681: RED_CARPET]" time="0"/>
  <testcase classname="org.bukkit.PerMaterialTest" name="testDurability[681: RED_CARPET]" time="0"/>
  <testcase classname="org.bukkit.PerMaterialTest" name="testBlockHardness[681: RED_CARPET]" time="0"/>
  <testcase classname="org.bukkit.PerMaterialTest" name="maxStackSize[681: RED_CARPET]" time="0"/>
  <testcase classname="org.bukkit.PerMaterialTest" name="isTransparent[681: RED_CARPET]" time="0"/>
  <testcase classname="org.bukkit.PerMaterialTest" name="testBlockDataCreation[681: RED_CARPET]" time="0"/>
  <testcase classname="org.bukkit.PerMaterialTest" name="isBlock[681: RED_CARPET]" time="0"/>
  <testcase classname="org.bukkit.PerMaterialTest" name="isSolid[681: RED_CARPET]" time="0.001"/>
  <testcase classname="org.bukkit.PerMaterialTest" name="hasGravity[682: RED_CONCRETE]" time="0"/>
  <testcase classname="org.bukkit.PerMaterialTest" name="isBurnable[682: RED_CONCRETE]" time="0"/>
  <testcase classname="org.bukkit.PerMaterialTest" name="testInteractable[682: RED_CONCRETE]" time="0.001"/>
  <testcase classname="org.bukkit.PerMaterialTest" name="testBlock[682: RED_CONCRETE]" time="0"/>
  <testcase classname="org.bukkit.PerMaterialTest" name="isFuel[682: RED_CONCRETE]" time="0"/>
  <testcase classname="org.bukkit.PerMaterialTest" name="testItem[682: RED_CONCRETE]" time="0.001"/>
  <testcase classname="org.bukkit.PerMaterialTest" name="testBlastResistance[682: RED_CONCRETE]" time="0"/>
  <testcase classname="org.bukkit.PerMaterialTest" name="isEdible[682: RED_CONCRETE]" time="0"/>
  <testcase classname="org.bukkit.PerMaterialTest" name="maxDurability[682: RED_CONCRETE]" time="0.001"/>
  <testcase classname="org.bukkit.PerMaterialTest" name="usesDurability[682: RED_CONCRETE]" time="0"/>
  <testcase classname="org.bukkit.PerMaterialTest" name="isOccluding[682: RED_CONCRETE]" time="0"/>
  <testcase classname="org.bukkit.PerMaterialTest" name="isRecord[682: RED_CONCRETE]" time="0"/>
  <testcase classname="org.bukkit.PerMaterialTest" name="isFlammable[682: RED_CONCRETE]" time="0"/>
  <testcase classname="org.bukkit.PerMaterialTest" name="testDurability[682: RED_CONCRETE]" time="0"/>
  <testcase classname="org.bukkit.PerMaterialTest" name="testBlockHardness[682: RED_CONCRETE]" time="0"/>
  <testcase classname="org.bukkit.PerMaterialTest" name="maxStackSize[682: RED_CONCRETE]" time="0.001"/>
  <testcase classname="org.bukkit.PerMaterialTest" name="isTransparent[682: RED_CONCRETE]" time="0"/>
  <testcase classname="org.bukkit.PerMaterialTest" name="testBlockDataCreation[682: RED_CONCRETE]" time="0"/>
  <testcase classname="org.bukkit.PerMaterialTest" name="isBlock[682: RED_CONCRETE]" time="0.001"/>
  <testcase classname="org.bukkit.PerMaterialTest" name="isSolid[682: RED_CONCRETE]" time="0"/>
  <testcase classname="org.bukkit.PerMaterialTest" name="hasGravity[683: RED_CONCRETE_POWDER]" time="0"/>
  <testcase classname="org.bukkit.PerMaterialTest" name="isBurnable[683: RED_CONCRETE_POWDER]" time="0"/>
  <testcase classname="org.bukkit.PerMaterialTest" name="testInteractable[683: RED_CONCRETE_POWDER]" time="0"/>
  <testcase classname="org.bukkit.PerMaterialTest" name="testBlock[683: RED_CONCRETE_POWDER]" time="0"/>
  <testcase classname="org.bukkit.PerMaterialTest" name="isFuel[683: RED_CONCRETE_POWDER]" time="0.001"/>
  <testcase classname="org.bukkit.PerMaterialTest" name="testItem[683: RED_CONCRETE_POWDER]" time="0"/>
  <testcase classname="org.bukkit.PerMaterialTest" name="testBlastResistance[683: RED_CONCRETE_POWDER]" time="0"/>
  <testcase classname="org.bukkit.PerMaterialTest" name="isEdible[683: RED_CONCRETE_POWDER]" time="0.001"/>
  <testcase classname="org.bukkit.PerMaterialTest" name="maxDurability[683: RED_CONCRETE_POWDER]" time="0"/>
  <testcase classname="org.bukkit.PerMaterialTest" name="usesDurability[683: RED_CONCRETE_POWDER]" time="0"/>
  <testcase classname="org.bukkit.PerMaterialTest" name="isOccluding[683: RED_CONCRETE_POWDER]" time="0.001"/>
  <testcase classname="org.bukkit.PerMaterialTest" name="isRecord[683: RED_CONCRETE_POWDER]" time="0"/>
  <testcase classname="org.bukkit.PerMaterialTest" name="isFlammable[683: RED_CONCRETE_POWDER]" time="0"/>
  <testcase classname="org.bukkit.PerMaterialTest" name="testDurability[683: RED_CONCRETE_POWDER]" time="0"/>
  <testcase classname="org.bukkit.PerMaterialTest" name="testBlockHardness[683: RED_CONCRETE_POWDER]" time="0"/>
  <testcase classname="org.bukkit.PerMaterialTest" name="maxStackSize[683: RED_CONCRETE_POWDER]" time="0"/>
  <testcase classname="org.bukkit.PerMaterialTest" name="isTransparent[683: RED_CONCRETE_POWDER]" time="0"/>
  <testcase classname="org.bukkit.PerMaterialTest" name="testBlockDataCreation[683: RED_CONCRETE_POWDER]" time="0"/>
  <testcase classname="org.bukkit.PerMaterialTest" name="isBlock[683: RED_CONCRETE_POWDER]" time="0"/>
  <testcase classname="org.bukkit.PerMaterialTest" name="isSolid[683: RED_CONCRETE_POWDER]" time="0"/>
  <testcase classname="org.bukkit.PerMaterialTest" name="hasGravity[684: RED_GLAZED_TERRACOTTA]" time="0"/>
  <testcase classname="org.bukkit.PerMaterialTest" name="isBurnable[684: RED_GLAZED_TERRACOTTA]" time="0"/>
  <testcase classname="org.bukkit.PerMaterialTest" name="testInteractable[684: RED_GLAZED_TERRACOTTA]" time="0"/>
  <testcase classname="org.bukkit.PerMaterialTest" name="testBlock[684: RED_GLAZED_TERRACOTTA]" time="0.001"/>
  <testcase classname="org.bukkit.PerMaterialTest" name="isFuel[684: RED_GLAZED_TERRACOTTA]" time="0"/>
  <testcase classname="org.bukkit.PerMaterialTest" name="testItem[684: RED_GLAZED_TERRACOTTA]" time="0"/>
  <testcase classname="org.bukkit.PerMaterialTest" name="testBlastResistance[684: RED_GLAZED_TERRACOTTA]" time="0"/>
  <testcase classname="org.bukkit.PerMaterialTest" name="isEdible[684: RED_GLAZED_TERRACOTTA]" time="0"/>
  <testcase classname="org.bukkit.PerMaterialTest" name="maxDurability[684: RED_GLAZED_TERRACOTTA]" time="0"/>
  <testcase classname="org.bukkit.PerMaterialTest" name="usesDurability[684: RED_GLAZED_TERRACOTTA]" time="0"/>
  <testcase classname="org.bukkit.PerMaterialTest" name="isOccluding[684: RED_GLAZED_TERRACOTTA]" time="0"/>
  <testcase classname="org.bukkit.PerMaterialTest" name="isRecord[684: RED_GLAZED_TERRACOTTA]" time="0"/>
  <testcase classname="org.bukkit.PerMaterialTest" name="isFlammable[684: RED_GLAZED_TERRACOTTA]" time="0.001"/>
  <testcase classname="org.bukkit.PerMaterialTest" name="testDurability[684: RED_GLAZED_TERRACOTTA]" time="0"/>
  <testcase classname="org.bukkit.PerMaterialTest" name="testBlockHardness[684: RED_GLAZED_TERRACOTTA]" time="0"/>
  <testcase classname="org.bukkit.PerMaterialTest" name="maxStackSize[684: RED_GLAZED_TERRACOTTA]" time="0.001"/>
  <testcase classname="org.bukkit.PerMaterialTest" name="isTransparent[684: RED_GLAZED_TERRACOTTA]" time="0"/>
  <testcase classname="org.bukkit.PerMaterialTest" name="testBlockDataCreation[684: RED_GLAZED_TERRACOTTA]" time="0"/>
  <testcase classname="org.bukkit.PerMaterialTest" name="isBlock[684: RED_GLAZED_TERRACOTTA]" time="0.001"/>
  <testcase classname="org.bukkit.PerMaterialTest" name="isSolid[684: RED_GLAZED_TERRACOTTA]" time="0"/>
  <testcase classname="org.bukkit.PerMaterialTest" name="hasGravity[685: RED_MUSHROOM]" time="0"/>
  <testcase classname="org.bukkit.PerMaterialTest" name="isBurnable[685: RED_MUSHROOM]" time="0"/>
  <testcase classname="org.bukkit.PerMaterialTest" name="testInteractable[685: RED_MUSHROOM]" time="0"/>
  <testcase classname="org.bukkit.PerMaterialTest" name="testBlock[685: RED_MUSHROOM]" time="0"/>
  <testcase classname="org.bukkit.PerMaterialTest" name="isFuel[685: RED_MUSHROOM]" time="0.001"/>
  <testcase classname="org.bukkit.PerMaterialTest" name="testItem[685: RED_MUSHROOM]" time="0"/>
  <testcase classname="org.bukkit.PerMaterialTest" name="testBlastResistance[685: RED_MUSHROOM]" time="0"/>
  <testcase classname="org.bukkit.PerMaterialTest" name="isEdible[685: RED_MUSHROOM]" time="0"/>
  <testcase classname="org.bukkit.PerMaterialTest" name="maxDurability[685: RED_MUSHROOM]" time="0"/>
  <testcase classname="org.bukkit.PerMaterialTest" name="usesDurability[685: RED_MUSHROOM]" time="0"/>
  <testcase classname="org.bukkit.PerMaterialTest" name="isOccluding[685: RED_MUSHROOM]" time="0"/>
  <testcase classname="org.bukkit.PerMaterialTest" name="isRecord[685: RED_MUSHROOM]" time="0"/>
  <testcase classname="org.bukkit.PerMaterialTest" name="isFlammable[685: RED_MUSHROOM]" time="0"/>
  <testcase classname="org.bukkit.PerMaterialTest" name="testDurability[685: RED_MUSHROOM]" time="0"/>
  <testcase classname="org.bukkit.PerMaterialTest" name="testBlockHardness[685: RED_MUSHROOM]" time="0.001"/>
  <testcase classname="org.bukkit.PerMaterialTest" name="maxStackSize[685: RED_MUSHROOM]" time="0"/>
  <testcase classname="org.bukkit.PerMaterialTest" name="isTransparent[685: RED_MUSHROOM]" time="0"/>
  <testcase classname="org.bukkit.PerMaterialTest" name="testBlockDataCreation[685: RED_MUSHROOM]" time="0.001"/>
  <testcase classname="org.bukkit.PerMaterialTest" name="isBlock[685: RED_MUSHROOM]" time="0"/>
  <testcase classname="org.bukkit.PerMaterialTest" name="isSolid[685: RED_MUSHROOM]" time="0"/>
  <testcase classname="org.bukkit.PerMaterialTest" name="hasGravity[686: RED_MUSHROOM_BLOCK]" time="0"/>
  <testcase classname="org.bukkit.PerMaterialTest" name="isBurnable[686: RED_MUSHROOM_BLOCK]" time="0"/>
  <testcase classname="org.bukkit.PerMaterialTest" name="testInteractable[686: RED_MUSHROOM_BLOCK]" time="0"/>
  <testcase classname="org.bukkit.PerMaterialTest" name="testBlock[686: RED_MUSHROOM_BLOCK]" time="0"/>
  <testcase classname="org.bukkit.PerMaterialTest" name="isFuel[686: RED_MUSHROOM_BLOCK]" time="0"/>
  <testcase classname="org.bukkit.PerMaterialTest" name="testItem[686: RED_MUSHROOM_BLOCK]" time="0"/>
  <testcase classname="org.bukkit.PerMaterialTest" name="testBlastResistance[686: RED_MUSHROOM_BLOCK]" time="0"/>
  <testcase classname="org.bukkit.PerMaterialTest" name="isEdible[686: RED_MUSHROOM_BLOCK]" time="0"/>
  <testcase classname="org.bukkit.PerMaterialTest" name="maxDurability[686: RED_MUSHROOM_BLOCK]" time="0"/>
  <testcase classname="org.bukkit.PerMaterialTest" name="usesDurability[686: RED_MUSHROOM_BLOCK]" time="0"/>
  <testcase classname="org.bukkit.PerMaterialTest" name="isOccluding[686: RED_MUSHROOM_BLOCK]" time="0"/>
  <testcase classname="org.bukkit.PerMaterialTest" name="isRecord[686: RED_MUSHROOM_BLOCK]" time="0"/>
  <testcase classname="org.bukkit.PerMaterialTest" name="isFlammable[686: RED_MUSHROOM_BLOCK]" time="0"/>
  <testcase classname="org.bukkit.PerMaterialTest" name="testDurability[686: RED_MUSHROOM_BLOCK]" time="0"/>
  <testcase classname="org.bukkit.PerMaterialTest" name="testBlockHardness[686: RED_MUSHROOM_BLOCK]" time="0.001"/>
  <testcase classname="org.bukkit.PerMaterialTest" name="maxStackSize[686: RED_MUSHROOM_BLOCK]" time="0"/>
  <testcase classname="org.bukkit.PerMaterialTest" name="isTransparent[686: RED_MUSHROOM_BLOCK]" time="0"/>
  <testcase classname="org.bukkit.PerMaterialTest" name="testBlockDataCreation[686: RED_MUSHROOM_BLOCK]" time="0"/>
  <testcase classname="org.bukkit.PerMaterialTest" name="isBlock[686: RED_MUSHROOM_BLOCK]" time="0"/>
  <testcase classname="org.bukkit.PerMaterialTest" name="isSolid[686: RED_MUSHROOM_BLOCK]" time="0"/>
  <testcase classname="org.bukkit.PerMaterialTest" name="hasGravity[687: RED_NETHER_BRICKS]" time="0"/>
  <testcase classname="org.bukkit.PerMaterialTest" name="isBurnable[687: RED_NETHER_BRICKS]" time="0.001"/>
  <testcase classname="org.bukkit.PerMaterialTest" name="testInteractable[687: RED_NETHER_BRICKS]" time="0"/>
  <testcase classname="org.bukkit.PerMaterialTest" name="testBlock[687: RED_NETHER_BRICKS]" time="0"/>
  <testcase classname="org.bukkit.PerMaterialTest" name="isFuel[687: RED_NETHER_BRICKS]" time="0"/>
  <testcase classname="org.bukkit.PerMaterialTest" name="testItem[687: RED_NETHER_BRICKS]" time="0"/>
  <testcase classname="org.bukkit.PerMaterialTest" name="testBlastResistance[687: RED_NETHER_BRICKS]" time="0"/>
  <testcase classname="org.bukkit.PerMaterialTest" name="isEdible[687: RED_NETHER_BRICKS]" time="0.001"/>
  <testcase classname="org.bukkit.PerMaterialTest" name="maxDurability[687: RED_NETHER_BRICKS]" time="0"/>
  <testcase classname="org.bukkit.PerMaterialTest" name="usesDurability[687: RED_NETHER_BRICKS]" time="0"/>
  <testcase classname="org.bukkit.PerMaterialTest" name="isOccluding[687: RED_NETHER_BRICKS]" time="0"/>
  <testcase classname="org.bukkit.PerMaterialTest" name="isRecord[687: RED_NETHER_BRICKS]" time="0"/>
  <testcase classname="org.bukkit.PerMaterialTest" name="isFlammable[687: RED_NETHER_BRICKS]" time="0"/>
  <testcase classname="org.bukkit.PerMaterialTest" name="testDurability[687: RED_NETHER_BRICKS]" time="0"/>
  <testcase classname="org.bukkit.PerMaterialTest" name="testBlockHardness[687: RED_NETHER_BRICKS]" time="0"/>
  <testcase classname="org.bukkit.PerMaterialTest" name="maxStackSize[687: RED_NETHER_BRICKS]" time="0"/>
  <testcase classname="org.bukkit.PerMaterialTest" name="isTransparent[687: RED_NETHER_BRICKS]" time="0"/>
  <testcase classname="org.bukkit.PerMaterialTest" name="testBlockDataCreation[687: RED_NETHER_BRICKS]" time="0"/>
  <testcase classname="org.bukkit.PerMaterialTest" name="isBlock[687: RED_NETHER_BRICKS]" time="0"/>
  <testcase classname="org.bukkit.PerMaterialTest" name="isSolid[687: RED_NETHER_BRICKS]" time="0"/>
  <testcase classname="org.bukkit.PerMaterialTest" name="hasGravity[688: RED_SAND]" time="0"/>
  <testcase classname="org.bukkit.PerMaterialTest" name="isBurnable[688: RED_SAND]" time="0"/>
  <testcase classname="org.bukkit.PerMaterialTest" name="testInteractable[688: RED_SAND]" time="0"/>
  <testcase classname="org.bukkit.PerMaterialTest" name="testBlock[688: RED_SAND]" time="0"/>
  <testcase classname="org.bukkit.PerMaterialTest" name="isFuel[688: RED_SAND]" time="0"/>
  <testcase classname="org.bukkit.PerMaterialTest" name="testItem[688: RED_SAND]" time="0"/>
  <testcase classname="org.bukkit.PerMaterialTest" name="testBlastResistance[688: RED_SAND]" time="0"/>
  <testcase classname="org.bukkit.PerMaterialTest" name="isEdible[688: RED_SAND]" time="0"/>
  <testcase classname="org.bukkit.PerMaterialTest" name="maxDurability[688: RED_SAND]" time="0"/>
  <testcase classname="org.bukkit.PerMaterialTest" name="usesDurability[688: RED_SAND]" time="0"/>
  <testcase classname="org.bukkit.PerMaterialTest" name="isOccluding[688: RED_SAND]" time="0"/>
  <testcase classname="org.bukkit.PerMaterialTest" name="isRecord[688: RED_SAND]" time="0"/>
  <testcase classname="org.bukkit.PerMaterialTest" name="isFlammable[688: RED_SAND]" time="0"/>
  <testcase classname="org.bukkit.PerMaterialTest" name="testDurability[688: RED_SAND]" time="0"/>
  <testcase classname="org.bukkit.PerMaterialTest" name="testBlockHardness[688: RED_SAND]" time="0"/>
  <testcase classname="org.bukkit.PerMaterialTest" name="maxStackSize[688: RED_SAND]" time="0.001"/>
  <testcase classname="org.bukkit.PerMaterialTest" name="isTransparent[688: RED_SAND]" time="0"/>
  <testcase classname="org.bukkit.PerMaterialTest" name="testBlockDataCreation[688: RED_SAND]" time="0"/>
  <testcase classname="org.bukkit.PerMaterialTest" name="isBlock[688: RED_SAND]" time="0"/>
  <testcase classname="org.bukkit.PerMaterialTest" name="isSolid[688: RED_SAND]" time="0"/>
  <testcase classname="org.bukkit.PerMaterialTest" name="hasGravity[689: RED_SANDSTONE]" time="0"/>
  <testcase classname="org.bukkit.PerMaterialTest" name="isBurnable[689: RED_SANDSTONE]" time="0"/>
  <testcase classname="org.bukkit.PerMaterialTest" name="testInteractable[689: RED_SANDSTONE]" time="0.001"/>
  <testcase classname="org.bukkit.PerMaterialTest" name="testBlock[689: RED_SANDSTONE]" time="0"/>
  <testcase classname="org.bukkit.PerMaterialTest" name="isFuel[689: RED_SANDSTONE]" time="0"/>
  <testcase classname="org.bukkit.PerMaterialTest" name="testItem[689: RED_SANDSTONE]" time="0"/>
  <testcase classname="org.bukkit.PerMaterialTest" name="testBlastResistance[689: RED_SANDSTONE]" time="0"/>
  <testcase classname="org.bukkit.PerMaterialTest" name="isEdible[689: RED_SANDSTONE]" time="0"/>
  <testcase classname="org.bukkit.PerMaterialTest" name="maxDurability[689: RED_SANDSTONE]" time="0"/>
  <testcase classname="org.bukkit.PerMaterialTest" name="usesDurability[689: RED_SANDSTONE]" time="0"/>
  <testcase classname="org.bukkit.PerMaterialTest" name="isOccluding[689: RED_SANDSTONE]" time="0"/>
  <testcase classname="org.bukkit.PerMaterialTest" name="isRecord[689: RED_SANDSTONE]" time="0"/>
  <testcase classname="org.bukkit.PerMaterialTest" name="isFlammable[689: RED_SANDSTONE]" time="0"/>
  <testcase classname="org.bukkit.PerMaterialTest" name="testDurability[689: RED_SANDSTONE]" time="0"/>
  <testcase classname="org.bukkit.PerMaterialTest" name="testBlockHardness[689: RED_SANDSTONE]" time="0"/>
  <testcase classname="org.bukkit.PerMaterialTest" name="maxStackSize[689: RED_SANDSTONE]" time="0"/>
  <testcase classname="org.bukkit.PerMaterialTest" name="isTransparent[689: RED_SANDSTONE]" time="0"/>
  <testcase classname="org.bukkit.PerMaterialTest" name="testBlockDataCreation[689: RED_SANDSTONE]" time="0"/>
  <testcase classname="org.bukkit.PerMaterialTest" name="isBlock[689: RED_SANDSTONE]" time="0"/>
  <testcase classname="org.bukkit.PerMaterialTest" name="isSolid[689: RED_SANDSTONE]" time="0"/>
  <testcase classname="org.bukkit.PerMaterialTest" name="hasGravity[690: RED_SANDSTONE_SLAB]" time="0"/>
  <testcase classname="org.bukkit.PerMaterialTest" name="isBurnable[690: RED_SANDSTONE_SLAB]" time="0"/>
  <testcase classname="org.bukkit.PerMaterialTest" name="testInteractable[690: RED_SANDSTONE_SLAB]" time="0"/>
  <testcase classname="org.bukkit.PerMaterialTest" name="testBlock[690: RED_SANDSTONE_SLAB]" time="0"/>
  <testcase classname="org.bukkit.PerMaterialTest" name="isFuel[690: RED_SANDSTONE_SLAB]" time="0"/>
  <testcase classname="org.bukkit.PerMaterialTest" name="testItem[690: RED_SANDSTONE_SLAB]" time="0"/>
  <testcase classname="org.bukkit.PerMaterialTest" name="testBlastResistance[690: RED_SANDSTONE_SLAB]" time="0"/>
  <testcase classname="org.bukkit.PerMaterialTest" name="isEdible[690: RED_SANDSTONE_SLAB]" time="0"/>
  <testcase classname="org.bukkit.PerMaterialTest" name="maxDurability[690: RED_SANDSTONE_SLAB]" time="0"/>
  <testcase classname="org.bukkit.PerMaterialTest" name="usesDurability[690: RED_SANDSTONE_SLAB]" time="0"/>
  <testcase classname="org.bukkit.PerMaterialTest" name="isOccluding[690: RED_SANDSTONE_SLAB]" time="0"/>
  <testcase classname="org.bukkit.PerMaterialTest" name="isRecord[690: RED_SANDSTONE_SLAB]" time="0"/>
  <testcase classname="org.bukkit.PerMaterialTest" name="isFlammable[690: RED_SANDSTONE_SLAB]" time="0"/>
  <testcase classname="org.bukkit.PerMaterialTest" name="testDurability[690: RED_SANDSTONE_SLAB]" time="0"/>
  <testcase classname="org.bukkit.PerMaterialTest" name="testBlockHardness[690: RED_SANDSTONE_SLAB]" time="0"/>
  <testcase classname="org.bukkit.PerMaterialTest" name="maxStackSize[690: RED_SANDSTONE_SLAB]" time="0"/>
  <testcase classname="org.bukkit.PerMaterialTest" name="isTransparent[690: RED_SANDSTONE_SLAB]" time="0.001"/>
  <testcase classname="org.bukkit.PerMaterialTest" name="testBlockDataCreation[690: RED_SANDSTONE_SLAB]" time="0"/>
  <testcase classname="org.bukkit.PerMaterialTest" name="isBlock[690: RED_SANDSTONE_SLAB]" time="0"/>
  <testcase classname="org.bukkit.PerMaterialTest" name="isSolid[690: RED_SANDSTONE_SLAB]" time="0"/>
  <testcase classname="org.bukkit.PerMaterialTest" name="hasGravity[691: RED_SANDSTONE_STAIRS]" time="0"/>
  <testcase classname="org.bukkit.PerMaterialTest" name="isBurnable[691: RED_SANDSTONE_STAIRS]" time="0"/>
  <testcase classname="org.bukkit.PerMaterialTest" name="testInteractable[691: RED_SANDSTONE_STAIRS]" time="0"/>
  <testcase classname="org.bukkit.PerMaterialTest" name="testBlock[691: RED_SANDSTONE_STAIRS]" time="0.001"/>
  <testcase classname="org.bukkit.PerMaterialTest" name="isFuel[691: RED_SANDSTONE_STAIRS]" time="0"/>
  <testcase classname="org.bukkit.PerMaterialTest" name="testItem[691: RED_SANDSTONE_STAIRS]" time="0"/>
  <testcase classname="org.bukkit.PerMaterialTest" name="testBlastResistance[691: RED_SANDSTONE_STAIRS]" time="0"/>
  <testcase classname="org.bukkit.PerMaterialTest" name="isEdible[691: RED_SANDSTONE_STAIRS]" time="0"/>
  <testcase classname="org.bukkit.PerMaterialTest" name="maxDurability[691: RED_SANDSTONE_STAIRS]" time="0"/>
  <testcase classname="org.bukkit.PerMaterialTest" name="usesDurability[691: RED_SANDSTONE_STAIRS]" time="0"/>
  <testcase classname="org.bukkit.PerMaterialTest" name="isOccluding[691: RED_SANDSTONE_STAIRS]" time="0"/>
  <testcase classname="org.bukkit.PerMaterialTest" name="isRecord[691: RED_SANDSTONE_STAIRS]" time="0"/>
  <testcase classname="org.bukkit.PerMaterialTest" name="isFlammable[691: RED_SANDSTONE_STAIRS]" time="0"/>
  <testcase classname="org.bukkit.PerMaterialTest" name="testDurability[691: RED_SANDSTONE_STAIRS]" time="0"/>
  <testcase classname="org.bukkit.PerMaterialTest" name="testBlockHardness[691: RED_SANDSTONE_STAIRS]" time="0"/>
  <testcase classname="org.bukkit.PerMaterialTest" name="maxStackSize[691: RED_SANDSTONE_STAIRS]" time="0"/>
  <testcase classname="org.bukkit.PerMaterialTest" name="isTransparent[691: RED_SANDSTONE_STAIRS]" time="0"/>
  <testcase classname="org.bukkit.PerMaterialTest" name="testBlockDataCreation[691: RED_SANDSTONE_STAIRS]" time="0"/>
  <testcase classname="org.bukkit.PerMaterialTest" name="isBlock[691: RED_SANDSTONE_STAIRS]" time="0"/>
  <testcase classname="org.bukkit.PerMaterialTest" name="isSolid[691: RED_SANDSTONE_STAIRS]" time="0"/>
  <testcase classname="org.bukkit.PerMaterialTest" name="hasGravity[692: RED_SHULKER_BOX]" time="0"/>
  <testcase classname="org.bukkit.PerMaterialTest" name="isBurnable[692: RED_SHULKER_BOX]" time="0"/>
  <testcase classname="org.bukkit.PerMaterialTest" name="testInteractable[692: RED_SHULKER_BOX]" time="0"/>
  <testcase classname="org.bukkit.PerMaterialTest" name="testBlock[692: RED_SHULKER_BOX]" time="0"/>
  <testcase classname="org.bukkit.PerMaterialTest" name="isFuel[692: RED_SHULKER_BOX]" time="0"/>
  <testcase classname="org.bukkit.PerMaterialTest" name="testItem[692: RED_SHULKER_BOX]" time="0"/>
  <testcase classname="org.bukkit.PerMaterialTest" name="testBlastResistance[692: RED_SHULKER_BOX]" time="0"/>
  <testcase classname="org.bukkit.PerMaterialTest" name="isEdible[692: RED_SHULKER_BOX]" time="0"/>
  <testcase classname="org.bukkit.PerMaterialTest" name="maxDurability[692: RED_SHULKER_BOX]" time="0"/>
  <testcase classname="org.bukkit.PerMaterialTest" name="usesDurability[692: RED_SHULKER_BOX]" time="0"/>
  <testcase classname="org.bukkit.PerMaterialTest" name="isOccluding[692: RED_SHULKER_BOX]" time="0.001"/>
  <testcase classname="org.bukkit.PerMaterialTest" name="isRecord[692: RED_SHULKER_BOX]" time="0"/>
  <testcase classname="org.bukkit.PerMaterialTest" name="isFlammable[692: RED_SHULKER_BOX]" time="0"/>
  <testcase classname="org.bukkit.PerMaterialTest" name="testDurability[692: RED_SHULKER_BOX]" time="0"/>
  <testcase classname="org.bukkit.PerMaterialTest" name="testBlockHardness[692: RED_SHULKER_BOX]" time="0"/>
  <testcase classname="org.bukkit.PerMaterialTest" name="maxStackSize[692: RED_SHULKER_BOX]" time="0"/>
  <testcase classname="org.bukkit.PerMaterialTest" name="isTransparent[692: RED_SHULKER_BOX]" time="0"/>
  <testcase classname="org.bukkit.PerMaterialTest" name="testBlockDataCreation[692: RED_SHULKER_BOX]" time="0.001"/>
  <testcase classname="org.bukkit.PerMaterialTest" name="isBlock[692: RED_SHULKER_BOX]" time="0"/>
  <testcase classname="org.bukkit.PerMaterialTest" name="isSolid[692: RED_SHULKER_BOX]" time="0"/>
  <testcase classname="org.bukkit.PerMaterialTest" name="hasGravity[693: RED_STAINED_GLASS]" time="0"/>
  <testcase classname="org.bukkit.PerMaterialTest" name="isBurnable[693: RED_STAINED_GLASS]" time="0"/>
  <testcase classname="org.bukkit.PerMaterialTest" name="testInteractable[693: RED_STAINED_GLASS]" time="0"/>
  <testcase classname="org.bukkit.PerMaterialTest" name="testBlock[693: RED_STAINED_GLASS]" time="0"/>
  <testcase classname="org.bukkit.PerMaterialTest" name="isFuel[693: RED_STAINED_GLASS]" time="0.001"/>
  <testcase classname="org.bukkit.PerMaterialTest" name="testItem[693: RED_STAINED_GLASS]" time="0"/>
  <testcase classname="org.bukkit.PerMaterialTest" name="testBlastResistance[693: RED_STAINED_GLASS]" time="0"/>
  <testcase classname="org.bukkit.PerMaterialTest" name="isEdible[693: RED_STAINED_GLASS]" time="0"/>
  <testcase classname="org.bukkit.PerMaterialTest" name="maxDurability[693: RED_STAINED_GLASS]" time="0"/>
  <testcase classname="org.bukkit.PerMaterialTest" name="usesDurability[693: RED_STAINED_GLASS]" time="0"/>
  <testcase classname="org.bukkit.PerMaterialTest" name="isOccluding[693: RED_STAINED_GLASS]" time="0.001"/>
  <testcase classname="org.bukkit.PerMaterialTest" name="isRecord[693: RED_STAINED_GLASS]" time="0"/>
  <testcase classname="org.bukkit.PerMaterialTest" name="isFlammable[693: RED_STAINED_GLASS]" time="0"/>
  <testcase classname="org.bukkit.PerMaterialTest" name="testDurability[693: RED_STAINED_GLASS]" time="0"/>
  <testcase classname="org.bukkit.PerMaterialTest" name="testBlockHardness[693: RED_STAINED_GLASS]" time="0"/>
  <testcase classname="org.bukkit.PerMaterialTest" name="maxStackSize[693: RED_STAINED_GLASS]" time="0"/>
  <testcase classname="org.bukkit.PerMaterialTest" name="isTransparent[693: RED_STAINED_GLASS]" time="0"/>
  <testcase classname="org.bukkit.PerMaterialTest" name="testBlockDataCreation[693: RED_STAINED_GLASS]" time="0.001"/>
  <testcase classname="org.bukkit.PerMaterialTest" name="isBlock[693: RED_STAINED_GLASS]" time="0"/>
  <testcase classname="org.bukkit.PerMaterialTest" name="isSolid[693: RED_STAINED_GLASS]" time="0"/>
  <testcase classname="org.bukkit.PerMaterialTest" name="hasGravity[694: RED_STAINED_GLASS_PANE]" time="0"/>
  <testcase classname="org.bukkit.PerMaterialTest" name="isBurnable[694: RED_STAINED_GLASS_PANE]" time="0"/>
  <testcase classname="org.bukkit.PerMaterialTest" name="testInteractable[694: RED_STAINED_GLASS_PANE]" time="0"/>
  <testcase classname="org.bukkit.PerMaterialTest" name="testBlock[694: RED_STAINED_GLASS_PANE]" time="0"/>
  <testcase classname="org.bukkit.PerMaterialTest" name="isFuel[694: RED_STAINED_GLASS_PANE]" time="0.001"/>
  <testcase classname="org.bukkit.PerMaterialTest" name="testItem[694: RED_STAINED_GLASS_PANE]" time="0"/>
  <testcase classname="org.bukkit.PerMaterialTest" name="testBlastResistance[694: RED_STAINED_GLASS_PANE]" time="0"/>
  <testcase classname="org.bukkit.PerMaterialTest" name="isEdible[694: RED_STAINED_GLASS_PANE]" time="0"/>
  <testcase classname="org.bukkit.PerMaterialTest" name="maxDurability[694: RED_STAINED_GLASS_PANE]" time="0"/>
  <testcase classname="org.bukkit.PerMaterialTest" name="usesDurability[694: RED_STAINED_GLASS_PANE]" time="0"/>
  <testcase classname="org.bukkit.PerMaterialTest" name="isOccluding[694: RED_STAINED_GLASS_PANE]" time="0.001"/>
  <testcase classname="org.bukkit.PerMaterialTest" name="isRecord[694: RED_STAINED_GLASS_PANE]" time="0"/>
  <testcase classname="org.bukkit.PerMaterialTest" name="isFlammable[694: RED_STAINED_GLASS_PANE]" time="0"/>
  <testcase classname="org.bukkit.PerMaterialTest" name="testDurability[694: RED_STAINED_GLASS_PANE]" time="0"/>
  <testcase classname="org.bukkit.PerMaterialTest" name="testBlockHardness[694: RED_STAINED_GLASS_PANE]" time="0"/>
  <testcase classname="org.bukkit.PerMaterialTest" name="maxStackSize[694: RED_STAINED_GLASS_PANE]" time="0"/>
  <testcase classname="org.bukkit.PerMaterialTest" name="isTransparent[694: RED_STAINED_GLASS_PANE]" time="0"/>
  <testcase classname="org.bukkit.PerMaterialTest" name="testBlockDataCreation[694: RED_STAINED_GLASS_PANE]" time="0.001"/>
  <testcase classname="org.bukkit.PerMaterialTest" name="isBlock[694: RED_STAINED_GLASS_PANE]" time="0"/>
  <testcase classname="org.bukkit.PerMaterialTest" name="isSolid[694: RED_STAINED_GLASS_PANE]" time="0"/>
  <testcase classname="org.bukkit.PerMaterialTest" name="hasGravity[695: RED_TERRACOTTA]" time="0"/>
  <testcase classname="org.bukkit.PerMaterialTest" name="isBurnable[695: RED_TERRACOTTA]" time="0"/>
  <testcase classname="org.bukkit.PerMaterialTest" name="testInteractable[695: RED_TERRACOTTA]" time="0"/>
  <testcase classname="org.bukkit.PerMaterialTest" name="testBlock[695: RED_TERRACOTTA]" time="0"/>
  <testcase classname="org.bukkit.PerMaterialTest" name="isFuel[695: RED_TERRACOTTA]" time="0.001"/>
  <testcase classname="org.bukkit.PerMaterialTest" name="testItem[695: RED_TERRACOTTA]" time="0"/>
  <testcase classname="org.bukkit.PerMaterialTest" name="testBlastResistance[695: RED_TERRACOTTA]" time="0"/>
  <testcase classname="org.bukkit.PerMaterialTest" name="isEdible[695: RED_TERRACOTTA]" time="0"/>
  <testcase classname="org.bukkit.PerMaterialTest" name="maxDurability[695: RED_TERRACOTTA]" time="0"/>
  <testcase classname="org.bukkit.PerMaterialTest" name="usesDurability[695: RED_TERRACOTTA]" time="0"/>
  <testcase classname="org.bukkit.PerMaterialTest" name="isOccluding[695: RED_TERRACOTTA]" time="0"/>
  <testcase classname="org.bukkit.PerMaterialTest" name="isRecord[695: RED_TERRACOTTA]" time="0"/>
  <testcase classname="org.bukkit.PerMaterialTest" name="isFlammable[695: RED_TERRACOTTA]" time="0"/>
  <testcase classname="org.bukkit.PerMaterialTest" name="testDurability[695: RED_TERRACOTTA]" time="0"/>
  <testcase classname="org.bukkit.PerMaterialTest" name="testBlockHardness[695: RED_TERRACOTTA]" time="0"/>
  <testcase classname="org.bukkit.PerMaterialTest" name="maxStackSize[695: RED_TERRACOTTA]" time="0"/>
  <testcase classname="org.bukkit.PerMaterialTest" name="isTransparent[695: RED_TERRACOTTA]" time="0"/>
  <testcase classname="org.bukkit.PerMaterialTest" name="testBlockDataCreation[695: RED_TERRACOTTA]" time="0"/>
  <testcase classname="org.bukkit.PerMaterialTest" name="isBlock[695: RED_TERRACOTTA]" time="0.001"/>
  <testcase classname="org.bukkit.PerMaterialTest" name="isSolid[695: RED_TERRACOTTA]" time="0"/>
  <testcase classname="org.bukkit.PerMaterialTest" name="hasGravity[696: RED_TULIP]" time="0"/>
  <testcase classname="org.bukkit.PerMaterialTest" name="isBurnable[696: RED_TULIP]" time="0"/>
  <testcase classname="org.bukkit.PerMaterialTest" name="testInteractable[696: RED_TULIP]" time="0"/>
  <testcase classname="org.bukkit.PerMaterialTest" name="testBlock[696: RED_TULIP]" time="0"/>
  <testcase classname="org.bukkit.PerMaterialTest" name="isFuel[696: RED_TULIP]" time="0.001"/>
  <testcase classname="org.bukkit.PerMaterialTest" name="testItem[696: RED_TULIP]" time="0"/>
  <testcase classname="org.bukkit.PerMaterialTest" name="testBlastResistance[696: RED_TULIP]" time="0"/>
  <testcase classname="org.bukkit.PerMaterialTest" name="isEdible[696: RED_TULIP]" time="0"/>
  <testcase classname="org.bukkit.PerMaterialTest" name="maxDurability[696: RED_TULIP]" time="0"/>
  <testcase classname="org.bukkit.PerMaterialTest" name="usesDurability[696: RED_TULIP]" time="0"/>
  <testcase classname="org.bukkit.PerMaterialTest" name="isOccluding[696: RED_TULIP]" time="0"/>
  <testcase classname="org.bukkit.PerMaterialTest" name="isRecord[696: RED_TULIP]" time="0"/>
  <testcase classname="org.bukkit.PerMaterialTest" name="isFlammable[696: RED_TULIP]" time="0"/>
  <testcase classname="org.bukkit.PerMaterialTest" name="testDurability[696: RED_TULIP]" time="0"/>
  <testcase classname="org.bukkit.PerMaterialTest" name="testBlockHardness[696: RED_TULIP]" time="0"/>
  <testcase classname="org.bukkit.PerMaterialTest" name="maxStackSize[696: RED_TULIP]" time="0"/>
  <testcase classname="org.bukkit.PerMaterialTest" name="isTransparent[696: RED_TULIP]" time="0"/>
  <testcase classname="org.bukkit.PerMaterialTest" name="testBlockDataCreation[696: RED_TULIP]" time="0"/>
  <testcase classname="org.bukkit.PerMaterialTest" name="isBlock[696: RED_TULIP]" time="0"/>
  <testcase classname="org.bukkit.PerMaterialTest" name="isSolid[696: RED_TULIP]" time="0"/>
  <testcase classname="org.bukkit.PerMaterialTest" name="hasGravity[697: RED_WALL_BANNER]" time="0"/>
  <testcase classname="org.bukkit.PerMaterialTest" name="isBurnable[697: RED_WALL_BANNER]" time="0"/>
  <testcase classname="org.bukkit.PerMaterialTest" name="testInteractable[697: RED_WALL_BANNER]" time="0"/>
  <testcase classname="org.bukkit.PerMaterialTest" name="testBlock[697: RED_WALL_BANNER]" time="0"/>
  <testcase classname="org.bukkit.PerMaterialTest" name="isFuel[697: RED_WALL_BANNER]" time="0.001"/>
  <testcase classname="org.bukkit.PerMaterialTest" name="testItem[697: RED_WALL_BANNER]" time="0"/>
  <testcase classname="org.bukkit.PerMaterialTest" name="testBlastResistance[697: RED_WALL_BANNER]" time="0"/>
  <testcase classname="org.bukkit.PerMaterialTest" name="isEdible[697: RED_WALL_BANNER]" time="0"/>
  <testcase classname="org.bukkit.PerMaterialTest" name="maxDurability[697: RED_WALL_BANNER]" time="0"/>
  <testcase classname="org.bukkit.PerMaterialTest" name="usesDurability[697: RED_WALL_BANNER]" time="0"/>
  <testcase classname="org.bukkit.PerMaterialTest" name="isOccluding[697: RED_WALL_BANNER]" time="0"/>
  <testcase classname="org.bukkit.PerMaterialTest" name="isRecord[697: RED_WALL_BANNER]" time="0"/>
  <testcase classname="org.bukkit.PerMaterialTest" name="isFlammable[697: RED_WALL_BANNER]" time="0"/>
  <testcase classname="org.bukkit.PerMaterialTest" name="testDurability[697: RED_WALL_BANNER]" time="0"/>
  <testcase classname="org.bukkit.PerMaterialTest" name="testBlockHardness[697: RED_WALL_BANNER]" time="0"/>
  <testcase classname="org.bukkit.PerMaterialTest" name="maxStackSize[697: RED_WALL_BANNER]" time="0"/>
  <testcase classname="org.bukkit.PerMaterialTest" name="isTransparent[697: RED_WALL_BANNER]" time="0"/>
  <testcase classname="org.bukkit.PerMaterialTest" name="testBlockDataCreation[697: RED_WALL_BANNER]" time="0"/>
  <testcase classname="org.bukkit.PerMaterialTest" name="isBlock[697: RED_WALL_BANNER]" time="0"/>
  <testcase classname="org.bukkit.PerMaterialTest" name="isSolid[697: RED_WALL_BANNER]" time="0"/>
  <testcase classname="org.bukkit.PerMaterialTest" name="hasGravity[698: RED_WOOL]" time="0"/>
  <testcase classname="org.bukkit.PerMaterialTest" name="isBurnable[698: RED_WOOL]" time="0"/>
  <testcase classname="org.bukkit.PerMaterialTest" name="testInteractable[698: RED_WOOL]" time="0"/>
  <testcase classname="org.bukkit.PerMaterialTest" name="testBlock[698: RED_WOOL]" time="0"/>
  <testcase classname="org.bukkit.PerMaterialTest" name="isFuel[698: RED_WOOL]" time="0"/>
  <testcase classname="org.bukkit.PerMaterialTest" name="testItem[698: RED_WOOL]" time="0"/>
  <testcase classname="org.bukkit.PerMaterialTest" name="testBlastResistance[698: RED_WOOL]" time="0"/>
  <testcase classname="org.bukkit.PerMaterialTest" name="isEdible[698: RED_WOOL]" time="0"/>
  <testcase classname="org.bukkit.PerMaterialTest" name="maxDurability[698: RED_WOOL]" time="0"/>
  <testcase classname="org.bukkit.PerMaterialTest" name="usesDurability[698: RED_WOOL]" time="0"/>
  <testcase classname="org.bukkit.PerMaterialTest" name="isOccluding[698: RED_WOOL]" time="0"/>
  <testcase classname="org.bukkit.PerMaterialTest" name="isRecord[698: RED_WOOL]" time="0"/>
  <testcase classname="org.bukkit.PerMaterialTest" name="isFlammable[698: RED_WOOL]" time="0"/>
  <testcase classname="org.bukkit.PerMaterialTest" name="testDurability[698: RED_WOOL]" time="0"/>
  <testcase classname="org.bukkit.PerMaterialTest" name="testBlockHardness[698: RED_WOOL]" time="0"/>
  <testcase classname="org.bukkit.PerMaterialTest" name="maxStackSize[698: RED_WOOL]" time="0"/>
  <testcase classname="org.bukkit.PerMaterialTest" name="isTransparent[698: RED_WOOL]" time="0"/>
  <testcase classname="org.bukkit.PerMaterialTest" name="testBlockDataCreation[698: RED_WOOL]" time="0"/>
  <testcase classname="org.bukkit.PerMaterialTest" name="isBlock[698: RED_WOOL]" time="0"/>
  <testcase classname="org.bukkit.PerMaterialTest" name="isSolid[698: RED_WOOL]" time="0"/>
  <testcase classname="org.bukkit.PerMaterialTest" name="hasGravity[699: REPEATER]" time="0"/>
  <testcase classname="org.bukkit.PerMaterialTest" name="isBurnable[699: REPEATER]" time="0"/>
  <testcase classname="org.bukkit.PerMaterialTest" name="testInteractable[699: REPEATER]" time="0"/>
  <testcase classname="org.bukkit.PerMaterialTest" name="testBlock[699: REPEATER]" time="0"/>
  <testcase classname="org.bukkit.PerMaterialTest" name="isFuel[699: REPEATER]" time="0"/>
  <testcase classname="org.bukkit.PerMaterialTest" name="testItem[699: REPEATER]" time="0"/>
  <testcase classname="org.bukkit.PerMaterialTest" name="testBlastResistance[699: REPEATER]" time="0"/>
  <testcase classname="org.bukkit.PerMaterialTest" name="isEdible[699: REPEATER]" time="0"/>
  <testcase classname="org.bukkit.PerMaterialTest" name="maxDurability[699: REPEATER]" time="0"/>
  <testcase classname="org.bukkit.PerMaterialTest" name="usesDurability[699: REPEATER]" time="0"/>
  <testcase classname="org.bukkit.PerMaterialTest" name="isOccluding[699: REPEATER]" time="0"/>
  <testcase classname="org.bukkit.PerMaterialTest" name="isRecord[699: REPEATER]" time="0"/>
  <testcase classname="org.bukkit.PerMaterialTest" name="isFlammable[699: REPEATER]" time="0"/>
  <testcase classname="org.bukkit.PerMaterialTest" name="testDurability[699: REPEATER]" time="0"/>
  <testcase classname="org.bukkit.PerMaterialTest" name="testBlockHardness[699: REPEATER]" time="0"/>
  <testcase classname="org.bukkit.PerMaterialTest" name="maxStackSize[699: REPEATER]" time="0"/>
  <testcase classname="org.bukkit.PerMaterialTest" name="isTransparent[699: REPEATER]" time="0"/>
  <testcase classname="org.bukkit.PerMaterialTest" name="testBlockDataCreation[699: REPEATER]" time="0"/>
  <testcase classname="org.bukkit.PerMaterialTest" name="isBlock[699: REPEATER]" time="0"/>
  <testcase classname="org.bukkit.PerMaterialTest" name="isSolid[699: REPEATER]" time="0"/>
  <testcase classname="org.bukkit.PerMaterialTest" name="hasGravity[700: REPEATING_COMMAND_BLOCK]" time="0"/>
  <testcase classname="org.bukkit.PerMaterialTest" name="isBurnable[700: REPEATING_COMMAND_BLOCK]" time="0"/>
  <testcase classname="org.bukkit.PerMaterialTest" name="testInteractable[700: REPEATING_COMMAND_BLOCK]" time="0"/>
  <testcase classname="org.bukkit.PerMaterialTest" name="testBlock[700: REPEATING_COMMAND_BLOCK]" time="0"/>
  <testcase classname="org.bukkit.PerMaterialTest" name="isFuel[700: REPEATING_COMMAND_BLOCK]" time="0"/>
  <testcase classname="org.bukkit.PerMaterialTest" name="testItem[700: REPEATING_COMMAND_BLOCK]" time="0"/>
  <testcase classname="org.bukkit.PerMaterialTest" name="testBlastResistance[700: REPEATING_COMMAND_BLOCK]" time="0.001"/>
  <testcase classname="org.bukkit.PerMaterialTest" name="isEdible[700: REPEATING_COMMAND_BLOCK]" time="0"/>
  <testcase classname="org.bukkit.PerMaterialTest" name="maxDurability[700: REPEATING_COMMAND_BLOCK]" time="0"/>
  <testcase classname="org.bukkit.PerMaterialTest" name="usesDurability[700: REPEATING_COMMAND_BLOCK]" time="0"/>
  <testcase classname="org.bukkit.PerMaterialTest" name="isOccluding[700: REPEATING_COMMAND_BLOCK]" time="0"/>
  <testcase classname="org.bukkit.PerMaterialTest" name="isRecord[700: REPEATING_COMMAND_BLOCK]" time="0"/>
  <testcase classname="org.bukkit.PerMaterialTest" name="isFlammable[700: REPEATING_COMMAND_BLOCK]" time="0"/>
  <testcase classname="org.bukkit.PerMaterialTest" name="testDurability[700: REPEATING_COMMAND_BLOCK]" time="0"/>
  <testcase classname="org.bukkit.PerMaterialTest" name="testBlockHardness[700: REPEATING_COMMAND_BLOCK]" time="0.001"/>
  <testcase classname="org.bukkit.PerMaterialTest" name="maxStackSize[700: REPEATING_COMMAND_BLOCK]" time="0"/>
  <testcase classname="org.bukkit.PerMaterialTest" name="isTransparent[700: REPEATING_COMMAND_BLOCK]" time="0"/>
  <testcase classname="org.bukkit.PerMaterialTest" name="testBlockDataCreation[700: REPEATING_COMMAND_BLOCK]" time="0"/>
  <testcase classname="org.bukkit.PerMaterialTest" name="isBlock[700: REPEATING_COMMAND_BLOCK]" time="0"/>
  <testcase classname="org.bukkit.PerMaterialTest" name="isSolid[700: REPEATING_COMMAND_BLOCK]" time="0"/>
  <testcase classname="org.bukkit.PerMaterialTest" name="hasGravity[701: ROSE_BUSH]" time="0"/>
  <testcase classname="org.bukkit.PerMaterialTest" name="isBurnable[701: ROSE_BUSH]" time="0"/>
  <testcase classname="org.bukkit.PerMaterialTest" name="testInteractable[701: ROSE_BUSH]" time="0"/>
  <testcase classname="org.bukkit.PerMaterialTest" name="testBlock[701: ROSE_BUSH]" time="0"/>
  <testcase classname="org.bukkit.PerMaterialTest" name="isFuel[701: ROSE_BUSH]" time="0"/>
  <testcase classname="org.bukkit.PerMaterialTest" name="testItem[701: ROSE_BUSH]" time="0"/>
  <testcase classname="org.bukkit.PerMaterialTest" name="testBlastResistance[701: ROSE_BUSH]" time="0"/>
  <testcase classname="org.bukkit.PerMaterialTest" name="isEdible[701: ROSE_BUSH]" time="0"/>
  <testcase classname="org.bukkit.PerMaterialTest" name="maxDurability[701: ROSE_BUSH]" time="0"/>
  <testcase classname="org.bukkit.PerMaterialTest" name="usesDurability[701: ROSE_BUSH]" time="0"/>
  <testcase classname="org.bukkit.PerMaterialTest" name="isOccluding[701: ROSE_BUSH]" time="0"/>
  <testcase classname="org.bukkit.PerMaterialTest" name="isRecord[701: ROSE_BUSH]" time="0"/>
  <testcase classname="org.bukkit.PerMaterialTest" name="isFlammable[701: ROSE_BUSH]" time="0"/>
  <testcase classname="org.bukkit.PerMaterialTest" name="testDurability[701: ROSE_BUSH]" time="0"/>
  <testcase classname="org.bukkit.PerMaterialTest" name="testBlockHardness[701: ROSE_BUSH]" time="0"/>
  <testcase classname="org.bukkit.PerMaterialTest" name="maxStackSize[701: ROSE_BUSH]" time="0"/>
  <testcase classname="org.bukkit.PerMaterialTest" name="isTransparent[701: ROSE_BUSH]" time="0"/>
  <testcase classname="org.bukkit.PerMaterialTest" name="testBlockDataCreation[701: ROSE_BUSH]" time="0"/>
  <testcase classname="org.bukkit.PerMaterialTest" name="isBlock[701: ROSE_BUSH]" time="0"/>
  <testcase classname="org.bukkit.PerMaterialTest" name="isSolid[701: ROSE_BUSH]" time="0"/>
  <testcase classname="org.bukkit.PerMaterialTest" name="hasGravity[702: ROSE_RED]" time="0"/>
  <testcase classname="org.bukkit.PerMaterialTest" name="isBurnable[702: ROSE_RED]" time="0"/>
  <testcase classname="org.bukkit.PerMaterialTest" name="testInteractable[702: ROSE_RED]" time="0"/>
  <testcase classname="org.bukkit.PerMaterialTest" name="testBlock[702: ROSE_RED]" time="0"/>
  <testcase classname="org.bukkit.PerMaterialTest" name="isFuel[702: ROSE_RED]" time="0"/>
  <testcase classname="org.bukkit.PerMaterialTest" name="testItem[702: ROSE_RED]" time="0"/>
  <testcase classname="org.bukkit.PerMaterialTest" name="testBlastResistance[702: ROSE_RED]" time="0"/>
  <testcase classname="org.bukkit.PerMaterialTest" name="isEdible[702: ROSE_RED]" time="0"/>
  <testcase classname="org.bukkit.PerMaterialTest" name="maxDurability[702: ROSE_RED]" time="0"/>
  <testcase classname="org.bukkit.PerMaterialTest" name="usesDurability[702: ROSE_RED]" time="0"/>
  <testcase classname="org.bukkit.PerMaterialTest" name="isOccluding[702: ROSE_RED]" time="0"/>
  <testcase classname="org.bukkit.PerMaterialTest" name="isRecord[702: ROSE_RED]" time="0"/>
  <testcase classname="org.bukkit.PerMaterialTest" name="isFlammable[702: ROSE_RED]" time="0"/>
  <testcase classname="org.bukkit.PerMaterialTest" name="testDurability[702: ROSE_RED]" time="0"/>
  <testcase classname="org.bukkit.PerMaterialTest" name="testBlockHardness[702: ROSE_RED]" time="0"/>
  <testcase classname="org.bukkit.PerMaterialTest" name="maxStackSize[702: ROSE_RED]" time="0"/>
  <testcase classname="org.bukkit.PerMaterialTest" name="isTransparent[702: ROSE_RED]" time="0.001"/>
  <testcase classname="org.bukkit.PerMaterialTest" name="testBlockDataCreation[702: ROSE_RED]" time="0"/>
  <testcase classname="org.bukkit.PerMaterialTest" name="isBlock[702: ROSE_RED]" time="0"/>
  <testcase classname="org.bukkit.PerMaterialTest" name="isSolid[702: ROSE_RED]" time="0"/>
  <testcase classname="org.bukkit.PerMaterialTest" name="hasGravity[703: ROTTEN_FLESH]" time="0"/>
  <testcase classname="org.bukkit.PerMaterialTest" name="isBurnable[703: ROTTEN_FLESH]" time="0"/>
  <testcase classname="org.bukkit.PerMaterialTest" name="testInteractable[703: ROTTEN_FLESH]" time="0"/>
  <testcase classname="org.bukkit.PerMaterialTest" name="testBlock[703: ROTTEN_FLESH]" time="0"/>
  <testcase classname="org.bukkit.PerMaterialTest" name="isFuel[703: ROTTEN_FLESH]" time="0.001"/>
  <testcase classname="org.bukkit.PerMaterialTest" name="testItem[703: ROTTEN_FLESH]" time="0"/>
  <testcase classname="org.bukkit.PerMaterialTest" name="testBlastResistance[703: ROTTEN_FLESH]" time="0"/>
  <testcase classname="org.bukkit.PerMaterialTest" name="isEdible[703: ROTTEN_FLESH]" time="0"/>
  <testcase classname="org.bukkit.PerMaterialTest" name="maxDurability[703: ROTTEN_FLESH]" time="0"/>
  <testcase classname="org.bukkit.PerMaterialTest" name="usesDurability[703: ROTTEN_FLESH]" time="0"/>
  <testcase classname="org.bukkit.PerMaterialTest" name="isOccluding[703: ROTTEN_FLESH]" time="0"/>
  <testcase classname="org.bukkit.PerMaterialTest" name="isRecord[703: ROTTEN_FLESH]" time="0"/>
  <testcase classname="org.bukkit.PerMaterialTest" name="isFlammable[703: ROTTEN_FLESH]" time="0"/>
  <testcase classname="org.bukkit.PerMaterialTest" name="testDurability[703: ROTTEN_FLESH]" time="0"/>
  <testcase classname="org.bukkit.PerMaterialTest" name="testBlockHardness[703: ROTTEN_FLESH]" time="0"/>
  <testcase classname="org.bukkit.PerMaterialTest" name="maxStackSize[703: ROTTEN_FLESH]" time="0"/>
  <testcase classname="org.bukkit.PerMaterialTest" name="isTransparent[703: ROTTEN_FLESH]" time="0"/>
  <testcase classname="org.bukkit.PerMaterialTest" name="testBlockDataCreation[703: ROTTEN_FLESH]" time="0"/>
  <testcase classname="org.bukkit.PerMaterialTest" name="isBlock[703: ROTTEN_FLESH]" time="0.001"/>
  <testcase classname="org.bukkit.PerMaterialTest" name="isSolid[703: ROTTEN_FLESH]" time="0"/>
  <testcase classname="org.bukkit.PerMaterialTest" name="hasGravity[704: SADDLE]" time="0"/>
  <testcase classname="org.bukkit.PerMaterialTest" name="isBurnable[704: SADDLE]" time="0"/>
  <testcase classname="org.bukkit.PerMaterialTest" name="testInteractable[704: SADDLE]" time="0"/>
  <testcase classname="org.bukkit.PerMaterialTest" name="testBlock[704: SADDLE]" time="0"/>
  <testcase classname="org.bukkit.PerMaterialTest" name="isFuel[704: SADDLE]" time="0"/>
  <testcase classname="org.bukkit.PerMaterialTest" name="testItem[704: SADDLE]" time="0.001"/>
  <testcase classname="org.bukkit.PerMaterialTest" name="testBlastResistance[704: SADDLE]" time="0"/>
  <testcase classname="org.bukkit.PerMaterialTest" name="isEdible[704: SADDLE]" time="0"/>
  <testcase classname="org.bukkit.PerMaterialTest" name="maxDurability[704: SADDLE]" time="0"/>
  <testcase classname="org.bukkit.PerMaterialTest" name="usesDurability[704: SADDLE]" time="0"/>
  <testcase classname="org.bukkit.PerMaterialTest" name="isOccluding[704: SADDLE]" time="0"/>
  <testcase classname="org.bukkit.PerMaterialTest" name="isRecord[704: SADDLE]" time="0"/>
  <testcase classname="org.bukkit.PerMaterialTest" name="isFlammable[704: SADDLE]" time="0"/>
  <testcase classname="org.bukkit.PerMaterialTest" name="testDurability[704: SADDLE]" time="0.001"/>
  <testcase classname="org.bukkit.PerMaterialTest" name="testBlockHardness[704: SADDLE]" time="0"/>
  <testcase classname="org.bukkit.PerMaterialTest" name="maxStackSize[704: SADDLE]" time="0"/>
  <testcase classname="org.bukkit.PerMaterialTest" name="isTransparent[704: SADDLE]" time="0"/>
  <testcase classname="org.bukkit.PerMaterialTest" name="testBlockDataCreation[704: SADDLE]" time="0"/>
  <testcase classname="org.bukkit.PerMaterialTest" name="isBlock[704: SADDLE]" time="0"/>
  <testcase classname="org.bukkit.PerMaterialTest" name="isSolid[704: SADDLE]" time="0"/>
  <testcase classname="org.bukkit.PerMaterialTest" name="hasGravity[705: SALMON]" time="0"/>
  <testcase classname="org.bukkit.PerMaterialTest" name="isBurnable[705: SALMON]" time="0"/>
  <testcase classname="org.bukkit.PerMaterialTest" name="testInteractable[705: SALMON]" time="0"/>
  <testcase classname="org.bukkit.PerMaterialTest" name="testBlock[705: SALMON]" time="0"/>
  <testcase classname="org.bukkit.PerMaterialTest" name="isFuel[705: SALMON]" time="0"/>
  <testcase classname="org.bukkit.PerMaterialTest" name="testItem[705: SALMON]" time="0"/>
  <testcase classname="org.bukkit.PerMaterialTest" name="testBlastResistance[705: SALMON]" time="0"/>
  <testcase classname="org.bukkit.PerMaterialTest" name="isEdible[705: SALMON]" time="0"/>
  <testcase classname="org.bukkit.PerMaterialTest" name="maxDurability[705: SALMON]" time="0.001"/>
  <testcase classname="org.bukkit.PerMaterialTest" name="usesDurability[705: SALMON]" time="0"/>
  <testcase classname="org.bukkit.PerMaterialTest" name="isOccluding[705: SALMON]" time="0"/>
  <testcase classname="org.bukkit.PerMaterialTest" name="isRecord[705: SALMON]" time="0"/>
  <testcase classname="org.bukkit.PerMaterialTest" name="isFlammable[705: SALMON]" time="0"/>
  <testcase classname="org.bukkit.PerMaterialTest" name="testDurability[705: SALMON]" time="0"/>
  <testcase classname="org.bukkit.PerMaterialTest" name="testBlockHardness[705: SALMON]" time="0"/>
  <testcase classname="org.bukkit.PerMaterialTest" name="maxStackSize[705: SALMON]" time="0"/>
  <testcase classname="org.bukkit.PerMaterialTest" name="isTransparent[705: SALMON]" time="0.001"/>
  <testcase classname="org.bukkit.PerMaterialTest" name="testBlockDataCreation[705: SALMON]" time="0"/>
  <testcase classname="org.bukkit.PerMaterialTest" name="isBlock[705: SALMON]" time="0"/>
  <testcase classname="org.bukkit.PerMaterialTest" name="isSolid[705: SALMON]" time="0"/>
  <testcase classname="org.bukkit.PerMaterialTest" name="hasGravity[706: SALMON_BUCKET]" time="0"/>
  <testcase classname="org.bukkit.PerMaterialTest" name="isBurnable[706: SALMON_BUCKET]" time="0"/>
  <testcase classname="org.bukkit.PerMaterialTest" name="testInteractable[706: SALMON_BUCKET]" time="0"/>
  <testcase classname="org.bukkit.PerMaterialTest" name="testBlock[706: SALMON_BUCKET]" time="0"/>
  <testcase classname="org.bukkit.PerMaterialTest" name="isFuel[706: SALMON_BUCKET]" time="0.001"/>
  <testcase classname="org.bukkit.PerMaterialTest" name="testItem[706: SALMON_BUCKET]" time="0"/>
  <testcase classname="org.bukkit.PerMaterialTest" name="testBlastResistance[706: SALMON_BUCKET]" time="0"/>
  <testcase classname="org.bukkit.PerMaterialTest" name="isEdible[706: SALMON_BUCKET]" time="0"/>
  <testcase classname="org.bukkit.PerMaterialTest" name="maxDurability[706: SALMON_BUCKET]" time="0"/>
  <testcase classname="org.bukkit.PerMaterialTest" name="usesDurability[706: SALMON_BUCKET]" time="0"/>
  <testcase classname="org.bukkit.PerMaterialTest" name="isOccluding[706: SALMON_BUCKET]" time="0"/>
  <testcase classname="org.bukkit.PerMaterialTest" name="isRecord[706: SALMON_BUCKET]" time="0.001"/>
  <testcase classname="org.bukkit.PerMaterialTest" name="isFlammable[706: SALMON_BUCKET]" time="0"/>
  <testcase classname="org.bukkit.PerMaterialTest" name="testDurability[706: SALMON_BUCKET]" time="0"/>
  <testcase classname="org.bukkit.PerMaterialTest" name="testBlockHardness[706: SALMON_BUCKET]" time="0"/>
  <testcase classname="org.bukkit.PerMaterialTest" name="maxStackSize[706: SALMON_BUCKET]" time="0"/>
  <testcase classname="org.bukkit.PerMaterialTest" name="isTransparent[706: SALMON_BUCKET]" time="0"/>
  <testcase classname="org.bukkit.PerMaterialTest" name="testBlockDataCreation[706: SALMON_BUCKET]" time="0"/>
  <testcase classname="org.bukkit.PerMaterialTest" name="isBlock[706: SALMON_BUCKET]" time="0"/>
  <testcase classname="org.bukkit.PerMaterialTest" name="isSolid[706: SALMON_BUCKET]" time="0"/>
  <testcase classname="org.bukkit.PerMaterialTest" name="hasGravity[707: SALMON_SPAWN_EGG]" time="0"/>
  <testcase classname="org.bukkit.PerMaterialTest" name="isBurnable[707: SALMON_SPAWN_EGG]" time="0"/>
  <testcase classname="org.bukkit.PerMaterialTest" name="testInteractable[707: SALMON_SPAWN_EGG]" time="0"/>
  <testcase classname="org.bukkit.PerMaterialTest" name="testBlock[707: SALMON_SPAWN_EGG]" time="0"/>
  <testcase classname="org.bukkit.PerMaterialTest" name="isFuel[707: SALMON_SPAWN_EGG]" time="0"/>
  <testcase classname="org.bukkit.PerMaterialTest" name="testItem[707: SALMON_SPAWN_EGG]" time="0"/>
  <testcase classname="org.bukkit.PerMaterialTest" name="testBlastResistance[707: SALMON_SPAWN_EGG]" time="0"/>
  <testcase classname="org.bukkit.PerMaterialTest" name="isEdible[707: SALMON_SPAWN_EGG]" time="0"/>
  <testcase classname="org.bukkit.PerMaterialTest" name="maxDurability[707: SALMON_SPAWN_EGG]" time="0"/>
  <testcase classname="org.bukkit.PerMaterialTest" name="usesDurability[707: SALMON_SPAWN_EGG]" time="0"/>
  <testcase classname="org.bukkit.PerMaterialTest" name="isOccluding[707: SALMON_SPAWN_EGG]" time="0"/>
  <testcase classname="org.bukkit.PerMaterialTest" name="isRecord[707: SALMON_SPAWN_EGG]" time="0"/>
  <testcase classname="org.bukkit.PerMaterialTest" name="isFlammable[707: SALMON_SPAWN_EGG]" time="0"/>
  <testcase classname="org.bukkit.PerMaterialTest" name="testDurability[707: SALMON_SPAWN_EGG]" time="0"/>
  <testcase classname="org.bukkit.PerMaterialTest" name="testBlockHardness[707: SALMON_SPAWN_EGG]" time="0"/>
  <testcase classname="org.bukkit.PerMaterialTest" name="maxStackSize[707: SALMON_SPAWN_EGG]" time="0"/>
  <testcase classname="org.bukkit.PerMaterialTest" name="isTransparent[707: SALMON_SPAWN_EGG]" time="0"/>
  <testcase classname="org.bukkit.PerMaterialTest" name="testBlockDataCreation[707: SALMON_SPAWN_EGG]" time="0"/>
  <testcase classname="org.bukkit.PerMaterialTest" name="isBlock[707: SALMON_SPAWN_EGG]" time="0"/>
  <testcase classname="org.bukkit.PerMaterialTest" name="isSolid[707: SALMON_SPAWN_EGG]" time="0"/>
  <testcase classname="org.bukkit.PerMaterialTest" name="hasGravity[708: SAND]" time="0.001"/>
  <testcase classname="org.bukkit.PerMaterialTest" name="isBurnable[708: SAND]" time="0"/>
  <testcase classname="org.bukkit.PerMaterialTest" name="testInteractable[708: SAND]" time="0"/>
  <testcase classname="org.bukkit.PerMaterialTest" name="testBlock[708: SAND]" time="0"/>
  <testcase classname="org.bukkit.PerMaterialTest" name="isFuel[708: SAND]" time="0"/>
  <testcase classname="org.bukkit.PerMaterialTest" name="testItem[708: SAND]" time="0"/>
  <testcase classname="org.bukkit.PerMaterialTest" name="testBlastResistance[708: SAND]" time="0"/>
  <testcase classname="org.bukkit.PerMaterialTest" name="isEdible[708: SAND]" time="0"/>
  <testcase classname="org.bukkit.PerMaterialTest" name="maxDurability[708: SAND]" time="0"/>
  <testcase classname="org.bukkit.PerMaterialTest" name="usesDurability[708: SAND]" time="0"/>
  <testcase classname="org.bukkit.PerMaterialTest" name="isOccluding[708: SAND]" time="0"/>
  <testcase classname="org.bukkit.PerMaterialTest" name="isRecord[708: SAND]" time="0"/>
  <testcase classname="org.bukkit.PerMaterialTest" name="isFlammable[708: SAND]" time="0"/>
  <testcase classname="org.bukkit.PerMaterialTest" name="testDurability[708: SAND]" time="0"/>
  <testcase classname="org.bukkit.PerMaterialTest" name="testBlockHardness[708: SAND]" time="0"/>
  <testcase classname="org.bukkit.PerMaterialTest" name="maxStackSize[708: SAND]" time="0"/>
  <testcase classname="org.bukkit.PerMaterialTest" name="isTransparent[708: SAND]" time="0"/>
  <testcase classname="org.bukkit.PerMaterialTest" name="testBlockDataCreation[708: SAND]" time="0"/>
  <testcase classname="org.bukkit.PerMaterialTest" name="isBlock[708: SAND]" time="0"/>
  <testcase classname="org.bukkit.PerMaterialTest" name="isSolid[708: SAND]" time="0"/>
  <testcase classname="org.bukkit.PerMaterialTest" name="hasGravity[709: SANDSTONE]" time="0"/>
  <testcase classname="org.bukkit.PerMaterialTest" name="isBurnable[709: SANDSTONE]" time="0"/>
  <testcase classname="org.bukkit.PerMaterialTest" name="testInteractable[709: SANDSTONE]" time="0"/>
  <testcase classname="org.bukkit.PerMaterialTest" name="testBlock[709: SANDSTONE]" time="0"/>
  <testcase classname="org.bukkit.PerMaterialTest" name="isFuel[709: SANDSTONE]" time="0"/>
  <testcase classname="org.bukkit.PerMaterialTest" name="testItem[709: SANDSTONE]" time="0"/>
  <testcase classname="org.bukkit.PerMaterialTest" name="testBlastResistance[709: SANDSTONE]" time="0"/>
  <testcase classname="org.bukkit.PerMaterialTest" name="isEdible[709: SANDSTONE]" time="0"/>
  <testcase classname="org.bukkit.PerMaterialTest" name="maxDurability[709: SANDSTONE]" time="0"/>
  <testcase classname="org.bukkit.PerMaterialTest" name="usesDurability[709: SANDSTONE]" time="0"/>
  <testcase classname="org.bukkit.PerMaterialTest" name="isOccluding[709: SANDSTONE]" time="0"/>
  <testcase classname="org.bukkit.PerMaterialTest" name="isRecord[709: SANDSTONE]" time="0"/>
  <testcase classname="org.bukkit.PerMaterialTest" name="isFlammable[709: SANDSTONE]" time="0"/>
  <testcase classname="org.bukkit.PerMaterialTest" name="testDurability[709: SANDSTONE]" time="0"/>
  <testcase classname="org.bukkit.PerMaterialTest" name="testBlockHardness[709: SANDSTONE]" time="0"/>
  <testcase classname="org.bukkit.PerMaterialTest" name="maxStackSize[709: SANDSTONE]" time="0.001"/>
  <testcase classname="org.bukkit.PerMaterialTest" name="isTransparent[709: SANDSTONE]" time="0"/>
  <testcase classname="org.bukkit.PerMaterialTest" name="testBlockDataCreation[709: SANDSTONE]" time="0"/>
  <testcase classname="org.bukkit.PerMaterialTest" name="isBlock[709: SANDSTONE]" time="0"/>
  <testcase classname="org.bukkit.PerMaterialTest" name="isSolid[709: SANDSTONE]" time="0"/>
  <testcase classname="org.bukkit.PerMaterialTest" name="hasGravity[710: SANDSTONE_SLAB]" time="0"/>
  <testcase classname="org.bukkit.PerMaterialTest" name="isBurnable[710: SANDSTONE_SLAB]" time="0"/>
  <testcase classname="org.bukkit.PerMaterialTest" name="testInteractable[710: SANDSTONE_SLAB]" time="0.001"/>
  <testcase classname="org.bukkit.PerMaterialTest" name="testBlock[710: SANDSTONE_SLAB]" time="0"/>
  <testcase classname="org.bukkit.PerMaterialTest" name="isFuel[710: SANDSTONE_SLAB]" time="0"/>
  <testcase classname="org.bukkit.PerMaterialTest" name="testItem[710: SANDSTONE_SLAB]" time="0"/>
  <testcase classname="org.bukkit.PerMaterialTest" name="testBlastResistance[710: SANDSTONE_SLAB]" time="0"/>
  <testcase classname="org.bukkit.PerMaterialTest" name="isEdible[710: SANDSTONE_SLAB]" time="0"/>
  <testcase classname="org.bukkit.PerMaterialTest" name="maxDurability[710: SANDSTONE_SLAB]" time="0.001"/>
  <testcase classname="org.bukkit.PerMaterialTest" name="usesDurability[710: SANDSTONE_SLAB]" time="0"/>
  <testcase classname="org.bukkit.PerMaterialTest" name="isOccluding[710: SANDSTONE_SLAB]" time="0"/>
  <testcase classname="org.bukkit.PerMaterialTest" name="isRecord[710: SANDSTONE_SLAB]" time="0"/>
  <testcase classname="org.bukkit.PerMaterialTest" name="isFlammable[710: SANDSTONE_SLAB]" time="0"/>
  <testcase classname="org.bukkit.PerMaterialTest" name="testDurability[710: SANDSTONE_SLAB]" time="0"/>
  <testcase classname="org.bukkit.PerMaterialTest" name="testBlockHardness[710: SANDSTONE_SLAB]" time="0"/>
  <testcase classname="org.bukkit.PerMaterialTest" name="maxStackSize[710: SANDSTONE_SLAB]" time="0.001"/>
  <testcase classname="org.bukkit.PerMaterialTest" name="isTransparent[710: SANDSTONE_SLAB]" time="0"/>
  <testcase classname="org.bukkit.PerMaterialTest" name="testBlockDataCreation[710: SANDSTONE_SLAB]" time="0"/>
  <testcase classname="org.bukkit.PerMaterialTest" name="isBlock[710: SANDSTONE_SLAB]" time="0"/>
  <testcase classname="org.bukkit.PerMaterialTest" name="isSolid[710: SANDSTONE_SLAB]" time="0"/>
  <testcase classname="org.bukkit.PerMaterialTest" name="hasGravity[711: SANDSTONE_STAIRS]" time="0"/>
  <testcase classname="org.bukkit.PerMaterialTest" name="isBurnable[711: SANDSTONE_STAIRS]" time="0"/>
  <testcase classname="org.bukkit.PerMaterialTest" name="testInteractable[711: SANDSTONE_STAIRS]" time="0.001"/>
  <testcase classname="org.bukkit.PerMaterialTest" name="testBlock[711: SANDSTONE_STAIRS]" time="0"/>
  <testcase classname="org.bukkit.PerMaterialTest" name="isFuel[711: SANDSTONE_STAIRS]" time="0"/>
  <testcase classname="org.bukkit.PerMaterialTest" name="testItem[711: SANDSTONE_STAIRS]" time="0"/>
  <testcase classname="org.bukkit.PerMaterialTest" name="testBlastResistance[711: SANDSTONE_STAIRS]" time="0"/>
  <testcase classname="org.bukkit.PerMaterialTest" name="isEdible[711: SANDSTONE_STAIRS]" time="0"/>
  <testcase classname="org.bukkit.PerMaterialTest" name="maxDurability[711: SANDSTONE_STAIRS]" time="0"/>
  <testcase classname="org.bukkit.PerMaterialTest" name="usesDurability[711: SANDSTONE_STAIRS]" time="0"/>
  <testcase classname="org.bukkit.PerMaterialTest" name="isOccluding[711: SANDSTONE_STAIRS]" time="0"/>
  <testcase classname="org.bukkit.PerMaterialTest" name="isRecord[711: SANDSTONE_STAIRS]" time="0"/>
  <testcase classname="org.bukkit.PerMaterialTest" name="isFlammable[711: SANDSTONE_STAIRS]" time="0"/>
  <testcase classname="org.bukkit.PerMaterialTest" name="testDurability[711: SANDSTONE_STAIRS]" time="0"/>
  <testcase classname="org.bukkit.PerMaterialTest" name="testBlockHardness[711: SANDSTONE_STAIRS]" time="0"/>
  <testcase classname="org.bukkit.PerMaterialTest" name="maxStackSize[711: SANDSTONE_STAIRS]" time="0"/>
  <testcase classname="org.bukkit.PerMaterialTest" name="isTransparent[711: SANDSTONE_STAIRS]" time="0"/>
  <testcase classname="org.bukkit.PerMaterialTest" name="testBlockDataCreation[711: SANDSTONE_STAIRS]" time="0"/>
  <testcase classname="org.bukkit.PerMaterialTest" name="isBlock[711: SANDSTONE_STAIRS]" time="0"/>
  <testcase classname="org.bukkit.PerMaterialTest" name="isSolid[711: SANDSTONE_STAIRS]" time="0"/>
  <testcase classname="org.bukkit.PerMaterialTest" name="hasGravity[712: SCUTE]" time="0"/>
  <testcase classname="org.bukkit.PerMaterialTest" name="isBurnable[712: SCUTE]" time="0"/>
  <testcase classname="org.bukkit.PerMaterialTest" name="testInteractable[712: SCUTE]" time="0"/>
  <testcase classname="org.bukkit.PerMaterialTest" name="testBlock[712: SCUTE]" time="0"/>
  <testcase classname="org.bukkit.PerMaterialTest" name="isFuel[712: SCUTE]" time="0"/>
  <testcase classname="org.bukkit.PerMaterialTest" name="testItem[712: SCUTE]" time="0"/>
  <testcase classname="org.bukkit.PerMaterialTest" name="testBlastResistance[712: SCUTE]" time="0"/>
  <testcase classname="org.bukkit.PerMaterialTest" name="isEdible[712: SCUTE]" time="0"/>
  <testcase classname="org.bukkit.PerMaterialTest" name="maxDurability[712: SCUTE]" time="0"/>
  <testcase classname="org.bukkit.PerMaterialTest" name="usesDurability[712: SCUTE]" time="0"/>
  <testcase classname="org.bukkit.PerMaterialTest" name="isOccluding[712: SCUTE]" time="0"/>
  <testcase classname="org.bukkit.PerMaterialTest" name="isRecord[712: SCUTE]" time="0"/>
  <testcase classname="org.bukkit.PerMaterialTest" name="isFlammable[712: SCUTE]" time="0"/>
  <testcase classname="org.bukkit.PerMaterialTest" name="testDurability[712: SCUTE]" time="0"/>
  <testcase classname="org.bukkit.PerMaterialTest" name="testBlockHardness[712: SCUTE]" time="0"/>
  <testcase classname="org.bukkit.PerMaterialTest" name="maxStackSize[712: SCUTE]" time="0"/>
  <testcase classname="org.bukkit.PerMaterialTest" name="isTransparent[712: SCUTE]" time="0"/>
  <testcase classname="org.bukkit.PerMaterialTest" name="testBlockDataCreation[712: SCUTE]" time="0"/>
  <testcase classname="org.bukkit.PerMaterialTest" name="isBlock[712: SCUTE]" time="0"/>
  <testcase classname="org.bukkit.PerMaterialTest" name="isSolid[712: SCUTE]" time="0"/>
  <testcase classname="org.bukkit.PerMaterialTest" name="hasGravity[713: SEAGRASS]" time="0"/>
  <testcase classname="org.bukkit.PerMaterialTest" name="isBurnable[713: SEAGRASS]" time="0"/>
  <testcase classname="org.bukkit.PerMaterialTest" name="testInteractable[713: SEAGRASS]" time="0"/>
  <testcase classname="org.bukkit.PerMaterialTest" name="testBlock[713: SEAGRASS]" time="0"/>
  <testcase classname="org.bukkit.PerMaterialTest" name="isFuel[713: SEAGRASS]" time="0"/>
  <testcase classname="org.bukkit.PerMaterialTest" name="testItem[713: SEAGRASS]" time="0"/>
  <testcase classname="org.bukkit.PerMaterialTest" name="testBlastResistance[713: SEAGRASS]" time="0"/>
  <testcase classname="org.bukkit.PerMaterialTest" name="isEdible[713: SEAGRASS]" time="0"/>
  <testcase classname="org.bukkit.PerMaterialTest" name="maxDurability[713: SEAGRASS]" time="0"/>
  <testcase classname="org.bukkit.PerMaterialTest" name="usesDurability[713: SEAGRASS]" time="0"/>
  <testcase classname="org.bukkit.PerMaterialTest" name="isOccluding[713: SEAGRASS]" time="0.001"/>
  <testcase classname="org.bukkit.PerMaterialTest" name="isRecord[713: SEAGRASS]" time="0"/>
  <testcase classname="org.bukkit.PerMaterialTest" name="isFlammable[713: SEAGRASS]" time="0"/>
  <testcase classname="org.bukkit.PerMaterialTest" name="testDurability[713: SEAGRASS]" time="0"/>
  <testcase classname="org.bukkit.PerMaterialTest" name="testBlockHardness[713: SEAGRASS]" time="0"/>
  <testcase classname="org.bukkit.PerMaterialTest" name="maxStackSize[713: SEAGRASS]" time="0"/>
  <testcase classname="org.bukkit.PerMaterialTest" name="isTransparent[713: SEAGRASS]" time="0"/>
  <testcase classname="org.bukkit.PerMaterialTest" name="testBlockDataCreation[713: SEAGRASS]" time="0.001"/>
  <testcase classname="org.bukkit.PerMaterialTest" name="isBlock[713: SEAGRASS]" time="0"/>
  <testcase classname="org.bukkit.PerMaterialTest" name="isSolid[713: SEAGRASS]" time="0"/>
  <testcase classname="org.bukkit.PerMaterialTest" name="hasGravity[714: SEA_LANTERN]" time="0"/>
  <testcase classname="org.bukkit.PerMaterialTest" name="isBurnable[714: SEA_LANTERN]" time="0"/>
  <testcase classname="org.bukkit.PerMaterialTest" name="testInteractable[714: SEA_LANTERN]" time="0"/>
  <testcase classname="org.bukkit.PerMaterialTest" name="testBlock[714: SEA_LANTERN]" time="0.001"/>
  <testcase classname="org.bukkit.PerMaterialTest" name="isFuel[714: SEA_LANTERN]" time="0"/>
  <testcase classname="org.bukkit.PerMaterialTest" name="testItem[714: SEA_LANTERN]" time="0"/>
  <testcase classname="org.bukkit.PerMaterialTest" name="testBlastResistance[714: SEA_LANTERN]" time="0"/>
  <testcase classname="org.bukkit.PerMaterialTest" name="isEdible[714: SEA_LANTERN]" time="0"/>
  <testcase classname="org.bukkit.PerMaterialTest" name="maxDurability[714: SEA_LANTERN]" time="0"/>
  <testcase classname="org.bukkit.PerMaterialTest" name="usesDurability[714: SEA_LANTERN]" time="0"/>
  <testcase classname="org.bukkit.PerMaterialTest" name="isOccluding[714: SEA_LANTERN]" time="0"/>
  <testcase classname="org.bukkit.PerMaterialTest" name="isRecord[714: SEA_LANTERN]" time="0"/>
  <testcase classname="org.bukkit.PerMaterialTest" name="isFlammable[714: SEA_LANTERN]" time="0"/>
  <testcase classname="org.bukkit.PerMaterialTest" name="testDurability[714: SEA_LANTERN]" time="0"/>
  <testcase classname="org.bukkit.PerMaterialTest" name="testBlockHardness[714: SEA_LANTERN]" time="0"/>
  <testcase classname="org.bukkit.PerMaterialTest" name="maxStackSize[714: SEA_LANTERN]" time="0"/>
  <testcase classname="org.bukkit.PerMaterialTest" name="isTransparent[714: SEA_LANTERN]" time="0"/>
  <testcase classname="org.bukkit.PerMaterialTest" name="testBlockDataCreation[714: SEA_LANTERN]" time="0"/>
  <testcase classname="org.bukkit.PerMaterialTest" name="isBlock[714: SEA_LANTERN]" time="0"/>
  <testcase classname="org.bukkit.PerMaterialTest" name="isSolid[714: SEA_LANTERN]" time="0"/>
  <testcase classname="org.bukkit.PerMaterialTest" name="hasGravity[715: SEA_PICKLE]" time="0"/>
  <testcase classname="org.bukkit.PerMaterialTest" name="isBurnable[715: SEA_PICKLE]" time="0"/>
  <testcase classname="org.bukkit.PerMaterialTest" name="testInteractable[715: SEA_PICKLE]" time="0.001"/>
  <testcase classname="org.bukkit.PerMaterialTest" name="testBlock[715: SEA_PICKLE]" time="0"/>
  <testcase classname="org.bukkit.PerMaterialTest" name="isFuel[715: SEA_PICKLE]" time="0"/>
  <testcase classname="org.bukkit.PerMaterialTest" name="testItem[715: SEA_PICKLE]" time="0"/>
  <testcase classname="org.bukkit.PerMaterialTest" name="testBlastResistance[715: SEA_PICKLE]" time="0"/>
  <testcase classname="org.bukkit.PerMaterialTest" name="isEdible[715: SEA_PICKLE]" time="0"/>
  <testcase classname="org.bukkit.PerMaterialTest" name="maxDurability[715: SEA_PICKLE]" time="0"/>
  <testcase classname="org.bukkit.PerMaterialTest" name="usesDurability[715: SEA_PICKLE]" time="0"/>
  <testcase classname="org.bukkit.PerMaterialTest" name="isOccluding[715: SEA_PICKLE]" time="0"/>
  <testcase classname="org.bukkit.PerMaterialTest" name="isRecord[715: SEA_PICKLE]" time="0"/>
  <testcase classname="org.bukkit.PerMaterialTest" name="isFlammable[715: SEA_PICKLE]" time="0"/>
  <testcase classname="org.bukkit.PerMaterialTest" name="testDurability[715: SEA_PICKLE]" time="0"/>
  <testcase classname="org.bukkit.PerMaterialTest" name="testBlockHardness[715: SEA_PICKLE]" time="0"/>
  <testcase classname="org.bukkit.PerMaterialTest" name="maxStackSize[715: SEA_PICKLE]" time="0.001"/>
  <testcase classname="org.bukkit.PerMaterialTest" name="isTransparent[715: SEA_PICKLE]" time="0"/>
  <testcase classname="org.bukkit.PerMaterialTest" name="testBlockDataCreation[715: SEA_PICKLE]" time="0"/>
  <testcase classname="org.bukkit.PerMaterialTest" name="isBlock[715: SEA_PICKLE]" time="0"/>
  <testcase classname="org.bukkit.PerMaterialTest" name="isSolid[715: SEA_PICKLE]" time="0"/>
  <testcase classname="org.bukkit.PerMaterialTest" name="hasGravity[716: SHEARS]" time="0"/>
  <testcase classname="org.bukkit.PerMaterialTest" name="isBurnable[716: SHEARS]" time="0"/>
  <testcase classname="org.bukkit.PerMaterialTest" name="testInteractable[716: SHEARS]" time="0"/>
  <testcase classname="org.bukkit.PerMaterialTest" name="testBlock[716: SHEARS]" time="0.001"/>
  <testcase classname="org.bukkit.PerMaterialTest" name="isFuel[716: SHEARS]" time="0"/>
  <testcase classname="org.bukkit.PerMaterialTest" name="testItem[716: SHEARS]" time="0"/>
  <testcase classname="org.bukkit.PerMaterialTest" name="testBlastResistance[716: SHEARS]" time="0"/>
  <testcase classname="org.bukkit.PerMaterialTest" name="isEdible[716: SHEARS]" time="0"/>
  <testcase classname="org.bukkit.PerMaterialTest" name="maxDurability[716: SHEARS]" time="0"/>
  <testcase classname="org.bukkit.PerMaterialTest" name="usesDurability[716: SHEARS]" time="0"/>
  <testcase classname="org.bukkit.PerMaterialTest" name="isOccluding[716: SHEARS]" time="0"/>
  <testcase classname="org.bukkit.PerMaterialTest" name="isRecord[716: SHEARS]" time="0"/>
  <testcase classname="org.bukkit.PerMaterialTest" name="isFlammable[716: SHEARS]" time="0"/>
  <testcase classname="org.bukkit.PerMaterialTest" name="testDurability[716: SHEARS]" time="0"/>
  <testcase classname="org.bukkit.PerMaterialTest" name="testBlockHardness[716: SHEARS]" time="0"/>
  <testcase classname="org.bukkit.PerMaterialTest" name="maxStackSize[716: SHEARS]" time="0"/>
  <testcase classname="org.bukkit.PerMaterialTest" name="isTransparent[716: SHEARS]" time="0"/>
  <testcase classname="org.bukkit.PerMaterialTest" name="testBlockDataCreation[716: SHEARS]" time="0"/>
  <testcase classname="org.bukkit.PerMaterialTest" name="isBlock[716: SHEARS]" time="0"/>
  <testcase classname="org.bukkit.PerMaterialTest" name="isSolid[716: SHEARS]" time="0"/>
  <testcase classname="org.bukkit.PerMaterialTest" name="hasGravity[717: SHEEP_SPAWN_EGG]" time="0"/>
  <testcase classname="org.bukkit.PerMaterialTest" name="isBurnable[717: SHEEP_SPAWN_EGG]" time="0"/>
  <testcase classname="org.bukkit.PerMaterialTest" name="testInteractable[717: SHEEP_SPAWN_EGG]" time="0"/>
  <testcase classname="org.bukkit.PerMaterialTest" name="testBlock[717: SHEEP_SPAWN_EGG]" time="0"/>
  <testcase classname="org.bukkit.PerMaterialTest" name="isFuel[717: SHEEP_SPAWN_EGG]" time="0.001"/>
  <testcase classname="org.bukkit.PerMaterialTest" name="testItem[717: SHEEP_SPAWN_EGG]" time="0"/>
  <testcase classname="org.bukkit.PerMaterialTest" name="testBlastResistance[717: SHEEP_SPAWN_EGG]" time="0"/>
  <testcase classname="org.bukkit.PerMaterialTest" name="isEdible[717: SHEEP_SPAWN_EGG]" time="0"/>
  <testcase classname="org.bukkit.PerMaterialTest" name="maxDurability[717: SHEEP_SPAWN_EGG]" time="0"/>
  <testcase classname="org.bukkit.PerMaterialTest" name="usesDurability[717: SHEEP_SPAWN_EGG]" time="0"/>
  <testcase classname="org.bukkit.PerMaterialTest" name="isOccluding[717: SHEEP_SPAWN_EGG]" time="0"/>
  <testcase classname="org.bukkit.PerMaterialTest" name="isRecord[717: SHEEP_SPAWN_EGG]" time="0"/>
  <testcase classname="org.bukkit.PerMaterialTest" name="isFlammable[717: SHEEP_SPAWN_EGG]" time="0.001"/>
  <testcase classname="org.bukkit.PerMaterialTest" name="testDurability[717: SHEEP_SPAWN_EGG]" time="0"/>
  <testcase classname="org.bukkit.PerMaterialTest" name="testBlockHardness[717: SHEEP_SPAWN_EGG]" time="0"/>
  <testcase classname="org.bukkit.PerMaterialTest" name="maxStackSize[717: SHEEP_SPAWN_EGG]" time="0"/>
  <testcase classname="org.bukkit.PerMaterialTest" name="isTransparent[717: SHEEP_SPAWN_EGG]" time="0"/>
  <testcase classname="org.bukkit.PerMaterialTest" name="testBlockDataCreation[717: SHEEP_SPAWN_EGG]" time="0"/>
  <testcase classname="org.bukkit.PerMaterialTest" name="isBlock[717: SHEEP_SPAWN_EGG]" time="0"/>
  <testcase classname="org.bukkit.PerMaterialTest" name="isSolid[717: SHEEP_SPAWN_EGG]" time="0"/>
  <testcase classname="org.bukkit.PerMaterialTest" name="hasGravity[718: SHIELD]" time="0"/>
  <testcase classname="org.bukkit.PerMaterialTest" name="isBurnable[718: SHIELD]" time="0"/>
  <testcase classname="org.bukkit.PerMaterialTest" name="testInteractable[718: SHIELD]" time="0"/>
  <testcase classname="org.bukkit.PerMaterialTest" name="testBlock[718: SHIELD]" time="0"/>
  <testcase classname="org.bukkit.PerMaterialTest" name="isFuel[718: SHIELD]" time="0"/>
  <testcase classname="org.bukkit.PerMaterialTest" name="testItem[718: SHIELD]" time="0"/>
  <testcase classname="org.bukkit.PerMaterialTest" name="testBlastResistance[718: SHIELD]" time="0.001"/>
  <testcase classname="org.bukkit.PerMaterialTest" name="isEdible[718: SHIELD]" time="0"/>
  <testcase classname="org.bukkit.PerMaterialTest" name="maxDurability[718: SHIELD]" time="0"/>
  <testcase classname="org.bukkit.PerMaterialTest" name="usesDurability[718: SHIELD]" time="0"/>
  <testcase classname="org.bukkit.PerMaterialTest" name="isOccluding[718: SHIELD]" time="0"/>
  <testcase classname="org.bukkit.PerMaterialTest" name="isRecord[718: SHIELD]" time="0"/>
  <testcase classname="org.bukkit.PerMaterialTest" name="isFlammable[718: SHIELD]" time="0"/>
  <testcase classname="org.bukkit.PerMaterialTest" name="testDurability[718: SHIELD]" time="0"/>
  <testcase classname="org.bukkit.PerMaterialTest" name="testBlockHardness[718: SHIELD]" time="0"/>
  <testcase classname="org.bukkit.PerMaterialTest" name="maxStackSize[718: SHIELD]" time="0"/>
  <testcase classname="org.bukkit.PerMaterialTest" name="isTransparent[718: SHIELD]" time="0"/>
  <testcase classname="org.bukkit.PerMaterialTest" name="testBlockDataCreation[718: SHIELD]" time="0"/>
  <testcase classname="org.bukkit.PerMaterialTest" name="isBlock[718: SHIELD]" time="0"/>
  <testcase classname="org.bukkit.PerMaterialTest" name="isSolid[718: SHIELD]" time="0"/>
  <testcase classname="org.bukkit.PerMaterialTest" name="hasGravity[719: SHULKER_BOX]" time="0"/>
  <testcase classname="org.bukkit.PerMaterialTest" name="isBurnable[719: SHULKER_BOX]" time="0"/>
  <testcase classname="org.bukkit.PerMaterialTest" name="testInteractable[719: SHULKER_BOX]" time="0.001"/>
  <testcase classname="org.bukkit.PerMaterialTest" name="testBlock[719: SHULKER_BOX]" time="0"/>
  <testcase classname="org.bukkit.PerMaterialTest" name="isFuel[719: SHULKER_BOX]" time="0"/>
  <testcase classname="org.bukkit.PerMaterialTest" name="testItem[719: SHULKER_BOX]" time="0"/>
  <testcase classname="org.bukkit.PerMaterialTest" name="testBlastResistance[719: SHULKER_BOX]" time="0"/>
  <testcase classname="org.bukkit.PerMaterialTest" name="isEdible[719: SHULKER_BOX]" time="0"/>
  <testcase classname="org.bukkit.PerMaterialTest" name="maxDurability[719: SHULKER_BOX]" time="0"/>
  <testcase classname="org.bukkit.PerMaterialTest" name="usesDurability[719: SHULKER_BOX]" time="0"/>
  <testcase classname="org.bukkit.PerMaterialTest" name="isOccluding[719: SHULKER_BOX]" time="0"/>
  <testcase classname="org.bukkit.PerMaterialTest" name="isRecord[719: SHULKER_BOX]" time="0"/>
  <testcase classname="org.bukkit.PerMaterialTest" name="isFlammable[719: SHULKER_BOX]" time="0"/>
  <testcase classname="org.bukkit.PerMaterialTest" name="testDurability[719: SHULKER_BOX]" time="0"/>
  <testcase classname="org.bukkit.PerMaterialTest" name="testBlockHardness[719: SHULKER_BOX]" time="0"/>
  <testcase classname="org.bukkit.PerMaterialTest" name="maxStackSize[719: SHULKER_BOX]" time="0"/>
  <testcase classname="org.bukkit.PerMaterialTest" name="isTransparent[719: SHULKER_BOX]" time="0.001"/>
  <testcase classname="org.bukkit.PerMaterialTest" name="testBlockDataCreation[719: SHULKER_BOX]" time="0"/>
  <testcase classname="org.bukkit.PerMaterialTest" name="isBlock[719: SHULKER_BOX]" time="0"/>
  <testcase classname="org.bukkit.PerMaterialTest" name="isSolid[719: SHULKER_BOX]" time="0"/>
  <testcase classname="org.bukkit.PerMaterialTest" name="hasGravity[720: SHULKER_SHELL]" time="0"/>
  <testcase classname="org.bukkit.PerMaterialTest" name="isBurnable[720: SHULKER_SHELL]" time="0"/>
  <testcase classname="org.bukkit.PerMaterialTest" name="testInteractable[720: SHULKER_SHELL]" time="0"/>
  <testcase classname="org.bukkit.PerMaterialTest" name="testBlock[720: SHULKER_SHELL]" time="0"/>
  <testcase classname="org.bukkit.PerMaterialTest" name="isFuel[720: SHULKER_SHELL]" time="0"/>
  <testcase classname="org.bukkit.PerMaterialTest" name="testItem[720: SHULKER_SHELL]" time="0"/>
  <testcase classname="org.bukkit.PerMaterialTest" name="testBlastResistance[720: SHULKER_SHELL]" time="0"/>
  <testcase classname="org.bukkit.PerMaterialTest" name="isEdible[720: SHULKER_SHELL]" time="0"/>
  <testcase classname="org.bukkit.PerMaterialTest" name="maxDurability[720: SHULKER_SHELL]" time="0"/>
  <testcase classname="org.bukkit.PerMaterialTest" name="usesDurability[720: SHULKER_SHELL]" time="0"/>
  <testcase classname="org.bukkit.PerMaterialTest" name="isOccluding[720: SHULKER_SHELL]" time="0.001"/>
  <testcase classname="org.bukkit.PerMaterialTest" name="isRecord[720: SHULKER_SHELL]" time="0"/>
  <testcase classname="org.bukkit.PerMaterialTest" name="isFlammable[720: SHULKER_SHELL]" time="0"/>
  <testcase classname="org.bukkit.PerMaterialTest" name="testDurability[720: SHULKER_SHELL]" time="0"/>
  <testcase classname="org.bukkit.PerMaterialTest" name="testBlockHardness[720: SHULKER_SHELL]" time="0"/>
  <testcase classname="org.bukkit.PerMaterialTest" name="maxStackSize[720: SHULKER_SHELL]" time="0"/>
  <testcase classname="org.bukkit.PerMaterialTest" name="isTransparent[720: SHULKER_SHELL]" time="0"/>
  <testcase classname="org.bukkit.PerMaterialTest" name="testBlockDataCreation[720: SHULKER_SHELL]" time="0"/>
  <testcase classname="org.bukkit.PerMaterialTest" name="isBlock[720: SHULKER_SHELL]" time="0"/>
  <testcase classname="org.bukkit.PerMaterialTest" name="isSolid[720: SHULKER_SHELL]" time="0"/>
  <testcase classname="org.bukkit.PerMaterialTest" name="hasGravity[721: SHULKER_SPAWN_EGG]" time="0"/>
  <testcase classname="org.bukkit.PerMaterialTest" name="isBurnable[721: SHULKER_SPAWN_EGG]" time="0"/>
  <testcase classname="org.bukkit.PerMaterialTest" name="testInteractable[721: SHULKER_SPAWN_EGG]" time="0"/>
  <testcase classname="org.bukkit.PerMaterialTest" name="testBlock[721: SHULKER_SPAWN_EGG]" time="0"/>
  <testcase classname="org.bukkit.PerMaterialTest" name="isFuel[721: SHULKER_SPAWN_EGG]" time="0.001"/>
  <testcase classname="org.bukkit.PerMaterialTest" name="testItem[721: SHULKER_SPAWN_EGG]" time="0"/>
  <testcase classname="org.bukkit.PerMaterialTest" name="testBlastResistance[721: SHULKER_SPAWN_EGG]" time="0"/>
  <testcase classname="org.bukkit.PerMaterialTest" name="isEdible[721: SHULKER_SPAWN_EGG]" time="0"/>
  <testcase classname="org.bukkit.PerMaterialTest" name="maxDurability[721: SHULKER_SPAWN_EGG]" time="0"/>
  <testcase classname="org.bukkit.PerMaterialTest" name="usesDurability[721: SHULKER_SPAWN_EGG]" time="0"/>
  <testcase classname="org.bukkit.PerMaterialTest" name="isOccluding[721: SHULKER_SPAWN_EGG]" time="0"/>
  <testcase classname="org.bukkit.PerMaterialTest" name="isRecord[721: SHULKER_SPAWN_EGG]" time="0"/>
  <testcase classname="org.bukkit.PerMaterialTest" name="isFlammable[721: SHULKER_SPAWN_EGG]" time="0"/>
  <testcase classname="org.bukkit.PerMaterialTest" name="testDurability[721: SHULKER_SPAWN_EGG]" time="0"/>
  <testcase classname="org.bukkit.PerMaterialTest" name="testBlockHardness[721: SHULKER_SPAWN_EGG]" time="0"/>
  <testcase classname="org.bukkit.PerMaterialTest" name="maxStackSize[721: SHULKER_SPAWN_EGG]" time="0"/>
  <testcase classname="org.bukkit.PerMaterialTest" name="isTransparent[721: SHULKER_SPAWN_EGG]" time="0"/>
  <testcase classname="org.bukkit.PerMaterialTest" name="testBlockDataCreation[721: SHULKER_SPAWN_EGG]" time="0"/>
  <testcase classname="org.bukkit.PerMaterialTest" name="isBlock[721: SHULKER_SPAWN_EGG]" time="0"/>
  <testcase classname="org.bukkit.PerMaterialTest" name="isSolid[721: SHULKER_SPAWN_EGG]" time="0"/>
  <testcase classname="org.bukkit.PerMaterialTest" name="hasGravity[722: SIGN]" time="0"/>
  <testcase classname="org.bukkit.PerMaterialTest" name="isBurnable[722: SIGN]" time="0"/>
  <testcase classname="org.bukkit.PerMaterialTest" name="testInteractable[722: SIGN]" time="0"/>
  <testcase classname="org.bukkit.PerMaterialTest" name="testBlock[722: SIGN]" time="0"/>
  <testcase classname="org.bukkit.PerMaterialTest" name="isFuel[722: SIGN]" time="0.001"/>
  <testcase classname="org.bukkit.PerMaterialTest" name="testItem[722: SIGN]" time="0"/>
  <testcase classname="org.bukkit.PerMaterialTest" name="testBlastResistance[722: SIGN]" time="0"/>
  <testcase classname="org.bukkit.PerMaterialTest" name="isEdible[722: SIGN]" time="0"/>
  <testcase classname="org.bukkit.PerMaterialTest" name="maxDurability[722: SIGN]" time="0"/>
  <testcase classname="org.bukkit.PerMaterialTest" name="usesDurability[722: SIGN]" time="0"/>
  <testcase classname="org.bukkit.PerMaterialTest" name="isOccluding[722: SIGN]" time="0"/>
  <testcase classname="org.bukkit.PerMaterialTest" name="isRecord[722: SIGN]" time="0.001"/>
  <testcase classname="org.bukkit.PerMaterialTest" name="isFlammable[722: SIGN]" time="0"/>
  <testcase classname="org.bukkit.PerMaterialTest" name="testDurability[722: SIGN]" time="0"/>
  <testcase classname="org.bukkit.PerMaterialTest" name="testBlockHardness[722: SIGN]" time="0"/>
  <testcase classname="org.bukkit.PerMaterialTest" name="maxStackSize[722: SIGN]" time="0"/>
  <testcase classname="org.bukkit.PerMaterialTest" name="isTransparent[722: SIGN]" time="0"/>
  <testcase classname="org.bukkit.PerMaterialTest" name="testBlockDataCreation[722: SIGN]" time="0"/>
  <testcase classname="org.bukkit.PerMaterialTest" name="isBlock[722: SIGN]" time="0"/>
  <testcase classname="org.bukkit.PerMaterialTest" name="isSolid[722: SIGN]" time="0"/>
  <testcase classname="org.bukkit.PerMaterialTest" name="hasGravity[723: SILVERFISH_SPAWN_EGG]" time="0"/>
  <testcase classname="org.bukkit.PerMaterialTest" name="isBurnable[723: SILVERFISH_SPAWN_EGG]" time="0"/>
  <testcase classname="org.bukkit.PerMaterialTest" name="testInteractable[723: SILVERFISH_SPAWN_EGG]" time="0"/>
  <testcase classname="org.bukkit.PerMaterialTest" name="testBlock[723: SILVERFISH_SPAWN_EGG]" time="0"/>
  <testcase classname="org.bukkit.PerMaterialTest" name="isFuel[723: SILVERFISH_SPAWN_EGG]" time="0"/>
  <testcase classname="org.bukkit.PerMaterialTest" name="testItem[723: SILVERFISH_SPAWN_EGG]" time="0.001"/>
  <testcase classname="org.bukkit.PerMaterialTest" name="testBlastResistance[723: SILVERFISH_SPAWN_EGG]" time="0"/>
  <testcase classname="org.bukkit.PerMaterialTest" name="isEdible[723: SILVERFISH_SPAWN_EGG]" time="0"/>
  <testcase classname="org.bukkit.PerMaterialTest" name="maxDurability[723: SILVERFISH_SPAWN_EGG]" time="0"/>
  <testcase classname="org.bukkit.PerMaterialTest" name="usesDurability[723: SILVERFISH_SPAWN_EGG]" time="0"/>
  <testcase classname="org.bukkit.PerMaterialTest" name="isOccluding[723: SILVERFISH_SPAWN_EGG]" time="0"/>
  <testcase classname="org.bukkit.PerMaterialTest" name="isRecord[723: SILVERFISH_SPAWN_EGG]" time="0"/>
  <testcase classname="org.bukkit.PerMaterialTest" name="isFlammable[723: SILVERFISH_SPAWN_EGG]" time="0"/>
  <testcase classname="org.bukkit.PerMaterialTest" name="testDurability[723: SILVERFISH_SPAWN_EGG]" time="0.001"/>
  <testcase classname="org.bukkit.PerMaterialTest" name="testBlockHardness[723: SILVERFISH_SPAWN_EGG]" time="0"/>
  <testcase classname="org.bukkit.PerMaterialTest" name="maxStackSize[723: SILVERFISH_SPAWN_EGG]" time="0"/>
  <testcase classname="org.bukkit.PerMaterialTest" name="isTransparent[723: SILVERFISH_SPAWN_EGG]" time="0"/>
  <testcase classname="org.bukkit.PerMaterialTest" name="testBlockDataCreation[723: SILVERFISH_SPAWN_EGG]" time="0"/>
  <testcase classname="org.bukkit.PerMaterialTest" name="isBlock[723: SILVERFISH_SPAWN_EGG]" time="0"/>
  <testcase classname="org.bukkit.PerMaterialTest" name="isSolid[723: SILVERFISH_SPAWN_EGG]" time="0"/>
  <testcase classname="org.bukkit.PerMaterialTest" name="hasGravity[724: SKELETON_HORSE_SPAWN_EGG]" time="0.001"/>
  <testcase classname="org.bukkit.PerMaterialTest" name="isBurnable[724: SKELETON_HORSE_SPAWN_EGG]" time="0"/>
  <testcase classname="org.bukkit.PerMaterialTest" name="testInteractable[724: SKELETON_HORSE_SPAWN_EGG]" time="0"/>
  <testcase classname="org.bukkit.PerMaterialTest" name="testBlock[724: SKELETON_HORSE_SPAWN_EGG]" time="0"/>
  <testcase classname="org.bukkit.PerMaterialTest" name="isFuel[724: SKELETON_HORSE_SPAWN_EGG]" time="0"/>
  <testcase classname="org.bukkit.PerMaterialTest" name="testItem[724: SKELETON_HORSE_SPAWN_EGG]" time="0"/>
  <testcase classname="org.bukkit.PerMaterialTest" name="testBlastResistance[724: SKELETON_HORSE_SPAWN_EGG]" time="0"/>
  <testcase classname="org.bukkit.PerMaterialTest" name="isEdible[724: SKELETON_HORSE_SPAWN_EGG]" time="0"/>
  <testcase classname="org.bukkit.PerMaterialTest" name="maxDurability[724: SKELETON_HORSE_SPAWN_EGG]" time="0"/>
  <testcase classname="org.bukkit.PerMaterialTest" name="usesDurability[724: SKELETON_HORSE_SPAWN_EGG]" time="0"/>
  <testcase classname="org.bukkit.PerMaterialTest" name="isOccluding[724: SKELETON_HORSE_SPAWN_EGG]" time="0"/>
  <testcase classname="org.bukkit.PerMaterialTest" name="isRecord[724: SKELETON_HORSE_SPAWN_EGG]" time="0"/>
  <testcase classname="org.bukkit.PerMaterialTest" name="isFlammable[724: SKELETON_HORSE_SPAWN_EGG]" time="0"/>
  <testcase classname="org.bukkit.PerMaterialTest" name="testDurability[724: SKELETON_HORSE_SPAWN_EGG]" time="0"/>
  <testcase classname="org.bukkit.PerMaterialTest" name="testBlockHardness[724: SKELETON_HORSE_SPAWN_EGG]" time="0.001"/>
  <testcase classname="org.bukkit.PerMaterialTest" name="maxStackSize[724: SKELETON_HORSE_SPAWN_EGG]" time="0"/>
  <testcase classname="org.bukkit.PerMaterialTest" name="isTransparent[724: SKELETON_HORSE_SPAWN_EGG]" time="0"/>
  <testcase classname="org.bukkit.PerMaterialTest" name="testBlockDataCreation[724: SKELETON_HORSE_SPAWN_EGG]" time="0"/>
  <testcase classname="org.bukkit.PerMaterialTest" name="isBlock[724: SKELETON_HORSE_SPAWN_EGG]" time="0"/>
  <testcase classname="org.bukkit.PerMaterialTest" name="isSolid[724: SKELETON_HORSE_SPAWN_EGG]" time="0"/>
  <testcase classname="org.bukkit.PerMaterialTest" name="hasGravity[725: SKELETON_SKULL]" time="0"/>
  <testcase classname="org.bukkit.PerMaterialTest" name="isBurnable[725: SKELETON_SKULL]" time="0.001"/>
  <testcase classname="org.bukkit.PerMaterialTest" name="testInteractable[725: SKELETON_SKULL]" time="0"/>
  <testcase classname="org.bukkit.PerMaterialTest" name="testBlock[725: SKELETON_SKULL]" time="0"/>
  <testcase classname="org.bukkit.PerMaterialTest" name="isFuel[725: SKELETON_SKULL]" time="0"/>
  <testcase classname="org.bukkit.PerMaterialTest" name="testItem[725: SKELETON_SKULL]" time="0"/>
  <testcase classname="org.bukkit.PerMaterialTest" name="testBlastResistance[725: SKELETON_SKULL]" time="0"/>
  <testcase classname="org.bukkit.PerMaterialTest" name="isEdible[725: SKELETON_SKULL]" time="0.001"/>
  <testcase classname="org.bukkit.PerMaterialTest" name="maxDurability[725: SKELETON_SKULL]" time="0"/>
  <testcase classname="org.bukkit.PerMaterialTest" name="usesDurability[725: SKELETON_SKULL]" time="0"/>
  <testcase classname="org.bukkit.PerMaterialTest" name="isOccluding[725: SKELETON_SKULL]" time="0"/>
  <testcase classname="org.bukkit.PerMaterialTest" name="isRecord[725: SKELETON_SKULL]" time="0"/>
  <testcase classname="org.bukkit.PerMaterialTest" name="isFlammable[725: SKELETON_SKULL]" time="0.003"/>
  <testcase classname="org.bukkit.PerMaterialTest" name="testDurability[725: SKELETON_SKULL]" time="0"/>
  <testcase classname="org.bukkit.PerMaterialTest" name="testBlockHardness[725: SKELETON_SKULL]" time="0"/>
  <testcase classname="org.bukkit.PerMaterialTest" name="maxStackSize[725: SKELETON_SKULL]" time="0"/>
  <testcase classname="org.bukkit.PerMaterialTest" name="isTransparent[725: SKELETON_SKULL]" time="0"/>
  <testcase classname="org.bukkit.PerMaterialTest" name="testBlockDataCreation[725: SKELETON_SKULL]" time="0"/>
  <testcase classname="org.bukkit.PerMaterialTest" name="isBlock[725: SKELETON_SKULL]" time="0"/>
  <testcase classname="org.bukkit.PerMaterialTest" name="isSolid[725: SKELETON_SKULL]" time="0"/>
  <testcase classname="org.bukkit.PerMaterialTest" name="hasGravity[726: SKELETON_SPAWN_EGG]" time="0"/>
  <testcase classname="org.bukkit.PerMaterialTest" name="isBurnable[726: SKELETON_SPAWN_EGG]" time="0"/>
  <testcase classname="org.bukkit.PerMaterialTest" name="testInteractable[726: SKELETON_SPAWN_EGG]" time="0"/>
  <testcase classname="org.bukkit.PerMaterialTest" name="testBlock[726: SKELETON_SPAWN_EGG]" time="0"/>
  <testcase classname="org.bukkit.PerMaterialTest" name="isFuel[726: SKELETON_SPAWN_EGG]" time="0"/>
  <testcase classname="org.bukkit.PerMaterialTest" name="testItem[726: SKELETON_SPAWN_EGG]" time="0"/>
  <testcase classname="org.bukkit.PerMaterialTest" name="testBlastResistance[726: SKELETON_SPAWN_EGG]" time="0.001"/>
  <testcase classname="org.bukkit.PerMaterialTest" name="isEdible[726: SKELETON_SPAWN_EGG]" time="0"/>
  <testcase classname="org.bukkit.PerMaterialTest" name="maxDurability[726: SKELETON_SPAWN_EGG]" time="0"/>
  <testcase classname="org.bukkit.PerMaterialTest" name="usesDurability[726: SKELETON_SPAWN_EGG]" time="0"/>
  <testcase classname="org.bukkit.PerMaterialTest" name="isOccluding[726: SKELETON_SPAWN_EGG]" time="0"/>
  <testcase classname="org.bukkit.PerMaterialTest" name="isRecord[726: SKELETON_SPAWN_EGG]" time="0"/>
  <testcase classname="org.bukkit.PerMaterialTest" name="isFlammable[726: SKELETON_SPAWN_EGG]" time="0"/>
  <testcase classname="org.bukkit.PerMaterialTest" name="testDurability[726: SKELETON_SPAWN_EGG]" time="0"/>
  <testcase classname="org.bukkit.PerMaterialTest" name="testBlockHardness[726: SKELETON_SPAWN_EGG]" time="0.001"/>
  <testcase classname="org.bukkit.PerMaterialTest" name="maxStackSize[726: SKELETON_SPAWN_EGG]" time="0"/>
  <testcase classname="org.bukkit.PerMaterialTest" name="isTransparent[726: SKELETON_SPAWN_EGG]" time="0"/>
  <testcase classname="org.bukkit.PerMaterialTest" name="testBlockDataCreation[726: SKELETON_SPAWN_EGG]" time="0"/>
  <testcase classname="org.bukkit.PerMaterialTest" name="isBlock[726: SKELETON_SPAWN_EGG]" time="0"/>
  <testcase classname="org.bukkit.PerMaterialTest" name="isSolid[726: SKELETON_SPAWN_EGG]" time="0"/>
  <testcase classname="org.bukkit.PerMaterialTest" name="hasGravity[727: SKELETON_WALL_SKULL]" time="0"/>
  <testcase classname="org.bukkit.PerMaterialTest" name="isBurnable[727: SKELETON_WALL_SKULL]" time="0.001"/>
  <testcase classname="org.bukkit.PerMaterialTest" name="testInteractable[727: SKELETON_WALL_SKULL]" time="0"/>
  <testcase classname="org.bukkit.PerMaterialTest" name="testBlock[727: SKELETON_WALL_SKULL]" time="0"/>
  <testcase classname="org.bukkit.PerMaterialTest" name="isFuel[727: SKELETON_WALL_SKULL]" time="0"/>
  <testcase classname="org.bukkit.PerMaterialTest" name="testItem[727: SKELETON_WALL_SKULL]" time="0"/>
  <testcase classname="org.bukkit.PerMaterialTest" name="testBlastResistance[727: SKELETON_WALL_SKULL]" time="0"/>
  <testcase classname="org.bukkit.PerMaterialTest" name="isEdible[727: SKELETON_WALL_SKULL]" time="0"/>
  <testcase classname="org.bukkit.PerMaterialTest" name="maxDurability[727: SKELETON_WALL_SKULL]" time="0"/>
  <testcase classname="org.bukkit.PerMaterialTest" name="usesDurability[727: SKELETON_WALL_SKULL]" time="0"/>
  <testcase classname="org.bukkit.PerMaterialTest" name="isOccluding[727: SKELETON_WALL_SKULL]" time="0"/>
  <testcase classname="org.bukkit.PerMaterialTest" name="isRecord[727: SKELETON_WALL_SKULL]" time="0"/>
  <testcase classname="org.bukkit.PerMaterialTest" name="isFlammable[727: SKELETON_WALL_SKULL]" time="0"/>
  <testcase classname="org.bukkit.PerMaterialTest" name="testDurability[727: SKELETON_WALL_SKULL]" time="0"/>
  <testcase classname="org.bukkit.PerMaterialTest" name="testBlockHardness[727: SKELETON_WALL_SKULL]" time="0"/>
  <testcase classname="org.bukkit.PerMaterialTest" name="maxStackSize[727: SKELETON_WALL_SKULL]" time="0"/>
  <testcase classname="org.bukkit.PerMaterialTest" name="isTransparent[727: SKELETON_WALL_SKULL]" time="0"/>
  <testcase classname="org.bukkit.PerMaterialTest" name="testBlockDataCreation[727: SKELETON_WALL_SKULL]" time="0"/>
  <testcase classname="org.bukkit.PerMaterialTest" name="isBlock[727: SKELETON_WALL_SKULL]" time="0"/>
  <testcase classname="org.bukkit.PerMaterialTest" name="isSolid[727: SKELETON_WALL_SKULL]" time="0"/>
  <testcase classname="org.bukkit.PerMaterialTest" name="hasGravity[728: SLIME_BALL]" time="0"/>
  <testcase classname="org.bukkit.PerMaterialTest" name="isBurnable[728: SLIME_BALL]" time="0"/>
  <testcase classname="org.bukkit.PerMaterialTest" name="testInteractable[728: SLIME_BALL]" time="0.001"/>
  <testcase classname="org.bukkit.PerMaterialTest" name="testBlock[728: SLIME_BALL]" time="0"/>
  <testcase classname="org.bukkit.PerMaterialTest" name="isFuel[728: SLIME_BALL]" time="0"/>
  <testcase classname="org.bukkit.PerMaterialTest" name="testItem[728: SLIME_BALL]" time="0"/>
  <testcase classname="org.bukkit.PerMaterialTest" name="testBlastResistance[728: SLIME_BALL]" time="0"/>
  <testcase classname="org.bukkit.PerMaterialTest" name="isEdible[728: SLIME_BALL]" time="0"/>
  <testcase classname="org.bukkit.PerMaterialTest" name="maxDurability[728: SLIME_BALL]" time="0"/>
  <testcase classname="org.bukkit.PerMaterialTest" name="usesDurability[728: SLIME_BALL]" time="0"/>
  <testcase classname="org.bukkit.PerMaterialTest" name="isOccluding[728: SLIME_BALL]" time="0"/>
  <testcase classname="org.bukkit.PerMaterialTest" name="isRecord[728: SLIME_BALL]" time="0"/>
  <testcase classname="org.bukkit.PerMaterialTest" name="isFlammable[728: SLIME_BALL]" time="0"/>
  <testcase classname="org.bukkit.PerMaterialTest" name="testDurability[728: SLIME_BALL]" time="0"/>
  <testcase classname="org.bukkit.PerMaterialTest" name="testBlockHardness[728: SLIME_BALL]" time="0"/>
  <testcase classname="org.bukkit.PerMaterialTest" name="maxStackSize[728: SLIME_BALL]" time="0"/>
  <testcase classname="org.bukkit.PerMaterialTest" name="isTransparent[728: SLIME_BALL]" time="0"/>
  <testcase classname="org.bukkit.PerMaterialTest" name="testBlockDataCreation[728: SLIME_BALL]" time="0"/>
  <testcase classname="org.bukkit.PerMaterialTest" name="isBlock[728: SLIME_BALL]" time="0"/>
  <testcase classname="org.bukkit.PerMaterialTest" name="isSolid[728: SLIME_BALL]" time="0"/>
  <testcase classname="org.bukkit.PerMaterialTest" name="hasGravity[729: SLIME_BLOCK]" time="0"/>
  <testcase classname="org.bukkit.PerMaterialTest" name="isBurnable[729: SLIME_BLOCK]" time="0"/>
  <testcase classname="org.bukkit.PerMaterialTest" name="testInteractable[729: SLIME_BLOCK]" time="0"/>
  <testcase classname="org.bukkit.PerMaterialTest" name="testBlock[729: SLIME_BLOCK]" time="0"/>
  <testcase classname="org.bukkit.PerMaterialTest" name="isFuel[729: SLIME_BLOCK]" time="0"/>
  <testcase classname="org.bukkit.PerMaterialTest" name="testItem[729: SLIME_BLOCK]" time="0"/>
  <testcase classname="org.bukkit.PerMaterialTest" name="testBlastResistance[729: SLIME_BLOCK]" time="0"/>
  <testcase classname="org.bukkit.PerMaterialTest" name="isEdible[729: SLIME_BLOCK]" time="0"/>
  <testcase classname="org.bukkit.PerMaterialTest" name="maxDurability[729: SLIME_BLOCK]" time="0"/>
  <testcase classname="org.bukkit.PerMaterialTest" name="usesDurability[729: SLIME_BLOCK]" time="0"/>
  <testcase classname="org.bukkit.PerMaterialTest" name="isOccluding[729: SLIME_BLOCK]" time="0"/>
  <testcase classname="org.bukkit.PerMaterialTest" name="isRecord[729: SLIME_BLOCK]" time="0"/>
  <testcase classname="org.bukkit.PerMaterialTest" name="isFlammable[729: SLIME_BLOCK]" time="0"/>
  <testcase classname="org.bukkit.PerMaterialTest" name="testDurability[729: SLIME_BLOCK]" time="0"/>
  <testcase classname="org.bukkit.PerMaterialTest" name="testBlockHardness[729: SLIME_BLOCK]" time="0"/>
  <testcase classname="org.bukkit.PerMaterialTest" name="maxStackSize[729: SLIME_BLOCK]" time="0"/>
  <testcase classname="org.bukkit.PerMaterialTest" name="isTransparent[729: SLIME_BLOCK]" time="0.001"/>
  <testcase classname="org.bukkit.PerMaterialTest" name="testBlockDataCreation[729: SLIME_BLOCK]" time="0"/>
  <testcase classname="org.bukkit.PerMaterialTest" name="isBlock[729: SLIME_BLOCK]" time="0"/>
  <testcase classname="org.bukkit.PerMaterialTest" name="isSolid[729: SLIME_BLOCK]" time="0"/>
  <testcase classname="org.bukkit.PerMaterialTest" name="hasGravity[730: SLIME_SPAWN_EGG]" time="0"/>
  <testcase classname="org.bukkit.PerMaterialTest" name="isBurnable[730: SLIME_SPAWN_EGG]" time="0"/>
  <testcase classname="org.bukkit.PerMaterialTest" name="testInteractable[730: SLIME_SPAWN_EGG]" time="0"/>
  <testcase classname="org.bukkit.PerMaterialTest" name="testBlock[730: SLIME_SPAWN_EGG]" time="0"/>
  <testcase classname="org.bukkit.PerMaterialTest" name="isFuel[730: SLIME_SPAWN_EGG]" time="0"/>
  <testcase classname="org.bukkit.PerMaterialTest" name="testItem[730: SLIME_SPAWN_EGG]" time="0"/>
  <testcase classname="org.bukkit.PerMaterialTest" name="testBlastResistance[730: SLIME_SPAWN_EGG]" time="0"/>
  <testcase classname="org.bukkit.PerMaterialTest" name="isEdible[730: SLIME_SPAWN_EGG]" time="0"/>
  <testcase classname="org.bukkit.PerMaterialTest" name="maxDurability[730: SLIME_SPAWN_EGG]" time="0"/>
  <testcase classname="org.bukkit.PerMaterialTest" name="usesDurability[730: SLIME_SPAWN_EGG]" time="0"/>
  <testcase classname="org.bukkit.PerMaterialTest" name="isOccluding[730: SLIME_SPAWN_EGG]" time="0"/>
  <testcase classname="org.bukkit.PerMaterialTest" name="isRecord[730: SLIME_SPAWN_EGG]" time="0"/>
  <testcase classname="org.bukkit.PerMaterialTest" name="isFlammable[730: SLIME_SPAWN_EGG]" time="0"/>
  <testcase classname="org.bukkit.PerMaterialTest" name="testDurability[730: SLIME_SPAWN_EGG]" time="0"/>
  <testcase classname="org.bukkit.PerMaterialTest" name="testBlockHardness[730: SLIME_SPAWN_EGG]" time="0"/>
  <testcase classname="org.bukkit.PerMaterialTest" name="maxStackSize[730: SLIME_SPAWN_EGG]" time="0"/>
  <testcase classname="org.bukkit.PerMaterialTest" name="isTransparent[730: SLIME_SPAWN_EGG]" time="0"/>
  <testcase classname="org.bukkit.PerMaterialTest" name="testBlockDataCreation[730: SLIME_SPAWN_EGG]" time="0.001"/>
  <testcase classname="org.bukkit.PerMaterialTest" name="isBlock[730: SLIME_SPAWN_EGG]" time="0"/>
  <testcase classname="org.bukkit.PerMaterialTest" name="isSolid[730: SLIME_SPAWN_EGG]" time="0"/>
  <testcase classname="org.bukkit.PerMaterialTest" name="hasGravity[731: SMOOTH_QUARTZ]" time="0"/>
  <testcase classname="org.bukkit.PerMaterialTest" name="isBurnable[731: SMOOTH_QUARTZ]" time="0"/>
  <testcase classname="org.bukkit.PerMaterialTest" name="testInteractable[731: SMOOTH_QUARTZ]" time="0"/>
  <testcase classname="org.bukkit.PerMaterialTest" name="testBlock[731: SMOOTH_QUARTZ]" time="0"/>
  <testcase classname="org.bukkit.PerMaterialTest" name="isFuel[731: SMOOTH_QUARTZ]" time="0"/>
  <testcase classname="org.bukkit.PerMaterialTest" name="testItem[731: SMOOTH_QUARTZ]" time="0"/>
  <testcase classname="org.bukkit.PerMaterialTest" name="testBlastResistance[731: SMOOTH_QUARTZ]" time="0"/>
  <testcase classname="org.bukkit.PerMaterialTest" name="isEdible[731: SMOOTH_QUARTZ]" time="0"/>
  <testcase classname="org.bukkit.PerMaterialTest" name="maxDurability[731: SMOOTH_QUARTZ]" time="0"/>
  <testcase classname="org.bukkit.PerMaterialTest" name="usesDurability[731: SMOOTH_QUARTZ]" time="0"/>
  <testcase classname="org.bukkit.PerMaterialTest" name="isOccluding[731: SMOOTH_QUARTZ]" time="0.001"/>
  <testcase classname="org.bukkit.PerMaterialTest" name="isRecord[731: SMOOTH_QUARTZ]" time="0"/>
  <testcase classname="org.bukkit.PerMaterialTest" name="isFlammable[731: SMOOTH_QUARTZ]" time="0"/>
  <testcase classname="org.bukkit.PerMaterialTest" name="testDurability[731: SMOOTH_QUARTZ]" time="0"/>
  <testcase classname="org.bukkit.PerMaterialTest" name="testBlockHardness[731: SMOOTH_QUARTZ]" time="0"/>
  <testcase classname="org.bukkit.PerMaterialTest" name="maxStackSize[731: SMOOTH_QUARTZ]" time="0"/>
  <testcase classname="org.bukkit.PerMaterialTest" name="isTransparent[731: SMOOTH_QUARTZ]" time="0"/>
  <testcase classname="org.bukkit.PerMaterialTest" name="testBlockDataCreation[731: SMOOTH_QUARTZ]" time="0.001"/>
  <testcase classname="org.bukkit.PerMaterialTest" name="isBlock[731: SMOOTH_QUARTZ]" time="0"/>
  <testcase classname="org.bukkit.PerMaterialTest" name="isSolid[731: SMOOTH_QUARTZ]" time="0"/>
  <testcase classname="org.bukkit.PerMaterialTest" name="hasGravity[732: SMOOTH_RED_SANDSTONE]" time="0"/>
  <testcase classname="org.bukkit.PerMaterialTest" name="isBurnable[732: SMOOTH_RED_SANDSTONE]" time="0"/>
  <testcase classname="org.bukkit.PerMaterialTest" name="testInteractable[732: SMOOTH_RED_SANDSTONE]" time="0"/>
  <testcase classname="org.bukkit.PerMaterialTest" name="testBlock[732: SMOOTH_RED_SANDSTONE]" time="0"/>
  <testcase classname="org.bukkit.PerMaterialTest" name="isFuel[732: SMOOTH_RED_SANDSTONE]" time="0.001"/>
  <testcase classname="org.bukkit.PerMaterialTest" name="testItem[732: SMOOTH_RED_SANDSTONE]" time="0"/>
  <testcase classname="org.bukkit.PerMaterialTest" name="testBlastResistance[732: SMOOTH_RED_SANDSTONE]" time="0"/>
  <testcase classname="org.bukkit.PerMaterialTest" name="isEdible[732: SMOOTH_RED_SANDSTONE]" time="0"/>
  <testcase classname="org.bukkit.PerMaterialTest" name="maxDurability[732: SMOOTH_RED_SANDSTONE]" time="0"/>
  <testcase classname="org.bukkit.PerMaterialTest" name="usesDurability[732: SMOOTH_RED_SANDSTONE]" time="0"/>
  <testcase classname="org.bukkit.PerMaterialTest" name="isOccluding[732: SMOOTH_RED_SANDSTONE]" time="0.001"/>
  <testcase classname="org.bukkit.PerMaterialTest" name="isRecord[732: SMOOTH_RED_SANDSTONE]" time="0"/>
  <testcase classname="org.bukkit.PerMaterialTest" name="isFlammable[732: SMOOTH_RED_SANDSTONE]" time="0"/>
  <testcase classname="org.bukkit.PerMaterialTest" name="testDurability[732: SMOOTH_RED_SANDSTONE]" time="0"/>
  <testcase classname="org.bukkit.PerMaterialTest" name="testBlockHardness[732: SMOOTH_RED_SANDSTONE]" time="0"/>
  <testcase classname="org.bukkit.PerMaterialTest" name="maxStackSize[732: SMOOTH_RED_SANDSTONE]" time="0"/>
  <testcase classname="org.bukkit.PerMaterialTest" name="isTransparent[732: SMOOTH_RED_SANDSTONE]" time="0"/>
  <testcase classname="org.bukkit.PerMaterialTest" name="testBlockDataCreation[732: SMOOTH_RED_SANDSTONE]" time="0.001"/>
  <testcase classname="org.bukkit.PerMaterialTest" name="isBlock[732: SMOOTH_RED_SANDSTONE]" time="0"/>
  <testcase classname="org.bukkit.PerMaterialTest" name="isSolid[732: SMOOTH_RED_SANDSTONE]" time="0"/>
  <testcase classname="org.bukkit.PerMaterialTest" name="hasGravity[733: SMOOTH_SANDSTONE]" time="0"/>
  <testcase classname="org.bukkit.PerMaterialTest" name="isBurnable[733: SMOOTH_SANDSTONE]" time="0"/>
  <testcase classname="org.bukkit.PerMaterialTest" name="testInteractable[733: SMOOTH_SANDSTONE]" time="0"/>
  <testcase classname="org.bukkit.PerMaterialTest" name="testBlock[733: SMOOTH_SANDSTONE]" time="0"/>
  <testcase classname="org.bukkit.PerMaterialTest" name="isFuel[733: SMOOTH_SANDSTONE]" time="0.001"/>
  <testcase classname="org.bukkit.PerMaterialTest" name="testItem[733: SMOOTH_SANDSTONE]" time="0"/>
  <testcase classname="org.bukkit.PerMaterialTest" name="testBlastResistance[733: SMOOTH_SANDSTONE]" time="0"/>
  <testcase classname="org.bukkit.PerMaterialTest" name="isEdible[733: SMOOTH_SANDSTONE]" time="0"/>
  <testcase classname="org.bukkit.PerMaterialTest" name="maxDurability[733: SMOOTH_SANDSTONE]" time="0"/>
  <testcase classname="org.bukkit.PerMaterialTest" name="usesDurability[733: SMOOTH_SANDSTONE]" time="0"/>
  <testcase classname="org.bukkit.PerMaterialTest" name="isOccluding[733: SMOOTH_SANDSTONE]" time="0"/>
  <testcase classname="org.bukkit.PerMaterialTest" name="isRecord[733: SMOOTH_SANDSTONE]" time="0"/>
  <testcase classname="org.bukkit.PerMaterialTest" name="isFlammable[733: SMOOTH_SANDSTONE]" time="0"/>
  <testcase classname="org.bukkit.PerMaterialTest" name="testDurability[733: SMOOTH_SANDSTONE]" time="0"/>
  <testcase classname="org.bukkit.PerMaterialTest" name="testBlockHardness[733: SMOOTH_SANDSTONE]" time="0"/>
  <testcase classname="org.bukkit.PerMaterialTest" name="maxStackSize[733: SMOOTH_SANDSTONE]" time="0"/>
  <testcase classname="org.bukkit.PerMaterialTest" name="isTransparent[733: SMOOTH_SANDSTONE]" time="0"/>
  <testcase classname="org.bukkit.PerMaterialTest" name="testBlockDataCreation[733: SMOOTH_SANDSTONE]" time="0"/>
  <testcase classname="org.bukkit.PerMaterialTest" name="isBlock[733: SMOOTH_SANDSTONE]" time="0"/>
  <testcase classname="org.bukkit.PerMaterialTest" name="isSolid[733: SMOOTH_SANDSTONE]" time="0"/>
  <testcase classname="org.bukkit.PerMaterialTest" name="hasGravity[734: SMOOTH_STONE]" time="0"/>
  <testcase classname="org.bukkit.PerMaterialTest" name="isBurnable[734: SMOOTH_STONE]" time="0"/>
  <testcase classname="org.bukkit.PerMaterialTest" name="testInteractable[734: SMOOTH_STONE]" time="0"/>
  <testcase classname="org.bukkit.PerMaterialTest" name="testBlock[734: SMOOTH_STONE]" time="0"/>
  <testcase classname="org.bukkit.PerMaterialTest" name="isFuel[734: SMOOTH_STONE]" time="0.001"/>
  <testcase classname="org.bukkit.PerMaterialTest" name="testItem[734: SMOOTH_STONE]" time="0"/>
  <testcase classname="org.bukkit.PerMaterialTest" name="testBlastResistance[734: SMOOTH_STONE]" time="0"/>
  <testcase classname="org.bukkit.PerMaterialTest" name="isEdible[734: SMOOTH_STONE]" time="0"/>
  <testcase classname="org.bukkit.PerMaterialTest" name="maxDurability[734: SMOOTH_STONE]" time="0"/>
  <testcase classname="org.bukkit.PerMaterialTest" name="usesDurability[734: SMOOTH_STONE]" time="0"/>
  <testcase classname="org.bukkit.PerMaterialTest" name="isOccluding[734: SMOOTH_STONE]" time="0.001"/>
  <testcase classname="org.bukkit.PerMaterialTest" name="isRecord[734: SMOOTH_STONE]" time="0"/>
  <testcase classname="org.bukkit.PerMaterialTest" name="isFlammable[734: SMOOTH_STONE]" time="0"/>
  <testcase classname="org.bukkit.PerMaterialTest" name="testDurability[734: SMOOTH_STONE]" time="0"/>
  <testcase classname="org.bukkit.PerMaterialTest" name="testBlockHardness[734: SMOOTH_STONE]" time="0"/>
  <testcase classname="org.bukkit.PerMaterialTest" name="maxStackSize[734: SMOOTH_STONE]" time="0"/>
  <testcase classname="org.bukkit.PerMaterialTest" name="isTransparent[734: SMOOTH_STONE]" time="0"/>
  <testcase classname="org.bukkit.PerMaterialTest" name="testBlockDataCreation[734: SMOOTH_STONE]" time="0.001"/>
  <testcase classname="org.bukkit.PerMaterialTest" name="isBlock[734: SMOOTH_STONE]" time="0"/>
  <testcase classname="org.bukkit.PerMaterialTest" name="isSolid[734: SMOOTH_STONE]" time="0"/>
  <testcase classname="org.bukkit.PerMaterialTest" name="hasGravity[735: SNOW]" time="0"/>
  <testcase classname="org.bukkit.PerMaterialTest" name="isBurnable[735: SNOW]" time="0"/>
  <testcase classname="org.bukkit.PerMaterialTest" name="testInteractable[735: SNOW]" time="0.001"/>
  <testcase classname="org.bukkit.PerMaterialTest" name="testBlock[735: SNOW]" time="0"/>
  <testcase classname="org.bukkit.PerMaterialTest" name="isFuel[735: SNOW]" time="0"/>
  <testcase classname="org.bukkit.PerMaterialTest" name="testItem[735: SNOW]" time="0"/>
  <testcase classname="org.bukkit.PerMaterialTest" name="testBlastResistance[735: SNOW]" time="0"/>
  <testcase classname="org.bukkit.PerMaterialTest" name="isEdible[735: SNOW]" time="0"/>
  <testcase classname="org.bukkit.PerMaterialTest" name="maxDurability[735: SNOW]" time="0"/>
  <testcase classname="org.bukkit.PerMaterialTest" name="usesDurability[735: SNOW]" time="0"/>
  <testcase classname="org.bukkit.PerMaterialTest" name="isOccluding[735: SNOW]" time="0"/>
  <testcase classname="org.bukkit.PerMaterialTest" name="isRecord[735: SNOW]" time="0"/>
  <testcase classname="org.bukkit.PerMaterialTest" name="isFlammable[735: SNOW]" time="0"/>
  <testcase classname="org.bukkit.PerMaterialTest" name="testDurability[735: SNOW]" time="0"/>
  <testcase classname="org.bukkit.PerMaterialTest" name="testBlockHardness[735: SNOW]" time="0"/>
  <testcase classname="org.bukkit.PerMaterialTest" name="maxStackSize[735: SNOW]" time="0"/>
  <testcase classname="org.bukkit.PerMaterialTest" name="isTransparent[735: SNOW]" time="0.001"/>
  <testcase classname="org.bukkit.PerMaterialTest" name="testBlockDataCreation[735: SNOW]" time="0"/>
  <testcase classname="org.bukkit.PerMaterialTest" name="isBlock[735: SNOW]" time="0"/>
  <testcase classname="org.bukkit.PerMaterialTest" name="isSolid[735: SNOW]" time="0"/>
  <testcase classname="org.bukkit.PerMaterialTest" name="hasGravity[736: SNOWBALL]" time="0"/>
  <testcase classname="org.bukkit.PerMaterialTest" name="isBurnable[736: SNOWBALL]" time="0"/>
  <testcase classname="org.bukkit.PerMaterialTest" name="testInteractable[736: SNOWBALL]" time="0"/>
  <testcase classname="org.bukkit.PerMaterialTest" name="testBlock[736: SNOWBALL]" time="0"/>
  <testcase classname="org.bukkit.PerMaterialTest" name="isFuel[736: SNOWBALL]" time="0.001"/>
  <testcase classname="org.bukkit.PerMaterialTest" name="testItem[736: SNOWBALL]" time="0"/>
  <testcase classname="org.bukkit.PerMaterialTest" name="testBlastResistance[736: SNOWBALL]" time="0"/>
  <testcase classname="org.bukkit.PerMaterialTest" name="isEdible[736: SNOWBALL]" time="0"/>
  <testcase classname="org.bukkit.PerMaterialTest" name="maxDurability[736: SNOWBALL]" time="0"/>
  <testcase classname="org.bukkit.PerMaterialTest" name="usesDurability[736: SNOWBALL]" time="0"/>
  <testcase classname="org.bukkit.PerMaterialTest" name="isOccluding[736: SNOWBALL]" time="0"/>
  <testcase classname="org.bukkit.PerMaterialTest" name="isRecord[736: SNOWBALL]" time="0"/>
  <testcase classname="org.bukkit.PerMaterialTest" name="isFlammable[736: SNOWBALL]" time="0"/>
  <testcase classname="org.bukkit.PerMaterialTest" name="testDurability[736: SNOWBALL]" time="0"/>
  <testcase classname="org.bukkit.PerMaterialTest" name="testBlockHardness[736: SNOWBALL]" time="0"/>
  <testcase classname="org.bukkit.PerMaterialTest" name="maxStackSize[736: SNOWBALL]" time="0"/>
  <testcase classname="org.bukkit.PerMaterialTest" name="isTransparent[736: SNOWBALL]" time="0"/>
  <testcase classname="org.bukkit.PerMaterialTest" name="testBlockDataCreation[736: SNOWBALL]" time="0"/>
  <testcase classname="org.bukkit.PerMaterialTest" name="isBlock[736: SNOWBALL]" time="0"/>
  <testcase classname="org.bukkit.PerMaterialTest" name="isSolid[736: SNOWBALL]" time="0"/>
  <testcase classname="org.bukkit.PerMaterialTest" name="hasGravity[737: SNOW_BLOCK]" time="0"/>
  <testcase classname="org.bukkit.PerMaterialTest" name="isBurnable[737: SNOW_BLOCK]" time="0"/>
  <testcase classname="org.bukkit.PerMaterialTest" name="testInteractable[737: SNOW_BLOCK]" time="0"/>
  <testcase classname="org.bukkit.PerMaterialTest" name="testBlock[737: SNOW_BLOCK]" time="0"/>
  <testcase classname="org.bukkit.PerMaterialTest" name="isFuel[737: SNOW_BLOCK]" time="0.001"/>
  <testcase classname="org.bukkit.PerMaterialTest" name="testItem[737: SNOW_BLOCK]" time="0"/>
  <testcase classname="org.bukkit.PerMaterialTest" name="testBlastResistance[737: SNOW_BLOCK]" time="0"/>
  <testcase classname="org.bukkit.PerMaterialTest" name="isEdible[737: SNOW_BLOCK]" time="0"/>
  <testcase classname="org.bukkit.PerMaterialTest" name="maxDurability[737: SNOW_BLOCK]" time="0"/>
  <testcase classname="org.bukkit.PerMaterialTest" name="usesDurability[737: SNOW_BLOCK]" time="0"/>
  <testcase classname="org.bukkit.PerMaterialTest" name="isOccluding[737: SNOW_BLOCK]" time="0"/>
  <testcase classname="org.bukkit.PerMaterialTest" name="isRecord[737: SNOW_BLOCK]" time="0"/>
  <testcase classname="org.bukkit.PerMaterialTest" name="isFlammable[737: SNOW_BLOCK]" time="0"/>
  <testcase classname="org.bukkit.PerMaterialTest" name="testDurability[737: SNOW_BLOCK]" time="0"/>
  <testcase classname="org.bukkit.PerMaterialTest" name="testBlockHardness[737: SNOW_BLOCK]" time="0"/>
  <testcase classname="org.bukkit.PerMaterialTest" name="maxStackSize[737: SNOW_BLOCK]" time="0"/>
  <testcase classname="org.bukkit.PerMaterialTest" name="isTransparent[737: SNOW_BLOCK]" time="0"/>
  <testcase classname="org.bukkit.PerMaterialTest" name="testBlockDataCreation[737: SNOW_BLOCK]" time="0"/>
  <testcase classname="org.bukkit.PerMaterialTest" name="isBlock[737: SNOW_BLOCK]" time="0"/>
  <testcase classname="org.bukkit.PerMaterialTest" name="isSolid[737: SNOW_BLOCK]" time="0"/>
  <testcase classname="org.bukkit.PerMaterialTest" name="hasGravity[738: SOUL_SAND]" time="0"/>
  <testcase classname="org.bukkit.PerMaterialTest" name="isBurnable[738: SOUL_SAND]" time="0"/>
  <testcase classname="org.bukkit.PerMaterialTest" name="testInteractable[738: SOUL_SAND]" time="0"/>
  <testcase classname="org.bukkit.PerMaterialTest" name="testBlock[738: SOUL_SAND]" time="0"/>
  <testcase classname="org.bukkit.PerMaterialTest" name="isFuel[738: SOUL_SAND]" time="0"/>
  <testcase classname="org.bukkit.PerMaterialTest" name="testItem[738: SOUL_SAND]" time="0"/>
  <testcase classname="org.bukkit.PerMaterialTest" name="testBlastResistance[738: SOUL_SAND]" time="0"/>
  <testcase classname="org.bukkit.PerMaterialTest" name="isEdible[738: SOUL_SAND]" time="0"/>
  <testcase classname="org.bukkit.PerMaterialTest" name="maxDurability[738: SOUL_SAND]" time="0"/>
  <testcase classname="org.bukkit.PerMaterialTest" name="usesDurability[738: SOUL_SAND]" time="0"/>
  <testcase classname="org.bukkit.PerMaterialTest" name="isOccluding[738: SOUL_SAND]" time="0"/>
  <testcase classname="org.bukkit.PerMaterialTest" name="isRecord[738: SOUL_SAND]" time="0"/>
  <testcase classname="org.bukkit.PerMaterialTest" name="isFlammable[738: SOUL_SAND]" time="0"/>
  <testcase classname="org.bukkit.PerMaterialTest" name="testDurability[738: SOUL_SAND]" time="0"/>
  <testcase classname="org.bukkit.PerMaterialTest" name="testBlockHardness[738: SOUL_SAND]" time="0"/>
  <testcase classname="org.bukkit.PerMaterialTest" name="maxStackSize[738: SOUL_SAND]" time="0"/>
  <testcase classname="org.bukkit.PerMaterialTest" name="isTransparent[738: SOUL_SAND]" time="0"/>
  <testcase classname="org.bukkit.PerMaterialTest" name="testBlockDataCreation[738: SOUL_SAND]" time="0"/>
  <testcase classname="org.bukkit.PerMaterialTest" name="isBlock[738: SOUL_SAND]" time="0"/>
  <testcase classname="org.bukkit.PerMaterialTest" name="isSolid[738: SOUL_SAND]" time="0"/>
  <testcase classname="org.bukkit.PerMaterialTest" name="hasGravity[739: SPAWNER]" time="0"/>
  <testcase classname="org.bukkit.PerMaterialTest" name="isBurnable[739: SPAWNER]" time="0"/>
  <testcase classname="org.bukkit.PerMaterialTest" name="testInteractable[739: SPAWNER]" time="0"/>
  <testcase classname="org.bukkit.PerMaterialTest" name="testBlock[739: SPAWNER]" time="0"/>
  <testcase classname="org.bukkit.PerMaterialTest" name="isFuel[739: SPAWNER]" time="0"/>
  <testcase classname="org.bukkit.PerMaterialTest" name="testItem[739: SPAWNER]" time="0"/>
  <testcase classname="org.bukkit.PerMaterialTest" name="testBlastResistance[739: SPAWNER]" time="0"/>
  <testcase classname="org.bukkit.PerMaterialTest" name="isEdible[739: SPAWNER]" time="0"/>
  <testcase classname="org.bukkit.PerMaterialTest" name="maxDurability[739: SPAWNER]" time="0"/>
  <testcase classname="org.bukkit.PerMaterialTest" name="usesDurability[739: SPAWNER]" time="0"/>
  <testcase classname="org.bukkit.PerMaterialTest" name="isOccluding[739: SPAWNER]" time="0"/>
  <testcase classname="org.bukkit.PerMaterialTest" name="isRecord[739: SPAWNER]" time="0"/>
  <testcase classname="org.bukkit.PerMaterialTest" name="isFlammable[739: SPAWNER]" time="0"/>
  <testcase classname="org.bukkit.PerMaterialTest" name="testDurability[739: SPAWNER]" time="0"/>
  <testcase classname="org.bukkit.PerMaterialTest" name="testBlockHardness[739: SPAWNER]" time="0"/>
  <testcase classname="org.bukkit.PerMaterialTest" name="maxStackSize[739: SPAWNER]" time="0"/>
  <testcase classname="org.bukkit.PerMaterialTest" name="isTransparent[739: SPAWNER]" time="0"/>
  <testcase classname="org.bukkit.PerMaterialTest" name="testBlockDataCreation[739: SPAWNER]" time="0"/>
  <testcase classname="org.bukkit.PerMaterialTest" name="isBlock[739: SPAWNER]" time="0"/>
  <testcase classname="org.bukkit.PerMaterialTest" name="isSolid[739: SPAWNER]" time="0"/>
  <testcase classname="org.bukkit.PerMaterialTest" name="hasGravity[740: SPECTRAL_ARROW]" time="0"/>
  <testcase classname="org.bukkit.PerMaterialTest" name="isBurnable[740: SPECTRAL_ARROW]" time="0"/>
  <testcase classname="org.bukkit.PerMaterialTest" name="testInteractable[740: SPECTRAL_ARROW]" time="0"/>
  <testcase classname="org.bukkit.PerMaterialTest" name="testBlock[740: SPECTRAL_ARROW]" time="0"/>
  <testcase classname="org.bukkit.PerMaterialTest" name="isFuel[740: SPECTRAL_ARROW]" time="0"/>
  <testcase classname="org.bukkit.PerMaterialTest" name="testItem[740: SPECTRAL_ARROW]" time="0"/>
  <testcase classname="org.bukkit.PerMaterialTest" name="testBlastResistance[740: SPECTRAL_ARROW]" time="0"/>
  <testcase classname="org.bukkit.PerMaterialTest" name="isEdible[740: SPECTRAL_ARROW]" time="0"/>
  <testcase classname="org.bukkit.PerMaterialTest" name="maxDurability[740: SPECTRAL_ARROW]" time="0"/>
  <testcase classname="org.bukkit.PerMaterialTest" name="usesDurability[740: SPECTRAL_ARROW]" time="0"/>
  <testcase classname="org.bukkit.PerMaterialTest" name="isOccluding[740: SPECTRAL_ARROW]" time="0"/>
  <testcase classname="org.bukkit.PerMaterialTest" name="isRecord[740: SPECTRAL_ARROW]" time="0"/>
  <testcase classname="org.bukkit.PerMaterialTest" name="isFlammable[740: SPECTRAL_ARROW]" time="0"/>
  <testcase classname="org.bukkit.PerMaterialTest" name="testDurability[740: SPECTRAL_ARROW]" time="0"/>
  <testcase classname="org.bukkit.PerMaterialTest" name="testBlockHardness[740: SPECTRAL_ARROW]" time="0"/>
  <testcase classname="org.bukkit.PerMaterialTest" name="maxStackSize[740: SPECTRAL_ARROW]" time="0"/>
  <testcase classname="org.bukkit.PerMaterialTest" name="isTransparent[740: SPECTRAL_ARROW]" time="0"/>
  <testcase classname="org.bukkit.PerMaterialTest" name="testBlockDataCreation[740: SPECTRAL_ARROW]" time="0.001"/>
  <testcase classname="org.bukkit.PerMaterialTest" name="isBlock[740: SPECTRAL_ARROW]" time="0"/>
  <testcase classname="org.bukkit.PerMaterialTest" name="isSolid[740: SPECTRAL_ARROW]" time="0"/>
  <testcase classname="org.bukkit.PerMaterialTest" name="hasGravity[741: SPIDER_EYE]" time="0"/>
  <testcase classname="org.bukkit.PerMaterialTest" name="isBurnable[741: SPIDER_EYE]" time="0"/>
  <testcase classname="org.bukkit.PerMaterialTest" name="testInteractable[741: SPIDER_EYE]" time="0"/>
  <testcase classname="org.bukkit.PerMaterialTest" name="testBlock[741: SPIDER_EYE]" time="0"/>
  <testcase classname="org.bukkit.PerMaterialTest" name="isFuel[741: SPIDER_EYE]" time="0.001"/>
  <testcase classname="org.bukkit.PerMaterialTest" name="testItem[741: SPIDER_EYE]" time="0"/>
  <testcase classname="org.bukkit.PerMaterialTest" name="testBlastResistance[741: SPIDER_EYE]" time="0"/>
  <testcase classname="org.bukkit.PerMaterialTest" name="isEdible[741: SPIDER_EYE]" time="0"/>
  <testcase classname="org.bukkit.PerMaterialTest" name="maxDurability[741: SPIDER_EYE]" time="0"/>
  <testcase classname="org.bukkit.PerMaterialTest" name="usesDurability[741: SPIDER_EYE]" time="0"/>
  <testcase classname="org.bukkit.PerMaterialTest" name="isOccluding[741: SPIDER_EYE]" time="0"/>
  <testcase classname="org.bukkit.PerMaterialTest" name="isRecord[741: SPIDER_EYE]" time="0"/>
  <testcase classname="org.bukkit.PerMaterialTest" name="isFlammable[741: SPIDER_EYE]" time="0"/>
  <testcase classname="org.bukkit.PerMaterialTest" name="testDurability[741: SPIDER_EYE]" time="0"/>
  <testcase classname="org.bukkit.PerMaterialTest" name="testBlockHardness[741: SPIDER_EYE]" time="0"/>
  <testcase classname="org.bukkit.PerMaterialTest" name="maxStackSize[741: SPIDER_EYE]" time="0"/>
  <testcase classname="org.bukkit.PerMaterialTest" name="isTransparent[741: SPIDER_EYE]" time="0"/>
  <testcase classname="org.bukkit.PerMaterialTest" name="testBlockDataCreation[741: SPIDER_EYE]" time="0"/>
  <testcase classname="org.bukkit.PerMaterialTest" name="isBlock[741: SPIDER_EYE]" time="0"/>
  <testcase classname="org.bukkit.PerMaterialTest" name="isSolid[741: SPIDER_EYE]" time="0"/>
  <testcase classname="org.bukkit.PerMaterialTest" name="hasGravity[742: SPIDER_SPAWN_EGG]" time="0"/>
  <testcase classname="org.bukkit.PerMaterialTest" name="isBurnable[742: SPIDER_SPAWN_EGG]" time="0"/>
  <testcase classname="org.bukkit.PerMaterialTest" name="testInteractable[742: SPIDER_SPAWN_EGG]" time="0"/>
  <testcase classname="org.bukkit.PerMaterialTest" name="testBlock[742: SPIDER_SPAWN_EGG]" time="0"/>
  <testcase classname="org.bukkit.PerMaterialTest" name="isFuel[742: SPIDER_SPAWN_EGG]" time="0"/>
  <testcase classname="org.bukkit.PerMaterialTest" name="testItem[742: SPIDER_SPAWN_EGG]" time="0"/>
  <testcase classname="org.bukkit.PerMaterialTest" name="testBlastResistance[742: SPIDER_SPAWN_EGG]" time="0"/>
  <testcase classname="org.bukkit.PerMaterialTest" name="isEdible[742: SPIDER_SPAWN_EGG]" time="0"/>
  <testcase classname="org.bukkit.PerMaterialTest" name="maxDurability[742: SPIDER_SPAWN_EGG]" time="0"/>
  <testcase classname="org.bukkit.PerMaterialTest" name="usesDurability[742: SPIDER_SPAWN_EGG]" time="0"/>
  <testcase classname="org.bukkit.PerMaterialTest" name="isOccluding[742: SPIDER_SPAWN_EGG]" time="0"/>
  <testcase classname="org.bukkit.PerMaterialTest" name="isRecord[742: SPIDER_SPAWN_EGG]" time="0"/>
  <testcase classname="org.bukkit.PerMaterialTest" name="isFlammable[742: SPIDER_SPAWN_EGG]" time="0"/>
  <testcase classname="org.bukkit.PerMaterialTest" name="testDurability[742: SPIDER_SPAWN_EGG]" time="0"/>
  <testcase classname="org.bukkit.PerMaterialTest" name="testBlockHardness[742: SPIDER_SPAWN_EGG]" time="0"/>
  <testcase classname="org.bukkit.PerMaterialTest" name="maxStackSize[742: SPIDER_SPAWN_EGG]" time="0"/>
  <testcase classname="org.bukkit.PerMaterialTest" name="isTransparent[742: SPIDER_SPAWN_EGG]" time="0"/>
  <testcase classname="org.bukkit.PerMaterialTest" name="testBlockDataCreation[742: SPIDER_SPAWN_EGG]" time="0"/>
  <testcase classname="org.bukkit.PerMaterialTest" name="isBlock[742: SPIDER_SPAWN_EGG]" time="0"/>
  <testcase classname="org.bukkit.PerMaterialTest" name="isSolid[742: SPIDER_SPAWN_EGG]" time="0"/>
  <testcase classname="org.bukkit.PerMaterialTest" name="hasGravity[743: SPLASH_POTION]" time="0"/>
  <testcase classname="org.bukkit.PerMaterialTest" name="isBurnable[743: SPLASH_POTION]" time="0"/>
  <testcase classname="org.bukkit.PerMaterialTest" name="testInteractable[743: SPLASH_POTION]" time="0"/>
  <testcase classname="org.bukkit.PerMaterialTest" name="testBlock[743: SPLASH_POTION]" time="0.003"/>
  <testcase classname="org.bukkit.PerMaterialTest" name="isFuel[743: SPLASH_POTION]" time="0"/>
  <testcase classname="org.bukkit.PerMaterialTest" name="testItem[743: SPLASH_POTION]" time="0"/>
  <testcase classname="org.bukkit.PerMaterialTest" name="testBlastResistance[743: SPLASH_POTION]" time="0"/>
  <testcase classname="org.bukkit.PerMaterialTest" name="isEdible[743: SPLASH_POTION]" time="0"/>
  <testcase classname="org.bukkit.PerMaterialTest" name="maxDurability[743: SPLASH_POTION]" time="0"/>
  <testcase classname="org.bukkit.PerMaterialTest" name="usesDurability[743: SPLASH_POTION]" time="0"/>
  <testcase classname="org.bukkit.PerMaterialTest" name="isOccluding[743: SPLASH_POTION]" time="0"/>
  <testcase classname="org.bukkit.PerMaterialTest" name="isRecord[743: SPLASH_POTION]" time="0"/>
  <testcase classname="org.bukkit.PerMaterialTest" name="isFlammable[743: SPLASH_POTION]" time="0"/>
  <testcase classname="org.bukkit.PerMaterialTest" name="testDurability[743: SPLASH_POTION]" time="0"/>
  <testcase classname="org.bukkit.PerMaterialTest" name="testBlockHardness[743: SPLASH_POTION]" time="0"/>
  <testcase classname="org.bukkit.PerMaterialTest" name="maxStackSize[743: SPLASH_POTION]" time="0"/>
  <testcase classname="org.bukkit.PerMaterialTest" name="isTransparent[743: SPLASH_POTION]" time="0"/>
  <testcase classname="org.bukkit.PerMaterialTest" name="testBlockDataCreation[743: SPLASH_POTION]" time="0"/>
  <testcase classname="org.bukkit.PerMaterialTest" name="isBlock[743: SPLASH_POTION]" time="0"/>
  <testcase classname="org.bukkit.PerMaterialTest" name="isSolid[743: SPLASH_POTION]" time="0"/>
  <testcase classname="org.bukkit.PerMaterialTest" name="hasGravity[744: SPONGE]" time="0.001"/>
  <testcase classname="org.bukkit.PerMaterialTest" name="isBurnable[744: SPONGE]" time="0"/>
  <testcase classname="org.bukkit.PerMaterialTest" name="testInteractable[744: SPONGE]" time="0"/>
  <testcase classname="org.bukkit.PerMaterialTest" name="testBlock[744: SPONGE]" time="0"/>
  <testcase classname="org.bukkit.PerMaterialTest" name="isFuel[744: SPONGE]" time="0"/>
  <testcase classname="org.bukkit.PerMaterialTest" name="testItem[744: SPONGE]" time="0.001"/>
  <testcase classname="org.bukkit.PerMaterialTest" name="testBlastResistance[744: SPONGE]" time="0"/>
  <testcase classname="org.bukkit.PerMaterialTest" name="isEdible[744: SPONGE]" time="0"/>
  <testcase classname="org.bukkit.PerMaterialTest" name="maxDurability[744: SPONGE]" time="0.001"/>
  <testcase classname="org.bukkit.PerMaterialTest" name="usesDurability[744: SPONGE]" time="0"/>
  <testcase classname="org.bukkit.PerMaterialTest" name="isOccluding[744: SPONGE]" time="0"/>
  <testcase classname="org.bukkit.PerMaterialTest" name="isRecord[744: SPONGE]" time="0.001"/>
  <testcase classname="org.bukkit.PerMaterialTest" name="isFlammable[744: SPONGE]" time="0"/>
  <testcase classname="org.bukkit.PerMaterialTest" name="testDurability[744: SPONGE]" time="0"/>
  <testcase classname="org.bukkit.PerMaterialTest" name="testBlockHardness[744: SPONGE]" time="0"/>
  <testcase classname="org.bukkit.PerMaterialTest" name="maxStackSize[744: SPONGE]" time="0"/>
  <testcase classname="org.bukkit.PerMaterialTest" name="isTransparent[744: SPONGE]" time="0"/>
  <testcase classname="org.bukkit.PerMaterialTest" name="testBlockDataCreation[744: SPONGE]" time="0.001"/>
  <testcase classname="org.bukkit.PerMaterialTest" name="isBlock[744: SPONGE]" time="0"/>
  <testcase classname="org.bukkit.PerMaterialTest" name="isSolid[744: SPONGE]" time="0"/>
  <testcase classname="org.bukkit.PerMaterialTest" name="hasGravity[745: SPRUCE_BOAT]" time="0.001"/>
  <testcase classname="org.bukkit.PerMaterialTest" name="isBurnable[745: SPRUCE_BOAT]" time="0"/>
  <testcase classname="org.bukkit.PerMaterialTest" name="testInteractable[745: SPRUCE_BOAT]" time="0"/>
  <testcase classname="org.bukkit.PerMaterialTest" name="testBlock[745: SPRUCE_BOAT]" time="0"/>
  <testcase classname="org.bukkit.PerMaterialTest" name="isFuel[745: SPRUCE_BOAT]" time="0"/>
  <testcase classname="org.bukkit.PerMaterialTest" name="testItem[745: SPRUCE_BOAT]" time="0"/>
  <testcase classname="org.bukkit.PerMaterialTest" name="testBlastResistance[745: SPRUCE_BOAT]" time="0.001"/>
  <testcase classname="org.bukkit.PerMaterialTest" name="isEdible[745: SPRUCE_BOAT]" time="0"/>
  <testcase classname="org.bukkit.PerMaterialTest" name="maxDurability[745: SPRUCE_BOAT]" time="0"/>
  <testcase classname="org.bukkit.PerMaterialTest" name="usesDurability[745: SPRUCE_BOAT]" time="0"/>
  <testcase classname="org.bukkit.PerMaterialTest" name="isOccluding[745: SPRUCE_BOAT]" time="0"/>
  <testcase classname="org.bukkit.PerMaterialTest" name="isRecord[745: SPRUCE_BOAT]" time="0"/>
  <testcase classname="org.bukkit.PerMaterialTest" name="isFlammable[745: SPRUCE_BOAT]" time="0"/>
  <testcase classname="org.bukkit.PerMaterialTest" name="testDurability[745: SPRUCE_BOAT]" time="0"/>
  <testcase classname="org.bukkit.PerMaterialTest" name="testBlockHardness[745: SPRUCE_BOAT]" time="0"/>
  <testcase classname="org.bukkit.PerMaterialTest" name="maxStackSize[745: SPRUCE_BOAT]" time="0"/>
  <testcase classname="org.bukkit.PerMaterialTest" name="isTransparent[745: SPRUCE_BOAT]" time="0"/>
  <testcase classname="org.bukkit.PerMaterialTest" name="testBlockDataCreation[745: SPRUCE_BOAT]" time="0"/>
  <testcase classname="org.bukkit.PerMaterialTest" name="isBlock[745: SPRUCE_BOAT]" time="0"/>
  <testcase classname="org.bukkit.PerMaterialTest" name="isSolid[745: SPRUCE_BOAT]" time="0.001"/>
  <testcase classname="org.bukkit.PerMaterialTest" name="hasGravity[746: SPRUCE_BUTTON]" time="0"/>
  <testcase classname="org.bukkit.PerMaterialTest" name="isBurnable[746: SPRUCE_BUTTON]" time="0"/>
  <testcase classname="org.bukkit.PerMaterialTest" name="testInteractable[746: SPRUCE_BUTTON]" time="0.001"/>
  <testcase classname="org.bukkit.PerMaterialTest" name="testBlock[746: SPRUCE_BUTTON]" time="0"/>
  <testcase classname="org.bukkit.PerMaterialTest" name="isFuel[746: SPRUCE_BUTTON]" time="0"/>
  <testcase classname="org.bukkit.PerMaterialTest" name="testItem[746: SPRUCE_BUTTON]" time="0"/>
  <testcase classname="org.bukkit.PerMaterialTest" name="testBlastResistance[746: SPRUCE_BUTTON]" time="0"/>
  <testcase classname="org.bukkit.PerMaterialTest" name="isEdible[746: SPRUCE_BUTTON]" time="0"/>
  <testcase classname="org.bukkit.PerMaterialTest" name="maxDurability[746: SPRUCE_BUTTON]" time="0"/>
  <testcase classname="org.bukkit.PerMaterialTest" name="usesDurability[746: SPRUCE_BUTTON]" time="0"/>
  <testcase classname="org.bukkit.PerMaterialTest" name="isOccluding[746: SPRUCE_BUTTON]" time="0"/>
  <testcase classname="org.bukkit.PerMaterialTest" name="isRecord[746: SPRUCE_BUTTON]" time="0"/>
  <testcase classname="org.bukkit.PerMaterialTest" name="isFlammable[746: SPRUCE_BUTTON]" time="0"/>
  <testcase classname="org.bukkit.PerMaterialTest" name="testDurability[746: SPRUCE_BUTTON]" time="0"/>
  <testcase classname="org.bukkit.PerMaterialTest" name="testBlockHardness[746: SPRUCE_BUTTON]" time="0.001"/>
  <testcase classname="org.bukkit.PerMaterialTest" name="maxStackSize[746: SPRUCE_BUTTON]" time="0"/>
  <testcase classname="org.bukkit.PerMaterialTest" name="isTransparent[746: SPRUCE_BUTTON]" time="0"/>
  <testcase classname="org.bukkit.PerMaterialTest" name="testBlockDataCreation[746: SPRUCE_BUTTON]" time="0.001"/>
  <testcase classname="org.bukkit.PerMaterialTest" name="isBlock[746: SPRUCE_BUTTON]" time="0"/>
  <testcase classname="org.bukkit.PerMaterialTest" name="isSolid[746: SPRUCE_BUTTON]" time="0"/>
  <testcase classname="org.bukkit.PerMaterialTest" name="hasGravity[747: SPRUCE_DOOR]" time="0"/>
  <testcase classname="org.bukkit.PerMaterialTest" name="isBurnable[747: SPRUCE_DOOR]" time="0"/>
  <testcase classname="org.bukkit.PerMaterialTest" name="testInteractable[747: SPRUCE_DOOR]" time="0"/>
  <testcase classname="org.bukkit.PerMaterialTest" name="testBlock[747: SPRUCE_DOOR]" time="0"/>
  <testcase classname="org.bukkit.PerMaterialTest" name="isFuel[747: SPRUCE_DOOR]" time="0"/>
  <testcase classname="org.bukkit.PerMaterialTest" name="testItem[747: SPRUCE_DOOR]" time="0.001"/>
  <testcase classname="org.bukkit.PerMaterialTest" name="testBlastResistance[747: SPRUCE_DOOR]" time="0"/>
  <testcase classname="org.bukkit.PerMaterialTest" name="isEdible[747: SPRUCE_DOOR]" time="0"/>
  <testcase classname="org.bukkit.PerMaterialTest" name="maxDurability[747: SPRUCE_DOOR]" time="0"/>
  <testcase classname="org.bukkit.PerMaterialTest" name="usesDurability[747: SPRUCE_DOOR]" time="0"/>
  <testcase classname="org.bukkit.PerMaterialTest" name="isOccluding[747: SPRUCE_DOOR]" time="0"/>
  <testcase classname="org.bukkit.PerMaterialTest" name="isRecord[747: SPRUCE_DOOR]" time="0"/>
  <testcase classname="org.bukkit.PerMaterialTest" name="isFlammable[747: SPRUCE_DOOR]" time="0"/>
  <testcase classname="org.bukkit.PerMaterialTest" name="testDurability[747: SPRUCE_DOOR]" time="0"/>
  <testcase classname="org.bukkit.PerMaterialTest" name="testBlockHardness[747: SPRUCE_DOOR]" time="0"/>
  <testcase classname="org.bukkit.PerMaterialTest" name="maxStackSize[747: SPRUCE_DOOR]" time="0"/>
  <testcase classname="org.bukkit.PerMaterialTest" name="isTransparent[747: SPRUCE_DOOR]" time="0"/>
  <testcase classname="org.bukkit.PerMaterialTest" name="testBlockDataCreation[747: SPRUCE_DOOR]" time="0"/>
  <testcase classname="org.bukkit.PerMaterialTest" name="isBlock[747: SPRUCE_DOOR]" time="0"/>
  <testcase classname="org.bukkit.PerMaterialTest" name="isSolid[747: SPRUCE_DOOR]" time="0"/>
  <testcase classname="org.bukkit.PerMaterialTest" name="hasGravity[748: SPRUCE_FENCE]" time="0"/>
  <testcase classname="org.bukkit.PerMaterialTest" name="isBurnable[748: SPRUCE_FENCE]" time="0"/>
  <testcase classname="org.bukkit.PerMaterialTest" name="testInteractable[748: SPRUCE_FENCE]" time="0"/>
  <testcase classname="org.bukkit.PerMaterialTest" name="testBlock[748: SPRUCE_FENCE]" time="0"/>
  <testcase classname="org.bukkit.PerMaterialTest" name="isFuel[748: SPRUCE_FENCE]" time="0"/>
  <testcase classname="org.bukkit.PerMaterialTest" name="testItem[748: SPRUCE_FENCE]" time="0"/>
  <testcase classname="org.bukkit.PerMaterialTest" name="testBlastResistance[748: SPRUCE_FENCE]" time="0.001"/>
  <testcase classname="org.bukkit.PerMaterialTest" name="isEdible[748: SPRUCE_FENCE]" time="0"/>
  <testcase classname="org.bukkit.PerMaterialTest" name="maxDurability[748: SPRUCE_FENCE]" time="0"/>
  <testcase classname="org.bukkit.PerMaterialTest" name="usesDurability[748: SPRUCE_FENCE]" time="0.001"/>
  <testcase classname="org.bukkit.PerMaterialTest" name="isOccluding[748: SPRUCE_FENCE]" time="0"/>
  <testcase classname="org.bukkit.PerMaterialTest" name="isRecord[748: SPRUCE_FENCE]" time="0"/>
  <testcase classname="org.bukkit.PerMaterialTest" name="isFlammable[748: SPRUCE_FENCE]" time="0"/>
  <testcase classname="org.bukkit.PerMaterialTest" name="testDurability[748: SPRUCE_FENCE]" time="0"/>
  <testcase classname="org.bukkit.PerMaterialTest" name="testBlockHardness[748: SPRUCE_FENCE]" time="0"/>
  <testcase classname="org.bukkit.PerMaterialTest" name="maxStackSize[748: SPRUCE_FENCE]" time="0"/>
  <testcase classname="org.bukkit.PerMaterialTest" name="isTransparent[748: SPRUCE_FENCE]" time="0"/>
  <testcase classname="org.bukkit.PerMaterialTest" name="testBlockDataCreation[748: SPRUCE_FENCE]" time="0"/>
  <testcase classname="org.bukkit.PerMaterialTest" name="isBlock[748: SPRUCE_FENCE]" time="0"/>
  <testcase classname="org.bukkit.PerMaterialTest" name="isSolid[748: SPRUCE_FENCE]" time="0"/>
  <testcase classname="org.bukkit.PerMaterialTest" name="hasGravity[749: SPRUCE_FENCE_GATE]" time="0"/>
  <testcase classname="org.bukkit.PerMaterialTest" name="isBurnable[749: SPRUCE_FENCE_GATE]" time="0"/>
  <testcase classname="org.bukkit.PerMaterialTest" name="testInteractable[749: SPRUCE_FENCE_GATE]" time="0"/>
  <testcase classname="org.bukkit.PerMaterialTest" name="testBlock[749: SPRUCE_FENCE_GATE]" time="0"/>
  <testcase classname="org.bukkit.PerMaterialTest" name="isFuel[749: SPRUCE_FENCE_GATE]" time="0.001"/>
  <testcase classname="org.bukkit.PerMaterialTest" name="testItem[749: SPRUCE_FENCE_GATE]" time="0"/>
  <testcase classname="org.bukkit.PerMaterialTest" name="testBlastResistance[749: SPRUCE_FENCE_GATE]" time="0"/>
  <testcase classname="org.bukkit.PerMaterialTest" name="isEdible[749: SPRUCE_FENCE_GATE]" time="0"/>
  <testcase classname="org.bukkit.PerMaterialTest" name="maxDurability[749: SPRUCE_FENCE_GATE]" time="0"/>
  <testcase classname="org.bukkit.PerMaterialTest" name="usesDurability[749: SPRUCE_FENCE_GATE]" time="0"/>
  <testcase classname="org.bukkit.PerMaterialTest" name="isOccluding[749: SPRUCE_FENCE_GATE]" time="0"/>
  <testcase classname="org.bukkit.PerMaterialTest" name="isRecord[749: SPRUCE_FENCE_GATE]" time="0"/>
  <testcase classname="org.bukkit.PerMaterialTest" name="isFlammable[749: SPRUCE_FENCE_GATE]" time="0"/>
  <testcase classname="org.bukkit.PerMaterialTest" name="testDurability[749: SPRUCE_FENCE_GATE]" time="0.001"/>
  <testcase classname="org.bukkit.PerMaterialTest" name="testBlockHardness[749: SPRUCE_FENCE_GATE]" time="0"/>
  <testcase classname="org.bukkit.PerMaterialTest" name="maxStackSize[749: SPRUCE_FENCE_GATE]" time="0"/>
  <testcase classname="org.bukkit.PerMaterialTest" name="isTransparent[749: SPRUCE_FENCE_GATE]" time="0"/>
  <testcase classname="org.bukkit.PerMaterialTest" name="testBlockDataCreation[749: SPRUCE_FENCE_GATE]" time="0"/>
  <testcase classname="org.bukkit.PerMaterialTest" name="isBlock[749: SPRUCE_FENCE_GATE]" time="0"/>
  <testcase classname="org.bukkit.PerMaterialTest" name="isSolid[749: SPRUCE_FENCE_GATE]" time="0.001"/>
  <testcase classname="org.bukkit.PerMaterialTest" name="hasGravity[750: SPRUCE_LEAVES]" time="0"/>
  <testcase classname="org.bukkit.PerMaterialTest" name="isBurnable[750: SPRUCE_LEAVES]" time="0"/>
  <testcase classname="org.bukkit.PerMaterialTest" name="testInteractable[750: SPRUCE_LEAVES]" time="0.001"/>
  <testcase classname="org.bukkit.PerMaterialTest" name="testBlock[750: SPRUCE_LEAVES]" time="0"/>
  <testcase classname="org.bukkit.PerMaterialTest" name="isFuel[750: SPRUCE_LEAVES]" time="0"/>
  <testcase classname="org.bukkit.PerMaterialTest" name="testItem[750: SPRUCE_LEAVES]" time="0"/>
  <testcase classname="org.bukkit.PerMaterialTest" name="testBlastResistance[750: SPRUCE_LEAVES]" time="0"/>
  <testcase classname="org.bukkit.PerMaterialTest" name="isEdible[750: SPRUCE_LEAVES]" time="0"/>
  <testcase classname="org.bukkit.PerMaterialTest" name="maxDurability[750: SPRUCE_LEAVES]" time="0"/>
  <testcase classname="org.bukkit.PerMaterialTest" name="usesDurability[750: SPRUCE_LEAVES]" time="0"/>
  <testcase classname="org.bukkit.PerMaterialTest" name="isOccluding[750: SPRUCE_LEAVES]" time="0"/>
  <testcase classname="org.bukkit.PerMaterialTest" name="isRecord[750: SPRUCE_LEAVES]" time="0"/>
  <testcase classname="org.bukkit.PerMaterialTest" name="isFlammable[750: SPRUCE_LEAVES]" time="0"/>
  <testcase classname="org.bukkit.PerMaterialTest" name="testDurability[750: SPRUCE_LEAVES]" time="0"/>
  <testcase classname="org.bukkit.PerMaterialTest" name="testBlockHardness[750: SPRUCE_LEAVES]" time="0"/>
  <testcase classname="org.bukkit.PerMaterialTest" name="maxStackSize[750: SPRUCE_LEAVES]" time="0"/>
  <testcase classname="org.bukkit.PerMaterialTest" name="isTransparent[750: SPRUCE_LEAVES]" time="0"/>
  <testcase classname="org.bukkit.PerMaterialTest" name="testBlockDataCreation[750: SPRUCE_LEAVES]" time="0"/>
  <testcase classname="org.bukkit.PerMaterialTest" name="isBlock[750: SPRUCE_LEAVES]" time="0"/>
  <testcase classname="org.bukkit.PerMaterialTest" name="isSolid[750: SPRUCE_LEAVES]" time="0"/>
  <testcase classname="org.bukkit.PerMaterialTest" name="hasGravity[751: SPRUCE_LOG]" time="0"/>
  <testcase classname="org.bukkit.PerMaterialTest" name="isBurnable[751: SPRUCE_LOG]" time="0"/>
  <testcase classname="org.bukkit.PerMaterialTest" name="testInteractable[751: SPRUCE_LOG]" time="0"/>
  <testcase classname="org.bukkit.PerMaterialTest" name="testBlock[751: SPRUCE_LOG]" time="0"/>
  <testcase classname="org.bukkit.PerMaterialTest" name="isFuel[751: SPRUCE_LOG]" time="0"/>
  <testcase classname="org.bukkit.PerMaterialTest" name="testItem[751: SPRUCE_LOG]" time="0"/>
  <testcase classname="org.bukkit.PerMaterialTest" name="testBlastResistance[751: SPRUCE_LOG]" time="0"/>
  <testcase classname="org.bukkit.PerMaterialTest" name="isEdible[751: SPRUCE_LOG]" time="0"/>
  <testcase classname="org.bukkit.PerMaterialTest" name="maxDurability[751: SPRUCE_LOG]" time="0"/>
  <testcase classname="org.bukkit.PerMaterialTest" name="usesDurability[751: SPRUCE_LOG]" time="0"/>
  <testcase classname="org.bukkit.PerMaterialTest" name="isOccluding[751: SPRUCE_LOG]" time="0"/>
  <testcase classname="org.bukkit.PerMaterialTest" name="isRecord[751: SPRUCE_LOG]" time="0.001"/>
  <testcase classname="org.bukkit.PerMaterialTest" name="isFlammable[751: SPRUCE_LOG]" time="0"/>
  <testcase classname="org.bukkit.PerMaterialTest" name="testDurability[751: SPRUCE_LOG]" time="0"/>
  <testcase classname="org.bukkit.PerMaterialTest" name="testBlockHardness[751: SPRUCE_LOG]" time="0.001"/>
  <testcase classname="org.bukkit.PerMaterialTest" name="maxStackSize[751: SPRUCE_LOG]" time="0"/>
  <testcase classname="org.bukkit.PerMaterialTest" name="isTransparent[751: SPRUCE_LOG]" time="0"/>
  <testcase classname="org.bukkit.PerMaterialTest" name="testBlockDataCreation[751: SPRUCE_LOG]" time="0.001"/>
  <testcase classname="org.bukkit.PerMaterialTest" name="isBlock[751: SPRUCE_LOG]" time="0"/>
  <testcase classname="org.bukkit.PerMaterialTest" name="isSolid[751: SPRUCE_LOG]" time="0"/>
  <testcase classname="org.bukkit.PerMaterialTest" name="hasGravity[752: SPRUCE_PLANKS]" time="0"/>
  <testcase classname="org.bukkit.PerMaterialTest" name="isBurnable[752: SPRUCE_PLANKS]" time="0"/>
  <testcase classname="org.bukkit.PerMaterialTest" name="testInteractable[752: SPRUCE_PLANKS]" time="0"/>
  <testcase classname="org.bukkit.PerMaterialTest" name="testBlock[752: SPRUCE_PLANKS]" time="0"/>
  <testcase classname="org.bukkit.PerMaterialTest" name="isFuel[752: SPRUCE_PLANKS]" time="0"/>
  <testcase classname="org.bukkit.PerMaterialTest" name="testItem[752: SPRUCE_PLANKS]" time="0.001"/>
  <testcase classname="org.bukkit.PerMaterialTest" name="testBlastResistance[752: SPRUCE_PLANKS]" time="0"/>
  <testcase classname="org.bukkit.PerMaterialTest" name="isEdible[752: SPRUCE_PLANKS]" time="0"/>
  <testcase classname="org.bukkit.PerMaterialTest" name="maxDurability[752: SPRUCE_PLANKS]" time="0"/>
  <testcase classname="org.bukkit.PerMaterialTest" name="usesDurability[752: SPRUCE_PLANKS]" time="0"/>
  <testcase classname="org.bukkit.PerMaterialTest" name="isOccluding[752: SPRUCE_PLANKS]" time="0"/>
  <testcase classname="org.bukkit.PerMaterialTest" name="isRecord[752: SPRUCE_PLANKS]" time="0"/>
  <testcase classname="org.bukkit.PerMaterialTest" name="isFlammable[752: SPRUCE_PLANKS]" time="0"/>
  <testcase classname="org.bukkit.PerMaterialTest" name="testDurability[752: SPRUCE_PLANKS]" time="0"/>
  <testcase classname="org.bukkit.PerMaterialTest" name="testBlockHardness[752: SPRUCE_PLANKS]" time="0"/>
  <testcase classname="org.bukkit.PerMaterialTest" name="maxStackSize[752: SPRUCE_PLANKS]" time="0"/>
  <testcase classname="org.bukkit.PerMaterialTest" name="isTransparent[752: SPRUCE_PLANKS]" time="0"/>
  <testcase classname="org.bukkit.PerMaterialTest" name="testBlockDataCreation[752: SPRUCE_PLANKS]" time="0"/>
  <testcase classname="org.bukkit.PerMaterialTest" name="isBlock[752: SPRUCE_PLANKS]" time="0"/>
  <testcase classname="org.bukkit.PerMaterialTest" name="isSolid[752: SPRUCE_PLANKS]" time="0.001"/>
  <testcase classname="org.bukkit.PerMaterialTest" name="hasGravity[753: SPRUCE_PRESSURE_PLATE]" time="0"/>
  <testcase classname="org.bukkit.PerMaterialTest" name="isBurnable[753: SPRUCE_PRESSURE_PLATE]" time="0"/>
  <testcase classname="org.bukkit.PerMaterialTest" name="testInteractable[753: SPRUCE_PRESSURE_PLATE]" time="0"/>
  <testcase classname="org.bukkit.PerMaterialTest" name="testBlock[753: SPRUCE_PRESSURE_PLATE]" time="0"/>
  <testcase classname="org.bukkit.PerMaterialTest" name="isFuel[753: SPRUCE_PRESSURE_PLATE]" time="0"/>
  <testcase classname="org.bukkit.PerMaterialTest" name="testItem[753: SPRUCE_PRESSURE_PLATE]" time="0"/>
  <testcase classname="org.bukkit.PerMaterialTest" name="testBlastResistance[753: SPRUCE_PRESSURE_PLATE]" time="0"/>
  <testcase classname="org.bukkit.PerMaterialTest" name="isEdible[753: SPRUCE_PRESSURE_PLATE]" time="0"/>
  <testcase classname="org.bukkit.PerMaterialTest" name="maxDurability[753: SPRUCE_PRESSURE_PLATE]" time="0"/>
  <testcase classname="org.bukkit.PerMaterialTest" name="usesDurability[753: SPRUCE_PRESSURE_PLATE]" time="0"/>
  <testcase classname="org.bukkit.PerMaterialTest" name="isOccluding[753: SPRUCE_PRESSURE_PLATE]" time="0"/>
  <testcase classname="org.bukkit.PerMaterialTest" name="isRecord[753: SPRUCE_PRESSURE_PLATE]" time="0"/>
  <testcase classname="org.bukkit.PerMaterialTest" name="isFlammable[753: SPRUCE_PRESSURE_PLATE]" time="0.001"/>
  <testcase classname="org.bukkit.PerMaterialTest" name="testDurability[753: SPRUCE_PRESSURE_PLATE]" time="0"/>
  <testcase classname="org.bukkit.PerMaterialTest" name="testBlockHardness[753: SPRUCE_PRESSURE_PLATE]" time="0"/>
  <testcase classname="org.bukkit.PerMaterialTest" name="maxStackSize[753: SPRUCE_PRESSURE_PLATE]" time="0"/>
  <testcase classname="org.bukkit.PerMaterialTest" name="isTransparent[753: SPRUCE_PRESSURE_PLATE]" time="0"/>
  <testcase classname="org.bukkit.PerMaterialTest" name="testBlockDataCreation[753: SPRUCE_PRESSURE_PLATE]" time="0"/>
  <testcase classname="org.bukkit.PerMaterialTest" name="isBlock[753: SPRUCE_PRESSURE_PLATE]" time="0"/>
  <testcase classname="org.bukkit.PerMaterialTest" name="isSolid[753: SPRUCE_PRESSURE_PLATE]" time="0"/>
  <testcase classname="org.bukkit.PerMaterialTest" name="hasGravity[754: SPRUCE_SAPLING]" time="0"/>
  <testcase classname="org.bukkit.PerMaterialTest" name="isBurnable[754: SPRUCE_SAPLING]" time="0"/>
  <testcase classname="org.bukkit.PerMaterialTest" name="testInteractable[754: SPRUCE_SAPLING]" time="0"/>
  <testcase classname="org.bukkit.PerMaterialTest" name="testBlock[754: SPRUCE_SAPLING]" time="0"/>
  <testcase classname="org.bukkit.PerMaterialTest" name="isFuel[754: SPRUCE_SAPLING]" time="0"/>
  <testcase classname="org.bukkit.PerMaterialTest" name="testItem[754: SPRUCE_SAPLING]" time="0"/>
  <testcase classname="org.bukkit.PerMaterialTest" name="testBlastResistance[754: SPRUCE_SAPLING]" time="0"/>
  <testcase classname="org.bukkit.PerMaterialTest" name="isEdible[754: SPRUCE_SAPLING]" time="0"/>
  <testcase classname="org.bukkit.PerMaterialTest" name="maxDurability[754: SPRUCE_SAPLING]" time="0"/>
  <testcase classname="org.bukkit.PerMaterialTest" name="usesDurability[754: SPRUCE_SAPLING]" time="0"/>
  <testcase classname="org.bukkit.PerMaterialTest" name="isOccluding[754: SPRUCE_SAPLING]" time="0"/>
  <testcase classname="org.bukkit.PerMaterialTest" name="isRecord[754: SPRUCE_SAPLING]" time="0"/>
  <testcase classname="org.bukkit.PerMaterialTest" name="isFlammable[754: SPRUCE_SAPLING]" time="0.001"/>
  <testcase classname="org.bukkit.PerMaterialTest" name="testDurability[754: SPRUCE_SAPLING]" time="0"/>
  <testcase classname="org.bukkit.PerMaterialTest" name="testBlockHardness[754: SPRUCE_SAPLING]" time="0"/>
  <testcase classname="org.bukkit.PerMaterialTest" name="maxStackSize[754: SPRUCE_SAPLING]" time="0"/>
  <testcase classname="org.bukkit.PerMaterialTest" name="isTransparent[754: SPRUCE_SAPLING]" time="0"/>
  <testcase classname="org.bukkit.PerMaterialTest" name="testBlockDataCreation[754: SPRUCE_SAPLING]" time="0"/>
  <testcase classname="org.bukkit.PerMaterialTest" name="isBlock[754: SPRUCE_SAPLING]" time="0"/>
  <testcase classname="org.bukkit.PerMaterialTest" name="isSolid[754: SPRUCE_SAPLING]" time="0.001"/>
  <testcase classname="org.bukkit.PerMaterialTest" name="hasGravity[755: SPRUCE_SLAB]" time="0"/>
  <testcase classname="org.bukkit.PerMaterialTest" name="isBurnable[755: SPRUCE_SLAB]" time="0"/>
  <testcase classname="org.bukkit.PerMaterialTest" name="testInteractable[755: SPRUCE_SLAB]" time="0"/>
  <testcase classname="org.bukkit.PerMaterialTest" name="testBlock[755: SPRUCE_SLAB]" time="0"/>
  <testcase classname="org.bukkit.PerMaterialTest" name="isFuel[755: SPRUCE_SLAB]" time="0"/>
  <testcase classname="org.bukkit.PerMaterialTest" name="testItem[755: SPRUCE_SLAB]" time="0"/>
  <testcase classname="org.bukkit.PerMaterialTest" name="testBlastResistance[755: SPRUCE_SLAB]" time="0"/>
  <testcase classname="org.bukkit.PerMaterialTest" name="isEdible[755: SPRUCE_SLAB]" time="0"/>
  <testcase classname="org.bukkit.PerMaterialTest" name="maxDurability[755: SPRUCE_SLAB]" time="0"/>
  <testcase classname="org.bukkit.PerMaterialTest" name="usesDurability[755: SPRUCE_SLAB]" time="0"/>
  <testcase classname="org.bukkit.PerMaterialTest" name="isOccluding[755: SPRUCE_SLAB]" time="0"/>
  <testcase classname="org.bukkit.PerMaterialTest" name="isRecord[755: SPRUCE_SLAB]" time="0"/>
  <testcase classname="org.bukkit.PerMaterialTest" name="isFlammable[755: SPRUCE_SLAB]" time="0.001"/>
  <testcase classname="org.bukkit.PerMaterialTest" name="testDurability[755: SPRUCE_SLAB]" time="0"/>
  <testcase classname="org.bukkit.PerMaterialTest" name="testBlockHardness[755: SPRUCE_SLAB]" time="0"/>
  <testcase classname="org.bukkit.PerMaterialTest" name="maxStackSize[755: SPRUCE_SLAB]" time="0"/>
  <testcase classname="org.bukkit.PerMaterialTest" name="isTransparent[755: SPRUCE_SLAB]" time="0"/>
  <testcase classname="org.bukkit.PerMaterialTest" name="testBlockDataCreation[755: SPRUCE_SLAB]" time="0"/>
  <testcase classname="org.bukkit.PerMaterialTest" name="isBlock[755: SPRUCE_SLAB]" time="0"/>
  <testcase classname="org.bukkit.PerMaterialTest" name="isSolid[755: SPRUCE_SLAB]" time="0"/>
  <testcase classname="org.bukkit.PerMaterialTest" name="hasGravity[756: SPRUCE_STAIRS]" time="0"/>
  <testcase classname="org.bukkit.PerMaterialTest" name="isBurnable[756: SPRUCE_STAIRS]" time="0"/>
  <testcase classname="org.bukkit.PerMaterialTest" name="testInteractable[756: SPRUCE_STAIRS]" time="0"/>
  <testcase classname="org.bukkit.PerMaterialTest" name="testBlock[756: SPRUCE_STAIRS]" time="0"/>
  <testcase classname="org.bukkit.PerMaterialTest" name="isFuel[756: SPRUCE_STAIRS]" time="0"/>
  <testcase classname="org.bukkit.PerMaterialTest" name="testItem[756: SPRUCE_STAIRS]" time="0.001"/>
  <testcase classname="org.bukkit.PerMaterialTest" name="testBlastResistance[756: SPRUCE_STAIRS]" time="0"/>
  <testcase classname="org.bukkit.PerMaterialTest" name="isEdible[756: SPRUCE_STAIRS]" time="0"/>
  <testcase classname="org.bukkit.PerMaterialTest" name="maxDurability[756: SPRUCE_STAIRS]" time="0"/>
  <testcase classname="org.bukkit.PerMaterialTest" name="usesDurability[756: SPRUCE_STAIRS]" time="0"/>
  <testcase classname="org.bukkit.PerMaterialTest" name="isOccluding[756: SPRUCE_STAIRS]" time="0"/>
  <testcase classname="org.bukkit.PerMaterialTest" name="isRecord[756: SPRUCE_STAIRS]" time="0"/>
  <testcase classname="org.bukkit.PerMaterialTest" name="isFlammable[756: SPRUCE_STAIRS]" time="0"/>
  <testcase classname="org.bukkit.PerMaterialTest" name="testDurability[756: SPRUCE_STAIRS]" time="0"/>
  <testcase classname="org.bukkit.PerMaterialTest" name="testBlockHardness[756: SPRUCE_STAIRS]" time="0"/>
  <testcase classname="org.bukkit.PerMaterialTest" name="maxStackSize[756: SPRUCE_STAIRS]" time="0"/>
  <testcase classname="org.bukkit.PerMaterialTest" name="isTransparent[756: SPRUCE_STAIRS]" time="0"/>
  <testcase classname="org.bukkit.PerMaterialTest" name="testBlockDataCreation[756: SPRUCE_STAIRS]" time="0"/>
  <testcase classname="org.bukkit.PerMaterialTest" name="isBlock[756: SPRUCE_STAIRS]" time="0"/>
  <testcase classname="org.bukkit.PerMaterialTest" name="isSolid[756: SPRUCE_STAIRS]" time="0"/>
  <testcase classname="org.bukkit.PerMaterialTest" name="hasGravity[757: SPRUCE_TRAPDOOR]" time="0"/>
  <testcase classname="org.bukkit.PerMaterialTest" name="isBurnable[757: SPRUCE_TRAPDOOR]" time="0"/>
  <testcase classname="org.bukkit.PerMaterialTest" name="testInteractable[757: SPRUCE_TRAPDOOR]" time="0"/>
  <testcase classname="org.bukkit.PerMaterialTest" name="testBlock[757: SPRUCE_TRAPDOOR]" time="0"/>
  <testcase classname="org.bukkit.PerMaterialTest" name="isFuel[757: SPRUCE_TRAPDOOR]" time="0"/>
  <testcase classname="org.bukkit.PerMaterialTest" name="testItem[757: SPRUCE_TRAPDOOR]" time="0"/>
  <testcase classname="org.bukkit.PerMaterialTest" name="testBlastResistance[757: SPRUCE_TRAPDOOR]" time="0.001"/>
  <testcase classname="org.bukkit.PerMaterialTest" name="isEdible[757: SPRUCE_TRAPDOOR]" time="0"/>
  <testcase classname="org.bukkit.PerMaterialTest" name="maxDurability[757: SPRUCE_TRAPDOOR]" time="0"/>
  <testcase classname="org.bukkit.PerMaterialTest" name="usesDurability[757: SPRUCE_TRAPDOOR]" time="0"/>
  <testcase classname="org.bukkit.PerMaterialTest" name="isOccluding[757: SPRUCE_TRAPDOOR]" time="0"/>
  <testcase classname="org.bukkit.PerMaterialTest" name="isRecord[757: SPRUCE_TRAPDOOR]" time="0"/>
  <testcase classname="org.bukkit.PerMaterialTest" name="isFlammable[757: SPRUCE_TRAPDOOR]" time="0"/>
  <testcase classname="org.bukkit.PerMaterialTest" name="testDurability[757: SPRUCE_TRAPDOOR]" time="0"/>
  <testcase classname="org.bukkit.PerMaterialTest" name="testBlockHardness[757: SPRUCE_TRAPDOOR]" time="0"/>
  <testcase classname="org.bukkit.PerMaterialTest" name="maxStackSize[757: SPRUCE_TRAPDOOR]" time="0"/>
  <testcase classname="org.bukkit.PerMaterialTest" name="isTransparent[757: SPRUCE_TRAPDOOR]" time="0"/>
  <testcase classname="org.bukkit.PerMaterialTest" name="testBlockDataCreation[757: SPRUCE_TRAPDOOR]" time="0"/>
  <testcase classname="org.bukkit.PerMaterialTest" name="isBlock[757: SPRUCE_TRAPDOOR]" time="0"/>
  <testcase classname="org.bukkit.PerMaterialTest" name="isSolid[757: SPRUCE_TRAPDOOR]" time="0"/>
  <testcase classname="org.bukkit.PerMaterialTest" name="hasGravity[758: SPRUCE_WOOD]" time="0"/>
  <testcase classname="org.bukkit.PerMaterialTest" name="isBurnable[758: SPRUCE_WOOD]" time="0"/>
  <testcase classname="org.bukkit.PerMaterialTest" name="testInteractable[758: SPRUCE_WOOD]" time="0"/>
  <testcase classname="org.bukkit.PerMaterialTest" name="testBlock[758: SPRUCE_WOOD]" time="0"/>
  <testcase classname="org.bukkit.PerMaterialTest" name="isFuel[758: SPRUCE_WOOD]" time="0"/>
  <testcase classname="org.bukkit.PerMaterialTest" name="testItem[758: SPRUCE_WOOD]" time="0"/>
  <testcase classname="org.bukkit.PerMaterialTest" name="testBlastResistance[758: SPRUCE_WOOD]" time="0.001"/>
  <testcase classname="org.bukkit.PerMaterialTest" name="isEdible[758: SPRUCE_WOOD]" time="0"/>
  <testcase classname="org.bukkit.PerMaterialTest" name="maxDurability[758: SPRUCE_WOOD]" time="0"/>
  <testcase classname="org.bukkit.PerMaterialTest" name="usesDurability[758: SPRUCE_WOOD]" time="0"/>
  <testcase classname="org.bukkit.PerMaterialTest" name="isOccluding[758: SPRUCE_WOOD]" time="0"/>
  <testcase classname="org.bukkit.PerMaterialTest" name="isRecord[758: SPRUCE_WOOD]" time="0"/>
  <testcase classname="org.bukkit.PerMaterialTest" name="isFlammable[758: SPRUCE_WOOD]" time="0"/>
  <testcase classname="org.bukkit.PerMaterialTest" name="testDurability[758: SPRUCE_WOOD]" time="0"/>
  <testcase classname="org.bukkit.PerMaterialTest" name="testBlockHardness[758: SPRUCE_WOOD]" time="0.001"/>
  <testcase classname="org.bukkit.PerMaterialTest" name="maxStackSize[758: SPRUCE_WOOD]" time="0"/>
  <testcase classname="org.bukkit.PerMaterialTest" name="isTransparent[758: SPRUCE_WOOD]" time="0"/>
  <testcase classname="org.bukkit.PerMaterialTest" name="testBlockDataCreation[758: SPRUCE_WOOD]" time="0"/>
  <testcase classname="org.bukkit.PerMaterialTest" name="isBlock[758: SPRUCE_WOOD]" time="0"/>
  <testcase classname="org.bukkit.PerMaterialTest" name="isSolid[758: SPRUCE_WOOD]" time="0"/>
  <testcase classname="org.bukkit.PerMaterialTest" name="hasGravity[759: SQUID_SPAWN_EGG]" time="0"/>
  <testcase classname="org.bukkit.PerMaterialTest" name="isBurnable[759: SQUID_SPAWN_EGG]" time="0.001"/>
  <testcase classname="org.bukkit.PerMaterialTest" name="testInteractable[759: SQUID_SPAWN_EGG]" time="0"/>
  <testcase classname="org.bukkit.PerMaterialTest" name="testBlock[759: SQUID_SPAWN_EGG]" time="0"/>
  <testcase classname="org.bukkit.PerMaterialTest" name="isFuel[759: SQUID_SPAWN_EGG]" time="0"/>
  <testcase classname="org.bukkit.PerMaterialTest" name="testItem[759: SQUID_SPAWN_EGG]" time="0"/>
  <testcase classname="org.bukkit.PerMaterialTest" name="testBlastResistance[759: SQUID_SPAWN_EGG]" time="0"/>
  <testcase classname="org.bukkit.PerMaterialTest" name="isEdible[759: SQUID_SPAWN_EGG]" time="0"/>
  <testcase classname="org.bukkit.PerMaterialTest" name="maxDurability[759: SQUID_SPAWN_EGG]" time="0"/>
  <testcase classname="org.bukkit.PerMaterialTest" name="usesDurability[759: SQUID_SPAWN_EGG]" time="0"/>
  <testcase classname="org.bukkit.PerMaterialTest" name="isOccluding[759: SQUID_SPAWN_EGG]" time="0"/>
  <testcase classname="org.bukkit.PerMaterialTest" name="isRecord[759: SQUID_SPAWN_EGG]" time="0"/>
  <testcase classname="org.bukkit.PerMaterialTest" name="isFlammable[759: SQUID_SPAWN_EGG]" time="0"/>
  <testcase classname="org.bukkit.PerMaterialTest" name="testDurability[759: SQUID_SPAWN_EGG]" time="0"/>
  <testcase classname="org.bukkit.PerMaterialTest" name="testBlockHardness[759: SQUID_SPAWN_EGG]" time="0"/>
  <testcase classname="org.bukkit.PerMaterialTest" name="maxStackSize[759: SQUID_SPAWN_EGG]" time="0.001"/>
  <testcase classname="org.bukkit.PerMaterialTest" name="isTransparent[759: SQUID_SPAWN_EGG]" time="0"/>
  <testcase classname="org.bukkit.PerMaterialTest" name="testBlockDataCreation[759: SQUID_SPAWN_EGG]" time="0"/>
  <testcase classname="org.bukkit.PerMaterialTest" name="isBlock[759: SQUID_SPAWN_EGG]" time="0"/>
  <testcase classname="org.bukkit.PerMaterialTest" name="isSolid[759: SQUID_SPAWN_EGG]" time="0"/>
  <testcase classname="org.bukkit.PerMaterialTest" name="hasGravity[760: STICK]" time="0"/>
  <testcase classname="org.bukkit.PerMaterialTest" name="isBurnable[760: STICK]" time="0"/>
  <testcase classname="org.bukkit.PerMaterialTest" name="testInteractable[760: STICK]" time="0"/>
  <testcase classname="org.bukkit.PerMaterialTest" name="testBlock[760: STICK]" time="0"/>
  <testcase classname="org.bukkit.PerMaterialTest" name="isFuel[760: STICK]" time="0"/>
  <testcase classname="org.bukkit.PerMaterialTest" name="testItem[760: STICK]" time="0"/>
  <testcase classname="org.bukkit.PerMaterialTest" name="testBlastResistance[760: STICK]" time="0"/>
  <testcase classname="org.bukkit.PerMaterialTest" name="isEdible[760: STICK]" time="0"/>
  <testcase classname="org.bukkit.PerMaterialTest" name="maxDurability[760: STICK]" time="0"/>
  <testcase classname="org.bukkit.PerMaterialTest" name="usesDurability[760: STICK]" time="0"/>
  <testcase classname="org.bukkit.PerMaterialTest" name="isOccluding[760: STICK]" time="0.001"/>
  <testcase classname="org.bukkit.PerMaterialTest" name="isRecord[760: STICK]" time="0"/>
  <testcase classname="org.bukkit.PerMaterialTest" name="isFlammable[760: STICK]" time="0"/>
  <testcase classname="org.bukkit.PerMaterialTest" name="testDurability[760: STICK]" time="0"/>
  <testcase classname="org.bukkit.PerMaterialTest" name="testBlockHardness[760: STICK]" time="0"/>
  <testcase classname="org.bukkit.PerMaterialTest" name="maxStackSize[760: STICK]" time="0"/>
  <testcase classname="org.bukkit.PerMaterialTest" name="isTransparent[760: STICK]" time="0"/>
  <testcase classname="org.bukkit.PerMaterialTest" name="testBlockDataCreation[760: STICK]" time="0"/>
  <testcase classname="org.bukkit.PerMaterialTest" name="isBlock[760: STICK]" time="0.001"/>
  <testcase classname="org.bukkit.PerMaterialTest" name="isSolid[760: STICK]" time="0"/>
  <testcase classname="org.bukkit.PerMaterialTest" name="hasGravity[761: STICKY_PISTON]" time="0"/>
  <testcase classname="org.bukkit.PerMaterialTest" name="isBurnable[761: STICKY_PISTON]" time="0"/>
  <testcase classname="org.bukkit.PerMaterialTest" name="testInteractable[761: STICKY_PISTON]" time="0"/>
  <testcase classname="org.bukkit.PerMaterialTest" name="testBlock[761: STICKY_PISTON]" time="0"/>
  <testcase classname="org.bukkit.PerMaterialTest" name="isFuel[761: STICKY_PISTON]" time="0.001"/>
  <testcase classname="org.bukkit.PerMaterialTest" name="testItem[761: STICKY_PISTON]" time="0"/>
  <testcase classname="org.bukkit.PerMaterialTest" name="testBlastResistance[761: STICKY_PISTON]" time="0"/>
  <testcase classname="org.bukkit.PerMaterialTest" name="isEdible[761: STICKY_PISTON]" time="0"/>
  <testcase classname="org.bukkit.PerMaterialTest" name="maxDurability[761: STICKY_PISTON]" time="0"/>
  <testcase classname="org.bukkit.PerMaterialTest" name="usesDurability[761: STICKY_PISTON]" time="0"/>
  <testcase classname="org.bukkit.PerMaterialTest" name="isOccluding[761: STICKY_PISTON]" time="0"/>
  <testcase classname="org.bukkit.PerMaterialTest" name="isRecord[761: STICKY_PISTON]" time="0"/>
  <testcase classname="org.bukkit.PerMaterialTest" name="isFlammable[761: STICKY_PISTON]" time="0"/>
  <testcase classname="org.bukkit.PerMaterialTest" name="testDurability[761: STICKY_PISTON]" time="0"/>
  <testcase classname="org.bukkit.PerMaterialTest" name="testBlockHardness[761: STICKY_PISTON]" time="0"/>
  <testcase classname="org.bukkit.PerMaterialTest" name="maxStackSize[761: STICKY_PISTON]" time="0"/>
  <testcase classname="org.bukkit.PerMaterialTest" name="isTransparent[761: STICKY_PISTON]" time="0"/>
  <testcase classname="org.bukkit.PerMaterialTest" name="testBlockDataCreation[761: STICKY_PISTON]" time="0.001"/>
  <testcase classname="org.bukkit.PerMaterialTest" name="isBlock[761: STICKY_PISTON]" time="0"/>
  <testcase classname="org.bukkit.PerMaterialTest" name="isSolid[761: STICKY_PISTON]" time="0"/>
  <testcase classname="org.bukkit.PerMaterialTest" name="hasGravity[762: STONE]" time="0"/>
  <testcase classname="org.bukkit.PerMaterialTest" name="isBurnable[762: STONE]" time="0"/>
  <testcase classname="org.bukkit.PerMaterialTest" name="testInteractable[762: STONE]" time="0"/>
  <testcase classname="org.bukkit.PerMaterialTest" name="testBlock[762: STONE]" time="0"/>
  <testcase classname="org.bukkit.PerMaterialTest" name="isFuel[762: STONE]" time="0.001"/>
  <testcase classname="org.bukkit.PerMaterialTest" name="testItem[762: STONE]" time="0"/>
  <testcase classname="org.bukkit.PerMaterialTest" name="testBlastResistance[762: STONE]" time="0"/>
  <testcase classname="org.bukkit.PerMaterialTest" name="isEdible[762: STONE]" time="0"/>
  <testcase classname="org.bukkit.PerMaterialTest" name="maxDurability[762: STONE]" time="0"/>
  <testcase classname="org.bukkit.PerMaterialTest" name="usesDurability[762: STONE]" time="0"/>
  <testcase classname="org.bukkit.PerMaterialTest" name="isOccluding[762: STONE]" time="0"/>
  <testcase classname="org.bukkit.PerMaterialTest" name="isRecord[762: STONE]" time="0"/>
  <testcase classname="org.bukkit.PerMaterialTest" name="isFlammable[762: STONE]" time="0"/>
  <testcase classname="org.bukkit.PerMaterialTest" name="testDurability[762: STONE]" time="0"/>
  <testcase classname="org.bukkit.PerMaterialTest" name="testBlockHardness[762: STONE]" time="0"/>
  <testcase classname="org.bukkit.PerMaterialTest" name="maxStackSize[762: STONE]" time="0"/>
  <testcase classname="org.bukkit.PerMaterialTest" name="isTransparent[762: STONE]" time="0"/>
  <testcase classname="org.bukkit.PerMaterialTest" name="testBlockDataCreation[762: STONE]" time="0"/>
  <testcase classname="org.bukkit.PerMaterialTest" name="isBlock[762: STONE]" time="0.001"/>
  <testcase classname="org.bukkit.PerMaterialTest" name="isSolid[762: STONE]" time="0"/>
  <testcase classname="org.bukkit.PerMaterialTest" name="hasGravity[763: STONE_AXE]" time="0"/>
  <testcase classname="org.bukkit.PerMaterialTest" name="isBurnable[763: STONE_AXE]" time="0"/>
  <testcase classname="org.bukkit.PerMaterialTest" name="testInteractable[763: STONE_AXE]" time="0"/>
  <testcase classname="org.bukkit.PerMaterialTest" name="testBlock[763: STONE_AXE]" time="0"/>
  <testcase classname="org.bukkit.PerMaterialTest" name="isFuel[763: STONE_AXE]" time="0"/>
  <testcase classname="org.bukkit.PerMaterialTest" name="testItem[763: STONE_AXE]" time="0"/>
  <testcase classname="org.bukkit.PerMaterialTest" name="testBlastResistance[763: STONE_AXE]" time="0"/>
  <testcase classname="org.bukkit.PerMaterialTest" name="isEdible[763: STONE_AXE]" time="0"/>
  <testcase classname="org.bukkit.PerMaterialTest" name="maxDurability[763: STONE_AXE]" time="0"/>
  <testcase classname="org.bukkit.PerMaterialTest" name="usesDurability[763: STONE_AXE]" time="0"/>
  <testcase classname="org.bukkit.PerMaterialTest" name="isOccluding[763: STONE_AXE]" time="0"/>
  <testcase classname="org.bukkit.PerMaterialTest" name="isRecord[763: STONE_AXE]" time="0"/>
  <testcase classname="org.bukkit.PerMaterialTest" name="isFlammable[763: STONE_AXE]" time="0"/>
  <testcase classname="org.bukkit.PerMaterialTest" name="testDurability[763: STONE_AXE]" time="0.001"/>
  <testcase classname="org.bukkit.PerMaterialTest" name="testBlockHardness[763: STONE_AXE]" time="0"/>
  <testcase classname="org.bukkit.PerMaterialTest" name="maxStackSize[763: STONE_AXE]" time="0"/>
  <testcase classname="org.bukkit.PerMaterialTest" name="isTransparent[763: STONE_AXE]" time="0"/>
  <testcase classname="org.bukkit.PerMaterialTest" name="testBlockDataCreation[763: STONE_AXE]" time="0"/>
  <testcase classname="org.bukkit.PerMaterialTest" name="isBlock[763: STONE_AXE]" time="0"/>
  <testcase classname="org.bukkit.PerMaterialTest" name="isSolid[763: STONE_AXE]" time="0"/>
  <testcase classname="org.bukkit.PerMaterialTest" name="hasGravity[764: STONE_BRICKS]" time="0"/>
  <testcase classname="org.bukkit.PerMaterialTest" name="isBurnable[764: STONE_BRICKS]" time="0"/>
  <testcase classname="org.bukkit.PerMaterialTest" name="testInteractable[764: STONE_BRICKS]" time="0"/>
  <testcase classname="org.bukkit.PerMaterialTest" name="testBlock[764: STONE_BRICKS]" time="0"/>
  <testcase classname="org.bukkit.PerMaterialTest" name="isFuel[764: STONE_BRICKS]" time="0"/>
  <testcase classname="org.bukkit.PerMaterialTest" name="testItem[764: STONE_BRICKS]" time="0"/>
  <testcase classname="org.bukkit.PerMaterialTest" name="testBlastResistance[764: STONE_BRICKS]" time="0"/>
  <testcase classname="org.bukkit.PerMaterialTest" name="isEdible[764: STONE_BRICKS]" time="0"/>
  <testcase classname="org.bukkit.PerMaterialTest" name="maxDurability[764: STONE_BRICKS]" time="0"/>
  <testcase classname="org.bukkit.PerMaterialTest" name="usesDurability[764: STONE_BRICKS]" time="0"/>
  <testcase classname="org.bukkit.PerMaterialTest" name="isOccluding[764: STONE_BRICKS]" time="0"/>
  <testcase classname="org.bukkit.PerMaterialTest" name="isRecord[764: STONE_BRICKS]" time="0"/>
  <testcase classname="org.bukkit.PerMaterialTest" name="isFlammable[764: STONE_BRICKS]" time="0"/>
  <testcase classname="org.bukkit.PerMaterialTest" name="testDurability[764: STONE_BRICKS]" time="0"/>
  <testcase classname="org.bukkit.PerMaterialTest" name="testBlockHardness[764: STONE_BRICKS]" time="0"/>
  <testcase classname="org.bukkit.PerMaterialTest" name="maxStackSize[764: STONE_BRICKS]" time="0"/>
  <testcase classname="org.bukkit.PerMaterialTest" name="isTransparent[764: STONE_BRICKS]" time="0"/>
  <testcase classname="org.bukkit.PerMaterialTest" name="testBlockDataCreation[764: STONE_BRICKS]" time="0"/>
  <testcase classname="org.bukkit.PerMaterialTest" name="isBlock[764: STONE_BRICKS]" time="0"/>
  <testcase classname="org.bukkit.PerMaterialTest" name="isSolid[764: STONE_BRICKS]" time="0"/>
  <testcase classname="org.bukkit.PerMaterialTest" name="hasGravity[765: STONE_BRICK_SLAB]" time="0"/>
  <testcase classname="org.bukkit.PerMaterialTest" name="isBurnable[765: STONE_BRICK_SLAB]" time="0"/>
  <testcase classname="org.bukkit.PerMaterialTest" name="testInteractable[765: STONE_BRICK_SLAB]" time="0"/>
  <testcase classname="org.bukkit.PerMaterialTest" name="testBlock[765: STONE_BRICK_SLAB]" time="0"/>
  <testcase classname="org.bukkit.PerMaterialTest" name="isFuel[765: STONE_BRICK_SLAB]" time="0"/>
  <testcase classname="org.bukkit.PerMaterialTest" name="testItem[765: STONE_BRICK_SLAB]" time="0"/>
  <testcase classname="org.bukkit.PerMaterialTest" name="testBlastResistance[765: STONE_BRICK_SLAB]" time="0"/>
  <testcase classname="org.bukkit.PerMaterialTest" name="isEdible[765: STONE_BRICK_SLAB]" time="0"/>
  <testcase classname="org.bukkit.PerMaterialTest" name="maxDurability[765: STONE_BRICK_SLAB]" time="0"/>
  <testcase classname="org.bukkit.PerMaterialTest" name="usesDurability[765: STONE_BRICK_SLAB]" time="0"/>
  <testcase classname="org.bukkit.PerMaterialTest" name="isOccluding[765: STONE_BRICK_SLAB]" time="0"/>
  <testcase classname="org.bukkit.PerMaterialTest" name="isRecord[765: STONE_BRICK_SLAB]" time="0"/>
  <testcase classname="org.bukkit.PerMaterialTest" name="isFlammable[765: STONE_BRICK_SLAB]" time="0"/>
  <testcase classname="org.bukkit.PerMaterialTest" name="testDurability[765: STONE_BRICK_SLAB]" time="0"/>
  <testcase classname="org.bukkit.PerMaterialTest" name="testBlockHardness[765: STONE_BRICK_SLAB]" time="0.001"/>
  <testcase classname="org.bukkit.PerMaterialTest" name="maxStackSize[765: STONE_BRICK_SLAB]" time="0"/>
  <testcase classname="org.bukkit.PerMaterialTest" name="isTransparent[765: STONE_BRICK_SLAB]" time="0"/>
  <testcase classname="org.bukkit.PerMaterialTest" name="testBlockDataCreation[765: STONE_BRICK_SLAB]" time="0"/>
  <testcase classname="org.bukkit.PerMaterialTest" name="isBlock[765: STONE_BRICK_SLAB]" time="0"/>
  <testcase classname="org.bukkit.PerMaterialTest" name="isSolid[765: STONE_BRICK_SLAB]" time="0"/>
  <testcase classname="org.bukkit.PerMaterialTest" name="hasGravity[766: STONE_BRICK_STAIRS]" time="0"/>
  <testcase classname="org.bukkit.PerMaterialTest" name="isBurnable[766: STONE_BRICK_STAIRS]" time="0.001"/>
  <testcase classname="org.bukkit.PerMaterialTest" name="testInteractable[766: STONE_BRICK_STAIRS]" time="0"/>
  <testcase classname="org.bukkit.PerMaterialTest" name="testBlock[766: STONE_BRICK_STAIRS]" time="0"/>
  <testcase classname="org.bukkit.PerMaterialTest" name="isFuel[766: STONE_BRICK_STAIRS]" time="0"/>
  <testcase classname="org.bukkit.PerMaterialTest" name="testItem[766: STONE_BRICK_STAIRS]" time="0"/>
  <testcase classname="org.bukkit.PerMaterialTest" name="testBlastResistance[766: STONE_BRICK_STAIRS]" time="0"/>
  <testcase classname="org.bukkit.PerMaterialTest" name="isEdible[766: STONE_BRICK_STAIRS]" time="0.001"/>
  <testcase classname="org.bukkit.PerMaterialTest" name="maxDurability[766: STONE_BRICK_STAIRS]" time="0"/>
  <testcase classname="org.bukkit.PerMaterialTest" name="usesDurability[766: STONE_BRICK_STAIRS]" time="0"/>
  <testcase classname="org.bukkit.PerMaterialTest" name="isOccluding[766: STONE_BRICK_STAIRS]" time="0"/>
  <testcase classname="org.bukkit.PerMaterialTest" name="isRecord[766: STONE_BRICK_STAIRS]" time="0"/>
  <testcase classname="org.bukkit.PerMaterialTest" name="isFlammable[766: STONE_BRICK_STAIRS]" time="0"/>
  <testcase classname="org.bukkit.PerMaterialTest" name="testDurability[766: STONE_BRICK_STAIRS]" time="0"/>
  <testcase classname="org.bukkit.PerMaterialTest" name="testBlockHardness[766: STONE_BRICK_STAIRS]" time="0.001"/>
  <testcase classname="org.bukkit.PerMaterialTest" name="maxStackSize[766: STONE_BRICK_STAIRS]" time="0"/>
  <testcase classname="org.bukkit.PerMaterialTest" name="isTransparent[766: STONE_BRICK_STAIRS]" time="0"/>
  <testcase classname="org.bukkit.PerMaterialTest" name="testBlockDataCreation[766: STONE_BRICK_STAIRS]" time="0"/>
  <testcase classname="org.bukkit.PerMaterialTest" name="isBlock[766: STONE_BRICK_STAIRS]" time="0"/>
  <testcase classname="org.bukkit.PerMaterialTest" name="isSolid[766: STONE_BRICK_STAIRS]" time="0"/>
  <testcase classname="org.bukkit.PerMaterialTest" name="hasGravity[767: STONE_BUTTON]" time="0"/>
  <testcase classname="org.bukkit.PerMaterialTest" name="isBurnable[767: STONE_BUTTON]" time="0.001"/>
  <testcase classname="org.bukkit.PerMaterialTest" name="testInteractable[767: STONE_BUTTON]" time="0"/>
  <testcase classname="org.bukkit.PerMaterialTest" name="testBlock[767: STONE_BUTTON]" time="0"/>
  <testcase classname="org.bukkit.PerMaterialTest" name="isFuel[767: STONE_BUTTON]" time="0"/>
  <testcase classname="org.bukkit.PerMaterialTest" name="testItem[767: STONE_BUTTON]" time="0"/>
  <testcase classname="org.bukkit.PerMaterialTest" name="testBlastResistance[767: STONE_BUTTON]" time="0"/>
  <testcase classname="org.bukkit.PerMaterialTest" name="isEdible[767: STONE_BUTTON]" time="0.001"/>
  <testcase classname="org.bukkit.PerMaterialTest" name="maxDurability[767: STONE_BUTTON]" time="0"/>
  <testcase classname="org.bukkit.PerMaterialTest" name="usesDurability[767: STONE_BUTTON]" time="0"/>
  <testcase classname="org.bukkit.PerMaterialTest" name="isOccluding[767: STONE_BUTTON]" time="0"/>
  <testcase classname="org.bukkit.PerMaterialTest" name="isRecord[767: STONE_BUTTON]" time="0"/>
  <testcase classname="org.bukkit.PerMaterialTest" name="isFlammable[767: STONE_BUTTON]" time="0"/>
  <testcase classname="org.bukkit.PerMaterialTest" name="testDurability[767: STONE_BUTTON]" time="0"/>
  <testcase classname="org.bukkit.PerMaterialTest" name="testBlockHardness[767: STONE_BUTTON]" time="0"/>
  <testcase classname="org.bukkit.PerMaterialTest" name="maxStackSize[767: STONE_BUTTON]" time="0.001"/>
  <testcase classname="org.bukkit.PerMaterialTest" name="isTransparent[767: STONE_BUTTON]" time="0"/>
  <testcase classname="org.bukkit.PerMaterialTest" name="testBlockDataCreation[767: STONE_BUTTON]" time="0"/>
  <testcase classname="org.bukkit.PerMaterialTest" name="isBlock[767: STONE_BUTTON]" time="0"/>
  <testcase classname="org.bukkit.PerMaterialTest" name="isSolid[767: STONE_BUTTON]" time="0"/>
  <testcase classname="org.bukkit.PerMaterialTest" name="hasGravity[768: STONE_HOE]" time="0"/>
  <testcase classname="org.bukkit.PerMaterialTest" name="isBurnable[768: STONE_HOE]" time="0"/>
  <testcase classname="org.bukkit.PerMaterialTest" name="testInteractable[768: STONE_HOE]" time="0.001"/>
  <testcase classname="org.bukkit.PerMaterialTest" name="testBlock[768: STONE_HOE]" time="0"/>
  <testcase classname="org.bukkit.PerMaterialTest" name="isFuel[768: STONE_HOE]" time="0"/>
  <testcase classname="org.bukkit.PerMaterialTest" name="testItem[768: STONE_HOE]" time="0"/>
  <testcase classname="org.bukkit.PerMaterialTest" name="testBlastResistance[768: STONE_HOE]" time="0"/>
  <testcase classname="org.bukkit.PerMaterialTest" name="isEdible[768: STONE_HOE]" time="0"/>
  <testcase classname="org.bukkit.PerMaterialTest" name="maxDurability[768: STONE_HOE]" time="0"/>
  <testcase classname="org.bukkit.PerMaterialTest" name="usesDurability[768: STONE_HOE]" time="0"/>
  <testcase classname="org.bukkit.PerMaterialTest" name="isOccluding[768: STONE_HOE]" time="0"/>
  <testcase classname="org.bukkit.PerMaterialTest" name="isRecord[768: STONE_HOE]" time="0"/>
  <testcase classname="org.bukkit.PerMaterialTest" name="isFlammable[768: STONE_HOE]" time="0"/>
  <testcase classname="org.bukkit.PerMaterialTest" name="testDurability[768: STONE_HOE]" time="0"/>
  <testcase classname="org.bukkit.PerMaterialTest" name="testBlockHardness[768: STONE_HOE]" time="0"/>
  <testcase classname="org.bukkit.PerMaterialTest" name="maxStackSize[768: STONE_HOE]" time="0"/>
  <testcase classname="org.bukkit.PerMaterialTest" name="isTransparent[768: STONE_HOE]" time="0.001"/>
  <testcase classname="org.bukkit.PerMaterialTest" name="testBlockDataCreation[768: STONE_HOE]" time="0"/>
  <testcase classname="org.bukkit.PerMaterialTest" name="isBlock[768: STONE_HOE]" time="0"/>
  <testcase classname="org.bukkit.PerMaterialTest" name="isSolid[768: STONE_HOE]" time="0"/>
  <testcase classname="org.bukkit.PerMaterialTest" name="hasGravity[769: STONE_PICKAXE]" time="0"/>
  <testcase classname="org.bukkit.PerMaterialTest" name="isBurnable[769: STONE_PICKAXE]" time="0"/>
  <testcase classname="org.bukkit.PerMaterialTest" name="testInteractable[769: STONE_PICKAXE]" time="0"/>
  <testcase classname="org.bukkit.PerMaterialTest" name="testBlock[769: STONE_PICKAXE]" time="0"/>
  <testcase classname="org.bukkit.PerMaterialTest" name="isFuel[769: STONE_PICKAXE]" time="0.001"/>
  <testcase classname="org.bukkit.PerMaterialTest" name="testItem[769: STONE_PICKAXE]" time="0"/>
  <testcase classname="org.bukkit.PerMaterialTest" name="testBlastResistance[769: STONE_PICKAXE]" time="0"/>
  <testcase classname="org.bukkit.PerMaterialTest" name="isEdible[769: STONE_PICKAXE]" time="0"/>
  <testcase classname="org.bukkit.PerMaterialTest" name="maxDurability[769: STONE_PICKAXE]" time="0"/>
  <testcase classname="org.bukkit.PerMaterialTest" name="usesDurability[769: STONE_PICKAXE]" time="0"/>
  <testcase classname="org.bukkit.PerMaterialTest" name="isOccluding[769: STONE_PICKAXE]" time="0"/>
  <testcase classname="org.bukkit.PerMaterialTest" name="isRecord[769: STONE_PICKAXE]" time="0"/>
  <testcase classname="org.bukkit.PerMaterialTest" name="isFlammable[769: STONE_PICKAXE]" time="0"/>
  <testcase classname="org.bukkit.PerMaterialTest" name="testDurability[769: STONE_PICKAXE]" time="0"/>
  <testcase classname="org.bukkit.PerMaterialTest" name="testBlockHardness[769: STONE_PICKAXE]" time="0"/>
  <testcase classname="org.bukkit.PerMaterialTest" name="maxStackSize[769: STONE_PICKAXE]" time="0"/>
  <testcase classname="org.bukkit.PerMaterialTest" name="isTransparent[769: STONE_PICKAXE]" time="0"/>
  <testcase classname="org.bukkit.PerMaterialTest" name="testBlockDataCreation[769: STONE_PICKAXE]" time="0"/>
  <testcase classname="org.bukkit.PerMaterialTest" name="isBlock[769: STONE_PICKAXE]" time="0"/>
  <testcase classname="org.bukkit.PerMaterialTest" name="isSolid[769: STONE_PICKAXE]" time="0"/>
  <testcase classname="org.bukkit.PerMaterialTest" name="hasGravity[770: STONE_PRESSURE_PLATE]" time="0"/>
  <testcase classname="org.bukkit.PerMaterialTest" name="isBurnable[770: STONE_PRESSURE_PLATE]" time="0"/>
  <testcase classname="org.bukkit.PerMaterialTest" name="testInteractable[770: STONE_PRESSURE_PLATE]" time="0"/>
  <testcase classname="org.bukkit.PerMaterialTest" name="testBlock[770: STONE_PRESSURE_PLATE]" time="0"/>
  <testcase classname="org.bukkit.PerMaterialTest" name="isFuel[770: STONE_PRESSURE_PLATE]" time="0"/>
  <testcase classname="org.bukkit.PerMaterialTest" name="testItem[770: STONE_PRESSURE_PLATE]" time="0"/>
  <testcase classname="org.bukkit.PerMaterialTest" name="testBlastResistance[770: STONE_PRESSURE_PLATE]" time="0"/>
  <testcase classname="org.bukkit.PerMaterialTest" name="isEdible[770: STONE_PRESSURE_PLATE]" time="0"/>
  <testcase classname="org.bukkit.PerMaterialTest" name="maxDurability[770: STONE_PRESSURE_PLATE]" time="0"/>
  <testcase classname="org.bukkit.PerMaterialTest" name="usesDurability[770: STONE_PRESSURE_PLATE]" time="0"/>
  <testcase classname="org.bukkit.PerMaterialTest" name="isOccluding[770: STONE_PRESSURE_PLATE]" time="0"/>
  <testcase classname="org.bukkit.PerMaterialTest" name="isRecord[770: STONE_PRESSURE_PLATE]" time="0"/>
  <testcase classname="org.bukkit.PerMaterialTest" name="isFlammable[770: STONE_PRESSURE_PLATE]" time="0.001"/>
  <testcase classname="org.bukkit.PerMaterialTest" name="testDurability[770: STONE_PRESSURE_PLATE]" time="0"/>
  <testcase classname="org.bukkit.PerMaterialTest" name="testBlockHardness[770: STONE_PRESSURE_PLATE]" time="0"/>
  <testcase classname="org.bukkit.PerMaterialTest" name="maxStackSize[770: STONE_PRESSURE_PLATE]" time="0"/>
  <testcase classname="org.bukkit.PerMaterialTest" name="isTransparent[770: STONE_PRESSURE_PLATE]" time="0"/>
  <testcase classname="org.bukkit.PerMaterialTest" name="testBlockDataCreation[770: STONE_PRESSURE_PLATE]" time="0"/>
  <testcase classname="org.bukkit.PerMaterialTest" name="isBlock[770: STONE_PRESSURE_PLATE]" time="0"/>
  <testcase classname="org.bukkit.PerMaterialTest" name="isSolid[770: STONE_PRESSURE_PLATE]" time="0.001"/>
  <testcase classname="org.bukkit.PerMaterialTest" name="hasGravity[771: STONE_SHOVEL]" time="0"/>
  <testcase classname="org.bukkit.PerMaterialTest" name="isBurnable[771: STONE_SHOVEL]" time="0"/>
  <testcase classname="org.bukkit.PerMaterialTest" name="testInteractable[771: STONE_SHOVEL]" time="0"/>
  <testcase classname="org.bukkit.PerMaterialTest" name="testBlock[771: STONE_SHOVEL]" time="0"/>
  <testcase classname="org.bukkit.PerMaterialTest" name="isFuel[771: STONE_SHOVEL]" time="0"/>
  <testcase classname="org.bukkit.PerMaterialTest" name="testItem[771: STONE_SHOVEL]" time="0"/>
  <testcase classname="org.bukkit.PerMaterialTest" name="testBlastResistance[771: STONE_SHOVEL]" time="0"/>
  <testcase classname="org.bukkit.PerMaterialTest" name="isEdible[771: STONE_SHOVEL]" time="0"/>
  <testcase classname="org.bukkit.PerMaterialTest" name="maxDurability[771: STONE_SHOVEL]" time="0"/>
  <testcase classname="org.bukkit.PerMaterialTest" name="usesDurability[771: STONE_SHOVEL]" time="0"/>
  <testcase classname="org.bukkit.PerMaterialTest" name="isOccluding[771: STONE_SHOVEL]" time="0"/>
  <testcase classname="org.bukkit.PerMaterialTest" name="isRecord[771: STONE_SHOVEL]" time="0"/>
  <testcase classname="org.bukkit.PerMaterialTest" name="isFlammable[771: STONE_SHOVEL]" time="0"/>
  <testcase classname="org.bukkit.PerMaterialTest" name="testDurability[771: STONE_SHOVEL]" time="0"/>
  <testcase classname="org.bukkit.PerMaterialTest" name="testBlockHardness[771: STONE_SHOVEL]" time="0"/>
  <testcase classname="org.bukkit.PerMaterialTest" name="maxStackSize[771: STONE_SHOVEL]" time="0"/>
  <testcase classname="org.bukkit.PerMaterialTest" name="isTransparent[771: STONE_SHOVEL]" time="0"/>
  <testcase classname="org.bukkit.PerMaterialTest" name="testBlockDataCreation[771: STONE_SHOVEL]" time="0"/>
  <testcase classname="org.bukkit.PerMaterialTest" name="isBlock[771: STONE_SHOVEL]" time="0"/>
  <testcase classname="org.bukkit.PerMaterialTest" name="isSolid[771: STONE_SHOVEL]" time="0"/>
  <testcase classname="org.bukkit.PerMaterialTest" name="hasGravity[772: STONE_SLAB]" time="0"/>
  <testcase classname="org.bukkit.PerMaterialTest" name="isBurnable[772: STONE_SLAB]" time="0"/>
  <testcase classname="org.bukkit.PerMaterialTest" name="testInteractable[772: STONE_SLAB]" time="0"/>
  <testcase classname="org.bukkit.PerMaterialTest" name="testBlock[772: STONE_SLAB]" time="0"/>
  <testcase classname="org.bukkit.PerMaterialTest" name="isFuel[772: STONE_SLAB]" time="0"/>
  <testcase classname="org.bukkit.PerMaterialTest" name="testItem[772: STONE_SLAB]" time="0"/>
  <testcase classname="org.bukkit.PerMaterialTest" name="testBlastResistance[772: STONE_SLAB]" time="0"/>
  <testcase classname="org.bukkit.PerMaterialTest" name="isEdible[772: STONE_SLAB]" time="0"/>
  <testcase classname="org.bukkit.PerMaterialTest" name="maxDurability[772: STONE_SLAB]" time="0"/>
  <testcase classname="org.bukkit.PerMaterialTest" name="usesDurability[772: STONE_SLAB]" time="0"/>
  <testcase classname="org.bukkit.PerMaterialTest" name="isOccluding[772: STONE_SLAB]" time="0"/>
  <testcase classname="org.bukkit.PerMaterialTest" name="isRecord[772: STONE_SLAB]" time="0"/>
  <testcase classname="org.bukkit.PerMaterialTest" name="isFlammable[772: STONE_SLAB]" time="0"/>
  <testcase classname="org.bukkit.PerMaterialTest" name="testDurability[772: STONE_SLAB]" time="0"/>
  <testcase classname="org.bukkit.PerMaterialTest" name="testBlockHardness[772: STONE_SLAB]" time="0"/>
  <testcase classname="org.bukkit.PerMaterialTest" name="maxStackSize[772: STONE_SLAB]" time="0"/>
  <testcase classname="org.bukkit.PerMaterialTest" name="isTransparent[772: STONE_SLAB]" time="0"/>
  <testcase classname="org.bukkit.PerMaterialTest" name="testBlockDataCreation[772: STONE_SLAB]" time="0"/>
  <testcase classname="org.bukkit.PerMaterialTest" name="isBlock[772: STONE_SLAB]" time="0"/>
  <testcase classname="org.bukkit.PerMaterialTest" name="isSolid[772: STONE_SLAB]" time="0"/>
  <testcase classname="org.bukkit.PerMaterialTest" name="hasGravity[773: STONE_SWORD]" time="0"/>
  <testcase classname="org.bukkit.PerMaterialTest" name="isBurnable[773: STONE_SWORD]" time="0.001"/>
  <testcase classname="org.bukkit.PerMaterialTest" name="testInteractable[773: STONE_SWORD]" time="0"/>
  <testcase classname="org.bukkit.PerMaterialTest" name="testBlock[773: STONE_SWORD]" time="0"/>
  <testcase classname="org.bukkit.PerMaterialTest" name="isFuel[773: STONE_SWORD]" time="0"/>
  <testcase classname="org.bukkit.PerMaterialTest" name="testItem[773: STONE_SWORD]" time="0"/>
  <testcase classname="org.bukkit.PerMaterialTest" name="testBlastResistance[773: STONE_SWORD]" time="0"/>
  <testcase classname="org.bukkit.PerMaterialTest" name="isEdible[773: STONE_SWORD]" time="0"/>
  <testcase classname="org.bukkit.PerMaterialTest" name="maxDurability[773: STONE_SWORD]" time="0.001"/>
  <testcase classname="org.bukkit.PerMaterialTest" name="usesDurability[773: STONE_SWORD]" time="0"/>
  <testcase classname="org.bukkit.PerMaterialTest" name="isOccluding[773: STONE_SWORD]" time="0"/>
  <testcase classname="org.bukkit.PerMaterialTest" name="isRecord[773: STONE_SWORD]" time="0"/>
  <testcase classname="org.bukkit.PerMaterialTest" name="isFlammable[773: STONE_SWORD]" time="0"/>
  <testcase classname="org.bukkit.PerMaterialTest" name="testDurability[773: STONE_SWORD]" time="0"/>
  <testcase classname="org.bukkit.PerMaterialTest" name="testBlockHardness[773: STONE_SWORD]" time="0"/>
  <testcase classname="org.bukkit.PerMaterialTest" name="maxStackSize[773: STONE_SWORD]" time="0"/>
  <testcase classname="org.bukkit.PerMaterialTest" name="isTransparent[773: STONE_SWORD]" time="0"/>
  <testcase classname="org.bukkit.PerMaterialTest" name="testBlockDataCreation[773: STONE_SWORD]" time="0"/>
  <testcase classname="org.bukkit.PerMaterialTest" name="isBlock[773: STONE_SWORD]" time="0"/>
  <testcase classname="org.bukkit.PerMaterialTest" name="isSolid[773: STONE_SWORD]" time="0"/>
  <testcase classname="org.bukkit.PerMaterialTest" name="hasGravity[774: STRAY_SPAWN_EGG]" time="0"/>
  <testcase classname="org.bukkit.PerMaterialTest" name="isBurnable[774: STRAY_SPAWN_EGG]" time="0"/>
  <testcase classname="org.bukkit.PerMaterialTest" name="testInteractable[774: STRAY_SPAWN_EGG]" time="0"/>
  <testcase classname="org.bukkit.PerMaterialTest" name="testBlock[774: STRAY_SPAWN_EGG]" time="0"/>
  <testcase classname="org.bukkit.PerMaterialTest" name="isFuel[774: STRAY_SPAWN_EGG]" time="0"/>
  <testcase classname="org.bukkit.PerMaterialTest" name="testItem[774: STRAY_SPAWN_EGG]" time="0"/>
  <testcase classname="org.bukkit.PerMaterialTest" name="testBlastResistance[774: STRAY_SPAWN_EGG]" time="0"/>
  <testcase classname="org.bukkit.PerMaterialTest" name="isEdible[774: STRAY_SPAWN_EGG]" time="0"/>
  <testcase classname="org.bukkit.PerMaterialTest" name="maxDurability[774: STRAY_SPAWN_EGG]" time="0"/>
  <testcase classname="org.bukkit.PerMaterialTest" name="usesDurability[774: STRAY_SPAWN_EGG]" time="0"/>
  <testcase classname="org.bukkit.PerMaterialTest" name="isOccluding[774: STRAY_SPAWN_EGG]" time="0.001"/>
  <testcase classname="org.bukkit.PerMaterialTest" name="isRecord[774: STRAY_SPAWN_EGG]" time="0"/>
  <testcase classname="org.bukkit.PerMaterialTest" name="isFlammable[774: STRAY_SPAWN_EGG]" time="0"/>
  <testcase classname="org.bukkit.PerMaterialTest" name="testDurability[774: STRAY_SPAWN_EGG]" time="0"/>
  <testcase classname="org.bukkit.PerMaterialTest" name="testBlockHardness[774: STRAY_SPAWN_EGG]" time="0"/>
  <testcase classname="org.bukkit.PerMaterialTest" name="maxStackSize[774: STRAY_SPAWN_EGG]" time="0"/>
  <testcase classname="org.bukkit.PerMaterialTest" name="isTransparent[774: STRAY_SPAWN_EGG]" time="0"/>
  <testcase classname="org.bukkit.PerMaterialTest" name="testBlockDataCreation[774: STRAY_SPAWN_EGG]" time="0"/>
  <testcase classname="org.bukkit.PerMaterialTest" name="isBlock[774: STRAY_SPAWN_EGG]" time="0"/>
  <testcase classname="org.bukkit.PerMaterialTest" name="isSolid[774: STRAY_SPAWN_EGG]" time="0"/>
  <testcase classname="org.bukkit.PerMaterialTest" name="hasGravity[775: STRING]" time="0"/>
  <testcase classname="org.bukkit.PerMaterialTest" name="isBurnable[775: STRING]" time="0"/>
  <testcase classname="org.bukkit.PerMaterialTest" name="testInteractable[775: STRING]" time="0"/>
  <testcase classname="org.bukkit.PerMaterialTest" name="testBlock[775: STRING]" time="0"/>
  <testcase classname="org.bukkit.PerMaterialTest" name="isFuel[775: STRING]" time="0.001"/>
  <testcase classname="org.bukkit.PerMaterialTest" name="testItem[775: STRING]" time="0"/>
  <testcase classname="org.bukkit.PerMaterialTest" name="testBlastResistance[775: STRING]" time="0"/>
  <testcase classname="org.bukkit.PerMaterialTest" name="isEdible[775: STRING]" time="0"/>
  <testcase classname="org.bukkit.PerMaterialTest" name="maxDurability[775: STRING]" time="0"/>
  <testcase classname="org.bukkit.PerMaterialTest" name="usesDurability[775: STRING]" time="0"/>
  <testcase classname="org.bukkit.PerMaterialTest" name="isOccluding[775: STRING]" time="0"/>
  <testcase classname="org.bukkit.PerMaterialTest" name="isRecord[775: STRING]" time="0"/>
  <testcase classname="org.bukkit.PerMaterialTest" name="isFlammable[775: STRING]" time="0.001"/>
  <testcase classname="org.bukkit.PerMaterialTest" name="testDurability[775: STRING]" time="0"/>
  <testcase classname="org.bukkit.PerMaterialTest" name="testBlockHardness[775: STRING]" time="0"/>
  <testcase classname="org.bukkit.PerMaterialTest" name="maxStackSize[775: STRING]" time="0"/>
  <testcase classname="org.bukkit.PerMaterialTest" name="isTransparent[775: STRING]" time="0"/>
  <testcase classname="org.bukkit.PerMaterialTest" name="testBlockDataCreation[775: STRING]" time="0"/>
  <testcase classname="org.bukkit.PerMaterialTest" name="isBlock[775: STRING]" time="0"/>
  <testcase classname="org.bukkit.PerMaterialTest" name="isSolid[775: STRING]" time="0"/>
  <testcase classname="org.bukkit.PerMaterialTest" name="hasGravity[776: STRIPPED_ACACIA_LOG]" time="0"/>
  <testcase classname="org.bukkit.PerMaterialTest" name="isBurnable[776: STRIPPED_ACACIA_LOG]" time="0"/>
  <testcase classname="org.bukkit.PerMaterialTest" name="testInteractable[776: STRIPPED_ACACIA_LOG]" time="0"/>
  <testcase classname="org.bukkit.PerMaterialTest" name="testBlock[776: STRIPPED_ACACIA_LOG]" time="0"/>
  <testcase classname="org.bukkit.PerMaterialTest" name="isFuel[776: STRIPPED_ACACIA_LOG]" time="0"/>
  <testcase classname="org.bukkit.PerMaterialTest" name="testItem[776: STRIPPED_ACACIA_LOG]" time="0"/>
  <testcase classname="org.bukkit.PerMaterialTest" name="testBlastResistance[776: STRIPPED_ACACIA_LOG]" time="0"/>
  <testcase classname="org.bukkit.PerMaterialTest" name="isEdible[776: STRIPPED_ACACIA_LOG]" time="0"/>
  <testcase classname="org.bukkit.PerMaterialTest" name="maxDurability[776: STRIPPED_ACACIA_LOG]" time="0"/>
  <testcase classname="org.bukkit.PerMaterialTest" name="usesDurability[776: STRIPPED_ACACIA_LOG]" time="0"/>
  <testcase classname="org.bukkit.PerMaterialTest" name="isOccluding[776: STRIPPED_ACACIA_LOG]" time="0"/>
  <testcase classname="org.bukkit.PerMaterialTest" name="isRecord[776: STRIPPED_ACACIA_LOG]" time="0"/>
  <testcase classname="org.bukkit.PerMaterialTest" name="isFlammable[776: STRIPPED_ACACIA_LOG]" time="0"/>
  <testcase classname="org.bukkit.PerMaterialTest" name="testDurability[776: STRIPPED_ACACIA_LOG]" time="0"/>
  <testcase classname="org.bukkit.PerMaterialTest" name="testBlockHardness[776: STRIPPED_ACACIA_LOG]" time="0"/>
  <testcase classname="org.bukkit.PerMaterialTest" name="maxStackSize[776: STRIPPED_ACACIA_LOG]" time="0"/>
  <testcase classname="org.bukkit.PerMaterialTest" name="isTransparent[776: STRIPPED_ACACIA_LOG]" time="0"/>
  <testcase classname="org.bukkit.PerMaterialTest" name="testBlockDataCreation[776: STRIPPED_ACACIA_LOG]" time="0"/>
  <testcase classname="org.bukkit.PerMaterialTest" name="isBlock[776: STRIPPED_ACACIA_LOG]" time="0"/>
  <testcase classname="org.bukkit.PerMaterialTest" name="isSolid[776: STRIPPED_ACACIA_LOG]" time="0"/>
  <testcase classname="org.bukkit.PerMaterialTest" name="hasGravity[777: STRIPPED_ACACIA_WOOD]" time="0"/>
  <testcase classname="org.bukkit.PerMaterialTest" name="isBurnable[777: STRIPPED_ACACIA_WOOD]" time="0"/>
  <testcase classname="org.bukkit.PerMaterialTest" name="testInteractable[777: STRIPPED_ACACIA_WOOD]" time="0"/>
  <testcase classname="org.bukkit.PerMaterialTest" name="testBlock[777: STRIPPED_ACACIA_WOOD]" time="0"/>
  <testcase classname="org.bukkit.PerMaterialTest" name="isFuel[777: STRIPPED_ACACIA_WOOD]" time="0"/>
  <testcase classname="org.bukkit.PerMaterialTest" name="testItem[777: STRIPPED_ACACIA_WOOD]" time="0"/>
  <testcase classname="org.bukkit.PerMaterialTest" name="testBlastResistance[777: STRIPPED_ACACIA_WOOD]" time="0"/>
  <testcase classname="org.bukkit.PerMaterialTest" name="isEdible[777: STRIPPED_ACACIA_WOOD]" time="0"/>
  <testcase classname="org.bukkit.PerMaterialTest" name="maxDurability[777: STRIPPED_ACACIA_WOOD]" time="0"/>
  <testcase classname="org.bukkit.PerMaterialTest" name="usesDurability[777: STRIPPED_ACACIA_WOOD]" time="0"/>
  <testcase classname="org.bukkit.PerMaterialTest" name="isOccluding[777: STRIPPED_ACACIA_WOOD]" time="0"/>
  <testcase classname="org.bukkit.PerMaterialTest" name="isRecord[777: STRIPPED_ACACIA_WOOD]" time="0"/>
  <testcase classname="org.bukkit.PerMaterialTest" name="isFlammable[777: STRIPPED_ACACIA_WOOD]" time="0"/>
  <testcase classname="org.bukkit.PerMaterialTest" name="testDurability[777: STRIPPED_ACACIA_WOOD]" time="0.001"/>
  <testcase classname="org.bukkit.PerMaterialTest" name="testBlockHardness[777: STRIPPED_ACACIA_WOOD]" time="0"/>
  <testcase classname="org.bukkit.PerMaterialTest" name="maxStackSize[777: STRIPPED_ACACIA_WOOD]" time="0"/>
  <testcase classname="org.bukkit.PerMaterialTest" name="isTransparent[777: STRIPPED_ACACIA_WOOD]" time="0"/>
  <testcase classname="org.bukkit.PerMaterialTest" name="testBlockDataCreation[777: STRIPPED_ACACIA_WOOD]" time="0"/>
  <testcase classname="org.bukkit.PerMaterialTest" name="isBlock[777: STRIPPED_ACACIA_WOOD]" time="0"/>
  <testcase classname="org.bukkit.PerMaterialTest" name="isSolid[777: STRIPPED_ACACIA_WOOD]" time="0"/>
  <testcase classname="org.bukkit.PerMaterialTest" name="hasGravity[778: STRIPPED_BIRCH_LOG]" time="0"/>
  <testcase classname="org.bukkit.PerMaterialTest" name="isBurnable[778: STRIPPED_BIRCH_LOG]" time="0"/>
  <testcase classname="org.bukkit.PerMaterialTest" name="testInteractable[778: STRIPPED_BIRCH_LOG]" time="0"/>
  <testcase classname="org.bukkit.PerMaterialTest" name="testBlock[778: STRIPPED_BIRCH_LOG]" time="0"/>
  <testcase classname="org.bukkit.PerMaterialTest" name="isFuel[778: STRIPPED_BIRCH_LOG]" time="0"/>
  <testcase classname="org.bukkit.PerMaterialTest" name="testItem[778: STRIPPED_BIRCH_LOG]" time="0"/>
  <testcase classname="org.bukkit.PerMaterialTest" name="testBlastResistance[778: STRIPPED_BIRCH_LOG]" time="0"/>
  <testcase classname="org.bukkit.PerMaterialTest" name="isEdible[778: STRIPPED_BIRCH_LOG]" time="0"/>
  <testcase classname="org.bukkit.PerMaterialTest" name="maxDurability[778: STRIPPED_BIRCH_LOG]" time="0"/>
  <testcase classname="org.bukkit.PerMaterialTest" name="usesDurability[778: STRIPPED_BIRCH_LOG]" time="0"/>
  <testcase classname="org.bukkit.PerMaterialTest" name="isOccluding[778: STRIPPED_BIRCH_LOG]" time="0"/>
  <testcase classname="org.bukkit.PerMaterialTest" name="isRecord[778: STRIPPED_BIRCH_LOG]" time="0"/>
  <testcase classname="org.bukkit.PerMaterialTest" name="isFlammable[778: STRIPPED_BIRCH_LOG]" time="0"/>
  <testcase classname="org.bukkit.PerMaterialTest" name="testDurability[778: STRIPPED_BIRCH_LOG]" time="0.001"/>
  <testcase classname="org.bukkit.PerMaterialTest" name="testBlockHardness[778: STRIPPED_BIRCH_LOG]" time="0"/>
  <testcase classname="org.bukkit.PerMaterialTest" name="maxStackSize[778: STRIPPED_BIRCH_LOG]" time="0"/>
  <testcase classname="org.bukkit.PerMaterialTest" name="isTransparent[778: STRIPPED_BIRCH_LOG]" time="0"/>
  <testcase classname="org.bukkit.PerMaterialTest" name="testBlockDataCreation[778: STRIPPED_BIRCH_LOG]" time="0"/>
  <testcase classname="org.bukkit.PerMaterialTest" name="isBlock[778: STRIPPED_BIRCH_LOG]" time="0"/>
  <testcase classname="org.bukkit.PerMaterialTest" name="isSolid[778: STRIPPED_BIRCH_LOG]" time="0"/>
  <testcase classname="org.bukkit.PerMaterialTest" name="hasGravity[779: STRIPPED_BIRCH_WOOD]" time="0"/>
  <testcase classname="org.bukkit.PerMaterialTest" name="isBurnable[779: STRIPPED_BIRCH_WOOD]" time="0"/>
  <testcase classname="org.bukkit.PerMaterialTest" name="testInteractable[779: STRIPPED_BIRCH_WOOD]" time="0"/>
  <testcase classname="org.bukkit.PerMaterialTest" name="testBlock[779: STRIPPED_BIRCH_WOOD]" time="0"/>
  <testcase classname="org.bukkit.PerMaterialTest" name="isFuel[779: STRIPPED_BIRCH_WOOD]" time="0"/>
  <testcase classname="org.bukkit.PerMaterialTest" name="testItem[779: STRIPPED_BIRCH_WOOD]" time="0.001"/>
  <testcase classname="org.bukkit.PerMaterialTest" name="testBlastResistance[779: STRIPPED_BIRCH_WOOD]" time="0"/>
  <testcase classname="org.bukkit.PerMaterialTest" name="isEdible[779: STRIPPED_BIRCH_WOOD]" time="0"/>
  <testcase classname="org.bukkit.PerMaterialTest" name="maxDurability[779: STRIPPED_BIRCH_WOOD]" time="0"/>
  <testcase classname="org.bukkit.PerMaterialTest" name="usesDurability[779: STRIPPED_BIRCH_WOOD]" time="0"/>
  <testcase classname="org.bukkit.PerMaterialTest" name="isOccluding[779: STRIPPED_BIRCH_WOOD]" time="0"/>
  <testcase classname="org.bukkit.PerMaterialTest" name="isRecord[779: STRIPPED_BIRCH_WOOD]" time="0"/>
  <testcase classname="org.bukkit.PerMaterialTest" name="isFlammable[779: STRIPPED_BIRCH_WOOD]" time="0"/>
  <testcase classname="org.bukkit.PerMaterialTest" name="testDurability[779: STRIPPED_BIRCH_WOOD]" time="0.001"/>
  <testcase classname="org.bukkit.PerMaterialTest" name="testBlockHardness[779: STRIPPED_BIRCH_WOOD]" time="0"/>
  <testcase classname="org.bukkit.PerMaterialTest" name="maxStackSize[779: STRIPPED_BIRCH_WOOD]" time="0"/>
  <testcase classname="org.bukkit.PerMaterialTest" name="isTransparent[779: STRIPPED_BIRCH_WOOD]" time="0"/>
  <testcase classname="org.bukkit.PerMaterialTest" name="testBlockDataCreation[779: STRIPPED_BIRCH_WOOD]" time="0"/>
  <testcase classname="org.bukkit.PerMaterialTest" name="isBlock[779: STRIPPED_BIRCH_WOOD]" time="0"/>
  <testcase classname="org.bukkit.PerMaterialTest" name="isSolid[779: STRIPPED_BIRCH_WOOD]" time="0"/>
  <testcase classname="org.bukkit.PerMaterialTest" name="hasGravity[780: STRIPPED_DARK_OAK_LOG]" time="0"/>
  <testcase classname="org.bukkit.PerMaterialTest" name="isBurnable[780: STRIPPED_DARK_OAK_LOG]" time="0"/>
  <testcase classname="org.bukkit.PerMaterialTest" name="testInteractable[780: STRIPPED_DARK_OAK_LOG]" time="0"/>
  <testcase classname="org.bukkit.PerMaterialTest" name="testBlock[780: STRIPPED_DARK_OAK_LOG]" time="0"/>
  <testcase classname="org.bukkit.PerMaterialTest" name="isFuel[780: STRIPPED_DARK_OAK_LOG]" time="0"/>
  <testcase classname="org.bukkit.PerMaterialTest" name="testItem[780: STRIPPED_DARK_OAK_LOG]" time="0"/>
  <testcase classname="org.bukkit.PerMaterialTest" name="testBlastResistance[780: STRIPPED_DARK_OAK_LOG]" time="0"/>
  <testcase classname="org.bukkit.PerMaterialTest" name="isEdible[780: STRIPPED_DARK_OAK_LOG]" time="0"/>
  <testcase classname="org.bukkit.PerMaterialTest" name="maxDurability[780: STRIPPED_DARK_OAK_LOG]" time="0"/>
  <testcase classname="org.bukkit.PerMaterialTest" name="usesDurability[780: STRIPPED_DARK_OAK_LOG]" time="0"/>
  <testcase classname="org.bukkit.PerMaterialTest" name="isOccluding[780: STRIPPED_DARK_OAK_LOG]" time="0"/>
  <testcase classname="org.bukkit.PerMaterialTest" name="isRecord[780: STRIPPED_DARK_OAK_LOG]" time="0"/>
  <testcase classname="org.bukkit.PerMaterialTest" name="isFlammable[780: STRIPPED_DARK_OAK_LOG]" time="0"/>
  <testcase classname="org.bukkit.PerMaterialTest" name="testDurability[780: STRIPPED_DARK_OAK_LOG]" time="0.001"/>
  <testcase classname="org.bukkit.PerMaterialTest" name="testBlockHardness[780: STRIPPED_DARK_OAK_LOG]" time="0"/>
  <testcase classname="org.bukkit.PerMaterialTest" name="maxStackSize[780: STRIPPED_DARK_OAK_LOG]" time="0"/>
  <testcase classname="org.bukkit.PerMaterialTest" name="isTransparent[780: STRIPPED_DARK_OAK_LOG]" time="0"/>
  <testcase classname="org.bukkit.PerMaterialTest" name="testBlockDataCreation[780: STRIPPED_DARK_OAK_LOG]" time="0"/>
  <testcase classname="org.bukkit.PerMaterialTest" name="isBlock[780: STRIPPED_DARK_OAK_LOG]" time="0"/>
  <testcase classname="org.bukkit.PerMaterialTest" name="isSolid[780: STRIPPED_DARK_OAK_LOG]" time="0"/>
  <testcase classname="org.bukkit.PerMaterialTest" name="hasGravity[781: STRIPPED_DARK_OAK_WOOD]" time="0"/>
  <testcase classname="org.bukkit.PerMaterialTest" name="isBurnable[781: STRIPPED_DARK_OAK_WOOD]" time="0"/>
  <testcase classname="org.bukkit.PerMaterialTest" name="testInteractable[781: STRIPPED_DARK_OAK_WOOD]" time="0"/>
  <testcase classname="org.bukkit.PerMaterialTest" name="testBlock[781: STRIPPED_DARK_OAK_WOOD]" time="0"/>
  <testcase classname="org.bukkit.PerMaterialTest" name="isFuel[781: STRIPPED_DARK_OAK_WOOD]" time="0"/>
  <testcase classname="org.bukkit.PerMaterialTest" name="testItem[781: STRIPPED_DARK_OAK_WOOD]" time="0.001"/>
  <testcase classname="org.bukkit.PerMaterialTest" name="testBlastResistance[781: STRIPPED_DARK_OAK_WOOD]" time="0"/>
  <testcase classname="org.bukkit.PerMaterialTest" name="isEdible[781: STRIPPED_DARK_OAK_WOOD]" time="0"/>
  <testcase classname="org.bukkit.PerMaterialTest" name="maxDurability[781: STRIPPED_DARK_OAK_WOOD]" time="0"/>
  <testcase classname="org.bukkit.PerMaterialTest" name="usesDurability[781: STRIPPED_DARK_OAK_WOOD]" time="0"/>
  <testcase classname="org.bukkit.PerMaterialTest" name="isOccluding[781: STRIPPED_DARK_OAK_WOOD]" time="0"/>
  <testcase classname="org.bukkit.PerMaterialTest" name="isRecord[781: STRIPPED_DARK_OAK_WOOD]" time="0"/>
  <testcase classname="org.bukkit.PerMaterialTest" name="isFlammable[781: STRIPPED_DARK_OAK_WOOD]" time="0"/>
  <testcase classname="org.bukkit.PerMaterialTest" name="testDurability[781: STRIPPED_DARK_OAK_WOOD]" time="0"/>
  <testcase classname="org.bukkit.PerMaterialTest" name="testBlockHardness[781: STRIPPED_DARK_OAK_WOOD]" time="0"/>
  <testcase classname="org.bukkit.PerMaterialTest" name="maxStackSize[781: STRIPPED_DARK_OAK_WOOD]" time="0"/>
  <testcase classname="org.bukkit.PerMaterialTest" name="isTransparent[781: STRIPPED_DARK_OAK_WOOD]" time="0"/>
  <testcase classname="org.bukkit.PerMaterialTest" name="testBlockDataCreation[781: STRIPPED_DARK_OAK_WOOD]" time="0"/>
  <testcase classname="org.bukkit.PerMaterialTest" name="isBlock[781: STRIPPED_DARK_OAK_WOOD]" time="0"/>
  <testcase classname="org.bukkit.PerMaterialTest" name="isSolid[781: STRIPPED_DARK_OAK_WOOD]" time="0"/>
  <testcase classname="org.bukkit.PerMaterialTest" name="hasGravity[782: STRIPPED_JUNGLE_LOG]" time="0"/>
  <testcase classname="org.bukkit.PerMaterialTest" name="isBurnable[782: STRIPPED_JUNGLE_LOG]" time="0"/>
  <testcase classname="org.bukkit.PerMaterialTest" name="testInteractable[782: STRIPPED_JUNGLE_LOG]" time="0"/>
  <testcase classname="org.bukkit.PerMaterialTest" name="testBlock[782: STRIPPED_JUNGLE_LOG]" time="0"/>
  <testcase classname="org.bukkit.PerMaterialTest" name="isFuel[782: STRIPPED_JUNGLE_LOG]" time="0"/>
  <testcase classname="org.bukkit.PerMaterialTest" name="testItem[782: STRIPPED_JUNGLE_LOG]" time="0"/>
  <testcase classname="org.bukkit.PerMaterialTest" name="testBlastResistance[782: STRIPPED_JUNGLE_LOG]" time="0"/>
  <testcase classname="org.bukkit.PerMaterialTest" name="isEdible[782: STRIPPED_JUNGLE_LOG]" time="0"/>
  <testcase classname="org.bukkit.PerMaterialTest" name="maxDurability[782: STRIPPED_JUNGLE_LOG]" time="0"/>
  <testcase classname="org.bukkit.PerMaterialTest" name="usesDurability[782: STRIPPED_JUNGLE_LOG]" time="0"/>
  <testcase classname="org.bukkit.PerMaterialTest" name="isOccluding[782: STRIPPED_JUNGLE_LOG]" time="0"/>
  <testcase classname="org.bukkit.PerMaterialTest" name="isRecord[782: STRIPPED_JUNGLE_LOG]" time="0"/>
  <testcase classname="org.bukkit.PerMaterialTest" name="isFlammable[782: STRIPPED_JUNGLE_LOG]" time="0.001"/>
  <testcase classname="org.bukkit.PerMaterialTest" name="testDurability[782: STRIPPED_JUNGLE_LOG]" time="0"/>
  <testcase classname="org.bukkit.PerMaterialTest" name="testBlockHardness[782: STRIPPED_JUNGLE_LOG]" time="0"/>
  <testcase classname="org.bukkit.PerMaterialTest" name="maxStackSize[782: STRIPPED_JUNGLE_LOG]" time="0"/>
  <testcase classname="org.bukkit.PerMaterialTest" name="isTransparent[782: STRIPPED_JUNGLE_LOG]" time="0"/>
  <testcase classname="org.bukkit.PerMaterialTest" name="testBlockDataCreation[782: STRIPPED_JUNGLE_LOG]" time="0"/>
  <testcase classname="org.bukkit.PerMaterialTest" name="isBlock[782: STRIPPED_JUNGLE_LOG]" time="0"/>
  <testcase classname="org.bukkit.PerMaterialTest" name="isSolid[782: STRIPPED_JUNGLE_LOG]" time="0.001"/>
  <testcase classname="org.bukkit.PerMaterialTest" name="hasGravity[783: STRIPPED_JUNGLE_WOOD]" time="0"/>
  <testcase classname="org.bukkit.PerMaterialTest" name="isBurnable[783: STRIPPED_JUNGLE_WOOD]" time="0"/>
  <testcase classname="org.bukkit.PerMaterialTest" name="testInteractable[783: STRIPPED_JUNGLE_WOOD]" time="0"/>
  <testcase classname="org.bukkit.PerMaterialTest" name="testBlock[783: STRIPPED_JUNGLE_WOOD]" time="0"/>
  <testcase classname="org.bukkit.PerMaterialTest" name="isFuel[783: STRIPPED_JUNGLE_WOOD]" time="0"/>
  <testcase classname="org.bukkit.PerMaterialTest" name="testItem[783: STRIPPED_JUNGLE_WOOD]" time="0"/>
  <testcase classname="org.bukkit.PerMaterialTest" name="testBlastResistance[783: STRIPPED_JUNGLE_WOOD]" time="0"/>
  <testcase classname="org.bukkit.PerMaterialTest" name="isEdible[783: STRIPPED_JUNGLE_WOOD]" time="0"/>
  <testcase classname="org.bukkit.PerMaterialTest" name="maxDurability[783: STRIPPED_JUNGLE_WOOD]" time="0"/>
  <testcase classname="org.bukkit.PerMaterialTest" name="usesDurability[783: STRIPPED_JUNGLE_WOOD]" time="0"/>
  <testcase classname="org.bukkit.PerMaterialTest" name="isOccluding[783: STRIPPED_JUNGLE_WOOD]" time="0"/>
  <testcase classname="org.bukkit.PerMaterialTest" name="isRecord[783: STRIPPED_JUNGLE_WOOD]" time="0"/>
  <testcase classname="org.bukkit.PerMaterialTest" name="isFlammable[783: STRIPPED_JUNGLE_WOOD]" time="0"/>
  <testcase classname="org.bukkit.PerMaterialTest" name="testDurability[783: STRIPPED_JUNGLE_WOOD]" time="0"/>
  <testcase classname="org.bukkit.PerMaterialTest" name="testBlockHardness[783: STRIPPED_JUNGLE_WOOD]" time="0"/>
  <testcase classname="org.bukkit.PerMaterialTest" name="maxStackSize[783: STRIPPED_JUNGLE_WOOD]" time="0"/>
  <testcase classname="org.bukkit.PerMaterialTest" name="isTransparent[783: STRIPPED_JUNGLE_WOOD]" time="0"/>
  <testcase classname="org.bukkit.PerMaterialTest" name="testBlockDataCreation[783: STRIPPED_JUNGLE_WOOD]" time="0"/>
  <testcase classname="org.bukkit.PerMaterialTest" name="isBlock[783: STRIPPED_JUNGLE_WOOD]" time="0"/>
  <testcase classname="org.bukkit.PerMaterialTest" name="isSolid[783: STRIPPED_JUNGLE_WOOD]" time="0.001"/>
  <testcase classname="org.bukkit.PerMaterialTest" name="hasGravity[784: STRIPPED_OAK_LOG]" time="0"/>
  <testcase classname="org.bukkit.PerMaterialTest" name="isBurnable[784: STRIPPED_OAK_LOG]" time="0"/>
  <testcase classname="org.bukkit.PerMaterialTest" name="testInteractable[784: STRIPPED_OAK_LOG]" time="0"/>
  <testcase classname="org.bukkit.PerMaterialTest" name="testBlock[784: STRIPPED_OAK_LOG]" time="0"/>
  <testcase classname="org.bukkit.PerMaterialTest" name="isFuel[784: STRIPPED_OAK_LOG]" time="0"/>
  <testcase classname="org.bukkit.PerMaterialTest" name="testItem[784: STRIPPED_OAK_LOG]" time="0.001"/>
  <testcase classname="org.bukkit.PerMaterialTest" name="testBlastResistance[784: STRIPPED_OAK_LOG]" time="0"/>
  <testcase classname="org.bukkit.PerMaterialTest" name="isEdible[784: STRIPPED_OAK_LOG]" time="0"/>
  <testcase classname="org.bukkit.PerMaterialTest" name="maxDurability[784: STRIPPED_OAK_LOG]" time="0"/>
  <testcase classname="org.bukkit.PerMaterialTest" name="usesDurability[784: STRIPPED_OAK_LOG]" time="0"/>
  <testcase classname="org.bukkit.PerMaterialTest" name="isOccluding[784: STRIPPED_OAK_LOG]" time="0"/>
  <testcase classname="org.bukkit.PerMaterialTest" name="isRecord[784: STRIPPED_OAK_LOG]" time="0"/>
  <testcase classname="org.bukkit.PerMaterialTest" name="isFlammable[784: STRIPPED_OAK_LOG]" time="0"/>
  <testcase classname="org.bukkit.PerMaterialTest" name="testDurability[784: STRIPPED_OAK_LOG]" time="0"/>
  <testcase classname="org.bukkit.PerMaterialTest" name="testBlockHardness[784: STRIPPED_OAK_LOG]" time="0"/>
  <testcase classname="org.bukkit.PerMaterialTest" name="maxStackSize[784: STRIPPED_OAK_LOG]" time="0"/>
  <testcase classname="org.bukkit.PerMaterialTest" name="isTransparent[784: STRIPPED_OAK_LOG]" time="0"/>
  <testcase classname="org.bukkit.PerMaterialTest" name="testBlockDataCreation[784: STRIPPED_OAK_LOG]" time="0"/>
  <testcase classname="org.bukkit.PerMaterialTest" name="isBlock[784: STRIPPED_OAK_LOG]" time="0"/>
  <testcase classname="org.bukkit.PerMaterialTest" name="isSolid[784: STRIPPED_OAK_LOG]" time="0"/>
  <testcase classname="org.bukkit.PerMaterialTest" name="hasGravity[785: STRIPPED_OAK_WOOD]" time="0"/>
  <testcase classname="org.bukkit.PerMaterialTest" name="isBurnable[785: STRIPPED_OAK_WOOD]" time="0"/>
  <testcase classname="org.bukkit.PerMaterialTest" name="testInteractable[785: STRIPPED_OAK_WOOD]" time="0"/>
  <testcase classname="org.bukkit.PerMaterialTest" name="testBlock[785: STRIPPED_OAK_WOOD]" time="0"/>
  <testcase classname="org.bukkit.PerMaterialTest" name="isFuel[785: STRIPPED_OAK_WOOD]" time="0"/>
  <testcase classname="org.bukkit.PerMaterialTest" name="testItem[785: STRIPPED_OAK_WOOD]" time="0.001"/>
  <testcase classname="org.bukkit.PerMaterialTest" name="testBlastResistance[785: STRIPPED_OAK_WOOD]" time="0"/>
  <testcase classname="org.bukkit.PerMaterialTest" name="isEdible[785: STRIPPED_OAK_WOOD]" time="0"/>
  <testcase classname="org.bukkit.PerMaterialTest" name="maxDurability[785: STRIPPED_OAK_WOOD]" time="0"/>
  <testcase classname="org.bukkit.PerMaterialTest" name="usesDurability[785: STRIPPED_OAK_WOOD]" time="0"/>
  <testcase classname="org.bukkit.PerMaterialTest" name="isOccluding[785: STRIPPED_OAK_WOOD]" time="0"/>
  <testcase classname="org.bukkit.PerMaterialTest" name="isRecord[785: STRIPPED_OAK_WOOD]" time="0"/>
  <testcase classname="org.bukkit.PerMaterialTest" name="isFlammable[785: STRIPPED_OAK_WOOD]" time="0"/>
  <testcase classname="org.bukkit.PerMaterialTest" name="testDurability[785: STRIPPED_OAK_WOOD]" time="0"/>
  <testcase classname="org.bukkit.PerMaterialTest" name="testBlockHardness[785: STRIPPED_OAK_WOOD]" time="0"/>
  <testcase classname="org.bukkit.PerMaterialTest" name="maxStackSize[785: STRIPPED_OAK_WOOD]" time="0"/>
  <testcase classname="org.bukkit.PerMaterialTest" name="isTransparent[785: STRIPPED_OAK_WOOD]" time="0"/>
  <testcase classname="org.bukkit.PerMaterialTest" name="testBlockDataCreation[785: STRIPPED_OAK_WOOD]" time="0"/>
  <testcase classname="org.bukkit.PerMaterialTest" name="isBlock[785: STRIPPED_OAK_WOOD]" time="0"/>
  <testcase classname="org.bukkit.PerMaterialTest" name="isSolid[785: STRIPPED_OAK_WOOD]" time="0"/>
  <testcase classname="org.bukkit.PerMaterialTest" name="hasGravity[786: STRIPPED_SPRUCE_LOG]" time="0"/>
  <testcase classname="org.bukkit.PerMaterialTest" name="isBurnable[786: STRIPPED_SPRUCE_LOG]" time="0"/>
  <testcase classname="org.bukkit.PerMaterialTest" name="testInteractable[786: STRIPPED_SPRUCE_LOG]" time="0"/>
  <testcase classname="org.bukkit.PerMaterialTest" name="testBlock[786: STRIPPED_SPRUCE_LOG]" time="0"/>
  <testcase classname="org.bukkit.PerMaterialTest" name="isFuel[786: STRIPPED_SPRUCE_LOG]" time="0"/>
  <testcase classname="org.bukkit.PerMaterialTest" name="testItem[786: STRIPPED_SPRUCE_LOG]" time="0"/>
  <testcase classname="org.bukkit.PerMaterialTest" name="testBlastResistance[786: STRIPPED_SPRUCE_LOG]" time="0"/>
  <testcase classname="org.bukkit.PerMaterialTest" name="isEdible[786: STRIPPED_SPRUCE_LOG]" time="0"/>
  <testcase classname="org.bukkit.PerMaterialTest" name="maxDurability[786: STRIPPED_SPRUCE_LOG]" time="0"/>
  <testcase classname="org.bukkit.PerMaterialTest" name="usesDurability[786: STRIPPED_SPRUCE_LOG]" time="0"/>
  <testcase classname="org.bukkit.PerMaterialTest" name="isOccluding[786: STRIPPED_SPRUCE_LOG]" time="0"/>
  <testcase classname="org.bukkit.PerMaterialTest" name="isRecord[786: STRIPPED_SPRUCE_LOG]" time="0"/>
  <testcase classname="org.bukkit.PerMaterialTest" name="isFlammable[786: STRIPPED_SPRUCE_LOG]" time="0"/>
  <testcase classname="org.bukkit.PerMaterialTest" name="testDurability[786: STRIPPED_SPRUCE_LOG]" time="0"/>
  <testcase classname="org.bukkit.PerMaterialTest" name="testBlockHardness[786: STRIPPED_SPRUCE_LOG]" time="0"/>
  <testcase classname="org.bukkit.PerMaterialTest" name="maxStackSize[786: STRIPPED_SPRUCE_LOG]" time="0"/>
  <testcase classname="org.bukkit.PerMaterialTest" name="isTransparent[786: STRIPPED_SPRUCE_LOG]" time="0"/>
  <testcase classname="org.bukkit.PerMaterialTest" name="testBlockDataCreation[786: STRIPPED_SPRUCE_LOG]" time="0"/>
  <testcase classname="org.bukkit.PerMaterialTest" name="isBlock[786: STRIPPED_SPRUCE_LOG]" time="0"/>
  <testcase classname="org.bukkit.PerMaterialTest" name="isSolid[786: STRIPPED_SPRUCE_LOG]" time="0"/>
  <testcase classname="org.bukkit.PerMaterialTest" name="hasGravity[787: STRIPPED_SPRUCE_WOOD]" time="0"/>
  <testcase classname="org.bukkit.PerMaterialTest" name="isBurnable[787: STRIPPED_SPRUCE_WOOD]" time="0"/>
  <testcase classname="org.bukkit.PerMaterialTest" name="testInteractable[787: STRIPPED_SPRUCE_WOOD]" time="0"/>
  <testcase classname="org.bukkit.PerMaterialTest" name="testBlock[787: STRIPPED_SPRUCE_WOOD]" time="0"/>
  <testcase classname="org.bukkit.PerMaterialTest" name="isFuel[787: STRIPPED_SPRUCE_WOOD]" time="0"/>
  <testcase classname="org.bukkit.PerMaterialTest" name="testItem[787: STRIPPED_SPRUCE_WOOD]" time="0.001"/>
  <testcase classname="org.bukkit.PerMaterialTest" name="testBlastResistance[787: STRIPPED_SPRUCE_WOOD]" time="0"/>
  <testcase classname="org.bukkit.PerMaterialTest" name="isEdible[787: STRIPPED_SPRUCE_WOOD]" time="0"/>
  <testcase classname="org.bukkit.PerMaterialTest" name="maxDurability[787: STRIPPED_SPRUCE_WOOD]" time="0"/>
  <testcase classname="org.bukkit.PerMaterialTest" name="usesDurability[787: STRIPPED_SPRUCE_WOOD]" time="0"/>
  <testcase classname="org.bukkit.PerMaterialTest" name="isOccluding[787: STRIPPED_SPRUCE_WOOD]" time="0"/>
  <testcase classname="org.bukkit.PerMaterialTest" name="isRecord[787: STRIPPED_SPRUCE_WOOD]" time="0"/>
  <testcase classname="org.bukkit.PerMaterialTest" name="isFlammable[787: STRIPPED_SPRUCE_WOOD]" time="0"/>
  <testcase classname="org.bukkit.PerMaterialTest" name="testDurability[787: STRIPPED_SPRUCE_WOOD]" time="0"/>
  <testcase classname="org.bukkit.PerMaterialTest" name="testBlockHardness[787: STRIPPED_SPRUCE_WOOD]" time="0"/>
  <testcase classname="org.bukkit.PerMaterialTest" name="maxStackSize[787: STRIPPED_SPRUCE_WOOD]" time="0"/>
  <testcase classname="org.bukkit.PerMaterialTest" name="isTransparent[787: STRIPPED_SPRUCE_WOOD]" time="0"/>
  <testcase classname="org.bukkit.PerMaterialTest" name="testBlockDataCreation[787: STRIPPED_SPRUCE_WOOD]" time="0"/>
  <testcase classname="org.bukkit.PerMaterialTest" name="isBlock[787: STRIPPED_SPRUCE_WOOD]" time="0"/>
  <testcase classname="org.bukkit.PerMaterialTest" name="isSolid[787: STRIPPED_SPRUCE_WOOD]" time="0"/>
  <testcase classname="org.bukkit.PerMaterialTest" name="hasGravity[788: STRUCTURE_BLOCK]" time="0"/>
  <testcase classname="org.bukkit.PerMaterialTest" name="isBurnable[788: STRUCTURE_BLOCK]" time="0"/>
  <testcase classname="org.bukkit.PerMaterialTest" name="testInteractable[788: STRUCTURE_BLOCK]" time="0"/>
  <testcase classname="org.bukkit.PerMaterialTest" name="testBlock[788: STRUCTURE_BLOCK]" time="0"/>
  <testcase classname="org.bukkit.PerMaterialTest" name="isFuel[788: STRUCTURE_BLOCK]" time="0.001"/>
  <testcase classname="org.bukkit.PerMaterialTest" name="testItem[788: STRUCTURE_BLOCK]" time="0"/>
  <testcase classname="org.bukkit.PerMaterialTest" name="testBlastResistance[788: STRUCTURE_BLOCK]" time="0"/>
  <testcase classname="org.bukkit.PerMaterialTest" name="isEdible[788: STRUCTURE_BLOCK]" time="0"/>
  <testcase classname="org.bukkit.PerMaterialTest" name="maxDurability[788: STRUCTURE_BLOCK]" time="0"/>
  <testcase classname="org.bukkit.PerMaterialTest" name="usesDurability[788: STRUCTURE_BLOCK]" time="0"/>
  <testcase classname="org.bukkit.PerMaterialTest" name="isOccluding[788: STRUCTURE_BLOCK]" time="0"/>
  <testcase classname="org.bukkit.PerMaterialTest" name="isRecord[788: STRUCTURE_BLOCK]" time="0"/>
  <testcase classname="org.bukkit.PerMaterialTest" name="isFlammable[788: STRUCTURE_BLOCK]" time="0"/>
  <testcase classname="org.bukkit.PerMaterialTest" name="testDurability[788: STRUCTURE_BLOCK]" time="0"/>
  <testcase classname="org.bukkit.PerMaterialTest" name="testBlockHardness[788: STRUCTURE_BLOCK]" time="0"/>
  <testcase classname="org.bukkit.PerMaterialTest" name="maxStackSize[788: STRUCTURE_BLOCK]" time="0"/>
  <testcase classname="org.bukkit.PerMaterialTest" name="isTransparent[788: STRUCTURE_BLOCK]" time="0"/>
  <testcase classname="org.bukkit.PerMaterialTest" name="testBlockDataCreation[788: STRUCTURE_BLOCK]" time="0"/>
  <testcase classname="org.bukkit.PerMaterialTest" name="isBlock[788: STRUCTURE_BLOCK]" time="0.001"/>
  <testcase classname="org.bukkit.PerMaterialTest" name="isSolid[788: STRUCTURE_BLOCK]" time="0"/>
  <testcase classname="org.bukkit.PerMaterialTest" name="hasGravity[789: STRUCTURE_VOID]" time="0"/>
  <testcase classname="org.bukkit.PerMaterialTest" name="isBurnable[789: STRUCTURE_VOID]" time="0"/>
  <testcase classname="org.bukkit.PerMaterialTest" name="testInteractable[789: STRUCTURE_VOID]" time="0"/>
  <testcase classname="org.bukkit.PerMaterialTest" name="testBlock[789: STRUCTURE_VOID]" time="0"/>
  <testcase classname="org.bukkit.PerMaterialTest" name="isFuel[789: STRUCTURE_VOID]" time="0.001"/>
  <testcase classname="org.bukkit.PerMaterialTest" name="testItem[789: STRUCTURE_VOID]" time="0"/>
  <testcase classname="org.bukkit.PerMaterialTest" name="testBlastResistance[789: STRUCTURE_VOID]" time="0"/>
  <testcase classname="org.bukkit.PerMaterialTest" name="isEdible[789: STRUCTURE_VOID]" time="0"/>
  <testcase classname="org.bukkit.PerMaterialTest" name="maxDurability[789: STRUCTURE_VOID]" time="0"/>
  <testcase classname="org.bukkit.PerMaterialTest" name="usesDurability[789: STRUCTURE_VOID]" time="0"/>
  <testcase classname="org.bukkit.PerMaterialTest" name="isOccluding[789: STRUCTURE_VOID]" time="0"/>
  <testcase classname="org.bukkit.PerMaterialTest" name="isRecord[789: STRUCTURE_VOID]" time="0"/>
  <testcase classname="org.bukkit.PerMaterialTest" name="isFlammable[789: STRUCTURE_VOID]" time="0"/>
  <testcase classname="org.bukkit.PerMaterialTest" name="testDurability[789: STRUCTURE_VOID]" time="0"/>
  <testcase classname="org.bukkit.PerMaterialTest" name="testBlockHardness[789: STRUCTURE_VOID]" time="0"/>
  <testcase classname="org.bukkit.PerMaterialTest" name="maxStackSize[789: STRUCTURE_VOID]" time="0"/>
  <testcase classname="org.bukkit.PerMaterialTest" name="isTransparent[789: STRUCTURE_VOID]" time="0"/>
  <testcase classname="org.bukkit.PerMaterialTest" name="testBlockDataCreation[789: STRUCTURE_VOID]" time="0.001"/>
  <testcase classname="org.bukkit.PerMaterialTest" name="isBlock[789: STRUCTURE_VOID]" time="0"/>
  <testcase classname="org.bukkit.PerMaterialTest" name="isSolid[789: STRUCTURE_VOID]" time="0"/>
  <testcase classname="org.bukkit.PerMaterialTest" name="hasGravity[790: SUGAR]" time="0"/>
  <testcase classname="org.bukkit.PerMaterialTest" name="isBurnable[790: SUGAR]" time="0"/>
  <testcase classname="org.bukkit.PerMaterialTest" name="testInteractable[790: SUGAR]" time="0"/>
  <testcase classname="org.bukkit.PerMaterialTest" name="testBlock[790: SUGAR]" time="0"/>
  <testcase classname="org.bukkit.PerMaterialTest" name="isFuel[790: SUGAR]" time="0.001"/>
  <testcase classname="org.bukkit.PerMaterialTest" name="testItem[790: SUGAR]" time="0"/>
  <testcase classname="org.bukkit.PerMaterialTest" name="testBlastResistance[790: SUGAR]" time="0"/>
  <testcase classname="org.bukkit.PerMaterialTest" name="isEdible[790: SUGAR]" time="0"/>
  <testcase classname="org.bukkit.PerMaterialTest" name="maxDurability[790: SUGAR]" time="0"/>
  <testcase classname="org.bukkit.PerMaterialTest" name="usesDurability[790: SUGAR]" time="0"/>
  <testcase classname="org.bukkit.PerMaterialTest" name="isOccluding[790: SUGAR]" time="0"/>
  <testcase classname="org.bukkit.PerMaterialTest" name="isRecord[790: SUGAR]" time="0"/>
  <testcase classname="org.bukkit.PerMaterialTest" name="isFlammable[790: SUGAR]" time="0"/>
  <testcase classname="org.bukkit.PerMaterialTest" name="testDurability[790: SUGAR]" time="0"/>
  <testcase classname="org.bukkit.PerMaterialTest" name="testBlockHardness[790: SUGAR]" time="0"/>
  <testcase classname="org.bukkit.PerMaterialTest" name="maxStackSize[790: SUGAR]" time="0"/>
  <testcase classname="org.bukkit.PerMaterialTest" name="isTransparent[790: SUGAR]" time="0"/>
  <testcase classname="org.bukkit.PerMaterialTest" name="testBlockDataCreation[790: SUGAR]" time="0"/>
  <testcase classname="org.bukkit.PerMaterialTest" name="isBlock[790: SUGAR]" time="0"/>
  <testcase classname="org.bukkit.PerMaterialTest" name="isSolid[790: SUGAR]" time="0"/>
  <testcase classname="org.bukkit.PerMaterialTest" name="hasGravity[791: SUGAR_CANE]" time="0"/>
  <testcase classname="org.bukkit.PerMaterialTest" name="isBurnable[791: SUGAR_CANE]" time="0"/>
  <testcase classname="org.bukkit.PerMaterialTest" name="testInteractable[791: SUGAR_CANE]" time="0"/>
  <testcase classname="org.bukkit.PerMaterialTest" name="testBlock[791: SUGAR_CANE]" time="0"/>
  <testcase classname="org.bukkit.PerMaterialTest" name="isFuel[791: SUGAR_CANE]" time="0.001"/>
  <testcase classname="org.bukkit.PerMaterialTest" name="testItem[791: SUGAR_CANE]" time="0"/>
  <testcase classname="org.bukkit.PerMaterialTest" name="testBlastResistance[791: SUGAR_CANE]" time="0"/>
  <testcase classname="org.bukkit.PerMaterialTest" name="isEdible[791: SUGAR_CANE]" time="0"/>
  <testcase classname="org.bukkit.PerMaterialTest" name="maxDurability[791: SUGAR_CANE]" time="0"/>
  <testcase classname="org.bukkit.PerMaterialTest" name="usesDurability[791: SUGAR_CANE]" time="0"/>
  <testcase classname="org.bukkit.PerMaterialTest" name="isOccluding[791: SUGAR_CANE]" time="0"/>
  <testcase classname="org.bukkit.PerMaterialTest" name="isRecord[791: SUGAR_CANE]" time="0"/>
  <testcase classname="org.bukkit.PerMaterialTest" name="isFlammable[791: SUGAR_CANE]" time="0.001"/>
  <testcase classname="org.bukkit.PerMaterialTest" name="testDurability[791: SUGAR_CANE]" time="0"/>
  <testcase classname="org.bukkit.PerMaterialTest" name="testBlockHardness[791: SUGAR_CANE]" time="0"/>
  <testcase classname="org.bukkit.PerMaterialTest" name="maxStackSize[791: SUGAR_CANE]" time="0"/>
  <testcase classname="org.bukkit.PerMaterialTest" name="isTransparent[791: SUGAR_CANE]" time="0"/>
  <testcase classname="org.bukkit.PerMaterialTest" name="testBlockDataCreation[791: SUGAR_CANE]" time="0"/>
  <testcase classname="org.bukkit.PerMaterialTest" name="isBlock[791: SUGAR_CANE]" time="0"/>
  <testcase classname="org.bukkit.PerMaterialTest" name="isSolid[791: SUGAR_CANE]" time="0.001"/>
  <testcase classname="org.bukkit.PerMaterialTest" name="hasGravity[792: SUNFLOWER]" time="0"/>
  <testcase classname="org.bukkit.PerMaterialTest" name="isBurnable[792: SUNFLOWER]" time="0"/>
  <testcase classname="org.bukkit.PerMaterialTest" name="testInteractable[792: SUNFLOWER]" time="0"/>
  <testcase classname="org.bukkit.PerMaterialTest" name="testBlock[792: SUNFLOWER]" time="0"/>
  <testcase classname="org.bukkit.PerMaterialTest" name="isFuel[792: SUNFLOWER]" time="0"/>
  <testcase classname="org.bukkit.PerMaterialTest" name="testItem[792: SUNFLOWER]" time="0"/>
  <testcase classname="org.bukkit.PerMaterialTest" name="testBlastResistance[792: SUNFLOWER]" time="0"/>
  <testcase classname="org.bukkit.PerMaterialTest" name="isEdible[792: SUNFLOWER]" time="0"/>
  <testcase classname="org.bukkit.PerMaterialTest" name="maxDurability[792: SUNFLOWER]" time="0"/>
  <testcase classname="org.bukkit.PerMaterialTest" name="usesDurability[792: SUNFLOWER]" time="0"/>
  <testcase classname="org.bukkit.PerMaterialTest" name="isOccluding[792: SUNFLOWER]" time="0"/>
  <testcase classname="org.bukkit.PerMaterialTest" name="isRecord[792: SUNFLOWER]" time="0"/>
  <testcase classname="org.bukkit.PerMaterialTest" name="isFlammable[792: SUNFLOWER]" time="0"/>
  <testcase classname="org.bukkit.PerMaterialTest" name="testDurability[792: SUNFLOWER]" time="0"/>
  <testcase classname="org.bukkit.PerMaterialTest" name="testBlockHardness[792: SUNFLOWER]" time="0"/>
  <testcase classname="org.bukkit.PerMaterialTest" name="maxStackSize[792: SUNFLOWER]" time="0"/>
  <testcase classname="org.bukkit.PerMaterialTest" name="isTransparent[792: SUNFLOWER]" time="0"/>
  <testcase classname="org.bukkit.PerMaterialTest" name="testBlockDataCreation[792: SUNFLOWER]" time="0"/>
  <testcase classname="org.bukkit.PerMaterialTest" name="isBlock[792: SUNFLOWER]" time="0"/>
  <testcase classname="org.bukkit.PerMaterialTest" name="isSolid[792: SUNFLOWER]" time="0"/>
  <testcase classname="org.bukkit.PerMaterialTest" name="hasGravity[793: TALL_GRASS]" time="0"/>
  <testcase classname="org.bukkit.PerMaterialTest" name="isBurnable[793: TALL_GRASS]" time="0"/>
  <testcase classname="org.bukkit.PerMaterialTest" name="testInteractable[793: TALL_GRASS]" time="0"/>
  <testcase classname="org.bukkit.PerMaterialTest" name="testBlock[793: TALL_GRASS]" time="0"/>
  <testcase classname="org.bukkit.PerMaterialTest" name="isFuel[793: TALL_GRASS]" time="0"/>
  <testcase classname="org.bukkit.PerMaterialTest" name="testItem[793: TALL_GRASS]" time="0"/>
  <testcase classname="org.bukkit.PerMaterialTest" name="testBlastResistance[793: TALL_GRASS]" time="0"/>
  <testcase classname="org.bukkit.PerMaterialTest" name="isEdible[793: TALL_GRASS]" time="0"/>
  <testcase classname="org.bukkit.PerMaterialTest" name="maxDurability[793: TALL_GRASS]" time="0"/>
  <testcase classname="org.bukkit.PerMaterialTest" name="usesDurability[793: TALL_GRASS]" time="0"/>
  <testcase classname="org.bukkit.PerMaterialTest" name="isOccluding[793: TALL_GRASS]" time="0"/>
  <testcase classname="org.bukkit.PerMaterialTest" name="isRecord[793: TALL_GRASS]" time="0"/>
  <testcase classname="org.bukkit.PerMaterialTest" name="isFlammable[793: TALL_GRASS]" time="0"/>
  <testcase classname="org.bukkit.PerMaterialTest" name="testDurability[793: TALL_GRASS]" time="0"/>
  <testcase classname="org.bukkit.PerMaterialTest" name="testBlockHardness[793: TALL_GRASS]" time="0"/>
  <testcase classname="org.bukkit.PerMaterialTest" name="maxStackSize[793: TALL_GRASS]" time="0"/>
  <testcase classname="org.bukkit.PerMaterialTest" name="isTransparent[793: TALL_GRASS]" time="0"/>
  <testcase classname="org.bukkit.PerMaterialTest" name="testBlockDataCreation[793: TALL_GRASS]" time="0"/>
  <testcase classname="org.bukkit.PerMaterialTest" name="isBlock[793: TALL_GRASS]" time="0"/>
  <testcase classname="org.bukkit.PerMaterialTest" name="isSolid[793: TALL_GRASS]" time="0"/>
  <testcase classname="org.bukkit.PerMaterialTest" name="hasGravity[794: TALL_SEAGRASS]" time="0"/>
  <testcase classname="org.bukkit.PerMaterialTest" name="isBurnable[794: TALL_SEAGRASS]" time="0"/>
  <testcase classname="org.bukkit.PerMaterialTest" name="testInteractable[794: TALL_SEAGRASS]" time="0"/>
  <testcase classname="org.bukkit.PerMaterialTest" name="testBlock[794: TALL_SEAGRASS]" time="0"/>
  <testcase classname="org.bukkit.PerMaterialTest" name="isFuel[794: TALL_SEAGRASS]" time="0"/>
  <testcase classname="org.bukkit.PerMaterialTest" name="testItem[794: TALL_SEAGRASS]" time="0"/>
  <testcase classname="org.bukkit.PerMaterialTest" name="testBlastResistance[794: TALL_SEAGRASS]" time="0"/>
  <testcase classname="org.bukkit.PerMaterialTest" name="isEdible[794: TALL_SEAGRASS]" time="0"/>
  <testcase classname="org.bukkit.PerMaterialTest" name="maxDurability[794: TALL_SEAGRASS]" time="0"/>
  <testcase classname="org.bukkit.PerMaterialTest" name="usesDurability[794: TALL_SEAGRASS]" time="0"/>
  <testcase classname="org.bukkit.PerMaterialTest" name="isOccluding[794: TALL_SEAGRASS]" time="0"/>
  <testcase classname="org.bukkit.PerMaterialTest" name="isRecord[794: TALL_SEAGRASS]" time="0"/>
  <testcase classname="org.bukkit.PerMaterialTest" name="isFlammable[794: TALL_SEAGRASS]" time="0"/>
  <testcase classname="org.bukkit.PerMaterialTest" name="testDurability[794: TALL_SEAGRASS]" time="0"/>
  <testcase classname="org.bukkit.PerMaterialTest" name="testBlockHardness[794: TALL_SEAGRASS]" time="0"/>
  <testcase classname="org.bukkit.PerMaterialTest" name="maxStackSize[794: TALL_SEAGRASS]" time="0"/>
  <testcase classname="org.bukkit.PerMaterialTest" name="isTransparent[794: TALL_SEAGRASS]" time="0"/>
  <testcase classname="org.bukkit.PerMaterialTest" name="testBlockDataCreation[794: TALL_SEAGRASS]" time="0"/>
  <testcase classname="org.bukkit.PerMaterialTest" name="isBlock[794: TALL_SEAGRASS]" time="0"/>
  <testcase classname="org.bukkit.PerMaterialTest" name="isSolid[794: TALL_SEAGRASS]" time="0"/>
  <testcase classname="org.bukkit.PerMaterialTest" name="hasGravity[795: TERRACOTTA]" time="0.001"/>
  <testcase classname="org.bukkit.PerMaterialTest" name="isBurnable[795: TERRACOTTA]" time="0"/>
  <testcase classname="org.bukkit.PerMaterialTest" name="testInteractable[795: TERRACOTTA]" time="0"/>
  <testcase classname="org.bukkit.PerMaterialTest" name="testBlock[795: TERRACOTTA]" time="0"/>
  <testcase classname="org.bukkit.PerMaterialTest" name="isFuel[795: TERRACOTTA]" time="0"/>
  <testcase classname="org.bukkit.PerMaterialTest" name="testItem[795: TERRACOTTA]" time="0"/>
  <testcase classname="org.bukkit.PerMaterialTest" name="testBlastResistance[795: TERRACOTTA]" time="0"/>
  <testcase classname="org.bukkit.PerMaterialTest" name="isEdible[795: TERRACOTTA]" time="0"/>
  <testcase classname="org.bukkit.PerMaterialTest" name="maxDurability[795: TERRACOTTA]" time="0"/>
  <testcase classname="org.bukkit.PerMaterialTest" name="usesDurability[795: TERRACOTTA]" time="0"/>
  <testcase classname="org.bukkit.PerMaterialTest" name="isOccluding[795: TERRACOTTA]" time="0"/>
  <testcase classname="org.bukkit.PerMaterialTest" name="isRecord[795: TERRACOTTA]" time="0"/>
  <testcase classname="org.bukkit.PerMaterialTest" name="isFlammable[795: TERRACOTTA]" time="0"/>
  <testcase classname="org.bukkit.PerMaterialTest" name="testDurability[795: TERRACOTTA]" time="0"/>
  <testcase classname="org.bukkit.PerMaterialTest" name="testBlockHardness[795: TERRACOTTA]" time="0"/>
  <testcase classname="org.bukkit.PerMaterialTest" name="maxStackSize[795: TERRACOTTA]" time="0"/>
  <testcase classname="org.bukkit.PerMaterialTest" name="isTransparent[795: TERRACOTTA]" time="0"/>
  <testcase classname="org.bukkit.PerMaterialTest" name="testBlockDataCreation[795: TERRACOTTA]" time="0"/>
  <testcase classname="org.bukkit.PerMaterialTest" name="isBlock[795: TERRACOTTA]" time="0"/>
  <testcase classname="org.bukkit.PerMaterialTest" name="isSolid[795: TERRACOTTA]" time="0"/>
  <testcase classname="org.bukkit.PerMaterialTest" name="hasGravity[796: TIPPED_ARROW]" time="0"/>
  <testcase classname="org.bukkit.PerMaterialTest" name="isBurnable[796: TIPPED_ARROW]" time="0"/>
  <testcase classname="org.bukkit.PerMaterialTest" name="testInteractable[796: TIPPED_ARROW]" time="0"/>
  <testcase classname="org.bukkit.PerMaterialTest" name="testBlock[796: TIPPED_ARROW]" time="0"/>
  <testcase classname="org.bukkit.PerMaterialTest" name="isFuel[796: TIPPED_ARROW]" time="0"/>
  <testcase classname="org.bukkit.PerMaterialTest" name="testItem[796: TIPPED_ARROW]" time="0"/>
  <testcase classname="org.bukkit.PerMaterialTest" name="testBlastResistance[796: TIPPED_ARROW]" time="0"/>
  <testcase classname="org.bukkit.PerMaterialTest" name="isEdible[796: TIPPED_ARROW]" time="0"/>
  <testcase classname="org.bukkit.PerMaterialTest" name="maxDurability[796: TIPPED_ARROW]" time="0"/>
  <testcase classname="org.bukkit.PerMaterialTest" name="usesDurability[796: TIPPED_ARROW]" time="0"/>
  <testcase classname="org.bukkit.PerMaterialTest" name="isOccluding[796: TIPPED_ARROW]" time="0"/>
  <testcase classname="org.bukkit.PerMaterialTest" name="isRecord[796: TIPPED_ARROW]" time="0"/>
  <testcase classname="org.bukkit.PerMaterialTest" name="isFlammable[796: TIPPED_ARROW]" time="0"/>
  <testcase classname="org.bukkit.PerMaterialTest" name="testDurability[796: TIPPED_ARROW]" time="0"/>
  <testcase classname="org.bukkit.PerMaterialTest" name="testBlockHardness[796: TIPPED_ARROW]" time="0"/>
  <testcase classname="org.bukkit.PerMaterialTest" name="maxStackSize[796: TIPPED_ARROW]" time="0.001"/>
  <testcase classname="org.bukkit.PerMaterialTest" name="isTransparent[796: TIPPED_ARROW]" time="0"/>
  <testcase classname="org.bukkit.PerMaterialTest" name="testBlockDataCreation[796: TIPPED_ARROW]" time="0"/>
  <testcase classname="org.bukkit.PerMaterialTest" name="isBlock[796: TIPPED_ARROW]" time="0"/>
  <testcase classname="org.bukkit.PerMaterialTest" name="isSolid[796: TIPPED_ARROW]" time="0"/>
  <testcase classname="org.bukkit.PerMaterialTest" name="hasGravity[797: TNT]" time="0"/>
  <testcase classname="org.bukkit.PerMaterialTest" name="isBurnable[797: TNT]" time="0"/>
  <testcase classname="org.bukkit.PerMaterialTest" name="testInteractable[797: TNT]" time="0.001"/>
  <testcase classname="org.bukkit.PerMaterialTest" name="testBlock[797: TNT]" time="0"/>
  <testcase classname="org.bukkit.PerMaterialTest" name="isFuel[797: TNT]" time="0"/>
  <testcase classname="org.bukkit.PerMaterialTest" name="testItem[797: TNT]" time="0"/>
  <testcase classname="org.bukkit.PerMaterialTest" name="testBlastResistance[797: TNT]" time="0"/>
  <testcase classname="org.bukkit.PerMaterialTest" name="isEdible[797: TNT]" time="0"/>
  <testcase classname="org.bukkit.PerMaterialTest" name="maxDurability[797: TNT]" time="0.001"/>
  <testcase classname="org.bukkit.PerMaterialTest" name="usesDurability[797: TNT]" time="0"/>
  <testcase classname="org.bukkit.PerMaterialTest" name="isOccluding[797: TNT]" time="0"/>
  <testcase classname="org.bukkit.PerMaterialTest" name="isRecord[797: TNT]" time="0"/>
  <testcase classname="org.bukkit.PerMaterialTest" name="isFlammable[797: TNT]" time="0"/>
  <testcase classname="org.bukkit.PerMaterialTest" name="testDurability[797: TNT]" time="0"/>
  <testcase classname="org.bukkit.PerMaterialTest" name="testBlockHardness[797: TNT]" time="0"/>
  <testcase classname="org.bukkit.PerMaterialTest" name="maxStackSize[797: TNT]" time="0"/>
  <testcase classname="org.bukkit.PerMaterialTest" name="isTransparent[797: TNT]" time="0"/>
  <testcase classname="org.bukkit.PerMaterialTest" name="testBlockDataCreation[797: TNT]" time="0"/>
  <testcase classname="org.bukkit.PerMaterialTest" name="isBlock[797: TNT]" time="0"/>
  <testcase classname="org.bukkit.PerMaterialTest" name="isSolid[797: TNT]" time="0"/>
  <testcase classname="org.bukkit.PerMaterialTest" name="hasGravity[798: TNT_MINECART]" time="0"/>
  <testcase classname="org.bukkit.PerMaterialTest" name="isBurnable[798: TNT_MINECART]" time="0"/>
  <testcase classname="org.bukkit.PerMaterialTest" name="testInteractable[798: TNT_MINECART]" time="0"/>
  <testcase classname="org.bukkit.PerMaterialTest" name="testBlock[798: TNT_MINECART]" time="0"/>
  <testcase classname="org.bukkit.PerMaterialTest" name="isFuel[798: TNT_MINECART]" time="0"/>
  <testcase classname="org.bukkit.PerMaterialTest" name="testItem[798: TNT_MINECART]" time="0"/>
  <testcase classname="org.bukkit.PerMaterialTest" name="testBlastResistance[798: TNT_MINECART]" time="0"/>
  <testcase classname="org.bukkit.PerMaterialTest" name="isEdible[798: TNT_MINECART]" time="0"/>
  <testcase classname="org.bukkit.PerMaterialTest" name="maxDurability[798: TNT_MINECART]" time="0"/>
  <testcase classname="org.bukkit.PerMaterialTest" name="usesDurability[798: TNT_MINECART]" time="0"/>
  <testcase classname="org.bukkit.PerMaterialTest" name="isOccluding[798: TNT_MINECART]" time="0.001"/>
  <testcase classname="org.bukkit.PerMaterialTest" name="isRecord[798: TNT_MINECART]" time="0"/>
  <testcase classname="org.bukkit.PerMaterialTest" name="isFlammable[798: TNT_MINECART]" time="0"/>
  <testcase classname="org.bukkit.PerMaterialTest" name="testDurability[798: TNT_MINECART]" time="0"/>
  <testcase classname="org.bukkit.PerMaterialTest" name="testBlockHardness[798: TNT_MINECART]" time="0"/>
  <testcase classname="org.bukkit.PerMaterialTest" name="maxStackSize[798: TNT_MINECART]" time="0"/>
  <testcase classname="org.bukkit.PerMaterialTest" name="isTransparent[798: TNT_MINECART]" time="0"/>
  <testcase classname="org.bukkit.PerMaterialTest" name="testBlockDataCreation[798: TNT_MINECART]" time="0"/>
  <testcase classname="org.bukkit.PerMaterialTest" name="isBlock[798: TNT_MINECART]" time="0"/>
  <testcase classname="org.bukkit.PerMaterialTest" name="isSolid[798: TNT_MINECART]" time="0"/>
  <testcase classname="org.bukkit.PerMaterialTest" name="hasGravity[799: TORCH]" time="0"/>
  <testcase classname="org.bukkit.PerMaterialTest" name="isBurnable[799: TORCH]" time="0"/>
  <testcase classname="org.bukkit.PerMaterialTest" name="testInteractable[799: TORCH]" time="0"/>
  <testcase classname="org.bukkit.PerMaterialTest" name="testBlock[799: TORCH]" time="0"/>
  <testcase classname="org.bukkit.PerMaterialTest" name="isFuel[799: TORCH]" time="0.001"/>
  <testcase classname="org.bukkit.PerMaterialTest" name="testItem[799: TORCH]" time="0"/>
  <testcase classname="org.bukkit.PerMaterialTest" name="testBlastResistance[799: TORCH]" time="0"/>
  <testcase classname="org.bukkit.PerMaterialTest" name="isEdible[799: TORCH]" time="0"/>
  <testcase classname="org.bukkit.PerMaterialTest" name="maxDurability[799: TORCH]" time="0"/>
  <testcase classname="org.bukkit.PerMaterialTest" name="usesDurability[799: TORCH]" time="0"/>
  <testcase classname="org.bukkit.PerMaterialTest" name="isOccluding[799: TORCH]" time="0"/>
  <testcase classname="org.bukkit.PerMaterialTest" name="isRecord[799: TORCH]" time="0"/>
  <testcase classname="org.bukkit.PerMaterialTest" name="isFlammable[799: TORCH]" time="0"/>
  <testcase classname="org.bukkit.PerMaterialTest" name="testDurability[799: TORCH]" time="0"/>
  <testcase classname="org.bukkit.PerMaterialTest" name="testBlockHardness[799: TORCH]" time="0"/>
  <testcase classname="org.bukkit.PerMaterialTest" name="maxStackSize[799: TORCH]" time="0"/>
  <testcase classname="org.bukkit.PerMaterialTest" name="isTransparent[799: TORCH]" time="0"/>
  <testcase classname="org.bukkit.PerMaterialTest" name="testBlockDataCreation[799: TORCH]" time="0"/>
  <testcase classname="org.bukkit.PerMaterialTest" name="isBlock[799: TORCH]" time="0"/>
  <testcase classname="org.bukkit.PerMaterialTest" name="isSolid[799: TORCH]" time="0.001"/>
  <testcase classname="org.bukkit.PerMaterialTest" name="hasGravity[800: TOTEM_OF_UNDYING]" time="0"/>
  <testcase classname="org.bukkit.PerMaterialTest" name="isBurnable[800: TOTEM_OF_UNDYING]" time="0"/>
  <testcase classname="org.bukkit.PerMaterialTest" name="testInteractable[800: TOTEM_OF_UNDYING]" time="0"/>
  <testcase classname="org.bukkit.PerMaterialTest" name="testBlock[800: TOTEM_OF_UNDYING]" time="0"/>
  <testcase classname="org.bukkit.PerMaterialTest" name="isFuel[800: TOTEM_OF_UNDYING]" time="0"/>
  <testcase classname="org.bukkit.PerMaterialTest" name="testItem[800: TOTEM_OF_UNDYING]" time="0"/>
  <testcase classname="org.bukkit.PerMaterialTest" name="testBlastResistance[800: TOTEM_OF_UNDYING]" time="0"/>
  <testcase classname="org.bukkit.PerMaterialTest" name="isEdible[800: TOTEM_OF_UNDYING]" time="0"/>
  <testcase classname="org.bukkit.PerMaterialTest" name="maxDurability[800: TOTEM_OF_UNDYING]" time="0"/>
  <testcase classname="org.bukkit.PerMaterialTest" name="usesDurability[800: TOTEM_OF_UNDYING]" time="0"/>
  <testcase classname="org.bukkit.PerMaterialTest" name="isOccluding[800: TOTEM_OF_UNDYING]" time="0"/>
  <testcase classname="org.bukkit.PerMaterialTest" name="isRecord[800: TOTEM_OF_UNDYING]" time="0"/>
  <testcase classname="org.bukkit.PerMaterialTest" name="isFlammable[800: TOTEM_OF_UNDYING]" time="0"/>
  <testcase classname="org.bukkit.PerMaterialTest" name="testDurability[800: TOTEM_OF_UNDYING]" time="0"/>
  <testcase classname="org.bukkit.PerMaterialTest" name="testBlockHardness[800: TOTEM_OF_UNDYING]" time="0"/>
  <testcase classname="org.bukkit.PerMaterialTest" name="maxStackSize[800: TOTEM_OF_UNDYING]" time="0"/>
  <testcase classname="org.bukkit.PerMaterialTest" name="isTransparent[800: TOTEM_OF_UNDYING]" time="0"/>
  <testcase classname="org.bukkit.PerMaterialTest" name="testBlockDataCreation[800: TOTEM_OF_UNDYING]" time="0"/>
  <testcase classname="org.bukkit.PerMaterialTest" name="isBlock[800: TOTEM_OF_UNDYING]" time="0"/>
  <testcase classname="org.bukkit.PerMaterialTest" name="isSolid[800: TOTEM_OF_UNDYING]" time="0"/>
  <testcase classname="org.bukkit.PerMaterialTest" name="hasGravity[801: TRAPPED_CHEST]" time="0"/>
  <testcase classname="org.bukkit.PerMaterialTest" name="isBurnable[801: TRAPPED_CHEST]" time="0.001"/>
  <testcase classname="org.bukkit.PerMaterialTest" name="testInteractable[801: TRAPPED_CHEST]" time="0"/>
  <testcase classname="org.bukkit.PerMaterialTest" name="testBlock[801: TRAPPED_CHEST]" time="0"/>
  <testcase classname="org.bukkit.PerMaterialTest" name="isFuel[801: TRAPPED_CHEST]" time="0"/>
  <testcase classname="org.bukkit.PerMaterialTest" name="testItem[801: TRAPPED_CHEST]" time="0"/>
  <testcase classname="org.bukkit.PerMaterialTest" name="testBlastResistance[801: TRAPPED_CHEST]" time="0"/>
  <testcase classname="org.bukkit.PerMaterialTest" name="isEdible[801: TRAPPED_CHEST]" time="0"/>
  <testcase classname="org.bukkit.PerMaterialTest" name="maxDurability[801: TRAPPED_CHEST]" time="0"/>
  <testcase classname="org.bukkit.PerMaterialTest" name="usesDurability[801: TRAPPED_CHEST]" time="0"/>
  <testcase classname="org.bukkit.PerMaterialTest" name="isOccluding[801: TRAPPED_CHEST]" time="0"/>
  <testcase classname="org.bukkit.PerMaterialTest" name="isRecord[801: TRAPPED_CHEST]" time="0"/>
  <testcase classname="org.bukkit.PerMaterialTest" name="isFlammable[801: TRAPPED_CHEST]" time="0"/>
  <testcase classname="org.bukkit.PerMaterialTest" name="testDurability[801: TRAPPED_CHEST]" time="0"/>
  <testcase classname="org.bukkit.PerMaterialTest" name="testBlockHardness[801: TRAPPED_CHEST]" time="0"/>
  <testcase classname="org.bukkit.PerMaterialTest" name="maxStackSize[801: TRAPPED_CHEST]" time="0"/>
  <testcase classname="org.bukkit.PerMaterialTest" name="isTransparent[801: TRAPPED_CHEST]" time="0"/>
  <testcase classname="org.bukkit.PerMaterialTest" name="testBlockDataCreation[801: TRAPPED_CHEST]" time="0"/>
  <testcase classname="org.bukkit.PerMaterialTest" name="isBlock[801: TRAPPED_CHEST]" time="0"/>
  <testcase classname="org.bukkit.PerMaterialTest" name="isSolid[801: TRAPPED_CHEST]" time="0"/>
  <testcase classname="org.bukkit.PerMaterialTest" name="hasGravity[802: TRIDENT]" time="0"/>
  <testcase classname="org.bukkit.PerMaterialTest" name="isBurnable[802: TRIDENT]" time="0"/>
  <testcase classname="org.bukkit.PerMaterialTest" name="testInteractable[802: TRIDENT]" time="0"/>
  <testcase classname="org.bukkit.PerMaterialTest" name="testBlock[802: TRIDENT]" time="0"/>
  <testcase classname="org.bukkit.PerMaterialTest" name="isFuel[802: TRIDENT]" time="0"/>
  <testcase classname="org.bukkit.PerMaterialTest" name="testItem[802: TRIDENT]" time="0"/>
  <testcase classname="org.bukkit.PerMaterialTest" name="testBlastResistance[802: TRIDENT]" time="0"/>
  <testcase classname="org.bukkit.PerMaterialTest" name="isEdible[802: TRIDENT]" time="0"/>
  <testcase classname="org.bukkit.PerMaterialTest" name="maxDurability[802: TRIDENT]" time="0"/>
  <testcase classname="org.bukkit.PerMaterialTest" name="usesDurability[802: TRIDENT]" time="0"/>
  <testcase classname="org.bukkit.PerMaterialTest" name="isOccluding[802: TRIDENT]" time="0"/>
  <testcase classname="org.bukkit.PerMaterialTest" name="isRecord[802: TRIDENT]" time="0"/>
  <testcase classname="org.bukkit.PerMaterialTest" name="isFlammable[802: TRIDENT]" time="0"/>
  <testcase classname="org.bukkit.PerMaterialTest" name="testDurability[802: TRIDENT]" time="0"/>
  <testcase classname="org.bukkit.PerMaterialTest" name="testBlockHardness[802: TRIDENT]" time="0"/>
  <testcase classname="org.bukkit.PerMaterialTest" name="maxStackSize[802: TRIDENT]" time="0.001"/>
  <testcase classname="org.bukkit.PerMaterialTest" name="isTransparent[802: TRIDENT]" time="0"/>
  <testcase classname="org.bukkit.PerMaterialTest" name="testBlockDataCreation[802: TRIDENT]" time="0"/>
  <testcase classname="org.bukkit.PerMaterialTest" name="isBlock[802: TRIDENT]" time="0"/>
  <testcase classname="org.bukkit.PerMaterialTest" name="isSolid[802: TRIDENT]" time="0"/>
  <testcase classname="org.bukkit.PerMaterialTest" name="hasGravity[803: TRIPWIRE]" time="0"/>
  <testcase classname="org.bukkit.PerMaterialTest" name="isBurnable[803: TRIPWIRE]" time="0"/>
  <testcase classname="org.bukkit.PerMaterialTest" name="testInteractable[803: TRIPWIRE]" time="0.001"/>
  <testcase classname="org.bukkit.PerMaterialTest" name="testBlock[803: TRIPWIRE]" time="0"/>
  <testcase classname="org.bukkit.PerMaterialTest" name="isFuel[803: TRIPWIRE]" time="0"/>
  <testcase classname="org.bukkit.PerMaterialTest" name="testItem[803: TRIPWIRE]" time="0"/>
  <testcase classname="org.bukkit.PerMaterialTest" name="testBlastResistance[803: TRIPWIRE]" time="0"/>
  <testcase classname="org.bukkit.PerMaterialTest" name="isEdible[803: TRIPWIRE]" time="0"/>
  <testcase classname="org.bukkit.PerMaterialTest" name="maxDurability[803: TRIPWIRE]" time="0"/>
  <testcase classname="org.bukkit.PerMaterialTest" name="usesDurability[803: TRIPWIRE]" time="0"/>
  <testcase classname="org.bukkit.PerMaterialTest" name="isOccluding[803: TRIPWIRE]" time="0"/>
  <testcase classname="org.bukkit.PerMaterialTest" name="isRecord[803: TRIPWIRE]" time="0"/>
  <testcase classname="org.bukkit.PerMaterialTest" name="isFlammable[803: TRIPWIRE]" time="0"/>
  <testcase classname="org.bukkit.PerMaterialTest" name="testDurability[803: TRIPWIRE]" time="0"/>
  <testcase classname="org.bukkit.PerMaterialTest" name="testBlockHardness[803: TRIPWIRE]" time="0"/>
  <testcase classname="org.bukkit.PerMaterialTest" name="maxStackSize[803: TRIPWIRE]" time="0.001"/>
  <testcase classname="org.bukkit.PerMaterialTest" name="isTransparent[803: TRIPWIRE]" time="0"/>
  <testcase classname="org.bukkit.PerMaterialTest" name="testBlockDataCreation[803: TRIPWIRE]" time="0"/>
  <testcase classname="org.bukkit.PerMaterialTest" name="isBlock[803: TRIPWIRE]" time="0"/>
  <testcase classname="org.bukkit.PerMaterialTest" name="isSolid[803: TRIPWIRE]" time="0"/>
  <testcase classname="org.bukkit.PerMaterialTest" name="hasGravity[804: TRIPWIRE_HOOK]" time="0"/>
  <testcase classname="org.bukkit.PerMaterialTest" name="isBurnable[804: TRIPWIRE_HOOK]" time="0"/>
  <testcase classname="org.bukkit.PerMaterialTest" name="testInteractable[804: TRIPWIRE_HOOK]" time="0.001"/>
  <testcase classname="org.bukkit.PerMaterialTest" name="testBlock[804: TRIPWIRE_HOOK]" time="0"/>
  <testcase classname="org.bukkit.PerMaterialTest" name="isFuel[804: TRIPWIRE_HOOK]" time="0"/>
  <testcase classname="org.bukkit.PerMaterialTest" name="testItem[804: TRIPWIRE_HOOK]" time="0"/>
  <testcase classname="org.bukkit.PerMaterialTest" name="testBlastResistance[804: TRIPWIRE_HOOK]" time="0.001"/>
  <testcase classname="org.bukkit.PerMaterialTest" name="isEdible[804: TRIPWIRE_HOOK]" time="0"/>
  <testcase classname="org.bukkit.PerMaterialTest" name="maxDurability[804: TRIPWIRE_HOOK]" time="0"/>
  <testcase classname="org.bukkit.PerMaterialTest" name="usesDurability[804: TRIPWIRE_HOOK]" time="0"/>
  <testcase classname="org.bukkit.PerMaterialTest" name="isOccluding[804: TRIPWIRE_HOOK]" time="0"/>
  <testcase classname="org.bukkit.PerMaterialTest" name="isRecord[804: TRIPWIRE_HOOK]" time="0"/>
  <testcase classname="org.bukkit.PerMaterialTest" name="isFlammable[804: TRIPWIRE_HOOK]" time="0"/>
  <testcase classname="org.bukkit.PerMaterialTest" name="testDurability[804: TRIPWIRE_HOOK]" time="0"/>
  <testcase classname="org.bukkit.PerMaterialTest" name="testBlockHardness[804: TRIPWIRE_HOOK]" time="0"/>
  <testcase classname="org.bukkit.PerMaterialTest" name="maxStackSize[804: TRIPWIRE_HOOK]" time="0"/>
  <testcase classname="org.bukkit.PerMaterialTest" name="isTransparent[804: TRIPWIRE_HOOK]" time="0"/>
  <testcase classname="org.bukkit.PerMaterialTest" name="testBlockDataCreation[804: TRIPWIRE_HOOK]" time="0"/>
  <testcase classname="org.bukkit.PerMaterialTest" name="isBlock[804: TRIPWIRE_HOOK]" time="0"/>
  <testcase classname="org.bukkit.PerMaterialTest" name="isSolid[804: TRIPWIRE_HOOK]" time="0"/>
  <testcase classname="org.bukkit.PerMaterialTest" name="hasGravity[805: TROPICAL_FISH]" time="0"/>
  <testcase classname="org.bukkit.PerMaterialTest" name="isBurnable[805: TROPICAL_FISH]" time="0"/>
  <testcase classname="org.bukkit.PerMaterialTest" name="testInteractable[805: TROPICAL_FISH]" time="0"/>
  <testcase classname="org.bukkit.PerMaterialTest" name="testBlock[805: TROPICAL_FISH]" time="0"/>
  <testcase classname="org.bukkit.PerMaterialTest" name="isFuel[805: TROPICAL_FISH]" time="0"/>
  <testcase classname="org.bukkit.PerMaterialTest" name="testItem[805: TROPICAL_FISH]" time="0"/>
  <testcase classname="org.bukkit.PerMaterialTest" name="testBlastResistance[805: TROPICAL_FISH]" time="0"/>
  <testcase classname="org.bukkit.PerMaterialTest" name="isEdible[805: TROPICAL_FISH]" time="0"/>
  <testcase classname="org.bukkit.PerMaterialTest" name="maxDurability[805: TROPICAL_FISH]" time="0.001"/>
  <testcase classname="org.bukkit.PerMaterialTest" name="usesDurability[805: TROPICAL_FISH]" time="0"/>
  <testcase classname="org.bukkit.PerMaterialTest" name="isOccluding[805: TROPICAL_FISH]" time="0"/>
  <testcase classname="org.bukkit.PerMaterialTest" name="isRecord[805: TROPICAL_FISH]" time="0"/>
  <testcase classname="org.bukkit.PerMaterialTest" name="isFlammable[805: TROPICAL_FISH]" time="0"/>
  <testcase classname="org.bukkit.PerMaterialTest" name="testDurability[805: TROPICAL_FISH]" time="0"/>
  <testcase classname="org.bukkit.PerMaterialTest" name="testBlockHardness[805: TROPICAL_FISH]" time="0"/>
  <testcase classname="org.bukkit.PerMaterialTest" name="maxStackSize[805: TROPICAL_FISH]" time="0"/>
  <testcase classname="org.bukkit.PerMaterialTest" name="isTransparent[805: TROPICAL_FISH]" time="0"/>
  <testcase classname="org.bukkit.PerMaterialTest" name="testBlockDataCreation[805: TROPICAL_FISH]" time="0"/>
  <testcase classname="org.bukkit.PerMaterialTest" name="isBlock[805: TROPICAL_FISH]" time="0"/>
  <testcase classname="org.bukkit.PerMaterialTest" name="isSolid[805: TROPICAL_FISH]" time="0"/>
  <testcase classname="org.bukkit.PerMaterialTest" name="hasGravity[806: TROPICAL_FISH_BUCKET]" time="0"/>
  <testcase classname="org.bukkit.PerMaterialTest" name="isBurnable[806: TROPICAL_FISH_BUCKET]" time="0"/>
  <testcase classname="org.bukkit.PerMaterialTest" name="testInteractable[806: TROPICAL_FISH_BUCKET]" time="0"/>
  <testcase classname="org.bukkit.PerMaterialTest" name="testBlock[806: TROPICAL_FISH_BUCKET]" time="0.001"/>
  <testcase classname="org.bukkit.PerMaterialTest" name="isFuel[806: TROPICAL_FISH_BUCKET]" time="0"/>
  <testcase classname="org.bukkit.PerMaterialTest" name="testItem[806: TROPICAL_FISH_BUCKET]" time="0"/>
  <testcase classname="org.bukkit.PerMaterialTest" name="testBlastResistance[806: TROPICAL_FISH_BUCKET]" time="0"/>
  <testcase classname="org.bukkit.PerMaterialTest" name="isEdible[806: TROPICAL_FISH_BUCKET]" time="0"/>
  <testcase classname="org.bukkit.PerMaterialTest" name="maxDurability[806: TROPICAL_FISH_BUCKET]" time="0"/>
  <testcase classname="org.bukkit.PerMaterialTest" name="usesDurability[806: TROPICAL_FISH_BUCKET]" time="0"/>
  <testcase classname="org.bukkit.PerMaterialTest" name="isOccluding[806: TROPICAL_FISH_BUCKET]" time="0"/>
  <testcase classname="org.bukkit.PerMaterialTest" name="isRecord[806: TROPICAL_FISH_BUCKET]" time="0"/>
  <testcase classname="org.bukkit.PerMaterialTest" name="isFlammable[806: TROPICAL_FISH_BUCKET]" time="0"/>
  <testcase classname="org.bukkit.PerMaterialTest" name="testDurability[806: TROPICAL_FISH_BUCKET]" time="0"/>
  <testcase classname="org.bukkit.PerMaterialTest" name="testBlockHardness[806: TROPICAL_FISH_BUCKET]" time="0"/>
  <testcase classname="org.bukkit.PerMaterialTest" name="maxStackSize[806: TROPICAL_FISH_BUCKET]" time="0"/>
  <testcase classname="org.bukkit.PerMaterialTest" name="isTransparent[806: TROPICAL_FISH_BUCKET]" time="0"/>
  <testcase classname="org.bukkit.PerMaterialTest" name="testBlockDataCreation[806: TROPICAL_FISH_BUCKET]" time="0.001"/>
  <testcase classname="org.bukkit.PerMaterialTest" name="isBlock[806: TROPICAL_FISH_BUCKET]" time="0"/>
  <testcase classname="org.bukkit.PerMaterialTest" name="isSolid[806: TROPICAL_FISH_BUCKET]" time="0"/>
  <testcase classname="org.bukkit.PerMaterialTest" name="hasGravity[807: TROPICAL_FISH_SPAWN_EGG]" time="0"/>
  <testcase classname="org.bukkit.PerMaterialTest" name="isBurnable[807: TROPICAL_FISH_SPAWN_EGG]" time="0"/>
  <testcase classname="org.bukkit.PerMaterialTest" name="testInteractable[807: TROPICAL_FISH_SPAWN_EGG]" time="0"/>
  <testcase classname="org.bukkit.PerMaterialTest" name="testBlock[807: TROPICAL_FISH_SPAWN_EGG]" time="0"/>
  <testcase classname="org.bukkit.PerMaterialTest" name="isFuel[807: TROPICAL_FISH_SPAWN_EGG]" time="0.001"/>
  <testcase classname="org.bukkit.PerMaterialTest" name="testItem[807: TROPICAL_FISH_SPAWN_EGG]" time="0"/>
  <testcase classname="org.bukkit.PerMaterialTest" name="testBlastResistance[807: TROPICAL_FISH_SPAWN_EGG]" time="0"/>
  <testcase classname="org.bukkit.PerMaterialTest" name="isEdible[807: TROPICAL_FISH_SPAWN_EGG]" time="0"/>
  <testcase classname="org.bukkit.PerMaterialTest" name="maxDurability[807: TROPICAL_FISH_SPAWN_EGG]" time="0"/>
  <testcase classname="org.bukkit.PerMaterialTest" name="usesDurability[807: TROPICAL_FISH_SPAWN_EGG]" time="0"/>
  <testcase classname="org.bukkit.PerMaterialTest" name="isOccluding[807: TROPICAL_FISH_SPAWN_EGG]" time="0"/>
  <testcase classname="org.bukkit.PerMaterialTest" name="isRecord[807: TROPICAL_FISH_SPAWN_EGG]" time="0.001"/>
  <testcase classname="org.bukkit.PerMaterialTest" name="isFlammable[807: TROPICAL_FISH_SPAWN_EGG]" time="0"/>
  <testcase classname="org.bukkit.PerMaterialTest" name="testDurability[807: TROPICAL_FISH_SPAWN_EGG]" time="0"/>
  <testcase classname="org.bukkit.PerMaterialTest" name="testBlockHardness[807: TROPICAL_FISH_SPAWN_EGG]" time="0"/>
  <testcase classname="org.bukkit.PerMaterialTest" name="maxStackSize[807: TROPICAL_FISH_SPAWN_EGG]" time="0"/>
  <testcase classname="org.bukkit.PerMaterialTest" name="isTransparent[807: TROPICAL_FISH_SPAWN_EGG]" time="0"/>
  <testcase classname="org.bukkit.PerMaterialTest" name="testBlockDataCreation[807: TROPICAL_FISH_SPAWN_EGG]" time="0"/>
  <testcase classname="org.bukkit.PerMaterialTest" name="isBlock[807: TROPICAL_FISH_SPAWN_EGG]" time="0"/>
  <testcase classname="org.bukkit.PerMaterialTest" name="isSolid[807: TROPICAL_FISH_SPAWN_EGG]" time="0"/>
  <testcase classname="org.bukkit.PerMaterialTest" name="hasGravity[808: TUBE_CORAL]" time="0"/>
  <testcase classname="org.bukkit.PerMaterialTest" name="isBurnable[808: TUBE_CORAL]" time="0"/>
  <testcase classname="org.bukkit.PerMaterialTest" name="testInteractable[808: TUBE_CORAL]" time="0"/>
  <testcase classname="org.bukkit.PerMaterialTest" name="testBlock[808: TUBE_CORAL]" time="0"/>
  <testcase classname="org.bukkit.PerMaterialTest" name="isFuel[808: TUBE_CORAL]" time="0"/>
  <testcase classname="org.bukkit.PerMaterialTest" name="testItem[808: TUBE_CORAL]" time="0"/>
  <testcase classname="org.bukkit.PerMaterialTest" name="testBlastResistance[808: TUBE_CORAL]" time="0"/>
  <testcase classname="org.bukkit.PerMaterialTest" name="isEdible[808: TUBE_CORAL]" time="0"/>
  <testcase classname="org.bukkit.PerMaterialTest" name="maxDurability[808: TUBE_CORAL]" time="0"/>
  <testcase classname="org.bukkit.PerMaterialTest" name="usesDurability[808: TUBE_CORAL]" time="0"/>
  <testcase classname="org.bukkit.PerMaterialTest" name="isOccluding[808: TUBE_CORAL]" time="0"/>
  <testcase classname="org.bukkit.PerMaterialTest" name="isRecord[808: TUBE_CORAL]" time="0"/>
  <testcase classname="org.bukkit.PerMaterialTest" name="isFlammable[808: TUBE_CORAL]" time="0"/>
  <testcase classname="org.bukkit.PerMaterialTest" name="testDurability[808: TUBE_CORAL]" time="0"/>
  <testcase classname="org.bukkit.PerMaterialTest" name="testBlockHardness[808: TUBE_CORAL]" time="0"/>
  <testcase classname="org.bukkit.PerMaterialTest" name="maxStackSize[808: TUBE_CORAL]" time="0"/>
  <testcase classname="org.bukkit.PerMaterialTest" name="isTransparent[808: TUBE_CORAL]" time="0"/>
  <testcase classname="org.bukkit.PerMaterialTest" name="testBlockDataCreation[808: TUBE_CORAL]" time="0"/>
  <testcase classname="org.bukkit.PerMaterialTest" name="isBlock[808: TUBE_CORAL]" time="0"/>
  <testcase classname="org.bukkit.PerMaterialTest" name="isSolid[808: TUBE_CORAL]" time="0"/>
  <testcase classname="org.bukkit.PerMaterialTest" name="hasGravity[809: TUBE_CORAL_BLOCK]" time="0"/>
  <testcase classname="org.bukkit.PerMaterialTest" name="isBurnable[809: TUBE_CORAL_BLOCK]" time="0"/>
  <testcase classname="org.bukkit.PerMaterialTest" name="testInteractable[809: TUBE_CORAL_BLOCK]" time="0"/>
  <testcase classname="org.bukkit.PerMaterialTest" name="testBlock[809: TUBE_CORAL_BLOCK]" time="0"/>
  <testcase classname="org.bukkit.PerMaterialTest" name="isFuel[809: TUBE_CORAL_BLOCK]" time="0"/>
  <testcase classname="org.bukkit.PerMaterialTest" name="testItem[809: TUBE_CORAL_BLOCK]" time="0"/>
  <testcase classname="org.bukkit.PerMaterialTest" name="testBlastResistance[809: TUBE_CORAL_BLOCK]" time="0"/>
  <testcase classname="org.bukkit.PerMaterialTest" name="isEdible[809: TUBE_CORAL_BLOCK]" time="0"/>
  <testcase classname="org.bukkit.PerMaterialTest" name="maxDurability[809: TUBE_CORAL_BLOCK]" time="0"/>
  <testcase classname="org.bukkit.PerMaterialTest" name="usesDurability[809: TUBE_CORAL_BLOCK]" time="0"/>
  <testcase classname="org.bukkit.PerMaterialTest" name="isOccluding[809: TUBE_CORAL_BLOCK]" time="0"/>
  <testcase classname="org.bukkit.PerMaterialTest" name="isRecord[809: TUBE_CORAL_BLOCK]" time="0"/>
  <testcase classname="org.bukkit.PerMaterialTest" name="isFlammable[809: TUBE_CORAL_BLOCK]" time="0"/>
  <testcase classname="org.bukkit.PerMaterialTest" name="testDurability[809: TUBE_CORAL_BLOCK]" time="0.001"/>
  <testcase classname="org.bukkit.PerMaterialTest" name="testBlockHardness[809: TUBE_CORAL_BLOCK]" time="0"/>
  <testcase classname="org.bukkit.PerMaterialTest" name="maxStackSize[809: TUBE_CORAL_BLOCK]" time="0"/>
  <testcase classname="org.bukkit.PerMaterialTest" name="isTransparent[809: TUBE_CORAL_BLOCK]" time="0"/>
  <testcase classname="org.bukkit.PerMaterialTest" name="testBlockDataCreation[809: TUBE_CORAL_BLOCK]" time="0"/>
  <testcase classname="org.bukkit.PerMaterialTest" name="isBlock[809: TUBE_CORAL_BLOCK]" time="0"/>
  <testcase classname="org.bukkit.PerMaterialTest" name="isSolid[809: TUBE_CORAL_BLOCK]" time="0"/>
  <testcase classname="org.bukkit.PerMaterialTest" name="hasGravity[810: TUBE_CORAL_FAN]" time="0"/>
  <testcase classname="org.bukkit.PerMaterialTest" name="isBurnable[810: TUBE_CORAL_FAN]" time="0"/>
  <testcase classname="org.bukkit.PerMaterialTest" name="testInteractable[810: TUBE_CORAL_FAN]" time="0"/>
  <testcase classname="org.bukkit.PerMaterialTest" name="testBlock[810: TUBE_CORAL_FAN]" time="0"/>
  <testcase classname="org.bukkit.PerMaterialTest" name="isFuel[810: TUBE_CORAL_FAN]" time="0"/>
  <testcase classname="org.bukkit.PerMaterialTest" name="testItem[810: TUBE_CORAL_FAN]" time="0"/>
  <testcase classname="org.bukkit.PerMaterialTest" name="testBlastResistance[810: TUBE_CORAL_FAN]" time="0"/>
  <testcase classname="org.bukkit.PerMaterialTest" name="isEdible[810: TUBE_CORAL_FAN]" time="0"/>
  <testcase classname="org.bukkit.PerMaterialTest" name="maxDurability[810: TUBE_CORAL_FAN]" time="0"/>
  <testcase classname="org.bukkit.PerMaterialTest" name="usesDurability[810: TUBE_CORAL_FAN]" time="0"/>
  <testcase classname="org.bukkit.PerMaterialTest" name="isOccluding[810: TUBE_CORAL_FAN]" time="0"/>
  <testcase classname="org.bukkit.PerMaterialTest" name="isRecord[810: TUBE_CORAL_FAN]" time="0"/>
  <testcase classname="org.bukkit.PerMaterialTest" name="isFlammable[810: TUBE_CORAL_FAN]" time="0"/>
  <testcase classname="org.bukkit.PerMaterialTest" name="testDurability[810: TUBE_CORAL_FAN]" time="0"/>
  <testcase classname="org.bukkit.PerMaterialTest" name="testBlockHardness[810: TUBE_CORAL_FAN]" time="0"/>
  <testcase classname="org.bukkit.PerMaterialTest" name="maxStackSize[810: TUBE_CORAL_FAN]" time="0"/>
  <testcase classname="org.bukkit.PerMaterialTest" name="isTransparent[810: TUBE_CORAL_FAN]" time="0"/>
  <testcase classname="org.bukkit.PerMaterialTest" name="testBlockDataCreation[810: TUBE_CORAL_FAN]" time="0"/>
  <testcase classname="org.bukkit.PerMaterialTest" name="isBlock[810: TUBE_CORAL_FAN]" time="0"/>
  <testcase classname="org.bukkit.PerMaterialTest" name="isSolid[810: TUBE_CORAL_FAN]" time="0"/>
  <testcase classname="org.bukkit.PerMaterialTest" name="hasGravity[811: TUBE_CORAL_WALL_FAN]" time="0"/>
  <testcase classname="org.bukkit.PerMaterialTest" name="isBurnable[811: TUBE_CORAL_WALL_FAN]" time="0"/>
  <testcase classname="org.bukkit.PerMaterialTest" name="testInteractable[811: TUBE_CORAL_WALL_FAN]" time="0"/>
  <testcase classname="org.bukkit.PerMaterialTest" name="testBlock[811: TUBE_CORAL_WALL_FAN]" time="0"/>
  <testcase classname="org.bukkit.PerMaterialTest" name="isFuel[811: TUBE_CORAL_WALL_FAN]" time="0"/>
  <testcase classname="org.bukkit.PerMaterialTest" name="testItem[811: TUBE_CORAL_WALL_FAN]" time="0"/>
  <testcase classname="org.bukkit.PerMaterialTest" name="testBlastResistance[811: TUBE_CORAL_WALL_FAN]" time="0"/>
  <testcase classname="org.bukkit.PerMaterialTest" name="isEdible[811: TUBE_CORAL_WALL_FAN]" time="0"/>
  <testcase classname="org.bukkit.PerMaterialTest" name="maxDurability[811: TUBE_CORAL_WALL_FAN]" time="0"/>
  <testcase classname="org.bukkit.PerMaterialTest" name="usesDurability[811: TUBE_CORAL_WALL_FAN]" time="0"/>
  <testcase classname="org.bukkit.PerMaterialTest" name="isOccluding[811: TUBE_CORAL_WALL_FAN]" time="0"/>
  <testcase classname="org.bukkit.PerMaterialTest" name="isRecord[811: TUBE_CORAL_WALL_FAN]" time="0"/>
  <testcase classname="org.bukkit.PerMaterialTest" name="isFlammable[811: TUBE_CORAL_WALL_FAN]" time="0"/>
  <testcase classname="org.bukkit.PerMaterialTest" name="testDurability[811: TUBE_CORAL_WALL_FAN]" time="0"/>
  <testcase classname="org.bukkit.PerMaterialTest" name="testBlockHardness[811: TUBE_CORAL_WALL_FAN]" time="0"/>
  <testcase classname="org.bukkit.PerMaterialTest" name="maxStackSize[811: TUBE_CORAL_WALL_FAN]" time="0"/>
  <testcase classname="org.bukkit.PerMaterialTest" name="isTransparent[811: TUBE_CORAL_WALL_FAN]" time="0"/>
  <testcase classname="org.bukkit.PerMaterialTest" name="testBlockDataCreation[811: TUBE_CORAL_WALL_FAN]" time="0"/>
  <testcase classname="org.bukkit.PerMaterialTest" name="isBlock[811: TUBE_CORAL_WALL_FAN]" time="0"/>
  <testcase classname="org.bukkit.PerMaterialTest" name="isSolid[811: TUBE_CORAL_WALL_FAN]" time="0"/>
  <testcase classname="org.bukkit.PerMaterialTest" name="hasGravity[812: TURTLE_EGG]" time="0"/>
  <testcase classname="org.bukkit.PerMaterialTest" name="isBurnable[812: TURTLE_EGG]" time="0"/>
  <testcase classname="org.bukkit.PerMaterialTest" name="testInteractable[812: TURTLE_EGG]" time="0.001"/>
  <testcase classname="org.bukkit.PerMaterialTest" name="testBlock[812: TURTLE_EGG]" time="0"/>
  <testcase classname="org.bukkit.PerMaterialTest" name="isFuel[812: TURTLE_EGG]" time="0"/>
  <testcase classname="org.bukkit.PerMaterialTest" name="testItem[812: TURTLE_EGG]" time="0"/>
  <testcase classname="org.bukkit.PerMaterialTest" name="testBlastResistance[812: TURTLE_EGG]" time="0.001"/>
  <testcase classname="org.bukkit.PerMaterialTest" name="isEdible[812: TURTLE_EGG]" time="0"/>
  <testcase classname="org.bukkit.PerMaterialTest" name="maxDurability[812: TURTLE_EGG]" time="0"/>
  <testcase classname="org.bukkit.PerMaterialTest" name="usesDurability[812: TURTLE_EGG]" time="0"/>
  <testcase classname="org.bukkit.PerMaterialTest" name="isOccluding[812: TURTLE_EGG]" time="0"/>
  <testcase classname="org.bukkit.PerMaterialTest" name="isRecord[812: TURTLE_EGG]" time="0"/>
  <testcase classname="org.bukkit.PerMaterialTest" name="isFlammable[812: TURTLE_EGG]" time="0"/>
  <testcase classname="org.bukkit.PerMaterialTest" name="testDurability[812: TURTLE_EGG]" time="0"/>
  <testcase classname="org.bukkit.PerMaterialTest" name="testBlockHardness[812: TURTLE_EGG]" time="0.001"/>
  <testcase classname="org.bukkit.PerMaterialTest" name="maxStackSize[812: TURTLE_EGG]" time="0"/>
  <testcase classname="org.bukkit.PerMaterialTest" name="isTransparent[812: TURTLE_EGG]" time="0"/>
  <testcase classname="org.bukkit.PerMaterialTest" name="testBlockDataCreation[812: TURTLE_EGG]" time="0"/>
  <testcase classname="org.bukkit.PerMaterialTest" name="isBlock[812: TURTLE_EGG]" time="0"/>
  <testcase classname="org.bukkit.PerMaterialTest" name="isSolid[812: TURTLE_EGG]" time="0"/>
  <testcase classname="org.bukkit.PerMaterialTest" name="hasGravity[813: TURTLE_HELMET]" time="0"/>
  <testcase classname="org.bukkit.PerMaterialTest" name="isBurnable[813: TURTLE_HELMET]" time="0.001"/>
  <testcase classname="org.bukkit.PerMaterialTest" name="testInteractable[813: TURTLE_HELMET]" time="0"/>
  <testcase classname="org.bukkit.PerMaterialTest" name="testBlock[813: TURTLE_HELMET]" time="0"/>
  <testcase classname="org.bukkit.PerMaterialTest" name="isFuel[813: TURTLE_HELMET]" time="0"/>
  <testcase classname="org.bukkit.PerMaterialTest" name="testItem[813: TURTLE_HELMET]" time="0"/>
  <testcase classname="org.bukkit.PerMaterialTest" name="testBlastResistance[813: TURTLE_HELMET]" time="0"/>
  <testcase classname="org.bukkit.PerMaterialTest" name="isEdible[813: TURTLE_HELMET]" time="0"/>
  <testcase classname="org.bukkit.PerMaterialTest" name="maxDurability[813: TURTLE_HELMET]" time="0"/>
  <testcase classname="org.bukkit.PerMaterialTest" name="usesDurability[813: TURTLE_HELMET]" time="0"/>
  <testcase classname="org.bukkit.PerMaterialTest" name="isOccluding[813: TURTLE_HELMET]" time="0"/>
  <testcase classname="org.bukkit.PerMaterialTest" name="isRecord[813: TURTLE_HELMET]" time="0"/>
  <testcase classname="org.bukkit.PerMaterialTest" name="isFlammable[813: TURTLE_HELMET]" time="0"/>
  <testcase classname="org.bukkit.PerMaterialTest" name="testDurability[813: TURTLE_HELMET]" time="0"/>
  <testcase classname="org.bukkit.PerMaterialTest" name="testBlockHardness[813: TURTLE_HELMET]" time="0"/>
  <testcase classname="org.bukkit.PerMaterialTest" name="maxStackSize[813: TURTLE_HELMET]" time="0"/>
  <testcase classname="org.bukkit.PerMaterialTest" name="isTransparent[813: TURTLE_HELMET]" time="0"/>
  <testcase classname="org.bukkit.PerMaterialTest" name="testBlockDataCreation[813: TURTLE_HELMET]" time="0"/>
  <testcase classname="org.bukkit.PerMaterialTest" name="isBlock[813: TURTLE_HELMET]" time="0"/>
  <testcase classname="org.bukkit.PerMaterialTest" name="isSolid[813: TURTLE_HELMET]" time="0"/>
  <testcase classname="org.bukkit.PerMaterialTest" name="hasGravity[814: TURTLE_SPAWN_EGG]" time="0"/>
  <testcase classname="org.bukkit.PerMaterialTest" name="isBurnable[814: TURTLE_SPAWN_EGG]" time="0"/>
  <testcase classname="org.bukkit.PerMaterialTest" name="testInteractable[814: TURTLE_SPAWN_EGG]" time="0"/>
  <testcase classname="org.bukkit.PerMaterialTest" name="testBlock[814: TURTLE_SPAWN_EGG]" time="0"/>
  <testcase classname="org.bukkit.PerMaterialTest" name="isFuel[814: TURTLE_SPAWN_EGG]" time="0"/>
  <testcase classname="org.bukkit.PerMaterialTest" name="testItem[814: TURTLE_SPAWN_EGG]" time="0"/>
  <testcase classname="org.bukkit.PerMaterialTest" name="testBlastResistance[814: TURTLE_SPAWN_EGG]" time="0"/>
  <testcase classname="org.bukkit.PerMaterialTest" name="isEdible[814: TURTLE_SPAWN_EGG]" time="0"/>
  <testcase classname="org.bukkit.PerMaterialTest" name="maxDurability[814: TURTLE_SPAWN_EGG]" time="0"/>
  <testcase classname="org.bukkit.PerMaterialTest" name="usesDurability[814: TURTLE_SPAWN_EGG]" time="0"/>
  <testcase classname="org.bukkit.PerMaterialTest" name="isOccluding[814: TURTLE_SPAWN_EGG]" time="0.001"/>
  <testcase classname="org.bukkit.PerMaterialTest" name="isRecord[814: TURTLE_SPAWN_EGG]" time="0"/>
  <testcase classname="org.bukkit.PerMaterialTest" name="isFlammable[814: TURTLE_SPAWN_EGG]" time="0"/>
  <testcase classname="org.bukkit.PerMaterialTest" name="testDurability[814: TURTLE_SPAWN_EGG]" time="0"/>
  <testcase classname="org.bukkit.PerMaterialTest" name="testBlockHardness[814: TURTLE_SPAWN_EGG]" time="0"/>
  <testcase classname="org.bukkit.PerMaterialTest" name="maxStackSize[814: TURTLE_SPAWN_EGG]" time="0"/>
  <testcase classname="org.bukkit.PerMaterialTest" name="isTransparent[814: TURTLE_SPAWN_EGG]" time="0"/>
  <testcase classname="org.bukkit.PerMaterialTest" name="testBlockDataCreation[814: TURTLE_SPAWN_EGG]" time="0"/>
  <testcase classname="org.bukkit.PerMaterialTest" name="isBlock[814: TURTLE_SPAWN_EGG]" time="0"/>
  <testcase classname="org.bukkit.PerMaterialTest" name="isSolid[814: TURTLE_SPAWN_EGG]" time="0"/>
  <testcase classname="org.bukkit.PerMaterialTest" name="hasGravity[815: VEX_SPAWN_EGG]" time="0"/>
  <testcase classname="org.bukkit.PerMaterialTest" name="isBurnable[815: VEX_SPAWN_EGG]" time="0"/>
  <testcase classname="org.bukkit.PerMaterialTest" name="testInteractable[815: VEX_SPAWN_EGG]" time="0"/>
  <testcase classname="org.bukkit.PerMaterialTest" name="testBlock[815: VEX_SPAWN_EGG]" time="0"/>
  <testcase classname="org.bukkit.PerMaterialTest" name="isFuel[815: VEX_SPAWN_EGG]" time="0"/>
  <testcase classname="org.bukkit.PerMaterialTest" name="testItem[815: VEX_SPAWN_EGG]" time="0"/>
  <testcase classname="org.bukkit.PerMaterialTest" name="testBlastResistance[815: VEX_SPAWN_EGG]" time="0"/>
  <testcase classname="org.bukkit.PerMaterialTest" name="isEdible[815: VEX_SPAWN_EGG]" time="0"/>
  <testcase classname="org.bukkit.PerMaterialTest" name="maxDurability[815: VEX_SPAWN_EGG]" time="0"/>
  <testcase classname="org.bukkit.PerMaterialTest" name="usesDurability[815: VEX_SPAWN_EGG]" time="0"/>
  <testcase classname="org.bukkit.PerMaterialTest" name="isOccluding[815: VEX_SPAWN_EGG]" time="0"/>
  <testcase classname="org.bukkit.PerMaterialTest" name="isRecord[815: VEX_SPAWN_EGG]" time="0"/>
  <testcase classname="org.bukkit.PerMaterialTest" name="isFlammable[815: VEX_SPAWN_EGG]" time="0"/>
  <testcase classname="org.bukkit.PerMaterialTest" name="testDurability[815: VEX_SPAWN_EGG]" time="0"/>
  <testcase classname="org.bukkit.PerMaterialTest" name="testBlockHardness[815: VEX_SPAWN_EGG]" time="0"/>
  <testcase classname="org.bukkit.PerMaterialTest" name="maxStackSize[815: VEX_SPAWN_EGG]" time="0"/>
  <testcase classname="org.bukkit.PerMaterialTest" name="isTransparent[815: VEX_SPAWN_EGG]" time="0"/>
  <testcase classname="org.bukkit.PerMaterialTest" name="testBlockDataCreation[815: VEX_SPAWN_EGG]" time="0"/>
  <testcase classname="org.bukkit.PerMaterialTest" name="isBlock[815: VEX_SPAWN_EGG]" time="0"/>
  <testcase classname="org.bukkit.PerMaterialTest" name="isSolid[815: VEX_SPAWN_EGG]" time="0"/>
  <testcase classname="org.bukkit.PerMaterialTest" name="hasGravity[816: VILLAGER_SPAWN_EGG]" time="0"/>
  <testcase classname="org.bukkit.PerMaterialTest" name="isBurnable[816: VILLAGER_SPAWN_EGG]" time="0"/>
  <testcase classname="org.bukkit.PerMaterialTest" name="testInteractable[816: VILLAGER_SPAWN_EGG]" time="0"/>
  <testcase classname="org.bukkit.PerMaterialTest" name="testBlock[816: VILLAGER_SPAWN_EGG]" time="0"/>
  <testcase classname="org.bukkit.PerMaterialTest" name="isFuel[816: VILLAGER_SPAWN_EGG]" time="0"/>
  <testcase classname="org.bukkit.PerMaterialTest" name="testItem[816: VILLAGER_SPAWN_EGG]" time="0"/>
  <testcase classname="org.bukkit.PerMaterialTest" name="testBlastResistance[816: VILLAGER_SPAWN_EGG]" time="0"/>
  <testcase classname="org.bukkit.PerMaterialTest" name="isEdible[816: VILLAGER_SPAWN_EGG]" time="0.001"/>
  <testcase classname="org.bukkit.PerMaterialTest" name="maxDurability[816: VILLAGER_SPAWN_EGG]" time="0"/>
  <testcase classname="org.bukkit.PerMaterialTest" name="usesDurability[816: VILLAGER_SPAWN_EGG]" time="0"/>
  <testcase classname="org.bukkit.PerMaterialTest" name="isOccluding[816: VILLAGER_SPAWN_EGG]" time="0"/>
  <testcase classname="org.bukkit.PerMaterialTest" name="isRecord[816: VILLAGER_SPAWN_EGG]" time="0"/>
  <testcase classname="org.bukkit.PerMaterialTest" name="isFlammable[816: VILLAGER_SPAWN_EGG]" time="0"/>
  <testcase classname="org.bukkit.PerMaterialTest" name="testDurability[816: VILLAGER_SPAWN_EGG]" time="0"/>
  <testcase classname="org.bukkit.PerMaterialTest" name="testBlockHardness[816: VILLAGER_SPAWN_EGG]" time="0.001"/>
  <testcase classname="org.bukkit.PerMaterialTest" name="maxStackSize[816: VILLAGER_SPAWN_EGG]" time="0"/>
  <testcase classname="org.bukkit.PerMaterialTest" name="isTransparent[816: VILLAGER_SPAWN_EGG]" time="0"/>
  <testcase classname="org.bukkit.PerMaterialTest" name="testBlockDataCreation[816: VILLAGER_SPAWN_EGG]" time="0"/>
  <testcase classname="org.bukkit.PerMaterialTest" name="isBlock[816: VILLAGER_SPAWN_EGG]" time="0"/>
  <testcase classname="org.bukkit.PerMaterialTest" name="isSolid[816: VILLAGER_SPAWN_EGG]" time="0"/>
  <testcase classname="org.bukkit.PerMaterialTest" name="hasGravity[817: VINDICATOR_SPAWN_EGG]" time="0"/>
  <testcase classname="org.bukkit.PerMaterialTest" name="isBurnable[817: VINDICATOR_SPAWN_EGG]" time="0"/>
  <testcase classname="org.bukkit.PerMaterialTest" name="testInteractable[817: VINDICATOR_SPAWN_EGG]" time="0"/>
  <testcase classname="org.bukkit.PerMaterialTest" name="testBlock[817: VINDICATOR_SPAWN_EGG]" time="0"/>
  <testcase classname="org.bukkit.PerMaterialTest" name="isFuel[817: VINDICATOR_SPAWN_EGG]" time="0"/>
  <testcase classname="org.bukkit.PerMaterialTest" name="testItem[817: VINDICATOR_SPAWN_EGG]" time="0"/>
  <testcase classname="org.bukkit.PerMaterialTest" name="testBlastResistance[817: VINDICATOR_SPAWN_EGG]" time="0"/>
  <testcase classname="org.bukkit.PerMaterialTest" name="isEdible[817: VINDICATOR_SPAWN_EGG]" time="0"/>
  <testcase classname="org.bukkit.PerMaterialTest" name="maxDurability[817: VINDICATOR_SPAWN_EGG]" time="0"/>
  <testcase classname="org.bukkit.PerMaterialTest" name="usesDurability[817: VINDICATOR_SPAWN_EGG]" time="0.001"/>
  <testcase classname="org.bukkit.PerMaterialTest" name="isOccluding[817: VINDICATOR_SPAWN_EGG]" time="0"/>
  <testcase classname="org.bukkit.PerMaterialTest" name="isRecord[817: VINDICATOR_SPAWN_EGG]" time="0"/>
  <testcase classname="org.bukkit.PerMaterialTest" name="isFlammable[817: VINDICATOR_SPAWN_EGG]" time="0"/>
  <testcase classname="org.bukkit.PerMaterialTest" name="testDurability[817: VINDICATOR_SPAWN_EGG]" time="0"/>
  <testcase classname="org.bukkit.PerMaterialTest" name="testBlockHardness[817: VINDICATOR_SPAWN_EGG]" time="0"/>
  <testcase classname="org.bukkit.PerMaterialTest" name="maxStackSize[817: VINDICATOR_SPAWN_EGG]" time="0"/>
  <testcase classname="org.bukkit.PerMaterialTest" name="isTransparent[817: VINDICATOR_SPAWN_EGG]" time="0"/>
  <testcase classname="org.bukkit.PerMaterialTest" name="testBlockDataCreation[817: VINDICATOR_SPAWN_EGG]" time="0"/>
  <testcase classname="org.bukkit.PerMaterialTest" name="isBlock[817: VINDICATOR_SPAWN_EGG]" time="0"/>
  <testcase classname="org.bukkit.PerMaterialTest" name="isSolid[817: VINDICATOR_SPAWN_EGG]" time="0"/>
  <testcase classname="org.bukkit.PerMaterialTest" name="hasGravity[818: VINE]" time="0"/>
  <testcase classname="org.bukkit.PerMaterialTest" name="isBurnable[818: VINE]" time="0"/>
  <testcase classname="org.bukkit.PerMaterialTest" name="testInteractable[818: VINE]" time="0.001"/>
  <testcase classname="org.bukkit.PerMaterialTest" name="testBlock[818: VINE]" time="0"/>
  <testcase classname="org.bukkit.PerMaterialTest" name="isFuel[818: VINE]" time="0"/>
  <testcase classname="org.bukkit.PerMaterialTest" name="testItem[818: VINE]" time="0"/>
  <testcase classname="org.bukkit.PerMaterialTest" name="testBlastResistance[818: VINE]" time="0"/>
  <testcase classname="org.bukkit.PerMaterialTest" name="isEdible[818: VINE]" time="0"/>
  <testcase classname="org.bukkit.PerMaterialTest" name="maxDurability[818: VINE]" time="0"/>
  <testcase classname="org.bukkit.PerMaterialTest" name="usesDurability[818: VINE]" time="0"/>
  <testcase classname="org.bukkit.PerMaterialTest" name="isOccluding[818: VINE]" time="0"/>
  <testcase classname="org.bukkit.PerMaterialTest" name="isRecord[818: VINE]" time="0"/>
  <testcase classname="org.bukkit.PerMaterialTest" name="isFlammable[818: VINE]" time="0"/>
  <testcase classname="org.bukkit.PerMaterialTest" name="testDurability[818: VINE]" time="0"/>
  <testcase classname="org.bukkit.PerMaterialTest" name="testBlockHardness[818: VINE]" time="0"/>
  <testcase classname="org.bukkit.PerMaterialTest" name="maxStackSize[818: VINE]" time="0"/>
  <testcase classname="org.bukkit.PerMaterialTest" name="isTransparent[818: VINE]" time="0"/>
  <testcase classname="org.bukkit.PerMaterialTest" name="testBlockDataCreation[818: VINE]" time="0"/>
  <testcase classname="org.bukkit.PerMaterialTest" name="isBlock[818: VINE]" time="0"/>
  <testcase classname="org.bukkit.PerMaterialTest" name="isSolid[818: VINE]" time="0"/>
  <testcase classname="org.bukkit.PerMaterialTest" name="hasGravity[819: VOID_AIR]" time="0"/>
  <testcase classname="org.bukkit.PerMaterialTest" name="isBurnable[819: VOID_AIR]" time="0"/>
  <testcase classname="org.bukkit.PerMaterialTest" name="testInteractable[819: VOID_AIR]" time="0"/>
  <testcase classname="org.bukkit.PerMaterialTest" name="testBlock[819: VOID_AIR]" time="0.001"/>
  <testcase classname="org.bukkit.PerMaterialTest" name="isFuel[819: VOID_AIR]" time="0"/>
  <testcase classname="org.bukkit.PerMaterialTest" name="testItem[819: VOID_AIR]" time="0"/>
  <testcase classname="org.bukkit.PerMaterialTest" name="testBlastResistance[819: VOID_AIR]" time="0"/>
  <testcase classname="org.bukkit.PerMaterialTest" name="isEdible[819: VOID_AIR]" time="0"/>
  <testcase classname="org.bukkit.PerMaterialTest" name="maxDurability[819: VOID_AIR]" time="0"/>
  <testcase classname="org.bukkit.PerMaterialTest" name="usesDurability[819: VOID_AIR]" time="0"/>
  <testcase classname="org.bukkit.PerMaterialTest" name="isOccluding[819: VOID_AIR]" time="0"/>
  <testcase classname="org.bukkit.PerMaterialTest" name="isRecord[819: VOID_AIR]" time="0"/>
  <testcase classname="org.bukkit.PerMaterialTest" name="isFlammable[819: VOID_AIR]" time="0"/>
  <testcase classname="org.bukkit.PerMaterialTest" name="testDurability[819: VOID_AIR]" time="0"/>
  <testcase classname="org.bukkit.PerMaterialTest" name="testBlockHardness[819: VOID_AIR]" time="0"/>
  <testcase classname="org.bukkit.PerMaterialTest" name="maxStackSize[819: VOID_AIR]" time="0"/>
  <testcase classname="org.bukkit.PerMaterialTest" name="isTransparent[819: VOID_AIR]" time="0"/>
  <testcase classname="org.bukkit.PerMaterialTest" name="testBlockDataCreation[819: VOID_AIR]" time="0"/>
  <testcase classname="org.bukkit.PerMaterialTest" name="isBlock[819: VOID_AIR]" time="0.001"/>
  <testcase classname="org.bukkit.PerMaterialTest" name="isSolid[819: VOID_AIR]" time="0"/>
  <testcase classname="org.bukkit.PerMaterialTest" name="hasGravity[820: WALL_SIGN]" time="0"/>
  <testcase classname="org.bukkit.PerMaterialTest" name="isBurnable[820: WALL_SIGN]" time="0"/>
  <testcase classname="org.bukkit.PerMaterialTest" name="testInteractable[820: WALL_SIGN]" time="0"/>
  <testcase classname="org.bukkit.PerMaterialTest" name="testBlock[820: WALL_SIGN]" time="0"/>
  <testcase classname="org.bukkit.PerMaterialTest" name="isFuel[820: WALL_SIGN]" time="0"/>
  <testcase classname="org.bukkit.PerMaterialTest" name="testItem[820: WALL_SIGN]" time="0"/>
  <testcase classname="org.bukkit.PerMaterialTest" name="testBlastResistance[820: WALL_SIGN]" time="0"/>
  <testcase classname="org.bukkit.PerMaterialTest" name="isEdible[820: WALL_SIGN]" time="0"/>
  <testcase classname="org.bukkit.PerMaterialTest" name="maxDurability[820: WALL_SIGN]" time="0"/>
  <testcase classname="org.bukkit.PerMaterialTest" name="usesDurability[820: WALL_SIGN]" time="0"/>
  <testcase classname="org.bukkit.PerMaterialTest" name="isOccluding[820: WALL_SIGN]" time="0"/>
  <testcase classname="org.bukkit.PerMaterialTest" name="isRecord[820: WALL_SIGN]" time="0"/>
  <testcase classname="org.bukkit.PerMaterialTest" name="isFlammable[820: WALL_SIGN]" time="0"/>
  <testcase classname="org.bukkit.PerMaterialTest" name="testDurability[820: WALL_SIGN]" time="0"/>
  <testcase classname="org.bukkit.PerMaterialTest" name="testBlockHardness[820: WALL_SIGN]" time="0"/>
  <testcase classname="org.bukkit.PerMaterialTest" name="maxStackSize[820: WALL_SIGN]" time="0"/>
  <testcase classname="org.bukkit.PerMaterialTest" name="isTransparent[820: WALL_SIGN]" time="0"/>
  <testcase classname="org.bukkit.PerMaterialTest" name="testBlockDataCreation[820: WALL_SIGN]" time="0"/>
  <testcase classname="org.bukkit.PerMaterialTest" name="isBlock[820: WALL_SIGN]" time="0"/>
  <testcase classname="org.bukkit.PerMaterialTest" name="isSolid[820: WALL_SIGN]" time="0"/>
  <testcase classname="org.bukkit.PerMaterialTest" name="hasGravity[821: WALL_TORCH]" time="0"/>
  <testcase classname="org.bukkit.PerMaterialTest" name="isBurnable[821: WALL_TORCH]" time="0"/>
  <testcase classname="org.bukkit.PerMaterialTest" name="testInteractable[821: WALL_TORCH]" time="0"/>
  <testcase classname="org.bukkit.PerMaterialTest" name="testBlock[821: WALL_TORCH]" time="0"/>
  <testcase classname="org.bukkit.PerMaterialTest" name="isFuel[821: WALL_TORCH]" time="0.001"/>
  <testcase classname="org.bukkit.PerMaterialTest" name="testItem[821: WALL_TORCH]" time="0"/>
  <testcase classname="org.bukkit.PerMaterialTest" name="testBlastResistance[821: WALL_TORCH]" time="0"/>
  <testcase classname="org.bukkit.PerMaterialTest" name="isEdible[821: WALL_TORCH]" time="0"/>
  <testcase classname="org.bukkit.PerMaterialTest" name="maxDurability[821: WALL_TORCH]" time="0"/>
  <testcase classname="org.bukkit.PerMaterialTest" name="usesDurability[821: WALL_TORCH]" time="0"/>
  <testcase classname="org.bukkit.PerMaterialTest" name="isOccluding[821: WALL_TORCH]" time="0"/>
  <testcase classname="org.bukkit.PerMaterialTest" name="isRecord[821: WALL_TORCH]" time="0"/>
  <testcase classname="org.bukkit.PerMaterialTest" name="isFlammable[821: WALL_TORCH]" time="0"/>
  <testcase classname="org.bukkit.PerMaterialTest" name="testDurability[821: WALL_TORCH]" time="0"/>
  <testcase classname="org.bukkit.PerMaterialTest" name="testBlockHardness[821: WALL_TORCH]" time="0"/>
  <testcase classname="org.bukkit.PerMaterialTest" name="maxStackSize[821: WALL_TORCH]" time="0"/>
  <testcase classname="org.bukkit.PerMaterialTest" name="isTransparent[821: WALL_TORCH]" time="0"/>
  <testcase classname="org.bukkit.PerMaterialTest" name="testBlockDataCreation[821: WALL_TORCH]" time="0"/>
  <testcase classname="org.bukkit.PerMaterialTest" name="isBlock[821: WALL_TORCH]" time="0"/>
  <testcase classname="org.bukkit.PerMaterialTest" name="isSolid[821: WALL_TORCH]" time="0.001"/>
  <testcase classname="org.bukkit.PerMaterialTest" name="hasGravity[822: WATER]" time="0"/>
  <testcase classname="org.bukkit.PerMaterialTest" name="isBurnable[822: WATER]" time="0"/>
  <testcase classname="org.bukkit.PerMaterialTest" name="testInteractable[822: WATER]" time="0"/>
  <testcase classname="org.bukkit.PerMaterialTest" name="testBlock[822: WATER]" time="0"/>
  <testcase classname="org.bukkit.PerMaterialTest" name="isFuel[822: WATER]" time="0"/>
  <testcase classname="org.bukkit.PerMaterialTest" name="testItem[822: WATER]" time="0.001"/>
  <testcase classname="org.bukkit.PerMaterialTest" name="testBlastResistance[822: WATER]" time="0"/>
  <testcase classname="org.bukkit.PerMaterialTest" name="isEdible[822: WATER]" time="0"/>
  <testcase classname="org.bukkit.PerMaterialTest" name="maxDurability[822: WATER]" time="0"/>
  <testcase classname="org.bukkit.PerMaterialTest" name="usesDurability[822: WATER]" time="0"/>
  <testcase classname="org.bukkit.PerMaterialTest" name="isOccluding[822: WATER]" time="0"/>
  <testcase classname="org.bukkit.PerMaterialTest" name="isRecord[822: WATER]" time="0"/>
  <testcase classname="org.bukkit.PerMaterialTest" name="isFlammable[822: WATER]" time="0"/>
  <testcase classname="org.bukkit.PerMaterialTest" name="testDurability[822: WATER]" time="0"/>
  <testcase classname="org.bukkit.PerMaterialTest" name="testBlockHardness[822: WATER]" time="0"/>
  <testcase classname="org.bukkit.PerMaterialTest" name="maxStackSize[822: WATER]" time="0"/>
  <testcase classname="org.bukkit.PerMaterialTest" name="isTransparent[822: WATER]" time="0"/>
  <testcase classname="org.bukkit.PerMaterialTest" name="testBlockDataCreation[822: WATER]" time="0"/>
  <testcase classname="org.bukkit.PerMaterialTest" name="isBlock[822: WATER]" time="0"/>
  <testcase classname="org.bukkit.PerMaterialTest" name="isSolid[822: WATER]" time="0"/>
  <testcase classname="org.bukkit.PerMaterialTest" name="hasGravity[823: WATER_BUCKET]" time="0"/>
  <testcase classname="org.bukkit.PerMaterialTest" name="isBurnable[823: WATER_BUCKET]" time="0.001"/>
  <testcase classname="org.bukkit.PerMaterialTest" name="testInteractable[823: WATER_BUCKET]" time="0"/>
  <testcase classname="org.bukkit.PerMaterialTest" name="testBlock[823: WATER_BUCKET]" time="0"/>
  <testcase classname="org.bukkit.PerMaterialTest" name="isFuel[823: WATER_BUCKET]" time="0"/>
  <testcase classname="org.bukkit.PerMaterialTest" name="testItem[823: WATER_BUCKET]" time="0"/>
  <testcase classname="org.bukkit.PerMaterialTest" name="testBlastResistance[823: WATER_BUCKET]" time="0"/>
  <testcase classname="org.bukkit.PerMaterialTest" name="isEdible[823: WATER_BUCKET]" time="0"/>
  <testcase classname="org.bukkit.PerMaterialTest" name="maxDurability[823: WATER_BUCKET]" time="0.001"/>
  <testcase classname="org.bukkit.PerMaterialTest" name="usesDurability[823: WATER_BUCKET]" time="0"/>
  <testcase classname="org.bukkit.PerMaterialTest" name="isOccluding[823: WATER_BUCKET]" time="0"/>
  <testcase classname="org.bukkit.PerMaterialTest" name="isRecord[823: WATER_BUCKET]" time="0"/>
  <testcase classname="org.bukkit.PerMaterialTest" name="isFlammable[823: WATER_BUCKET]" time="0"/>
  <testcase classname="org.bukkit.PerMaterialTest" name="testDurability[823: WATER_BUCKET]" time="0"/>
  <testcase classname="org.bukkit.PerMaterialTest" name="testBlockHardness[823: WATER_BUCKET]" time="0"/>
  <testcase classname="org.bukkit.PerMaterialTest" name="maxStackSize[823: WATER_BUCKET]" time="0"/>
  <testcase classname="org.bukkit.PerMaterialTest" name="isTransparent[823: WATER_BUCKET]" time="0"/>
  <testcase classname="org.bukkit.PerMaterialTest" name="testBlockDataCreation[823: WATER_BUCKET]" time="0"/>
  <testcase classname="org.bukkit.PerMaterialTest" name="isBlock[823: WATER_BUCKET]" time="0"/>
  <testcase classname="org.bukkit.PerMaterialTest" name="isSolid[823: WATER_BUCKET]" time="0"/>
  <testcase classname="org.bukkit.PerMaterialTest" name="hasGravity[824: WET_SPONGE]" time="0"/>
  <testcase classname="org.bukkit.PerMaterialTest" name="isBurnable[824: WET_SPONGE]" time="0"/>
  <testcase classname="org.bukkit.PerMaterialTest" name="testInteractable[824: WET_SPONGE]" time="0"/>
  <testcase classname="org.bukkit.PerMaterialTest" name="testBlock[824: WET_SPONGE]" time="0.001"/>
  <testcase classname="org.bukkit.PerMaterialTest" name="isFuel[824: WET_SPONGE]" time="0"/>
  <testcase classname="org.bukkit.PerMaterialTest" name="testItem[824: WET_SPONGE]" time="0"/>
  <testcase classname="org.bukkit.PerMaterialTest" name="testBlastResistance[824: WET_SPONGE]" time="0"/>
  <testcase classname="org.bukkit.PerMaterialTest" name="isEdible[824: WET_SPONGE]" time="0"/>
  <testcase classname="org.bukkit.PerMaterialTest" name="maxDurability[824: WET_SPONGE]" time="0"/>
  <testcase classname="org.bukkit.PerMaterialTest" name="usesDurability[824: WET_SPONGE]" time="0.001"/>
  <testcase classname="org.bukkit.PerMaterialTest" name="isOccluding[824: WET_SPONGE]" time="0"/>
  <testcase classname="org.bukkit.PerMaterialTest" name="isRecord[824: WET_SPONGE]" time="0"/>
  <testcase classname="org.bukkit.PerMaterialTest" name="isFlammable[824: WET_SPONGE]" time="0"/>
  <testcase classname="org.bukkit.PerMaterialTest" name="testDurability[824: WET_SPONGE]" time="0"/>
  <testcase classname="org.bukkit.PerMaterialTest" name="testBlockHardness[824: WET_SPONGE]" time="0"/>
  <testcase classname="org.bukkit.PerMaterialTest" name="maxStackSize[824: WET_SPONGE]" time="0"/>
  <testcase classname="org.bukkit.PerMaterialTest" name="isTransparent[824: WET_SPONGE]" time="0"/>
  <testcase classname="org.bukkit.PerMaterialTest" name="testBlockDataCreation[824: WET_SPONGE]" time="0"/>
  <testcase classname="org.bukkit.PerMaterialTest" name="isBlock[824: WET_SPONGE]" time="0"/>
  <testcase classname="org.bukkit.PerMaterialTest" name="isSolid[824: WET_SPONGE]" time="0"/>
  <testcase classname="org.bukkit.PerMaterialTest" name="hasGravity[825: WHEAT]" time="0"/>
  <testcase classname="org.bukkit.PerMaterialTest" name="isBurnable[825: WHEAT]" time="0"/>
  <testcase classname="org.bukkit.PerMaterialTest" name="testInteractable[825: WHEAT]" time="0"/>
  <testcase classname="org.bukkit.PerMaterialTest" name="testBlock[825: WHEAT]" time="0"/>
  <testcase classname="org.bukkit.PerMaterialTest" name="isFuel[825: WHEAT]" time="0"/>
  <testcase classname="org.bukkit.PerMaterialTest" name="testItem[825: WHEAT]" time="0"/>
  <testcase classname="org.bukkit.PerMaterialTest" name="testBlastResistance[825: WHEAT]" time="0"/>
  <testcase classname="org.bukkit.PerMaterialTest" name="isEdible[825: WHEAT]" time="0"/>
  <testcase classname="org.bukkit.PerMaterialTest" name="maxDurability[825: WHEAT]" time="0"/>
  <testcase classname="org.bukkit.PerMaterialTest" name="usesDurability[825: WHEAT]" time="0"/>
  <testcase classname="org.bukkit.PerMaterialTest" name="isOccluding[825: WHEAT]" time="0"/>
  <testcase classname="org.bukkit.PerMaterialTest" name="isRecord[825: WHEAT]" time="0"/>
  <testcase classname="org.bukkit.PerMaterialTest" name="isFlammable[825: WHEAT]" time="0"/>
  <testcase classname="org.bukkit.PerMaterialTest" name="testDurability[825: WHEAT]" time="0"/>
  <testcase classname="org.bukkit.PerMaterialTest" name="testBlockHardness[825: WHEAT]" time="0"/>
  <testcase classname="org.bukkit.PerMaterialTest" name="maxStackSize[825: WHEAT]" time="0"/>
  <testcase classname="org.bukkit.PerMaterialTest" name="isTransparent[825: WHEAT]" time="0"/>
  <testcase classname="org.bukkit.PerMaterialTest" name="testBlockDataCreation[825: WHEAT]" time="0"/>
  <testcase classname="org.bukkit.PerMaterialTest" name="isBlock[825: WHEAT]" time="0"/>
  <testcase classname="org.bukkit.PerMaterialTest" name="isSolid[825: WHEAT]" time="0"/>
  <testcase classname="org.bukkit.PerMaterialTest" name="hasGravity[826: WHEAT_SEEDS]" time="0"/>
  <testcase classname="org.bukkit.PerMaterialTest" name="isBurnable[826: WHEAT_SEEDS]" time="0"/>
  <testcase classname="org.bukkit.PerMaterialTest" name="testInteractable[826: WHEAT_SEEDS]" time="0"/>
  <testcase classname="org.bukkit.PerMaterialTest" name="testBlock[826: WHEAT_SEEDS]" time="0"/>
  <testcase classname="org.bukkit.PerMaterialTest" name="isFuel[826: WHEAT_SEEDS]" time="0.001"/>
  <testcase classname="org.bukkit.PerMaterialTest" name="testItem[826: WHEAT_SEEDS]" time="0"/>
  <testcase classname="org.bukkit.PerMaterialTest" name="testBlastResistance[826: WHEAT_SEEDS]" time="0"/>
  <testcase classname="org.bukkit.PerMaterialTest" name="isEdible[826: WHEAT_SEEDS]" time="0"/>
  <testcase classname="org.bukkit.PerMaterialTest" name="maxDurability[826: WHEAT_SEEDS]" time="0"/>
  <testcase classname="org.bukkit.PerMaterialTest" name="usesDurability[826: WHEAT_SEEDS]" time="0"/>
  <testcase classname="org.bukkit.PerMaterialTest" name="isOccluding[826: WHEAT_SEEDS]" time="0"/>
  <testcase classname="org.bukkit.PerMaterialTest" name="isRecord[826: WHEAT_SEEDS]" time="0.001"/>
  <testcase classname="org.bukkit.PerMaterialTest" name="isFlammable[826: WHEAT_SEEDS]" time="0"/>
  <testcase classname="org.bukkit.PerMaterialTest" name="testDurability[826: WHEAT_SEEDS]" time="0"/>
  <testcase classname="org.bukkit.PerMaterialTest" name="testBlockHardness[826: WHEAT_SEEDS]" time="0"/>
  <testcase classname="org.bukkit.PerMaterialTest" name="maxStackSize[826: WHEAT_SEEDS]" time="0"/>
  <testcase classname="org.bukkit.PerMaterialTest" name="isTransparent[826: WHEAT_SEEDS]" time="0"/>
  <testcase classname="org.bukkit.PerMaterialTest" name="testBlockDataCreation[826: WHEAT_SEEDS]" time="0"/>
  <testcase classname="org.bukkit.PerMaterialTest" name="isBlock[826: WHEAT_SEEDS]" time="0"/>
  <testcase classname="org.bukkit.PerMaterialTest" name="isSolid[826: WHEAT_SEEDS]" time="0"/>
  <testcase classname="org.bukkit.PerMaterialTest" name="hasGravity[827: WHITE_BANNER]" time="0"/>
  <testcase classname="org.bukkit.PerMaterialTest" name="isBurnable[827: WHITE_BANNER]" time="0"/>
  <testcase classname="org.bukkit.PerMaterialTest" name="testInteractable[827: WHITE_BANNER]" time="0"/>
  <testcase classname="org.bukkit.PerMaterialTest" name="testBlock[827: WHITE_BANNER]" time="0"/>
  <testcase classname="org.bukkit.PerMaterialTest" name="isFuel[827: WHITE_BANNER]" time="0.001"/>
  <testcase classname="org.bukkit.PerMaterialTest" name="testItem[827: WHITE_BANNER]" time="0"/>
  <testcase classname="org.bukkit.PerMaterialTest" name="testBlastResistance[827: WHITE_BANNER]" time="0"/>
  <testcase classname="org.bukkit.PerMaterialTest" name="isEdible[827: WHITE_BANNER]" time="0"/>
  <testcase classname="org.bukkit.PerMaterialTest" name="maxDurability[827: WHITE_BANNER]" time="0"/>
  <testcase classname="org.bukkit.PerMaterialTest" name="usesDurability[827: WHITE_BANNER]" time="0"/>
  <testcase classname="org.bukkit.PerMaterialTest" name="isOccluding[827: WHITE_BANNER]" time="0"/>
  <testcase classname="org.bukkit.PerMaterialTest" name="isRecord[827: WHITE_BANNER]" time="0"/>
  <testcase classname="org.bukkit.PerMaterialTest" name="isFlammable[827: WHITE_BANNER]" time="0"/>
  <testcase classname="org.bukkit.PerMaterialTest" name="testDurability[827: WHITE_BANNER]" time="0"/>
  <testcase classname="org.bukkit.PerMaterialTest" name="testBlockHardness[827: WHITE_BANNER]" time="0"/>
  <testcase classname="org.bukkit.PerMaterialTest" name="maxStackSize[827: WHITE_BANNER]" time="0"/>
  <testcase classname="org.bukkit.PerMaterialTest" name="isTransparent[827: WHITE_BANNER]" time="0"/>
  <testcase classname="org.bukkit.PerMaterialTest" name="testBlockDataCreation[827: WHITE_BANNER]" time="0"/>
  <testcase classname="org.bukkit.PerMaterialTest" name="isBlock[827: WHITE_BANNER]" time="0"/>
  <testcase classname="org.bukkit.PerMaterialTest" name="isSolid[827: WHITE_BANNER]" time="0.001"/>
  <testcase classname="org.bukkit.PerMaterialTest" name="hasGravity[828: WHITE_BED]" time="0"/>
  <testcase classname="org.bukkit.PerMaterialTest" name="isBurnable[828: WHITE_BED]" time="0"/>
  <testcase classname="org.bukkit.PerMaterialTest" name="testInteractable[828: WHITE_BED]" time="0"/>
  <testcase classname="org.bukkit.PerMaterialTest" name="testBlock[828: WHITE_BED]" time="0"/>
  <testcase classname="org.bukkit.PerMaterialTest" name="isFuel[828: WHITE_BED]" time="0"/>
  <testcase classname="org.bukkit.PerMaterialTest" name="testItem[828: WHITE_BED]" time="0"/>
  <testcase classname="org.bukkit.PerMaterialTest" name="testBlastResistance[828: WHITE_BED]" time="0"/>
  <testcase classname="org.bukkit.PerMaterialTest" name="isEdible[828: WHITE_BED]" time="0"/>
  <testcase classname="org.bukkit.PerMaterialTest" name="maxDurability[828: WHITE_BED]" time="0"/>
  <testcase classname="org.bukkit.PerMaterialTest" name="usesDurability[828: WHITE_BED]" time="0"/>
  <testcase classname="org.bukkit.PerMaterialTest" name="isOccluding[828: WHITE_BED]" time="0"/>
  <testcase classname="org.bukkit.PerMaterialTest" name="isRecord[828: WHITE_BED]" time="0"/>
  <testcase classname="org.bukkit.PerMaterialTest" name="isFlammable[828: WHITE_BED]" time="0"/>
  <testcase classname="org.bukkit.PerMaterialTest" name="testDurability[828: WHITE_BED]" time="0"/>
  <testcase classname="org.bukkit.PerMaterialTest" name="testBlockHardness[828: WHITE_BED]" time="0"/>
  <testcase classname="org.bukkit.PerMaterialTest" name="maxStackSize[828: WHITE_BED]" time="0"/>
  <testcase classname="org.bukkit.PerMaterialTest" name="isTransparent[828: WHITE_BED]" time="0"/>
  <testcase classname="org.bukkit.PerMaterialTest" name="testBlockDataCreation[828: WHITE_BED]" time="0"/>
  <testcase classname="org.bukkit.PerMaterialTest" name="isBlock[828: WHITE_BED]" time="0"/>
  <testcase classname="org.bukkit.PerMaterialTest" name="isSolid[828: WHITE_BED]" time="0"/>
  <testcase classname="org.bukkit.PerMaterialTest" name="hasGravity[829: WHITE_CARPET]" time="0"/>
  <testcase classname="org.bukkit.PerMaterialTest" name="isBurnable[829: WHITE_CARPET]" time="0"/>
  <testcase classname="org.bukkit.PerMaterialTest" name="testInteractable[829: WHITE_CARPET]" time="0"/>
  <testcase classname="org.bukkit.PerMaterialTest" name="testBlock[829: WHITE_CARPET]" time="0"/>
  <testcase classname="org.bukkit.PerMaterialTest" name="isFuel[829: WHITE_CARPET]" time="0"/>
  <testcase classname="org.bukkit.PerMaterialTest" name="testItem[829: WHITE_CARPET]" time="0"/>
  <testcase classname="org.bukkit.PerMaterialTest" name="testBlastResistance[829: WHITE_CARPET]" time="0"/>
  <testcase classname="org.bukkit.PerMaterialTest" name="isEdible[829: WHITE_CARPET]" time="0"/>
  <testcase classname="org.bukkit.PerMaterialTest" name="maxDurability[829: WHITE_CARPET]" time="0"/>
  <testcase classname="org.bukkit.PerMaterialTest" name="usesDurability[829: WHITE_CARPET]" time="0"/>
  <testcase classname="org.bukkit.PerMaterialTest" name="isOccluding[829: WHITE_CARPET]" time="0"/>
  <testcase classname="org.bukkit.PerMaterialTest" name="isRecord[829: WHITE_CARPET]" time="0"/>
  <testcase classname="org.bukkit.PerMaterialTest" name="isFlammable[829: WHITE_CARPET]" time="0"/>
  <testcase classname="org.bukkit.PerMaterialTest" name="testDurability[829: WHITE_CARPET]" time="0.001"/>
  <testcase classname="org.bukkit.PerMaterialTest" name="testBlockHardness[829: WHITE_CARPET]" time="0"/>
  <testcase classname="org.bukkit.PerMaterialTest" name="maxStackSize[829: WHITE_CARPET]" time="0"/>
  <testcase classname="org.bukkit.PerMaterialTest" name="isTransparent[829: WHITE_CARPET]" time="0"/>
  <testcase classname="org.bukkit.PerMaterialTest" name="testBlockDataCreation[829: WHITE_CARPET]" time="0"/>
  <testcase classname="org.bukkit.PerMaterialTest" name="isBlock[829: WHITE_CARPET]" time="0"/>
  <testcase classname="org.bukkit.PerMaterialTest" name="isSolid[829: WHITE_CARPET]" time="0"/>
  <testcase classname="org.bukkit.PerMaterialTest" name="hasGravity[830: WHITE_CONCRETE]" time="0.001"/>
  <testcase classname="org.bukkit.PerMaterialTest" name="isBurnable[830: WHITE_CONCRETE]" time="0"/>
  <testcase classname="org.bukkit.PerMaterialTest" name="testInteractable[830: WHITE_CONCRETE]" time="0"/>
  <testcase classname="org.bukkit.PerMaterialTest" name="testBlock[830: WHITE_CONCRETE]" time="0"/>
  <testcase classname="org.bukkit.PerMaterialTest" name="isFuel[830: WHITE_CONCRETE]" time="0"/>
  <testcase classname="org.bukkit.PerMaterialTest" name="testItem[830: WHITE_CONCRETE]" time="0"/>
  <testcase classname="org.bukkit.PerMaterialTest" name="testBlastResistance[830: WHITE_CONCRETE]" time="0.001"/>
  <testcase classname="org.bukkit.PerMaterialTest" name="isEdible[830: WHITE_CONCRETE]" time="0"/>
  <testcase classname="org.bukkit.PerMaterialTest" name="maxDurability[830: WHITE_CONCRETE]" time="0"/>
  <testcase classname="org.bukkit.PerMaterialTest" name="usesDurability[830: WHITE_CONCRETE]" time="0"/>
  <testcase classname="org.bukkit.PerMaterialTest" name="isOccluding[830: WHITE_CONCRETE]" time="0"/>
  <testcase classname="org.bukkit.PerMaterialTest" name="isRecord[830: WHITE_CONCRETE]" time="0"/>
  <testcase classname="org.bukkit.PerMaterialTest" name="isFlammable[830: WHITE_CONCRETE]" time="0"/>
  <testcase classname="org.bukkit.PerMaterialTest" name="testDurability[830: WHITE_CONCRETE]" time="0"/>
  <testcase classname="org.bukkit.PerMaterialTest" name="testBlockHardness[830: WHITE_CONCRETE]" time="0"/>
  <testcase classname="org.bukkit.PerMaterialTest" name="maxStackSize[830: WHITE_CONCRETE]" time="0"/>
  <testcase classname="org.bukkit.PerMaterialTest" name="isTransparent[830: WHITE_CONCRETE]" time="0"/>
  <testcase classname="org.bukkit.PerMaterialTest" name="testBlockDataCreation[830: WHITE_CONCRETE]" time="0"/>
  <testcase classname="org.bukkit.PerMaterialTest" name="isBlock[830: WHITE_CONCRETE]" time="0"/>
  <testcase classname="org.bukkit.PerMaterialTest" name="isSolid[830: WHITE_CONCRETE]" time="0"/>
  <testcase classname="org.bukkit.PerMaterialTest" name="hasGravity[831: WHITE_CONCRETE_POWDER]" time="0.001"/>
  <testcase classname="org.bukkit.PerMaterialTest" name="isBurnable[831: WHITE_CONCRETE_POWDER]" time="0"/>
  <testcase classname="org.bukkit.PerMaterialTest" name="testInteractable[831: WHITE_CONCRETE_POWDER]" time="0"/>
  <testcase classname="org.bukkit.PerMaterialTest" name="testBlock[831: WHITE_CONCRETE_POWDER]" time="0"/>
  <testcase classname="org.bukkit.PerMaterialTest" name="isFuel[831: WHITE_CONCRETE_POWDER]" time="0"/>
  <testcase classname="org.bukkit.PerMaterialTest" name="testItem[831: WHITE_CONCRETE_POWDER]" time="0"/>
  <testcase classname="org.bukkit.PerMaterialTest" name="testBlastResistance[831: WHITE_CONCRETE_POWDER]" time="0"/>
  <testcase classname="org.bukkit.PerMaterialTest" name="isEdible[831: WHITE_CONCRETE_POWDER]" time="0"/>
  <testcase classname="org.bukkit.PerMaterialTest" name="maxDurability[831: WHITE_CONCRETE_POWDER]" time="0"/>
  <testcase classname="org.bukkit.PerMaterialTest" name="usesDurability[831: WHITE_CONCRETE_POWDER]" time="0"/>
  <testcase classname="org.bukkit.PerMaterialTest" name="isOccluding[831: WHITE_CONCRETE_POWDER]" time="0"/>
  <testcase classname="org.bukkit.PerMaterialTest" name="isRecord[831: WHITE_CONCRETE_POWDER]" time="0"/>
  <testcase classname="org.bukkit.PerMaterialTest" name="isFlammable[831: WHITE_CONCRETE_POWDER]" time="0"/>
  <testcase classname="org.bukkit.PerMaterialTest" name="testDurability[831: WHITE_CONCRETE_POWDER]" time="0"/>
  <testcase classname="org.bukkit.PerMaterialTest" name="testBlockHardness[831: WHITE_CONCRETE_POWDER]" time="0"/>
  <testcase classname="org.bukkit.PerMaterialTest" name="maxStackSize[831: WHITE_CONCRETE_POWDER]" time="0"/>
  <testcase classname="org.bukkit.PerMaterialTest" name="isTransparent[831: WHITE_CONCRETE_POWDER]" time="0"/>
  <testcase classname="org.bukkit.PerMaterialTest" name="testBlockDataCreation[831: WHITE_CONCRETE_POWDER]" time="0"/>
  <testcase classname="org.bukkit.PerMaterialTest" name="isBlock[831: WHITE_CONCRETE_POWDER]" time="0"/>
  <testcase classname="org.bukkit.PerMaterialTest" name="isSolid[831: WHITE_CONCRETE_POWDER]" time="0"/>
  <testcase classname="org.bukkit.PerMaterialTest" name="hasGravity[832: WHITE_GLAZED_TERRACOTTA]" time="0"/>
  <testcase classname="org.bukkit.PerMaterialTest" name="isBurnable[832: WHITE_GLAZED_TERRACOTTA]" time="0"/>
  <testcase classname="org.bukkit.PerMaterialTest" name="testInteractable[832: WHITE_GLAZED_TERRACOTTA]" time="0"/>
  <testcase classname="org.bukkit.PerMaterialTest" name="testBlock[832: WHITE_GLAZED_TERRACOTTA]" time="0"/>
  <testcase classname="org.bukkit.PerMaterialTest" name="isFuel[832: WHITE_GLAZED_TERRACOTTA]" time="0"/>
  <testcase classname="org.bukkit.PerMaterialTest" name="testItem[832: WHITE_GLAZED_TERRACOTTA]" time="0"/>
  <testcase classname="org.bukkit.PerMaterialTest" name="testBlastResistance[832: WHITE_GLAZED_TERRACOTTA]" time="0"/>
  <testcase classname="org.bukkit.PerMaterialTest" name="isEdible[832: WHITE_GLAZED_TERRACOTTA]" time="0"/>
  <testcase classname="org.bukkit.PerMaterialTest" name="maxDurability[832: WHITE_GLAZED_TERRACOTTA]" time="0"/>
  <testcase classname="org.bukkit.PerMaterialTest" name="usesDurability[832: WHITE_GLAZED_TERRACOTTA]" time="0"/>
  <testcase classname="org.bukkit.PerMaterialTest" name="isOccluding[832: WHITE_GLAZED_TERRACOTTA]" time="0"/>
  <testcase classname="org.bukkit.PerMaterialTest" name="isRecord[832: WHITE_GLAZED_TERRACOTTA]" time="0"/>
  <testcase classname="org.bukkit.PerMaterialTest" name="isFlammable[832: WHITE_GLAZED_TERRACOTTA]" time="0"/>
  <testcase classname="org.bukkit.PerMaterialTest" name="testDurability[832: WHITE_GLAZED_TERRACOTTA]" time="0.001"/>
  <testcase classname="org.bukkit.PerMaterialTest" name="testBlockHardness[832: WHITE_GLAZED_TERRACOTTA]" time="0"/>
  <testcase classname="org.bukkit.PerMaterialTest" name="maxStackSize[832: WHITE_GLAZED_TERRACOTTA]" time="0"/>
  <testcase classname="org.bukkit.PerMaterialTest" name="isTransparent[832: WHITE_GLAZED_TERRACOTTA]" time="0"/>
  <testcase classname="org.bukkit.PerMaterialTest" name="testBlockDataCreation[832: WHITE_GLAZED_TERRACOTTA]" time="0"/>
  <testcase classname="org.bukkit.PerMaterialTest" name="isBlock[832: WHITE_GLAZED_TERRACOTTA]" time="0"/>
  <testcase classname="org.bukkit.PerMaterialTest" name="isSolid[832: WHITE_GLAZED_TERRACOTTA]" time="0"/>
  <testcase classname="org.bukkit.PerMaterialTest" name="hasGravity[833: WHITE_SHULKER_BOX]" time="0.001"/>
  <testcase classname="org.bukkit.PerMaterialTest" name="isBurnable[833: WHITE_SHULKER_BOX]" time="0"/>
  <testcase classname="org.bukkit.PerMaterialTest" name="testInteractable[833: WHITE_SHULKER_BOX]" time="0"/>
  <testcase classname="org.bukkit.PerMaterialTest" name="testBlock[833: WHITE_SHULKER_BOX]" time="0"/>
  <testcase classname="org.bukkit.PerMaterialTest" name="isFuel[833: WHITE_SHULKER_BOX]" time="0"/>
  <testcase classname="org.bukkit.PerMaterialTest" name="testItem[833: WHITE_SHULKER_BOX]" time="0"/>
  <testcase classname="org.bukkit.PerMaterialTest" name="testBlastResistance[833: WHITE_SHULKER_BOX]" time="0.001"/>
  <testcase classname="org.bukkit.PerMaterialTest" name="isEdible[833: WHITE_SHULKER_BOX]" time="0"/>
  <testcase classname="org.bukkit.PerMaterialTest" name="maxDurability[833: WHITE_SHULKER_BOX]" time="0"/>
  <testcase classname="org.bukkit.PerMaterialTest" name="usesDurability[833: WHITE_SHULKER_BOX]" time="0"/>
  <testcase classname="org.bukkit.PerMaterialTest" name="isOccluding[833: WHITE_SHULKER_BOX]" time="0"/>
  <testcase classname="org.bukkit.PerMaterialTest" name="isRecord[833: WHITE_SHULKER_BOX]" time="0"/>
  <testcase classname="org.bukkit.PerMaterialTest" name="isFlammable[833: WHITE_SHULKER_BOX]" time="0"/>
  <testcase classname="org.bukkit.PerMaterialTest" name="testDurability[833: WHITE_SHULKER_BOX]" time="0"/>
  <testcase classname="org.bukkit.PerMaterialTest" name="testBlockHardness[833: WHITE_SHULKER_BOX]" time="0.001"/>
  <testcase classname="org.bukkit.PerMaterialTest" name="maxStackSize[833: WHITE_SHULKER_BOX]" time="0"/>
  <testcase classname="org.bukkit.PerMaterialTest" name="isTransparent[833: WHITE_SHULKER_BOX]" time="0"/>
  <testcase classname="org.bukkit.PerMaterialTest" name="testBlockDataCreation[833: WHITE_SHULKER_BOX]" time="0"/>
  <testcase classname="org.bukkit.PerMaterialTest" name="isBlock[833: WHITE_SHULKER_BOX]" time="0"/>
  <testcase classname="org.bukkit.PerMaterialTest" name="isSolid[833: WHITE_SHULKER_BOX]" time="0"/>
  <testcase classname="org.bukkit.PerMaterialTest" name="hasGravity[834: WHITE_STAINED_GLASS]" time="0"/>
  <testcase classname="org.bukkit.PerMaterialTest" name="isBurnable[834: WHITE_STAINED_GLASS]" time="0"/>
  <testcase classname="org.bukkit.PerMaterialTest" name="testInteractable[834: WHITE_STAINED_GLASS]" time="0"/>
  <testcase classname="org.bukkit.PerMaterialTest" name="testBlock[834: WHITE_STAINED_GLASS]" time="0"/>
  <testcase classname="org.bukkit.PerMaterialTest" name="isFuel[834: WHITE_STAINED_GLASS]" time="0"/>
  <testcase classname="org.bukkit.PerMaterialTest" name="testItem[834: WHITE_STAINED_GLASS]" time="0"/>
  <testcase classname="org.bukkit.PerMaterialTest" name="testBlastResistance[834: WHITE_STAINED_GLASS]" time="0"/>
  <testcase classname="org.bukkit.PerMaterialTest" name="isEdible[834: WHITE_STAINED_GLASS]" time="0"/>
  <testcase classname="org.bukkit.PerMaterialTest" name="maxDurability[834: WHITE_STAINED_GLASS]" time="0"/>
  <testcase classname="org.bukkit.PerMaterialTest" name="usesDurability[834: WHITE_STAINED_GLASS]" time="0"/>
  <testcase classname="org.bukkit.PerMaterialTest" name="isOccluding[834: WHITE_STAINED_GLASS]" time="0"/>
  <testcase classname="org.bukkit.PerMaterialTest" name="isRecord[834: WHITE_STAINED_GLASS]" time="0"/>
  <testcase classname="org.bukkit.PerMaterialTest" name="isFlammable[834: WHITE_STAINED_GLASS]" time="0"/>
  <testcase classname="org.bukkit.PerMaterialTest" name="testDurability[834: WHITE_STAINED_GLASS]" time="0"/>
  <testcase classname="org.bukkit.PerMaterialTest" name="testBlockHardness[834: WHITE_STAINED_GLASS]" time="0"/>
  <testcase classname="org.bukkit.PerMaterialTest" name="maxStackSize[834: WHITE_STAINED_GLASS]" time="0"/>
  <testcase classname="org.bukkit.PerMaterialTest" name="isTransparent[834: WHITE_STAINED_GLASS]" time="0"/>
  <testcase classname="org.bukkit.PerMaterialTest" name="testBlockDataCreation[834: WHITE_STAINED_GLASS]" time="0"/>
  <testcase classname="org.bukkit.PerMaterialTest" name="isBlock[834: WHITE_STAINED_GLASS]" time="0"/>
  <testcase classname="org.bukkit.PerMaterialTest" name="isSolid[834: WHITE_STAINED_GLASS]" time="0"/>
  <testcase classname="org.bukkit.PerMaterialTest" name="hasGravity[835: WHITE_STAINED_GLASS_PANE]" time="0"/>
  <testcase classname="org.bukkit.PerMaterialTest" name="isBurnable[835: WHITE_STAINED_GLASS_PANE]" time="0.001"/>
  <testcase classname="org.bukkit.PerMaterialTest" name="testInteractable[835: WHITE_STAINED_GLASS_PANE]" time="0"/>
  <testcase classname="org.bukkit.PerMaterialTest" name="testBlock[835: WHITE_STAINED_GLASS_PANE]" time="0"/>
  <testcase classname="org.bukkit.PerMaterialTest" name="isFuel[835: WHITE_STAINED_GLASS_PANE]" time="0"/>
  <testcase classname="org.bukkit.PerMaterialTest" name="testItem[835: WHITE_STAINED_GLASS_PANE]" time="0"/>
  <testcase classname="org.bukkit.PerMaterialTest" name="testBlastResistance[835: WHITE_STAINED_GLASS_PANE]" time="0"/>
  <testcase classname="org.bukkit.PerMaterialTest" name="isEdible[835: WHITE_STAINED_GLASS_PANE]" time="0"/>
  <testcase classname="org.bukkit.PerMaterialTest" name="maxDurability[835: WHITE_STAINED_GLASS_PANE]" time="0"/>
  <testcase classname="org.bukkit.PerMaterialTest" name="usesDurability[835: WHITE_STAINED_GLASS_PANE]" time="0"/>
  <testcase classname="org.bukkit.PerMaterialTest" name="isOccluding[835: WHITE_STAINED_GLASS_PANE]" time="0"/>
  <testcase classname="org.bukkit.PerMaterialTest" name="isRecord[835: WHITE_STAINED_GLASS_PANE]" time="0"/>
  <testcase classname="org.bukkit.PerMaterialTest" name="isFlammable[835: WHITE_STAINED_GLASS_PANE]" time="0"/>
  <testcase classname="org.bukkit.PerMaterialTest" name="testDurability[835: WHITE_STAINED_GLASS_PANE]" time="0"/>
  <testcase classname="org.bukkit.PerMaterialTest" name="testBlockHardness[835: WHITE_STAINED_GLASS_PANE]" time="0"/>
  <testcase classname="org.bukkit.PerMaterialTest" name="maxStackSize[835: WHITE_STAINED_GLASS_PANE]" time="0"/>
  <testcase classname="org.bukkit.PerMaterialTest" name="isTransparent[835: WHITE_STAINED_GLASS_PANE]" time="0"/>
  <testcase classname="org.bukkit.PerMaterialTest" name="testBlockDataCreation[835: WHITE_STAINED_GLASS_PANE]" time="0"/>
  <testcase classname="org.bukkit.PerMaterialTest" name="isBlock[835: WHITE_STAINED_GLASS_PANE]" time="0"/>
  <testcase classname="org.bukkit.PerMaterialTest" name="isSolid[835: WHITE_STAINED_GLASS_PANE]" time="0"/>
  <testcase classname="org.bukkit.PerMaterialTest" name="hasGravity[836: WHITE_TERRACOTTA]" time="0"/>
  <testcase classname="org.bukkit.PerMaterialTest" name="isBurnable[836: WHITE_TERRACOTTA]" time="0.001"/>
  <testcase classname="org.bukkit.PerMaterialTest" name="testInteractable[836: WHITE_TERRACOTTA]" time="0"/>
  <testcase classname="org.bukkit.PerMaterialTest" name="testBlock[836: WHITE_TERRACOTTA]" time="0"/>
  <testcase classname="org.bukkit.PerMaterialTest" name="isFuel[836: WHITE_TERRACOTTA]" time="0"/>
  <testcase classname="org.bukkit.PerMaterialTest" name="testItem[836: WHITE_TERRACOTTA]" time="0"/>
  <testcase classname="org.bukkit.PerMaterialTest" name="testBlastResistance[836: WHITE_TERRACOTTA]" time="0"/>
  <testcase classname="org.bukkit.PerMaterialTest" name="isEdible[836: WHITE_TERRACOTTA]" time="0"/>
  <testcase classname="org.bukkit.PerMaterialTest" name="maxDurability[836: WHITE_TERRACOTTA]" time="0"/>
  <testcase classname="org.bukkit.PerMaterialTest" name="usesDurability[836: WHITE_TERRACOTTA]" time="0"/>
  <testcase classname="org.bukkit.PerMaterialTest" name="isOccluding[836: WHITE_TERRACOTTA]" time="0"/>
  <testcase classname="org.bukkit.PerMaterialTest" name="isRecord[836: WHITE_TERRACOTTA]" time="0"/>
  <testcase classname="org.bukkit.PerMaterialTest" name="isFlammable[836: WHITE_TERRACOTTA]" time="0"/>
  <testcase classname="org.bukkit.PerMaterialTest" name="testDurability[836: WHITE_TERRACOTTA]" time="0"/>
  <testcase classname="org.bukkit.PerMaterialTest" name="testBlockHardness[836: WHITE_TERRACOTTA]" time="0"/>
  <testcase classname="org.bukkit.PerMaterialTest" name="maxStackSize[836: WHITE_TERRACOTTA]" time="0.001"/>
  <testcase classname="org.bukkit.PerMaterialTest" name="isTransparent[836: WHITE_TERRACOTTA]" time="0"/>
  <testcase classname="org.bukkit.PerMaterialTest" name="testBlockDataCreation[836: WHITE_TERRACOTTA]" time="0"/>
  <testcase classname="org.bukkit.PerMaterialTest" name="isBlock[836: WHITE_TERRACOTTA]" time="0"/>
  <testcase classname="org.bukkit.PerMaterialTest" name="isSolid[836: WHITE_TERRACOTTA]" time="0"/>
  <testcase classname="org.bukkit.PerMaterialTest" name="hasGravity[837: WHITE_TULIP]" time="0"/>
  <testcase classname="org.bukkit.PerMaterialTest" name="isBurnable[837: WHITE_TULIP]" time="0"/>
  <testcase classname="org.bukkit.PerMaterialTest" name="testInteractable[837: WHITE_TULIP]" time="0"/>
  <testcase classname="org.bukkit.PerMaterialTest" name="testBlock[837: WHITE_TULIP]" time="0"/>
  <testcase classname="org.bukkit.PerMaterialTest" name="isFuel[837: WHITE_TULIP]" time="0"/>
  <testcase classname="org.bukkit.PerMaterialTest" name="testItem[837: WHITE_TULIP]" time="0"/>
  <testcase classname="org.bukkit.PerMaterialTest" name="testBlastResistance[837: WHITE_TULIP]" time="0"/>
  <testcase classname="org.bukkit.PerMaterialTest" name="isEdible[837: WHITE_TULIP]" time="0.001"/>
  <testcase classname="org.bukkit.PerMaterialTest" name="maxDurability[837: WHITE_TULIP]" time="0"/>
  <testcase classname="org.bukkit.PerMaterialTest" name="usesDurability[837: WHITE_TULIP]" time="0"/>
  <testcase classname="org.bukkit.PerMaterialTest" name="isOccluding[837: WHITE_TULIP]" time="0"/>
  <testcase classname="org.bukkit.PerMaterialTest" name="isRecord[837: WHITE_TULIP]" time="0"/>
  <testcase classname="org.bukkit.PerMaterialTest" name="isFlammable[837: WHITE_TULIP]" time="0"/>
  <testcase classname="org.bukkit.PerMaterialTest" name="testDurability[837: WHITE_TULIP]" time="0"/>
  <testcase classname="org.bukkit.PerMaterialTest" name="testBlockHardness[837: WHITE_TULIP]" time="0"/>
  <testcase classname="org.bukkit.PerMaterialTest" name="maxStackSize[837: WHITE_TULIP]" time="0"/>
  <testcase classname="org.bukkit.PerMaterialTest" name="isTransparent[837: WHITE_TULIP]" time="0"/>
  <testcase classname="org.bukkit.PerMaterialTest" name="testBlockDataCreation[837: WHITE_TULIP]" time="0"/>
  <testcase classname="org.bukkit.PerMaterialTest" name="isBlock[837: WHITE_TULIP]" time="0"/>
  <testcase classname="org.bukkit.PerMaterialTest" name="isSolid[837: WHITE_TULIP]" time="0"/>
  <testcase classname="org.bukkit.PerMaterialTest" name="hasGravity[838: WHITE_WALL_BANNER]" time="0"/>
  <testcase classname="org.bukkit.PerMaterialTest" name="isBurnable[838: WHITE_WALL_BANNER]" time="0"/>
  <testcase classname="org.bukkit.PerMaterialTest" name="testInteractable[838: WHITE_WALL_BANNER]" time="0"/>
  <testcase classname="org.bukkit.PerMaterialTest" name="testBlock[838: WHITE_WALL_BANNER]" time="0"/>
  <testcase classname="org.bukkit.PerMaterialTest" name="isFuel[838: WHITE_WALL_BANNER]" time="0"/>
  <testcase classname="org.bukkit.PerMaterialTest" name="testItem[838: WHITE_WALL_BANNER]" time="0"/>
  <testcase classname="org.bukkit.PerMaterialTest" name="testBlastResistance[838: WHITE_WALL_BANNER]" time="0"/>
  <testcase classname="org.bukkit.PerMaterialTest" name="isEdible[838: WHITE_WALL_BANNER]" time="0"/>
  <testcase classname="org.bukkit.PerMaterialTest" name="maxDurability[838: WHITE_WALL_BANNER]" time="0"/>
  <testcase classname="org.bukkit.PerMaterialTest" name="usesDurability[838: WHITE_WALL_BANNER]" time="0"/>
  <testcase classname="org.bukkit.PerMaterialTest" name="isOccluding[838: WHITE_WALL_BANNER]" time="0"/>
  <testcase classname="org.bukkit.PerMaterialTest" name="isRecord[838: WHITE_WALL_BANNER]" time="0"/>
  <testcase classname="org.bukkit.PerMaterialTest" name="isFlammable[838: WHITE_WALL_BANNER]" time="0"/>
  <testcase classname="org.bukkit.PerMaterialTest" name="testDurability[838: WHITE_WALL_BANNER]" time="0"/>
  <testcase classname="org.bukkit.PerMaterialTest" name="testBlockHardness[838: WHITE_WALL_BANNER]" time="0"/>
  <testcase classname="org.bukkit.PerMaterialTest" name="maxStackSize[838: WHITE_WALL_BANNER]" time="0"/>
  <testcase classname="org.bukkit.PerMaterialTest" name="isTransparent[838: WHITE_WALL_BANNER]" time="0"/>
  <testcase classname="org.bukkit.PerMaterialTest" name="testBlockDataCreation[838: WHITE_WALL_BANNER]" time="0"/>
  <testcase classname="org.bukkit.PerMaterialTest" name="isBlock[838: WHITE_WALL_BANNER]" time="0"/>
  <testcase classname="org.bukkit.PerMaterialTest" name="isSolid[838: WHITE_WALL_BANNER]" time="0"/>
  <testcase classname="org.bukkit.PerMaterialTest" name="hasGravity[839: WHITE_WOOL]" time="0"/>
  <testcase classname="org.bukkit.PerMaterialTest" name="isBurnable[839: WHITE_WOOL]" time="0"/>
  <testcase classname="org.bukkit.PerMaterialTest" name="testInteractable[839: WHITE_WOOL]" time="0"/>
  <testcase classname="org.bukkit.PerMaterialTest" name="testBlock[839: WHITE_WOOL]" time="0"/>
  <testcase classname="org.bukkit.PerMaterialTest" name="isFuel[839: WHITE_WOOL]" time="0"/>
  <testcase classname="org.bukkit.PerMaterialTest" name="testItem[839: WHITE_WOOL]" time="0"/>
  <testcase classname="org.bukkit.PerMaterialTest" name="testBlastResistance[839: WHITE_WOOL]" time="0"/>
  <testcase classname="org.bukkit.PerMaterialTest" name="isEdible[839: WHITE_WOOL]" time="0"/>
  <testcase classname="org.bukkit.PerMaterialTest" name="maxDurability[839: WHITE_WOOL]" time="0"/>
  <testcase classname="org.bukkit.PerMaterialTest" name="usesDurability[839: WHITE_WOOL]" time="0.001"/>
  <testcase classname="org.bukkit.PerMaterialTest" name="isOccluding[839: WHITE_WOOL]" time="0"/>
  <testcase classname="org.bukkit.PerMaterialTest" name="isRecord[839: WHITE_WOOL]" time="0"/>
  <testcase classname="org.bukkit.PerMaterialTest" name="isFlammable[839: WHITE_WOOL]" time="0"/>
  <testcase classname="org.bukkit.PerMaterialTest" name="testDurability[839: WHITE_WOOL]" time="0"/>
  <testcase classname="org.bukkit.PerMaterialTest" name="testBlockHardness[839: WHITE_WOOL]" time="0"/>
  <testcase classname="org.bukkit.PerMaterialTest" name="maxStackSize[839: WHITE_WOOL]" time="0"/>
  <testcase classname="org.bukkit.PerMaterialTest" name="isTransparent[839: WHITE_WOOL]" time="0"/>
  <testcase classname="org.bukkit.PerMaterialTest" name="testBlockDataCreation[839: WHITE_WOOL]" time="0"/>
  <testcase classname="org.bukkit.PerMaterialTest" name="isBlock[839: WHITE_WOOL]" time="0"/>
  <testcase classname="org.bukkit.PerMaterialTest" name="isSolid[839: WHITE_WOOL]" time="0"/>
  <testcase classname="org.bukkit.PerMaterialTest" name="hasGravity[840: WITCH_SPAWN_EGG]" time="0"/>
  <testcase classname="org.bukkit.PerMaterialTest" name="isBurnable[840: WITCH_SPAWN_EGG]" time="0"/>
  <testcase classname="org.bukkit.PerMaterialTest" name="testInteractable[840: WITCH_SPAWN_EGG]" time="0"/>
  <testcase classname="org.bukkit.PerMaterialTest" name="testBlock[840: WITCH_SPAWN_EGG]" time="0"/>
  <testcase classname="org.bukkit.PerMaterialTest" name="isFuel[840: WITCH_SPAWN_EGG]" time="0.001"/>
  <testcase classname="org.bukkit.PerMaterialTest" name="testItem[840: WITCH_SPAWN_EGG]" time="0"/>
  <testcase classname="org.bukkit.PerMaterialTest" name="testBlastResistance[840: WITCH_SPAWN_EGG]" time="0"/>
  <testcase classname="org.bukkit.PerMaterialTest" name="isEdible[840: WITCH_SPAWN_EGG]" time="0"/>
  <testcase classname="org.bukkit.PerMaterialTest" name="maxDurability[840: WITCH_SPAWN_EGG]" time="0"/>
  <testcase classname="org.bukkit.PerMaterialTest" name="usesDurability[840: WITCH_SPAWN_EGG]" time="0"/>
  <testcase classname="org.bukkit.PerMaterialTest" name="isOccluding[840: WITCH_SPAWN_EGG]" time="0"/>
  <testcase classname="org.bukkit.PerMaterialTest" name="isRecord[840: WITCH_SPAWN_EGG]" time="0.001"/>
  <testcase classname="org.bukkit.PerMaterialTest" name="isFlammable[840: WITCH_SPAWN_EGG]" time="0"/>
  <testcase classname="org.bukkit.PerMaterialTest" name="testDurability[840: WITCH_SPAWN_EGG]" time="0"/>
  <testcase classname="org.bukkit.PerMaterialTest" name="testBlockHardness[840: WITCH_SPAWN_EGG]" time="0"/>
  <testcase classname="org.bukkit.PerMaterialTest" name="maxStackSize[840: WITCH_SPAWN_EGG]" time="0"/>
  <testcase classname="org.bukkit.PerMaterialTest" name="isTransparent[840: WITCH_SPAWN_EGG]" time="0"/>
  <testcase classname="org.bukkit.PerMaterialTest" name="testBlockDataCreation[840: WITCH_SPAWN_EGG]" time="0"/>
  <testcase classname="org.bukkit.PerMaterialTest" name="isBlock[840: WITCH_SPAWN_EGG]" time="0.001"/>
  <testcase classname="org.bukkit.PerMaterialTest" name="isSolid[840: WITCH_SPAWN_EGG]" time="0"/>
  <testcase classname="org.bukkit.PerMaterialTest" name="hasGravity[841: WITHER_SKELETON_SKULL]" time="0"/>
  <testcase classname="org.bukkit.PerMaterialTest" name="isBurnable[841: WITHER_SKELETON_SKULL]" time="0"/>
  <testcase classname="org.bukkit.PerMaterialTest" name="testInteractable[841: WITHER_SKELETON_SKULL]" time="0"/>
  <testcase classname="org.bukkit.PerMaterialTest" name="testBlock[841: WITHER_SKELETON_SKULL]" time="0"/>
  <testcase classname="org.bukkit.PerMaterialTest" name="isFuel[841: WITHER_SKELETON_SKULL]" time="0.001"/>
  <testcase classname="org.bukkit.PerMaterialTest" name="testItem[841: WITHER_SKELETON_SKULL]" time="0"/>
  <testcase classname="org.bukkit.PerMaterialTest" name="testBlastResistance[841: WITHER_SKELETON_SKULL]" time="0"/>
  <testcase classname="org.bukkit.PerMaterialTest" name="isEdible[841: WITHER_SKELETON_SKULL]" time="0"/>
  <testcase classname="org.bukkit.PerMaterialTest" name="maxDurability[841: WITHER_SKELETON_SKULL]" time="0"/>
  <testcase classname="org.bukkit.PerMaterialTest" name="usesDurability[841: WITHER_SKELETON_SKULL]" time="0"/>
  <testcase classname="org.bukkit.PerMaterialTest" name="isOccluding[841: WITHER_SKELETON_SKULL]" time="0.001"/>
  <testcase classname="org.bukkit.PerMaterialTest" name="isRecord[841: WITHER_SKELETON_SKULL]" time="0"/>
  <testcase classname="org.bukkit.PerMaterialTest" name="isFlammable[841: WITHER_SKELETON_SKULL]" time="0"/>
  <testcase classname="org.bukkit.PerMaterialTest" name="testDurability[841: WITHER_SKELETON_SKULL]" time="0"/>
  <testcase classname="org.bukkit.PerMaterialTest" name="testBlockHardness[841: WITHER_SKELETON_SKULL]" time="0"/>
  <testcase classname="org.bukkit.PerMaterialTest" name="maxStackSize[841: WITHER_SKELETON_SKULL]" time="0"/>
  <testcase classname="org.bukkit.PerMaterialTest" name="isTransparent[841: WITHER_SKELETON_SKULL]" time="0"/>
  <testcase classname="org.bukkit.PerMaterialTest" name="testBlockDataCreation[841: WITHER_SKELETON_SKULL]" time="0"/>
  <testcase classname="org.bukkit.PerMaterialTest" name="isBlock[841: WITHER_SKELETON_SKULL]" time="0"/>
  <testcase classname="org.bukkit.PerMaterialTest" name="isSolid[841: WITHER_SKELETON_SKULL]" time="0"/>
  <testcase classname="org.bukkit.PerMaterialTest" name="hasGravity[842: WITHER_SKELETON_SPAWN_EGG]" time="0"/>
  <testcase classname="org.bukkit.PerMaterialTest" name="isBurnable[842: WITHER_SKELETON_SPAWN_EGG]" time="0"/>
  <testcase classname="org.bukkit.PerMaterialTest" name="testInteractable[842: WITHER_SKELETON_SPAWN_EGG]" time="0"/>
  <testcase classname="org.bukkit.PerMaterialTest" name="testBlock[842: WITHER_SKELETON_SPAWN_EGG]" time="0"/>
  <testcase classname="org.bukkit.PerMaterialTest" name="isFuel[842: WITHER_SKELETON_SPAWN_EGG]" time="0.001"/>
  <testcase classname="org.bukkit.PerMaterialTest" name="testItem[842: WITHER_SKELETON_SPAWN_EGG]" time="0"/>
  <testcase classname="org.bukkit.PerMaterialTest" name="testBlastResistance[842: WITHER_SKELETON_SPAWN_EGG]" time="0"/>
  <testcase classname="org.bukkit.PerMaterialTest" name="isEdible[842: WITHER_SKELETON_SPAWN_EGG]" time="0"/>
  <testcase classname="org.bukkit.PerMaterialTest" name="maxDurability[842: WITHER_SKELETON_SPAWN_EGG]" time="0"/>
  <testcase classname="org.bukkit.PerMaterialTest" name="usesDurability[842: WITHER_SKELETON_SPAWN_EGG]" time="0"/>
  <testcase classname="org.bukkit.PerMaterialTest" name="isOccluding[842: WITHER_SKELETON_SPAWN_EGG]" time="0"/>
  <testcase classname="org.bukkit.PerMaterialTest" name="isRecord[842: WITHER_SKELETON_SPAWN_EGG]" time="0"/>
  <testcase classname="org.bukkit.PerMaterialTest" name="isFlammable[842: WITHER_SKELETON_SPAWN_EGG]" time="0"/>
  <testcase classname="org.bukkit.PerMaterialTest" name="testDurability[842: WITHER_SKELETON_SPAWN_EGG]" time="0"/>
  <testcase classname="org.bukkit.PerMaterialTest" name="testBlockHardness[842: WITHER_SKELETON_SPAWN_EGG]" time="0"/>
  <testcase classname="org.bukkit.PerMaterialTest" name="maxStackSize[842: WITHER_SKELETON_SPAWN_EGG]" time="0"/>
  <testcase classname="org.bukkit.PerMaterialTest" name="isTransparent[842: WITHER_SKELETON_SPAWN_EGG]" time="0"/>
  <testcase classname="org.bukkit.PerMaterialTest" name="testBlockDataCreation[842: WITHER_SKELETON_SPAWN_EGG]" time="0"/>
  <testcase classname="org.bukkit.PerMaterialTest" name="isBlock[842: WITHER_SKELETON_SPAWN_EGG]" time="0"/>
  <testcase classname="org.bukkit.PerMaterialTest" name="isSolid[842: WITHER_SKELETON_SPAWN_EGG]" time="0"/>
  <testcase classname="org.bukkit.PerMaterialTest" name="hasGravity[843: WITHER_SKELETON_WALL_SKULL]" time="0"/>
  <testcase classname="org.bukkit.PerMaterialTest" name="isBurnable[843: WITHER_SKELETON_WALL_SKULL]" time="0"/>
  <testcase classname="org.bukkit.PerMaterialTest" name="testInteractable[843: WITHER_SKELETON_WALL_SKULL]" time="0"/>
  <testcase classname="org.bukkit.PerMaterialTest" name="testBlock[843: WITHER_SKELETON_WALL_SKULL]" time="0"/>
  <testcase classname="org.bukkit.PerMaterialTest" name="isFuel[843: WITHER_SKELETON_WALL_SKULL]" time="0"/>
  <testcase classname="org.bukkit.PerMaterialTest" name="testItem[843: WITHER_SKELETON_WALL_SKULL]" time="0"/>
  <testcase classname="org.bukkit.PerMaterialTest" name="testBlastResistance[843: WITHER_SKELETON_WALL_SKULL]" time="0"/>
  <testcase classname="org.bukkit.PerMaterialTest" name="isEdible[843: WITHER_SKELETON_WALL_SKULL]" time="0"/>
  <testcase classname="org.bukkit.PerMaterialTest" name="maxDurability[843: WITHER_SKELETON_WALL_SKULL]" time="0"/>
  <testcase classname="org.bukkit.PerMaterialTest" name="usesDurability[843: WITHER_SKELETON_WALL_SKULL]" time="0"/>
  <testcase classname="org.bukkit.PerMaterialTest" name="isOccluding[843: WITHER_SKELETON_WALL_SKULL]" time="0.001"/>
  <testcase classname="org.bukkit.PerMaterialTest" name="isRecord[843: WITHER_SKELETON_WALL_SKULL]" time="0"/>
  <testcase classname="org.bukkit.PerMaterialTest" name="isFlammable[843: WITHER_SKELETON_WALL_SKULL]" time="0"/>
  <testcase classname="org.bukkit.PerMaterialTest" name="testDurability[843: WITHER_SKELETON_WALL_SKULL]" time="0"/>
  <testcase classname="org.bukkit.PerMaterialTest" name="testBlockHardness[843: WITHER_SKELETON_WALL_SKULL]" time="0"/>
  <testcase classname="org.bukkit.PerMaterialTest" name="maxStackSize[843: WITHER_SKELETON_WALL_SKULL]" time="0"/>
  <testcase classname="org.bukkit.PerMaterialTest" name="isTransparent[843: WITHER_SKELETON_WALL_SKULL]" time="0"/>
  <testcase classname="org.bukkit.PerMaterialTest" name="testBlockDataCreation[843: WITHER_SKELETON_WALL_SKULL]" time="0.001"/>
  <testcase classname="org.bukkit.PerMaterialTest" name="isBlock[843: WITHER_SKELETON_WALL_SKULL]" time="0"/>
  <testcase classname="org.bukkit.PerMaterialTest" name="isSolid[843: WITHER_SKELETON_WALL_SKULL]" time="0"/>
  <testcase classname="org.bukkit.PerMaterialTest" name="hasGravity[844: WOLF_SPAWN_EGG]" time="0"/>
  <testcase classname="org.bukkit.PerMaterialTest" name="isBurnable[844: WOLF_SPAWN_EGG]" time="0"/>
  <testcase classname="org.bukkit.PerMaterialTest" name="testInteractable[844: WOLF_SPAWN_EGG]" time="0"/>
  <testcase classname="org.bukkit.PerMaterialTest" name="testBlock[844: WOLF_SPAWN_EGG]" time="0"/>
  <testcase classname="org.bukkit.PerMaterialTest" name="isFuel[844: WOLF_SPAWN_EGG]" time="0.001"/>
  <testcase classname="org.bukkit.PerMaterialTest" name="testItem[844: WOLF_SPAWN_EGG]" time="0"/>
  <testcase classname="org.bukkit.PerMaterialTest" name="testBlastResistance[844: WOLF_SPAWN_EGG]" time="0"/>
  <testcase classname="org.bukkit.PerMaterialTest" name="isEdible[844: WOLF_SPAWN_EGG]" time="0"/>
  <testcase classname="org.bukkit.PerMaterialTest" name="maxDurability[844: WOLF_SPAWN_EGG]" time="0"/>
  <testcase classname="org.bukkit.PerMaterialTest" name="usesDurability[844: WOLF_SPAWN_EGG]" time="0"/>
  <testcase classname="org.bukkit.PerMaterialTest" name="isOccluding[844: WOLF_SPAWN_EGG]" time="0"/>
  <testcase classname="org.bukkit.PerMaterialTest" name="isRecord[844: WOLF_SPAWN_EGG]" time="0.001"/>
  <testcase classname="org.bukkit.PerMaterialTest" name="isFlammable[844: WOLF_SPAWN_EGG]" time="0"/>
  <testcase classname="org.bukkit.PerMaterialTest" name="testDurability[844: WOLF_SPAWN_EGG]" time="0"/>
  <testcase classname="org.bukkit.PerMaterialTest" name="testBlockHardness[844: WOLF_SPAWN_EGG]" time="0"/>
  <testcase classname="org.bukkit.PerMaterialTest" name="maxStackSize[844: WOLF_SPAWN_EGG]" time="0"/>
  <testcase classname="org.bukkit.PerMaterialTest" name="isTransparent[844: WOLF_SPAWN_EGG]" time="0"/>
  <testcase classname="org.bukkit.PerMaterialTest" name="testBlockDataCreation[844: WOLF_SPAWN_EGG]" time="0"/>
  <testcase classname="org.bukkit.PerMaterialTest" name="isBlock[844: WOLF_SPAWN_EGG]" time="0"/>
  <testcase classname="org.bukkit.PerMaterialTest" name="isSolid[844: WOLF_SPAWN_EGG]" time="0.001"/>
  <testcase classname="org.bukkit.PerMaterialTest" name="hasGravity[845: WOODEN_AXE]" time="0"/>
  <testcase classname="org.bukkit.PerMaterialTest" name="isBurnable[845: WOODEN_AXE]" time="0"/>
  <testcase classname="org.bukkit.PerMaterialTest" name="testInteractable[845: WOODEN_AXE]" time="0"/>
  <testcase classname="org.bukkit.PerMaterialTest" name="testBlock[845: WOODEN_AXE]" time="0"/>
  <testcase classname="org.bukkit.PerMaterialTest" name="isFuel[845: WOODEN_AXE]" time="0"/>
  <testcase classname="org.bukkit.PerMaterialTest" name="testItem[845: WOODEN_AXE]" time="0"/>
  <testcase classname="org.bukkit.PerMaterialTest" name="testBlastResistance[845: WOODEN_AXE]" time="0"/>
  <testcase classname="org.bukkit.PerMaterialTest" name="isEdible[845: WOODEN_AXE]" time="0"/>
  <testcase classname="org.bukkit.PerMaterialTest" name="maxDurability[845: WOODEN_AXE]" time="0"/>
  <testcase classname="org.bukkit.PerMaterialTest" name="usesDurability[845: WOODEN_AXE]" time="0"/>
  <testcase classname="org.bukkit.PerMaterialTest" name="isOccluding[845: WOODEN_AXE]" time="0"/>
  <testcase classname="org.bukkit.PerMaterialTest" name="isRecord[845: WOODEN_AXE]" time="0"/>
  <testcase classname="org.bukkit.PerMaterialTest" name="isFlammable[845: WOODEN_AXE]" time="0"/>
  <testcase classname="org.bukkit.PerMaterialTest" name="testDurability[845: WOODEN_AXE]" time="0"/>
  <testcase classname="org.bukkit.PerMaterialTest" name="testBlockHardness[845: WOODEN_AXE]" time="0"/>
  <testcase classname="org.bukkit.PerMaterialTest" name="maxStackSize[845: WOODEN_AXE]" time="0"/>
  <testcase classname="org.bukkit.PerMaterialTest" name="isTransparent[845: WOODEN_AXE]" time="0"/>
  <testcase classname="org.bukkit.PerMaterialTest" name="testBlockDataCreation[845: WOODEN_AXE]" time="0"/>
  <testcase classname="org.bukkit.PerMaterialTest" name="isBlock[845: WOODEN_AXE]" time="0"/>
  <testcase classname="org.bukkit.PerMaterialTest" name="isSolid[845: WOODEN_AXE]" time="0"/>
  <testcase classname="org.bukkit.PerMaterialTest" name="hasGravity[846: WOODEN_HOE]" time="0"/>
  <testcase classname="org.bukkit.PerMaterialTest" name="isBurnable[846: WOODEN_HOE]" time="0.001"/>
  <testcase classname="org.bukkit.PerMaterialTest" name="testInteractable[846: WOODEN_HOE]" time="0"/>
  <testcase classname="org.bukkit.PerMaterialTest" name="testBlock[846: WOODEN_HOE]" time="0"/>
  <testcase classname="org.bukkit.PerMaterialTest" name="isFuel[846: WOODEN_HOE]" time="0"/>
  <testcase classname="org.bukkit.PerMaterialTest" name="testItem[846: WOODEN_HOE]" time="0"/>
  <testcase classname="org.bukkit.PerMaterialTest" name="testBlastResistance[846: WOODEN_HOE]" time="0"/>
  <testcase classname="org.bukkit.PerMaterialTest" name="isEdible[846: WOODEN_HOE]" time="0.001"/>
  <testcase classname="org.bukkit.PerMaterialTest" name="maxDurability[846: WOODEN_HOE]" time="0"/>
  <testcase classname="org.bukkit.PerMaterialTest" name="usesDurability[846: WOODEN_HOE]" time="0"/>
  <testcase classname="org.bukkit.PerMaterialTest" name="isOccluding[846: WOODEN_HOE]" time="0"/>
  <testcase classname="org.bukkit.PerMaterialTest" name="isRecord[846: WOODEN_HOE]" time="0"/>
  <testcase classname="org.bukkit.PerMaterialTest" name="isFlammable[846: WOODEN_HOE]" time="0"/>
  <testcase classname="org.bukkit.PerMaterialTest" name="testDurability[846: WOODEN_HOE]" time="0"/>
  <testcase classname="org.bukkit.PerMaterialTest" name="testBlockHardness[846: WOODEN_HOE]" time="0"/>
  <testcase classname="org.bukkit.PerMaterialTest" name="maxStackSize[846: WOODEN_HOE]" time="0.001"/>
  <testcase classname="org.bukkit.PerMaterialTest" name="isTransparent[846: WOODEN_HOE]" time="0"/>
  <testcase classname="org.bukkit.PerMaterialTest" name="testBlockDataCreation[846: WOODEN_HOE]" time="0"/>
  <testcase classname="org.bukkit.PerMaterialTest" name="isBlock[846: WOODEN_HOE]" time="0"/>
  <testcase classname="org.bukkit.PerMaterialTest" name="isSolid[846: WOODEN_HOE]" time="0"/>
  <testcase classname="org.bukkit.PerMaterialTest" name="hasGravity[847: WOODEN_PICKAXE]" time="0"/>
  <testcase classname="org.bukkit.PerMaterialTest" name="isBurnable[847: WOODEN_PICKAXE]" time="0"/>
  <testcase classname="org.bukkit.PerMaterialTest" name="testInteractable[847: WOODEN_PICKAXE]" time="0"/>
  <testcase classname="org.bukkit.PerMaterialTest" name="testBlock[847: WOODEN_PICKAXE]" time="0"/>
  <testcase classname="org.bukkit.PerMaterialTest" name="isFuel[847: WOODEN_PICKAXE]" time="0"/>
  <testcase classname="org.bukkit.PerMaterialTest" name="testItem[847: WOODEN_PICKAXE]" time="0"/>
  <testcase classname="org.bukkit.PerMaterialTest" name="testBlastResistance[847: WOODEN_PICKAXE]" time="0"/>
  <testcase classname="org.bukkit.PerMaterialTest" name="isEdible[847: WOODEN_PICKAXE]" time="0"/>
  <testcase classname="org.bukkit.PerMaterialTest" name="maxDurability[847: WOODEN_PICKAXE]" time="0"/>
  <testcase classname="org.bukkit.PerMaterialTest" name="usesDurability[847: WOODEN_PICKAXE]" time="0"/>
  <testcase classname="org.bukkit.PerMaterialTest" name="isOccluding[847: WOODEN_PICKAXE]" time="0"/>
  <testcase classname="org.bukkit.PerMaterialTest" name="isRecord[847: WOODEN_PICKAXE]" time="0"/>
  <testcase classname="org.bukkit.PerMaterialTest" name="isFlammable[847: WOODEN_PICKAXE]" time="0"/>
  <testcase classname="org.bukkit.PerMaterialTest" name="testDurability[847: WOODEN_PICKAXE]" time="0"/>
  <testcase classname="org.bukkit.PerMaterialTest" name="testBlockHardness[847: WOODEN_PICKAXE]" time="0"/>
  <testcase classname="org.bukkit.PerMaterialTest" name="maxStackSize[847: WOODEN_PICKAXE]" time="0"/>
  <testcase classname="org.bukkit.PerMaterialTest" name="isTransparent[847: WOODEN_PICKAXE]" time="0.001"/>
  <testcase classname="org.bukkit.PerMaterialTest" name="testBlockDataCreation[847: WOODEN_PICKAXE]" time="0"/>
  <testcase classname="org.bukkit.PerMaterialTest" name="isBlock[847: WOODEN_PICKAXE]" time="0"/>
  <testcase classname="org.bukkit.PerMaterialTest" name="isSolid[847: WOODEN_PICKAXE]" time="0"/>
  <testcase classname="org.bukkit.PerMaterialTest" name="hasGravity[848: WOODEN_SHOVEL]" time="0"/>
  <testcase classname="org.bukkit.PerMaterialTest" name="isBurnable[848: WOODEN_SHOVEL]" time="0"/>
  <testcase classname="org.bukkit.PerMaterialTest" name="testInteractable[848: WOODEN_SHOVEL]" time="0"/>
  <testcase classname="org.bukkit.PerMaterialTest" name="testBlock[848: WOODEN_SHOVEL]" time="0"/>
  <testcase classname="org.bukkit.PerMaterialTest" name="isFuel[848: WOODEN_SHOVEL]" time="0.001"/>
  <testcase classname="org.bukkit.PerMaterialTest" name="testItem[848: WOODEN_SHOVEL]" time="0"/>
  <testcase classname="org.bukkit.PerMaterialTest" name="testBlastResistance[848: WOODEN_SHOVEL]" time="0"/>
  <testcase classname="org.bukkit.PerMaterialTest" name="isEdible[848: WOODEN_SHOVEL]" time="0"/>
  <testcase classname="org.bukkit.PerMaterialTest" name="maxDurability[848: WOODEN_SHOVEL]" time="0"/>
  <testcase classname="org.bukkit.PerMaterialTest" name="usesDurability[848: WOODEN_SHOVEL]" time="0"/>
  <testcase classname="org.bukkit.PerMaterialTest" name="isOccluding[848: WOODEN_SHOVEL]" time="0"/>
  <testcase classname="org.bukkit.PerMaterialTest" name="isRecord[848: WOODEN_SHOVEL]" time="0"/>
  <testcase classname="org.bukkit.PerMaterialTest" name="isFlammable[848: WOODEN_SHOVEL]" time="0"/>
  <testcase classname="org.bukkit.PerMaterialTest" name="testDurability[848: WOODEN_SHOVEL]" time="0"/>
  <testcase classname="org.bukkit.PerMaterialTest" name="testBlockHardness[848: WOODEN_SHOVEL]" time="0"/>
  <testcase classname="org.bukkit.PerMaterialTest" name="maxStackSize[848: WOODEN_SHOVEL]" time="0"/>
  <testcase classname="org.bukkit.PerMaterialTest" name="isTransparent[848: WOODEN_SHOVEL]" time="0"/>
  <testcase classname="org.bukkit.PerMaterialTest" name="testBlockDataCreation[848: WOODEN_SHOVEL]" time="0"/>
  <testcase classname="org.bukkit.PerMaterialTest" name="isBlock[848: WOODEN_SHOVEL]" time="0.001"/>
  <testcase classname="org.bukkit.PerMaterialTest" name="isSolid[848: WOODEN_SHOVEL]" time="0"/>
  <testcase classname="org.bukkit.PerMaterialTest" name="hasGravity[849: WOODEN_SWORD]" time="0"/>
  <testcase classname="org.bukkit.PerMaterialTest" name="isBurnable[849: WOODEN_SWORD]" time="0"/>
  <testcase classname="org.bukkit.PerMaterialTest" name="testInteractable[849: WOODEN_SWORD]" time="0"/>
  <testcase classname="org.bukkit.PerMaterialTest" name="testBlock[849: WOODEN_SWORD]" time="0"/>
  <testcase classname="org.bukkit.PerMaterialTest" name="isFuel[849: WOODEN_SWORD]" time="0"/>
  <testcase classname="org.bukkit.PerMaterialTest" name="testItem[849: WOODEN_SWORD]" time="0"/>
  <testcase classname="org.bukkit.PerMaterialTest" name="testBlastResistance[849: WOODEN_SWORD]" time="0"/>
  <testcase classname="org.bukkit.PerMaterialTest" name="isEdible[849: WOODEN_SWORD]" time="0"/>
  <testcase classname="org.bukkit.PerMaterialTest" name="maxDurability[849: WOODEN_SWORD]" time="0"/>
  <testcase classname="org.bukkit.PerMaterialTest" name="usesDurability[849: WOODEN_SWORD]" time="0"/>
  <testcase classname="org.bukkit.PerMaterialTest" name="isOccluding[849: WOODEN_SWORD]" time="0"/>
  <testcase classname="org.bukkit.PerMaterialTest" name="isRecord[849: WOODEN_SWORD]" time="0"/>
  <testcase classname="org.bukkit.PerMaterialTest" name="isFlammable[849: WOODEN_SWORD]" time="0"/>
  <testcase classname="org.bukkit.PerMaterialTest" name="testDurability[849: WOODEN_SWORD]" time="0.001"/>
  <testcase classname="org.bukkit.PerMaterialTest" name="testBlockHardness[849: WOODEN_SWORD]" time="0"/>
  <testcase classname="org.bukkit.PerMaterialTest" name="maxStackSize[849: WOODEN_SWORD]" time="0"/>
  <testcase classname="org.bukkit.PerMaterialTest" name="isTransparent[849: WOODEN_SWORD]" time="0"/>
  <testcase classname="org.bukkit.PerMaterialTest" name="testBlockDataCreation[849: WOODEN_SWORD]" time="0"/>
  <testcase classname="org.bukkit.PerMaterialTest" name="isBlock[849: WOODEN_SWORD]" time="0"/>
  <testcase classname="org.bukkit.PerMaterialTest" name="isSolid[849: WOODEN_SWORD]" time="0"/>
  <testcase classname="org.bukkit.PerMaterialTest" name="hasGravity[850: WRITABLE_BOOK]" time="0.001"/>
  <testcase classname="org.bukkit.PerMaterialTest" name="isBurnable[850: WRITABLE_BOOK]" time="0"/>
  <testcase classname="org.bukkit.PerMaterialTest" name="testInteractable[850: WRITABLE_BOOK]" time="0"/>
  <testcase classname="org.bukkit.PerMaterialTest" name="testBlock[850: WRITABLE_BOOK]" time="0"/>
  <testcase classname="org.bukkit.PerMaterialTest" name="isFuel[850: WRITABLE_BOOK]" time="0"/>
  <testcase classname="org.bukkit.PerMaterialTest" name="testItem[850: WRITABLE_BOOK]" time="0"/>
  <testcase classname="org.bukkit.PerMaterialTest" name="testBlastResistance[850: WRITABLE_BOOK]" time="0"/>
  <testcase classname="org.bukkit.PerMaterialTest" name="isEdible[850: WRITABLE_BOOK]" time="0.001"/>
  <testcase classname="org.bukkit.PerMaterialTest" name="maxDurability[850: WRITABLE_BOOK]" time="0"/>
  <testcase classname="org.bukkit.PerMaterialTest" name="usesDurability[850: WRITABLE_BOOK]" time="0"/>
  <testcase classname="org.bukkit.PerMaterialTest" name="isOccluding[850: WRITABLE_BOOK]" time="0"/>
  <testcase classname="org.bukkit.PerMaterialTest" name="isRecord[850: WRITABLE_BOOK]" time="0"/>
  <testcase classname="org.bukkit.PerMaterialTest" name="isFlammable[850: WRITABLE_BOOK]" time="0"/>
  <testcase classname="org.bukkit.PerMaterialTest" name="testDurability[850: WRITABLE_BOOK]" time="0"/>
  <testcase classname="org.bukkit.PerMaterialTest" name="testBlockHardness[850: WRITABLE_BOOK]" time="0"/>
  <testcase classname="org.bukkit.PerMaterialTest" name="maxStackSize[850: WRITABLE_BOOK]" time="0.001"/>
  <testcase classname="org.bukkit.PerMaterialTest" name="isTransparent[850: WRITABLE_BOOK]" time="0"/>
  <testcase classname="org.bukkit.PerMaterialTest" name="testBlockDataCreation[850: WRITABLE_BOOK]" time="0"/>
  <testcase classname="org.bukkit.PerMaterialTest" name="isBlock[850: WRITABLE_BOOK]" time="0"/>
  <testcase classname="org.bukkit.PerMaterialTest" name="isSolid[850: WRITABLE_BOOK]" time="0"/>
  <testcase classname="org.bukkit.PerMaterialTest" name="hasGravity[851: WRITTEN_BOOK]" time="0"/>
  <testcase classname="org.bukkit.PerMaterialTest" name="isBurnable[851: WRITTEN_BOOK]" time="0"/>
  <testcase classname="org.bukkit.PerMaterialTest" name="testInteractable[851: WRITTEN_BOOK]" time="0"/>
  <testcase classname="org.bukkit.PerMaterialTest" name="testBlock[851: WRITTEN_BOOK]" time="0"/>
  <testcase classname="org.bukkit.PerMaterialTest" name="isFuel[851: WRITTEN_BOOK]" time="0"/>
  <testcase classname="org.bukkit.PerMaterialTest" name="testItem[851: WRITTEN_BOOK]" time="0"/>
  <testcase classname="org.bukkit.PerMaterialTest" name="testBlastResistance[851: WRITTEN_BOOK]" time="0"/>
  <testcase classname="org.bukkit.PerMaterialTest" name="isEdible[851: WRITTEN_BOOK]" time="0"/>
  <testcase classname="org.bukkit.PerMaterialTest" name="maxDurability[851: WRITTEN_BOOK]" time="0"/>
  <testcase classname="org.bukkit.PerMaterialTest" name="usesDurability[851: WRITTEN_BOOK]" time="0"/>
  <testcase classname="org.bukkit.PerMaterialTest" name="isOccluding[851: WRITTEN_BOOK]" time="0"/>
  <testcase classname="org.bukkit.PerMaterialTest" name="isRecord[851: WRITTEN_BOOK]" time="0"/>
  <testcase classname="org.bukkit.PerMaterialTest" name="isFlammable[851: WRITTEN_BOOK]" time="0"/>
  <testcase classname="org.bukkit.PerMaterialTest" name="testDurability[851: WRITTEN_BOOK]" time="0"/>
  <testcase classname="org.bukkit.PerMaterialTest" name="testBlockHardness[851: WRITTEN_BOOK]" time="0"/>
  <testcase classname="org.bukkit.PerMaterialTest" name="maxStackSize[851: WRITTEN_BOOK]" time="0"/>
  <testcase classname="org.bukkit.PerMaterialTest" name="isTransparent[851: WRITTEN_BOOK]" time="0.001"/>
  <testcase classname="org.bukkit.PerMaterialTest" name="testBlockDataCreation[851: WRITTEN_BOOK]" time="0"/>
  <testcase classname="org.bukkit.PerMaterialTest" name="isBlock[851: WRITTEN_BOOK]" time="0"/>
  <testcase classname="org.bukkit.PerMaterialTest" name="isSolid[851: WRITTEN_BOOK]" time="0"/>
  <testcase classname="org.bukkit.PerMaterialTest" name="hasGravity[852: YELLOW_BANNER]" time="0"/>
  <testcase classname="org.bukkit.PerMaterialTest" name="isBurnable[852: YELLOW_BANNER]" time="0"/>
  <testcase classname="org.bukkit.PerMaterialTest" name="testInteractable[852: YELLOW_BANNER]" time="0"/>
  <testcase classname="org.bukkit.PerMaterialTest" name="testBlock[852: YELLOW_BANNER]" time="0.001"/>
  <testcase classname="org.bukkit.PerMaterialTest" name="isFuel[852: YELLOW_BANNER]" time="0"/>
  <testcase classname="org.bukkit.PerMaterialTest" name="testItem[852: YELLOW_BANNER]" time="0"/>
  <testcase classname="org.bukkit.PerMaterialTest" name="testBlastResistance[852: YELLOW_BANNER]" time="0"/>
  <testcase classname="org.bukkit.PerMaterialTest" name="isEdible[852: YELLOW_BANNER]" time="0"/>
  <testcase classname="org.bukkit.PerMaterialTest" name="maxDurability[852: YELLOW_BANNER]" time="0"/>
  <testcase classname="org.bukkit.PerMaterialTest" name="usesDurability[852: YELLOW_BANNER]" time="0"/>
  <testcase classname="org.bukkit.PerMaterialTest" name="isOccluding[852: YELLOW_BANNER]" time="0"/>
  <testcase classname="org.bukkit.PerMaterialTest" name="isRecord[852: YELLOW_BANNER]" time="0"/>
  <testcase classname="org.bukkit.PerMaterialTest" name="isFlammable[852: YELLOW_BANNER]" time="0"/>
  <testcase classname="org.bukkit.PerMaterialTest" name="testDurability[852: YELLOW_BANNER]" time="0"/>
  <testcase classname="org.bukkit.PerMaterialTest" name="testBlockHardness[852: YELLOW_BANNER]" time="0"/>
  <testcase classname="org.bukkit.PerMaterialTest" name="maxStackSize[852: YELLOW_BANNER]" time="0"/>
  <testcase classname="org.bukkit.PerMaterialTest" name="isTransparent[852: YELLOW_BANNER]" time="0"/>
  <testcase classname="org.bukkit.PerMaterialTest" name="testBlockDataCreation[852: YELLOW_BANNER]" time="0"/>
  <testcase classname="org.bukkit.PerMaterialTest" name="isBlock[852: YELLOW_BANNER]" time="0"/>
  <testcase classname="org.bukkit.PerMaterialTest" name="isSolid[852: YELLOW_BANNER]" time="0"/>
  <testcase classname="org.bukkit.PerMaterialTest" name="hasGravity[853: YELLOW_BED]" time="0"/>
  <testcase classname="org.bukkit.PerMaterialTest" name="isBurnable[853: YELLOW_BED]" time="0"/>
  <testcase classname="org.bukkit.PerMaterialTest" name="testInteractable[853: YELLOW_BED]" time="0"/>
  <testcase classname="org.bukkit.PerMaterialTest" name="testBlock[853: YELLOW_BED]" time="0"/>
  <testcase classname="org.bukkit.PerMaterialTest" name="isFuel[853: YELLOW_BED]" time="0.001"/>
  <testcase classname="org.bukkit.PerMaterialTest" name="testItem[853: YELLOW_BED]" time="0"/>
  <testcase classname="org.bukkit.PerMaterialTest" name="testBlastResistance[853: YELLOW_BED]" time="0"/>
  <testcase classname="org.bukkit.PerMaterialTest" name="isEdible[853: YELLOW_BED]" time="0"/>
  <testcase classname="org.bukkit.PerMaterialTest" name="maxDurability[853: YELLOW_BED]" time="0"/>
  <testcase classname="org.bukkit.PerMaterialTest" name="usesDurability[853: YELLOW_BED]" time="0"/>
  <testcase classname="org.bukkit.PerMaterialTest" name="isOccluding[853: YELLOW_BED]" time="0.001"/>
  <testcase classname="org.bukkit.PerMaterialTest" name="isRecord[853: YELLOW_BED]" time="0"/>
  <testcase classname="org.bukkit.PerMaterialTest" name="isFlammable[853: YELLOW_BED]" time="0"/>
  <testcase classname="org.bukkit.PerMaterialTest" name="testDurability[853: YELLOW_BED]" time="0"/>
  <testcase classname="org.bukkit.PerMaterialTest" name="testBlockHardness[853: YELLOW_BED]" time="0"/>
  <testcase classname="org.bukkit.PerMaterialTest" name="maxStackSize[853: YELLOW_BED]" time="0"/>
  <testcase classname="org.bukkit.PerMaterialTest" name="isTransparent[853: YELLOW_BED]" time="0"/>
  <testcase classname="org.bukkit.PerMaterialTest" name="testBlockDataCreation[853: YELLOW_BED]" time="0"/>
  <testcase classname="org.bukkit.PerMaterialTest" name="isBlock[853: YELLOW_BED]" time="0"/>
  <testcase classname="org.bukkit.PerMaterialTest" name="isSolid[853: YELLOW_BED]" time="0"/>
  <testcase classname="org.bukkit.PerMaterialTest" name="hasGravity[854: YELLOW_CARPET]" time="0"/>
  <testcase classname="org.bukkit.PerMaterialTest" name="isBurnable[854: YELLOW_CARPET]" time="0"/>
  <testcase classname="org.bukkit.PerMaterialTest" name="testInteractable[854: YELLOW_CARPET]" time="0"/>
  <testcase classname="org.bukkit.PerMaterialTest" name="testBlock[854: YELLOW_CARPET]" time="0"/>
  <testcase classname="org.bukkit.PerMaterialTest" name="isFuel[854: YELLOW_CARPET]" time="0.001"/>
  <testcase classname="org.bukkit.PerMaterialTest" name="testItem[854: YELLOW_CARPET]" time="0"/>
  <testcase classname="org.bukkit.PerMaterialTest" name="testBlastResistance[854: YELLOW_CARPET]" time="0"/>
  <testcase classname="org.bukkit.PerMaterialTest" name="isEdible[854: YELLOW_CARPET]" time="0"/>
  <testcase classname="org.bukkit.PerMaterialTest" name="maxDurability[854: YELLOW_CARPET]" time="0"/>
  <testcase classname="org.bukkit.PerMaterialTest" name="usesDurability[854: YELLOW_CARPET]" time="0"/>
  <testcase classname="org.bukkit.PerMaterialTest" name="isOccluding[854: YELLOW_CARPET]" time="0"/>
  <testcase classname="org.bukkit.PerMaterialTest" name="isRecord[854: YELLOW_CARPET]" time="0"/>
  <testcase classname="org.bukkit.PerMaterialTest" name="isFlammable[854: YELLOW_CARPET]" time="0"/>
  <testcase classname="org.bukkit.PerMaterialTest" name="testDurability[854: YELLOW_CARPET]" time="0"/>
  <testcase classname="org.bukkit.PerMaterialTest" name="testBlockHardness[854: YELLOW_CARPET]" time="0"/>
  <testcase classname="org.bukkit.PerMaterialTest" name="maxStackSize[854: YELLOW_CARPET]" time="0"/>
  <testcase classname="org.bukkit.PerMaterialTest" name="isTransparent[854: YELLOW_CARPET]" time="0"/>
  <testcase classname="org.bukkit.PerMaterialTest" name="testBlockDataCreation[854: YELLOW_CARPET]" time="0"/>
  <testcase classname="org.bukkit.PerMaterialTest" name="isBlock[854: YELLOW_CARPET]" time="0"/>
  <testcase classname="org.bukkit.PerMaterialTest" name="isSolid[854: YELLOW_CARPET]" time="0"/>
  <testcase classname="org.bukkit.PerMaterialTest" name="hasGravity[855: YELLOW_CONCRETE]" time="0"/>
  <testcase classname="org.bukkit.PerMaterialTest" name="isBurnable[855: YELLOW_CONCRETE]" time="0"/>
  <testcase classname="org.bukkit.PerMaterialTest" name="testInteractable[855: YELLOW_CONCRETE]" time="0"/>
  <testcase classname="org.bukkit.PerMaterialTest" name="testBlock[855: YELLOW_CONCRETE]" time="0"/>
  <testcase classname="org.bukkit.PerMaterialTest" name="isFuel[855: YELLOW_CONCRETE]" time="0.001"/>
  <testcase classname="org.bukkit.PerMaterialTest" name="testItem[855: YELLOW_CONCRETE]" time="0"/>
  <testcase classname="org.bukkit.PerMaterialTest" name="testBlastResistance[855: YELLOW_CONCRETE]" time="0"/>
  <testcase classname="org.bukkit.PerMaterialTest" name="isEdible[855: YELLOW_CONCRETE]" time="0"/>
  <testcase classname="org.bukkit.PerMaterialTest" name="maxDurability[855: YELLOW_CONCRETE]" time="0"/>
  <testcase classname="org.bukkit.PerMaterialTest" name="usesDurability[855: YELLOW_CONCRETE]" time="0"/>
  <testcase classname="org.bukkit.PerMaterialTest" name="isOccluding[855: YELLOW_CONCRETE]" time="0"/>
  <testcase classname="org.bukkit.PerMaterialTest" name="isRecord[855: YELLOW_CONCRETE]" time="0"/>
  <testcase classname="org.bukkit.PerMaterialTest" name="isFlammable[855: YELLOW_CONCRETE]" time="0"/>
  <testcase classname="org.bukkit.PerMaterialTest" name="testDurability[855: YELLOW_CONCRETE]" time="0"/>
  <testcase classname="org.bukkit.PerMaterialTest" name="testBlockHardness[855: YELLOW_CONCRETE]" time="0"/>
  <testcase classname="org.bukkit.PerMaterialTest" name="maxStackSize[855: YELLOW_CONCRETE]" time="0"/>
  <testcase classname="org.bukkit.PerMaterialTest" name="isTransparent[855: YELLOW_CONCRETE]" time="0"/>
  <testcase classname="org.bukkit.PerMaterialTest" name="testBlockDataCreation[855: YELLOW_CONCRETE]" time="0"/>
  <testcase classname="org.bukkit.PerMaterialTest" name="isBlock[855: YELLOW_CONCRETE]" time="0"/>
  <testcase classname="org.bukkit.PerMaterialTest" name="isSolid[855: YELLOW_CONCRETE]" time="0"/>
  <testcase classname="org.bukkit.PerMaterialTest" name="hasGravity[856: YELLOW_CONCRETE_POWDER]" time="0"/>
  <testcase classname="org.bukkit.PerMaterialTest" name="isBurnable[856: YELLOW_CONCRETE_POWDER]" time="0"/>
  <testcase classname="org.bukkit.PerMaterialTest" name="testInteractable[856: YELLOW_CONCRETE_POWDER]" time="0"/>
  <testcase classname="org.bukkit.PerMaterialTest" name="testBlock[856: YELLOW_CONCRETE_POWDER]" time="0"/>
  <testcase classname="org.bukkit.PerMaterialTest" name="isFuel[856: YELLOW_CONCRETE_POWDER]" time="0.001"/>
  <testcase classname="org.bukkit.PerMaterialTest" name="testItem[856: YELLOW_CONCRETE_POWDER]" time="0"/>
  <testcase classname="org.bukkit.PerMaterialTest" name="testBlastResistance[856: YELLOW_CONCRETE_POWDER]" time="0"/>
  <testcase classname="org.bukkit.PerMaterialTest" name="isEdible[856: YELLOW_CONCRETE_POWDER]" time="0"/>
  <testcase classname="org.bukkit.PerMaterialTest" name="maxDurability[856: YELLOW_CONCRETE_POWDER]" time="0"/>
  <testcase classname="org.bukkit.PerMaterialTest" name="usesDurability[856: YELLOW_CONCRETE_POWDER]" time="0"/>
  <testcase classname="org.bukkit.PerMaterialTest" name="isOccluding[856: YELLOW_CONCRETE_POWDER]" time="0.001"/>
  <testcase classname="org.bukkit.PerMaterialTest" name="isRecord[856: YELLOW_CONCRETE_POWDER]" time="0"/>
  <testcase classname="org.bukkit.PerMaterialTest" name="isFlammable[856: YELLOW_CONCRETE_POWDER]" time="0"/>
  <testcase classname="org.bukkit.PerMaterialTest" name="testDurability[856: YELLOW_CONCRETE_POWDER]" time="0"/>
  <testcase classname="org.bukkit.PerMaterialTest" name="testBlockHardness[856: YELLOW_CONCRETE_POWDER]" time="0"/>
  <testcase classname="org.bukkit.PerMaterialTest" name="maxStackSize[856: YELLOW_CONCRETE_POWDER]" time="0"/>
  <testcase classname="org.bukkit.PerMaterialTest" name="isTransparent[856: YELLOW_CONCRETE_POWDER]" time="0"/>
  <testcase classname="org.bukkit.PerMaterialTest" name="testBlockDataCreation[856: YELLOW_CONCRETE_POWDER]" time="0.001"/>
  <testcase classname="org.bukkit.PerMaterialTest" name="isBlock[856: YELLOW_CONCRETE_POWDER]" time="0"/>
  <testcase classname="org.bukkit.PerMaterialTest" name="isSolid[856: YELLOW_CONCRETE_POWDER]" time="0"/>
  <testcase classname="org.bukkit.PerMaterialTest" name="hasGravity[857: YELLOW_GLAZED_TERRACOTTA]" time="0"/>
  <testcase classname="org.bukkit.PerMaterialTest" name="isBurnable[857: YELLOW_GLAZED_TERRACOTTA]" time="0"/>
  <testcase classname="org.bukkit.PerMaterialTest" name="testInteractable[857: YELLOW_GLAZED_TERRACOTTA]" time="0"/>
  <testcase classname="org.bukkit.PerMaterialTest" name="testBlock[857: YELLOW_GLAZED_TERRACOTTA]" time="0"/>
  <testcase classname="org.bukkit.PerMaterialTest" name="isFuel[857: YELLOW_GLAZED_TERRACOTTA]" time="0"/>
  <testcase classname="org.bukkit.PerMaterialTest" name="testItem[857: YELLOW_GLAZED_TERRACOTTA]" time="0"/>
  <testcase classname="org.bukkit.PerMaterialTest" name="testBlastResistance[857: YELLOW_GLAZED_TERRACOTTA]" time="0"/>
  <testcase classname="org.bukkit.PerMaterialTest" name="isEdible[857: YELLOW_GLAZED_TERRACOTTA]" time="0"/>
  <testcase classname="org.bukkit.PerMaterialTest" name="maxDurability[857: YELLOW_GLAZED_TERRACOTTA]" time="0"/>
  <testcase classname="org.bukkit.PerMaterialTest" name="usesDurability[857: YELLOW_GLAZED_TERRACOTTA]" time="0"/>
  <testcase classname="org.bukkit.PerMaterialTest" name="isOccluding[857: YELLOW_GLAZED_TERRACOTTA]" time="0"/>
  <testcase classname="org.bukkit.PerMaterialTest" name="isRecord[857: YELLOW_GLAZED_TERRACOTTA]" time="0"/>
  <testcase classname="org.bukkit.PerMaterialTest" name="isFlammable[857: YELLOW_GLAZED_TERRACOTTA]" time="0"/>
  <testcase classname="org.bukkit.PerMaterialTest" name="testDurability[857: YELLOW_GLAZED_TERRACOTTA]" time="0"/>
  <testcase classname="org.bukkit.PerMaterialTest" name="testBlockHardness[857: YELLOW_GLAZED_TERRACOTTA]" time="0"/>
  <testcase classname="org.bukkit.PerMaterialTest" name="maxStackSize[857: YELLOW_GLAZED_TERRACOTTA]" time="0"/>
  <testcase classname="org.bukkit.PerMaterialTest" name="isTransparent[857: YELLOW_GLAZED_TERRACOTTA]" time="0.001"/>
  <testcase classname="org.bukkit.PerMaterialTest" name="testBlockDataCreation[857: YELLOW_GLAZED_TERRACOTTA]" time="0"/>
  <testcase classname="org.bukkit.PerMaterialTest" name="isBlock[857: YELLOW_GLAZED_TERRACOTTA]" time="0"/>
  <testcase classname="org.bukkit.PerMaterialTest" name="isSolid[857: YELLOW_GLAZED_TERRACOTTA]" time="0"/>
  <testcase classname="org.bukkit.PerMaterialTest" name="hasGravity[858: YELLOW_SHULKER_BOX]" time="0"/>
  <testcase classname="org.bukkit.PerMaterialTest" name="isBurnable[858: YELLOW_SHULKER_BOX]" time="0"/>
  <testcase classname="org.bukkit.PerMaterialTest" name="testInteractable[858: YELLOW_SHULKER_BOX]" time="0"/>
  <testcase classname="org.bukkit.PerMaterialTest" name="testBlock[858: YELLOW_SHULKER_BOX]" time="0"/>
  <testcase classname="org.bukkit.PerMaterialTest" name="isFuel[858: YELLOW_SHULKER_BOX]" time="0"/>
  <testcase classname="org.bukkit.PerMaterialTest" name="testItem[858: YELLOW_SHULKER_BOX]" time="0"/>
  <testcase classname="org.bukkit.PerMaterialTest" name="testBlastResistance[858: YELLOW_SHULKER_BOX]" time="0"/>
  <testcase classname="org.bukkit.PerMaterialTest" name="isEdible[858: YELLOW_SHULKER_BOX]" time="0"/>
  <testcase classname="org.bukkit.PerMaterialTest" name="maxDurability[858: YELLOW_SHULKER_BOX]" time="0"/>
  <testcase classname="org.bukkit.PerMaterialTest" name="usesDurability[858: YELLOW_SHULKER_BOX]" time="0"/>
  <testcase classname="org.bukkit.PerMaterialTest" name="isOccluding[858: YELLOW_SHULKER_BOX]" time="0"/>
  <testcase classname="org.bukkit.PerMaterialTest" name="isRecord[858: YELLOW_SHULKER_BOX]" time="0"/>
  <testcase classname="org.bukkit.PerMaterialTest" name="isFlammable[858: YELLOW_SHULKER_BOX]" time="0"/>
  <testcase classname="org.bukkit.PerMaterialTest" name="testDurability[858: YELLOW_SHULKER_BOX]" time="0"/>
  <testcase classname="org.bukkit.PerMaterialTest" name="testBlockHardness[858: YELLOW_SHULKER_BOX]" time="0"/>
  <testcase classname="org.bukkit.PerMaterialTest" name="maxStackSize[858: YELLOW_SHULKER_BOX]" time="0"/>
  <testcase classname="org.bukkit.PerMaterialTest" name="isTransparent[858: YELLOW_SHULKER_BOX]" time="0"/>
  <testcase classname="org.bukkit.PerMaterialTest" name="testBlockDataCreation[858: YELLOW_SHULKER_BOX]" time="0"/>
  <testcase classname="org.bukkit.PerMaterialTest" name="isBlock[858: YELLOW_SHULKER_BOX]" time="0"/>
  <testcase classname="org.bukkit.PerMaterialTest" name="isSolid[858: YELLOW_SHULKER_BOX]" time="0"/>
  <testcase classname="org.bukkit.PerMaterialTest" name="hasGravity[859: YELLOW_STAINED_GLASS]" time="0"/>
  <testcase classname="org.bukkit.PerMaterialTest" name="isBurnable[859: YELLOW_STAINED_GLASS]" time="0"/>
  <testcase classname="org.bukkit.PerMaterialTest" name="testInteractable[859: YELLOW_STAINED_GLASS]" time="0.001"/>
  <testcase classname="org.bukkit.PerMaterialTest" name="testBlock[859: YELLOW_STAINED_GLASS]" time="0"/>
  <testcase classname="org.bukkit.PerMaterialTest" name="isFuel[859: YELLOW_STAINED_GLASS]" time="0"/>
  <testcase classname="org.bukkit.PerMaterialTest" name="testItem[859: YELLOW_STAINED_GLASS]" time="0"/>
  <testcase classname="org.bukkit.PerMaterialTest" name="testBlastResistance[859: YELLOW_STAINED_GLASS]" time="0"/>
  <testcase classname="org.bukkit.PerMaterialTest" name="isEdible[859: YELLOW_STAINED_GLASS]" time="0"/>
  <testcase classname="org.bukkit.PerMaterialTest" name="maxDurability[859: YELLOW_STAINED_GLASS]" time="0.001"/>
  <testcase classname="org.bukkit.PerMaterialTest" name="usesDurability[859: YELLOW_STAINED_GLASS]" time="0"/>
  <testcase classname="org.bukkit.PerMaterialTest" name="isOccluding[859: YELLOW_STAINED_GLASS]" time="0"/>
  <testcase classname="org.bukkit.PerMaterialTest" name="isRecord[859: YELLOW_STAINED_GLASS]" time="0"/>
  <testcase classname="org.bukkit.PerMaterialTest" name="isFlammable[859: YELLOW_STAINED_GLASS]" time="0"/>
  <testcase classname="org.bukkit.PerMaterialTest" name="testDurability[859: YELLOW_STAINED_GLASS]" time="0"/>
  <testcase classname="org.bukkit.PerMaterialTest" name="testBlockHardness[859: YELLOW_STAINED_GLASS]" time="0"/>
  <testcase classname="org.bukkit.PerMaterialTest" name="maxStackSize[859: YELLOW_STAINED_GLASS]" time="0.001"/>
  <testcase classname="org.bukkit.PerMaterialTest" name="isTransparent[859: YELLOW_STAINED_GLASS]" time="0"/>
  <testcase classname="org.bukkit.PerMaterialTest" name="testBlockDataCreation[859: YELLOW_STAINED_GLASS]" time="0"/>
  <testcase classname="org.bukkit.PerMaterialTest" name="isBlock[859: YELLOW_STAINED_GLASS]" time="0"/>
  <testcase classname="org.bukkit.PerMaterialTest" name="isSolid[859: YELLOW_STAINED_GLASS]" time="0"/>
  <testcase classname="org.bukkit.PerMaterialTest" name="hasGravity[860: YELLOW_STAINED_GLASS_PANE]" time="0"/>
  <testcase classname="org.bukkit.PerMaterialTest" name="isBurnable[860: YELLOW_STAINED_GLASS_PANE]" time="0"/>
  <testcase classname="org.bukkit.PerMaterialTest" name="testInteractable[860: YELLOW_STAINED_GLASS_PANE]" time="0.001"/>
  <testcase classname="org.bukkit.PerMaterialTest" name="testBlock[860: YELLOW_STAINED_GLASS_PANE]" time="0"/>
  <testcase classname="org.bukkit.PerMaterialTest" name="isFuel[860: YELLOW_STAINED_GLASS_PANE]" time="0"/>
  <testcase classname="org.bukkit.PerMaterialTest" name="testItem[860: YELLOW_STAINED_GLASS_PANE]" time="0"/>
  <testcase classname="org.bukkit.PerMaterialTest" name="testBlastResistance[860: YELLOW_STAINED_GLASS_PANE]" time="0"/>
  <testcase classname="org.bukkit.PerMaterialTest" name="isEdible[860: YELLOW_STAINED_GLASS_PANE]" time="0"/>
  <testcase classname="org.bukkit.PerMaterialTest" name="maxDurability[860: YELLOW_STAINED_GLASS_PANE]" time="0"/>
  <testcase classname="org.bukkit.PerMaterialTest" name="usesDurability[860: YELLOW_STAINED_GLASS_PANE]" time="0"/>
  <testcase classname="org.bukkit.PerMaterialTest" name="isOccluding[860: YELLOW_STAINED_GLASS_PANE]" time="0"/>
  <testcase classname="org.bukkit.PerMaterialTest" name="isRecord[860: YELLOW_STAINED_GLASS_PANE]" time="0"/>
  <testcase classname="org.bukkit.PerMaterialTest" name="isFlammable[860: YELLOW_STAINED_GLASS_PANE]" time="0"/>
  <testcase classname="org.bukkit.PerMaterialTest" name="testDurability[860: YELLOW_STAINED_GLASS_PANE]" time="0"/>
  <testcase classname="org.bukkit.PerMaterialTest" name="testBlockHardness[860: YELLOW_STAINED_GLASS_PANE]" time="0"/>
  <testcase classname="org.bukkit.PerMaterialTest" name="maxStackSize[860: YELLOW_STAINED_GLASS_PANE]" time="0.001"/>
  <testcase classname="org.bukkit.PerMaterialTest" name="isTransparent[860: YELLOW_STAINED_GLASS_PANE]" time="0"/>
  <testcase classname="org.bukkit.PerMaterialTest" name="testBlockDataCreation[860: YELLOW_STAINED_GLASS_PANE]" time="0"/>
  <testcase classname="org.bukkit.PerMaterialTest" name="isBlock[860: YELLOW_STAINED_GLASS_PANE]" time="0"/>
  <testcase classname="org.bukkit.PerMaterialTest" name="isSolid[860: YELLOW_STAINED_GLASS_PANE]" time="0"/>
  <testcase classname="org.bukkit.PerMaterialTest" name="hasGravity[861: YELLOW_TERRACOTTA]" time="0"/>
  <testcase classname="org.bukkit.PerMaterialTest" name="isBurnable[861: YELLOW_TERRACOTTA]" time="0"/>
  <testcase classname="org.bukkit.PerMaterialTest" name="testInteractable[861: YELLOW_TERRACOTTA]" time="0"/>
  <testcase classname="org.bukkit.PerMaterialTest" name="testBlock[861: YELLOW_TERRACOTTA]" time="0"/>
  <testcase classname="org.bukkit.PerMaterialTest" name="isFuel[861: YELLOW_TERRACOTTA]" time="0"/>
  <testcase classname="org.bukkit.PerMaterialTest" name="testItem[861: YELLOW_TERRACOTTA]" time="0"/>
  <testcase classname="org.bukkit.PerMaterialTest" name="testBlastResistance[861: YELLOW_TERRACOTTA]" time="0"/>
  <testcase classname="org.bukkit.PerMaterialTest" name="isEdible[861: YELLOW_TERRACOTTA]" time="0.001"/>
  <testcase classname="org.bukkit.PerMaterialTest" name="maxDurability[861: YELLOW_TERRACOTTA]" time="0"/>
  <testcase classname="org.bukkit.PerMaterialTest" name="usesDurability[861: YELLOW_TERRACOTTA]" time="0"/>
  <testcase classname="org.bukkit.PerMaterialTest" name="isOccluding[861: YELLOW_TERRACOTTA]" time="0"/>
  <testcase classname="org.bukkit.PerMaterialTest" name="isRecord[861: YELLOW_TERRACOTTA]" time="0"/>
  <testcase classname="org.bukkit.PerMaterialTest" name="isFlammable[861: YELLOW_TERRACOTTA]" time="0"/>
  <testcase classname="org.bukkit.PerMaterialTest" name="testDurability[861: YELLOW_TERRACOTTA]" time="0"/>
  <testcase classname="org.bukkit.PerMaterialTest" name="testBlockHardness[861: YELLOW_TERRACOTTA]" time="0"/>
  <testcase classname="org.bukkit.PerMaterialTest" name="maxStackSize[861: YELLOW_TERRACOTTA]" time="0"/>
  <testcase classname="org.bukkit.PerMaterialTest" name="isTransparent[861: YELLOW_TERRACOTTA]" time="0"/>
  <testcase classname="org.bukkit.PerMaterialTest" name="testBlockDataCreation[861: YELLOW_TERRACOTTA]" time="0"/>
  <testcase classname="org.bukkit.PerMaterialTest" name="isBlock[861: YELLOW_TERRACOTTA]" time="0"/>
  <testcase classname="org.bukkit.PerMaterialTest" name="isSolid[861: YELLOW_TERRACOTTA]" time="0"/>
  <testcase classname="org.bukkit.PerMaterialTest" name="hasGravity[862: YELLOW_WALL_BANNER]" time="0"/>
  <testcase classname="org.bukkit.PerMaterialTest" name="isBurnable[862: YELLOW_WALL_BANNER]" time="0.001"/>
  <testcase classname="org.bukkit.PerMaterialTest" name="testInteractable[862: YELLOW_WALL_BANNER]" time="0"/>
  <testcase classname="org.bukkit.PerMaterialTest" name="testBlock[862: YELLOW_WALL_BANNER]" time="0"/>
  <testcase classname="org.bukkit.PerMaterialTest" name="isFuel[862: YELLOW_WALL_BANNER]" time="0"/>
  <testcase classname="org.bukkit.PerMaterialTest" name="testItem[862: YELLOW_WALL_BANNER]" time="0"/>
  <testcase classname="org.bukkit.PerMaterialTest" name="testBlastResistance[862: YELLOW_WALL_BANNER]" time="0"/>
  <testcase classname="org.bukkit.PerMaterialTest" name="isEdible[862: YELLOW_WALL_BANNER]" time="0"/>
  <testcase classname="org.bukkit.PerMaterialTest" name="maxDurability[862: YELLOW_WALL_BANNER]" time="0"/>
  <testcase classname="org.bukkit.PerMaterialTest" name="usesDurability[862: YELLOW_WALL_BANNER]" time="0"/>
  <testcase classname="org.bukkit.PerMaterialTest" name="isOccluding[862: YELLOW_WALL_BANNER]" time="0"/>
  <testcase classname="org.bukkit.PerMaterialTest" name="isRecord[862: YELLOW_WALL_BANNER]" time="0"/>
  <testcase classname="org.bukkit.PerMaterialTest" name="isFlammable[862: YELLOW_WALL_BANNER]" time="0"/>
  <testcase classname="org.bukkit.PerMaterialTest" name="testDurability[862: YELLOW_WALL_BANNER]" time="0"/>
  <testcase classname="org.bukkit.PerMaterialTest" name="testBlockHardness[862: YELLOW_WALL_BANNER]" time="0"/>
  <testcase classname="org.bukkit.PerMaterialTest" name="maxStackSize[862: YELLOW_WALL_BANNER]" time="0"/>
  <testcase classname="org.bukkit.PerMaterialTest" name="isTransparent[862: YELLOW_WALL_BANNER]" time="0"/>
  <testcase classname="org.bukkit.PerMaterialTest" name="testBlockDataCreation[862: YELLOW_WALL_BANNER]" time="0"/>
  <testcase classname="org.bukkit.PerMaterialTest" name="isBlock[862: YELLOW_WALL_BANNER]" time="0"/>
  <testcase classname="org.bukkit.PerMaterialTest" name="isSolid[862: YELLOW_WALL_BANNER]" time="0"/>
  <testcase classname="org.bukkit.PerMaterialTest" name="hasGravity[863: YELLOW_WOOL]" time="0"/>
  <testcase classname="org.bukkit.PerMaterialTest" name="isBurnable[863: YELLOW_WOOL]" time="0"/>
  <testcase classname="org.bukkit.PerMaterialTest" name="testInteractable[863: YELLOW_WOOL]" time="0"/>
  <testcase classname="org.bukkit.PerMaterialTest" name="testBlock[863: YELLOW_WOOL]" time="0"/>
  <testcase classname="org.bukkit.PerMaterialTest" name="isFuel[863: YELLOW_WOOL]" time="0"/>
  <testcase classname="org.bukkit.PerMaterialTest" name="testItem[863: YELLOW_WOOL]" time="0"/>
  <testcase classname="org.bukkit.PerMaterialTest" name="testBlastResistance[863: YELLOW_WOOL]" time="0"/>
  <testcase classname="org.bukkit.PerMaterialTest" name="isEdible[863: YELLOW_WOOL]" time="0"/>
  <testcase classname="org.bukkit.PerMaterialTest" name="maxDurability[863: YELLOW_WOOL]" time="0"/>
  <testcase classname="org.bukkit.PerMaterialTest" name="usesDurability[863: YELLOW_WOOL]" time="0"/>
  <testcase classname="org.bukkit.PerMaterialTest" name="isOccluding[863: YELLOW_WOOL]" time="0"/>
  <testcase classname="org.bukkit.PerMaterialTest" name="isRecord[863: YELLOW_WOOL]" time="0"/>
  <testcase classname="org.bukkit.PerMaterialTest" name="isFlammable[863: YELLOW_WOOL]" time="0"/>
  <testcase classname="org.bukkit.PerMaterialTest" name="testDurability[863: YELLOW_WOOL]" time="0"/>
  <testcase classname="org.bukkit.PerMaterialTest" name="testBlockHardness[863: YELLOW_WOOL]" time="0"/>
  <testcase classname="org.bukkit.PerMaterialTest" name="maxStackSize[863: YELLOW_WOOL]" time="0.001"/>
  <testcase classname="org.bukkit.PerMaterialTest" name="isTransparent[863: YELLOW_WOOL]" time="0"/>
  <testcase classname="org.bukkit.PerMaterialTest" name="testBlockDataCreation[863: YELLOW_WOOL]" time="0"/>
  <testcase classname="org.bukkit.PerMaterialTest" name="isBlock[863: YELLOW_WOOL]" time="0"/>
  <testcase classname="org.bukkit.PerMaterialTest" name="isSolid[863: YELLOW_WOOL]" time="0"/>
  <testcase classname="org.bukkit.PerMaterialTest" name="hasGravity[864: ZOMBIE_HEAD]" time="0"/>
  <testcase classname="org.bukkit.PerMaterialTest" name="isBurnable[864: ZOMBIE_HEAD]" time="0"/>
  <testcase classname="org.bukkit.PerMaterialTest" name="testInteractable[864: ZOMBIE_HEAD]" time="0.001"/>
  <testcase classname="org.bukkit.PerMaterialTest" name="testBlock[864: ZOMBIE_HEAD]" time="0"/>
  <testcase classname="org.bukkit.PerMaterialTest" name="isFuel[864: ZOMBIE_HEAD]" time="0"/>
  <testcase classname="org.bukkit.PerMaterialTest" name="testItem[864: ZOMBIE_HEAD]" time="0"/>
  <testcase classname="org.bukkit.PerMaterialTest" name="testBlastResistance[864: ZOMBIE_HEAD]" time="0"/>
  <testcase classname="org.bukkit.PerMaterialTest" name="isEdible[864: ZOMBIE_HEAD]" time="0"/>
  <testcase classname="org.bukkit.PerMaterialTest" name="maxDurability[864: ZOMBIE_HEAD]" time="0.001"/>
  <testcase classname="org.bukkit.PerMaterialTest" name="usesDurability[864: ZOMBIE_HEAD]" time="0"/>
  <testcase classname="org.bukkit.PerMaterialTest" name="isOccluding[864: ZOMBIE_HEAD]" time="0"/>
  <testcase classname="org.bukkit.PerMaterialTest" name="isRecord[864: ZOMBIE_HEAD]" time="0"/>
  <testcase classname="org.bukkit.PerMaterialTest" name="isFlammable[864: ZOMBIE_HEAD]" time="0"/>
  <testcase classname="org.bukkit.PerMaterialTest" name="testDurability[864: ZOMBIE_HEAD]" time="0"/>
  <testcase classname="org.bukkit.PerMaterialTest" name="testBlockHardness[864: ZOMBIE_HEAD]" time="0"/>
  <testcase classname="org.bukkit.PerMaterialTest" name="maxStackSize[864: ZOMBIE_HEAD]" time="0.001"/>
  <testcase classname="org.bukkit.PerMaterialTest" name="isTransparent[864: ZOMBIE_HEAD]" time="0"/>
  <testcase classname="org.bukkit.PerMaterialTest" name="testBlockDataCreation[864: ZOMBIE_HEAD]" time="0"/>
  <testcase classname="org.bukkit.PerMaterialTest" name="isBlock[864: ZOMBIE_HEAD]" time="0"/>
  <testcase classname="org.bukkit.PerMaterialTest" name="isSolid[864: ZOMBIE_HEAD]" time="0"/>
  <testcase classname="org.bukkit.PerMaterialTest" name="hasGravity[865: ZOMBIE_HORSE_SPAWN_EGG]" time="0"/>
  <testcase classname="org.bukkit.PerMaterialTest" name="isBurnable[865: ZOMBIE_HORSE_SPAWN_EGG]" time="0"/>
  <testcase classname="org.bukkit.PerMaterialTest" name="testInteractable[865: ZOMBIE_HORSE_SPAWN_EGG]" time="0"/>
  <testcase classname="org.bukkit.PerMaterialTest" name="testBlock[865: ZOMBIE_HORSE_SPAWN_EGG]" time="0"/>
  <testcase classname="org.bukkit.PerMaterialTest" name="isFuel[865: ZOMBIE_HORSE_SPAWN_EGG]" time="0"/>
  <testcase classname="org.bukkit.PerMaterialTest" name="testItem[865: ZOMBIE_HORSE_SPAWN_EGG]" time="0"/>
  <testcase classname="org.bukkit.PerMaterialTest" name="testBlastResistance[865: ZOMBIE_HORSE_SPAWN_EGG]" time="0"/>
  <testcase classname="org.bukkit.PerMaterialTest" name="isEdible[865: ZOMBIE_HORSE_SPAWN_EGG]" time="0"/>
  <testcase classname="org.bukkit.PerMaterialTest" name="maxDurability[865: ZOMBIE_HORSE_SPAWN_EGG]" time="0"/>
  <testcase classname="org.bukkit.PerMaterialTest" name="usesDurability[865: ZOMBIE_HORSE_SPAWN_EGG]" time="0"/>
  <testcase classname="org.bukkit.PerMaterialTest" name="isOccluding[865: ZOMBIE_HORSE_SPAWN_EGG]" time="0"/>
  <testcase classname="org.bukkit.PerMaterialTest" name="isRecord[865: ZOMBIE_HORSE_SPAWN_EGG]" time="0"/>
  <testcase classname="org.bukkit.PerMaterialTest" name="isFlammable[865: ZOMBIE_HORSE_SPAWN_EGG]" time="0"/>
  <testcase classname="org.bukkit.PerMaterialTest" name="testDurability[865: ZOMBIE_HORSE_SPAWN_EGG]" time="0"/>
  <testcase classname="org.bukkit.PerMaterialTest" name="testBlockHardness[865: ZOMBIE_HORSE_SPAWN_EGG]" time="0"/>
  <testcase classname="org.bukkit.PerMaterialTest" name="maxStackSize[865: ZOMBIE_HORSE_SPAWN_EGG]" time="0"/>
  <testcase classname="org.bukkit.PerMaterialTest" name="isTransparent[865: ZOMBIE_HORSE_SPAWN_EGG]" time="0"/>
  <testcase classname="org.bukkit.PerMaterialTest" name="testBlockDataCreation[865: ZOMBIE_HORSE_SPAWN_EGG]" time="0"/>
  <testcase classname="org.bukkit.PerMaterialTest" name="isBlock[865: ZOMBIE_HORSE_SPAWN_EGG]" time="0"/>
  <testcase classname="org.bukkit.PerMaterialTest" name="isSolid[865: ZOMBIE_HORSE_SPAWN_EGG]" time="0"/>
  <testcase classname="org.bukkit.PerMaterialTest" name="hasGravity[866: ZOMBIE_PIGMAN_SPAWN_EGG]" time="0"/>
  <testcase classname="org.bukkit.PerMaterialTest" name="isBurnable[866: ZOMBIE_PIGMAN_SPAWN_EGG]" time="0"/>
  <testcase classname="org.bukkit.PerMaterialTest" name="testInteractable[866: ZOMBIE_PIGMAN_SPAWN_EGG]" time="0"/>
  <testcase classname="org.bukkit.PerMaterialTest" name="testBlock[866: ZOMBIE_PIGMAN_SPAWN_EGG]" time="0"/>
  <testcase classname="org.bukkit.PerMaterialTest" name="isFuel[866: ZOMBIE_PIGMAN_SPAWN_EGG]" time="0"/>
  <testcase classname="org.bukkit.PerMaterialTest" name="testItem[866: ZOMBIE_PIGMAN_SPAWN_EGG]" time="0"/>
  <testcase classname="org.bukkit.PerMaterialTest" name="testBlastResistance[866: ZOMBIE_PIGMAN_SPAWN_EGG]" time="0"/>
  <testcase classname="org.bukkit.PerMaterialTest" name="isEdible[866: ZOMBIE_PIGMAN_SPAWN_EGG]" time="0"/>
  <testcase classname="org.bukkit.PerMaterialTest" name="maxDurability[866: ZOMBIE_PIGMAN_SPAWN_EGG]" time="0"/>
  <testcase classname="org.bukkit.PerMaterialTest" name="usesDurability[866: ZOMBIE_PIGMAN_SPAWN_EGG]" time="0.001"/>
  <testcase classname="org.bukkit.PerMaterialTest" name="isOccluding[866: ZOMBIE_PIGMAN_SPAWN_EGG]" time="0"/>
  <testcase classname="org.bukkit.PerMaterialTest" name="isRecord[866: ZOMBIE_PIGMAN_SPAWN_EGG]" time="0"/>
  <testcase classname="org.bukkit.PerMaterialTest" name="isFlammable[866: ZOMBIE_PIGMAN_SPAWN_EGG]" time="0"/>
  <testcase classname="org.bukkit.PerMaterialTest" name="testDurability[866: ZOMBIE_PIGMAN_SPAWN_EGG]" time="0"/>
  <testcase classname="org.bukkit.PerMaterialTest" name="testBlockHardness[866: ZOMBIE_PIGMAN_SPAWN_EGG]" time="0"/>
  <testcase classname="org.bukkit.PerMaterialTest" name="maxStackSize[866: ZOMBIE_PIGMAN_SPAWN_EGG]" time="0"/>
  <testcase classname="org.bukkit.PerMaterialTest" name="isTransparent[866: ZOMBIE_PIGMAN_SPAWN_EGG]" time="0"/>
  <testcase classname="org.bukkit.PerMaterialTest" name="testBlockDataCreation[866: ZOMBIE_PIGMAN_SPAWN_EGG]" time="0"/>
  <testcase classname="org.bukkit.PerMaterialTest" name="isBlock[866: ZOMBIE_PIGMAN_SPAWN_EGG]" time="0"/>
  <testcase classname="org.bukkit.PerMaterialTest" name="isSolid[866: ZOMBIE_PIGMAN_SPAWN_EGG]" time="0"/>
  <testcase classname="org.bukkit.PerMaterialTest" name="hasGravity[867: ZOMBIE_SPAWN_EGG]" time="0"/>
  <testcase classname="org.bukkit.PerMaterialTest" name="isBurnable[867: ZOMBIE_SPAWN_EGG]" time="0"/>
  <testcase classname="org.bukkit.PerMaterialTest" name="testInteractable[867: ZOMBIE_SPAWN_EGG]" time="0"/>
  <testcase classname="org.bukkit.PerMaterialTest" name="testBlock[867: ZOMBIE_SPAWN_EGG]" time="0"/>
  <testcase classname="org.bukkit.PerMaterialTest" name="isFuel[867: ZOMBIE_SPAWN_EGG]" time="0.001"/>
  <testcase classname="org.bukkit.PerMaterialTest" name="testItem[867: ZOMBIE_SPAWN_EGG]" time="0"/>
  <testcase classname="org.bukkit.PerMaterialTest" name="testBlastResistance[867: ZOMBIE_SPAWN_EGG]" time="0"/>
  <testcase classname="org.bukkit.PerMaterialTest" name="isEdible[867: ZOMBIE_SPAWN_EGG]" time="0"/>
  <testcase classname="org.bukkit.PerMaterialTest" name="maxDurability[867: ZOMBIE_SPAWN_EGG]" time="0"/>
  <testcase classname="org.bukkit.PerMaterialTest" name="usesDurability[867: ZOMBIE_SPAWN_EGG]" time="0"/>
  <testcase classname="org.bukkit.PerMaterialTest" name="isOccluding[867: ZOMBIE_SPAWN_EGG]" time="0"/>
  <testcase classname="org.bukkit.PerMaterialTest" name="isRecord[867: ZOMBIE_SPAWN_EGG]" time="0"/>
  <testcase classname="org.bukkit.PerMaterialTest" name="isFlammable[867: ZOMBIE_SPAWN_EGG]" time="0"/>
  <testcase classname="org.bukkit.PerMaterialTest" name="testDurability[867: ZOMBIE_SPAWN_EGG]" time="0"/>
  <testcase classname="org.bukkit.PerMaterialTest" name="testBlockHardness[867: ZOMBIE_SPAWN_EGG]" time="0"/>
  <testcase classname="org.bukkit.PerMaterialTest" name="maxStackSize[867: ZOMBIE_SPAWN_EGG]" time="0"/>
  <testcase classname="org.bukkit.PerMaterialTest" name="isTransparent[867: ZOMBIE_SPAWN_EGG]" time="0"/>
  <testcase classname="org.bukkit.PerMaterialTest" name="testBlockDataCreation[867: ZOMBIE_SPAWN_EGG]" time="0"/>
  <testcase classname="org.bukkit.PerMaterialTest" name="isBlock[867: ZOMBIE_SPAWN_EGG]" time="0.001"/>
  <testcase classname="org.bukkit.PerMaterialTest" name="isSolid[867: ZOMBIE_SPAWN_EGG]" time="0"/>
  <testcase classname="org.bukkit.PerMaterialTest" name="hasGravity[868: ZOMBIE_VILLAGER_SPAWN_EGG]" time="0"/>
  <testcase classname="org.bukkit.PerMaterialTest" name="isBurnable[868: ZOMBIE_VILLAGER_SPAWN_EGG]" time="0"/>
  <testcase classname="org.bukkit.PerMaterialTest" name="testInteractable[868: ZOMBIE_VILLAGER_SPAWN_EGG]" time="0"/>
  <testcase classname="org.bukkit.PerMaterialTest" name="testBlock[868: ZOMBIE_VILLAGER_SPAWN_EGG]" time="0"/>
  <testcase classname="org.bukkit.PerMaterialTest" name="isFuel[868: ZOMBIE_VILLAGER_SPAWN_EGG]" time="0.001"/>
  <testcase classname="org.bukkit.PerMaterialTest" name="testItem[868: ZOMBIE_VILLAGER_SPAWN_EGG]" time="0"/>
  <testcase classname="org.bukkit.PerMaterialTest" name="testBlastResistance[868: ZOMBIE_VILLAGER_SPAWN_EGG]" time="0"/>
  <testcase classname="org.bukkit.PerMaterialTest" name="isEdible[868: ZOMBIE_VILLAGER_SPAWN_EGG]" time="0"/>
  <testcase classname="org.bukkit.PerMaterialTest" name="maxDurability[868: ZOMBIE_VILLAGER_SPAWN_EGG]" time="0"/>
  <testcase classname="org.bukkit.PerMaterialTest" name="usesDurability[868: ZOMBIE_VILLAGER_SPAWN_EGG]" time="0"/>
  <testcase classname="org.bukkit.PerMaterialTest" name="isOccluding[868: ZOMBIE_VILLAGER_SPAWN_EGG]" time="0"/>
  <testcase classname="org.bukkit.PerMaterialTest" name="isRecord[868: ZOMBIE_VILLAGER_SPAWN_EGG]" time="0"/>
  <testcase classname="org.bukkit.PerMaterialTest" name="isFlammable[868: ZOMBIE_VILLAGER_SPAWN_EGG]" time="0"/>
  <testcase classname="org.bukkit.PerMaterialTest" name="testDurability[868: ZOMBIE_VILLAGER_SPAWN_EGG]" time="0"/>
  <testcase classname="org.bukkit.PerMaterialTest" name="testBlockHardness[868: ZOMBIE_VILLAGER_SPAWN_EGG]" time="0"/>
  <testcase classname="org.bukkit.PerMaterialTest" name="maxStackSize[868: ZOMBIE_VILLAGER_SPAWN_EGG]" time="0"/>
  <testcase classname="org.bukkit.PerMaterialTest" name="isTransparent[868: ZOMBIE_VILLAGER_SPAWN_EGG]" time="0"/>
  <testcase classname="org.bukkit.PerMaterialTest" name="testBlockDataCreation[868: ZOMBIE_VILLAGER_SPAWN_EGG]" time="0"/>
  <testcase classname="org.bukkit.PerMaterialTest" name="isBlock[868: ZOMBIE_VILLAGER_SPAWN_EGG]" time="0"/>
  <testcase classname="org.bukkit.PerMaterialTest" name="isSolid[868: ZOMBIE_VILLAGER_SPAWN_EGG]" time="0"/>
  <testcase classname="org.bukkit.PerMaterialTest" name="hasGravity[869: ZOMBIE_WALL_HEAD]" time="0"/>
  <testcase classname="org.bukkit.PerMaterialTest" name="isBurnable[869: ZOMBIE_WALL_HEAD]" time="0"/>
  <testcase classname="org.bukkit.PerMaterialTest" name="testInteractable[869: ZOMBIE_WALL_HEAD]" time="0"/>
  <testcase classname="org.bukkit.PerMaterialTest" name="testBlock[869: ZOMBIE_WALL_HEAD]" time="0"/>
  <testcase classname="org.bukkit.PerMaterialTest" name="isFuel[869: ZOMBIE_WALL_HEAD]" time="0.001"/>
  <testcase classname="org.bukkit.PerMaterialTest" name="testItem[869: ZOMBIE_WALL_HEAD]" time="0"/>
  <testcase classname="org.bukkit.PerMaterialTest" name="testBlastResistance[869: ZOMBIE_WALL_HEAD]" time="0"/>
  <testcase classname="org.bukkit.PerMaterialTest" name="isEdible[869: ZOMBIE_WALL_HEAD]" time="0"/>
  <testcase classname="org.bukkit.PerMaterialTest" name="maxDurability[869: ZOMBIE_WALL_HEAD]" time="0"/>
  <testcase classname="org.bukkit.PerMaterialTest" name="usesDurability[869: ZOMBIE_WALL_HEAD]" time="0"/>
  <testcase classname="org.bukkit.PerMaterialTest" name="isOccluding[869: ZOMBIE_WALL_HEAD]" time="0"/>
  <testcase classname="org.bukkit.PerMaterialTest" name="isRecord[869: ZOMBIE_WALL_HEAD]" time="0"/>
  <testcase classname="org.bukkit.PerMaterialTest" name="isFlammable[869: ZOMBIE_WALL_HEAD]" time="0.001"/>
  <testcase classname="org.bukkit.PerMaterialTest" name="testDurability[869: ZOMBIE_WALL_HEAD]" time="0"/>
  <testcase classname="org.bukkit.PerMaterialTest" name="testBlockHardness[869: ZOMBIE_WALL_HEAD]" time="0"/>
  <testcase classname="org.bukkit.PerMaterialTest" name="maxStackSize[869: ZOMBIE_WALL_HEAD]" time="0"/>
  <testcase classname="org.bukkit.PerMaterialTest" name="isTransparent[869: ZOMBIE_WALL_HEAD]" time="0"/>
  <testcase classname="org.bukkit.PerMaterialTest" name="testBlockDataCreation[869: ZOMBIE_WALL_HEAD]" time="0"/>
  <testcase classname="org.bukkit.PerMaterialTest" name="isBlock[869: ZOMBIE_WALL_HEAD]" time="0"/>
  <testcase classname="org.bukkit.PerMaterialTest" name="isSolid[869: ZOMBIE_WALL_HEAD]" time="0"/>
</testsuite>